Mem:         32178        902      31276          0          4         40
Mem:         32178        962      31216          0          4         46
Mem:         32178       1030      31147          0          4         54
Mem:         32178       1083      31095          0          4         58
Mem:         32178       1083      31095          0          4         59
Mem:         32178       1345      30833          0          4         65
Mem:         32178       1552      30625          0          4        112
Mem:         32178       3427      28751          0          5        287
Mem:         32178       5759      26418          0          5        528
Mem:         32178       6907      25271          0          5        738
Mem:         32178       7312      24865          0          5        927
Mem:         32178       7991      24186          0          6       1179
Mem:         32178       8267      23911          0          6       1431
Mem:         32178       8516      23661          0          6       1667
Mem:         32178       8830      23348          0          6       1889
Mem:         32178       9086      23091          0          7       2135
Mem:         32178       9358      22819          0          7       2396
Mem:         32178       9651      22526          0          7       2654
Mem:         32178       9871      22307          0          7       2865
Mem:         32178      10212      21966          0          8       3087
Mem:         32178      10449      21728          0          8       3315
Mem:         32178      10697      21480          0          8       3554
Mem:         32178      11551      20627          0          8       3745
Mem:         32178      12536      19642          0          9       3950
Mem:         32178      12715      19462          0          9       4119
Mem:         32178      12923      19254          0          9       4317
Mem:         32178      13130      19048          0          9       4508
Mem:         32178      13410      18768          0          9       4693
Mem:         32178      13621      18556          0         10       4895
Mem:         32178      13808      18370          0         10       5074
Mem:         32178      13984      18194          0         10       5244
Mem:         32178      14175      18003          0         10       5428
Mem:         32178      14353      17824          0         10       5576
Mem:         32178      14523      17655          0         10       5741
Mem:         32178      14727      17450          0         11       5937
Mem:         32178      14926      17251          0         11       6129
Mem:         32178      15117      17061          0         11       6312
Mem:         32178      15351      16827          0         11       6522
Mem:         32178      15569      16609          0         11       6729
Mem:         32178      15771      16406          0         12       6926
Mem:         32178      15986      16191          0         12       7124
Mem:         32178      16175      16003          0         12       7306
Mem:         32178      16358      15819          0         12       7482
Mem:         32178      16475      15703          0         12       7594
Mem:         32178      16615      15562          0         12       7729
Mem:         32178      16774      15404          0         13       7879
Mem:         32178      16929      15248          0         13       8028
Mem:         32178      17064      15113          0         13       8157
Mem:         32178      17200      14978          0         13       8288
Mem:         32178      17364      14814          0         13       8446
Mem:         32178      17568      14609          0         13       8636
Mem:         32178      17753      14425          0         14       8813
Mem:         32178      17937      14241          0         14       8991
Mem:         32178      18108      14070          0         14       9156
Mem:         32178      18257      13921          0         14       9290
Mem:         32178      18404      13774          0         14       9431
Mem:         32178      18542      13636          0         14       9565
Mem:         32178      18708      13469          0         15       9725
Mem:         32178      18875      13303          0         15       9883
Mem:         32178      19009      13169          0         15      10012
Mem:         32178      19143      13035          0         15      10137
Mem:         32178      19294      12883          0         15      10282
Mem:         32178      19413      12764          0         15      10397
Mem:         32178      19550      12627          0         15      10530
Mem:         32178      19688      12490          0         16      10658
Mem:         32178      19784      12394          0         16      10749
Mem:         32178      19899      12278          0         16      10859
Mem:         32178      20000      12177          0         16      10957
Mem:         32178      20126      12052          0         16      11078
Mem:         32178      20180      11998          0         16      11168
Mem:         32178      20351      11827          0         16      11326
Mem:         32178      20567      11611          0         17      11542
Mem:         32178      20804      11373          0         17      11772
Mem:         32178      20973      11205          0         17      11938
Mem:         32178      21128      11049          0         17      12089
Mem:         32178      21304      10873          0         17      12249
Mem:         32178      21458      10720          0         17      12395
Mem:         32178      21603      10574          0         18      12537
Mem:         32178      21774      10403          0         18      12700
Mem:         32178      21965      10213          0         18      12883
Mem:         32178      22186       9992          0         18      13089
Mem:         32178      22381       9797          0         18      13278
Mem:         32178      22571       9606          0         18      13463
Mem:         32178      22756       9422          0         19      13634
Mem:         32178      22964       9213          0         19      13834
Mem:         32178      23186       8992          0         19      14049
Mem:         32178      23392       8785          0         19      14246
Mem:         32178      23590       8587          0         19      14428
Mem:         32178      23740       8437          0         20      14573
Mem:         32178      23860       8317          0         20      14690
Mem:         32178      23963       8215          0         20      14789
Mem:         32178      24082       8095          0         20      14904
Mem:         32178      24243       7934          0         20      15056
Mem:         32178      24400       7778          0         20      15206
Mem:         32178      24559       7618          0         20      15361
Mem:         32178      24697       7480          0         21      15494
Mem:         32178      24879       7299          0         21      15668
Mem:         32178      25108       7070          0         21      15871
Mem:         32178      25302       6875          0         21      16059
Mem:         32178      25573       6604          0         22      16321
Mem:         32178      25815       6363          0         22      16543
Mem:         32178      26031       6146          0         22      16751
Mem:         32178      26269       5908          0         22      16981
Mem:         32178      26521       5657          0         22      17215
Mem:         32178      26652       5526          0         23      17345
Mem:         32178      26679       5498          0         23      17372
Mem:         32178      26735       5443          0         23      17425
Mem:         32178      26801       5377          0         23      17483
Mem:         32178      26906       5272          0         23      17584
Mem:         32178      26996       5182          0         23      17671
Mem:         32178      27144       5033          0         23      17811
Mem:         32178      27256       4922          0         23      17918
Mem:         32178      27300       4878          0         23      17960
Mem:         32178      27370       4808          0         23      18030
Mem:         32178      27448       4729          0         24      18104
Mem:         32178      27547       4630          0         24      18196
Mem:         32178      27615       4563          0         24      18263
Mem:         32178      27688       4490          0         24      18333
Mem:         32178      27768       4409          0         24      18412
Mem:         32178      27846       4331          0         24      18487
Mem:         32178      27937       4241          0         24      18573
Mem:         32178      28060       4117          0         24      18667
Mem:         32178      28155       4023          0         24      18756
Mem:         32178      28247       3931          0         25      18844
Mem:         32178      28368       3809          0         25      18962
Mem:         32178      28432       3746          0         25      19024
Mem:         32178      28509       3669          0         25      19097
Mem:         32178      28566       3612          0         25      19152
Mem:         32178      28656       3522          0         25      19232
Mem:         32178      28739       3439          0         25      19313
Mem:         32178      28783       3394          0         25      19358
Mem:         32178      28788       3390          0         25      19363
Mem:         32178      28844       3333          0         25      19413
Mem:         32178      28922       3255          0         25      19491
Mem:         32178      29065       3112          0         26      19627
Mem:         32178      29170       3007          0         26      19725
Mem:         32178      29277       2900          0         26      19830
Mem:         32178      29426       2751          0         26      19948
Mem:         32178      29486       2691          0         26      20005
Mem:         32178      29556       2622          0         26      20073
Mem:         32178      29643       2534          0         26      20158
Mem:         32178      29687       2490          0         26      20204
Mem:         32178      29786       2391          0         27      20297
Mem:         32178      29884       2294          0         27      20391
Mem:         32178      29956       2222          0         27      20459
Mem:         32178      30059       2118          0         27      20558
Mem:         32178      30181       1997          0         27      20671
Mem:         32178      30295       1882          0         27      20781
Mem:         32178      30384       1793          0         27      20866
Mem:         32178      30509       1668          0         27      20985
Mem:         32178      30575       1602          0         27      21049
Mem:         32178      30687       1491          0         28      21155
Mem:         32178      30761       1416          0         28      21226
Mem:         32178      30856       1322          0         28      21317
Mem:         32178      30935       1242          0         28      21381
Mem:         32178      31001       1176          0         28      21444
Mem:         32178      31074       1103          0         28      21513
Mem:         32178      31174       1003          0         28      21612
Mem:         32178      31264        914          0         28      21697
Mem:         32178      31308        869          0         28      21797
Mem:         32178      31361        817          0         29      21846
Mem:         32178      31412        765          0         29      21895
Mem:         32178      31465        712          0         29      21949
Mem:         32178      31523        655          0         29      22005
Mem:         32178      31597        581          0         29      22072
Mem:         32178      31679        498          0         29      22151
Mem:         32178      31741        437          0         29      22211
Mem:         32178      31828        350          0         29      22298
Mem:         32178      31910        267          0         29      22378
Mem:         32178      31952        225          0         29      22423
Mem:         32178      31988        190          0         29      22460
Mem:         32178      32025        152          0         29      22490
Mem:         32178      32022        155          0         29      22488
Mem:         32178      32016        162          0         29      22480
Mem:         32178      32019        158          0         29      22485
Mem:         32178      32018        160          0         29      22480
Mem:         32178      32019        158          0         29      22481
Mem:         32178      32018        159          0         29      22479
Mem:         32178      32018        159          0         29      22480
Mem:         32178      32022        156          0         29      22484
Mem:         32178      32019        159          0         29      22482
Mem:         32178      32022        155          0         29      22485
Mem:         32178      32021        156          0         29      22484
Mem:         32178      32022        156          0         30      22486
Mem:         32178      32018        160          0         30      22474
Mem:         32178      32020        157          0         30      22477
Mem:         32178      32018        159          0         30      22474
Mem:         32178      32020        158          0         30      22477
Mem:         32178      32024        154          0         30      22480
Mem:         32178      32025        153          0         30      22480
Mem:         32178      32025        153          0         30      22477
Mem:         32178      32023        154          0         30      22476
Mem:         32178      32023        155          0         30      22475
Mem:         32178      32019        159          0         31      22468
Mem:         32178      32025        153          0         31      22475
Mem:         32178      32021        157          0         31      22471
Mem:         32178      32022        156          0         31      22471
Mem:         32178      32021        157          0         31      22469
Mem:         32178      32018        160          0         31      22464
Mem:         32178      32024        154          0         31      22467
Mem:         32178      32025        153          0         31      22466
Mem:         32178      32023        154          0         31      22463
Mem:         32178      32019        158          0         31      22455
Mem:         32178      32025        153          0         31      22459
Mem:         32178      32017        161          0         32      22434
Mem:         32178      32021        156          0         32      22438
Mem:         32178      32023        154          0         32      22438
Mem:         32178      32021        156          0         32      22432
Mem:         32178      32025        153          0         32      22438
Mem:         32178      32022        155          0         32      22430
Mem:         32178      32023        155          0         32      22431
Mem:         32178      32023        154          0         32      22432
Mem:         32178      32019        158          0         32      22425
Mem:         32178      32018        160          0         32      22420
Mem:         32178      32021        156          0         32      22425
Mem:         32178      32024        154          0         32      22432
Mem:         32178      32019        159          0         33      22422
Mem:         32178      32022        155          0         33      22424
Mem:         32178      32018        160          0         33      22417
Mem:         32178      32018        159          0         33      22415
Mem:         32178      32023        155          0         33      22421
Mem:         32178      32024        153          0         33      22419
Mem:         32178      32023        154          0         33      22421
Mem:         32178      32025        152          0         33      22419
Mem:         32178      32020        158          0         33      22412
Mem:         32178      32023        155          0         33      22412
Mem:         32178      32024        154          0         33      22412
Mem:         32178      32024        153          0         34      22413
Mem:         32178      32023        155          0         34      22410
Mem:         32178      32024        154          0         34      22411
Mem:         32178      32018        160          0         34      22402
Mem:         32178      32022        156          0         34      22404
Mem:         32178      32019        158          0         34      22399
Mem:         32178      32019        159          0         34      22391
Mem:         32178      32024        153          0         34      22395
Mem:         32178      32023        154          0         34      22389
Mem:         32178      32019        158          0         35      22385
Mem:         32178      32025        153          0         35      22383
Mem:         32178      32025        152          0         35      22382
Mem:         32178      32025        153          0         35      22377
Mem:         32178      32023        154          0         35      22365
Mem:         32178      32019        158          0         35      22360
Mem:         32178      32018        159          0         35      22359
Mem:         32178      32020        158          0         35      22358
Mem:         32178      32023        154          0         35      22359
Mem:         32178      32020        157          0         35      22355
Mem:         32178      32019        159          0         36      22342
Mem:         32178      31993        185          0         36      22357
Mem:         32178      32021        156          0         36      22382
Mem:         32178      32021        156          0         36      22381
Mem:         32178      32022        155          0         36      22384
Mem:         32178      32022        156          0         36      22384
Mem:         32178      32023        154          0         36      22384
Mem:         32178      32020        157          0         36      22382
Mem:         32178      32022        156          0         37      22382
Mem:         32178      32023        155          0         37      22381
Mem:         32178      32021        157          0         37      22382
Mem:         32178      32024        153          0         37      22388
Mem:         32178      32023        155          0         37      22386
Mem:         32178      32017        161          0         37      22378
Mem:         32178      32020        158          0         37      22375
Mem:         32178      32023        155          0         37      22375
Mem:         32178      32020        157          0         37      22370
Mem:         32178      32022        155          0         37      22376
Mem:         32178      32016        161          0         37      22370
Mem:         32178      32021        157          0         38      22371
Mem:         32178      32019        159          0         38      22366
Mem:         32178      32020        157          0         38      22365
Mem:         32178      32022        156          0         38      22366
Mem:         32178      32025        153          0         38      22368
Mem:         32178      32020        157          0         38      22366
Mem:         32178      32019        158          0         38      22364
Mem:         32178      32020        158          0         38      22356
Mem:         32178      32021        156          0         38      22360
Mem:         32178      32021        157          0         39      22357
Mem:         32178      32025        153          0         39      22366
Mem:         32178      32025        153          0         39      22364
Mem:         32178      32018        159          0         39      22357
Mem:         32178      32021        156          0         39      22359
Mem:         32178      32020        158          0         39      22356
Mem:         32178      32024        153          0         39      22360
Mem:         32178      32019        159          0         39      22357
Mem:         32178      32022        156          0         39      22359
Mem:         32178      32017        161          0         40      22357
Mem:         32178      32021        157          0         40      22361
Mem:         32178      32019        158          0         40      22346
Mem:         32178      32015        162          0         40      22340
Mem:         32178      32022        156          0         40      22347
Mem:         32178      32021        156          0         40      22345
Mem:         32178      32022        156          0         40      22348
Mem:         32178      32024        154          0         40      22343
Mem:         32178      32024        153          0         40      22342
Mem:         32178      32020        157          0         41      22330
Mem:         32178      32025        152          0         41      22329
Mem:         32178      32019        159          0         41      22317
Mem:         32178      32020        157          0         41      22318
Mem:         32178      32020        157          0         41      22314
Mem:         32178      32020        157          0         41      22308
Mem:         32178      32016        161          0         42      22297
Mem:         32178      32022        155          0         42      22300
Mem:         32178      32024        154          0         42      22299
Mem:         32178      32019        158          0         42      22290
Mem:         32178      32017        160          0         42      22287
Mem:         32178      32024        153          0         42      22287
Mem:         32178      32023        155          0         42      22269
Mem:         32178      32023        155          0         42      22267
Mem:         32178      32021        157          0         43      22262
Mem:         32178      32022        156          0         43      22254
Mem:         32178      32020        157          0         43      22250
Mem:         32178      32025        153          0         43      22252
Mem:         32178      32025        152          0         43      22247
Mem:         32178      32024        153          0         43      22245
Mem:         32178      32021        156          0         43      22242
Mem:         32178      32021        156          0         43      22234
Mem:         32178      32021        157          0         43      22231
Mem:         32178      32020        157          0         43      22230
Mem:         32178      32025        152          0         44      22234
Mem:         32178      32024        153          0         44      22222
Mem:         32178      32018        159          0         44      22215
Mem:         32178      32025        153          0         44      22221
Mem:         32178      32020        158          0         44      22213
Mem:         32178      32021        157          0         43      22217
Mem:         32178      32027        151          0         43      22220
Mem:         32178      32017        161          0         44      22202
Mem:         32178      32024        154          0         44      22207
Mem:         32178      32017        161          0         44      22202
Mem:         32178      32022        156          0         44      22206
Mem:         32178      32015        163          0         44      22200
Mem:         32178      32015        163          0         44      22199
Mem:         32178      32012        166          0         44      22203
Mem:         32178      32024        153          0         44      22221
Mem:         32178      32017        161          0         44      22212
Mem:         32178      32018        159          0         44      22216
Mem:         32178      32022        155          0         44      22216
Mem:         32178      32021        156          0         45      22220
Mem:         32178      32025        153          0         45      22209
Mem:         32178      32025        153          0         45      22210
Mem:         32178      32025        153          0         45      22209
Mem:         32178      32016        162          0         45      22203
Mem:         32178      32018        160          0         45      22202
Mem:         32178      32020        157          0         45      22199
Mem:         32178      32023        155          0         45      22200
Mem:         32178      32020        158          0         45      22200
Mem:         32178      32015        163          0         46      22194
Mem:         32178      32017        160          0         46      22200
Mem:         32178      32024        154          0         46      22204
Mem:         32178      32023        154          0         46      22199
Mem:         32178      32020        157          0         46      22198
Mem:         32178      32015        162          0         46      22193
Mem:         32178      32024        154          0         46      22200
Mem:         32178      32021        157          0         46      22195
Mem:         32178      32024        153          0         46      22203
Mem:         32178      32017        160          0         47      22194
Mem:         32178      32022        156          0         47      22199
Mem:         32178      32015        162          0         47      22185
Mem:         32178      32020        158          0         47      22189
Mem:         32178      32025        153          0         47      22195
Mem:         32178      32023        154          0         47      22194
Mem:         32178      32017        160          0         47      22189
Mem:         32178      32018        160          0         47      22190
Mem:         32178      32020        157          0         47      22184
Mem:         32178      32019        159          0         47      22185
Mem:         32178      32016        161          0         48      22182
Mem:         32178      32017        160          0         48      22184
Mem:         32178      32017        161          0         48      22184
Mem:         32178      32021        157          0         48      22187
Mem:         32178      32019        158          0         48      22188
Mem:         32178      32023        155          0         48      22183
Mem:         32178      32015        163          0         48      22175
Mem:         32178      32025        153          0         48      22187
Mem:         32178      32019        159          0         48      22178
Mem:         32178      32023        155          0         49      22185
Mem:         32178      32019        159          0         49      22177
Mem:         32178      32019        158          0         49      22174
Mem:         32178      32024        153          0         49      22175
Mem:         32178      32017        160          0         49      22168
Mem:         32178      32018        159          0         49      22164
Mem:         32178      32017        161          0         49      22158
Mem:         32178      32017        161          0         50      22156
Mem:         32178      32019        158          0         50      22156
Mem:         32178      32015        162          0         50      22152
Mem:         32178      32025        153          0         50      22163
Mem:         32178      32022        155          0         50      22155
Mem:         32178      32022        155          0         50      22156
Mem:         32178      32017        160          0         50      22144
Mem:         32178      32020        157          0         50      22145
Mem:         32178      32021        156          0         50      22148
Mem:         32178      32026        151          0         51      22149
Mem:         32178      32024        153          0         51      22146
Mem:         32178      32022        156          0         51      22138
Mem:         32178      32021        156          0         51      22138
Mem:         32178      32023        155          0         51      22134
Mem:         32178      32025        153          0         51      22123
Mem:         32178      32022        155          0         51      22120
Mem:         32178      32021        157          0         51      22119
Mem:         32178      32024        154          0         51      22124
Mem:         32178      32019        158          0         51      22117
Mem:         32178      32015        162          0         52      22110
Mem:         32178      32018        160          0         52      22114
Mem:         32178      32016        162          0         52      22114
Mem:         32178      32024        153          0         52      22110
Mem:         32178      32023        154          0         52      22106
Mem:         32178      32017        160          0         52      22100
Mem:         32178      32021        156          0         52      22106
Mem:         32178      32017        160          0         52      22098
Mem:         32178      32017        160          0         52      22098
Mem:         32178      32018        159          0         52      22096
Mem:         32178      32024        153          0         52      22099
Mem:         32178      32025        153          0         52      22100
Mem:         32178      32021        157          0         52      22095
Mem:         32178      32017        160          0         53      22091
Mem:         32178      32022        156          0         53      22093
Mem:         32178      32023        154          0         53      22093
Mem:         32178      32023        154          0         53      22092
Mem:         32178      32024        154          0         53      22093
Mem:         32178      32023        154          0         53      22089
Mem:         32178      32021        156          0         53      22079
Mem:         32178      32018        159          0         53      22075
Mem:         32178      32023        155          0         53      22081
Mem:         32178      32019        158          0         53      22078
Mem:         32178      32025        153          0         53      22081
Mem:         32178      32020        158          0         53      22077
Mem:         32178      32020        157          0         53      22080
Mem:         32178      32024        154          0         54      22106
Mem:         32178      32019        158          0         54      22089
Mem:         32178      32020        157          0         53      22094
Mem:         32178      32025        153          0         53      22099
Mem:         32178      32018        159          0         54      22093
Mem:         32178      32021        156          0         53      22098
Mem:         32178      32023        155          0         54      22099
Mem:         32178      32025        153          0         54      22097
Mem:         32178      32020        157          0         54      22095
Mem:         32178      32019        159          0         54      22092
Mem:         32178      32024        154          0         54      22087
Mem:         32178      32017        160          0         54      22079
Mem:         32178      32018        160          0         54      22077
Mem:         32178      32020        158          0         54      22075
Mem:         32178      32020        158          0         54      22078
Mem:         32178      32019        159          0         54      22078
Mem:         32178      32023        154          0         54      22084
Mem:         32178      32018        159          0         55      22074
Mem:         32178      32023        154          0         55      22081
Mem:         32178      32029        149          0         55      22085
Mem:         32178      32021        157          0         55      22077
Mem:         32178      32030        148          0         55      22088
Mem:         32178      32030        147          0         55      22087
Mem:         32178      32018        160          0         55      22076
Mem:         32178      32019        158          0         55      22078
Mem:         32178      32023        154          0         55      22081
Mem:         32178      32022        155          0         55      22083
Mem:         32178      32017        161          0         56      22077
Mem:         32178      32018        160          0         56      22077
Mem:         32178      32021        156          0         56      22081
Mem:         32178      32018        160          0         56      22077
Mem:         32178      32021        157          0         56      22071
Mem:         32178      32021        156          0         56      22073
Mem:         32178      32022        155          0         56      22073
Mem:         32178      32021        157          0         55      22070
Mem:         32178      32023        155          0         55      22073
Mem:         32178      32025        153          0         55      22076
Mem:         32178      32024        154          0         54      22075
Mem:         32178      32018        159          0         54      22070
Mem:         32178      32024        154          0         54      22079
Mem:         32178      32027        151          0         54      22075
Mem:         32178      32022        156          0         53      22072
Mem:         32178      32027        151          0         53      22075
Mem:         32178      32016        161          0         53      22066
Mem:         32178      32020        157          0         52      22071
Mem:         32178      32020        157          0         52      22069
Mem:         32178      32022        156          0         52      22075
Mem:         32178      32022        156          0         52      22075
Mem:         32178      32022        156          0         52      22071
Mem:         32178      32021        156          0         52      22069
Mem:         32178      32019        159          0         52      22066
Mem:         32178      32020        157          0         52      22068
Mem:         32178      32018        160          0         52      22067
Mem:         32178      32023        155          0         53      22074
Mem:         32178      32019        158          0         53      22070
Mem:         32178      32019        158          0         53      22067
Mem:         32178      32023        154          0         53      22073
Mem:         32178      32023        154          0         53      22072
Mem:         32178      32021        157          0         53      22068
Mem:         32178      32019        159          0         53      22067
Mem:         32178      32017        160          0         53      22064
Mem:         32178      32020        157          0         53      22069
Mem:         32178      32017        160          0         53      22066
Mem:         32178      32023        155          0         53      22071
Mem:         32178      32020        157          0         53      22070
Mem:         32178      32021        156          0         53      22072
Mem:         32178      32024        154          0         53      22074
Mem:         32178      32023        154          0         53      22072
Mem:         32178      32017        160          0         53      22066
Mem:         32178      32021        157          0         54      22061
Mem:         32178      32022        156          0         54      22065
Mem:         32178      32022        155          0         54      22066
Mem:         32178      32025        153          0         54      22067
Mem:         32178      32020        158          0         54      22061
Mem:         32178      32019        159          0         54      22060
Mem:         32178      32021        157          0         54      22058
Mem:         32178      32031        147          0         54      22069
Mem:         32178      32015        163          0         54      22051
Mem:         32178      32029        148          0         54      22061
Mem:         32178      32022        156          0         54      22049
Mem:         32178      32027        150          0         54      22055
Mem:         32178      32017        160          0         55      22041
Mem:         32178      32022        155          0         55      22044
Mem:         32178      32027        150          0         55      22048
Mem:         32178      32016        162          0         55      22036
Mem:         32178      32019        159          0         55      22041
Mem:         32178      32025        153          0         55      22066
Mem:         32178      32029        148          0         55      22073
Mem:         32178      32024        154          0         55      22068
Mem:         32178      32019        159          0         55      22064
Mem:         32178      32025        153          0         55      22068
Mem:         32178      32023        155          0         55      22068
Mem:         32178      32021        156          0         55      22066
Mem:         32178      32019        158          0         55      22061
Mem:         32178      32024        153          0         55      22069
Mem:         32178      32022        156          0         55      22068
Mem:         32178      32019        159          0         55      22065
Mem:         32178      32018        159          0         56      22065
Mem:         32178      32022        155          0         56      22059
Mem:         32178      32031        147          0         56      22068
Mem:         32178      32023        154          0         56      22059
Mem:         32178      32024        154          0         56      22059
Mem:         32178      32022        156          0         56      22060
Mem:         32178      32030        147          0         56      22067
Mem:         32178      32021        156          0         56      22059
Mem:         32178      32019        159          0         56      22057
Mem:         32178      32025        153          0         56      22063
Mem:         32178      32023        154          0         56      22059
Mem:         32178      32026        151          0         56      22064
Mem:         32178      32026        151          0         56      22064
Mem:         32178      32019        158          0         56      22057
Mem:         32178      32019        159          0         56      22057
Mem:         32178      32017        160          0         56      22058
Mem:         32178      32022        156          0         56      22062
Mem:         32178      32029        148          0         56      22072
Mem:         32178      32019        159          0         56      22062
Mem:         32178      32023        154          0         56      22065
Mem:         32178      32025        153          0         56      22066
Mem:         32178      32019        158          0         56      22062
Mem:         32178      32016        161          0         56      22058
Mem:         32178      32021        156          0         56      22063
Mem:         32178      32024        154          0         56      22069
Mem:         32178      32022        156          0         56      22068
Mem:         32178      32019        159          0         56      22066
Mem:         32178      32024        153          0         56      22071
Mem:         32178      32026        152          0         56      22074
Mem:         32178      32027        151          0         56      22077
Mem:         32178      32020        158          0         56      22069
Mem:         32178      32021        156          0         56      22072
Mem:         32178      32021        157          0         56      22071
Mem:         32178      32019        159          0         56      22071
Mem:         32178      32020        158          0         56      22072
Mem:         32178      32020        158          0         56      22073
Mem:         32178      32023        154          0         56      22076
Mem:         32178      32025        152          0         56      22079
Mem:         32178      32025        153          0         56      22079
Mem:         32178      32024        154          0         56      22079
Mem:         32178      32021        156          0         56      22079
Mem:         32178      31959        219          0         57      22103
Mem:         32178      31962        215          0         57      22112
Mem:         32178      31968        210          0         57      22122
Mem:         32178      31976        202          0         57      22134
Mem:         32178      31987        190          0         57      22150
Mem:         32178      31991        186          0         57      22159
Mem:         32178      32004        173          0         57      22175
Mem:         32178      32016        161          0         57      22190
Mem:         32178      32020        158          0         57      22198
Mem:         32178      32020        157          0         57      22204
Mem:         32178      32025        152          0         57      22213
Mem:         32178      32016        161          0         57      22208
Mem:         32178      31933        245          0         57      22218
Mem:         32178      31927        251          0         57      22226
Mem:         32178      31951        227          0         57      22245
Mem:         32178      31970        208          0         57      22259
Mem:         32178      31982        196          0         58      22273
Mem:         32178      32021        157          0         58      22312
Mem:         32178      32021        156          0         58      22312
Mem:         32178      31988        189          0         58      22297
Mem:         32178      31999        179          0         58      22308
Mem:         32178      32009        169          0         58      22320
Mem:         32178      32013        164          0         58      22323
Mem:         32178      32025        152          0         58      22335
Mem:         32178      32025        153          0         58      22337
Mem:         32178      32019        158          0         58      22331
Mem:         32178      32018        159          0         58      22333
Mem:         32178      32020        157          0         58      22336
Mem:         32178      32023        155          0         58      22339
Mem:         32178      32018        159          0         58      22340
Mem:         32178      32019        158          0         58      22341
Mem:         32178      32019        159          0         58      22347
Mem:         32178      32022        155          0         58      22350
Mem:         32178      32025        153          0         58      22353
Mem:         32178      32024        154          0         58      22355
Mem:         32178      32018        160          0         58      22349
Mem:         32178      32019        159          0         58      22354
Mem:         32178      32021        156          0         58      22357
Mem:         32178      32024        153          0         58      22361
Mem:         32178      32023        155          0         58      22364
Mem:         32178      32022        155          0         58      22364
Mem:         32178      32017        160          0         58      22364
Mem:         32178      32017        161          0         58      22364
Mem:         32178      32017        160          0         58      22364
Mem:         32178      32017        160          0         58      22364
Mem:         32178      32016        161          0         58      22364
Mem:         32178      32018        160          0         58      22364
Mem:         32178      32017        160          0         58      22364
Mem:         32178      32016        161          0         58      22364
Mem:         32178      32023        155          0         58      22364
Mem:         32178      32023        154          0         58      22364
Mem:         32178      32020        158          0         58      22364
Mem:         32178      32020        158          0         58      22364
Mem:         32178      32019        158          0         58      22364
Mem:         32178      32019        159          0         58      22364
Mem:         32178      32018        159          0         58      22364
Mem:         32178      32016        162          0         58      22364
Mem:         32178      32015        162          0         58      22364
Mem:         32178      32015        162          0         58      22364
Mem:         32178      32016        161          0         58      22365
Mem:         32178      32017        161          0         58      22365
Mem:         32178      32017        161          0         58      22365
Mem:         32178      32016        161          0         58      22365
Mem:         32178      32016        162          0         58      22365
Mem:         32178      32018        160          0         58      22365
Mem:         32178      32018        160          0         58      22365
Mem:         32178      32023        154          0         58      22365
Mem:         32178      32024        154          0         58      22365
Mem:         32178      32024        154          0         58      22365
Mem:         32178      32020        157          0         58      22365
Mem:         32178      23739       8439          0         58      22365
