Mem:         32104       1525      30579          0          3         72
Mem:         32104       1590      30514          0          3         87
Mem:         32104       1690      30414          0          3        104
Mem:         32104       1830      30274          0          3        118
Mem:         32104       1876      30228          0          3        122
Mem:         32104       3307      28797          0          3        169
Mem:         32104       7266      24838          0          3        470
Mem:         32104       8329      23775          0          4        779
Mem:         32104       8748      23356          0          4       1088
Mem:         32104       9120      22984          0          4       1413
Mem:         32104       9486      22618          0          5       1719
Mem:         32104      10017      22087          0          5       2006
Mem:         32104      10346      21758          0          5       2336
Mem:         32104      11651      20453          0          6       2654
Mem:         32104      11895      20209          0          6       2893
Mem:         32104      12108      19996          0          6       3029
Mem:         32104      12344      19760          0          6       3262
Mem:         32104      12547      19557          0          6       3464
Mem:         32104      12741      19363          0          7       3647
Mem:         32104      12925      19179          0          7       3832
Mem:         32104      13100      19004          0          7       4003
Mem:         32104      13288      18816          0          7       4185
Mem:         32104      13450      18654          0          7       4349
Mem:         32104      13570      18534          0          7       4468
Mem:         32104      13779      18325          0          8       4655
Mem:         32104      14010      18094          0          8       4887
Mem:         32104      14238      17866          0          8       5115
Mem:         32104      14459      17645          0          8       5332
Mem:         32104      14685      17419          0          9       5556
Mem:         32104      14887      17217          0          9       5759
Mem:         32104      15070      17034          0          9       5920
Mem:         32104      15220      16884          0          9       6069
Mem:         32104      15383      16721          0          9       6232
Mem:         32104      15575      16529          0          9       6422
Mem:         32104      15754      16350          0         10       6600
Mem:         32104      15883      16221          0         10       6728
Mem:         32104      16068      16036          0         10       6883
Mem:         32104      16257      15847          0         10       7070
Mem:         32104      16434      15670          0         10       7247
Mem:         32104      16553      15551          0         10       7367
Mem:         32104      16652      15452          0         11       7462
Mem:         32104      16757      15347          0         11       7567
Mem:         32104      16883      15221          0         11       7692
Mem:         32104      17011      15093          0         11       7822
Mem:         32104      17160      14944          0         11       7968
Mem:         32104      17272      14832          0         11       8082
Mem:         32104      17417      14687          0         11       8176
Mem:         32104      17554      14550          0         11       8312
Mem:         32104      17721      14383          0         12       8480
Mem:         32104      17886      14218          0         12       8645
Mem:         32104      18062      14042          0         12       8820
Mem:         32104      18185      13919          0         12       8944
Mem:         32104      18327      13777          0         12       9085
Mem:         32104      18458      13646          0         12       9215
Mem:         32104      18657      13447          0         13       9416
Mem:         32104      18951      13153          0         13       9668
Mem:         32104      19249      12855          0         13       9964
Mem:         32104      19470      12634          0         13      10184
Mem:         32104      19655      12449          0         13      10361
Mem:         32104      19774      12330          0         14      10481
Mem:         32104      19876      12228          0         14      10582
Mem:         32104      20031      12073          0         14      10737
Mem:         32104      20239      11865          0         14      10895
Mem:         32104      20370      11734          0         14      11026
Mem:         32104      20498      11606          0         14      11155
Mem:         32104      20688      11416          0         14      11343
Mem:         32104      20866      11238          0         15      11516
Mem:         32104      21147      10957          0         15      11796
Mem:         32104      21415      10689          0         15      12064
Mem:         32104      21687      10417          0         15      12303
Mem:         32104      21883      10221          0         16      12499
Mem:         32104      22105       9999          0         16      12719
Mem:         32104      22236       9868          0         16      12847
Mem:         32104      22314       9790          0         16      12926
Mem:         32104      22468       9636          0         16      13081
Mem:         32104      22680       9424          0         17      13290
Mem:         32104      22977       9127          0         17      13533
Mem:         32104      23216       8888          0         17      13769
Mem:         32104      23383       8721          0         17      13938
Mem:         32104      23584       8520          0         17      14126
Mem:         32104      23800       8304          0         18      14345
Mem:         32104      24045       8059          0         18      14565
Mem:         32104      24153       7951          0         18      14677
Mem:         32104      24350       7754          0         18      14872
Mem:         32104      24625       7479          0         18      15145
Mem:         32104      24910       7194          0         19      15421
Mem:         32104      25229       6875          0         19      15741
Mem:         32104      25554       6550          0         19      16043
Mem:         32104      25851       6253          0         20      16339
Mem:         32104      26119       5985          0         20      16608
Mem:         32104      26382       5722          0         20      16855
Mem:         32104      26676       5428          0         20      17149
Mem:         32104      26989       5115          0         21      17451
Mem:         32104      27298       4805          0         21      17761
Mem:         32104      27648       4456          0         21      18088
Mem:         32104      28017       4087          0         22      18441
Mem:         32104      28264       3840          0         22      18688
Mem:         32104      28532       3572          0         22      18954
Mem:         32104      28854       3250          0         23      19272
Mem:         32104      29160       2944          0         23      19576
Mem:         32104      29427       2677          0         23      19824
Mem:         32104      29663       2441          0         23      20054
Mem:         32104      29915       2189          0         24      20293
Mem:         32104      30212       1892          0         24      20590
Mem:         32104      30471       1633          0         24      20849
Mem:         32104      30639       1465          0         24      21001
Mem:         32104      30823       1281          0         24      21185
Mem:         32104      30971       1133          0         25      21335
Mem:         32104      31182        922          0         25      21545
Mem:         32104      31330        774          0         25      21673
Mem:         32104      31521        583          0         25      21864
Mem:         32104      31757        347          0         25      22099
Mem:         32104      31912        192          0         26      22255
Mem:         32104      32007         97          0         25      22327
Mem:         32104      32006         98          0         25      22328
Mem:         32104      32009         95          0         25      22333
Mem:         32104      32007         97          0         26      22325
Mem:         32104      32004        100          0         26      22308
Mem:         32104      32005         99          0         26      22307
Mem:         32104      32002        102          0         26      22303
Mem:         32104      32007         97          0         26      22309
Mem:         32104      32010         94          0         26      22313
Mem:         32104      32009         95          0         26      22311
Mem:         32104      32005         99          0         26      22299
Mem:         32104      32005         99          0         27      22298
Mem:         32104      32009         95          0         27      22301
Mem:         32104      32008         96          0         27      22301
Mem:         32104      32005         99          0         27      22297
Mem:         32104      32004        100          0         27      22269
Mem:         32104      32005         99          0         27      22270
Mem:         32104      32002        102          0         27      22265
Mem:         32104      32002        102          0         27      22266
Mem:         32104      32007         97          0         27      22271
Mem:         32104      32008         96          0         27      22274
Mem:         32104      32006         98          0         27      22274
Mem:         32104      32002        102          0         27      22268
Mem:         32104      32005         99          0         28      22270
Mem:         32104      32008         96          0         28      22265
Mem:         32104      32004        100          0         28      22262
Mem:         32104      32007         97          0         28      22264
Mem:         32104      32003        101          0         28      22260
Mem:         32104      32007         97          0         28      22238
Mem:         32104      32010         94          0         28      22241
Mem:         32104      32008         96          0         28      22239
Mem:         32104      32006         98          0         28      22239
Mem:         32104      32009         95          0         29      22241
Mem:         32104      32006         98          0         29      22229
Mem:         32104      32001        103          0         29      22223
Mem:         32104      32005         99          0         29      22228
Mem:         32104      32005         99          0         29      22227
Mem:         32104      32001        103          0         29      22222
Mem:         32104      32005         99          0         29      22226
Mem:         32104      32003        101          0         29      22189
Mem:         32104      32007         97          0         30      22194
Mem:         32104      32006         98          0         30      22189
Mem:         32104      32005         99          0         30      22189
Mem:         32104      32008         96          0         30      22173
Mem:         32104      32003        101          0         30      22166
Mem:         32104      32001        103          0         30      22162
Mem:         32104      32003        101          0         31      22166
Mem:         32104      32006         98          0         31      22167
Mem:         32104      32002        102          0         31      22150
Mem:         32104      32005         99          0         31      22153
Mem:         32104      32006         98          0         31      22152
Mem:         32104      32009         95          0         31      22158
Mem:         32104      32005         99          0         32      22155
Mem:         32104      31952        152          0         32      22086
Mem:         32104      32005         99          0         32      22142
Mem:         32104      32003        101          0         32      22140
Mem:         32104      32003        101          0         32      22137
Mem:         32104      32002        102          0         33      22123
Mem:         32104      32001        103          0         33      22122
Mem:         32104      32008         96          0         33      22118
Mem:         32104      32005         99          0         33      22112
Mem:         32104      32006         98          0         33      22115
Mem:         32104      32006         98          0         33      22114
Mem:         32104      32003        101          0         34      22097
Mem:         32104      32008         96          0         34      22100
Mem:         32104      32005         99          0         34      22094
Mem:         32104      32004        100          0         34      22081
Mem:         32104      32009         95          0         34      22087
Mem:         32104      32005         99          0         34      22081
Mem:         32104      32007         97          0         35      22082
Mem:         32104      32004        100          0         35      22068
Mem:         32104      32003        101          0         35      22068
Mem:         32104      32008         96          0         35      22054
Mem:         32104      32004        100          0         35      22047
Mem:         32104      32009         95          0         36      22051
Mem:         32104      32004        100          0         36      22047
Mem:         32104      32005         99          0         36      22036
Mem:         32104      32003        101          0         36      22035
Mem:         32104      32008         96          0         36      22039
Mem:         32104      32006         98          0         36      22039
Mem:         32104      32004        100          0         36      22036
Mem:         32104      32009         95          0         36      22041
Mem:         32104      32009         95          0         36      22042
Mem:         32104      32009         95          0         36      22027
Mem:         32104      32009         95          0         37      22028
Mem:         32104      32004        100          0         37      22026
Mem:         32104      32007         97          0         37      22027
Mem:         32104      32007         97          0         37      22027
Mem:         32104      32003        101          0         37      22022
Mem:         32104      32004        100          0         37      22024
Mem:         32104      32004        100          0         37      22026
Mem:         32104      32003        101          0         37      22025
Mem:         32104      32006         98          0         37      22025
Mem:         32104      32002        102          0         37      22020
Mem:         32104      32003        101          0         37      22022
Mem:         32104      32009         95          0         37      22025
Mem:         32104      32008         96          0         37      22027
Mem:         32104      32008         96          0         37      22026
Mem:         32104      31992        112          0         37      22011
Mem:         32104      32007         97          0         37      22029
Mem:         32104      32010         94          0         38      22028
Mem:         32104      32004        100          0         38      22023
Mem:         32104      32005         99          0         38      22001
Mem:         32104      32002        102          0         38      21998
Mem:         32104      32007         97          0         38      22006
Mem:         32104      32009         95          0         38      22005
Mem:         32104      32007         97          0         38      22004
Mem:         32104      32007         97          0         38      22002
Mem:         32104      32006         98          0         38      22004
Mem:         32104      32009         95          0         38      21994
Mem:         32104      32008         96          0         38      21991
Mem:         32104      32005         99          0         38      21992
Mem:         32104      32010         94          0         39      21995
Mem:         32104      32007         97          0         39      21992
Mem:         32104      32005         99          0         39      21989
Mem:         32104      32010         94          0         39      21995
Mem:         32104      32009         95          0         39      21994
Mem:         32104      32007         97          0         39      21992
Mem:         32104      32008         96          0         39      21997
Mem:         32104      32003        101          0         39      21990
Mem:         32104      32010         94          0         39      21998
Mem:         32104      32002        102          0         39      21991
Mem:         32104      32005         99          0         39      21992
Mem:         32104      32008         96          0         39      21991
Mem:         32104      32004        100          0         39      21989
Mem:         32104      32003        101          0         39      21988
Mem:         32104      32006         98          0         39      21990
Mem:         32104      32006         98          0         40      21990
Mem:         32104      32001        102          0         40      21985
Mem:         32104      32007         97          0         40      21990
Mem:         32104      32006         98          0         40      21968
Mem:         32104      32001        103          0         40      21962
Mem:         32104      32005         99          0         40      21967
Mem:         32104      32006         98          0         40      21968
Mem:         32104      32006         98          0         40      21969
Mem:         32104      32009         95          0         40      21971
Mem:         32104      32004        100          0         40      21966
Mem:         32104      32004        100          0         41      21952
Mem:         32104      31972        132          0         41      21917
Mem:         32104      32005         99          0         41      21950
Mem:         32104      32002        102          0         41      21947
Mem:         32104      32001        103          0         42      21945
Mem:         32104      32009         95          0         42      21952
Mem:         32104      32001        103          0         42      21947
Mem:         32104      32010         94          0         43      21952
Mem:         32104      32010         94          0         43      21935
Mem:         32104      31982        122          0         43      21907
Mem:         32104      32006         98          0         44      21930
Mem:         32104      32006         98          0         44      21930
Mem:         32104      32006         98          0         44      21928
Mem:         32104      32010         94          0         44      21930
Mem:         32104      32004        100          0         44      21903
Mem:         32104      32006         98          0         44      21907
Mem:         32104      32004        100          0         44      21907
Mem:         32104      32009         95          0         44      21912
Mem:         32104      32001        103          0         45      21905
Mem:         32104      32005         99          0         45      21909
Mem:         32104      32000        104          0         45      21903
Mem:         32104      32001        103          0         45      21905
Mem:         32104      32006         98          0         45      21903
Mem:         32104      32008         96          0         45      21904
Mem:         32104      32005         99          0         45      21902
Mem:         32104      32007         97          0         45      21904
Mem:         32104      32005         99          0         45      21903
Mem:         32104      32001        103          0         45      21897
Mem:         32104      32001        103          0         45      21897
Mem:         32104      32001        103          0         46      21898
Mem:         32104      32002        102          0         46      21898
Mem:         32104      32008         96          0         46      21902
Mem:         32104      32010         94          0         46      21904
Mem:         32104      32006         98          0         46      21896
Mem:         32104      32001        103          0         46      21888
Mem:         32104      32004        100          0         46      21894
Mem:         32104      32006         98          0         46      21894
Mem:         32104      32002        102          0         47      21892
Mem:         32104      32010         94          0         47      21897
Mem:         32104      32004        100          0         47      21870
Mem:         32104      32005         99          0         47      21872
Mem:         32104      32009         95          0         47      21875
Mem:         32104      32001        103          0         47      21867
Mem:         32104      32009         95          0         47      21875
Mem:         32104      32010         94          0         47      21875
Mem:         32104      32004        100          0         47      21871
Mem:         32104      32010         94          0         48      21875
Mem:         32104      32009         95          0         48      21875
Mem:         32104      32004        100          0         48      21869
Mem:         32104      32000        104          0         48      21867
Mem:         32104      32009         95          0         48      21875
Mem:         32104      32006         98          0         48      21865
Mem:         32104      32008         96          0         48      21869
Mem:         32104      32009         95          0         48      21867
Mem:         32104      32002        102          0         48      21862
Mem:         32104      32010         94          0         48      21870
Mem:         32104      32002        102          0         48      21860
Mem:         32104      32007         97          0         48      21865
Mem:         32104      32009         95          0         49      21867
Mem:         32104      32006         98          0         49      21865
Mem:         32104      32004        100          0         49      21862
Mem:         32104      32004        100          0         49      21864
Mem:         32104      32009         95          0         49      21871
Mem:         32104      32007         97          0         49      21870
Mem:         32104      32002        102          0         49      21863
Mem:         32104      32003        101          0         49      21864
Mem:         32104      32000        104          0         49      21860
Mem:         32104      32008         96          0         49      21866
Mem:         32104      32005         99          0         49      21861
Mem:         32104      32003        101          0         49      21861
Mem:         32104      32010         94          0         49      21869
Mem:         32104      32003        101          0         50      21861
Mem:         32104      32002        102          0         50      21837
Mem:         32104      32001        103          0         50      21836
Mem:         32104      32010         94          0         50      21844
Mem:         32104      32002        101          0         50      21837
Mem:         32104      32008         96          0         51      21823
Mem:         32104      32004        100          0         51      21821
Mem:         32104      32005         99          0         51      21826
Mem:         32104      32001        103          0         51      21819
Mem:         32104      32007         97          0         51      21820
Mem:         32104      32003        101          0         51      21793
Mem:         32104      32004        100          0         52      21793
Mem:         32104      32008         96          0         52      21794
Mem:         32104      32010         94          0         52      21799
Mem:         32104      31920        184          0         52      21683
Mem:         32104      32000        104          0         52      21764
Mem:         32104      32004        100          0         52      21765
Mem:         32104      32000        104          0         53      21762
Mem:         32104      32001        103          0         53      21765
Mem:         32104      32003        101          0         53      21751
Mem:         32104      32010         94          0         53      21756
Mem:         32104      32007         97          0         53      21757
Mem:         32104      32006         98          0         53      21753
Mem:         32104      32005         99          0         53      21751
Mem:         32104      32002        102          0         53      21737
Mem:         32104      32003        101          0         54      21733
Mem:         32104      32005         99          0         54      21739
Mem:         32104      32003        101          0         54      21733
Mem:         32104      32004        100          0         54      21710
Mem:         32104      32009         95          0         54      21714
Mem:         32104      32001        103          0         55      21702
Mem:         32104      32007         97          0         55      21709
Mem:         32104      32008         96          0         55      21699
Mem:         32104      32002        102          0         55      21694
Mem:         32104      32008         96          0         55      21697
Mem:         32104      32005         99          0         55      21694
Mem:         32104      32002        101          0         55      21670
Mem:         32104      32010         94          0         56      21677
Mem:         32104      32002        102          0         56      21666
Mem:         32104      32009         95          0         56      21675
Mem:         32104      32009         95          0         56      21673
Mem:         32104      32002        102          0         56      21643
Mem:         32104      32002        102          0         56      21646
Mem:         32104      32006         98          0         56      21649
Mem:         32104      32007         97          0         56      21651
Mem:         32104      32003        101          0         57      21645
Mem:         32104      32001        103          0         57      21624
Mem:         32104      32003        101          0         57      21627
Mem:         32104      32006         98          0         57      21630
Mem:         32104      32001        103          0         57      21627
Mem:         32104      32004         99          0         57      21631
Mem:         32104      32010         94          0         57      21632
Mem:         32104      32006         98          0         57      21614
Mem:         32104      32005         99          0         58      21612
Mem:         32104      32001        103          0         58      21607
Mem:         32104      32010         94          0         58      21618
Mem:         32104      32003        101          0         58      21585
Mem:         32104      32001        103          0         58      21584
Mem:         32104      32010         94          0         58      21591
Mem:         32104      31993        111          0         59      21572
Mem:         32104      32009         95          0         59      21576
Mem:         32104      32004        100          0         59      21570
Mem:         32104      32003        101          0         59      21568
Mem:         32104      32009         95          0         59      21573
Mem:         32104      32003        101          0         59      21565
Mem:         32104      32003        101          0         60      21552
Mem:         32104      32001        103          0         60      21552
Mem:         32104      32009         95          0         60      21559
Mem:         32104      32001        103          0         60      21551
Mem:         32104      32005         99          0         60      21537
Mem:         32104      32005         99          0         60      21537
Mem:         32104      32008         96          0         61      21539
Mem:         32104      32002        102          0         61      21512
Mem:         32104      32009         95          0         61      21517
Mem:         32104      32007         97          0         61      21516
Mem:         32104      32004        100          0         61      21507
Mem:         32104      32010         94          0         62      21510
Mem:         32104      32009         95          0         62      21510
Mem:         32104      32007         97          0         62      21489
Mem:         32104      32003        101          0         62      21488
Mem:         32104      32009         95          0         62      21494
Mem:         32104      32010         94          0         62      21495
Mem:         32104      32000        104          0         63      21468
Mem:         32104      32002        102          0         63      21469
Mem:         32104      32005         99          0         63      21456
Mem:         32104      32005         99          0         63      21457
Mem:         32104      32001        103          0         63      21453
Mem:         32104      32008         96          0         63      21459
Mem:         32104      32010         94          0         64      21450
Mem:         32104      32010         94          0         64      21449
Mem:         32104      32003        101          0         64      21427
Mem:         32104      32002        102          0         64      21424
Mem:         32104      32005         99          0         64      21427
Mem:         32104      32007         97          0         64      21429
Mem:         32104      32010         94          0         64      21418
Mem:         32104      32001        103          0         64      21410
Mem:         32104      32005         99          0         64      21416
Mem:         32104      32005         99          0         64      21414
Mem:         32104      32001        102          0         64      21413
Mem:         32104      32003        101          0         64      21390
Mem:         32104      32003        101          0         64      21390
Mem:         32104      32004        100          0         64      21389
Mem:         32104      32002        102          0         65      21390
Mem:         32104      32005         99          0         65      21393
Mem:         32104      32006         98          0         65      21394
Mem:         32104      32005         98          0         65      21390
Mem:         32104      32008         96          0         65      21372
Mem:         32104      32001        103          0         65      21365
Mem:         32104      32007         97          0         65      21370
Mem:         32104      32003        101          0         65      21365
Mem:         32104      32009         95          0         65      21374
Mem:         32104      32002        102          0         65      21366
Mem:         32104      31991        113          0         66      21353
Mem:         32104      32001        103          0         66      21363
Mem:         32104      32002        102          0         66      21355
Mem:         32104      32006         98          0         66      21358
Mem:         32104      32002        102          0         66      21356
Mem:         32104      32006         98          0         66      21359
Mem:         32104      32006         98          0         66      21360
Mem:         32104      32005         99          0         66      21360
Mem:         32104      32003        101          0         66      21356
Mem:         32104      32006         98          0         66      21361
Mem:         32104      32010         94          0         66      21365
Mem:         32104      32006         98          0         66      21345
Mem:         32104      32006         98          0         66      21345
Mem:         32104      32003        101          0         66      21343
Mem:         32104      32002        102          0         66      21342
Mem:         32104      32002        102          0         66      21338
Mem:         32104      32004        100          0         67      21340
Mem:         32104      32000        104          0         67      21335
Mem:         32104      32004        100          0         67      21342
Mem:         32104      32009         95          0         67      21349
Mem:         32104      32010         94          0         67      21346
Mem:         32104      32005         99          0         67      21340
Mem:         32104      32007         97          0         67      21344
Mem:         32104      32005         99          0         67      21341
Mem:         32104      32001        103          0         67      21335
Mem:         32104      32004        100          0         67      21341
Mem:         32104      32007         97          0         67      21344
Mem:         32104      32004        100          0         67      21338
Mem:         32104      32009         95          0         68      21347
Mem:         32104      32003        101          0         68      21339
Mem:         32104      32009         95          0         68      21343
Mem:         32104      32009         95          0         68      21336
Mem:         32104      32000        104          0         68      21324
Mem:         32104      32004        100          0         68      21326
Mem:         32104      32006         98          0         68      21329
Mem:         32104      32002        102          0         68      21308
Mem:         32104      32010         94          0         69      21316
Mem:         32104      32003        101          0         69      21308
Mem:         32104      32009         95          0         69      21290
Mem:         32104      32003        101          0         69      21282
Mem:         32104      32010         94          0         69      21291
Mem:         32104      32002        102          0         70      21266
Mem:         32104      32003        101          0         70      21268
Mem:         32104      32008         96          0         70      21273
Mem:         32104      32010         94          0         70      21255
Mem:         32104      32003        101          0         70      21247
Mem:         32104      32007         97          0         71      21253
Mem:         32104      31999        105          0         71      21234
Mem:         32104      32010         94          0         71      21245
Mem:         32104      32008         96          0         71      21243
Mem:         32104      32003        101          0         71      21237
Mem:         32104      32006         98          0         71      21239
Mem:         32104      32008         96          0         71      21224
Mem:         32104      32003        101          0         72      21219
Mem:         32104      32005         99          0         72      21221
Mem:         32104      32002        102          0         72      21219
Mem:         32104      32006         98          0         72      21224
Mem:         32104      32004        100          0         72      21198
Mem:         32104      32009         95          0         72      21204
Mem:         32104      32004        100          0         72      21198
Mem:         32104      32006         98          0         72      21200
Mem:         32104      32001        103          0         72      21194
Mem:         32104      32007         97          0         72      21203
Mem:         32104      32001        103          0         72      21197
Mem:         32104      32010         94          0         72      21207
Mem:         32104      32007         97          0         72      21201
Mem:         32104      31997        107          0         72      21193
Mem:         32104      32007         97          0         73      21204
Mem:         32104      32006         98          0         73      21205
Mem:         32104      32010         94          0         73      21211
Mem:         32104      32008         96          0         73      21205
Mem:         32104      31893        211          0         73      21085
Mem:         32104      31979        125          0         73      21173
Mem:         32104      32007         97          0         73      21202
Mem:         32104      32009         95          0         73      21201
Mem:         32104      32008         96          0         73      21202
Mem:         32104      32006         98          0         73      21201
Mem:         32104      32010         94          0         73      21186
Mem:         32104      32002        102          0         73      21175
Mem:         32104      32004        100          0         73      21178
Mem:         32104      32002        102          0         73      21177
Mem:         32104      32008         96          0         73      21182
Mem:         32104      32007         97          0         74      21178
Mem:         32104      32007         97          0         74      21182
Mem:         32104      32005         99          0         74      21177
Mem:         32104      32006         98          0         74      21163
Mem:         32104      32006         98          0         74      21163
Mem:         32104      32003        101          0         74      21159
Mem:         32104      32004        100          0         74      21160
Mem:         32104      32006         98          0         74      21159
Mem:         32104      32008         96          0         74      21163
Mem:         32104      32007         97          0         74      21165
Mem:         32104      32007         97          0         74      21166
Mem:         32104      32008         96          0         74      21166
Mem:         32104      32008         96          0         74      21167
Mem:         32104      32006         98          0         74      21166
Mem:         32104      32006         98          0         74      21165
Mem:         32104      32010         94          0         74      21170
Mem:         32104      32008         96          0         74      21169
Mem:         32104      32010         94          0         74      21169
Mem:         32104      32006         98          0         74      21167
Mem:         32104      32002        102          0         74      21162
Mem:         32104      32006         98          0         74      21166
Mem:         32104      32003        101          0         74      21165
Mem:         32104      32005         99          0         75      21164
Mem:         32104      32010         94          0         75      21170
Mem:         32104      32005         99          0         75      21165
Mem:         32104      32001        103          0         75      21160
Mem:         32104      32008         96          0         75      21169
Mem:         32104      32007         97          0         75      21168
Mem:         32104      32001        103          0         75      21163
Mem:         32104      32002        102          0         75      21163
Mem:         32104      32003        101          0         75      21164
Mem:         32104      32007         96          0         75      21169
Mem:         32104      32007         97          0         75      21169
Mem:         32104      32010         94          0         75      21170
Mem:         32104      31983        121          0         75      21141
Mem:         32104      31999        105          0         75      21159
Mem:         32104      32002        102          0         75      21162
Mem:         32104      32004        100          0         75      21163
Mem:         32104      32001        103          0         75      21160
Mem:         32104      32002        102          0         75      21162
Mem:         32104      32006         98          0         75      21164
Mem:         32104      32004        100          0         75      21161
Mem:         32104      32001        103          0         75      21157
Mem:         32104      32004        100          0         75      21161
Mem:         32104      32008         96          0         75      21167
Mem:         32104      32009         95          0         75      21167
Mem:         32104      32003        101          0         75      21163
Mem:         32104      32005         99          0         75      21163
Mem:         32104      32002        102          0         76      21160
Mem:         32104      32007         97          0         76      21166
Mem:         32104      32003        101          0         76      21161
Mem:         32104      32008         96          0         76      21166
Mem:         32104      32004        100          0         76      21162
Mem:         32104      32009         95          0         76      21167
Mem:         32104      32000        104          0         76      21158
Mem:         32104      32006         98          0         76      21163
Mem:         32104      32004        100          0         76      21164
Mem:         32104      32008         96          0         76      21167
Mem:         32104      32005         99          0         76      21165
Mem:         32104      32001        103          0         76      21161
Mem:         32104      32006         98          0         76      21164
Mem:         32104      32008         96          0         76      21167
Mem:         32104      32007         97          0         76      21165
Mem:         32104      32004        100          0         76      21164
Mem:         32104      32002        102          0         76      21162
Mem:         32104      32009         95          0         76      21169
Mem:         32104      32009         95          0         76      21169
Mem:         32104      32004        100          0         76      21165
Mem:         32104      32006         98          0         76      21166
Mem:         32104      32010         94          0         76      21169
Mem:         32104      32009         95          0         76      21169
Mem:         32104      32002        102          0         76      21161
Mem:         32104      32006         98          0         76      21164
Mem:         32104      32006         98          0         76      21167
Mem:         32104      31892        212          0         76      21047
Mem:         32104      31903        201          0         76      21059
Mem:         32104      31914        190          0         76      21072
Mem:         32104      31924        180          0         76      21083
Mem:         32104      31935        169          0         76      21094
Mem:         32104      31948        156          0         76      21108
Mem:         32104      31961        143          0         76      21120
Mem:         32104      31974        130          0         76      21136
Mem:         32104      31987        117          0         76      21149
Mem:         32104      31999        105          0         76      21161
Mem:         32104      32002        102          0         76      21164
Mem:         32104      32007         97          0         76      21167
Mem:         32104      32001        103          0         76      21162
Mem:         32104      32009         95          0         76      21169
Mem:         32104      32006         98          0         76      21168
Mem:         32104      32005         99          0         76      21166
Mem:         32104      32003        101          0         76      21163
Mem:         32104      32004        100          0         76      21164
Mem:         32104      32004        100          0         76      21164
Mem:         32104      32006         98          0         76      21166
Mem:         32104      32010         94          0         76      21169
Mem:         32104      32009         95          0         76      21171
Mem:         32104      32007         97          0         76      21169
Mem:         32104      32009         95          0         76      21172
Mem:         32104      32008         96          0         76      21171
Mem:         32104      32000        104          0         76      21164
Mem:         32104      32007         97          0         76      21171
Mem:         32104      32008         96          0         76      21170
Mem:         32104      32009         95          0         76      21171
Mem:         32104      32007         97          0         76      21169
Mem:         32104      32001        103          0         76      21164
Mem:         32104      32001        103          0         76      21166
Mem:         32104      32001        103          0         76      21166
Mem:         32104      32000        104          0         76      21166
Mem:         32104      32000        104          0         76      21166
Mem:         32104      31999        105          0         76      21166
Mem:         32104      31998        106          0         76      21166
Mem:         32104      31998        106          0         76      21165
Mem:         32104      31997        107          0         76      21165
Mem:         32104      31997        107          0         76      21165
Mem:         32104      31996        108          0         76      21165
Mem:         32104      31996        108          0         76      21165
Mem:         32104      31996        108          0         76      21165
