Mem:         32052       1193      30859          0         12         91
Mem:         32052       1226      30826          0         13         97
Mem:         32052       1249      30803          0         13        102
Mem:         32052       1264      30787          0         13        107
Mem:         32052       1278      30774          0         13        110
Mem:         32052       1292      30760          0         14        112
Mem:         32052       1327      30725          0         15        131
Mem:         32052       1379      30672          0         15        169
Mem:         32052       1452      30600          0         16        206
Mem:         32052       1517      30534          0         17        234
Mem:         32052       1610      30442          0         17        280
Mem:         32052       1667      30385          0         18        310
Mem:         32052       1763      30289          0         19        343
Mem:         32052       1837      30215          0         19        377
Mem:         32052       2072      29980          0         20        453
Mem:         32052       2182      29869          0         20        537
Mem:         32052       2296      29755          0         21        620
Mem:         32052       4403      27649          0         21        743
Mem:         32052       6326      25726          0         22        937
Mem:         32052       7636      24415          0         22       1187
Mem:         32052       8356      23696          0         22       1436
Mem:         32052       8627      23425          0         22       1665
Mem:         32052       8985      23067          0         23       1906
Mem:         32052       9253      22799          0         23       2134
Mem:         32052       9521      22531          0         23       2401
Mem:         32052       9881      22170          0         24       2617
Mem:         32052      10115      21937          0         24       2850
Mem:         32052      11359      20693          0         24       3117
Mem:         32052      12026      20026          0         25       3336
Mem:         32052      12296      19756          0         25       3606
Mem:         32052      12623      19429          0         25       3858
Mem:         32052      12923      19129          0         25       4158
Mem:         32052      13171      18881          0         26       4403
Mem:         32052      13422      18629          0         26       4630
Mem:         32052      13630      18421          0         26       4838
Mem:         32052      13843      18209          0         27       5037
Mem:         32052      14066      17986          0         27       5257
Mem:         32052      14307      17744          0         27       5499
Mem:         32052      14540      17511          0         28       5722
Mem:         32052      14741      17311          0         28       5921
Mem:         32052      14950      17102          0         28       6132
Mem:         32052      15190      16862          0         29       6364
Mem:         32052      15462      16590          0         29       6635
Mem:         32052      15734      16317          0         29       6887
Mem:         32052      15979      16073          0         29       7133
Mem:         32052      16092      15959          0         30       7245
Mem:         32052      16178      15874          0         30       7327
Mem:         32052      16489      15562          0         31       7632
Mem:         32052      16774      15277          0         31       7917
Mem:         32052      17039      15013          0         31       8168
Mem:         32052      17266      14786          0         32       8395
Mem:         32052      17510      14541          0         32       8634
Mem:         32052      17768      14283          0         32       8891
Mem:         32052      17995      14057          0         32       9120
Mem:         32052      18183      13869          0         33       9296
Mem:         32052      18290      13761          0         33       9401
Mem:         32052      18334      13718          0         33       9446
Mem:         32052      18352      13700          0         34       9461
Mem:         32052      18364      13688          0         34       9474
Mem:         32052      18375      13677          0         34       9483
Mem:         32052      18391      13661          0         35       9498
Mem:         32052      18413      13639          0         35       9517
Mem:         32052      18437      13615          0         35       9540
Mem:         32052      18461      13591          0         36       9564
Mem:         32052      18486      13566          0         36       9587
Mem:         32052      18507      13545          0         36       9609
Mem:         32052      18531      13520          0         37       9633
Mem:         32052      18554      13497          0         37       9656
Mem:         32052      18576      13476          0         38       9674
Mem:         32052      18599      13453          0         38       9696
Mem:         32052      18621      13431          0         38       9720
Mem:         32052      18652      13400          0         38       9751
Mem:         32052      18695      13356          0         39       9789
Mem:         32052      18729      13322          0         39       9824
Mem:         32052      18769      13282          0         39       9864
Mem:         32052      18818      13234          0         39       9912
Mem:         32052      18867      13185          0         39       9960
Mem:         32052      18922      13129          0         39      10014
Mem:         32052      18973      13078          0         39      10066
Mem:         32052      19032      13020          0         39      10122
Mem:         32052      19085      12967          0         39      10175
Mem:         32052      19136      12916          0         39      10227
Mem:         32052      19183      12869          0         39      10275
Mem:         32052      19225      12826          0         39      10317
Mem:         32052      19269      12782          0         39      10361
Mem:         32052      19329      12722          0         39      10421
Mem:         32052      19385      12667          0         39      10477
Mem:         32052      19441      12611          0         39      10531
Mem:         32052      19493      12559          0         39      10583
Mem:         32052      19548      12503          0         40      10638
Mem:         32052      19597      12455          0         40      10687
Mem:         32052      19644      12407          0         40      10733
Mem:         32052      19694      12358          0         40      10781
Mem:         32052      19741      12311          0         40      10828
Mem:         32052      19782      12270          0         40      10871
Mem:         32052      19825      12226          0         40      10914
Mem:         32052      19872      12179          0         40      10960
Mem:         32052      19918      12134          0         40      11007
Mem:         32052      19972      12080          0         40      11060
Mem:         32052      20017      12035          0         40      11104
Mem:         32052      20062      11990          0         40      11149
Mem:         32052      20110      11941          0         40      11197
Mem:         32052      20166      11886          0         40      11252
Mem:         32052      20214      11837          0         40      11301
Mem:         32052      20272      11779          0         40      11359
Mem:         32052      20353      11699          0         40      11437
Mem:         32052      20426      11626          0         41      11511
Mem:         32052      20506      11546          0         41      11591
Mem:         32052      20589      11462          0         41      11671
Mem:         32052      20653      11398          0         41      11735
Mem:         32052      20719      11333          0         41      11798
Mem:         32052      20773      11279          0         41      11855
Mem:         32052      20825      11227          0         41      11907
Mem:         32052      20871      11181          0         41      11953
Mem:         32052      20918      11134          0         41      11998
Mem:         32052      20963      11088          0         41      12043
Mem:         32052      21009      11043          0         41      12089
Mem:         32052      21079      10973          0         41      12137
Mem:         32052      21107      10945          0         41      12184
Mem:         32052      21167      10885          0         41      12247
Mem:         32052      21236      10816          0         41      12315
Mem:         32052      21298      10754          0         41      12377
Mem:         32052      21358      10693          0         41      12438
Mem:         32052      21420      10632          0         42      12501
Mem:         32052      21473      10579          0         42      12554
Mem:         32052      21524      10528          0         42      12604
Mem:         32052      21567      10484          0         42      12649
Mem:         32052      21614      10438          0         42      12694
Mem:         32052      21684      10367          0         42      12764
Mem:         32052      21766      10286          0         42      12844
Mem:         32052      21862      10190          0         42      12923
Mem:         32052      21932      10119          0         42      12993
Mem:         32052      21998      10054          0         42      13057
Mem:         32052      22060       9991          0         42      13120
Mem:         32052      22122       9930          0         42      13183
Mem:         32052      22179       9873          0         42      13240
Mem:         32052      22241       9810          0         42      13303
Mem:         32052      22292       9760          0         42      13353
Mem:         32052      22342       9710          0         43      13403
Mem:         32052      22399       9653          0         43      13460
Mem:         32052      22447       9605          0         43      13507
Mem:         32052      22518       9533          0         43      13577
Mem:         32052      22585       9467          0         43      13646
Mem:         32052      22649       9402          0         43      13708
Mem:         32052      22710       9341          0         43      13770
Mem:         32052      22768       9283          0         43      13827
Mem:         32052      22822       9230          0         43      13881
Mem:         32052      22875       9176          0         43      13934
Mem:         32052      22921       9131          0         43      13978
Mem:         32052      22961       9090          0         43      14020
Mem:         32052      22997       9054          0         43      14056
Mem:         32052      23061       8990          0         43      14118
Mem:         32052      23138       8913          0         43      14193
Mem:         32052      23221       8831          0         43      14276
Mem:         32052      23305       8747          0         44      14362
Mem:         32052      23390       8662          0         44      14445
Mem:         32052      23468       8584          0         44      14522
Mem:         32052      23534       8518          0         44      14588
Mem:         32052      23601       8451          0         44      14656
Mem:         32052      23664       8388          0         44      14716
Mem:         32052      23711       8341          0         44      14765
Mem:         32052      23760       8292          0         44      14814
Mem:         32052      23830       8222          0         44      14883
Mem:         32052      23839       8212          0         44      14897
Mem:         32052      23917       8135          0         44      14973
Mem:         32052      23989       8063          0         44      15045
Mem:         32052      24068       7983          0         44      15123
Mem:         32052      24141       7911          0         44      15196
Mem:         32052      24203       7848          0         45      15259
Mem:         32052      24258       7794          0         45      15314
Mem:         32052      24304       7748          0         45      15358
Mem:         32052      24349       7703          0         45      15403
Mem:         32052      24384       7667          0         45      15438
Mem:         32052      24449       7603          0         45      15473
Mem:         32052      24486       7566          0         45      15512
Mem:         32052      24584       7467          0         45      15610
Mem:         32052      24710       7342          0         45      15736
Mem:         32052      24827       7224          0         45      15852
Mem:         32052      24924       7128          0         45      15948
Mem:         32052      25013       7039          0         45      16038
Mem:         32052      25094       6957          0         45      16117
Mem:         32052      25168       6884          0         45      16191
Mem:         32052      25255       6797          0         46      16279
Mem:         32052      25347       6704          0         46      16371
Mem:         32052      25427       6625          0         46      16451
Mem:         32052      25500       6552          0         46      16522
Mem:         32052      25568       6484          0         46      16593
Mem:         32052      25638       6413          0         46      16661
Mem:         32052      25705       6346          0         46      16727
Mem:         32052      25759       6293          0         46      16782
Mem:         32052      25815       6237          0         46      16832
Mem:         32052      25859       6193          0         46      16878
Mem:         32052      25908       6143          0         46      16928
Mem:         32052      25955       6096          0         46      16974
Mem:         32052      26000       6052          0         46      17020
Mem:         32052      26041       6011          0         46      17062
Mem:         32052      26090       5962          0         46      17112
Mem:         32052      26134       5917          0         46      17157
Mem:         32052      26177       5875          0         46      17199
Mem:         32052      26216       5836          0         47      17238
Mem:         32052      26244       5808          0         47      17266
Mem:         32052      26257       5794          0         47      17279
Mem:         32052      26264       5787          0         47      17286
Mem:         32052      26271       5781          0         47      17291
Mem:         32052      26275       5777          0         47      17296
Mem:         32052      26277       5774          0         47      17299
Mem:         32052      26280       5772          0         47      17301
Mem:         32052      26289       5763          0         47      17310
Mem:         32052      26323       5729          0         47      17344
Mem:         32052      26384       5668          0         47      17406
Mem:         32052      26462       5589          0         47      17485
Mem:         32052      26544       5508          0         47      17568
Mem:         32052      26657       5394          0         47      17679
Mem:         32052      26756       5295          0         47      17780
Mem:         32052      26854       5198          0         47      17877
Mem:         32052      26919       5132          0         47      17945
Mem:         32052      27272       4780          0         48      18269
Mem:         32052      27456       4596          0         48      18462
Mem:         32052      27778       4274          0         48      18786
Mem:         32052      28187       3865          0         49      19188
Mem:         32052      28577       3475          0         49      19577
Mem:         32052      28776       3276          0         49      19774
Mem:         32052      28863       3189          0         49      19859
Mem:         32052      28924       3128          0         49      19918
Mem:         32052      28967       3084          0         49      19961
Mem:         32052      29005       3046          0         49      19999
Mem:         32052      29046       3005          0         49      20042
Mem:         32052      29098       2954          0         49      20088
Mem:         32052      29141       2910          0         49      20135
Mem:         32052      29227       2824          0         50      20218
Mem:         32052      29321       2731          0         50      20312
Mem:         32052      29411       2641          0         50      20403
Mem:         32052      29506       2545          0         50      20500
Mem:         32052      29610       2442          0         50      20603
Mem:         32052      29697       2355          0         50      20689
Mem:         32052      29766       2286          0         50      20756
Mem:         32052      29882       2170          0         50      20876
Mem:         32052      29901       2150          0         50      20897
Mem:         32052      29910       2142          0         50      20895
Mem:         32052      29911       2140          0         50      20894
Mem:         32052      29923       2129          0         50      20905
Mem:         32052      29933       2119          0         50      20915
Mem:         32052      29928       2124          0         50      20910
Mem:         32052      29936       2116          0         50      20918
Mem:         32052      29931       2121          0         50      20913
Mem:         32052      29949       2103          0         50      20925
Mem:         32052      29955       2096          0         50      20932
Mem:         32052      29959       2093          0         50      20936
Mem:         32052      29962       2089          0         50      20937
Mem:         32052      29955       2096          0         51      20930
Mem:         32052      29950       2102          0         51      20927
Mem:         32052      29955       2097          0         51      20930
Mem:         32052      29949       2103          0         51      20923
Mem:         32052      29958       2094          0         51      20933
Mem:         32052      29962       2090          0         51      20937
Mem:         32052      29958       2094          0         51      20934
Mem:         32052      29968       2084          0         51      20944
Mem:         32052      29974       2078          0         51      20951
Mem:         32052      29999       2052          0         51      20976
Mem:         32052      30026       2026          0         51      20995
Mem:         32052      30055       1997          0         51      21025
Mem:         32052      30070       1981          0         51      21043
Mem:         32052      30099       1952          0         51      21071
Mem:         32052      30107       1945          0         51      21079
Mem:         32052      30105       1947          0         51      21076
Mem:         32052      30103       1948          0         51      21072
Mem:         32052      30112       1940          0         51      21082
Mem:         32052      30102       1950          0         51      21071
Mem:         32052      30107       1945          0         51      21076
Mem:         32052      30110       1941          0         51      21080
Mem:         32052      30113       1939          0         51      21083
Mem:         32052      30107       1945          0         52      21077
Mem:         32052      30098       1954          0         52      21068
Mem:         32052      30149       1902          0         52      21118
Mem:         32052      30162       1890          0         52      21131
Mem:         32052      30163       1889          0         52      21128
Mem:         32052      30158       1894          0         52      21122
Mem:         32052      30164       1888          0         52      21127
Mem:         32052      30160       1891          0         52      21125
Mem:         32052      30176       1876          0         52      21140
Mem:         32052      30189       1862          0         52      21153
Mem:         32052      30177       1875          0         53      21143
Mem:         32052      30181       1870          0         53      21141
Mem:         32052      30185       1867          0         53      21143
Mem:         32052      30184       1868          0         53      21140
Mem:         32052      30190       1862          0         54      21147
Mem:         32052      30196       1855          0         55      21142
Mem:         32052      30190       1862          0         55      21146
Mem:         32052      30199       1852          0         55      21150
Mem:         32052      30196       1856          0         55      21148
Mem:         32052      30196       1856          0         55      21148
Mem:         32052      30201       1850          0         55      21154
Mem:         32052      30238       1814          0         56      21190
Mem:         32052      30246       1806          0         56      21197
Mem:         32052      30286       1766          0         56      21234
Mem:         32052      30321       1731          0         56      21273
Mem:         32052      30330       1721          0         56      21269
Mem:         32052      30344       1708          0         56      21284
Mem:         32052      30329       1722          0         56      21268
Mem:         32052      30330       1722          0         56      21267
Mem:         32052      30346       1706          0         56      21284
Mem:         32052      30331       1720          0         56      21268
Mem:         32052      30335       1717          0         56      21272
Mem:         32052      30345       1707          0         56      21283
Mem:         32052      30353       1699          0         56      21291
Mem:         32052      30359       1692          0         56      21298
Mem:         32052      30345       1706          0         56      21284
Mem:         32052      30345       1706          0         57      21284
Mem:         32052      30346       1706          0         57      21286
Mem:         32052      30359       1693          0         57      21296
Mem:         32052      30352       1699          0         57      21290
Mem:         32052      30359       1693          0         57      21295
Mem:         32052      30365       1687          0         57      21303
Mem:         32052      30363       1688          0         57      21290
Mem:         32052      30369       1683          0         57      21294
Mem:         32052      30379       1672          0         57      21308
Mem:         32052      30366       1686          0         57      21293
Mem:         32052      30374       1678          0         57      21302
Mem:         32052      30367       1684          0         57      21294
Mem:         32052      30376       1676          0         57      21301
Mem:         32052      30368       1683          0         57      21294
Mem:         32052      30370       1681          0         57      21298
Mem:         32052      30381       1670          0         57      21309
Mem:         32052      30384       1668          0         57      21306
Mem:         32052      30393       1658          0         58      21316
Mem:         32052      30392       1660          0         58      21316
Mem:         32052      30391       1661          0         58      21313
Mem:         32052      30403       1648          0         58      21325
Mem:         32052      30392       1660          0         58      21315
Mem:         32052      30415       1637          0         58      21338
Mem:         32052      30429       1623          0         58      21352
Mem:         32052      30429       1623          0         58      21350
Mem:         32052      30443       1609          0         58      21363
Mem:         32052      30466       1586          0         58      21385
Mem:         32052      30475       1577          0         58      21387
Mem:         32052      30467       1584          0         59      21380
Mem:         32052      30473       1579          0         59      21382
Mem:         32052      30469       1582          0         59      21381
Mem:         32052      30470       1581          0         59      21381
Mem:         32052      30470       1582          0         59      21381
Mem:         32052      30483       1569          0         59      21382
Mem:         32052      30546       1505          0         59      21444
Mem:         32052      30554       1498          0         59      21455
Mem:         32052      30555       1496          0         60      21458
Mem:         32052      30568       1484          0         60      21469
Mem:         32052      30561       1491          0         60      21461
Mem:         32052      30588       1464          0         60      21487
Mem:         32052      30580       1472          0         60      21481
Mem:         32052      30597       1455          0         60      21497
Mem:         32052      30615       1437          0         60      21515
Mem:         32052      30607       1445          0         60      21508
Mem:         32052      30619       1433          0         60      21520
Mem:         32052      30623       1428          0         60      21523
Mem:         32052      30630       1421          0         60      21531
Mem:         32052      30670       1381          0         60      21569
Mem:         32052      30686       1366          0         60      21576
Mem:         32052      30704       1348          0         60      21593
Mem:         32052      30704       1348          0         60      21593
Mem:         32052      30707       1345          0         60      21597
Mem:         32052      30701       1351          0         60      21592
Mem:         32052      30724       1328          0         61      21612
Mem:         32052      30754       1298          0         61      21643
Mem:         32052      30766       1286          0         61      21642
Mem:         32052      30794       1258          0         61      21669
Mem:         32052      30807       1245          0         61      21683
Mem:         32052      30801       1251          0         61      21678
Mem:         32052      30817       1235          0         61      21693
Mem:         32052      30818       1234          0         61      21694
Mem:         32052      30805       1246          0         61      21682
Mem:         32052      30811       1240          0         61      21688
Mem:         32052      30821       1230          0         61      21698
Mem:         32052      30817       1235          0         61      21694
Mem:         32052      30828       1224          0         61      21705
Mem:         32052      30845       1207          0         61      21720
Mem:         32052      30846       1205          0         61      21724
Mem:         32052      30859       1192          0         62      21735
Mem:         32052      30944       1108          0         62      21811
Mem:         32052      30941       1110          0         62      21811
Mem:         32052      30944       1108          0         62      21811
Mem:         32052      30945       1107          0         62      21813
Mem:         32052      30965       1086          0         62      21838
Mem:         32052      30977       1074          0         62      21845
Mem:         32052      30973       1078          0         62      21842
Mem:         32052      30985       1067          0         62      21843
Mem:         32052      30999       1053          0         62      21857
Mem:         32052      30984       1067          0         63      21842
Mem:         32052      30999       1053          0         63      21854
Mem:         32052      30996       1056          0         63      21850
Mem:         32052      31006       1046          0         63      21860
Mem:         32052      30999       1053          0         63      21854
Mem:         32052      31005       1046          0         63      21860
Mem:         32052      31012       1039          0         63      21866
Mem:         32052      31010       1042          0         63      21864
Mem:         32052      31037       1014          0         63      21889
Mem:         32052      31041       1010          0         63      21894
Mem:         32052      31042       1010          0         63      21895
Mem:         32052      31036       1015          0         63      21888
Mem:         32052      31042       1010          0         63      21894
Mem:         32052      31045       1007          0         63      21897
Mem:         32052      31063        989          0         63      21916
Mem:         32052      31068        984          0         63      21920
Mem:         32052      31073        979          0         63      21918
Mem:         32052      31066        986          0         63      21910
Mem:         32052      31072        980          0         63      21916
Mem:         32052      31077        975          0         63      21921
Mem:         32052      31079        972          0         63      21923
Mem:         32052      31107        944          0         63      21952
Mem:         32052      31125        927          0         64      21969
Mem:         32052      31134        918          0         64      21977
Mem:         32052      31126        926          0         64      21968
Mem:         32052      31139        913          0         64      21984
Mem:         32052      31144        908          0         64      21986
Mem:         32052      31134        918          0         64      21979
Mem:         32052      31152        900          0         64      21997
Mem:         32052      31144        908          0         64      21986
Mem:         32052      31137        914          0         64      21979
Mem:         32052      31146        906          0         64      21990
Mem:         32052      31156        896          0         64      21996
Mem:         32052      31148        904          0         65      21988
Mem:         32052      31197        855          0         65      22037
Mem:         32052      31261        790          0         65      22099
Mem:         32052      31252        799          0         65      22090
Mem:         32052      31271        781          0         65      22100
Mem:         32052      31270        781          0         65      22098
Mem:         32052      31273        779          0         65      22101
Mem:         32052      31284        767          0         65      22111
Mem:         32052      31292        760          0         65      22118
Mem:         32052      31295        757          0         65      22124
Mem:         32052      31298        754          0         66      22126
Mem:         32052      31317        735          0         66      22145
Mem:         32052      31311        741          0         66      22138
Mem:         32052      31323        729          0         66      22150
Mem:         32052      31327        725          0         66      22154
Mem:         32052      31333        718          0         66      22160
Mem:         32052      31325        727          0         66      22152
Mem:         32052      31346        706          0         66      22173
Mem:         32052      31352        699          0         66      22178
Mem:         32052      31342        710          0         66      22167
Mem:         32052      31356        696          0         66      22176
Mem:         32052      31360        692          0         66      22179
Mem:         32052      31450        601          0         66      22275
Mem:         32052      31452        599          0         66      22277
Mem:         32052      31440        611          0         67      22264
Mem:         32052      31442        609          0         67      22267
Mem:         32052      31437        614          0         67      22263
Mem:         32052      31441        610          0         67      22265
Mem:         32052      31446        606          0         67      22263
Mem:         32052      31483        568          0         67      22298
Mem:         32052      31498        553          0         68      22311
Mem:         32052      31511        541          0         68      22328
Mem:         32052      31509        542          0         68      22323
Mem:         32052      31533        519          0         68      22346
Mem:         32052      31550        501          0         68      22364
Mem:         32052      31539        513          0         68      22353
Mem:         32052      31560        491          0         68      22374
Mem:         32052      31573        478          0         68      22380
Mem:         32052      31576        476          0         68      22392
Mem:         32052      31577        474          0         68      22391
Mem:         32052      31592        459          0         68      22404
Mem:         32052      31600        452          0         68      22414
Mem:         32052      31600        451          0         68      22416
Mem:         32052      31600        452          0         69      22413
Mem:         32052      31602        449          0         69      22418
Mem:         32052      31598        454          0         69      22412
Mem:         32052      31596        455          0         69      22409
Mem:         32052      31663        388          0         69      22474
Mem:         32052      31680        372          0         69      22493
Mem:         32052      31688        364          0         69      22500
Mem:         32052      31679        372          0         69      22490
Mem:         32052      31705        347          0         69      22518
Mem:         32052      31709        343          0         69      22520
Mem:         32052      31710        342          0         70      22521
Mem:         32052      31721        331          0         70      22519
Mem:         32052      31725        326          0         70      22521
Mem:         32052      31735        316          0         70      22533
Mem:         32052      31751        300          0         70      22549
Mem:         32052      31746        306          0         70      22542
Mem:         32052      31756        295          0         70      22552
Mem:         32052      31767        285          0         70      22563
Mem:         32052      31774        277          0         70      22572
Mem:         32052      31767        285          0         70      22565
Mem:         32052      31776        275          0         70      22574
Mem:         32052      31764        287          0         70      22561
Mem:         32052      31774        277          0         70      22572
Mem:         32052      31764        288          0         70      22562
Mem:         32052      31770        282          0         70      22568
Mem:         32052      31773        279          0         70      22571
Mem:         32052      31795        257          0         70      22594
Mem:         32052      31826        226          0         70      22621
Mem:         32052      31814        238          0         70      22610
Mem:         32052      31828        224          0         70      22624
Mem:         32052      31812        239          0         71      22611
Mem:         32052      31819        232          0         71      22609
Mem:         32052      31822        230          0         71      22612
Mem:         32052      31815        237          0         71      22608
Mem:         32052      31821        231          0         72      22598
Mem:         32052      31824        227          0         72      22601
Mem:         32052      31814        237          0         72      22592
Mem:         32052      31817        235          0         72      22596
Mem:         32052      31815        237          0         72      22585
Mem:         32052      31814        237          0         73      22583
Mem:         32052      31814        238          0         73      22582
Mem:         32052      31836        216          0         73      22603
Mem:         32052      31818        233          0         73      22587
Mem:         32052      31833        218          0         73      22599
Mem:         32052      31809        243          0         73      22575
Mem:         32052      31831        220          0         73      22597
Mem:         32052      31828        223          0         73      22595
Mem:         32052      31834        217          0         73      22597
Mem:         32052      31827        225          0         73      22591
Mem:         32052      31732        319          0         73      22494
Mem:         32052      31783        269          0         73      22545
Mem:         32052      31838        213          0         73      22597
Mem:         32052      31839        213          0         74      22596
Mem:         32052      31836        216          0         74      22591
Mem:         32052      31826        226          0         74      22583
Mem:         32052      31838        214          0         74      22586
Mem:         32052      31819        232          0         74      22567
Mem:         32052      31818        234          0         74      22566
Mem:         32052      31825        227          0         74      22573
Mem:         32052      31815        237          0         75      22564
Mem:         32052      31823        229          0         75      22569
Mem:         32052      31830        222          0         75      22567
Mem:         32052      31840        212          0         75      22575
Mem:         32052      31830        221          0         75      22563
Mem:         32052      31821        231          0         75      22556
Mem:         32052      31818        233          0         75      22551
Mem:         32052      31810        242          0         75      22540
Mem:         32052      31827        224          0         75      22560
Mem:         32052      31821        231          0         75      22554
Mem:         32052      31810        241          0         75      22543
Mem:         32052      31832        220          0         75      22566
Mem:         32052      31816        235          0         75      22551
Mem:         32052      31836        216          0         75      22571
Mem:         32052      31815        237          0         75      22549
Mem:         32052      31818        234          0         75      22552
Mem:         32052      31831        221          0         75      22568
Mem:         32052      31807        245          0         75      22544
Mem:         32052      31816        235          0         75      22552
Mem:         32052      31827        224          0         76      22563
Mem:         32052      31810        241          0         76      22546
Mem:         32052      31831        221          0         76      22567
Mem:         32052      31832        219          0         76      22569
Mem:         32052      31831        221          0         76      22567
Mem:         32052      31833        218          0         76      22570
Mem:         32052      31829        222          0         76      22565
Mem:         32052      31817        235          0         76      22554
Mem:         32052      31823        229          0         76      22560
Mem:         32052      31824        227          0         76      22564
Mem:         32052      31832        220          0         75      22569
Mem:         32052      31808        244          0         75      22547
Mem:         32052      31822        229          0         75      22564
Mem:         32052      31811        240          0         76      22553
Mem:         32052      31841        211          0         76      22584
Mem:         32052      31818        233          0         76      22561
Mem:         32052      31836        216          0         76      22579
Mem:         32052      31818        233          0         76      22561
Mem:         32052      31826        226          0         76      22570
Mem:         32052      31830        222          0         76      22574
Mem:         32052      31834        218          0         76      22577
Mem:         32052      31808        244          0         76      22552
Mem:         32052      31834        217          0         76      22579
Mem:         32052      31817        235          0         76      22560
Mem:         32052      31827        225          0         76      22571
Mem:         32052      31830        222          0         76      22573
Mem:         32052      31837        215          0         76      22581
Mem:         32052      31807        244          0         76      22553
Mem:         32052      31814        238          0         76      22559
Mem:         32052      31821        230          0         76      22566
Mem:         32052      31828        224          0         76      22572
Mem:         32052      31825        226          0         76      22570
Mem:         32052      31724        327          0         76      22472
Mem:         32052      31722        329          0         76      22471
Mem:         32052      31726        325          0         76      22475
Mem:         32052      31725        326          0         76      22474
Mem:         32052      31727        324          0         76      22476
Mem:         32052      31732        320          0         76      22482
Mem:         32052      31727        325          0         76      22477
Mem:         32052      31727        325          0         76      22477
Mem:         32052      31727        325          0         76      22477
Mem:         32052      31726        325          0         76      22477
Mem:         32052      31726        326          0         76      22477
Mem:         32052      31725        326          0         76      22476
Mem:         32052      31725        327          0         76      22476
Mem:         32052      31725        327          0         76      22476
Mem:         32052      31724        327          0         76      22476
Mem:         32052      31724        327          0         76      22476
Mem:         32052      31725        327          0         76      22477
Mem:         32052      31726        326          0         76      22477
Mem:         32052      31726        326          0         76      22477
Mem:         32052      31726        326          0         76      22477
Mem:         32052      31726        326          0         76      22477
Mem:         32052      31726        326          0         76      22477
Mem:         32052      31725        326          0         76      22477
Mem:         32052      31725        327          0         76      22477
Mem:         32052      31687        364          0         76      22449
Mem:         32052      31688        364          0         76      22449
Mem:         32052      31688        364          0         76      22449
Mem:         32052      31688        364          0         76      22449
Mem:         32052      31688        364          0         76      22449
Mem:         32052      31688        364          0         76      22449
Mem:         32052      31687        364          0         76      22449
Mem:         32052      31688        364          0         76      22449
Mem:         32052      31688        364          0         76      22449
Mem:         32052      31688        364          0         76      22449
Mem:         32052      31688        363          0         76      22449
Mem:         32052      31688        364          0         76      22449
Mem:         32052      31688        364          0         76      22449
Mem:         32052      31687        364          0         76      22449
Mem:         32052      31688        364          0         76      22449
Mem:         32052      31687        364          0         76      22449
Mem:         32052      31688        364          0         76      22449
Mem:         32052      31688        364          0         76      22449
Mem:         32052      31688        364          0         76      22449
Mem:         32052      31688        364          0         76      22449
Mem:         32052      31688        364          0         76      22449
Mem:         32052      31688        364          0         76      22449
Mem:         32052      31688        364          0         76      22449
Mem:         32052      31688        364          0         76      22449
Mem:         32052      31687        364          0         76      22449
Mem:         32052      31687        364          0         76      22449
Mem:         32052      31687        364          0         76      22449
Mem:         32052      31688        364          0         76      22449
Mem:         32052      31688        364          0         76      22449
Mem:         32052      31688        364          0         76      22449
Mem:         32052      31688        364          0         76      22449
Mem:         32052      31688        364          0         76      22449
Mem:         32052      31688        364          0         76      22449
Mem:         32052      31688        364          0         76      22449
Mem:         32052      31688        364          0         76      22449
Mem:         32052      31687        364          0         76      22449
Mem:         32052      23549       8502          0         77      22449
