Mem:         31095       1616      29479          0          2         96
Mem:         31095       1666      29428          0          2        108
Mem:         31095       1668      29426          0          2        108
Mem:         31095       1667      29427          0          2        107
Mem:         31095       1667      29427          0          2        107
Mem:         31095       1667      29427          0          2        107
Mem:         31095       1676      29418          0          2        117
Mem:         31095       1696      29398          0          2        137
Mem:         31095       1719      29375          0          2        160
Mem:         31095       1770      29325          0          2        192
Mem:         31095       1866      29228          0          2        223
Mem:         31095       1992      29103          0          2        253
Mem:         31095       2176      28919          0          2        279
Mem:         31095       2282      28812          0          3        328
Mem:         31095       4384      26710          0          3        429
Mem:         31095       5141      25953          0          3        495
Mem:         31095       5843      25251          0          3        562
Mem:         31095       6474      24620          0          3        626
Mem:         31095       7008      24086          0          3        695
Mem:         31095       7414      23680          0          3        763
Mem:         31095       7520      23574          0          3        830
Mem:         31095       7631      23463          0          3        899
Mem:         31095       7750      23344          0          3        965
Mem:         31095       7848      23246          0          4       1035
Mem:         31095       8234      22861          0          4       1104
Mem:         31095       8456      22638          0          4       1166
Mem:         31095       8605      22489          0          4       1234
Mem:         31095       8677      22417          0          4       1298
Mem:         31095       8745      22349          0          4       1367
Mem:         31095       8820      22274          0          4       1435
Mem:         31095       8888      22206          0          4       1504
Mem:         31095       8978      22116          0          4       1572
Mem:         31095       9093      22001          0          4       1640
Mem:         31095       9155      21939          0          4       1700
Mem:         31095       9229      21865          0          4       1770
Mem:         31095       9296      21799          0          4       1838
Mem:         31095       9366      21728          0          5       1907
Mem:         31095       9435      21659          0          5       1976
Mem:         31095       9501      21593          0          5       2043
Mem:         31095       9584      21511          0          5       2112
Mem:         31095       9681      21413          0          5       2181
Mem:         31095       9747      21348          0          5       2242
Mem:         31095       9808      21286          0          5       2306
Mem:         31095       9872      21222          0          5       2369
Mem:         31095       9947      21147          0          5       2440
Mem:         31095      10005      21089          0          5       2503
Mem:         31095      10076      21019          0          5       2573
Mem:         31095      10142      20952          0          5       2636
Mem:         31095      10350      20745          0          5       2684
Mem:         31095      10404      20690          0          5       2738
Mem:         31095      10459      20635          0          5       2794
Mem:         31095      10515      20579          0          6       2850
Mem:         31095      10570      20524          0          6       2903
Mem:         31095      10623      20471          0          6       2957
Mem:         31095      10679      20415          0          6       3011
Mem:         31095      10735      20359          0          6       3068
Mem:         31095      10790      20304          0          6       3124
Mem:         31095      10848      20246          0          6       3181
Mem:         31095      10905      20189          0          6       3239
Mem:         31095      11176      19918          0          6       3295
Mem:         31095      11561      19533          0          6       3344
Mem:         31095      11856      19238          0          6       3395
Mem:         31095      12290      18805          0          6       3443
Mem:         31095      12588      18506          0          6       3491
Mem:         31095      12642      18452          0          6       3545
Mem:         31095      12703      18392          0          6       3605
Mem:         31095      12758      18336          0          6       3660
Mem:         31095      12816      18278          0          7       3716
Mem:         31095      12870      18225          0          7       3771
Mem:         31095      12919      18175          0          7       3819
Mem:         31095      12967      18128          0          7       3860
Mem:         31095      13021      18073          0          7       3913
Mem:         31095      13068      18027          0          7       3960
Mem:         31095      13110      17984          0          7       4005
Mem:         31095      13156      17938          0          7       4051
Mem:         31095      13206      17889          0          7       4100
Mem:         31095      13248      17846          0          7       4143
Mem:         31095      13291      17803          0          7       4182
Mem:         31095      13345      17749          0          7       4228
Mem:         31095      13386      17708          0          7       4266
Mem:         31095      13460      17634          0          7       4311
Mem:         31095      13504      17590          0          7       4354
Mem:         31095      13546      17549          0          8       4395
Mem:         31095      13586      17508          0          8       4436
Mem:         31095      13627      17467          0          8       4476
Mem:         31095      13663      17431          0          8       4514
Mem:         31095      13707      17387          0          8       4557
Mem:         31095      13752      17342          0          8       4602
Mem:         31095      13793      17301          0          8       4643
Mem:         31095      13834      17260          0          8       4685
Mem:         31095      13876      17218          0          8       4725
Mem:         31095      13918      17176          0          8       4768
Mem:         31095      13962      17133          0          8       4809
Mem:         31095      14001      17093          0          8       4850
Mem:         31095      14043      17051          0          8       4892
Mem:         31095      14091      17003          0          8       4939
Mem:         31095      14138      16956          0          8       4987
Mem:         31095      14184      16910          0          8       5033
Mem:         31095      14230      16865          0          8       5079
Mem:         31095      14277      16818          0          8       5124
Mem:         31095      14315      16779          0          8       5164
Mem:         31095      14356      16739          0          8       5205
Mem:         31095      14403      16691          0          9       5252
Mem:         31095      14446      16648          0          9       5295
Mem:         31095      14509      16585          0          9       5335
Mem:         31095      14546      16548          0          9       5372
Mem:         31095      14588      16506          0          9       5416
Mem:         31095      14622      16472          0          9       5447
Mem:         31095      14675      16419          0          9       5501
Mem:         31095      14726      16369          0          9       5552
Mem:         31095      14789      16305          0          9       5615
Mem:         31095      14858      16236          0          9       5684
Mem:         31095      14926      16168          0          9       5751
Mem:         31095      14994      16100          0          9       5820
Mem:         31095      15063      16031          0          9       5887
Mem:         31095      15133      15962          0          9       5957
Mem:         31095      15192      15902          0          9       6018
Mem:         31095      15252      15843          0          9       6076
Mem:         31095      15320      15774          0          9       6133
Mem:         31095      15384      15710          0         10       6196
Mem:         31095      15449      15645          0         10       6260
Mem:         31095      15501      15593          0         10       6312
Mem:         31095      15552      15542          0         10       6361
Mem:         31095      15600      15494          0         10       6411
Mem:         31095      15661      15433          0         10       6472
Mem:         31095      15727      15367          0         10       6537
Mem:         31095      15793      15301          0         10       6604
Mem:         31095      15859      15235          0         10       6670
Mem:         31095      15928      15166          0         10       6739
Mem:         31095      15997      15097          0         10       6806
Mem:         31095      16069      15025          0         10       6872
Mem:         31095      16131      14963          0         10       6936
Mem:         31095      16196      14898          0         10       7002
Mem:         31095      16261      14833          0         10       7065
Mem:         31095      16326      14769          0         11       7132
Mem:         31095      16402      14692          0         11       7207
Mem:         31095      16471      14623          0         11       7275
Mem:         31095      16538      14556          0         11       7341
Mem:         31095      16600      14494          0         11       7403
Mem:         31095      16663      14432          0         11       7467
Mem:         31095      16729      14365          0         11       7533
Mem:         31095      16799      14295          0         11       7599
Mem:         31095      16875      14219          0         11       7673
Mem:         31095      16944      14150          0         11       7743
Mem:         31095      17015      14079          0         11       7810
Mem:         31095      17111      13983          0         11       7880
Mem:         31095      17139      13955          0         11       7937
Mem:         31095      17207      13888          0         11       8006
Mem:         31095      17272      13822          0         11       8072
Mem:         31095      17341      13753          0         12       8139
Mem:         31095      17409      13685          0         12       8207
Mem:         31095      17481      13613          0         12       8274
Mem:         31095      17550      13544          0         12       8342
Mem:         31095      17612      13482          0         12       8406
Mem:         31095      17678      13417          0         12       8471
Mem:         31095      17742      13352          0         12       8537
Mem:         31095      17807      13287          0         12       8601
Mem:         31095      17875      13220          0         12       8669
Mem:         31095      17943      13151          0         12       8738
Mem:         31095      18016      13079          0         12       8806
Mem:         31095      18079      13015          0         12       8869
Mem:         31095      18132      12962          0         12       8927
Mem:         31095      18208      12886          0         12       8998
Mem:         31095      18279      12815          0         13       9068
Mem:         31095      18337      12758          0         13       9125
Mem:         31095      18393      12701          0         13       9182
Mem:         31095      18458      12637          0         13       9246
Mem:         31095      18531      12563          0         13       9318
Mem:         31095      18591      12503          0         13       9379
Mem:         31095      18656      12439          0         13       9444
Mem:         31095      18714      12380          0         13       9503
Mem:         31095      18778      12316          0         13       9568
Mem:         31095      18845      12250          0         13       9634
Mem:         31095      18929      12165          0         13       9708
Mem:         31095      19002      12092          0         13       9777
Mem:         31095      19064      12030          0         13       9840
Mem:         31095      19130      11964          0         13       9908
Mem:         31095      19200      11895          0         14       9978
Mem:         31095      19266      11828          0         14      10044
Mem:         31095      19334      11760          0         14      10111
Mem:         31095      19404      11690          0         14      10182
Mem:         31095      19472      11623          0         14      10249
Mem:         31095      19541      11554          0         14      10316
Mem:         31095      19618      11476          0         14      10379
Mem:         31095      19685      11410          0         14      10445
Mem:         31095      19751      11343          0         14      10509
Mem:         31095      19816      11278          0         14      10575
Mem:         31095      19882      11212          0         14      10642
Mem:         31095      19958      11137          0         14      10716
Mem:         31095      20028      11066          0         14      10784
Mem:         31095      20096      10998          0         14      10851
Mem:         31095      20155      10939          0         15      10912
Mem:         31095      20219      10875          0         15      10977
Mem:         31095      20293      10801          0         15      11044
Mem:         31095      20347      10747          0         15      11098
Mem:         31095      20398      10697          0         15      11148
Mem:         31095      20449      10645          0         15      11198
Mem:         31095      20499      10596          0         15      11247
Mem:         31095      20556      10538          0         15      11308
Mem:         31095      20617      10477          0         15      11369
Mem:         31095      20675      10419          0         15      11427
Mem:         31095      20738      10356          0         15      11490
Mem:         31095      20806      10288          0         15      11557
Mem:         31095      20876      10218          0         15      11625
Mem:         31095      20944      10150          0         15      11693
Mem:         31095      21011      10083          0         15      11760
Mem:         31095      21079      10015          0         15      11823
Mem:         31095      21146       9949          0         16      11888
Mem:         31095      21210       9884          0         16      11955
Mem:         31095      21274       9821          0         16      12018
Mem:         31095      21329       9765          0         16      12075
Mem:         31095      21400       9694          0         16      12144
Mem:         31095      21464       9630          0         16      12206
Mem:         31095      21514       9580          0         16      12258
Mem:         31095      21566       9528          0         16      12312
Mem:         31095      21618       9477          0         16      12362
Mem:         31095      21665       9429          0         16      12409
Mem:         31095      21709       9385          0         16      12454
Mem:         31095      21757       9337          0         16      12502
Mem:         31095      21805       9289          0         16      12548
Mem:         31095      21847       9247          0         16      12588
Mem:         31095      21918       9176          0         16      12634
Mem:         31095      21942       9152          0         16      12684
Mem:         31095      21994       9100          0         16      12736
Mem:         31095      22048       9046          0         16      12789
Mem:         31095      22100       8995          0         16      12841
Mem:         31095      22154       8941          0         17      12896
Mem:         31095      22219       8875          0         17      12960
Mem:         31095      22294       8800          0         17      13010
Mem:         31095      22335       8759          0         17      13078
Mem:         31095      22403       8691          0         17      13146
Mem:         31095      22475       8619          0         17      13217
Mem:         31095      22545       8549          0         17      13287
Mem:         31095      22615       8479          0         17      13351
Mem:         31095      22683       8411          0         17      13416
Mem:         31095      22746       8348          0         17      13481
Mem:         31095      22809       8285          0         17      13546
Mem:         31095      22883       8211          0         17      13619
Mem:         31095      22950       8145          0         17      13685
Mem:         31095      23020       8074          0         18      13756
Mem:         31095      23088       8006          0         18      13826
Mem:         31095      23157       7938          0         19      13892
Mem:         31095      23226       7869          0         19      13956
Mem:         31095      23291       7803          0         19      14024
Mem:         31095      23367       7727          0         19      14087
Mem:         31095      23429       7665          0         19      14149
Mem:         31095      23493       7601          0         19      14214
Mem:         31095      23567       7527          0         20      14285
Mem:         31095      23631       7463          0         20      14352
Mem:         31095      23695       7399          0         20      14413
Mem:         31095      23760       7335          0         20      14478
Mem:         31095      23819       7275          0         20      14539
Mem:         31095      23885       7210          0         20      14603
Mem:         31095      23949       7145          0         20      14667
Mem:         31095      24016       7078          0         20      14734
Mem:         31095      24096       6998          0         20      14803
Mem:         31095      24166       6928          0         20      14872
Mem:         31095      24233       6861          0         20      14938
Mem:         31095      24294       6800          0         20      15000
Mem:         31095      24358       6736          0         20      15065
Mem:         31095      24420       6674          0         20      15126
Mem:         31095      24485       6609          0         21      15192
Mem:         31095      24555       6539          0         21      15261
Mem:         31095      24618       6476          0         21      15323
Mem:         31095      24681       6413          0         21      15386
Mem:         31095      24741       6353          0         21      15446
Mem:         31095      24827       6267          0         21      15510
Mem:         31095      24891       6203          0         21      15573
Mem:         31095      24957       6137          0         21      15640
Mem:         31095      25009       6085          0         21      15693
Mem:         31095      25065       6029          0         21      15749
Mem:         31095      25130       5964          0         21      15814
Mem:         31095      25185       5909          0         21      15865
Mem:         31095      25235       5860          0         21      15918
Mem:         31095      25285       5809          0         21      15970
Mem:         31095      25352       5742          0         21      16036
Mem:         31095      25412       5682          0         22      16095
Mem:         31095      25468       5626          0         22      16153
Mem:         31095      25520       5574          0         22      16204
Mem:         31095      25588       5506          0         22      16258
Mem:         31095      25640       5454          0         22      16312
Mem:         31095      25706       5388          0         22      16381
Mem:         31095      25776       5318          0         22      16449
Mem:         31095      25847       5247          0         22      16519
Mem:         31095      25914       5180          0         22      16587
Mem:         31095      25983       5111          0         22      16654
Mem:         31095      26052       5043          0         22      16724
Mem:         31095      26120       4974          0         22      16790
Mem:         31095      26181       4913          0         22      16854
Mem:         31095      26248       4846          0         22      16920
Mem:         31095      26344       4750          0         22      16987
Mem:         31095      26411       4683          0         22      17055
Mem:         31095      26479       4615          0         23      17123
Mem:         31095      26549       4545          0         23      17192
Mem:         31095      26619       4475          0         23      17258
Mem:         31095      26678       4416          0         23      17321
Mem:         31095      26744       4350          0         23      17386
Mem:         31095      26806       4288          0         23      17449
Mem:         31095      26868       4226          0         23      17510
Mem:         31095      26930       4164          0         23      17574
Mem:         31095      26998       4096          0         23      17642
Mem:         31095      27066       4028          0         23      17700
Mem:         31095      27120       3974          0         23      17753
Mem:         31095      27184       3910          0         23      17816
Mem:         31095      27247       3848          0         23      17878
Mem:         31095      27308       3786          0         23      17941
Mem:         31095      27373       3722          0         23      18006
Mem:         31095      27439       3655          0         24      18071
Mem:         31095      27498       3596          0         24      18131
Mem:         31095      27573       3521          0         24      18203
Mem:         31095      27623       3472          0         24      18255
Mem:         31095      27679       3416          0         24      18312
Mem:         31095      27740       3354          0         24      18373
Mem:         31095      27827       3267          0         24      18438
Mem:         31095      27917       3177          0         24      18506
Mem:         31095      27959       3135          0         24      18570
Mem:         31095      28024       3070          0         24      18635
Mem:         31095      28079       3016          0         24      18689
Mem:         31095      28139       2955          0         24      18751
Mem:         31095      28200       2894          0         24      18810
Mem:         31095      28260       2835          0         24      18871
Mem:         31095      28315       2779          0         24      18925
Mem:         31095      28366       2728          0         24      18978
Mem:         31095      28422       2672          0         25      19033
Mem:         31095      28478       2616          0         25      19086
Mem:         31095      28516       2578          0         25      19127
Mem:         31095      28581       2513          0         25      19181
Mem:         31095      28647       2447          0         25      19248
Mem:         31095      28714       2380          0         25      19313
Mem:         31095      28780       2314          0         25      19380
Mem:         31095      28846       2249          0         25      19446
Mem:         31095      28905       2190          0         25      19506
Mem:         31095      28961       2133          0         25      19559
Mem:         31095      28999       2096          0         25      19598
Mem:         31095      29046       2048          0         25      19647
Mem:         31095      29089       2005          0         25      19689
Mem:         31095      29140       1954          0         25      19741
Mem:         31095      29185       1909          0         25      19785
Mem:         31095      29222       1872          0         25      19823
Mem:         31095      29271       1824          0         25      19869
Mem:         31095      29304       1790          0         26      19904
Mem:         31095      29351       1743          0         26      19950
Mem:         31095      29389       1705          0         26      19989
Mem:         31095      29429       1665          0         26      20028
Mem:         31095      29502       1592          0         26      20075
Mem:         31095      29547       1547          0         26      20121
Mem:         31095      29592       1503          0         26      20165
Mem:         31095      29635       1459          0         26      20207
Mem:         31095      29686       1408          0         26      20258
Mem:         31095      29739       1355          0         26      20311
Mem:         31095      29791       1303          0         26      20364
Mem:         31095      29838       1257          0         26      20411
Mem:         31095      29888       1206          0         26      20461
Mem:         31095      29928       1166          0         26      20501
Mem:         31095      29970       1124          0         26      20541
Mem:         31095      30002       1093          0         26      20573
Mem:         31095      30042       1052          0         26      20614
Mem:         31095      30080       1014          0         26      20652
Mem:         31095      30118        977          0         26      20690
Mem:         31095      30159        935          0         26      20732
Mem:         31095      30207        887          0         26      20779
Mem:         31095      30263        831          0         27      20835
Mem:         31095      30318        776          0         27      20890
Mem:         31095      30379        715          0         27      20952
Mem:         31095      30449        645          0         27      21008
Mem:         31095      30503        592          0         27      21062
Mem:         31095      30561        533          0         27      21120
Mem:         31095      30616        478          0         27      21175
Mem:         31095      30663        432          0         27      21222
Mem:         31095      30723        372          0         27      21279
Mem:         31095      30765        329          0         27      21323
Mem:         31095      30816        278          0         27      21374
Mem:         31095      30869        225          0         27      21428
Mem:         31095      30930        165          0         27      21488
Mem:         31095      30933        161          0         27      21490
Mem:         31095      30939        155          0         27      21501
Mem:         31095      30933        161          0         27      21493
Mem:         31095      30932        162          0         27      21491
Mem:         31095      30934        161          0         27      21492
Mem:         31095      30940        154          0         27      21498
Mem:         31095      30939        155          0         27      21486
Mem:         31095      30937        157          0         27      21486
Mem:         31095      30939        156          0         27      21487
Mem:         31095      30939        155          0         27      21487
Mem:         31095      30935        160          0         27      21481
Mem:         31095      30942        152          0         27      21490
Mem:         31095      30934        160          0         28      21480
Mem:         31095      30937        157          0         28      21484
Mem:         31095      30932        162          0         28      21479
Mem:         31095      30939        156          0         28      21487
Mem:         31095      30935        159          0         28      21463
Mem:         31095      30939        156          0         28      21487
Mem:         31095      30933        161          0         28      21479
Mem:         31095      30936        158          0         28      21484
Mem:         31095      30933        161          0         28      21470
Mem:         31095      30931        163          0         28      21467
Mem:         31095      30935        160          0         28      21470
Mem:         31095      30936        159          0         28      21449
Mem:         31095      30934        161          0         28      21470
Mem:         31095      30938        156          0         28      21472
Mem:         31095      30935        159          0         28      21469
Mem:         31095      30935        160          0         28      21470
Mem:         31095      30934        160          0         29      21470
Mem:         31095      30934        161          0         29      21469
Mem:         31095      30937        157          0         29      21472
Mem:         31095      30937        157          0         29      21473
Mem:         31095      30940        154          0         29      21476
Mem:         31095      30936        159          0         29      21473
Mem:         31095      30936        158          0         29      21472
Mem:         31095      30932        162          0         29      21468
Mem:         31095      30937        157          0         29      21474
Mem:         31095      30933        161          0         29      21459
Mem:         31095      30934        160          0         29      21462
Mem:         31095      30937        158          0         29      21464
Mem:         31095      30938        156          0         29      21463
Mem:         31095      30932        162          0         29      21459
Mem:         31095      30937        157          0         29      21464
Mem:         31095      30934        161          0         29      21460
Mem:         31095      30937        158          0         29      21463
Mem:         31095      30937        157          0         29      21463
Mem:         31095      30933        161          0         29      21460
Mem:         31095      30936        158          0         29      21461
Mem:         31095      30937        157          0         29      21462
Mem:         31095      30934        160          0         30      21461
Mem:         31095      30941        153          0         30      21467
Mem:         31095      30932        162          0         30      21458
Mem:         31095      30942        152          0         30      21468
Mem:         31095      30934        160          0         30      21460
Mem:         31095      30933        161          0         30      21461
Mem:         31095      30939        155          0         30      21458
Mem:         31095      30935        159          0         30      21457
Mem:         31095      30934        160          0         30      21456
Mem:         31095      30940        154          0         30      21462
Mem:         31095      30936        158          0         30      21458
Mem:         31095      30941        153          0         30      21463
Mem:         31095      30940        154          0         30      21461
Mem:         31095      30936        158          0         30      21459
Mem:         31095      30937        157          0         30      21458
Mem:         31095      30940        154          0         30      21459
Mem:         31095      30941        153          0         30      21462
Mem:         31095      30937        158          0         30      21457
Mem:         31095      30940        155          0         30      21460
Mem:         31095      30935        159          0         31      21456
Mem:         31095      30934        160          0         31      21455
Mem:         31095      30933        161          0         31      21453
Mem:         31095      30938        157          0         31      21459
Mem:         31095      30938        156          0         31      21458
Mem:         31095      30938        156          0         31      21459
Mem:         31095      30933        161          0         31      21445
Mem:         31095      30936        158          0         31      21449
Mem:         31095      30937        157          0         31      21450
Mem:         31095      30940        154          0         31      21454
Mem:         31095      30939        156          0         31      21451
Mem:         31095      30939        155          0         31      21452
Mem:         31095      30934        160          0         31      21450
Mem:         31095      30937        157          0         31      21452
Mem:         31095      30934        160          0         31      21448
Mem:         31095      30940        154          0         31      21453
Mem:         31095      30937        157          0         31      21451
Mem:         31095      30937        157          0         31      21448
Mem:         31095      30941        153          0         31      21455
Mem:         31095      30934        160          0         31      21447
Mem:         31095      30939        155          0         31      21451
Mem:         31095      30912        183          0         31      21416
Mem:         31095      30935        160          0         32      21439
Mem:         31095      30923        171          0         32      21426
Mem:         31095      30936        158          0         32      21441
Mem:         31095      30935        159          0         32      21439
Mem:         31095      30936        158          0         32      21439
Mem:         31095      30935        159          0         32      21439
Mem:         31095      30936        159          0         32      21441
Mem:         31095      30937        158          0         32      21440
Mem:         31095      30933        162          0         32      21437
Mem:         31095      30940        154          0         32      21444
Mem:         31095      30940        154          0         32      21443
Mem:         31095      30930        164          0         32      21435
Mem:         31095      30936        158          0         32      21440
Mem:         31095      30936        158          0         32      21440
Mem:         31095      30935        159          0         32      21440
Mem:         31095      30935        159          0         32      21438
Mem:         31095      30934        160          0         32      21438
Mem:         31095      30933        161          0         32      21423
Mem:         31095      30923        171          0         32      21412
Mem:         31095      30936        158          0         32      21414
Mem:         31095      30938        156          0         33      21428
Mem:         31095      30935        159          0         33      21424
Mem:         31095      30938        156          0         33      21426
Mem:         31095      30940        154          0         33      21429
Mem:         31095      30933        162          0         33      21421
Mem:         31095      30938        156          0         33      21424
Mem:         31095      30935        159          0         33      21423
Mem:         31095      30941        153          0         33      21430
Mem:         31095      30937        157          0         33      21428
Mem:         31095      30939        156          0         33      21427
Mem:         31095      30942        152          0         33      21428
Mem:         31095      30936        158          0         33      21418
Mem:         31095      30934        160          0         33      21416
Mem:         31095      30935        159          0         33      21416
Mem:         31095      30932        162          0         33      21414
Mem:         31095      30936        158          0         34      21417
Mem:         31095      30941        153          0         34      21420
Mem:         31095      30937        158          0         34      21416
Mem:         31095      30933        161          0         34      21413
Mem:         31095      30941        153          0         34      21421
Mem:         31095      30935        159          0         34      21415
Mem:         31095      30940        154          0         34      21421
Mem:         31095      30941        154          0         34      21405
Mem:         31095      30935        159          0         34      21400
Mem:         31095      30941        153          0         34      21406
Mem:         31095      30933        161          0         34      21398
Mem:         31095      30935        159          0         34      21400
Mem:         31095      30938        156          0         34      21402
Mem:         31095      30936        159          0         34      21401
Mem:         31095      30941        153          0         34      21406
Mem:         31095      30941        153          0         34      21406
Mem:         31095      30934        160          0         35      21399
Mem:         31095      30939        156          0         35      21398
Mem:         31095      30932        162          0         35      21390
Mem:         31095      30939        155          0         35      21399
Mem:         31095      30936        158          0         35      21392
Mem:         31095      30941        153          0         35      21401
Mem:         31095      30939        155          0         35      21400
Mem:         31095      30937        157          0         35      21397
Mem:         31095      30941        153          0         35      21401
Mem:         31095      30936        158          0         35      21395
Mem:         31095      30935        160          0         35      21393
Mem:         31095      30941        153          0         35      21400
Mem:         31095      30931        163          0         35      21391
Mem:         31095      30934        160          0         36      21383
Mem:         31095      30942        153          0         36      21390
Mem:         31095      30936        158          0         36      21385
Mem:         31095      30936        158          0         36      21386
Mem:         31095      30933        162          0         36      21380
Mem:         31095      30936        158          0         36      21386
Mem:         31095      30935        159          0         36      21382
Mem:         31095      30938        156          0         36      21389
Mem:         31095      30941        153          0         36      21391
Mem:         31095      30934        161          0         36      21384
Mem:         31095      30936        158          0         36      21387
Mem:         31095      30934        160          0         36      21383
Mem:         31095      30934        161          0         36      21381
Mem:         31095      30911        183          0         36      21356
Mem:         31095      30940        154          0         36      21384
Mem:         31095      30940        154          0         36      21387
Mem:         31095      30935        159          0         36      21383
Mem:         31095      30933        161          0         36      21381
Mem:         31095      30940        154          0         37      21387
Mem:         31095      30941        153          0         37      21390
Mem:         31095      30936        158          0         37      21384
Mem:         31095      30941        153          0         37      21389
Mem:         31095      30928        166          0         37      21377
Mem:         31095      30939        155          0         37      21389
Mem:         31095      30933        161          0         37      21383
Mem:         31095      30935        159          0         37      21386
Mem:         31095      30939        155          0         37      21390
Mem:         31095      30933        161          0         37      21384
Mem:         31095      30934        160          0         37      21384
Mem:         31095      30939        155          0         37      21389
Mem:         31095      30933        161          0         37      21384
Mem:         31095      30938        156          0         37      21379
Mem:         31095      30932        162          0         37      21383
Mem:         31095      30936        158          0         37      21388
Mem:         31095      30941        153          0         37      21393
Mem:         31095      30936        158          0         37      21388
Mem:         31095      30938        156          0         37      21389
Mem:         31095      30932        162          0         37      21384
Mem:         31095      30938        156          0         37      21377
Mem:         31095      30931        163          0         37      21381
Mem:         31095      30916        178          0         37      21368
Mem:         31095      30940        154          0         37      21391
Mem:         31095      30936        158          0         37      21388
Mem:         31095      30932        162          0         37      21385
Mem:         31095      30933        161          0         37      21386
Mem:         31095      30938        157          0         37      21389
Mem:         31095      30933        161          0         37      21385
Mem:         31095      30939        155          0         37      21391
Mem:         31095      30933        161          0         37      21385
Mem:         31095      30938        156          0         37      21390
Mem:         31095      30933        161          0         37      21385
Mem:         31095      30937        157          0         37      21389
Mem:         31095      30932        162          0         37      21385
Mem:         31095      30939        155          0         37      21392
Mem:         31095      30936        158          0         38      21388
Mem:         31095      30933        161          0         38      21385
Mem:         31095      30939        155          0         38      21391
Mem:         31095      30935        159          0         38      21387
Mem:         31095      30933        161          0         38      21385
Mem:         31095      30934        160          0         38      21386
Mem:         31095      30932        162          0         38      21385
Mem:         31095      30940        154          0         38      21392
Mem:         31095      30941        153          0         38      21393
Mem:         31095      30940        154          0         38      21391
Mem:         31095      30938        156          0         38      21391
Mem:         31095      30937        157          0         38      21389
Mem:         31095      30935        159          0         38      21386
Mem:         31095      30936        158          0         38      21389
Mem:         31095      30936        158          0         38      21388
Mem:         31095      30939        155          0         38      21393
Mem:         31095      30932        162          0         38      21386
Mem:         31095      30938        156          0         38      21393
Mem:         31095      30933        161          0         38      21388
Mem:         31095      30938        156          0         38      21392
Mem:         31095      30935        159          0         38      21391
Mem:         31095      30938        156          0         38      21394
Mem:         31095      30941        153          0         38      21397
Mem:         31095      30936        159          0         38      21391
Mem:         31095      30939        155          0         38      21394
Mem:         31095      30942        153          0         38      21398
Mem:         31095      30936        158          0         38      21392
Mem:         31095      30935        159          0         38      21394
Mem:         31095      30938        156          0         38      21396
Mem:         31095      30932        162          0         38      21390
Mem:         31095      30937        157          0         38      21394
Mem:         31095      30941        153          0         38      21397
Mem:         31095      30936        158          0         38      21391
Mem:         31095      30940        154          0         38      21395
Mem:         31095      30933        161          0         38      21390
Mem:         31095      30932        162          0         38      21389
Mem:         31095      30936        158          0         38      21392
Mem:         31095      30940        154          0         38      21396
Mem:         31095      30934        160          0         38      21390
Mem:         31095      30941        153          0         38      21397
Mem:         31095      30940        154          0         38      21397
Mem:         31095      30940        154          0         38      21397
Mem:         31095      30930        165          0         38      21386
Mem:         31095      30929        165          0         38      21386
Mem:         31095      30910        184          0         38      21366
Mem:         31095      30909        185          0         38      21366
Mem:         31095      30909        185          0         38      21366
Mem:         31095      30909        185          0         38      21366
Mem:         31095      30909        186          0         38      21365
Mem:         31095      28268       2826          0         38      21365
