Mem:         30734       2006      28728          0          3         67
Mem:         30734       2071      28663          0          4         80
Mem:         30734       2160      28574          0          4         98
Mem:         30734       2211      28523          0          4        105
Mem:         30734       2211      28523          0          4        104
Mem:         30734       2499      28235          0          4        111
Mem:         30734       3052      27682          0          4        173
Mem:         30734       5066      25668          0          4        303
Mem:         30734       6703      24030          0          4        522
Mem:         30734       8153      22581          0          5        796
Mem:         30734       8759      21975          0          5       1092
Mem:         30734       9306      21428          0          5       1427
Mem:         30734       9723      21011          0          6       1771
Mem:         30734      10031      20703          0          6       2078
Mem:         30734      10224      20510          0          6       2272
Mem:         30734      10468      20266          0          7       2465
Mem:         30734      10751      19983          0          7       2747
Mem:         30734      11157      19576          0          8       2992
Mem:         30734      11386      19348          0          8       3221
Mem:         30734      11907      18827          0          8       3428
Mem:         30734      13144      17590          0          9       3626
Mem:         30734      13379      17355          0          9       3860
Mem:         30734      13769      16965          0         10       4114
Mem:         30734      14029      16705          0         10       4371
Mem:         30734      14296      16438          0         10       4638
Mem:         30734      14603      16131          0         10       4917
Mem:         30734      14882      15852          0         11       5189
Mem:         30734      15168      15566          0         11       5452
Mem:         30734      15448      15286          0         11       5733
Mem:         30734      15682      15052          0         12       5952
Mem:         30734      15933      14801          0         12       6203
Mem:         30734      16157      14577          0         12       6427
Mem:         30734      16437      14297          0         12       6687
Mem:         30734      16656      14078          0         12       6904
Mem:         30734      16791      13943          0         13       7040
Mem:         30734      16926      13808          0         13       7175
Mem:         30734      17066      13668          0         13       7314
Mem:         30734      17219      13515          0         13       7465
Mem:         30734      17367      13367          0         13       7613
Mem:         30734      17516      13218          0         13       7762
Mem:         30734      17657      13076          0         13       7904
Mem:         30734      17802      12931          0         14       8049
Mem:         30734      17924      12810          0         14       8170
Mem:         30734      18058      12676          0         14       8302
Mem:         30734      18165      12569          0         14       8409
Mem:         30734      18297      12437          0         14       8535
Mem:         30734      18412      12322          0         14       8651
Mem:         30734      18496      12238          0         14       8736
Mem:         30734      18605      12129          0         14       8844
Mem:         30734      18710      12024          0         15       8948
Mem:         30734      18802      11932          0         15       9040
Mem:         30734      18880      11854          0         15       9118
Mem:         30734      18973      11761          0         15       9210
Mem:         30734      19066      11668          0         15       9304
Mem:         30734      19158      11576          0         15       9395
Mem:         30734      19259      11474          0         15       9497
Mem:         30734      19362      11372          0         15       9599
Mem:         30734      19456      11278          0         15       9693
Mem:         30734      19584      11149          0         15       9817
Mem:         30734      19702      11031          0         16       9934
Mem:         30734      19863      10871          0         16      10095
Mem:         30734      20060      10674          0         16      10287
Mem:         30734      20293      10441          0         16      10520
Mem:         30734      20455      10279          0         16      10682
Mem:         30734      20601      10133          0         16      10824
Mem:         30734      20735       9999          0         17      10958
Mem:         30734      20856       9878          0         17      11079
Mem:         30734      20988       9746          0         17      11211
Mem:         30734      21125       9609          0         17      11347
Mem:         30734      21375       9359          0         17      11596
Mem:         30734      21647       9087          0         17      11867
Mem:         30734      21918       8816          0         18      12138
Mem:         30734      22200       8534          0         18      12395
Mem:         30734      22464       8270          0         18      12663
Mem:         30734      22705       8029          0         18      12891
Mem:         30734      22962       7772          0         19      13150
Mem:         30734      23180       7554          0         19      13367
Mem:         30734      23359       7375          0         19      13522
Mem:         30734      23549       7185          0         19      13712
Mem:         30734      23756       6977          0         19      13919
Mem:         30734      23981       6753          0         20      14125
Mem:         30734      24173       6561          0         20      14316
Mem:         30734      24337       6397          0         20      14480
Mem:         30734      24574       6159          0         20      14692
Mem:         30734      24744       5990          0         20      14862
Mem:         30734      24935       5799          0         21      15053
Mem:         30734      25129       5605          0         21      15247
Mem:         30734      25345       5389          0         21      15448
Mem:         30734      25557       5177          0         21      15661
Mem:         30734      25764       4969          0         21      15870
Mem:         30734      25965       4769          0         22      16043
Mem:         30734      26160       4574          0         22      16239
Mem:         30734      26374       4360          0         22      16453
Mem:         30734      26608       4126          0         22      16672
Mem:         30734      26815       3919          0         22      16881
Mem:         30734      27030       3704          0         23      17072
Mem:         30734      27214       3520          0         23      17257
Mem:         30734      27427       3307          0         23      17469
Mem:         30734      27633       3101          0         23      17664
Mem:         30734      27835       2898          0         23      17866
Mem:         30734      28046       2688          0         24      18078
Mem:         30734      28225       2509          0         24      18229
Mem:         30734      28379       2355          0         24      18382
Mem:         30734      28527       2207          0         24      18531
Mem:         30734      28671       2063          0         24      18674
Mem:         30734      28801       1933          0         24      18792
Mem:         30734      28989       1745          0         25      18979
Mem:         30734      29191       1542          0         25      19180
Mem:         30734      29433       1301          0         25      19385
Mem:         30734      29594       1140          0         25      19546
Mem:         30734      29775        959          0         25      19727
Mem:         30734      29958        776          0         25      19910
Mem:         30734      30043        691          0         26      19982
Mem:         30734      30102        632          0         26      20040
Mem:         30734      30175        559          0         26      20113
Mem:         30734      30263        471          0         26      20202
Mem:         30734      30330        404          0         26      20271
Mem:         30734      30417        316          0         26      20356
Mem:         30734      30480        254          0         26      20419
Mem:         30734      30579        155          0         26      20508
Mem:         30734      30591        143          0         26      20521
Mem:         30734      30595        138          0         26      20527
Mem:         30734      30595        139          0         26      20523
Mem:         30734      30594        140          0         26      20524
Mem:         30734      30595        139          0         26      20515
Mem:         30734      30590        144          0         26      20509
Mem:         30734      30594        140          0         26      20515
Mem:         30734      30595        139          0         26      20516
Mem:         30734      30592        142          0         27      20512
Mem:         30734      30591        143          0         27      20511
Mem:         30734      30591        143          0         27      20511
Mem:         30734      30592        142          0         27      20513
Mem:         30734      30592        142          0         27      20513
Mem:         30734      30593        141          0         27      20514
Mem:         30734      30595        139          0         27      20518
Mem:         30734      30595        139          0         27      20518
Mem:         30734      30594        140          0         27      20515
Mem:         30734      30591        143          0         27      20513
Mem:         30734      30591        143          0         27      20513
Mem:         30734      30538        196          0         27      20459
Mem:         30734      30563        171          0         27      20486
Mem:         30734      30595        139          0         27      20514
Mem:         30734      30593        141          0         27      20512
Mem:         30734      30591        143          0         27      20510
Mem:         30734      30591        143          0         27      20510
Mem:         30734      30589        144          0         27      20481
Mem:         30734      30594        140          0         27      20486
Mem:         30734      30596        138          0         27      20486
Mem:         30734      30592        142          0         27      20463
Mem:         30734      30590        144          0         28      20462
Mem:         30734      30594        140          0         28      20468
Mem:         30734      30595        139          0         28      20444
Mem:         30734      30595        139          0         28      20444
Mem:         30734      30592        142          0         28      20442
Mem:         30734      30588        145          0         28      20428
Mem:         30734      30593        141          0         28      20434
Mem:         30734      30591        143          0         29      20431
Mem:         30734      30590        144          0         29      20430
Mem:         30734      30591        143          0         29      20431
Mem:         30734      30591        143          0         29      20423
Mem:         30734      30595        139          0         29      20426
Mem:         30734      30594        140          0         29      20425
Mem:         30734      30590        144          0         29      20418
Mem:         30734      30591        143          0         29      20421
Mem:         30734      30590        144          0         29      20419
Mem:         30734      30591        143          0         29      20421
Mem:         30734      30591        143          0         29      20421
Mem:         30734      30595        139          0         29      20419
Mem:         30734      30589        145          0         29      20412
Mem:         30734      30592        142          0         29      20416
Mem:         30734      30592        142          0         30      20417
Mem:         30734      30595        139          0         30      20419
Mem:         30734      30591        143          0         30      20416
Mem:         30734      30591        143          0         30      20416
Mem:         30734      30594        140          0         30      20418
Mem:         30734      30586        148          0         30      20404
Mem:         30734      30594        140          0         30      20411
Mem:         30734      30588        146          0         30      20405
Mem:         30734      30591        142          0         30      20409
Mem:         30734      30590        144          0         30      20396
Mem:         30734      30593        141          0         31      20401
Mem:         30734      30588        146          0         31      20393
Mem:         30734      30595        139          0         31      20401
Mem:         30734      30591        143          0         31      20398
Mem:         30734      30594        140          0         31      20395
Mem:         30734      30592        142          0         31      20392
Mem:         30734      30592        142          0         31      20391
Mem:         30734      30594        140          0         31      20394
Mem:         30734      30592        142          0         32      20393
Mem:         30734      30589        144          0         32      20389
Mem:         30734      30590        143          0         32      20381
Mem:         30734      30592        142          0         32      20384
Mem:         30734      30589        145          0         32      20380
Mem:         30734      30592        142          0         32      20358
Mem:         30734      30593        141          0         33      20358
Mem:         30734      30591        143          0         33      20357
Mem:         30734      30592        142          0         33      20353
Mem:         30734      30588        146          0         33      20336
Mem:         30734      30589        145          0         33      20339
Mem:         30734      30590        144          0         33      20339
Mem:         30734      30596        138          0         33      20344
Mem:         30734      30591        143          0         33      20339
Mem:         30734      30594        140          0         33      20342
Mem:         30734      30591        143          0         33      20339
Mem:         30734      30590        144          0         34      20336
Mem:         30734      30594        140          0         34      20341
Mem:         30734      30590        144          0         34      20336
Mem:         30734      30593        141          0         34      20340
Mem:         30734      30593        141          0         34      20340
Mem:         30734      30594        140          0         34      20338
Mem:         30734      30589        145          0         34      20324
Mem:         30734      30593        141          0         34      20329
Mem:         30734      30595        139          0         34      20331
Mem:         30734      30594        140          0         34      20330
Mem:         30734      30589        145          0         34      20325
Mem:         30734      30588        146          0         35      20324
Mem:         30734      30595        139          0         35      20332
Mem:         30734      30601        133          0         35      20334
Mem:         30734      30598        136          0         35      20316
Mem:         30734      30600        134          0         35      20319
Mem:         30734      30590        144          0         35      20310
Mem:         30734      30599        135          0         35      20317
Mem:         30734      30590        144          0         36      20317
Mem:         30734      30589        145          0         36      20305
Mem:         30734      30599        135          0         36      20313
Mem:         30734      30595        139          0         36      20311
Mem:         30734      30596        138          0         36      20311
Mem:         30734      30590        144          0         36      20290
Mem:         30734      30595        139          0         36      20297
Mem:         30734      30592        142          0         37      20294
Mem:         30734      30593        141          0         37      20294
Mem:         30734      30594        140          0         37      20296
Mem:         30734      30591        143          0         37      20294
Mem:         30734      30588        145          0         37      20287
Mem:         30734      30593        141          0         37      20291
Mem:         30734      30592        142          0         37      20291
Mem:         30734      30592        142          0         37      20291
Mem:         30734      30591        143          0         38      20289
Mem:         30734      30590        144          0         38      20267
Mem:         30734      30595        139          0         38      20273
Mem:         30734      30593        141          0         38      20268
Mem:         30734      30594        140          0         38      20271
Mem:         30734      30594        140          0         38      20273
Mem:         30734      30595        138          0         38      20274
Mem:         30734      30593        141          0         38      20264
Mem:         30734      30591        143          0         39      20260
Mem:         30734      30596        138          0         39      20266
Mem:         30734      30588        146          0         39      20239
Mem:         30734      30592        142          0         39      20240
Mem:         30734      30596        138          0         39      20247
Mem:         30734      30591        143          0         40      20223
Mem:         30734      30589        144          0         40      20220
Mem:         30734      30594        140          0         40      20227
Mem:         30734      30592        142          0         40      20225
Mem:         30734      30591        143          0         40      20209
Mem:         30734      30590        144          0         40      20209
Mem:         30734      30539        194          0         40      20158
Mem:         30734      30591        143          0         41      20209
Mem:         30734      30590        144          0         41      20209
Mem:         30734      30591        143          0         41      20196
Mem:         30734      30589        145          0         41      20192
Mem:         30734      30595        138          0         41      20201
Mem:         30734      30595        139          0         41      20199
Mem:         30734      30589        145          0         41      20193
Mem:         30734      30591        143          0         42      20181
Mem:         30734      30589        145          0         42      20177
Mem:         30734      30594        140          0         42      20182
Mem:         30734      30589        144          0         42      20178
Mem:         30734      30592        141          0         42      20156
Mem:         30734      30596        138          0         42      20161
Mem:         30734      30591        143          0         42      20154
Mem:         30734      30589        145          0         43      20154
Mem:         30734      30592        142          0         43      20140
Mem:         30734      30592        142          0         43      20138
Mem:         30734      30594        140          0         43      20141
Mem:         30734      30595        139          0         43      20141
Mem:         30734      30587        147          0         43      20113
Mem:         30734      30592        141          0         43      20116
Mem:         30734      30593        141          0         44      20119
Mem:         30734      30590        144          0         44      20116
Mem:         30734      30592        142          0         44      20117
Mem:         30734      30589        145          0         44      20113
Mem:         30734      30594        140          0         44      20118
Mem:         30734      30593        141          0         44      20117
Mem:         30734      30595        139          0         44      20119
Mem:         30734      30592        142          0         44      20116
Mem:         30734      30591        143          0         44      20117
Mem:         30734      30590        144          0         44      20114
Mem:         30734      30589        145          0         44      20114
Mem:         30734      30594        140          0         44      20120
Mem:         30734      30593        141          0         45      20103
Mem:         30734      30595        139          0         45      20104
Mem:         30734      30592        142          0         45      20098
Mem:         30734      30593        141          0         45      20100
Mem:         30734      30596        138          0         45      20102
Mem:         30734      30591        143          0         45      20081
Mem:         30734      30594        140          0         45      20083
Mem:         30734      30592        142          0         46      20081
Mem:         30734      30594        140          0         46      20083
Mem:         30734      30595        139          0         46      20083
Mem:         30734      30590        143          0         46      20079
Mem:         30734      30596        138          0         46      20072
Mem:         30734      30593        141          0         46      20069
Mem:         30734      30589        145          0         46      20066
Mem:         30734      30591        143          0         46      20066
Mem:         30734      30589        145          0         47      20065
Mem:         30734      30589        145          0         47      20063
Mem:         30734      30590        144          0         47      20052
Mem:         30734      30589        145          0         47      20050
Mem:         30734      30591        143          0         47      20051
Mem:         30734      30594        140          0         47      20053
Mem:         30734      30590        144          0         47      20049
Mem:         30734      30592        142          0         47      20052
Mem:         30734      30591        143          0         47      20051
Mem:         30734      30595        139          0         48      20053
Mem:         30734      30595        139          0         48      20049
Mem:         30734      30590        144          0         48      20043
Mem:         30734      30591        143          0         48      20046
Mem:         30734      30591        143          0         48      20045
Mem:         30734      30595        139          0         48      20049
Mem:         30734      30590        144          0         48      20044
Mem:         30734      30588        146          0         49      20025
Mem:         30734      30591        143          0         49      20028
Mem:         30734      30595        139          0         49      20033
Mem:         30734      30592        142          0         50      20029
Mem:         30734      30591        143          0         50      20029
Mem:         30734      30589        145          0         50      20025
Mem:         30734      30595        139          0         50      20018
Mem:         30734      30590        144          0         50      20014
Mem:         30734      30589        145          0         50      20013
Mem:         30734      30594        140          0         50      20016
Mem:         30734      30591        143          0         50      20009
Mem:         30734      30593        141          0         50      20010
Mem:         30734      30596        138          0         50      20013
Mem:         30734      30592        142          0         50      20009
Mem:         30734      30592        142          0         51      20009
Mem:         30734      30595        138          0         51      20009
Mem:         30734      30595        139          0         51      20007
Mem:         30734      30591        142          0         51      20003
Mem:         30734      30592        142          0         51      20003
Mem:         30734      30593        141          0         51      20006
Mem:         30734      30594        140          0         51      20005
Mem:         30734      30589        145          0         51      20002
Mem:         30734      30588        146          0         51      19999
Mem:         30734      30592        142          0         51      20003
Mem:         30734      30592        142          0         51      20000
Mem:         30734      30595        139          0         51      20001
Mem:         30734      30595        139          0         52      20001
Mem:         30734      30590        143          0         52      19996
Mem:         30734      30595        139          0         52      19999
Mem:         30734      30595        139          0         52      20001
Mem:         30734      30588        146          0         52      19994
Mem:         30734      30590        144          0         52      19994
Mem:         30734      30590        144          0         52      19997
Mem:         30734      30593        141          0         52      20001
Mem:         30734      30593        141          0         52      19998
Mem:         30734      30592        142          0         52      19992
Mem:         30734      30593        140          0         52      19993
Mem:         30734      30590        144          0         53      19992
Mem:         30734      30589        145          0         53      19990
Mem:         30734      30595        139          0         53      19995
Mem:         30734      30593        141          0         53      19974
Mem:         30734      30592        142          0         53      19974
Mem:         30734      30588        146          0         53      19969
Mem:         30734      30589        145          0         54      19954
Mem:         30734      30591        143          0         54      19954
Mem:         30734      30591        143          0         54      19943
Mem:         30734      30594        140          0         54      19948
Mem:         30734      30595        139          0         54      19949
Mem:         30734      30594        140          0         55      19935
Mem:         30734      30593        141          0         55      19932
Mem:         30734      30601        133          0         55      19941
Mem:         30734      30599        135          0         55      19920
Mem:         30734      30595        139          0         55      19916
Mem:         30734      30592        142          0         56      19913
Mem:         30734      30595        139          0         56      19891
Mem:         30734      30594        140          0         56      19889
Mem:         30734      30596        138          0         56      19891
Mem:         30734      30594        140          0         56      19889
Mem:         30734      30593        141          0         56      19875
Mem:         30734      30592        142          0         57      19876
Mem:         30734      30596        138          0         57      19880
Mem:         30734      30589        145          0         57      19874
Mem:         30734      30593        141          0         57      19857
Mem:         30734      30591        142          0         57      19853
Mem:         30734      30591        143          0         57      19853
Mem:         30734      30600        134          0         57      19861
Mem:         30734      30592        142          0         58      19840
Mem:         30734      30593        141          0         58      19841
Mem:         30734      30595        139          0         58      19844
Mem:         30734      30595        139          0         58      19843
Mem:         30734      30589        145          0         58      19837
Mem:         30734      30593        141          0         58      19841
Mem:         30734      30593        141          0         58      19820
Mem:         30734      30593        141          0         58      19818
Mem:         30734      30587        146          0         59      19813
Mem:         30734      30594        140          0         59      19818
Mem:         30734      30588        146          0         59      19814
Mem:         30734      30592        142          0         59      19820
Mem:         30734      30593        141          0         59      19810
Mem:         30734      30590        144          0         59      19807
Mem:         30734      30591        143          0         59      19807
Mem:         30734      30588        146          0         59      19802
Mem:         30734      30592        142          0         60      19772
Mem:         30734      30590        143          0         60      19771
Mem:         30734      30594        140          0         60      19774
Mem:         30734      30590        144          0         60      19768
Mem:         30734      30593        141          0         60      19773
Mem:         30734      30591        143          0         60      19766
Mem:         30734      30592        142          0         60      19769
Mem:         30734      30592        142          0         61      19762
Mem:         30734      30595        139          0         61      19764
Mem:         30734      30591        143          0         61      19761
Mem:         30734      30590        144          0         61      19760
Mem:         30734      30595        139          0         61      19763
Mem:         30734      30593        141          0         61      19761
Mem:         30734      30591        143          0         61      19759
Mem:         30734      30595        139          0         61      19762
Mem:         30734      30592        141          0         61      19760
Mem:         30734      30592        142          0         61      19761
Mem:         30734      30589        145          0         62      19759
Mem:         30734      30590        144          0         62      19757
Mem:         30734      30588        146          0         62      19755
Mem:         30734      30590        144          0         62      19755
Mem:         30734      30594        140          0         62      19760
Mem:         30734      30587        147          0         62      19750
Mem:         30734      30593        141          0         62      19732
Mem:         30734      30590        144          0         62      19727
Mem:         30734      30593        141          0         62      19730
Mem:         30734      30593        141          0         62      19730
Mem:         30734      30590        144          0         62      19726
Mem:         30734      30592        142          0         62      19729
Mem:         30734      30595        139          0         62      19732
Mem:         30734      30593        141          0         63      19724
Mem:         30734      30590        144          0         63      19719
Mem:         30734      30589        145          0         63      19719
Mem:         30734      30600        134          0         63      19730
Mem:         30734      30591        143          0         63      19719
Mem:         30734      30595        139          0         63      19725
Mem:         30734      30590        144          0         63      19717
Mem:         30734      30593        141          0         63      19721
Mem:         30734      30593        141          0         63      19720
Mem:         30734      30595        139          0         63      19719
Mem:         30734      30593        140          0         63      19715
Mem:         30734      30595        139          0         64      19720
Mem:         30734      30592        142          0         64      19717
Mem:         30734      30595        139          0         64      19719
Mem:         30734      30595        139          0         64      19718
Mem:         30734      30594        139          0         64      19719
Mem:         30734      30594        140          0         64      19718
Mem:         30734      30592        142          0         64      19702
Mem:         30734      30590        144          0         65      19699
Mem:         30734      30593        141          0         65      19704
Mem:         30734      30596        138          0         65      19706
Mem:         30734      30592        142          0         65      19700
Mem:         30734      30594        139          0         65      19704
Mem:         30734      30590        144          0         65      19683
Mem:         30734      30592        142          0         65      19688
Mem:         30734      30596        138          0         65      19692
Mem:         30734      30587        146          0         66      19686
Mem:         30734      30594        140          0         66      19676
Mem:         30734      30591        143          0         66      19673
Mem:         30734      30595        139          0         66      19675
Mem:         30734      30594        140          0         66      19676
Mem:         30734      30590        144          0         66      19671
Mem:         30734      30588        146          0         66      19668
Mem:         30734      30588        146          0         67      19655
Mem:         30734      30596        138          0         67      19662
Mem:         30734      30595        139          0         67      19662
Mem:         30734      30593        141          0         67      19664
Mem:         30734      30592        142          0         67      19663
Mem:         30734      30589        145          0         67      19660
Mem:         30734      30590        144          0         67      19644
Mem:         30734      30594        140          0         67      19648
Mem:         30734      30592        141          0         67      19646
Mem:         30734      30590        144          0         68      19644
Mem:         30734      30594        139          0         68      19650
Mem:         30734      30595        139          0         68      19647
Mem:         30734      30594        140          0         68      19635
Mem:         30734      30591        143          0         68      19634
Mem:         30734      30593        141          0         68      19634
Mem:         30734      30592        142          0         68      19633
Mem:         30734      30588        145          0         69      19617
Mem:         30734      30593        141          0         69      19618
Mem:         30734      30595        139          0         69      19621
Mem:         30734      30592        142          0         69      19617
Mem:         30734      30592        142          0         69      19619
Mem:         30734      30594        140          0         69      19619
Mem:         30734      30594        140          0         69      19612
Mem:         30734      30590        144          0         69      19605
Mem:         30734      30591        143          0         69      19609
Mem:         30734      30592        142          0         70      19608
Mem:         30734      30591        143          0         70      19608
Mem:         30734      30592        142          0         70      19607
Mem:         30734      30593        141          0         70      19609
Mem:         30734      30588        146          0         70      19595
Mem:         30734      30593        141          0         70      19596
Mem:         30734      30590        144          0         70      19596
Mem:         30734      30591        142          0         70      19600
Mem:         30734      30591        143          0         70      19595
Mem:         30734      30591        143          0         71      19598
Mem:         30734      30596        138          0         71      19603
Mem:         30734      30595        139          0         71      19593
Mem:         30734      30593        141          0         71      19591
Mem:         30734      30593        141          0         71      19586
Mem:         30734      30594        140          0         71      19587
Mem:         30734      30594        140          0         71      19588
Mem:         30734      30590        144          0         71      19570
Mem:         30734      30593        141          0         72      19571
Mem:         30734      30594        140          0         72      19571
Mem:         30734      30595        139          0         72      19572
Mem:         30734      30591        143          0         72      19568
Mem:         30734      30587        147          0         72      19566
Mem:         30734      30600        134          0         72      19576
Mem:         30734      30591        143          0         72      19569
Mem:         30734      30595        139          0         72      19571
Mem:         30734      30593        141          0         72      19574
Mem:         30734      30595        139          0         73      19570
Mem:         30734      30590        144          0         73      19562
Mem:         30734      30593        141          0         73      19567
Mem:         30734      30592        142          0         73      19562
Mem:         30734      30593        141          0         73      19564
Mem:         30734      30590        144          0         73      19561
Mem:         30734      30590        144          0         73      19563
Mem:         30734      30589        145          0         73      19551
Mem:         30734      30591        143          0         73      19553
Mem:         30734      30588        146          0         73      19549
Mem:         30734      30591        143          0         73      19554
Mem:         30734      30595        139          0         73      19561
Mem:         30734      30592        142          0         74      19554
Mem:         30734      30592        141          0         74      19556
Mem:         30734      30594        140          0         74      19563
Mem:         30734      30590        143          0         74      19559
Mem:         30734      30590        144          0         74      19557
Mem:         30734      30593        141          0         74      19562
Mem:         30734      30591        143          0         74      19561
Mem:         30734      30592        142          0         74      19562
Mem:         30734      30590        144          0         74      19561
Mem:         30734      30595        139          0         74      19565
Mem:         30734      30595        139          0         74      19565
Mem:         30734      30588        146          0         74      19559
Mem:         30734      30593        141          0         74      19560
Mem:         30734      30595        139          0         74      19563
Mem:         30734      30588        145          0         74      19558
Mem:         30734      30593        141          0         74      19561
Mem:         30734      30592        142          0         74      19561
Mem:         30734      30594        140          0         74      19564
Mem:         30734      30588        146          0         74      19558
Mem:         30734      30568        166          0         74      19538
Mem:         30734      30590        144          0         74      19560
Mem:         30734      30594        140          0         74      19567
Mem:         30734      30594        140          0         74      19565
Mem:         30734      30589        145          0         74      19562
Mem:         30734      30593        141          0         74      19565
Mem:         30734      30590        144          0         74      19562
Mem:         30734      30592        142          0         74      19564
Mem:         30734      30594        140          0         74      19567
Mem:         30734      30591        143          0         74      19565
Mem:         30734      30595        139          0         74      19568
Mem:         30734      30587        147          0         74      19562
Mem:         30734      30589        145          0         74      19565
Mem:         30734      30591        142          0         74      19567
Mem:         30734      30594        140          0         74      19570
Mem:         30734      30595        139          0         74      19572
Mem:         30734      30592        142          0         74      19567
Mem:         30734      30593        141          0         74      19568
Mem:         30734      30595        139          0         74      19571
Mem:         30734      30587        147          0         74      19563
Mem:         30734      30589        144          0         74      19566
Mem:         30734      30591        143          0         74      19568
Mem:         30734      30591        143          0         74      19570
Mem:         30734      30593        141          0         74      19571
Mem:         30734      30590        144          0         74      19567
Mem:         30734      30591        143          0         74      19569
Mem:         30734      30595        139          0         74      19570
Mem:         30734      30593        141          0         74      19568
Mem:         30734      30596        138          0         74      19571
Mem:         30734      30591        143          0         74      19566
Mem:         30734      30593        141          0         74      19569
Mem:         30734      30593        141          0         74      19570
Mem:         30734      30595        139          0         74      19572
Mem:         30734      30589        145          0         74      19565
Mem:         30734      30591        143          0         74      19568
Mem:         30734      30591        143          0         74      19570
Mem:         30734      30594        140          0         74      19572
Mem:         30734      30591        143          0         74      19567
Mem:         30734      30593        141          0         74      19570
Mem:         30734      30595        139          0         74      19572
Mem:         30734      30590        144          0         74      19566
Mem:         30734      30593        141          0         74      19569
Mem:         30734      30594        140          0         74      19570
Mem:         30734      30594        140          0         74      19571
Mem:         30734      30595        139          0         74      19571
Mem:         30734      30589        145          0         74      19565
Mem:         30734      30590        144          0         74      19568
Mem:         30734      30594        140          0         75      19572
Mem:         30734      30591        143          0         75      19569
Mem:         30734      30591        143          0         75      19567
Mem:         30734      30593        141          0         75      19571
Mem:         30734      30589        145          0         75      19566
Mem:         30734      30592        142          0         75      19570
Mem:         30734      30595        139          0         75      19573
Mem:         30734      30590        144          0         75      19568
Mem:         30734      30592        142          0         75      19570
Mem:         30734      30594        140          0         75      19571
Mem:         30734      30593        140          0         75      19572
Mem:         30734      30595        139          0         75      19573
Mem:         30734      30589        145          0         75      19568
Mem:         30734      30592        142          0         75      19571
Mem:         30734      30596        138          0         75      19575
Mem:         30734      30592        142          0         75      19571
Mem:         30734      30594        140          0         75      19573
Mem:         30734      30589        145          0         75      19568
Mem:         30734      30585        149          0         75      19564
Mem:         30734      30584        150          0         75      19563
Mem:         30734      30584        150          0         75      19560
Mem:         30734      30580        154          0         75      19557
Mem:         30734      30579        155          0         75      19556
Mem:         30734      30579        155          0         75      19556
Mem:         30734      30578        156          0         75      19556
Mem:         30734      30578        156          0         75      19555
Mem:         30734      30578        156          0         75      19555
Mem:         30734      30577        157          0         75      19555
Mem:         30734      30577        157          0         75      19555
Mem:         30734      30569        165          0         75      19548
Mem:         30734      30310        424          0         75      19291
Mem:         30734      30273        461          0         75      19254
Mem:         30734      30273        461          0         75      19254
Mem:         30734      30273        461          0         75      19254
Mem:         30734      30272        462          0         75      19254
Mem:         30734      27778       2956          0         75      19254
Mem:         30734      21168       9566          0         75      19253
