Mem:         32105       1682      30422          0          2        101
Mem:         32105       1743      30361          0          3        117
Mem:         32105       1807      30298          0          3        135
Mem:         32105       1908      30196          0          3        148
Mem:         32105       1910      30194          0          3        149
Mem:         32105       2174      29930          0          3        153
Mem:         32105       2853      29251          0          3        202
Mem:         32105       6753      25351          0          4        496
Mem:         32105       8120      23985          0          4        897
Mem:         32105       8844      23261          0          4       1317
Mem:         32105       9306      22799          0          5       1697
Mem:         32105       9693      22412          0          5       2082
Mem:         32105      10142      21962          0          5       2499
Mem:         32105      10654      21450          0          6       2877
Mem:         32105      11003      21102          0          6       3196
Mem:         32105      12603      19501          0          6       3484
Mem:         32105      12941      19163          0          7       3823
Mem:         32105      13419      18686          0          7       4144
Mem:         32105      13690      18414          0          7       4415
Mem:         32105      13892      18212          0          8       4616
Mem:         32105      14119      17985          0          8       4822
Mem:         32105      14252      17852          0          8       4954
Mem:         32105      14369      17735          0          8       5071
Mem:         32105      14472      17632          0          8       5175
Mem:         32105      14611      17493          0          8       5312
Mem:         32105      14765      17339          0          8       5440
Mem:         32105      14900      17205          0          9       5576
Mem:         32105      15052      17052          0          9       5735
Mem:         32105      15227      16878          0          9       5911
Mem:         32105      15391      16713          0          9       6075
Mem:         32105      15523      16581          0          9       6205
Mem:         32105      15633      16471          0          9       6301
Mem:         32105      15727      16377          0          9       6396
Mem:         32105      15830      16274          0          9       6498
Mem:         32105      16000      16104          0         10       6667
Mem:         32105      16175      15930          0         10       6842
Mem:         32105      16294      15810          0         10       6961
Mem:         32105      16445      15660          0         10       7101
Mem:         32105      16559      15545          0         10       7216
Mem:         32105      16694      15410          0         10       7350
Mem:         32105      16839      15265          0         11       7497
Mem:         32105      17005      15099          0         11       7661
Mem:         32105      17137      14968          0         11       7792
Mem:         32105      17331      14773          0         11       7982
Mem:         32105      17525      14579          0         11       8175
Mem:         32105      17704      14400          0         11       8353
Mem:         32105      17937      14168          0         12       8580
Mem:         32105      18057      14047          0         12       8701
Mem:         32105      18170      13934          0         12       8814
Mem:         32105      18306      13799          0         12       8948
Mem:         32105      18456      13648          0         12       9093
Mem:         32105      18626      13478          0         12       9264
Mem:         32105      18811      13293          0         13       9447
Mem:         32105      19006      13098          0         13       9630
Mem:         32105      19121      12984          0         13       9745
Mem:         32105      19204      12900          0         13       9827
Mem:         32105      19300      12804          0         13       9925
Mem:         32105      19409      12695          0         13      10032
Mem:         32105      19557      12548          0         13      10180
Mem:         32105      19683      12421          0         13      10296
Mem:         32105      19812      12292          0         14      10424
Mem:         32105      19938      12166          0         14      10550
Mem:         32105      20072      12033          0         14      10682
Mem:         32105      20208      11896          0         14      10819
Mem:         32105      20360      11744          0         14      10971
Mem:         32105      20503      11601          0         14      11113
Mem:         32105      20666      11439          0         14      11276
Mem:         32105      20864      11240          0         15      11465
Mem:         32105      21033      11072          0         15      11633
Mem:         32105      21213      10891          0         15      11812
Mem:         32105      21422      10682          0         15      11993
Mem:         32105      21527      10577          0         15      12098
Mem:         32105      21657      10447          0         15      12227
Mem:         32105      21766      10338          0         16      12335
Mem:         32105      21846      10258          0         16      12415
Mem:         32105      21925      10179          0         16      12495
Mem:         32105      21990      10114          0         16      12559
Mem:         32105      22094      10010          0         16      12664
Mem:         32105      22220       9884          0         16      12787
Mem:         32105      22340       9765          0         16      12907
Mem:         32105      22448       9656          0         16      13012
Mem:         32105      22533       9571          0         16      13100
Mem:         32105      22618       9487          0         16      13184
Mem:         32105      22705       9400          0         17      13270
Mem:         32105      22790       9315          0         17      13355
Mem:         32105      22901       9204          0         17      13466
Mem:         32105      23046       9059          0         17      13604
Mem:         32105      23208       8897          0         17      13765
Mem:         32105      23363       8742          0         17      13920
Mem:         32105      23584       8521          0         17      14124
Mem:         32105      23779       8325          0         18      14320
Mem:         32105      24062       8042          0         18      14602
Mem:         32105      24372       7732          0         18      14889
Mem:         32105      24641       7463          0         19      15159
Mem:         32105      24919       7185          0         19      15422
Mem:         32105      25171       6933          0         19      15673
Mem:         32105      25419       6686          0         19      15921
Mem:         32105      25669       6435          0         20      16155
Mem:         32105      25938       6166          0         20      16423
Mem:         32105      26212       5893          0         20      16696
Mem:         32105      26473       5631          0         20      16939
Mem:         32105      26652       5452          0         20      17120
Mem:         32105      26898       5207          0         21      17364
Mem:         32105      27173       4931          0         21      17626
Mem:         32105      27361       4744          0         21      17812
Mem:         32105      27526       4578          0         21      17977
Mem:         32105      27722       4382          0         21      18156
Mem:         32105      27840       4264          0         22      18273
Mem:         32105      27916       4189          0         22      18349
Mem:         32105      27981       4123          0         22      18416
Mem:         32105      28098       4007          0         22      18531
Mem:         32105      28230       3875          0         22      18663
Mem:         32105      28339       3765          0         22      18774
Mem:         32105      28441       3664          0         22      18876
Mem:         32105      28531       3574          0         22      18922
Mem:         32105      28589       3515          0         22      18978
Mem:         32105      28668       3437          0         22      19056
Mem:         32105      28742       3362          0         23      19131
Mem:         32105      28798       3307          0         23      19186
Mem:         32105      28842       3263          0         23      19230
Mem:         32105      28875       3230          0         23      19263
Mem:         32105      28906       3198          0         23      19295
Mem:         32105      28981       3123          0         23      19369
Mem:         32105      29054       3051          0         23      19442
Mem:         32105      29132       2972          0         23      19519
Mem:         32105      29197       2907          0         23      19585
Mem:         32105      29255       2849          0         23      19643
Mem:         32105      29341       2763          0         23      19729
Mem:         32105      29432       2672          0         23      19819
Mem:         32105      29533       2571          0         23      19920
Mem:         32105      29596       2508          0         23      19983
Mem:         32105      29638       2466          0         23      20025
Mem:         32105      29682       2422          0         23      20070
Mem:         32105      29725       2379          0         24      20110
Mem:         32105      29758       2346          0         24      20142
Mem:         32105      29805       2299          0         24      20188
Mem:         32105      29926       2178          0         24      20260
Mem:         32105      29958       2147          0         24      20341
Mem:         32105      30039       2065          0         24      20422
Mem:         32105      30152       1953          0         24      20536
Mem:         32105      30258       1846          0         24      20641
Mem:         32105      30347       1758          0         24      20730
Mem:         32105      30396       1708          0         24      20779
Mem:         32105      30399       1706          0         24      20781
Mem:         32105      30444       1660          0         24      20826
Mem:         32105      30481       1624          0         24      20864
Mem:         32105      30519       1585          0         24      20902
Mem:         32105      30606       1499          0         25      20989
Mem:         32105      30689       1416          0         25      21071
Mem:         32105      30769       1336          0         25      21154
Mem:         32105      30826       1278          0         25      21210
Mem:         32105      30884       1221          0         25      21266
Mem:         32105      30945       1159          0         25      21327
Mem:         32105      31018       1086          0         25      21401
Mem:         32105      31097       1007          0         25      21480
Mem:         32105      31187        917          0         25      21569
Mem:         32105      31286        818          0         25      21657
Mem:         32105      31285        819          0         25      21654
Mem:         32105      31315        789          0         25      21684
Mem:         32105      31346        758          0         25      21716
Mem:         32105      31377        728          0         25      21746
Mem:         32105      31388        716          0         25      21761
Mem:         32105      31421        683          0         25      21794
Mem:         32105      31447        657          0         25      21820
Mem:         32105      31478        626          0         26      21851
Mem:         32105      31510        594          0         26      21881
Mem:         32105      31546        558          0         26      21919
Mem:         32105      31581        523          0         26      21953
Mem:         32105      31606        498          0         26      21978
Mem:         32105      31640        464          0         26      22012
Mem:         32105      31668        436          0         26      22041
Mem:         32105      31702        402          0         26      22075
Mem:         32105      31787        317          0         26      22160
Mem:         32105      31905        199          0         26      22275
Mem:         32105      31945        160          0         26      22317
Mem:         32105      31940        165          0         26      22310
Mem:         32105      31946        159          0         26      22319
Mem:         32105      31938        166          0         26      22309
Mem:         32105      31943        162          0         26      22310
Mem:         32105      31942        163          0         26      22309
Mem:         32105      31937        167          0         26      22301
Mem:         32105      31939        166          0         26      22302
Mem:         32105      31941        164          0         26      22305
Mem:         32105      31944        161          0         26      22309
Mem:         32105      31937        167          0         26      22304
Mem:         32105      31947        157          0         27      22315
Mem:         32105      31942        162          0         27      22311
Mem:         32105      31943        161          0         27      22312
Mem:         32105      31942        163          0         27      22298
Mem:         32105      31945        159          0         27      22301
Mem:         32105      31946        158          0         27      22302
Mem:         32105      31939        165          0         27      22295
Mem:         32105      31943        162          0         28      22277
Mem:         32105      31942        163          0         28      22276
Mem:         32105      31946        158          0         28      22282
Mem:         32105      31942        162          0         28      22277
Mem:         32105      31941        163          0         28      22273
Mem:         32105      31941        164          0         28      22272
Mem:         32105      31940        164          0         28      22260
Mem:         32105      31944        161          0         29      22265
Mem:         32105      31937        167          0         29      22258
Mem:         32105      31938        166          0         29      22263
Mem:         32105      31946        158          0         29      22272
Mem:         32105      31943        161          0         29      22267
Mem:         32105      31942        163          0         29      22264
Mem:         32105      31943        161          0         29      22246
Mem:         32105      31941        164          0         29      22243
Mem:         32105      31944        161          0         30      22245
Mem:         32105      31938        166          0         30      22242
Mem:         32105      31939        165          0         30      22244
Mem:         32105      31942        163          0         30      22218
Mem:         32105      31940        165          0         30      22213
Mem:         32105      31945        159          0         30      22218
Mem:         32105      31944        161          0         30      22217
Mem:         32105      31944        161          0         30      22217
Mem:         32105      31947        157          0         31      22218
Mem:         32105      31936        168          0         31      22194
Mem:         32105      31939        165          0         31      22196
Mem:         32105      31939        165          0         31      22193
Mem:         32105      31942        162          0         31      22200
Mem:         32105      31945        160          0         31      22189
Mem:         32105      31889        215          0         32      22131
Mem:         32105      31939        165          0         32      22182
Mem:         32105      31939        166          0         33      22179
Mem:         32105      31939        165          0         33      22182
Mem:         32105      31938        166          0         34      22166
Mem:         32105      31945        159          0         34      22171
Mem:         32105      31946        158          0         34      22170
Mem:         32105      31941        163          0         34      22164
Mem:         32105      31939        165          0         35      22159
Mem:         32105      31939        165          0         35      22152
Mem:         32105      31946        159          0         35      22157
Mem:         32105      31945        159          0         35      22157
Mem:         32105      31948        157          0         35      22161
Mem:         32105      31944        160          0         35      22142
Mem:         32105      31941        164          0         35      22138
Mem:         32105      31941        163          0         36      22138
Mem:         32105      31941        163          0         36      22138
Mem:         32105      31937        167          0         36      22121
Mem:         32105      31945        160          0         36      22129
Mem:         32105      31947        157          0         36      22131
Mem:         32105      31943        161          0         37      22115
Mem:         32105      31946        158          0         37      22116
Mem:         32105      31944        160          0         37      22114
Mem:         32105      31938        166          0         37      22108
Mem:         32105      31941        164          0         37      22111
Mem:         32105      31947        157          0         37      22105
Mem:         32105      31944        160          0         37      22105
Mem:         32105      31946        158          0         38      22105
Mem:         32105      31941        163          0         38      22100
Mem:         32105      31939        165          0         38      22097
Mem:         32105      31939        165          0         38      22098
Mem:         32105      31944        160          0         38      22101
Mem:         32105      31942        163          0         38      22098
Mem:         32105      31948        156          0         38      22105
Mem:         32105      31947        157          0         38      22105
Mem:         32105      31937        167          0         38      22087
Mem:         32105      31947        157          0         39      22097
Mem:         32105      31948        157          0         39      22096
Mem:         32105      31943        162          0         39      22092
Mem:         32105      31944        161          0         39      22091
Mem:         32105      31939        165          0         39      22090
Mem:         32105      31939        165          0         39      22088
Mem:         32105      31944        161          0         39      22075
Mem:         32105      31939        165          0         39      22070
Mem:         32105      31944        161          0         40      22075
Mem:         32105      31939        166          0         40      22069
Mem:         32105      31941        163          0         40      22059
Mem:         32105      31938        166          0         40      22058
Mem:         32105      31941        163          0         40      22061
Mem:         32105      31938        166          0         40      22059
Mem:         32105      31944        160          0         40      22064
Mem:         32105      31946        158          0         41      22045
Mem:         32105      31943        162          0         41      22041
Mem:         32105      31940        164          0         41      22039
Mem:         32105      31938        166          0         41      22038
Mem:         32105      31946        158          0         41      22027
Mem:         32105      31937        167          0         41      22018
Mem:         32105      31943        161          0         41      22025
Mem:         32105      31945        160          0         41      22026
Mem:         32105      31939        165          0         42      22005
Mem:         32105      31940        165          0         42      22006
Mem:         32105      31941        163          0         42      22008
Mem:         32105      31944        160          0         42      22009
Mem:         32105      31940        164          0         42      21985
Mem:         32105      31938        166          0         43      21984
Mem:         32105      31939        166          0         43      21984
Mem:         32105      31939        165          0         43      21970
Mem:         32105      31937        167          0         43      21969
Mem:         32105      31944        161          0         43      21977
Mem:         32105      31938        166          0         43      21971
Mem:         32105      31945        160          0         44      21959
Mem:         32105      31941        163          0         44      21957
Mem:         32105      31939        166          0         44      21951
Mem:         32105      31941        164          0         44      21954
Mem:         32105      31942        162          0         44      21957
Mem:         32105      31943        161          0         44      21958
Mem:         32105      31946        158          0         44      21960
Mem:         32105      31939        165          0         44      21943
Mem:         32105      31945        159          0         45      21947
Mem:         32105      31942        162          0         45      21945
Mem:         32105      31942        162          0         45      21945
Mem:         32105      31942        162          0         45      21944
Mem:         32105      31941        163          0         45      21943
Mem:         32105      31940        164          0         45      21942
Mem:         32105      31944        160          0         46      21931
Mem:         32105      31944        161          0         46      21929
Mem:         32105      31941        163          0         46      21926
Mem:         32105      31940        164          0         46      21926
Mem:         32105      31941        163          0         47      21898
Mem:         32105      31944        160          0         47      21901
Mem:         32105      31939        165          0         47      21895
Mem:         32105      31939        166          0         47      21885
Mem:         32105      31946        159          0         47      21891
Mem:         32105      31943        161          0         47      21888
Mem:         32105      31942        163          0         48      21875
Mem:         32105      31943        161          0         48      21877
Mem:         32105      31943        161          0         48      21877
Mem:         32105      31938        166          0         48      21872
Mem:         32105      31937        167          0         48      21872
Mem:         32105      31946        159          0         48      21879
Mem:         32105      31945        159          0         48      21865
Mem:         32105      31937        167          0         48      21858
Mem:         32105      31924        180          0         49      21847
Mem:         32105      31941        164          0         49      21860
Mem:         32105      31945        160          0         49      21866
Mem:         32105      31937        167          0         49      21841
Mem:         32105      31943        162          0         49      21846
Mem:         32105      31945        159          0         50      21826
Mem:         32105      31938        166          0         50      21821
Mem:         32105      31942        163          0         50      21801
Mem:         32105      31945        159          0         50      21805
Mem:         32105      31944        160          0         51      21804
Mem:         32105      31940        164          0         51      21803
Mem:         32105      31947        157          0         51      21799
Mem:         32105      31941        163          0         51      21793
Mem:         32105      31943        162          0         51      21792
Mem:         32105      31943        161          0         52      21780
Mem:         32105      31942        163          0         52      21777
Mem:         32105      31941        163          0         52      21766
Mem:         32105      31940        164          0         52      21760
Mem:         32105      31947        158          0         53      21763
Mem:         32105      31940        164          0         53      21756
Mem:         32105      31940        164          0         53      21743
Mem:         32105      31941        163          0         53      21744
Mem:         32105      31941        164          0         54      21742
Mem:         32105      31945        159          0         54      21734
Mem:         32105      31944        161          0         54      21732
Mem:         32105      31945        159          0         54      21734
Mem:         32105      31944        160          0         54      21723
Mem:         32105      31939        166          0         54      21714
Mem:         32105      31944        161          0         54      21722
Mem:         32105      31947        157          0         55      21724
Mem:         32105      31943        162          0         55      21705
Mem:         32105      31940        164          0         55      21704
Mem:         32105      31945        160          0         55      21707
Mem:         32105      31943        161          0         54      21705
Mem:         32105      31940        164          0         55      21691
Mem:         32105      31944        161          0         55      21694
Mem:         32105      31945        160          0         55      21692
Mem:         32105      31945        159          0         55      21669
Mem:         32105      31947        158          0         55      21671
Mem:         32105      31945        159          0         56      21669
Mem:         32105      31939        165          0         56      21651
Mem:         32105      31942        162          0         56      21655
Mem:         32105      31944        161          0         56      21656
Mem:         32105      31942        162          0         56      21655
Mem:         32105      31946        158          0         57      21646
Mem:         32105      31944        160          0         57      21646
Mem:         32105      31947        157          0         57      21647
Mem:         32105      31946        158          0         57      21627
Mem:         32105      31937        167          0         57      21618
Mem:         32105      31940        164          0         57      21620
Mem:         32105      31940        164          0         57      21621
Mem:         32105      31941        163          0         58      21621
Mem:         32105      31939        165          0         58      21610
Mem:         32105      31941        163          0         58      21611
Mem:         32105      31945        160          0         58      21615
Mem:         32105      31944        161          0         58      21588
Mem:         32105      31944        160          0         58      21587
Mem:         32105      31945        160          0         59      21587
Mem:         32105      31938        166          0         59      21582
Mem:         32105      31940        165          0         59      21584
Mem:         32105      31940        165          0         59      21584
Mem:         32105      31943        161          0         59      21580
Mem:         32105      31934        171          0         59      21571
Mem:         32105      31943        161          0         59      21581
Mem:         32105      31941        163          0         59      21578
Mem:         32105      31939        165          0         60      21575
Mem:         32105      31946        158          0         60      21557
Mem:         32105      31823        281          0         60      21437
Mem:         32105      31888        217          0         60      21501
Mem:         32105      31939        165          0         60      21554
Mem:         32105      31940        164          0         60      21555
Mem:         32105      31943        161          0         60      21557
Mem:         32105      31940        164          0         60      21553
Mem:         32105      31944        160          0         60      21557
Mem:         32105      31948        157          0         60      21560
Mem:         32105      31947        158          0         60      21559
Mem:         32105      31942        162          0         60      21549
Mem:         32105      31945        159          0         60      21552
Mem:         32105      31945        160          0         61      21551
Mem:         32105      31943        161          0         61      21550
Mem:         32105      31940        165          0         61      21548
Mem:         32105      31945        159          0         61      21552
Mem:         32105      31939        165          0         61      21545
Mem:         32105      31943        162          0         61      21549
Mem:         32105      31944        160          0         61      21551
Mem:         32105      31941        163          0         61      21544
Mem:         32105      31938        167          0         61      21542
Mem:         32105      31942        163          0         61      21544
Mem:         32105      31947        158          0         61      21549
Mem:         32105      31939        165          0         61      21542
Mem:         32105      31940        164          0         62      21543
Mem:         32105      31941        164          0         62      21543
Mem:         32105      31947        157          0         62      21546
Mem:         32105      31944        160          0         62      21541
Mem:         32105      31939        165          0         62      21536
Mem:         32105      31945        159          0         62      21542
Mem:         32105      31940        164          0         62      21537
Mem:         32105      31946        159          0         62      21542
Mem:         32105      31947        157          0         63      21528
Mem:         32105      31941        163          0         63      21522
Mem:         32105      31942        163          0         63      21523
Mem:         32105      31920        184          0         63      21481
Mem:         32105      31942        163          0         63      21504
Mem:         32105      31942        163          0         63      21506
Mem:         32105      31944        160          0         63      21508
Mem:         32105      31939        165          0         64      21490
Mem:         32105      31939        165          0         64      21490
Mem:         32105      31946        159          0         64      21495
Mem:         32105      31942        163          0         64      21490
Mem:         32105      31941        163          0         64      21480
Mem:         32105      31943        162          0         65      21483
Mem:         32105      31942        163          0         65      21483
Mem:         32105      31947        158          0         65      21486
Mem:         32105      31939        165          0         65      21478
Mem:         32105      31938        167          0         65      21463
Mem:         32105      31938        167          0         65      21461
Mem:         32105      31939        165          0         65      21464
Mem:         32105      31941        164          0         65      21466
Mem:         32105      31946        158          0         66      21471
Mem:         32105      31946        158          0         66      21470
Mem:         32105      31939        165          0         66      21449
Mem:         32105      31945        160          0         66      21454
Mem:         32105      31945        159          0         66      21454
Mem:         32105      31944        160          0         66      21438
Mem:         32105      31942        162          0         67      21436
Mem:         32105      31946        158          0         67      21439
Mem:         32105      31946        159          0         67      21438
Mem:         32105      31941        163          0         67      21434
Mem:         32105      31944        160          0         67      21431
Mem:         32105      31945        159          0         67      21430
Mem:         32105      31943        161          0         67      21428
Mem:         32105      31938        166          0         68      21423
Mem:         32105      31943        162          0         68      21429
Mem:         32105      31942        162          0         68      21426
Mem:         32105      31942        163          0         68      21411
Mem:         32105      31947        158          0         68      21416
Mem:         32105      31947        158          0         68      21417
Mem:         32105      31943        161          0         68      21412
Mem:         32105      31939        165          0         68      21393
Mem:         32105      31946        158          0         69      21401
Mem:         32105      31940        165          0         69      21394
Mem:         32105      31945        159          0         69      21400
Mem:         32105      31945        160          0         69      21391
Mem:         32105      31944        161          0         69      21389
Mem:         32105      31942        163          0         69      21388
Mem:         32105      31946        158          0         69      21391
Mem:         32105      31939        165          0         69      21383
Mem:         32105      31940        164          0         70      21385
Mem:         32105      31942        162          0         70      21377
Mem:         32105      31939        166          0         70      21373
Mem:         32105      31946        158          0         70      21381
Mem:         32105      31944        160          0         70      21378
Mem:         32105      31926        178          0         70      21360
Mem:         32105      31945        160          0         70      21381
Mem:         32105      31941        163          0         71      21367
Mem:         32105      31943        162          0         71      21365
Mem:         32105      31938        166          0         71      21361
Mem:         32105      31942        162          0         71      21364
Mem:         32105      31942        163          0         71      21354
Mem:         32105      31941        164          0         71      21351
Mem:         32105      31947        157          0         72      21357
Mem:         32105      31947        158          0         72      21357
Mem:         32105      31943        161          0         72      21354
Mem:         32105      31941        163          0         72      21351
Mem:         32105      31947        158          0         72      21360
Mem:         32105      31938        166          0         72      21330
Mem:         32105      31939        165          0         72      21330
Mem:         32105      31937        167          0         72      21326
Mem:         32105      31945        159          0         73      21334
Mem:         32105      31946        159          0         73      21322
Mem:         32105      31942        163          0         73      21317
Mem:         32105      31946        159          0         73      21322
Mem:         32105      31943        161          0         74      21309
Mem:         32105      31941        164          0         74      21304
Mem:         32105      31944        160          0         74      21310
Mem:         32105      31945        159          0         74      21310
Mem:         32105      31944        160          0         74      21289
Mem:         32105      31940        164          0         75      21286
Mem:         32105      31943        161          0         75      21287
Mem:         32105      31942        162          0         75      21287
Mem:         32105      31944        161          0         75      21276
Mem:         32105      31944        160          0         75      21279
Mem:         32105      31942        162          0         75      21276
Mem:         32105      31939        166          0         75      21271
Mem:         32105      31940        165          0         76      21273
Mem:         32105      31944        160          0         76      21267
Mem:         32105      31939        166          0         76      21260
Mem:         32105      31945        159          0         76      21267
Mem:         32105      31946        159          0         76      21269
Mem:         32105      31947        157          0         76      21269
Mem:         32105      31947        158          0         76      21258
Mem:         32105      31942        163          0         77      21252
Mem:         32105      31940        164          0         77      21250
Mem:         32105      31946        158          0         77      21256
Mem:         32105      31944        160          0         77      21254
Mem:         32105      31943        162          0         77      21251
Mem:         32105      31941        163          0         77      21249
Mem:         32105      31946        158          0         77      21255
Mem:         32105      31940        164          0         77      21247
Mem:         32105      31940        165          0         77      21239
Mem:         32105      31945        159          0         78      21245
Mem:         32105      31946        158          0         78      21247
Mem:         32105      31947        158          0         78      21248
Mem:         32105      31944        160          0         78      21246
Mem:         32105      31944        161          0         78      21244
Mem:         32105      31940        165          0         78      21240
Mem:         32105      31945        159          0         78      21245
Mem:         32105      31941        164          0         79      21242
Mem:         32105      31939        166          0         79      21225
Mem:         32105      31942        163          0         79      21229
Mem:         32105      31940        164          0         79      21229
Mem:         32105      31943        162          0         79      21231
Mem:         32105      31941        164          0         79      21229
Mem:         32105      31945        159          0         79      21234
Mem:         32105      31939        165          0         79      21228
Mem:         32105      31946        159          0         79      21234
Mem:         32105      31944        160          0         79      21234
Mem:         32105      31922        183          0         79      21211
Mem:         32105      31935        169          0         79      21225
Mem:         32105      31942        163          0         79      21232
Mem:         32105      31947        158          0         79      21236
Mem:         32105      31944        160          0         79      21233
Mem:         32105      31941        163          0         79      21231
Mem:         32105      31945        159          0         79      21235
Mem:         32105      31947        157          0         79      21236
Mem:         32105      31947        158          0         79      21236
Mem:         32105      31939        166          0         79      21227
Mem:         32105      31940        164          0         79      21229
Mem:         32105      31906        198          0         79      21196
Mem:         32105      31938        166          0         79      21229
Mem:         32105      31941        163          0         79      21233
Mem:         32105      31945        159          0         79      21237
Mem:         32105      31943        161          0         79      21235
Mem:         32105      31947        158          0         79      21239
Mem:         32105      31941        163          0         79      21234
Mem:         32105      31941        163          0         79      21234
Mem:         32105      31828        276          0         79      21118
Mem:         32105      31832        273          0         79      21123
Mem:         32105      31848        256          0         79      21141
Mem:         32105      31858        246          0         79      21150
Mem:         32105      31873        232          0         79      21166
Mem:         32105      31884        220          0         79      21177
Mem:         32105      31893        211          0         79      21186
Mem:         32105      31897        208          0         79      21189
Mem:         32105      31903        201          0         79      21196
Mem:         32105      31909        195          0         79      21203
Mem:         32105      31922        183          0         79      21215
Mem:         32105      31936        168          0         79      21230
Mem:         32105      31939        165          0         79      21232
Mem:         32105      31940        165          0         79      21232
Mem:         32105      31947        158          0         79      21240
Mem:         32105      31939        166          0         79      21232
Mem:         32105      31942        163          0         79      21235
Mem:         32105      31942        162          0         79      21236
Mem:         32105      31941        163          0         79      21233
Mem:         32105      31946        159          0         79      21237
Mem:         32105      31940        164          0         80      21234
Mem:         32105      31945        159          0         80      21238
Mem:         32105      31944        160          0         80      21237
Mem:         32105      31941        164          0         80      21234
Mem:         32105      31947        157          0         80      21240
Mem:         32105      31943        161          0         80      21236
Mem:         32105      31941        163          0         80      21235
Mem:         32105      31942        163          0         80      21237
Mem:         32105      31939        165          0         80      21234
Mem:         32105      31945        159          0         80      21240
Mem:         32105      31941        164          0         80      21234
Mem:         32105      31939        165          0         80      21232
Mem:         32105      31947        158          0         80      21240
Mem:         32105      31944        160          0         80      21238
Mem:         32105      31940        164          0         80      21234
Mem:         32105      31946        158          0         80      21241
Mem:         32105      31944        160          0         80      21239
Mem:         32105      31941        163          0         80      21236
Mem:         32105      31947        158          0         80      21242
Mem:         32105      31943        161          0         80      21238
Mem:         32105      31940        165          0         80      21236
Mem:         32105      31938        166          0         80      21235
Mem:         32105      31939        166          0         80      21235
Mem:         32105      31939        165          0         80      21236
Mem:         32105      31939        165          0         80      21236
Mem:         32105      31940        164          0         80      21236
Mem:         32105      31938        166          0         80      21235
Mem:         32105      31947        157          0         80      21243
Mem:         32105      31944        161          0         80      21240
Mem:         32105      31941        163          0         80      21238
Mem:         32105      31946        158          0         80      21243
Mem:         32105      31944        161          0         80      21240
Mem:         32105      31941        163          0         80      21238
Mem:         32105      31939        166          0         80      21237
Mem:         32105      31945        159          0         80      21243
Mem:         32105      31941        164          0         80      21238
Mem:         32105      31946        159          0         80      21243
Mem:         32105      31944        160          0         80      21242
Mem:         32105      31941        164          0         80      21239
Mem:         32105      31937        167          0         80      21235
Mem:         32105      31945        160          0         80      21242
Mem:         32105      31941        163          0         80      21240
Mem:         32105      31946        159          0         80      21245
Mem:         32105      31946        159          0         80      21245
Mem:         32105      31946        158          0         80      21245
Mem:         32105      31946        159          0         80      21245
Mem:         32105      31945        159          0         80      21245
Mem:         32105      31946        159          0         80      21245
Mem:         32105      31946        158          0         80      21245
Mem:         32105      31946        158          0         80      21245
Mem:         32105      31946        158          0         80      21245
Mem:         32105      31945        159          0         80      21245
Mem:         32105      31945        159          0         80      21245
Mem:         32105      22837       9267          0         80      21245
