Mem:         32105      16628      15476          0         14        115
Mem:         32105      16682      15422          0         14        129
Mem:         32105      16748      15356          0         14        148
Mem:         32105      16847      15257          0         14        161
Mem:         32105      16850      15254          0         14        161
Mem:         32105      17196      14908          0         14        171
Mem:         32105      20296      11808          0         15        431
Mem:         32105      22954       9151          0         15        828
Mem:         32105      23761       8343          0         16       1296
Mem:         32105      24332       7772          0         16       1791
Mem:         32105      24860       7244          0         17       2284
Mem:         32105      25453       6651          0         17       2750
Mem:         32105      25918       6186          0         18       3202
Mem:         32105      27579       4525          0         18       3655
Mem:         32105      28244       3860          0         18       4071
Mem:         32105      28665       3439          0         19       4437
Mem:         32105      29024       3080          0         19       4795
Mem:         32105      29439       2665          0         20       5175
Mem:         32105      29756       2348          0         20       5491
Mem:         32105      30052       2052          0         20       5775
Mem:         32105      30343       1761          0         21       6062
Mem:         32105      30616       1488          0         21       6333
Mem:         32105      30871       1233          0         21       6574
Mem:         32105      31121        983          0         21       6823
Mem:         32105      31317        787          0         22       7020
Mem:         32105      31437        667          0         22       7139
Mem:         32105      31589        515          0         22       7292
Mem:         32105      31788        316          0         22       7489
Mem:         32105      32002        102          0         23       7704
Mem:         32105      32004        100          0         11       7714
Mem:         32105      32008         96          0         11       7719
Mem:         32105      32002        102          0         12       7708
Mem:         32105      32006         98          0         12       7714
Mem:         32105      32004        100          0         12       7713
Mem:         32105      32009         95          0         12       7717
Mem:         32105      32004        100          0         12       7712
Mem:         32105      32003        101          0         13       7713
Mem:         32105      32009         95          0         13       7717
Mem:         32105      32004        100          0         13       7712
Mem:         32105      32001        103          0         13       7710
Mem:         32105      32009         95          0         13       7717
Mem:         32105      32007         97          0         13       7713
Mem:         32105      32005        100          0         13       7711
Mem:         32105      32005         99          0         13       7714
Mem:         32105      32003        101          0         13       7711
Mem:         32105      32002        102          0         13       7710
Mem:         32105      32008         96          0         13       7711
Mem:         32105      32009         95          0         13       7712
Mem:         32105      32010         94          0         14       7713
Mem:         32105      32010         94          0         14       7702
Mem:         32105      32008         96          0         14       7700
Mem:         32105      32009         96          0         14       7700
Mem:         32105      32008         96          0         14       7700
Mem:         32105      32009         95          0         14       7700
Mem:         32105      32009         95          0         14       7693
Mem:         32105      32009         95          0         15       7693
Mem:         32105      32007         97          0         15       7690
Mem:         32105      32010         94          0         15       7691
Mem:         32105      32010         94          0         15       7691
Mem:         32105      32003        101          0         15       7684
Mem:         32105      32008         97          0         15       7689
Mem:         32105      32011         93          0         15       7692
Mem:         32105      32008         96          0         15       7685
Mem:         32105      32008         96          0         15       7667
Mem:         32105      32008         96          0         15       7667
Mem:         32105      32007         97          0         15       7666
Mem:         32105      32015         89          0         16       7671
Mem:         32105      32001        103          0         16       7670
Mem:         32105      32014         90          0         16       7654
Mem:         32105      32007         97          0         16       7646
Mem:         32105      32014         90          0         16       7653
Mem:         32105      32003        101          0         16       7659
Mem:         32105      32015         89          0         16       7655
Mem:         32105      32014         90          0         16       7654
Mem:         32105      32015         89          0         16       7655
Mem:         32105      32009         95          0         16       7649
Mem:         32105      32015         89          0         17       7634
Mem:         32105      32015         89          0         17       7635
Mem:         32105      32016         88          0         17       7649
Mem:         32105      32015         90          0         17       7640
Mem:         32105      32012         92          0         17       7634
Mem:         32105      32016         88          0         17       7639
Mem:         32105      32010         94          0         17       7633
Mem:         32105      32009         95          0         17       7627
Mem:         32105      32013         92          0         17       7628
Mem:         32105      32015         89          0         18       7632
Mem:         32105      32016         89          0         18       7632
Mem:         32105      32015         89          0         18       7628
Mem:         32105      32015         89          0         18       7631
Mem:         32105      32016         88          0         18       7627
Mem:         32105      32013         91          0         18       7611
Mem:         32105      32011         93          0         18       7610
Mem:         32105      32016         88          0         18       7611
Mem:         32105      32015         89          0         18       7613
Mem:         32105      32016         88          0         19       7613
Mem:         32105      32016         88          0         19       7610
Mem:         32105      32013         91          0         19       7609
Mem:         32105      32014         90          0         19       7605
Mem:         32105      32016         88          0         19       7608
Mem:         32105      32014         90          0         19       7606
Mem:         32105      32016         89          0         19       7614
Mem:         32105      32016         88          0         19       7608
Mem:         32105      32015         89          0         19       7608
Mem:         32105      32016         88          0         19       7611
Mem:         32105      32015         89          0         19       7609
Mem:         32105      32015         89          0         20       7609
Mem:         32105      32011         93          0         20       7614
Mem:         32105      32015         89          0         20       7607
Mem:         32105      32013         91          0         20       7571
Mem:         32105      32016         88          0         20       7578
Mem:         32105      32016         88          0         20       7577
Mem:         32105      32015         89          0         20       7573
Mem:         32105      32015         89          0         20       7568
Mem:         32105      32015         89          0         20       7570
Mem:         32105      32016         88          0         20       7569
Mem:         32105      32016         88          0         20       7577
Mem:         32105      32015         89          0         20       7569
Mem:         32105      32016         88          0         21       7569
Mem:         32105      32016         88          0         21       7568
Mem:         32105      32016         88          0         21       7573
Mem:         32105      32015         89          0         21       7568
Mem:         32105      32016         88          0         21       7566
Mem:         32105      32016         88          0         21       7568
Mem:         32105      32016         89          0         21       7567
Mem:         32105      32015         89          0         21       7567
Mem:         32105      32016         88          0         21       7568
Mem:         32105      32016         89          0         21       7567
Mem:         32105      32014         90          0         21       7569
Mem:         32105      32016         89          0         21       7566
Mem:         32105      32015         90          0         21       7572
Mem:         32105      32016         88          0         21       7567
Mem:         32105      32015         89          0         21       7567
Mem:         32105      32015         89          0         22       7546
Mem:         32105      32016         88          0         22       7543
Mem:         32105      32016         89          0         22       7542
Mem:         32105      32014         90          0         22       7539
Mem:         32105      32015         90          0         22       7538
Mem:         32105      32016         88          0         22       7538
Mem:         32105      32015         89          0         22       7540
Mem:         32105      32016         88          0         22       7547
Mem:         32105      32016         88          0         22       7543
Mem:         32105      32016         88          0         22       7555
Mem:         32105      32017         88          0         22       7541
Mem:         32105      32016         88          0         22       7539
Mem:         32105      32015         89          0         23       7538
Mem:         32105      32013         92          0         23       7539
Mem:         32105      32015         89          0         23       7540
Mem:         32105      32012         93          0         23       7538
Mem:         32105      32016         88          0         23       7539
Mem:         32105      32014         90          0         23       7538
Mem:         32105      32016         88          0         23       7538
Mem:         32105      32015         89          0         23       7546
Mem:         32105      32016         88          0         23       7544
Mem:         32105      32016         88          0         23       7540
Mem:         32105      32003        101          0         23       7541
Mem:         32105      32016         89          0         24       7538
Mem:         32105      32016         88          0         24       7540
Mem:         32105      32002        102          0         24       7541
Mem:         32105      32015         89          0         24       7530
Mem:         32105      32016         88          0         24       7525
Mem:         32105      32006         98          0         24       7536
Mem:         32105      32014         90          0         24       7532
Mem:         32105      32016         88          0         24       7531
Mem:         32105      32015         89          0         24       7526
Mem:         32105      32015         89          0         24       7530
Mem:         32105      32014         90          0         24       7528
Mem:         32105      32016         88          0         24       7532
Mem:         32105      32014         90          0         24       7529
Mem:         32105      32015         89          0         24       7527
Mem:         32105      32012         92          0         24       7524
Mem:         32105      32015         89          0         24       7532
Mem:         32105      32014         90          0         24       7530
Mem:         32105      32015         89          0         24       7524
Mem:         32105      32016         88          0         24       7527
Mem:         32105      32015         89          0         25       7526
Mem:         32105      32015         89          0         25       7531
Mem:         32105      32001        103          0         25       7531
Mem:         32105      32002        102          0         25       7529
Mem:         32105      32016         88          0         25       7533
Mem:         32105      32016         88          0         25       7529
Mem:         32105      32016         88          0         25       7526
Mem:         32105      32016         89          0         25       7527
Mem:         32105      32016         88          0         25       7527
Mem:         32105      32016         88          0         25       7523
Mem:         32105      32016         88          0         25       7524
Mem:         32105      32015         89          0         25       7523
Mem:         32105      32015         89          0         25       7520
Mem:         32105      32015         89          0         25       7520
Mem:         32105      32016         88          0         25       7520
Mem:         32105      32016         88          0         25       7521
Mem:         32105      32016         88          0         25       7523
Mem:         32105      32015         90          0         26       7517
Mem:         32105      32015         89          0         26       7519
Mem:         32105      32016         88          0         26       7515
Mem:         32105      32015         89          0         26       7518
Mem:         32105      32016         88          0         26       7515
Mem:         32105      32015         89          0         26       7517
Mem:         32105      32016         88          0         26       7517
Mem:         32105      32015         89          0         26       7516
Mem:         32105      32015         89          0         26       7513
Mem:         32105      32016         88          0         26       7508
Mem:         32105      32016         88          0         26       7509
Mem:         32105      32016         88          0         26       7513
Mem:         32105      32015         89          0         26       7509
Mem:         32105      32010         94          0         26       7505
Mem:         32105      32015         89          0         26       7510
Mem:         32105      32015         89          0         27       7511
Mem:         32105      32015         89          0         27       7510
Mem:         32105      32015         89          0         27       7512
Mem:         32105      32014         90          0         27       7512
Mem:         32105      32016         88          0         27       7506
Mem:         32105      32015         89          0         27       7513
Mem:         32105      32016         88          0         27       7512
Mem:         32105      32014         90          0         27       7504
Mem:         32105      32016         88          0         27       7505
Mem:         32105      32016         89          0         27       7501
Mem:         32105      32015         89          0         27       7504
Mem:         32105      32015         89          0         27       7503
Mem:         32105      32016         88          0         27       7507
Mem:         32105      32016         88          0         27       7509
Mem:         32105      32016         88          0         28       7503
Mem:         32105      32015         89          0         28       7501
Mem:         32105      32016         88          0         28       7506
Mem:         32105      32015         89          0         28       7503
Mem:         32105      32014         90          0         28       7499
Mem:         32105      32016         88          0         28       7500
Mem:         32105      32015         89          0         28       7503
Mem:         32105      32000        104          0         28       7502
Mem:         32105      32016         88          0         28       7502
Mem:         32105      32014         90          0         28       7501
Mem:         32105      32016         88          0         28       7501
Mem:         32105      32016         88          0         28       7505
Mem:         32105      32015         89          0         28       7502
Mem:         32105      32015         89          0         28       7505
Mem:         32105      32016         88          0         28       7506
Mem:         32105      32015         89          0         29       7502
Mem:         32105      32015         89          0         29       7501
Mem:         32105      32016         88          0         29       7504
Mem:         32105      32016         88          0         29       7495
Mem:         32105      32014         90          0         29       7504
Mem:         32105      32015         89          0         29       7498
Mem:         32105      32016         88          0         29       7500
Mem:         32105      32016         88          0         29       7502
Mem:         32105      32016         88          0         29       7508
Mem:         32105      32016         88          0         29       7503
Mem:         32105      32008         96          0         29       7500
Mem:         32105      32016         88          0         29       7499
Mem:         32105      32016         88          0         29       7481
Mem:         32105      32009         95          0         29       7493
Mem:         32105      32016         88          0         29       7496
Mem:         32105      32016         88          0         30       7488
Mem:         32105      32006         98          0         30       7488
Mem:         32105      32015         90          0         30       7495
Mem:         32105      32016         89          0         30       7494
Mem:         32105      32015         89          0         30       7489
Mem:         32105      32016         88          0         30       7494
Mem:         32105      32016         89          0         30       7492
Mem:         32105      32000        104          0         30       7485
Mem:         32105      32015         89          0         30       7485
Mem:         32105      32016         88          0         30       7485
Mem:         32105      32000        104          0         30       7485
Mem:         32105      32004        100          0         30       7485
Mem:         32105      32000        104          0         30       7477
Mem:         32105      32013         91          0         30       7484
Mem:         32105      32015         89          0         30       7473
Mem:         32105      32016         88          0         30       7481
Mem:         32105      32016         88          0         30       7477
Mem:         32105      32015         89          0         31       7469
Mem:         32105      32016         88          0         31       7475
Mem:         32105      32016         88          0         31       7471
Mem:         32105      32016         88          0         31       7476
Mem:         32105      32016         88          0         31       7471
Mem:         32105      32015         89          0         31       7466
Mem:         32105      32015         89          0         31       7467
Mem:         32105      32016         88          0         31       7473
Mem:         32105      32016         88          0         31       7468
Mem:         32105      32016         88          0         31       7477
Mem:         32105      32016         88          0         31       7471
Mem:         32105      32016         88          0         31       7468
Mem:         32105      32006         98          0         31       7472
Mem:         32105      32013         91          0         31       7475
Mem:         32105      32014         90          0         31       7468
Mem:         32105      32016         88          0         31       7463
Mem:         32105      32015         89          0         31       7463
Mem:         32105      32015         89          0         32       7462
Mem:         32105      32016         88          0         32       7470
Mem:         32105      32016         88          0         32       7477
Mem:         32105      32016         88          0         32       7475
Mem:         32105      32015         89          0         32       7479
Mem:         32105      32016         88          0         32       7466
Mem:         32105      32013         91          0         32       7462
Mem:         32105      32015         89          0         32       7476
Mem:         32105      32015         89          0         32       7463
Mem:         32105      32016         88          0         32       7465
Mem:         32105      32014         90          0         32       7462
Mem:         32105      32016         88          0         32       7463
Mem:         32105      32016         88          0         32       7464
Mem:         32105      32015         89          0         32       7461
Mem:         32105      32016         88          0         32       7469
Mem:         32105      32015         89          0         33       7468
Mem:         32105      32015         89          0         33       7466
Mem:         32105      32016         88          0         33       7464
Mem:         32105      32017         87          0         33       7464
Mem:         32105      32014         90          0         33       7469
Mem:         32105      32015         89          0         33       7469
Mem:         32105      32016         89          0         33       7470
Mem:         32105      32016         88          0         33       7465
Mem:         32105      32015         89          0         33       7465
Mem:         32105      32015         89          0         33       7472
Mem:         32105      32015         89          0         33       7463
Mem:         32105      32015         89          0         33       7458
Mem:         32105      32016         88          0         33       7463
Mem:         32105      32013         91          0         33       7461
Mem:         32105      32016         88          0         33       7460
Mem:         32105      32016         88          0         33       7454
Mem:         32105      32015         89          0         33       7455
Mem:         32105      32016         88          0         33       7456
Mem:         32105      32016         88          0         34       7465
Mem:         32105      32014         90          0         34       7458
Mem:         32105      32016         88          0         34       7454
Mem:         32105      32016         88          0         34       7465
Mem:         32105      32015         89          0         34       7456
Mem:         32105      32016         88          0         34       7467
Mem:         32105      32014         91          0         34       7456
Mem:         32105      32016         88          0         34       7461
Mem:         32105      32016         89          0         34       7465
Mem:         32105      32016         88          0         34       7455
Mem:         32105      32002        102          0         34       7453
Mem:         32105      32016         88          0         34       7458
Mem:         32105      32015         89          0         34       7460
Mem:         32105      32012         92          0         34       7466
Mem:         32105      32015         89          0         35       7452
Mem:         32105      32016         88          0         35       7461
Mem:         32105      32015         89          0         35       7451
Mem:         32105      32015         89          0         35       7453
Mem:         32105      32016         89          0         35       7454
Mem:         32105      32016         88          0         35       7455
Mem:         32105      32015         89          0         35       7456
Mem:         32105      32016         88          0         35       7458
Mem:         32105      32016         88          0         35       7455
Mem:         32105      32016         88          0         35       7463
Mem:         32105      32016         88          0         35       7467
Mem:         32105      32015         89          0         35       7457
Mem:         32105      32015         89          0         35       7471
Mem:         32105      32016         88          0         35       7467
Mem:         32105      32005         99          0         36       7465
Mem:         32105      32016         89          0         36       7466
Mem:         32105      32015         89          0         36       7471
Mem:         32105      32016         88          0         36       7465
Mem:         32105      32015         89          0         36       7462
Mem:         32105      32018         86          0         36       7469
Mem:         32105      32002        102          0         36       7456
Mem:         32105      32016         88          0         36       7469
Mem:         32105      32002        102          0         36       7453
Mem:         32105      32014         90          0         36       7461
Mem:         32105      32009         95          0         36       7459
Mem:         32105      32009         95          0         36       7460
Mem:         32105      32008         96          0         36       7459
Mem:         32105      32015         89          0         36       7455
Mem:         32105      32011         94          0         36       7461
Mem:         32105      32009         95          0         36       7460
Mem:         32105      32006         99          0         36       7459
Mem:         32105      32014         90          0         36       7467
Mem:         32105      32003        101          0         37       7457
Mem:         32105      32000        104          0         37       7445
Mem:         32105      32005         99          0         37       7448
Mem:         32105      32015         89          0         37       7444
Mem:         32105      32015         89          0         37       7442
Mem:         32105      32016         88          0         37       7446
Mem:         32105      32016         88          0         37       7445
Mem:         32105      32014         90          0         37       7444
Mem:         32105      32016         88          0         37       7441
Mem:         32105      32016         88          0         37       7449
Mem:         32105      32013         91          0         37       7444
Mem:         32105      32013         91          0         37       7445
Mem:         32105      32016         88          0         37       7445
Mem:         32105      32016         88          0         37       7446
Mem:         32105      32016         88          0         37       7451
Mem:         32105      32016         88          0         37       7442
Mem:         32105      32016         88          0         37       7447
Mem:         32105      32016         88          0         38       7446
Mem:         32105      32015         89          0         38       7442
Mem:         32105      32016         88          0         38       7443
Mem:         32105      32016         88          0         38       7448
Mem:         32105      32015         89          0         38       7453
Mem:         32105      32016         88          0         38       7449
Mem:         32105      32015         89          0         38       7439
Mem:         32105      32015         89          0         38       7437
Mem:         32105      32016         88          0         38       7447
Mem:         32105      32016         88          0         38       7440
Mem:         32105      32013         91          0         38       7441
Mem:         32105      32016         88          0         38       7443
Mem:         32105      32016         89          0         38       7435
Mem:         32105      32016         88          0         39       7437
Mem:         32105      32016         89          0         39       7440
Mem:         32105      32015         89          0         39       7438
Mem:         32105      32000        104          0         39       7436
Mem:         32105      32017         88          0         39       7441
Mem:         32105      32016         88          0         39       7431
Mem:         32105      32016         88          0         39       7435
Mem:         32105      32016         88          0         39       7435
Mem:         32105      32014         90          0         39       7445
Mem:         32105      32016         88          0         39       7439
Mem:         32105      32016         88          0         39       7444
Mem:         32105      32015         89          0         39       7434
Mem:         32105      32002        102          0         39       7439
Mem:         32105      32015         89          0         39       7435
Mem:         32105      32016         88          0         39       7439
Mem:         32105      32016         88          0         39       7442
Mem:         32105      32015         89          0         40       7430
Mem:         32105      32016         88          0         40       7436
Mem:         32105      32016         88          0         40       7434
Mem:         32105      32016         88          0         40       7435
Mem:         32105      32016         88          0         40       7437
Mem:         32105      32016         88          0         40       7435
Mem:         32105      32016         88          0         40       7437
Mem:         32105      32016         88          0         40       7439
Mem:         32105      32013         91          0         40       7435
Mem:         32105      32015         89          0         40       7440
Mem:         32105      32016         88          0         40       7438
Mem:         32105      32015         89          0         40       7428
Mem:         32105      32015         89          0         40       7437
Mem:         32105      32016         88          0         40       7439
Mem:         32105      32016         88          0         40       7430
Mem:         32105      32016         88          0         40       7434
Mem:         32105      32016         88          0         40       7435
Mem:         32105      32016         88          0         40       7433
Mem:         32105      32016         88          0         41       7434
Mem:         32105      32015         89          0         41       7435
Mem:         32105      32016         88          0         41       7435
Mem:         32105      32016         88          0         41       7435
Mem:         32105      32016         88          0         41       7434
Mem:         32105      32015         89          0         41       7428
Mem:         32105      32015         89          0         41       7432
Mem:         32105      32016         88          0         41       7425
Mem:         32105      32016         88          0         41       7429
Mem:         32105      32015         89          0         41       7428
Mem:         32105      32016         88          0         41       7427
Mem:         32105      32016         88          0         41       7431
Mem:         32105      32010         94          0         41       7426
Mem:         32105      32015         89          0         41       7419
Mem:         32105      32006         98          0         41       7421
Mem:         32105      32017         87          0         41       7433
Mem:         32105      32005         99          0         41       7423
Mem:         32105      32012         92          0         41       7426
Mem:         32105      32015         89          0         42       7427
Mem:         32105      32016         88          0         42       7422
Mem:         32105      32009         95          0         42       7427
Mem:         32105      32015         89          0         42       7432
Mem:         32105      32011         93          0         42       7417
Mem:         32105      31996        108          0         42       7411
Mem:         32105      32016         89          0         42       7415
Mem:         32105      32007         97          0         42       7422
Mem:         32105      32016         88          0         42       7419
Mem:         32105      32015         89          0         42       7417
Mem:         32105      32001        103          0         42       7415
Mem:         32105      32001        103          0         42       7416
Mem:         32105      32013         91          0         42       7422
Mem:         32105      32000        104          0         42       7414
Mem:         32105      32012         92          0         42       7423
Mem:         32105      31998        106          0         42       7412
Mem:         32105      32004        100          0         43       7408
Mem:         32105      32011         93          0         43       7415
Mem:         32105      32016         89          0         43       7410
Mem:         32105      32017         87          0         43       7421
Mem:         32105      32015         89          0         43       7413
Mem:         32105      32016         88          0         43       7411
Mem:         32105      32015         89          0         43       7404
Mem:         32105      32016         88          0         43       7410
Mem:         32105      32016         88          0         43       7410
Mem:         32105      32016         88          0         43       7408
Mem:         32105      32004        100          0         43       7411
Mem:         32105      32014         90          0         43       7408
Mem:         32105      32015         89          0         43       7404
Mem:         32105      32016         88          0         43       7412
Mem:         32105      32016         88          0         43       7407
Mem:         32105      32016         88          0         43       7405
Mem:         32105      32017         87          0         43       7418
Mem:         32105      32015         89          0         43       7413
Mem:         32105      32016         88          0         43       7410
Mem:         32105      32016         88          0         44       7411
Mem:         32105      32000        104          0         44       7406
Mem:         32105      32016         88          0         44       7411
Mem:         32105      32015         89          0         44       7418
Mem:         32105      32015         89          0         44       7405
Mem:         32105      32016         88          0         44       7406
Mem:         32105      32016         88          0         44       7403
Mem:         32105      32016         88          0         44       7408
Mem:         32105      32015         89          0         44       7406
Mem:         32105      32016         88          0         44       7406
Mem:         32105      32016         88          0         44       7413
Mem:         32105      32016         88          0         44       7405
Mem:         32105      32016         88          0         44       7405
Mem:         32105      32016         89          0         44       7406
Mem:         32105      32016         89          0         44       7398
Mem:         32105      32016         88          0         44       7407
Mem:         32105      32017         87          0         45       7410
Mem:         32105      32015         89          0         45       7403
Mem:         32105      32015         89          0         45       7399
Mem:         32105      32016         88          0         45       7400
Mem:         32105      32016         88          0         45       7410
Mem:         32105      32016         88          0         45       7407
Mem:         32105      32016         88          0         45       7407
Mem:         32105      32016         88          0         45       7409
Mem:         32105      32016         88          0         45       7405
Mem:         32105      32015         89          0         45       7403
Mem:         32105      32016         88          0         45       7396
Mem:         32105      32015         89          0         45       7402
Mem:         32105      32016         88          0         45       7405
Mem:         32105      32016         88          0         45       7398
Mem:         32105      32017         87          0         45       7402
Mem:         32105      32016         88          0         45       7396
Mem:         32105      32016         88          0         45       7400
Mem:         32105      32016         88          0         45       7401
Mem:         32105      32015         89          0         46       7399
Mem:         32105      32016         88          0         46       7396
Mem:         32105      32016         88          0         46       7396
Mem:         32105      32015         89          0         46       7402
Mem:         32105      32016         88          0         46       7392
Mem:         32105      32016         88          0         46       7387
Mem:         32105      32015         89          0         46       7404
Mem:         32105      32016         88          0         46       7391
Mem:         32105      32017         87          0         46       7400
Mem:         32105      32016         88          0         46       7395
Mem:         32105      32016         88          0         46       7391
Mem:         32105      32016         88          0         46       7389
Mem:         32105      32016         88          0         46       7395
Mem:         32105      32015         89          0         46       7388
Mem:         32105      32016         88          0         46       7398
Mem:         32105      32016         88          0         47       7391
Mem:         32105      32015         89          0         47       7394
Mem:         32105      32014         90          0         47       7396
Mem:         32105      32017         87          0         47       7383
Mem:         32105      32016         88          0         47       7385
Mem:         32105      32015         89          0         47       7382
Mem:         32105      32015         89          0         47       7388
Mem:         32105      32015         89          0         47       7381
Mem:         32105      32017         87          0         47       7398
Mem:         32105      32016         88          0         47       7388
Mem:         32105      32015         89          0         47       7394
Mem:         32105      32016         88          0         47       7384
Mem:         32105      32016         88          0         47       7381
Mem:         32105      32005         99          0         47       7389
Mem:         32105      32015         89          0         47       7394
Mem:         32105      32015         89          0         47       7384
Mem:         32105      32016         88          0         47       7398
Mem:         32105      32016         88          0         47       7398
Mem:         32105      32015         89          0         48       7393
Mem:         32105      32015         89          0         48       7398
Mem:         32105      32016         88          0         48       7391
Mem:         32105      32016         88          0         48       7385
Mem:         32105      32015         89          0         48       7397
Mem:         32105      32002        102          0         48       7389
Mem:         32105      32008         96          0         48       7392
Mem:         32105      32006         98          0         48       7393
Mem:         32105      32016         88          0         48       7389
Mem:         32105      32001        103          0         48       7387
Mem:         32105      31998        106          0         48       7387
Mem:         32105      32006         98          0         48       7394
Mem:         32105      32002        102          0         48       7390
Mem:         32105      32016         88          0         48       7390
Mem:         32105      32016         88          0         48       7393
Mem:         32105      32015         89          0         48       7403
Mem:         32105      32015         89          0         48       7392
Mem:         32105      32015         89          0         48       7390
Mem:         32105      32016         88          0         48       7388
Mem:         32105      32013         91          0         49       7403
Mem:         32105      32016         88          0         49       7395
Mem:         32105      32015         89          0         49       7394
Mem:         32105      32016         88          0         49       7397
Mem:         32105      32000        104          0         49       7397
Mem:         32105      32017         87          0         49       7409
Mem:         32105      32017         87          0         49       7407
Mem:         32105      32016         88          0         49       7402
Mem:         32105      32015         89          0         49       7405
Mem:         32105      32017         87          0         49       7404
Mem:         32105      32017         87          0         49       7403
Mem:         32105      32016         88          0         49       7403
Mem:         32105      32015         89          0         49       7400
Mem:         32105      32016         88          0         49       7403
Mem:         32105      32017         87          0         49       7408
Mem:         32105      32017         87          0         49       7405
Mem:         32105      32016         88          0         49       7409
Mem:         32105      32015         89          0         49       7411
Mem:         32105      32016         88          0         49       7410
Mem:         32105      32017         87          0         49       7411
Mem:         32105      32015         89          0         49       7410
Mem:         32105      32017         87          0         49       7411
Mem:         32105      32016         88          0         49       7411
Mem:         32105      32016         88          0         49       7409
Mem:         32105      32015         89          0         49       7411
Mem:         32105      32014         90          0         49       7410
Mem:         32105      32017         87          0         49       7413
Mem:         32105      32016         88          0         50       7421
Mem:         32105      32016         88          0         50       7419
Mem:         32105      32015         89          0         50       7418
Mem:         32105      32016         88          0         50       7417
Mem:         32105      32017         88          0         50       7416
Mem:         32105      32014         90          0         50       7413
Mem:         32105      32012         92          0         50       7411
Mem:         32105      32009         95          0         50       7408
Mem:         32105      32003        101          0         50       7403
Mem:         32105      32000        104          0         50       7401
Mem:         32105      31997        107          0         50       7399
Mem:         32105      31998        106          0         50       7400
Mem:         32105      31998        107          0         50       7400
Mem:         32105      31997        107          0         50       7400
Mem:         32105      31997        107          0         50       7400
Mem:         32105      31996        108          0         50       7400
Mem:         32105      31996        108          0         50       7400
Mem:         32105      31995        109          0         50       7400
Mem:         32105      31996        109          0         50       7400
Mem:         32105      31996        108          0         50       7400
Mem:         32105      31995        109          0         50       7400
Mem:         32105      31995        109          0         50       7400
Mem:         32105      31995        109          0         50       7400
Mem:         32105      31995        109          0         50       7400
Mem:         32105      31994        110          0         50       7400
Mem:         32105      31995        109          0         50       7400
Mem:         32105      31995        109          0         50       7400
Mem:         32105      31995        110          0         50       7400
Mem:         32105      31995        109          0         50       7400
Mem:         32105      31995        109          0         50       7400
Mem:         32105      31995        109          0         50       7400
Mem:         32105      31994        110          0         50       7400
Mem:         32105      31994        110          0         50       7400
Mem:         32105      31994        110          0         50       7400
Mem:         32105      31994        110          0         50       7400
Mem:         32105      31994        110          0         50       7400
Mem:         32105      31994        110          0         50       7400
Mem:         32105      31994        110          0         50       7400
Mem:         32105      28143       3961          0         50       7400
Mem:         32105      23848       8256          0         50       7400
