Mem:         32180       1168      31012          0          5         48
Mem:         32180       1231      30948          0          6         55
Mem:         32180       1313      30866          0          6         65
Mem:         32180       1419      30760          0          6         71
Mem:         32180       1460      30719          0          6         72
Mem:         32180       1701      30479          0          6         80
Mem:         32180       3011      29168          0          7        193
Mem:         32180       5545      26634          0          7        481
Mem:         32180       7042      25137          0          7        838
Mem:         32180       8131      24049          0          7       1186
Mem:         32180       8608      23571          0          7       1556
Mem:         32180       8936      23243          0          7       1846
Mem:         32180       9337      22842          0          7       2218
Mem:         32180       9729      22450          0          7       2603
Mem:         32180      10179      22000          0          7       2914
Mem:         32180      10555      21624          0          7       3171
Mem:         32180      12243      19936          0          7       3476
Mem:         32180      12508      19671          0          7       3739
Mem:         32180      12923      19256          0          7       4041
Mem:         32180      13231      18948          0          7       4344
Mem:         32180      13476      18704          0          7       4566
Mem:         32180      13733      18446          0          7       4818
Mem:         32180      13952      18227          0          7       5030
Mem:         32180      14179      18000          0          7       5239
Mem:         32180      14439      17740          0          7       5496
Mem:         32180      14648      17531          0          7       5702
Mem:         32180      14927      17252          0          7       5958
Mem:         32180      15206      16973          0          7       6231
Mem:         32180      15439      16740          0          7       6455
Mem:         32180      15701      16478          0          7       6714
Mem:         32180      15989      16191          0          7       6986
Mem:         32180      16199      15980          0          7       7192
Mem:         32180      16478      15701          0          7       7465
Mem:         32180      16755      15424          0          7       7735
Mem:         32180      16991      15189          0          7       7965
Mem:         32180      17252      14927          0          7       8214
Mem:         32180      17503      14676          0          7       8461
Mem:         32180      17768      14411          0          7       8712
Mem:         32180      18021      14158          0          7       8962
Mem:         32180      18211      13968          0          7       9147
Mem:         32180      18457      13722          0          7       9380
Mem:         32180      18581      13598          0          7       9502
Mem:         32180      18629      13550          0          7       9549
Mem:         32180      18670      13509          0          7       9590
Mem:         32180      18759      13420          0          7       9676
Mem:         32180      18854      13325          0          7       9769
Mem:         32180      18952      13228          0          7       9866
Mem:         32180      19059      13120          0          7       9968
Mem:         32180      19171      13008          0          7      10078
Mem:         32180      19285      12894          0          7      10189
Mem:         32180      19400      12779          0          7      10301
Mem:         32180      19519      12660          0          7      10418
Mem:         32180      19641      12539          0          7      10536
Mem:         32180      19757      12422          0          7      10650
Mem:         32180      19899      12280          0          7      10770
Mem:         32180      20012      12168          0          7      10880
Mem:         32180      20122      12057          0          7      10988
Mem:         32180      20237      11942          0          7      11101
Mem:         32180      20349      11830          0          7      11210
Mem:         32180      20468      11712          0          7      11325
Mem:         32180      20587      11592          0          7      11441
Mem:         32180      20703      11476          0          7      11552
Mem:         32180      20831      11348          0          7      11673
Mem:         32180      20955      11224          0          7      11794
Mem:         32180      21074      11105          0          7      11911
Mem:         32180      21190      10989          0          7      12024
Mem:         32180      21305      10875          0          7      12137
Mem:         32180      21439      10740          0          7      12250
Mem:         32180      21555      10624          0          7      12365
Mem:         32180      21662      10517          0          7      12470
Mem:         32180      21789      10390          0          7      12594
Mem:         32180      21913      10266          0          7      12715
Mem:         32180      22030      10149          0          7      12830
Mem:         32180      22143      10037          0          7      12943
Mem:         32180      22262       9917          0          7      13058
Mem:         32180      22379       9801          0          7      13172
Mem:         32180      22488       9692          0          7      13280
Mem:         32180      22601       9579          0          7      13389
Mem:         32180      22716       9463          0          7      13503
Mem:         32180      22832       9347          0          7      13616
Mem:         32180      22963       9216          0          7      13741
Mem:         32180      23083       9096          0          7      13859
Mem:         32180      23198       8981          0          7      13971
Mem:         32180      23322       8857          0          7      14092
Mem:         32180      23437       8742          0          7      14204
Mem:         32180      23527       8652          0          7      14296
Mem:         32180      23660       8519          0          7      14423
Mem:         32180      23779       8400          0          7      14540
Mem:         32180      23884       8295          0          7      14642
Mem:         32180      23988       8191          0          7      14745
Mem:         32180      24100       8079          0          7      14854
Mem:         32180      24217       7962          0          7      14967
Mem:         32180      24322       7857          0          7      15071
Mem:         32180      24439       7741          0          7      15184
Mem:         32180      24573       7607          0          7      15290
Mem:         32180      24684       7495          0          7      15400
Mem:         32180      24804       7375          0          7      15517
Mem:         32180      24914       7265          0          7      15624
Mem:         32180      25037       7142          0          7      15743
Mem:         32180      25161       7018          0          7      15865
Mem:         32180      25284       6895          0          7      15980
Mem:         32180      25402       6777          0          7      16096
Mem:         32180      25515       6665          0          7      16206
Mem:         32180      25625       6554          0          7      16314
Mem:         32180      25743       6436          0          7      16429
Mem:         32180      25853       6327          0          7      16535
Mem:         32180      25962       6217          0          7      16644
Mem:         32180      26084       6095          0          7      16754
Mem:         32180      26197       5982          0          7      16867
Mem:         32180      26312       5867          0          7      16979
Mem:         32180      26430       5749          0          7      17091
Mem:         32180      26544       5636          0          7      17202
Mem:         32180      26649       5530          0          8      17305
Mem:         32180      26745       5434          0          9      17397
Mem:         32180      26846       5333          0          9      17493
Mem:         32180      26958       5221          0          9      17602
Mem:         32180      27069       5110          0          9      17711
Mem:         32180      27182       4997          0          9      17821
Mem:         32180      27297       4883          0          9      17934
Mem:         32180      27410       4769          0          9      18043
Mem:         32180      27523       4656          0          9      18154
Mem:         32180      27645       4534          0          9      18270
Mem:         32180      27762       4418          0          9      18383
Mem:         32180      27892       4287          0          9      18512
Mem:         32180      28016       4164          0          9      18633
Mem:         32180      28137       4042          0          9      18751
Mem:         32180      28263       3916          0          9      18875
Mem:         32180      28381       3799          0          9      18990
Mem:         32180      28483       3697          0          9      19088
Mem:         32180      28623       3556          0          9      19224
Mem:         32180      28732       3447          0          9      19330
Mem:         32180      28848       3332          0          9      19441
Mem:         32180      28960       3220          0          9      19551
Mem:         32180      29067       3112          0          9      19657
Mem:         32180      29174       3005          0          9      19761
Mem:         32180      29295       2884          0          9      19871
Mem:         32180      29407       2772          0          9      19982
Mem:         32180      29519       2660          0          9      20091
Mem:         32180      29631       2548          0          9      20201
Mem:         32180      29730       2449          0          9      20297
Mem:         32180      29853       2326          0          9      20419
Mem:         32180      29984       2195          0          9      20546
Mem:         32180      30018       2161          0          4      20576
Mem:         32180      30020       2159          0          4      20579
Mem:         32180      30020       2159          0          4      20578
Mem:         32180      30019       2160          0          4      20576
Mem:         32180      30023       2156          0          4      20580
Mem:         32180      30019       2161          0          4      20577
Mem:         32180      30023       2156          0          4      20576
Mem:         32180      30013       2166          0          4      20564
Mem:         32180      30024       2155          0          4      20576
Mem:         32180      30023       2156          0          4      20577
Mem:         32180      30024       2156          0          4      20576
Mem:         32180      30024       2155          0          4      20579
Mem:         32180      30025       2154          0          4      20572
Mem:         32180      30022       2157          0          4      20568
Mem:         32180      30005       2174          0          4      20551
Mem:         32180      30028       2151          0          4      20577
Mem:         32180      30026       2153          0          4      20570
Mem:         32180      30028       2151          0          4      20572
Mem:         32180      30042       2137          0          4      20586
Mem:         32180      30043       2136          0          4      20586
Mem:         32180      30041       2138          0          4      20582
Mem:         32180      30037       2143          0          4      20577
Mem:         32180      30044       2136          0          4      20582
Mem:         32180      30058       2122          0          4      20598
Mem:         32180      30056       2123          0          4      20596
Mem:         32180      30071       2108          0          5      20601
Mem:         32180      30068       2111          0          5      20597
Mem:         32180      30067       2112          0          5      20600
Mem:         32180      30069       2110          0          5      20601
Mem:         32180      30077       2102          0          5      20607
Mem:         32180      30055       2124          0          5      20585
Mem:         32180      30057       2123          0          5      20588
Mem:         32180      30074       2105          0          5      20595
Mem:         32180      30079       2100          0          5      20599
Mem:         32180      30075       2104          0          5      20594
Mem:         32180      30066       2113          0          5      20585
Mem:         32180      30069       2111          0          5      20587
Mem:         32180      30069       2110          0          5      20587
Mem:         32180      30090       2089          0          5      20609
Mem:         32180      30079       2100          0          5      20597
Mem:         32180      30089       2090          0          5      20607
Mem:         32180      30087       2093          0          5      20602
Mem:         32180      30079       2100          0          5      20595
Mem:         32180      30088       2092          0          5      20602
Mem:         32180      30111       2069          0          5      20626
Mem:         32180      30120       2059          0          5      20630
Mem:         32180      30124       2055          0          5      20633
Mem:         32180      30110       2069          0          5      20618
Mem:         32180      30135       2044          0          5      20642
Mem:         32180      30138       2042          0          5      20644
Mem:         32180      30135       2044          0          5      20642
Mem:         32180      30178       2001          0          5      20669
Mem:         32180      30171       2008          0          5      20660
Mem:         32180      30196       1984          0          5      20682
Mem:         32180      30179       2001          0          5      20662
Mem:         32180      30195       1984          0          5      20681
Mem:         32180      30202       1977          0          5      20686
Mem:         32180      30239       1940          0          5      20722
Mem:         32180      30254       1925          0          5      20730
Mem:         32180      30282       1898          0          5      20755
Mem:         32180      30293       1887          0          5      20765
Mem:         32180      30295       1884          0          5      20768
Mem:         32180      30314       1865          0          5      20785
Mem:         32180      30333       1846          0          5      20805
Mem:         32180      30352       1827          0          5      20805
Mem:         32180      30387       1792          0          5      20840
Mem:         32180      30397       1783          0          5      20849
Mem:         32180      30393       1786          0          5      20845
Mem:         32180      30391       1788          0          5      20844
Mem:         32180      30440       1739          0          5      20882
Mem:         32180      30469       1710          0          5      20913
Mem:         32180      30480       1700          0          5      20920
Mem:         32180      30482       1697          0          5      20921
Mem:         32180      30545       1634          0          5      20984
Mem:         32180      30554       1626          0          5      20980
Mem:         32180      30592       1588          0          5      21015
Mem:         32180      30620       1559          0          5      21044
Mem:         32180      30627       1552          0          5      21049
Mem:         32180      30641       1538          0          5      21063
Mem:         32180      30680       1500          0          5      21104
Mem:         32180      30699       1481          0          5      21119
Mem:         32180      30710       1469          0          5      21132
Mem:         32180      30751       1428          0          5      21172
Mem:         32180      30774       1405          0          5      21195
Mem:         32180      30803       1376          0          5      21222
Mem:         32180      30820       1360          0          5      21240
Mem:         32180      30842       1337          0          5      21256
Mem:         32180      30858       1321          0          5      21273
Mem:         32180      30889       1291          0          5      21303
Mem:         32180      30893       1286          0          5      21307
Mem:         32180      30924       1255          0          5      21336
Mem:         32180      30938       1241          0          5      21354
Mem:         32180      30950       1229          0          5      21356
Mem:         32180      30996       1184          0          5      21403
Mem:         32180      30988       1191          0          5      21396
Mem:         32180      30996       1183          0          5      21403
Mem:         32180      31003       1177          0          5      21406
Mem:         32180      31029       1151          0          5      21435
Mem:         32180      31059       1120          0          5      21452
Mem:         32180      31043       1136          0          5      21435
Mem:         32180      31040       1139          0          5      21432
Mem:         32180      31054       1125          0          5      21446
Mem:         32180      31055       1124          0          5      21451
Mem:         32180      31056       1123          0          5      21450
Mem:         32180      31055       1124          0          5      21452
Mem:         32180      31057       1122          0          5      21453
Mem:         32180      31070       1109          0          5      21451
Mem:         32180      31069       1110          0          5      21449
Mem:         32180      31061       1118          0          5      21439
Mem:         32180      31080       1100          0          5      21459
Mem:         32180      31060       1119          0          5      21436
Mem:         32180      31078       1101          0          5      21454
Mem:         32180      31066       1113          0          5      21440
Mem:         32180      31081       1098          0          5      21457
Mem:         32180      31073       1107          0          5      21444
Mem:         32180      31070       1109          0          5      21442
Mem:         32180      31077       1103          0          5      21448
Mem:         32180      31082       1097          0          5      21455
Mem:         32180      31082       1097          0          5      21448
Mem:         32180      31080       1099          0          5      21446
Mem:         32180      31071       1108          0          5      21438
Mem:         32180      31078       1101          0          5      21442
Mem:         32180      31090       1089          0          5      21454
Mem:         32180      31095       1084          0          5      21457
Mem:         32180      31095       1084          0          5      21460
Mem:         32180      31100       1080          0          5      21456
Mem:         32180      31098       1081          0          5      21455
Mem:         32180      31103       1076          0          4      21456
Mem:         32180      31117       1062          0          4      21472
Mem:         32180      31131       1048          0          4      21484
Mem:         32180      31141       1038          0          4      21493
Mem:         32180      31156       1023          0          4      21502
Mem:         32180      31154       1025          0          5      21496
Mem:         32180      31162       1017          0          7      21495
Mem:         32180      31173       1006          0          7      21505
Mem:         32180      31184        995          0          7      21517
Mem:         32180      31212        967          0          7      21544
Mem:         32180      31218        961          0          7      21547
Mem:         32180      31238        942          0          7      21554
Mem:         32180      31257        922          0          7      21574
Mem:         32180      31274        905          0          7      21591
Mem:         32180      31285        894          0          7      21597
Mem:         32180      31290        890          0          7      21600
Mem:         32180      31325        854          0          7      21636
Mem:         32180      31335        844          0          7      21647
Mem:         32180      31344        835          0          7      21639
Mem:         32180      31371        808          0          7      21664
Mem:         32180      31369        810          0          7      21665
Mem:         32180      31388        791          0          7      21682
Mem:         32180      31391        788          0          7      21682
Mem:         32180      31407        772          0          7      21695
Mem:         32180      31426        753          0          7      21713
Mem:         32180      31436        743          0          7      21720
Mem:         32180      31468        712          0          7      21748
Mem:         32180      31494        685          0          7      21772
Mem:         32180      31527        653          0          7      21803
Mem:         32180      31542        637          0          7      21819
Mem:         32180      31588        591          0          7      21863
Mem:         32180      31590        589          0          7      21863
Mem:         32180      31620        559          0          7      21887
Mem:         32180      31635        544          0          7      21903
Mem:         32180      31660        519          0          7      21927
Mem:         32180      31691        488          0          7      21958
Mem:         32180      31701        478          0          7      21966
Mem:         32180      31703        476          0          7      21971
Mem:         32180      31739        440          0          7      22005
Mem:         32180      31773        407          0          7      22039
Mem:         32180      31777        402          0          7      22035
Mem:         32180      31777        402          0          7      22034
Mem:         32180      31803        377          0          7      22060
Mem:         32180      31809        370          0          7      22067
Mem:         32180      31807        372          0          7      22064
Mem:         32180      31827        353          0          7      22082
Mem:         32180      31832        348          0          7      22090
Mem:         32180      31831        349          0          7      22075
Mem:         32180      31848        331          0          7      22091
Mem:         32180      31855        325          0          7      22099
Mem:         32180      31855        325          0          7      22098
Mem:         32180      31867        312          0          7      22110
Mem:         32180      31883        296          0          7      22126
Mem:         32180      31875        304          0          7      22119
Mem:         32180      31896        283          0          7      22125
Mem:         32180      31900        279          0          7      22129
Mem:         32180      31911        268          0          7      22140
Mem:         32180      31928        251          0          7      22158
Mem:         32180      31914        265          0          7      22145
Mem:         32180      31920        259          0          7      22149
Mem:         32180      31929        250          0          7      22160
Mem:         32180      31940        239          0          7      22160
Mem:         32180      31931        248          0          7      22153
Mem:         32180      31941        238          0          7      22164
Mem:         32180      31931        248          0          7      22153
Mem:         32180      31946        233          0          7      22170
Mem:         32180      31953        226          0          7      22174
Mem:         32180      31956        223          0          7      22180
Mem:         32180      31966        213          0          7      22183
Mem:         32180      31967        212          0          7      22180
Mem:         32180      31962        217          0          7      22175
Mem:         32180      31969        210          0          7      22182
Mem:         32180      31985        195          0          7      22199
Mem:         32180      31977        202          0          7      22189
Mem:         32180      31975        204          0          7      22187
Mem:         32180      31983        196          0          7      22189
Mem:         32180      31989        190          0          7      22197
Mem:         32180      31986        193          0          7      22194
Mem:         32180      31981        198          0          7      22189
Mem:         32180      31985        195          0          7      22194
Mem:         32180      31970        210          0          7      22176
Mem:         32180      31983        196          0          7      22177
Mem:         32180      31980        199          0          7      22170
Mem:         32180      31985        194          0          7      22176
Mem:         32180      31982        198          0          7      22171
Mem:         32180      31978        201          0          7      22166
Mem:         32180      31979        200          0          7      22167
Mem:         32180      31975        204          0          7      22162
Mem:         32180      31976        203          0          7      22154
Mem:         32180      31996        183          0          7      22172
Mem:         32180      31989        190          0          7      22166
Mem:         32180      31991        188          0          7      22167
Mem:         32180      31994        186          0          7      22170
Mem:         32180      31980        199          0          7      22150
Mem:         32180      31976        203          0          7      22146
Mem:         32180      31980        199          0          7      22150
Mem:         32180      31971        208          0          7      22142
Mem:         32180      31973        207          0          7      22140
Mem:         32180      31972        207          0          7      22138
Mem:         32180      31995        184          0          7      22149
Mem:         32180      31986        193          0          7      22140
Mem:         32180      31974        206          0          7      22126
Mem:         32180      31998        182          0          7      22150
Mem:         32180      31992        188          0          7      22142
Mem:         32180      31990        190          0          7      22139
Mem:         32180      31994        185          0          7      22145
Mem:         32180      31985        194          0          7      22130
Mem:         32180      31989        190          0          7      22135
Mem:         32180      31971        208          0          7      22114
Mem:         32180      32003        177          0          7      22147
Mem:         32180      31985        194          0          7      22128
Mem:         32180      31971        208          0          7      22116
Mem:         32180      31981        199          0          7      22115
Mem:         32180      31994        185          0          7      22127
Mem:         32180      31978        201          0          7      22112
Mem:         32180      31986        193          0          7      22119
Mem:         32180      31982        197          0          7      22114
Mem:         32180      31973        206          0          7      22104
Mem:         32180      31988        191          0          7      22120
Mem:         32180      31979        201          0          7      22106
Mem:         32180      31984        195          0          7      22111
Mem:         32180      31986        193          0          7      22113
Mem:         32180      31987        192          0          7      22113
Mem:         32180      31981        199          0          7      22109
Mem:         32180      31996        183          0          7      22125
Mem:         32180      31978        201          0          7      22100
Mem:         32180      31982        198          0          7      22103
Mem:         32180      31996        183          0          7      22118
Mem:         32180      31976        204          0          7      22094
Mem:         32180      31975        204          0          7      22097
Mem:         32180      31994        185          0          7      22114
Mem:         32180      31982        197          0          7      22094
Mem:         32180      31971        208          0          7      22083
Mem:         32180      31992        188          0          7      22103
Mem:         32180      31974        206          0          7      22084
Mem:         32180      31976        204          0          7      22086
Mem:         32180      31984        195          0          7      22096
Mem:         32180      31993        186          0          7      22105
Mem:         32180      31973        206          0          7      22070
Mem:         32180      31982        197          0          7      22078
Mem:         32180      31991        188          0          7      22087
Mem:         32180      31984        195          0          7      22081
Mem:         32180      31974        206          0          7      22069
Mem:         32180      31987        192          0          7      22083
Mem:         32180      31978        201          0          7      22065
Mem:         32180      31985        194          0          7      22070
Mem:         32180      31991        188          0          7      22077
Mem:         32180      31968        211          0          7      22032
Mem:         32180      31986        193          0          7      22051
Mem:         32180      31987        192          0          7      22052
Mem:         32180      31990        189          0          7      22055
Mem:         32180      31978        201          0          7      22041
Mem:         32180      31974        205          0          7      22024
Mem:         32180      31970        209          0          7      22019
Mem:         32180      31965        214          0          7      22013
Mem:         32180      31979        200          0          7      22029
Mem:         32180      31966        213          0          7      22015
Mem:         32180      31964        216          0          7      22006
Mem:         32180      31984        196          0          7      22023
Mem:         32180      31981        198          0          7      22017
Mem:         32180      31989        190          0          7      22023
Mem:         32180      31965        214          0          7      22000
Mem:         32180      31973        206          0          7      22006
Mem:         32180      31990        189          0          7      22021
Mem:         32180      31967        212          0          7      21988
Mem:         32180      31966        213          0          7      21986
Mem:         32180      31974        206          0          7      21992
Mem:         32180      31973        206          0          7      21991
Mem:         32180      31970        210          0          7      21986
Mem:         32180      31972        207          0          7      21988
Mem:         32180      31968        211          0          7      21974
Mem:         32180      31982        197          0          7      21988
Mem:         32180      31981        198          0          7      21989
Mem:         32180      31980        200          0          7      21985
Mem:         32180      31983        196          0          7      21991
Mem:         32180      31952        227          0          7      21951
Mem:         32180      31986        193          0          7      21980
Mem:         32180      31977        203          0          7      21968
Mem:         32180      31999        180          0          7      21992
Mem:         32180      31984        195          0          7      21976
Mem:         32180      31986        193          0          7      21978
Mem:         32180      31994        185          0          7      21973
Mem:         32180      31982        197          0          7      21960
Mem:         32180      31985        194          0          7      21960
Mem:         32180      32001        178          0          7      21976
Mem:         32180      32000        179          0          7      21977
Mem:         32180      31993        187          0          7      21969
Mem:         32180      31999        180          0          7      21966
Mem:         32180      31979        200          0          7      21944
Mem:         32180      31989        190          0          7      21953
Mem:         32180      31999        181          0          7      21962
Mem:         32180      31972        207          0          7      21935
Mem:         32180      31976        204          0          7      21932
Mem:         32180      32001        178          0          7      21954
Mem:         32180      31975        204          0          7      21924
Mem:         32180      31997        182          0          7      21946
Mem:         32180      31988        191          0          7      21934
Mem:         32180      32001        178          0          7      21948
Mem:         32180      31995        184          0          7      21939
Mem:         32180      31999        180          0          7      21936
Mem:         32180      31980        199          0          7      21915
Mem:         32180      31981        198          0          7      21918
Mem:         32180      31981        198          0          7      21917
Mem:         32180      31986        193          0          7      21922
Mem:         32180      31897        282          0          7      21823
Mem:         32180      31984        195          0          7      21909
Mem:         32180      31997        182          0          7      21920
Mem:         32180      31987        192          0          7      21911
Mem:         32180      31992        187          0          7      21912
Mem:         32180      31969        210          0          7      21888
Mem:         32180      31996        184          0          7      21911
Mem:         32180      31972        207          0          7      21887
Mem:         32180      31972        207          0          7      21888
Mem:         32180      31978        201          0          7      21891
Mem:         32180      31979        200          0          7      21894
Mem:         32180      31987        193          0          7      21898
Mem:         32180      32002        178          0          7      21911
Mem:         32180      31994        186          0          7      21899
Mem:         32180      31992        187          0          7      21899
Mem:         32180      31979        201          0          7      21882
Mem:         32180      32002        177          0          7      21894
Mem:         32180      31989        190          0          7      21881
Mem:         32180      31988        191          0          7      21882
Mem:         32180      31987        192          0          7      21876
Mem:         32180      31985        194          0          7      21878
Mem:         32180      31983        196          0          7      21859
Mem:         32180      31996        183          0          7      21872
Mem:         32180      31995        185          0          5      21871
Mem:         32180      31989        191          0          5      21863
Mem:         32180      31973        206          0          5      21845
Mem:         32180      32000        179          0          5      21875
Mem:         32180      31988        191          0          5      21863
Mem:         32180      31974        206          0          5      21840
Mem:         32180      32000        180          0          5      21866
Mem:         32180      31975        204          0          5      21839
Mem:         32180      31979        200          0          5      21843
Mem:         32180      31973        206          0          5      21837
Mem:         32180      31985        194          0          5      21850
Mem:         32180      31987        192          0          5      21848
Mem:         32180      31973        207          0          5      21830
Mem:         32180      31853        326          0          5      21707
Mem:         32180      31813        366          0          5      21670
Mem:         32180      31936        243          0          5      21794
Mem:         32180      31989        190          0          5      21847
Mem:         32180      31991        188          0          5      21837
Mem:         32180      31983        196          0          5      21829
Mem:         32180      31986        193          0          5      21830
Mem:         32180      31993        186          0          5      21838
Mem:         32180      31986        194          0          5      21827
Mem:         32180      31971        208          0          5      21799
Mem:         32180      31967        212          0          5      21795
Mem:         32180      31971        208          0          5      21798
Mem:         32180      31985        195          0          5      21810
Mem:         32180      31984        195          0          5      21810
Mem:         32180      31971        209          0          5      21798
Mem:         32180      31976        204          0          5      21802
Mem:         32180      31994        186          0          5      21815
Mem:         32180      31971        208          0          5      21794
Mem:         32180      31972        207          0          5      21792
Mem:         32180      32000        179          0          5      21821
Mem:         32180      31973        207          0          5      21794
Mem:         32180      31994        186          0          5      21817
Mem:         32180      31989        190          0          5      21811
Mem:         32180      31992        187          0          5      21812
Mem:         32180      31975        205          0          5      21793
Mem:         32180      31996        183          0          5      21817
Mem:         32180      31981        198          0          5      21801
Mem:         32180      31994        185          0          5      21815
Mem:         32180      31986        193          0          5      21807
Mem:         32180      31997        182          0          5      21819
Mem:         32180      31973        206          0          5      21794
Mem:         32180      31982        197          0          5      21804
Mem:         32180      31995        185          0          5      21817
Mem:         32180      31979        200          0          5      21800
Mem:         32180      31996        184          0          5      21818
Mem:         32180      31982        197          0          5      21805
Mem:         32180      31996        183          0          5      21819
Mem:         32180      31983        196          0          5      21806
Mem:         32180      31971        208          0          5      21794
Mem:         32180      31992        187          0          5      21815
Mem:         32180      31988        191          0          5      21810
Mem:         32180      31986        193          0          5      21809
Mem:         32180      31973        206          0          5      21797
Mem:         32180      31983        197          0          5      21806
Mem:         32180      31973        207          0          5      21794
Mem:         32180      31981        198          0          5      21804
Mem:         32180      31993        186          0          5      21817
Mem:         32180      32001        178          0          5      21824
Mem:         32180      31975        205          0          5      21800
Mem:         32180      31981        198          0          5      21806
Mem:         32180      31993        187          0          5      21817
Mem:         32180      31974        205          0          5      21799
Mem:         32180      31999        180          0          6      21824
Mem:         32180      31978        202          0          6      21801
Mem:         32180      32001        178          0          6      21825
Mem:         32180      31976        204          0          6      21800
Mem:         32180      31996        183          0          6      21821
Mem:         32180      31971        208          0          6      21795
Mem:         32180      31981        198          0          6      21806
Mem:         32180      31997        183          0          6      21822
Mem:         32180      31978        201          0          6      21802
Mem:         32180      31992        187          0          6      21817
Mem:         32180      32001        178          0          6      21825
Mem:         32180      31985        194          0          6      21812
Mem:         32180      31996        183          0          6      21822
Mem:         32180      31980        199          0          6      21808
Mem:         32180      32002        177          0          6      21828
Mem:         32180      31980        199          0          6      21806
Mem:         32180      31994        185          0          6      21821
Mem:         32180      31974        205          0          6      21800
Mem:         32180      31987        193          0          6      21812
Mem:         32180      32001        178          0          6      21827
Mem:         32180      31976        203          0          6      21802
Mem:         32180      31981        199          0          6      21808
Mem:         32180      32000        179          0          6      21827
Mem:         32180      31975        204          0          6      21800
Mem:         32180      31982        197          0          6      21806
Mem:         32180      32002        178          0          6      21827
Mem:         32180      31977        202          0          6      21803
Mem:         32180      31984        195          0          6      21810
Mem:         32180      31994        185          0          6      21821
Mem:         32180      31973        206          0          6      21798
Mem:         32180      31978        202          0          6      21804
Mem:         32180      31984        195          0          6      21812
Mem:         32180      31996        183          0          6      21823
Mem:         32180      31998        181          0          6      21824
Mem:         32180      31998        182          0          6      21824
Mem:         32180      31997        182          0          6      21824
Mem:         32180      31997        182          0          6      21824
Mem:         32180      31997        182          0          6      21824
Mem:         32180      31997        183          0          6      21824
Mem:         32180      31997        182          0          6      21824
Mem:         32180      31997        183          0          6      21824
Mem:         32180      31997        183          0          6      21824
Mem:         32180      31997        182          0          6      21824
Mem:         32180      31996        183          0          6      21824
Mem:         32180      31996        183          0          6      21824
Mem:         32180      31996        183          0          6      21824
Mem:         32180      31996        184          0          6      21825
Mem:         32180      31996        184          0          6      21825
Mem:         32180      31996        184          0          6      21825
Mem:         32180      31996        183          0          6      21825
Mem:         32180      31996        184          0          6      21825
Mem:         32180      31995        184          0          6      21825
Mem:         32180      31996        184          0          6      21825
Mem:         32180      31995        184          0          6      21825
Mem:         32180      31995        184          0          6      21825
Mem:         32180      31995        184          0          6      21825
Mem:         32180      31995        184          0          6      21825
Mem:         32180      31995        185          0          6      21825
Mem:         32180      31995        184          0          6      21825
Mem:         32180      31994        185          0          6      21825
Mem:         32180      31995        185          0          6      21825
Mem:         32180      31994        185          0          6      21825
Mem:         32180      31994        185          0          6      21825
Mem:         32180      31994        185          0          6      21825
Mem:         32180      31994        185          0          6      21825
Mem:         32180      31994        186          0          6      21825
Mem:         32180      31995        185          0          6      21825
Mem:         32180      31994        185          0          6      21825
Mem:         32180      31994        185          0          6      21825
Mem:         32180      31994        185          0          6      21825
Mem:         32180      23402       8778          0          6      21824
Mem:         32180      23378       8801          0          6      21824
