Mem:         31095       1468      29626          0          3         66
Mem:         31095       1543      29552          0          3         82
Mem:         31095       1546      29548          0          3         83
Mem:         31095       1545      29549          0          3         83
Mem:         31095       1545      29549          0          3         83
Mem:         31095       1545      29549          0          3         83
Mem:         31095       1558      29537          0          3         96
Mem:         31095       1606      29488          0          3        144
Mem:         31095       1675      29419          0          3        213
Mem:         31095       1777      29317          0          3        292
Mem:         31095       1978      29117          0          3        397
Mem:         31095       2268      28827          0          4        485
Mem:         31095       2389      28705          0          4        564
Mem:         31095       2517      28577          0          4        639
Mem:         31095       4405      26689          0          4        765
Mem:         31095       7888      23207          0          4       1059
Mem:         31095       8660      22434          0          5       1388
Mem:         31095       9111      21983          0          5       1724
Mem:         31095       9480      21614          0          5       2035
Mem:         31095       9821      21273          0          6       2321
Mem:         31095      10153      20941          0          6       2655
Mem:         31095      10640      20454          0          6       2992
Mem:         31095      10933      20162          0          7       3284
Mem:         31095      11280      19814          0          7       3471
Mem:         31095      12734      18360          0          7       3723
Mem:         31095      12988      18106          0          7       3976
Mem:         31095      13266      17829          0          8       4253
Mem:         31095      13525      17569          0          8       4469
Mem:         31095      13671      17423          0          8       4615
Mem:         31095      13837      17257          0          8       4779
Mem:         31095      13966      17129          0          8       4908
Mem:         31095      14123      16971          0          8       5066
Mem:         31095      14250      16844          0          9       5192
Mem:         31095      14457      16638          0          9       5339
Mem:         31095      14622      16472          0          9       5505
Mem:         31095      14759      16335          0          9       5644
Mem:         31095      14967      16128          0          9       5848
Mem:         31095      15142      15952          0          9       6024
Mem:         31095      15353      15741          0         10       6208
Mem:         31095      15502      15593          0         10       6357
Mem:         31095      15630      15464          0         10       6485
Mem:         31095      15750      15345          0         10       6603
Mem:         31095      15920      15174          0         10       6773
Mem:         31095      16142      14952          0         10       6980
Mem:         31095      16400      14694          0         11       7238
Mem:         31095      16624      14471          0         11       7461
Mem:         31095      16786      14309          0         11       7621
Mem:         31095      16981      14113          0         11       7818
Mem:         31095      17208      13886          0         11       8031
Mem:         31095      17406      13689          0         12       8229
Mem:         31095      17566      13528          0         12       8389
Mem:         31095      17768      13326          0         12       8587
Mem:         31095      18031      13063          0         12       8849
Mem:         31095      18282      12812          0         12       9099
Mem:         31095      18541      12553          0         13       9339
Mem:         31095      18756      12339          0         13       9553
Mem:         31095      18997      12097          0         13       9787
Mem:         31095      19210      11884          0         13      10002
Mem:         31095      19426      11669          0         14      10216
Mem:         31095      19600      11494          0         14      10392
Mem:         31095      19782      11312          0         14      10557
Mem:         31095      19958      11137          0         14      10731
Mem:         31095      20165      10929          0         14      10940
Mem:         31095      20363      10731          0         15      11136
Mem:         31095      20655      10440          0         15      11417
Mem:         31095      20943      10151          0         15      11705
Mem:         31095      21287       9808          0         15      12033
Mem:         31095      21627       9467          0         16      12362
Mem:         31095      21936       9158          0         16      12671
Mem:         31095      22237       8857          0         16      12963
Mem:         31095      22430       8664          0         17      13154
Mem:         31095      22671       8423          0         17      13399
Mem:         31095      22896       8199          0         17      13612
Mem:         31095      23144       7950          0         17      13862
Mem:         31095      23460       7634          0         18      14158
Mem:         31095      23676       7418          0         18      14372
Mem:         31095      23872       7223          0         18      14567
Mem:         31095      24108       6986          0         18      14791
Mem:         31095      24366       6728          0         19      15050
Mem:         31095      24694       6400          0         19      15362
Mem:         31095      24986       6109          0         19      15655
Mem:         31095      25236       5858          0         19      15902
Mem:         31095      25445       5649          0         20      16089
Mem:         31095      25656       5438          0         20      16301
Mem:         31095      25874       5220          0         20      16517
Mem:         31095      26072       5022          0         20      16701
Mem:         31095      26238       4856          0         20      16868
Mem:         31095      26408       4686          0         20      17037
Mem:         31095      26539       4555          0         21      17167
Mem:         31095      26661       4433          0         21      17290
Mem:         31095      26791       4303          0         21      17420
Mem:         31095      27021       4073          0         21      17613
Mem:         31095      27201       3894          0         21      17792
Mem:         31095      27360       3734          0         21      17953
Mem:         31095      27565       3529          0         22      18135
Mem:         31095      27815       3279          0         22      18384
Mem:         31095      28050       3044          0         22      18620
Mem:         31095      28256       2839          0         22      18800
Mem:         31095      28375       2720          0         22      18920
Mem:         31095      28563       2532          0         23      19106
Mem:         31095      28745       2349          0         23      19288
Mem:         31095      29016       2078          0         23      19560
Mem:         31095      29271       1823          0         23      19811
Mem:         31095      29515       1579          0         24      20055
Mem:         31095      29690       1404          0         24      20229
Mem:         31095      29800       1295          0         24      20339
Mem:         31095      29924       1171          0         24      20463
Mem:         31095      30017       1077          0         24      20553
Mem:         31095      30148        946          0         24      20685
Mem:         31095      30197        897          0         24      20734
Mem:         31095      30236        858          0         24      20771
Mem:         31095      30276        818          0         24      20812
Mem:         31095      30359        735          0         24      20875
Mem:         31095      30505        589          0         24      21020
Mem:         31095      30612        482          0         25      21127
Mem:         31095      30776        318          0         25      21291
Mem:         31095      30917        178          0         25      21412
Mem:         31095      30934        160          0         24      21431
Mem:         31095      30936        158          0         25      21432
Mem:         31095      30935        159          0         25      21431
Mem:         31095      30934        161          0         25      21413
Mem:         31095      30939        155          0         25      21420
Mem:         31095      30940        154          0         25      21418
Mem:         31095      30936        158          0         25      21418
Mem:         31095      30937        158          0         25      21409
Mem:         31095      30938        157          0         25      21412
Mem:         31095      30937        157          0         26      21411
Mem:         31095      30938        156          0         26      21412
Mem:         31095      30936        158          0         26      21410
Mem:         31095      30936        159          0         26      21399
Mem:         31095      30938        157          0         26      21398
Mem:         31095      30935        160          0         26      21397
Mem:         31095      30936        158          0         26      21400
Mem:         31095      30938        157          0         26      21402
Mem:         31095      30935        159          0         26      21398
Mem:         31095      30936        158          0         26      21390
Mem:         31095      30941        153          0         27      21397
Mem:         31095      30937        157          0         27      21391
Mem:         31095      30937        157          0         27      21393
Mem:         31095      30940        154          0         27      21395
Mem:         31095      30940        154          0         27      21387
Mem:         31095      30926        168          0         27      21373
Mem:         31095      30938        156          0         27      21385
Mem:         31095      30936        159          0         27      21382
Mem:         31095      30942        153          0         27      21389
Mem:         31095      30936        159          0         28      21383
Mem:         31095      30937        158          0         28      21385
Mem:         31095      30937        158          0         28      21384
Mem:         31095      30935        160          0         28      21382
Mem:         31095      30940        155          0         28      21383
Mem:         31095      30873        221          0         28      21317
Mem:         31095      30941        153          0         28      21385
Mem:         31095      30937        157          0         28      21380
Mem:         31095      30933        162          0         28      21377
Mem:         31095      30944        151          0         28      21385
Mem:         31095      30939        155          0         28      21383
Mem:         31095      30933        162          0         29      21376
Mem:         31095      30936        158          0         29      21379
Mem:         31095      30937        158          0         29      21367
Mem:         31095      30939        155          0         29      21365
Mem:         31095      30937        157          0         29      21362
Mem:         31095      30936        159          0         29      21333
Mem:         31095      30939        156          0         29      21335
Mem:         31095      30940        155          0         29      21335
Mem:         31095      30939        155          0         30      21274
Mem:         31095      30938        156          0         30      21332
Mem:         31095      30937        157          0         30      21324
Mem:         31095      30935        159          0         30      21322
Mem:         31095      30936        158          0         30      21319
Mem:         31095      30940        154          0         30      21325
Mem:         31095      30941        153          0         30      21327
Mem:         31095      30941        154          0         30      21324
Mem:         31095      30939        155          0         31      21310
Mem:         31095      30934        160          0         31      21305
Mem:         31095      30938        157          0         31      21310
Mem:         31095      30937        158          0         31      21310
Mem:         31095      30939        156          0         31      21310
Mem:         31095      30934        160          0         31      21304
Mem:         31095      30937        158          0         31      21307
Mem:         31095      30934        161          0         31      21304
Mem:         31095      30937        157          0         32      21296
Mem:         31095      30938        156          0         32      21298
Mem:         31095      30935        160          0         32      21295
Mem:         31095      30934        160          0         32      21295
Mem:         31095      30935        159          0         32      21295
Mem:         31095      30936        158          0         32      21296
Mem:         31095      30941        153          0         32      21302
Mem:         31095      30936        159          0         32      21288
Mem:         31095      30936        158          0         32      21290
Mem:         31095      30935        160          0         32      21289
Mem:         31095      30936        158          0         32      21288
Mem:         31095      30936        159          0         33      21287
Mem:         31095      30936        158          0         33      21288
Mem:         31095      30939        156          0         33      21291
Mem:         31095      30939        155          0         33      21282
Mem:         31095      30938        156          0         33      21280
Mem:         31095      30936        158          0         34      21257
Mem:         31095      30940        154          0         34      21262
Mem:         31095      30938        156          0         34      21255
Mem:         31095      30941        153          0         34      21260
Mem:         31095      30941        153          0         34      21245
Mem:         31095      30936        158          0         34      21240
Mem:         31095      30940        155          0         34      21244
Mem:         31095      30939        156          0         34      21243
Mem:         31095      30940        154          0         35      21242
Mem:         31095      30935        159          0         35      21224
Mem:         31095      30938        156          0         35      21228
Mem:         31095      30939        155          0         35      21230
Mem:         31095      30937        157          0         35      21227
Mem:         31095      30936        159          0         35      21227
Mem:         31095      30935        160          0         35      21225
Mem:         31095      30941        153          0         35      21230
Mem:         31095      30936        159          0         36      21225
Mem:         31095      30940        154          0         36      21226
Mem:         31095      30940        154          0         36      21224
Mem:         31095      30934        161          0         36      21206
Mem:         31095      30940        154          0         36      21210
Mem:         31095      30937        158          0         36      21207
Mem:         31095      30935        160          0         37      21203
Mem:         31095      30936        158          0         37      21205
Mem:         31095      30936        158          0         37      21204
Mem:         31095      30936        158          0         37      21191
Mem:         31095      30937        158          0         37      21192
Mem:         31095      30941        153          0         37      21197
Mem:         31095      30938        157          0         37      21190
Mem:         31095      30936        158          0         38      21182
Mem:         31095      30937        158          0         38      21179
Mem:         31095      30939        156          0         38      21181
Mem:         31095      30941        153          0         38      21183
Mem:         31095      30933        161          0         38      21178
Mem:         31095      30937        157          0         38      21179
Mem:         31095      30938        156          0         38      21170
Mem:         31095      30939        155          0         39      21170
Mem:         31095      30938        157          0         39      21171
Mem:         31095      30936        158          0         39      21169
Mem:         31095      30939        155          0         39      21152
Mem:         31095      30935        159          0         39      21147
Mem:         31095      30937        157          0         39      21151
Mem:         31095      30941        153          0         39      21151
Mem:         31095      30935        160          0         40      21147
Mem:         31095      30941        153          0         40      21152
Mem:         31095      30942        152          0         40      21148
Mem:         31095      30944        150          0         40      21148
Mem:         31095      30935        160          0         40      21135
Mem:         31095      30942        153          0         40      21144
Mem:         31095      30934        161          0         40      21138
Mem:         31095      30939        155          0         40      21144
Mem:         31095      30939        155          0         41      21134
Mem:         31095      30934        161          0         41      21126
Mem:         31095      30887        207          0         41      21081
Mem:         31095      30941        154          0         41      21136
Mem:         31095      30937        157          0         41      21121
Mem:         31095      30941        153          0         41      21126
Mem:         31095      30941        154          0         41      21124
Mem:         31095      30938        156          0         42      21122
Mem:         31095      30941        153          0         42      21108
Mem:         31095      30938        157          0         42      21101
Mem:         31095      30939        156          0         42      21103
Mem:         31095      30939        156          0         42      21102
Mem:         31095      30938        157          0         42      21104
Mem:         31095      30934        161          0         42      21098
Mem:         31095      30937        157          0         43      21088
Mem:         31095      30939        155          0         43      21088
Mem:         31095      30934        160          0         43      21086
Mem:         31095      30934        161          0         43      21081
Mem:         31095      30936        159          0         43      21064
Mem:         31095      30936        159          0         43      21065
Mem:         31095      30937        157          0         44      21066
Mem:         31095      30940        154          0         44      21068
Mem:         31095      30941        153          0         44      21054
Mem:         31095      30937        158          0         44      21047
Mem:         31095      30937        158          0         45      21050
Mem:         31095      30946        148          0         45      21058
Mem:         31095      30935        160          0         45      21049
Mem:         31095      30935        160          0         46      21047
Mem:         31095      30935        159          0         46      21032
Mem:         31095      30935        159          0         46      21031
Mem:         31095      30939        155          0         46      21036
Mem:         31095      30941        154          0         46      21038
Mem:         31095      30940        155          0         46      21036
Mem:         31095      30935        160          0         47      21031
Mem:         31095      30937        157          0         47      21034
Mem:         31095      30939        155          0         47      21035
Mem:         31095      30938        157          0         47      21035
Mem:         31095      30933        162          0         47      21019
Mem:         31095      30941        153          0         47      21027
Mem:         31095      30935        159          0         47      21021
Mem:         31095      30937        158          0         47      20995
Mem:         31095      30939        155          0         47      20998
Mem:         31095      30939        155          0         48      20998
Mem:         31095      30937        158          0         48      20993
Mem:         31095      30938        156          0         48      20975
Mem:         31095      30939        156          0         48      20975
Mem:         31095      30935        159          0         48      20970
Mem:         31095      30936        159          0         49      20971
Mem:         31095      30934        160          0         49      20956
Mem:         31095      30933        161          0         49      20957
Mem:         31095      30935        159          0         49      20958
Mem:         31095      30940        154          0         49      20945
Mem:         31095      30940        155          0         49      20943
Mem:         31095      30935        159          0         50      20940
Mem:         31095      30938        157          0         50      20944
Mem:         31095      30944        150          0         50      20934
Mem:         31095      30937        158          0         50      20927
Mem:         31095      30938        156          0         50      20929
Mem:         31095      30937        157          0         50      20928
Mem:         31095      30936        158          0         50      20929
Mem:         31095      30934        160          0         50      20902
Mem:         31095      30934        160          0         50      20903
Mem:         31095      30938        156          0         50      20903
Mem:         31095      30926        169          0         51      20890
Mem:         31095      30938        156          0         51      20901
Mem:         31095      30936        158          0         51      20901
Mem:         31095      30934        161          0         51      20890
Mem:         31095      30936        158          0         51      20891
Mem:         31095      30937        158          0         51      20892
Mem:         31095      30934        160          0         51      20889
Mem:         31095      30938        156          0         51      20864
Mem:         31095      30937        158          0         52      20862
Mem:         31095      30936        159          0         52      20863
Mem:         31095      30937        157          0         52      20864
Mem:         31095      30939        155          0         52      20856
Mem:         31095      30941        153          0         52      20858
Mem:         31095      30934        160          0         52      20851
Mem:         31095      30936        158          0         52      20853
Mem:         31095      30941        154          0         52      20856
Mem:         31095      30937        158          0         53      20854
Mem:         31095      30940        154          0         53      20857
Mem:         31095      30938        156          0         53      20854
Mem:         31095      30936        159          0         53      20843
Mem:         31095      30937        157          0         53      20843
Mem:         31095      30940        154          0         53      20845
Mem:         31095      30937        157          0         54      20841
Mem:         31095      30939        156          0         54      20826
Mem:         31095      30900        195          0         54      20801
Mem:         31095      30935        159          0         54      20823
Mem:         31095      30938        157          0         54      20827
Mem:         31095      30934        160          0         54      20823
Mem:         31095      30940        154          0         54      20829
Mem:         31095      30941        153          0         54      20831
Mem:         31095      30940        154          0         54      20831
Mem:         31095      30934        161          0         54      20824
Mem:         31095      30937        157          0         55      20827
Mem:         31095      30937        157          0         55      20828
Mem:         31095      30941        153          0         55      20832
Mem:         31095      30935        159          0         55      20813
Mem:         31095      30935        160          0         55      20811
Mem:         31095      30940        154          0         55      20819
Mem:         31095      30941        153          0         55      20819
Mem:         31095      30938        156          0         55      20814
Mem:         31095      30935        159          0         56      20810
Mem:         31095      30939        155          0         56      20815
Mem:         31095      30936        158          0         56      20811
Mem:         31095      30941        153          0         56      20816
Mem:         31095      30938        156          0         56      20815
Mem:         31095      30939        155          0         56      20816
Mem:         31095      30941        153          0         56      20814
Mem:         31095      30935        160          0         56      20807
Mem:         31095      30938        157          0         56      20810
Mem:         31095      30935        159          0         56      20807
Mem:         31095      30939        155          0         57      20812
Mem:         31095      30938        156          0         57      20812
Mem:         31095      30940        154          0         57      20813
Mem:         31095      30942        153          0         57      20812
Mem:         31095      30937        158          0         57      20800
Mem:         31095      30939        155          0         57      20802
Mem:         31095      30939        155          0         57      20800
Mem:         31095      30937        157          0         57      20798
Mem:         31095      30906        188          0         57      20767
Mem:         31095      30941        153          0         57      20803
Mem:         31095      30939        155          0         57      20801
Mem:         31095      30933        162          0         57      20794
Mem:         31095      30932        163          0         57      20792
Mem:         31095      30941        154          0         57      20804
Mem:         31095      30940        155          0         58      20797
Mem:         31095      30933        161          0         58      20792
Mem:         31095      30937        158          0         58      20793
Mem:         31095      30941        153          0         58      20796
Mem:         31095      30939        155          0         58      20794
Mem:         31095      30941        153          0         58      20772
Mem:         31095      30937        158          0         59      20766
Mem:         31095      30940        154          0         59      20771
Mem:         31095      30936        158          0         59      20744
Mem:         31095      30940        154          0         59      20751
Mem:         31095      30934        160          0         59      20744
Mem:         31095      30935        159          0         59      20745
Mem:         31095      30938        156          0         60      20748
Mem:         31095      30937        157          0         60      20746
Mem:         31095      30941        153          0         60      20751
Mem:         31095      30936        159          0         60      20746
Mem:         31095      30936        158          0         60      20737
Mem:         31095      30939        156          0         60      20738
Mem:         31095      30937        157          0         60      20738
Mem:         31095      30939        155          0         60      20737
Mem:         31095      30941        154          0         60      20740
Mem:         31095      30935        160          0         60      20736
Mem:         31095      30935        160          0         60      20735
Mem:         31095      30937        157          0         60      20728
Mem:         31095      30937        157          0         60      20727
Mem:         31095      30935        160          0         60      20725
Mem:         31095      30940        154          0         60      20730
Mem:         31095      30936        159          0         60      20724
Mem:         31095      30938        157          0         60      20711
Mem:         31095      30941        154          0         60      20714
Mem:         31095      30936        158          0         61      20711
Mem:         31095      30938        157          0         61      20713
Mem:         31095      30939        155          0         61      20713
Mem:         31095      30938        157          0         61      20692
Mem:         31095      30937        157          0         61      20691
Mem:         31095      30941        154          0         61      20693
Mem:         31095      30936        159          0         61      20686
Mem:         31095      30934        161          0         61      20688
Mem:         31095      30935        160          0         62      20687
Mem:         31095      30939        156          0         62      20692
Mem:         31095      30941        154          0         62      20693
Mem:         31095      30934        160          0         62      20687
Mem:         31095      30893        201          0         62      20645
Mem:         31095      30938        156          0         62      20680
Mem:         31095      30896        199          0         62      20616
Mem:         31095      30937        157          0         63      20655
Mem:         31095      30936        158          0         63      20681
Mem:         31095      30937        158          0         63      20661
Mem:         31095      30933        161          0         63      20655
Mem:         31095      30936        159          0         63      20658
Mem:         31095      30944        150          0         63      20662
Mem:         31095      30935        159          0         63      20656
Mem:         31095      30939        155          0         63      20659
Mem:         31095      30936        159          0         63      20657
Mem:         31095      30936        159          0         64      20655
Mem:         31095      30934        160          0         64      20656
Mem:         31095      30935        159          0         64      20648
Mem:         31095      30941        153          0         64      20657
Mem:         31095      30940        154          0         64      20654
Mem:         31095      30937        157          0         64      20651
Mem:         31095      30941        153          0         64      20654
Mem:         31095      30940        154          0         64      20652
Mem:         31095      30936        159          0         64      20647
Mem:         31095      30935        159          0         64      20647
Mem:         31095      30940        155          0         64      20651
Mem:         31095      30941        153          0         64      20649
Mem:         31095      30933        161          0         64      20641
Mem:         31095      30939        156          0         65      20650
Mem:         31095      30934        160          0         65      20645
Mem:         31095      30936        158          0         65      20647
Mem:         31095      30940        155          0         65      20649
Mem:         31095      30940        154          0         65      20646
Mem:         31095      30935        159          0         65      20640
Mem:         31095      30935        159          0         65      20641
Mem:         31095      30936        158          0         65      20641
Mem:         31095      30937        158          0         65      20642
Mem:         31095      30938        156          0         65      20641
Mem:         31095      30937        158          0         65      20639
Mem:         31095      30940        154          0         66      20641
Mem:         31095      30938        157          0         66      20640
Mem:         31095      30940        155          0         66      20641
Mem:         31095      30941        154          0         66      20642
Mem:         31095      30936        158          0         66      20638
Mem:         31095      30936        158          0         66      20625
Mem:         31095      30937        157          0         66      20625
Mem:         31095      30941        154          0         66      20634
Mem:         31095      30940        155          0         66      20629
Mem:         31095      30939        155          0         66      20627
Mem:         31095      30938        157          0         66      20627
Mem:         31095      30937        157          0         66      20623
Mem:         31095      30941        153          0         67      20626
Mem:         31095      30938        156          0         67      20624
Mem:         31095      30941        153          0         67      20626
Mem:         31095      30934        160          0         67      20619
Mem:         31095      30940        154          0         67      20625
Mem:         31095      30939        156          0         67      20627
Mem:         31095      30938        157          0         67      20622
Mem:         31095      30939        155          0         67      20623
Mem:         31095      30937        158          0         67      20619
Mem:         31095      30935        159          0         67      20622
Mem:         31095      30937        158          0         67      20619
Mem:         31095      30938        157          0         68      20621
Mem:         31095      30938        157          0         68      20622
Mem:         31095      30936        158          0         68      20624
Mem:         31095      30940        154          0         68      20625
Mem:         31095      30927        167          0         68      20611
Mem:         31095      30936        159          0         68      20621
Mem:         31095      30940        155          0         68      20625
Mem:         31095      30935        159          0         68      20622
Mem:         31095      30935        160          0         68      20610
Mem:         31095      30937        157          0         68      20612
Mem:         31095      30942        153          0         68      20616
Mem:         31095      30941        153          0         69      20615
Mem:         31095      30937        157          0         69      20610
Mem:         31095      30945        149          0         69      20619
Mem:         31095      30939        155          0         69      20612
Mem:         31095      30941        153          0         69      20615
Mem:         31095      30935        159          0         69      20596
Mem:         31095      30946        148          0         69      20606
Mem:         31095      30947        148          0         69      20606
Mem:         31095      30935        160          0         69      20593
Mem:         31095      30942        153          0         70      20602
Mem:         31095      30937        157          0         70      20598
Mem:         31095      30941        153          0         70      20599
Mem:         31095      30938        156          0         70      20579
Mem:         31095      30936        158          0         70      20576
Mem:         31095      30933        162          0         70      20572
Mem:         31095      30936        159          0         70      20573
Mem:         31095      30941        153          0         70      20580
Mem:         31095      30937        157          0         71      20550
Mem:         31095      30935        159          0         71      20549
Mem:         31095      30938        156          0         71      20551
Mem:         31095      30936        159          0         71      20548
Mem:         31095      30941        153          0         71      20553
Mem:         31095      30941        153          0         71      20553
Mem:         31095      30940        154          0         71      20543
Mem:         31095      30941        154          0         71      20544
Mem:         31095      30936        158          0         71      20542
Mem:         31095      30935        159          0         72      20539
Mem:         31095      30940        154          0         72      20544
Mem:         31095      30936        159          0         72      20540
Mem:         31095      30941        154          0         72      20544
Mem:         31095      30940        154          0         72      20533
Mem:         31095      30935        159          0         72      20526
Mem:         31095      30935        160          0         72      20524
Mem:         31095      30935        159          0         72      20526
Mem:         31095      30937        157          0         72      20527
Mem:         31095      30937        157          0         73      20508
Mem:         31095      30940        154          0         73      20513
Mem:         31095      30936        158          0         73      20508
Mem:         31095      30939        156          0         73      20512
Mem:         31095      30938        156          0         73      20512
Mem:         31095      30947        148          0         73      20518
Mem:         31095      30939        155          0         73      20512
Mem:         31095      30937        158          0         73      20510
Mem:         31095      30940        155          0         73      20512
Mem:         31095      30937        157          0         73      20509
Mem:         31095      30936        159          0         73      20509
Mem:         31095      30936        158          0         73      20510
Mem:         31095      30938        157          0         73      20512
Mem:         31095      30940        154          0         74      20514
Mem:         31095      30935        160          0         74      20508
Mem:         31095      30938        156          0         74      20513
Mem:         31095      30934        161          0         74      20510
Mem:         31095      30934        160          0         74      20511
Mem:         31095      30937        157          0         74      20513
Mem:         31095      30941        153          0         74      20518
Mem:         31095      30938        156          0         74      20514
Mem:         31095      30936        158          0         74      20511
Mem:         31095      30936        159          0         74      20512
Mem:         31095      30938        157          0         74      20515
Mem:         31095      30942        153          0         74      20517
Mem:         31095      30936        158          0         74      20510
Mem:         31095      30939        155          0         74      20513
Mem:         31095      30936        159          0         74      20511
Mem:         31095      30940        154          0         74      20516
Mem:         31095      30933        161          0         74      20509
Mem:         31095      30939        155          0         74      20514
Mem:         31095      30937        158          0         74      20512
Mem:         31095      30941        153          0         74      20517
Mem:         31095      30937        158          0         74      20512
Mem:         31095      30936        158          0         74      20512
Mem:         31095      30940        154          0         74      20516
Mem:         31095      30934        160          0         74      20509
Mem:         31095      30870        224          0         74      20446
Mem:         31095      30875        220          0         74      20451
Mem:         31095      30886        208          0         74      20462
Mem:         31095      30894        200          0         74      20471
Mem:         31095      30907        188          0         74      20482
Mem:         31095      30924        170          0         74      20499
Mem:         31095      30914        181          0         74      20489
Mem:         31095      30921        174          0         74      20496
Mem:         31095      30934        160          0         74      20510
Mem:         31095      30937        157          0         74      20514
Mem:         31095      30942        153          0         74      20520
Mem:         31095      30939        156          0         74      20515
Mem:         31095      30935        160          0         74      20513
Mem:         31095      30933        161          0         74      20512
Mem:         31095      30941        153          0         74      20518
Mem:         31095      30936        158          0         74      20513
Mem:         31095      30935        159          0         74      20512
Mem:         31095      30933        162          0         74      20508
Mem:         31095      30939        155          0         74      20516
Mem:         31095      30939        155          0         74      20517
Mem:         31095      30940        154          0         74      20519
Mem:         31095      30933        161          0         75      20511
Mem:         31095      30940        154          0         75      20520
Mem:         31095      30934        160          0         75      20513
Mem:         31095      30941        154          0         75      20519
Mem:         31095      30933        161          0         75      20511
Mem:         31095      30940        154          0         75      20518
Mem:         31095      30938        156          0         75      20517
Mem:         31095      30934        160          0         75      20512
Mem:         31095      30810        284          0         75      20388
Mem:         31095      30811        283          0         75      20389
Mem:         31095      30815        279          0         75      20393
Mem:         31095      30819        276          0         75      20397
Mem:         31095      30828        267          0         75      20406
Mem:         31095      30848        246          0         75      20426
Mem:         31095      30852        243          0         75      20429
Mem:         31095      30855        239          0         75      20434
Mem:         31095      30858        236          0         75      20437
Mem:         31095      30860        234          0         75      20439
Mem:         31095      30860        234          0         75      20439
Mem:         31095      30861        234          0         75      20439
Mem:         31095      30863        231          0         75      20441
Mem:         31095      30862        232          0         75      20441
Mem:         31095      30865        229          0         75      20443
Mem:         31095      30866        229          0         75      20445
Mem:         31095      30868        227          0         75      20446
Mem:         31095      30870        224          0         75      20449
Mem:         31095      30874        221          0         75      20452
Mem:         31095      30875        219          0         75      20455
Mem:         31095      30878        217          0         75      20456
Mem:         31095      30880        215          0         75      20458
Mem:         31095      30881        213          0         75      20460
Mem:         31095      30880        214          0         75      20459
Mem:         31095      30885        209          0         75      20464
Mem:         31095      30893        202          0         75      20471
Mem:         31095      30896        198          0         75      20475
Mem:         31095      30904        190          0         75      20482
Mem:         31095      30905        190          0         75      20484
Mem:         31095      30908        187          0         75      20486
Mem:         31095      30911        184          0         75      20489
Mem:         31095      30914        180          0         75      20493
Mem:         31095      30919        175          0         75      20497
Mem:         31095      30924        170          0         75      20502
Mem:         31095      30709        386          0         75      20288
Mem:         31095      30664        430          0         75      20247
Mem:         31095      30664        431          0         75      20246
Mem:         31095      30664        431          0         75      20246
Mem:         31095      30663        431          0         75      20246
Mem:         31095      30663        431          0         75      20246
Mem:         31095      30663        432          0         75      20246
Mem:         31095      30662        432          0         75      20246
Mem:         31095      30662        432          0         75      20246
Mem:         31095      30662        433          0         75      20246
Mem:         31095      30662        433          0         75      20246
Mem:         31095      21620       9474          0         75      20246
