Mem:         32102       1601      30501          0          5         43
Mem:         32102       1658      30444          0          6         54
Mem:         32102       1710      30392          0          7         62
Mem:         32102       1862      30240          0          7         72
Mem:         32102       1866      30235          0          7         73
Mem:         32102       2005      30097          0          7         77
Mem:         32102       2891      29210          0          7        141
Mem:         32102       6038      26063          0          7        414
Mem:         32102       7557      24545          0          7        656
Mem:         32102       8204      23898          0          7        903
Mem:         32102       8586      23515          0          8       1175
Mem:         32102       9003      23098          0          8       1466
Mem:         32102       9290      22812          0          8       1747
Mem:         32102       9588      22514          0          8       2001
Mem:         32102       9952      22150          0          8       2252
Mem:         32102      10239      21862          0          8       2534
Mem:         32102      11677      20425          0          8       2826
Mem:         32102      12214      19888          0          8       3112
Mem:         32102      12537      19565          0          8       3367
Mem:         32102      12803      19299          0          8       3527
Mem:         32102      12943      19159          0          8       3665
Mem:         32102      13064      19038          0          8       3783
Mem:         32102      13186      18915          0          8       3899
Mem:         32102      13304      18797          0          9       4016
Mem:         32102      13431      18671          0          9       4112
Mem:         32102      13579      18522          0          9       4258
Mem:         32102      13743      18359          0          9       4416
Mem:         32102      13927      18175          0          9       4590
Mem:         32102      14116      17986          0          9       4776
Mem:         32102      14291      17810          0          9       4950
Mem:         32102      14442      17659          0          9       5099
Mem:         32102      14552      17549          0          9       5190
Mem:         32102      14685      17417          0          9       5317
Mem:         32102      14777      17325          0          9       5409
Mem:         32102      14903      17199          0          9       5533
Mem:         32102      15042      17060          0          9       5669
Mem:         32102      15143      16958          0          9       5768
Mem:         32102      15297      16804          0          9       5916
Mem:         32102      15403      16699          0          9       6022
Mem:         32102      15525      16576          0          9       6141
Mem:         32102      15679      16423          0          9       6292
Mem:         32102      15831      16271          0          9       6440
Mem:         32102      16010      16092          0          9       6612
Mem:         32102      16146      15956          0          9       6743
Mem:         32102      16297      15805          0          9       6892
Mem:         32102      16470      15631          0          9       7063
Mem:         32102      16599      15503          0          9       7187
Mem:         32102      16768      15334          0          9       7351
Mem:         32102      16983      15118          0          9       7565
Mem:         32102      17205      14897          0          9       7778
Mem:         32102      17380      14721          0          9       7949
Mem:         32102      17494      14607          0          9       8057
Mem:         32102      17703      14399          0          9       8260
Mem:         32102      17895      14207          0          9       8444
Mem:         32102      18090      14012          0          9       8636
Mem:         32102      18221      13880          0          9       8763
Mem:         32102      18291      13810          0         10       8835
Mem:         32102      18405      13697          0         10       8933
Mem:         32102      18524      13578          0         10       9049
Mem:         32102      18640      13462          0         10       9161
Mem:         32102      18741      13361          0         10       9255
Mem:         32102      18806      13296          0         10       9321
Mem:         32102      18887      13214          0         10       9396
Mem:         32102      19026      13076          0         10       9522
Mem:         32102      19134      12967          0         10       9632
Mem:         32102      19241      12861          0         10       9739
Mem:         32102      19355      12746          0         10       9849
Mem:         32102      19530      12572          0         10      10019
Mem:         32102      19755      12347          0         10      10238
Mem:         32102      19960      12142          0         10      10441
Mem:         32102      20031      12071          0         10      10510
Mem:         32102      20246      11856          0         10      10714
Mem:         32102      20396      11706          0         10      10862
Mem:         32102      20511      11591          0         10      10972
Mem:         32102      20651      11451          0         10      11107
Mem:         32102      20777      11325          0         10      11232
Mem:         32102      20931      11171          0         10      11383
Mem:         32102      21121      10981          0         10      11569
Mem:         32102      21272      10830          0         10      11698
Mem:         32102      21360      10741          0         10      11785
Mem:         32102      21487      10614          0         10      11905
Mem:         32102      21589      10513          0         10      12008
Mem:         32102      21662      10439          0         10      12078
Mem:         32102      21753      10349          0         10      12167
Mem:         32102      21875      10227          0         10      12288
Mem:         32102      22024      10078          0         10      12433
Mem:         32102      22177       9925          0         10      12579
Mem:         32102      22279       9823          0         10      12680
Mem:         32102      22399       9703          0         10      12796
Mem:         32102      22526       9576          0         10      12921
Mem:         32102      22627       9474          0         10      13019
Mem:         32102      22736       9365          0         10      13125
Mem:         32102      22883       9219          0         10      13241
Mem:         32102      22991       9111          0         10      13345
Mem:         32102      23113       8989          0         10      13465
Mem:         32102      23176       8925          0         10      13528
Mem:         32102      23239       8863          0         10      13588
Mem:         32102      23302       8800          0         10      13653
Mem:         32102      23400       8702          0         10      13748
Mem:         32102      23478       8624          0         10      13826
Mem:         32102      23547       8555          0         10      13889
Mem:         32102      23632       8469          0         10      13973
Mem:         32102      23793       8309          0         10      14126
Mem:         32102      23927       8174          0         10      14255
Mem:         32102      24084       8018          0         10      14407
Mem:         32102      24330       7772          0         10      14648
Mem:         32102      24581       7520          0         10      14896
Mem:         32102      24789       7312          0         10      15095
Mem:         32102      24987       7115          0         10      15289
Mem:         32102      25149       6953          0         10      15447
Mem:         32102      25260       6842          0         10      15535
Mem:         32102      25300       6802          0         10      15573
Mem:         32102      25355       6747          0         10      15627
Mem:         32102      25406       6695          0         10      15679
Mem:         32102      25470       6632          0         10      15740
Mem:         32102      25580       6521          0         10      15848
Mem:         32102      25680       6422          0         10      15944
Mem:         32102      25746       6356          0         10      16008
Mem:         32102      25917       6185          0         10      16178
Mem:         32102      26097       6005          0         10      16353
Mem:         32102      26291       5810          0         11      16544
Mem:         32102      26457       5645          0         11      16701
Mem:         32102      26537       5565          0         11      16780
Mem:         32102      26613       5488          0         11      16855
Mem:         32102      26710       5391          0         11      16950
Mem:         32102      26767       5335          0         11      17002
Mem:         32102      26862       5240          0         11      17094
Mem:         32102      26961       5141          0         11      17191
Mem:         32102      27047       5055          0         11      17276
Mem:         32102      27132       4970          0         11      17359
Mem:         32102      27257       4844          0         11      17483
Mem:         32102      27377       4725          0         11      17600
Mem:         32102      27515       4586          0         11      17735
Mem:         32102      27669       4433          0         11      17873
Mem:         32102      27839       4262          0         11      18040
Mem:         32102      28035       4067          0         11      18233
Mem:         32102      28211       3891          0         11      18404
Mem:         32102      28396       3706          0         11      18571
Mem:         32102      28581       3521          0         11      18750
Mem:         32102      28738       3364          0         11      18906
Mem:         32102      28902       3199          0         11      19066
Mem:         32102      29083       3018          0         11      19224
Mem:         32102      29245       2856          0         11      19380
Mem:         32102      29501       2600          0         11      19632
Mem:         32102      29755       2347          0         11      19862
Mem:         32102      29938       2163          0         11      20040
Mem:         32102      30059       2043          0         11      20162
Mem:         32102      30191       1910          0         11      20293
Mem:         32102      30359       1743          0         11      20440
Mem:         32102      30472       1630          0         11      20546
Mem:         32102      30585       1516          0         11      20658
Mem:         32102      30719       1383          0         11      20790
Mem:         32102      30794       1308          0         11      20865
Mem:         32102      30844       1257          0         11      20913
Mem:         32102      30917       1185          0         11      20981
Mem:         32102      30965       1137          0         11      21020
Mem:         32102      31034       1068          0         11      21090
Mem:         32102      31149        953          0         11      21208
Mem:         32102      31281        821          0         11      21332
Mem:         32102      31367        735          0         11      21415
Mem:         32102      31496        606          0         11      21542
Mem:         32102      31623        478          0         11      21667
Mem:         32102      31715        386          0         11      21752
Mem:         32102      31847        255          0         11      21878
Mem:         32102      31865        237          0          6      21899
Mem:         32102      31871        231          0          6      21902
Mem:         32102      31859        242          0          6      21889
Mem:         32102      31851        251          0          6      21883
Mem:         32102      31875        227          0          6      21906
Mem:         32102      31885        217          0          6      21919
Mem:         32102      31883        219          0          6      21915
Mem:         32102      31884        217          0          6      21906
Mem:         32102      31879        223          0          6      21901
Mem:         32102      31885        217          0          6      21908
Mem:         32102      31871        230          0          6      21891
Mem:         32102      31886        216          0          6      21906
Mem:         32102      31873        229          0          6      21893
Mem:         32102      31867        235          0          6      21886
Mem:         32102      31870        231          0          6      21889
Mem:         32102      31884        218          0          6      21904
Mem:         32102      31880        221          0          6      21900
Mem:         32102      31881        221          0          6      21904
Mem:         32102      31885        217          0          6      21908
Mem:         32102      31871        231          0          6      21891
Mem:         32102      31869        232          0          6      21890
Mem:         32102      31875        227          0          6      21894
Mem:         32102      31876        226          0          6      21896
Mem:         32102      31879        223          0          6      21902
Mem:         32102      31884        217          0          6      21904
Mem:         32102      31880        222          0          6      21900
Mem:         32102      31878        224          0          6      21900
Mem:         32102      31882        220          0          6      21902
Mem:         32102      31872        230          0          6      21892
Mem:         32102      31880        222          0          6      21895
Mem:         32102      31871        231          0          6      21886
Mem:         32102      31881        220          0          6      21900
Mem:         32102      31772        330          0          6      21791
Mem:         32102      31873        229          0          6      21882
Mem:         32102      31850        252          0          6      21861
Mem:         32102      31832        270          0          6      21840
Mem:         32102      31825        277          0          6      21824
Mem:         32102      31808        293          0          6      21810
Mem:         32102      31812        290          0          6      21818
Mem:         32102      31809        293          0          6      21814
Mem:         32102      31811        291          0          6      21796
Mem:         32102      31813        289          0          6      21798
Mem:         32102      31824        278          0          6      21793
Mem:         32102      31812        290          0          6      21779
Mem:         32102      31809        292          0          6      21777
Mem:         32102      31875        227          0          6      21829
Mem:         32102      31888        214          0          6      21843
Mem:         32102      31849        252          0          6      21801
Mem:         32102      31215        886          0          5      21164
Mem:         32102      31337        764          0          5      21281
Mem:         32102      31464        638          0          5      21408
Mem:         32102      31659        442          0          5      21603
Mem:         32102      31759        342          0          5      21702
Mem:         32102      30799       1302          0          5      20728
Mem:         32102      30997       1105          0          5      20924
Mem:         32102      31135        967          0          5      21062
Mem:         32102      31294        807          0          5      21218
Mem:         32102      31163        939          0          7      21072
Mem:         32102      31224        878          0          7      21128
Mem:         32102      31419        682          0          7      21325
Mem:         32102      31554        548          0          7      21458
Mem:         32102      31539        563          0          7      21432
Mem:         32102      31651        450          0          7      21540
Mem:         32102      31808        294          0          7      21692
Mem:         32102      31872        229          0          7      21755
Mem:         32102      31844        258          0          7      21721
Mem:         32102      31724        378          0          7      21596
Mem:         32102      31874        228          0          7      21738
Mem:         32102      31874        228          0          7      21739
Mem:         32102      31511        591          0          7      21377
Mem:         32102      31663        439          0          7      21523
Mem:         32102      31767        335          0          7      21628
Mem:         32102      31869        233          0          7      21725
Mem:         32102      31854        248          0          7      21698
Mem:         32102      31494        607          0          7      21339
Mem:         32102      31652        450          0          7      21494
Mem:         32102      31749        352          0          7      21593
Mem:         32102      31877        225          0          7      21709
Mem:         32102      31767        335          0          7      21594
Mem:         32102      31869        233          0          7      21690
Mem:         32102      31852        249          0          7      21676
Mem:         32102      31848        253          0          7      21669
Mem:         32102      30959       1143          0          7      20771
Mem:         32102      31069       1032          0          7      20879
Mem:         32102      31095       1007          0          7      20906
Mem:         32102      31214        887          0          7      21022
Mem:         32102      31294        807          0          7      21102
Mem:         32102      31326        776          0          7      21134
Mem:         32102      31431        670          0          7      21244
Mem:         32102      31597        505          0          7      21409
Mem:         32102      31192        910          0          7      20994
Mem:         32102      31196        906          0          7      20992
Mem:         32102      31337        765          0          7      21133
Mem:         32102      31427        674          0          7      21222
Mem:         32102      31555        547          0          7      21348
Mem:         32102      31626        476          0          7      21418
Mem:         32102      31785        317          0          7      21572
Mem:         32102      31500        602          0          7      21266
Mem:         32102      31647        455          0          7      21414
Mem:         32102      31747        355          0          7      21513
Mem:         32102      31870        231          0          7      21631
Mem:         32102      30860       1242          0          7      20618
Mem:         32102      31040       1062          0          7      20794
Mem:         32102      31206        895          0          7      20957
Mem:         32102      31374        728          0          7      21124
Mem:         32102      31581        521          0          7      21332
Mem:         32102      30875       1226          0          7      20612
Mem:         32102      31076       1026          0          7      20812
Mem:         32102      31245        857          0          7      20981
Mem:         32102      31354        748          0          7      21091
Mem:         32102      31398        703          0          7      21136
Mem:         32102      31483        618          0          7      21217
Mem:         32102      31573        529          0          7      21307
Mem:         32102      31707        395          0          7      21434
Mem:         32102      31413        689          0          7      21130
Mem:         32102      31569        532          0          7      21286
Mem:         32102      31652        450          0          7      21371
Mem:         32102      31733        368          0          7      21445
Mem:         32102      31816        286          0          7      21520
Mem:         32102      31884        218          0          7      21588
Mem:         32102      31871        230          0          7      21575
Mem:         32102      29645       2457          0          7      19370
Mem:         32102      29774       2328          0          7      19491
Mem:         32102      29904       2198          0          7      19619
Mem:         32102      30023       2079          0          8      19741
Mem:         32102      30150       1951          0          8      19865
Mem:         32102      30177       1925          0          8      19878
Mem:         32102      30278       1824          0          8      19978
Mem:         32102      30435       1666          0          8      20134
Mem:         32102      30592       1510          0          8      20290
Mem:         32102      30753       1349          0          8      20455
Mem:         32102      30353       1749          0          8      20040
Mem:         32102      30468       1634          0          8      20153
Mem:         32102      30620       1482          0          8      20304
Mem:         32102      30784       1318          0          8      20468
Mem:         32102      30854       1248          0          8      20540
Mem:         32102      26977       5125          0          7      16697
Mem:         32102      27109       4992          0          7      16831
Mem:         32102      27147       4955          0          7      16867
Mem:         32102      27296       4805          0          7      17018
Mem:         32102      27484       4618          0          7      17206
Mem:         32102      27492       4610          0          7      17202
Mem:         32102      27699       4403          0          7      17407
Mem:         32102      27876       4226          0          7      17582
Mem:         32102      28072       4029          0          7      17772
Mem:         32102      28141       3961          0          7      17831
Mem:         32102      28220       3882          0          7      17913
Mem:         32102      28454       3648          0          7      18145
Mem:         32102      28669       3433          0          7      18357
Mem:         32102      28653       3449          0          7      18324
Mem:         32102      28823       3278          0          7      18498
Mem:         32102      28974       3127          0          7      18643
Mem:         32102      29112       2990          0          7      18778
Mem:         32102      29257       2844          0          7      18910
Mem:         32102      29337       2765          0          7      18989
Mem:         32102      29508       2594          0          7      19153
Mem:         32102      29643       2459          0          7      19286
Mem:         32102      29730       2371          0          7      19373
Mem:         32102      29931       2171          0          7      19569
Mem:         32102      26693       5409          0          7      16345
Mem:         32102      26837       5264          0          7      16489
Mem:         32102      27028       5074          0          7      16680
Mem:         32102      27178       4924          0          7      16832
Mem:         32102      27301       4801          0          7      16926
Mem:         32102      27434       4668          0          7      17059
Mem:         32102      27609       4493          0          7      17235
Mem:         32102      27698       4404          0          7      17323
Mem:         32102      27878       4224          0          7      17493
Mem:         32102      28088       4014          0          7      17701
Mem:         32102      28304       3797          0          7      17920
Mem:         32102      28453       3649          0          7      18071
Mem:         32102      28645       3457          0          7      18236
Mem:         32102      28770       3331          0          7      18360
Mem:         32102      28941       3161          0          7      18528
Mem:         32102      29045       3057          0          7      18632
Mem:         32102      29153       2948          0          7      18736
Mem:         32102      29293       2809          0          7      18872
Mem:         32102      29352       2750          0          7      18931
Mem:         32102      29333       2769          0          7      18894
Mem:         32102      29446       2656          0          7      19005
Mem:         32102      29522       2580          0          7      19082
Mem:         32102      29650       2452          0          7      19203
Mem:         32102      29740       2362          0          7      19292
Mem:         32102      29831       2270          0          7      19387
Mem:         32102      29970       2132          0          7      19519
Mem:         32102      29851       2251          0          7      19389
Mem:         32102      29953       2149          0          7      19488
Mem:         32102      30055       2047          0          7      19587
Mem:         32102      30171       1931          0          7      19701
Mem:         32102      30321       1781          0          7      19848
Mem:         32102      30455       1647          0          7      19979
Mem:         32102      30585       1517          0          7      20116
Mem:         32102      30407       1695          0          7      19923
Mem:         32102      30555       1547          0          7      20071
Mem:         32102      30682       1419          0          7      20193
Mem:         32102      30832       1270          0          7      20341
Mem:         32102      30975       1127          0          7      20480
Mem:         32102      31035       1066          0          7      20540
Mem:         32102      31173        929          0          7      20667
Mem:         32102      31330        772          0          7      20819
Mem:         32102      28765       3337          0          7      18248
Mem:         32102      28956       3145          0          7      18439
Mem:         32102      29148       2954          0          7      18629
Mem:         32102      29298       2804          0          7      18779
Mem:         32102      29470       2631          0          7      18954
Mem:         32102      29627       2475          0          7      19107
Mem:         32102      29797       2305          0          7      19278
Mem:         32102      29968       2134          0          7      19442
Mem:         32102      30061       2041          0          7      19531
Mem:         32102      30210       1892          0          7      19681
Mem:         32102      30269       1833          0          7      19738
Mem:         32102      30319       1783          0          7      19790
Mem:         32102      30390       1712          0          7      19860
Mem:         32102      30506       1596          0          7      19977
Mem:         32102      30599       1502          0          7      20072
Mem:         32102      30766       1336          0          7      20238
Mem:         32102      30778       1324          0          7      20245
Mem:         32102      30989       1113          0          7      20453
Mem:         32102      31260        842          0          7      20716
Mem:         32102      31426        676          0          7      20874
Mem:         32102      30817       1285          0          7      20235
Mem:         32102      30946       1156          0          7      20364
Mem:         32102      31019       1082          0          7      20439
Mem:         32102      31129        973          0          7      20543
Mem:         32102      31211        891          0          7      20625
Mem:         32102      31279        823          0          7      20697
Mem:         32102      31379        723          0          7      20792
Mem:         32102      31116        986          0          7      20520
Mem:         32102      31152        949          0          7      20560
Mem:         32102      31210        892          0          7      20614
Mem:         32102      31314        787          0          7      20716
Mem:         32102      31468        634          0          7      20865
Mem:         32102      31635        467          0          7      21028
Mem:         32102      31843        259          0          7      21231
Mem:         32102      31853        249          0          7      21221
Mem:         32102      31866        236          0          7      21228
Mem:         32102      31836        266          0          7      21198
Mem:         32102      31829        273          0          7      21190
Mem:         32102      31868        234          0          7      21232
Mem:         32102      31867        235          0          7      21229
Mem:         32102      31374        728          0          6      20730
Mem:         32102      31484        617          0          6      20833
Mem:         32102      31577        525          0          6      20925
Mem:         32102      31640        462          0          6      20990
Mem:         32102      31781        320          0          6      21127
Mem:         32102      31875        227          0          6      21214
Mem:         32102      31866        236          0          6      21204
Mem:         32102      31330        772          0          6      20670
Mem:         32102      31435        667          0          6      20770
Mem:         32102      31510        592          0          6      20845
Mem:         32102      31617        484          0          6      20952
Mem:         32102      31695        407          0          6      21030
Mem:         32102      31796        306          0          6      21130
Mem:         32102      31875        226          0          6      21201
Mem:         32102      31868        233          0          6      21195
Mem:         32102      31871        230          0          6      21197
Mem:         32102      31575        527          0          6      20906
Mem:         32102      31691        411          0          6      21016
Mem:         32102      31877        225          0          6      21194
Mem:         32102      31850        251          0          6      21165
Mem:         32102      31875        227          0          6      21191
Mem:         32102      31883        219          0          6      21193
Mem:         32102      31881        221          0          6      21185
Mem:         32102      29177       2924          0          6      18473
Mem:         32102      29261       2841          0          6      18559
Mem:         32102      29376       2725          0          6      18674
Mem:         32102      29467       2635          0          6      18769
Mem:         32102      29594       2508          0          6      18893
Mem:         32102      29462       2640          0          6      18748
Mem:         32102      29585       2517          0          6      18871
Mem:         32102      29728       2374          0          6      19012
Mem:         32102      29837       2264          0          6      19121
Mem:         32102      29970       2132          0          6      19255
Mem:         32102      29376       2726          0          6      18637
Mem:         32102      29520       2582          0          6      18781
Mem:         32102      29605       2496          0          6      18870
Mem:         32102      29655       2447          0          6      18915
Mem:         32102      29726       2376          0          6      18986
Mem:         32102      29498       2603          0          6      18746
Mem:         32102      29629       2473          0          6      18876
Mem:         32102      29832       2269          0          6      19077
Mem:         32102      29963       2139          0          6      19209
Mem:         32102      30141       1961          0          6      19390
Mem:         32102      30281       1821          0          6      19528
Mem:         32102      29902       2200          0          6      19127
Mem:         32102      30061       2041          0          6      19284
Mem:         32102      30150       1951          0          6      19375
Mem:         32102      30304       1798          0          6      19527
Mem:         32102      30352       1750          0          6      19562
Mem:         32102      30468       1633          0          6      19678
Mem:         32102      30590       1512          0          6      19800
Mem:         32102      30700       1402          0          6      19907
Mem:         32102      30790       1312          0          6      19997
Mem:         32102      30229       1873          0          6      19414
Mem:         32102      30397       1705          0          6      19582
Mem:         32102      30528       1574          0          6      19717
Mem:         32102      30641       1461          0          6      19829
Mem:         32102      30477       1624          0          6      19650
Mem:         32102      30587       1515          0          6      19762
Mem:         32102      30825       1277          0          6      19997
Mem:         32102      31032       1070          0          6      20203
Mem:         32102      31047       1054          0          6      20208
Mem:         32102      31246        855          0          6      20406
Mem:         32102      31433        669          0          6      20582
Mem:         32102      31637        465          0          6      20784
Mem:         32102      31167        935          0          6      20305
Mem:         32102      31254        847          0          6      20393
Mem:         32102      31434        668          0          6      20574
Mem:         32102      31560        542          0          6      20700
Mem:         32102      31540        561          0          6      20668
Mem:         32102      31691        411          0          6      20815
Mem:         32102      31768        334          0          6      20891
Mem:         32102      31869        233          0          6      20990
Mem:         32102      31825        277          0          6      20939
Mem:         32102      31537        565          0          6      20655
Mem:         32102      31802        300          0          6      20917
Mem:         32102      31857        245          0          6      20970
Mem:         32102      30244       1857          0          6      19341
Mem:         32102      30483       1619          0          6      19580
Mem:         32102      30712       1389          0          6      19810
Mem:         32102      30264       1838          0          6      19344
Mem:         32102      30472       1629          0          6      19552
Mem:         32102      30696       1406          0          6      19775
Mem:         32102      30917       1184          0          6      19992
Mem:         32102      31130        971          0          6      20207
Mem:         32102      30922       1179          0          6      19980
Mem:         32102      31122        980          0          6      20179
Mem:         32102      31190        912          0          6      20245
Mem:         32102      31372        730          0          6      20424
Mem:         32102      31468        634          0          6      20520
Mem:         32102      31556        545          0          6      20608
Mem:         32102      31451        650          0          6      20495
Mem:         32102      31551        551          0          6      20593
Mem:         32102      31652        450          0          6      20691
Mem:         32102      31764        338          0          6      20799
Mem:         32102      31816        285          0          6      20855
Mem:         32102      31878        224          0          6      20915
Mem:         32102      31221        881          0          6      20246
Mem:         32102      31292        809          0          6      20316
Mem:         32102      31356        746          0          6      20380
Mem:         32102      31469        632          0          6      20491
Mem:         32102      31614        488          0          6      20635
Mem:         32102      31741        361          0          6      20761
Mem:         32102      31874        228          0          6      20891
Mem:         32102      31164        937          0          6      20184
Mem:         32102      31252        850          0          6      20266
Mem:         32102      31312        790          0          6      20327
Mem:         32102      31346        756          0          6      20364
Mem:         32102      31459        642          0          6      20474
Mem:         32102      31583        518          0          6      20599
Mem:         32102      31665        437          0          6      20682
Mem:         32102      31817        285          0          6      20829
Mem:         32102      31859        243          0          6      20867
Mem:         32102      31869        233          0          6      20882
Mem:         32102      31413        689          0          6      20422
Mem:         32102      31524        577          0          6      20532
Mem:         32102      31632        470          0          6      20638
Mem:         32102      31755        346          0          7      20758
Mem:         32102      31848        254          0          7      20848
Mem:         32102      31880        222          0          7      20878
Mem:         32102      31492        610          0          7      20476
Mem:         32102      31529        573          0          7      20512
Mem:         32102      31605        497          0          7      20588
Mem:         32102      31652        450          0          7      20635
Mem:         32102      31684        418          0          7      20667
Mem:         32102      31717        385          0          7      20700
Mem:         32102      31766        336          0          7      20748
Mem:         32102      31801        301          0          7      20786
Mem:         32102      31839        263          0          7      20820
Mem:         32102      31877        224          0          7      20856
Mem:         32102      31875        226          0          7      20855
Mem:         32102      31881        221          0          7      20859
Mem:         32102      31871        230          0          7      20850
Mem:         32102      31874        228          0          7      20850
Mem:         32102      31885        217          0          7      20863
Mem:         32102      31876        225          0          7      20853
Mem:         32102      31887        215          0          7      20864
Mem:         32102      31876        225          0          7      20853
Mem:         32102      31874        227          0          7      20852
Mem:         32102      31877        224          0          7      20855
Mem:         32102      31870        231          0          7      20849
Mem:         32102      31887        214          0          7      20865
Mem:         32102      31871        230          0          7      20852
Mem:         32102      31870        231          0          7      20852
Mem:         32102      31879        223          0          7      20857
Mem:         32102      31879        222          0          7      20859
Mem:         32102      31872        230          0          7      20854
Mem:         32102      31880        221          0          7      20862
Mem:         32102      31886        216          0          7      20868
Mem:         32102      31869        233          0          7      20851
Mem:         32102      31883        219          0          7      20866
Mem:         32102      31872        230          0          7      20856
Mem:         32102      31876        225          0          7      20859
Mem:         32102      31880        222          0          7      20864
Mem:         32102      31886        216          0          7      20869
Mem:         32102      31873        228          0          7      20856
Mem:         32102      31882        220          0          7      20865
Mem:         32102      31870        232          0          7      20855
Mem:         32102      31871        231          0          7      20854
Mem:         32102      31880        222          0          7      20864
Mem:         32102      31870        231          0          7      20854
Mem:         32102      31871        231          0          7      20854
Mem:         32102      31879        223          0          7      20863
Mem:         32102      31871        231          0          7      20855
Mem:         32102      31883        219          0          7      20867
Mem:         32102      31889        212          0          7      20874
Mem:         32102      31881        220          0          7      20866
Mem:         32102      31871        230          0          7      20858
Mem:         32102      31882        220          0          7      20868
Mem:         32102      31872        230          0          7      20859
Mem:         32102      31887        215          0          7      20873
Mem:         32102      31873        229          0          7      20859
Mem:         32102      31885        216          0          7      20871
Mem:         32102      31879        223          0          7      20864
Mem:         32102      31871        231          0          7      20858
Mem:         32102      31885        216          0          7      20873
Mem:         32102      31874        228          0          7      20862
Mem:         32102      31884        218          0          7      20871
Mem:         32102      31883        219          0          7      20871
Mem:         32102      31888        214          0          7      20873
Mem:         32102      31878        224          0          7      20864
Mem:         32102      31874        227          0          7      20861
Mem:         32102      31888        214          0          7      20873
Mem:         32102      31882        219          0          7      20869
Mem:         32102      31872        229          0          7      20859
Mem:         32102      31880        222          0          7      20867
Mem:         32102      31878        224          0          7      20866
Mem:         32102      31877        224          0          7      20864
Mem:         32102      31889        213          0          7      20877
Mem:         32102      31880        222          0          7      20869
Mem:         32102      31887        215          0          7      20876
Mem:         32102      31871        231          0          7      20862
Mem:         32102      31872        229          0          7      20863
Mem:         32102      31873        228          0          8      20864
Mem:         32102      31873        228          0          8      20864
Mem:         32102      31874        228          0          8      20864
Mem:         32102      31874        228          0          8      20864
Mem:         32102      31874        228          0          8      20864
Mem:         32102      31874        228          0          8      20864
Mem:         32102      31873        228          0          8      20864
Mem:         32102      31874        227          0          8      20864
Mem:         32102      31873        228          0          8      20864
Mem:         32102      31873        229          0          8      20864
Mem:         32102      31873        228          0          8      20865
Mem:         32102      31873        229          0          8      20865
Mem:         32102      31873        229          0          8      20865
Mem:         32102      31873        229          0          8      20865
Mem:         32102      31873        229          0          8      20865
Mem:         32102      31873        229          0          8      20865
Mem:         32102      31873        229          0          8      20865
Mem:         32102      31873        229          0          8      20865
Mem:         32102      31873        229          0          8      20865
Mem:         32102      31873        229          0          8      20865
Mem:         32102      31873        229          0          8      20865
Mem:         32102      31873        229          0          8      20865
Mem:         32102      31873        229          0          8      20865
Mem:         32102      31873        229          0          8      20865
Mem:         32102      31873        229          0          8      20865
Mem:         32102      31873        229          0          8      20865
Mem:         32102      31873        229          0          8      20865
Mem:         32102      31872        230          0          8      20865
Mem:         32102      31873        229          0          8      20865
Mem:         32102      31872        229          0          8      20865
Mem:         32102      31872        230          0          8      20865
Mem:         32102      31872        229          0          8      20865
Mem:         32102      31872        229          0          8      20865
Mem:         32102      31872        230          0          8      20865
Mem:         32102      31872        230          0          8      20865
