Mem:         32104       1514      30590          0          3         87
Mem:         32104       1579      30525          0          3        102
Mem:         32104       1671      30433          0          3        120
Mem:         32104       1714      30390          0          3        126
Mem:         32104       1716      30388          0          3        126
Mem:         32104       1814      30290          0          3        129
Mem:         32104       2653      29451          0          4        207
Mem:         32104       5805      26299          0          4        440
Mem:         32104       7479      24625          0          4        751
Mem:         32104       8369      23735          0          5       1097
Mem:         32104       8752      23352          0          5       1385
Mem:         32104       9079      23025          0          5       1710
Mem:         32104       9381      22723          0          5       1950
Mem:         32104       9575      22529          0          6       2143
Mem:         32104       9908      22196          0          6       2352
Mem:         32104      10112      21992          0          6       2556
Mem:         32104      10328      21776          0          6       2773
Mem:         32104      10731      21373          0          7       3020
Mem:         32104      12185      19919          0          7       3239
Mem:         32104      12389      19715          0          7       3444
Mem:         32104      12553      19551          0          7       3609
Mem:         32104      12695      19409          0          7       3749
Mem:         32104      12907      19197          0          7       3929
Mem:         32104      13156      18948          0          8       4104
Mem:         32104      13302      18802          0          8       4251
Mem:         32104      13433      18671          0          8       4381
Mem:         32104      13720      18384          0          8       4640
Mem:         32104      14021      18082          0          8       4940
Mem:         32104      14367      17737          0          9       5276
Mem:         32104      14612      17492          0          9       5522
Mem:         32104      14738      17366          0          9       5648
Mem:         32104      14899      17205          0          9       5808
Mem:         32104      15100      17004          0         10       5996
Mem:         32104      15356      16748          0         10       6252
Mem:         32104      15705      16399          0         10       6601
Mem:         32104      16033      16071          0         11       6918
Mem:         32104      16369      15735          0         11       7240
Mem:         32104      16652      15451          0         11       7523
Mem:         32104      16860      15244          0         11       7730
Mem:         32104      17088      15016          0         12       7951
Mem:         32104      17318      14786          0         12       8179
Mem:         32104      17591      14513          0         12       8443
Mem:         32104      17863      14241          0         12       8715
Mem:         32104      18068      14036          0         12       8914
Mem:         32104      18192      13912          0         13       9036
Mem:         32104      18333      13771          0         13       9176
Mem:         32104      18471      13633          0         13       9315
Mem:         32104      18606      13498          0         13       9448
Mem:         32104      18771      13333          0         13       9611
Mem:         32104      18926      13178          0         13       9766
Mem:         32104      19080      13024          0         14       9922
Mem:         32104      19278      12826          0         14      10117
Mem:         32104      19472      12631          0         14      10311
Mem:         32104      19658      12446          0         14      10493
Mem:         32104      19831      12273          0         14      10666
Mem:         32104      20006      12098          0         14      10841
Mem:         32104      20152      11952          0         15      10986
Mem:         32104      20272      11832          0         15      11106
Mem:         32104      20400      11704          0         15      11234
Mem:         32104      20551      11553          0         15      11383
Mem:         32104      20669      11435          0         15      11496
Mem:         32104      20819      11285          0         15      11650
Mem:         32104      20936      11168          0         15      11767
Mem:         32104      21030      11074          0         16      11861
Mem:         32104      21157      10947          0         16      11986
Mem:         32104      21275      10828          0         16      12104
Mem:         32104      21430      10674          0         16      12252
Mem:         32104      21550      10554          0         16      12372
Mem:         32104      21661      10443          0         16      12484
Mem:         32104      21809      10295          0         16      12631
Mem:         32104      21916      10188          0         16      12738
Mem:         32104      21991      10113          0         16      12814
Mem:         32104      22079      10025          0         17      12900
Mem:         32104      22180       9924          0         17      13002
Mem:         32104      22331       9773          0         17      13135
Mem:         32104      22478       9626          0         17      13281
Mem:         32104      22600       9504          0         17      13403
Mem:         32104      22702       9402          0         17      13505
Mem:         32104      22823       9281          0         17      13625
Mem:         32104      22892       9212          0         17      13696
Mem:         32104      22971       9133          0         17      13775
Mem:         32104      23035       9069          0         17      13838
Mem:         32104      23088       9016          0         18      13890
Mem:         32104      23134       8970          0         18      13937
Mem:         32104      23194       8910          0         18      13996
Mem:         32104      23238       8866          0         18      14041
Mem:         32104      23294       8810          0         18      14099
Mem:         32104      23347       8757          0         18      14151
Mem:         32104      23428       8676          0         18      14232
Mem:         32104      23543       8561          0         18      14347
Mem:         32104      23674       8429          0         18      14478
Mem:         32104      23796       8308          0         18      14601
Mem:         32104      23893       8211          0         18      14696
Mem:         32104      24028       8076          0         18      14810
Mem:         32104      24240       7864          0         19      15020
Mem:         32104      24564       7540          0         19      15343
Mem:         32104      24895       7209          0         19      15670
Mem:         32104      25168       6936          0         20      15928
Mem:         32104      25392       6712          0         20      16151
Mem:         32104      25655       6449          0         20      16393
Mem:         32104      25925       6179          0         20      16663
Mem:         32104      26214       5890          0         21      16939
Mem:         32104      26491       5613          0         21      17216
Mem:         32104      26771       5333          0         21      17487
Mem:         32104      27029       5075          0         21      17745
Mem:         32104      27332       4772          0         22      18029
Mem:         32104      27577       4527          0         22      18271
Mem:         32104      27799       4305          0         22      18469
Mem:         32104      27913       4191          0         22      18584
Mem:         32104      28134       3969          0         23      18786
Mem:         32104      28262       3842          0         23      18915
Mem:         32104      28365       3739          0         23      19018
Mem:         32104      28425       3679          0         23      19076
Mem:         32104      28492       3612          0         23      19143
Mem:         32104      28544       3560          0         23      19195
Mem:         32104      28597       3507          0         23      19248
Mem:         32104      28657       3447          0         23      19309
Mem:         32104      28720       3384          0         23      19350
Mem:         32104      28764       3340          0         23      19394
Mem:         32104      28809       3295          0         23      19440
Mem:         32104      28898       3206          0         23      19529
Mem:         32104      28998       3106          0         23      19630
Mem:         32104      29127       2977          0         24      19759
Mem:         32104      29266       2838          0         24      19888
Mem:         32104      29366       2738          0         24      19988
Mem:         32104      29498       2605          0         24      20119
Mem:         32104      29683       2421          0         24      20302
Mem:         32104      29831       2273          0         24      20431
Mem:         32104      30007       2097          0         24      20608
Mem:         32104      30118       1986          0         25      20719
Mem:         32104      30171       1933          0         25      20771
Mem:         32104      30223       1881          0         25      20823
Mem:         32104      30276       1828          0         25      20876
Mem:         32104      30319       1785          0         25      20920
Mem:         32104      30372       1732          0         25      20967
Mem:         32104      30424       1680          0         25      21018
Mem:         32104      30470       1634          0         25      21065
Mem:         32104      30521       1583          0         25      21115
Mem:         32104      30570       1534          0         25      21165
Mem:         32104      30657       1447          0         25      21253
Mem:         32104      30779       1325          0         25      21375
Mem:         32104      30932       1172          0         25      21528
Mem:         32104      31120        984          0         26      21698
Mem:         32104      31333        771          0         26      21911
Mem:         32104      31546        558          0         26      22125
Mem:         32104      31795        309          0         26      22352
Mem:         32104      32005         99          0         26      22562
Mem:         32104      32000        104          0         26      22539
Mem:         32104      32001        103          0         26      22538
Mem:         32104      32008         96          0         26      22546
Mem:         32104      32001        103          0         27      22521
Mem:         32104      32005         99          0         27      22524
Mem:         32104      32006         98          0         27      22528
Mem:         32104      32007         97          0         27      22531
Mem:         32104      32004        100          0         27      22515
Mem:         32104      32009         95          0         27      22518
Mem:         32104      32009         95          0         28      22518
Mem:         32104      32007         97          0         28      22495
Mem:         32104      32005         99          0         28      22492
Mem:         32104      32001        103          0         28      22472
Mem:         32104      32009         95          0         28      22478
Mem:         32104      32008         96          0         29      22481
Mem:         32104      32003        101          0         29      22456
Mem:         32104      32007         97          0         29      22458
Mem:         32104      32009         95          0         29      22460
Mem:         32104      32008         96          0         29      22457
Mem:         32104      32006         98          0         29      22456
Mem:         32104      32009         95          0         29      22458
Mem:         32104      32003        101          0         30      22450
Mem:         32104      32008         96          0         30      22456
Mem:         32104      32003        101          0         30      22445
Mem:         32104      32004        100          0         30      22449
Mem:         32104      32007         97          0         30      22451
Mem:         32104      32004        100          0         30      22431
Mem:         32104      32008         96          0         30      22432
Mem:         32104      32007         97          0         30      22434
Mem:         32104      32009         95          0         31      22432
Mem:         32104      32007         97          0         31      22433
Mem:         32104      32007         97          0         31      22432
Mem:         32104      32003        101          0         31      22418
Mem:         32104      32006         98          0         31      22419
Mem:         32104      32008         96          0         31      22421
Mem:         32104      32005         99          0         31      22419
Mem:         32104      32008         96          0         31      22424
Mem:         32104      32004        100          0         31      22419
Mem:         32104      32009         95          0         31      22419
Mem:         32104      32008         96          0         31      22400
Mem:         32104      32004        100          0         32      22396
Mem:         32104      32007         97          0         32      22401
Mem:         32104      32006         98          0         32      22400
Mem:         32104      32008         96          0         32      22378
Mem:         32104      32006         98          0         32      22376
Mem:         32104      32003        101          0         33      22374
Mem:         32104      32007         97          0         33      22356
Mem:         32104      32010         94          0         33      22361
Mem:         32104      31963        141          0         33      22313
Mem:         32104      32006         98          0         33      22335
Mem:         32104      32002        102          0         34      22337
Mem:         32104      32004        100          0         34      22334
Mem:         32104      32006         98          0         34      22335
Mem:         32104      32005         99          0         34      22318
Mem:         32104      32005         99          0         34      22317
Mem:         32104      32010         94          0         34      22321
Mem:         32104      32007         97          0         34      22318
Mem:         32104      32009         95          0         35      22297
Mem:         32104      32009         95          0         35      22295
Mem:         32104      32004        100          0         35      22288
Mem:         32104      32003        101          0         35      22289
Mem:         32104      32009         95          0         35      22296
Mem:         32104      32010         94          0         35      22295
Mem:         32104      32009         95          0         35      22296
Mem:         32104      32004        100          0         35      22291
Mem:         32104      32003        101          0         35      22289
Mem:         32104      32010         94          0         35      22296
Mem:         32104      32007         97          0         35      22293
Mem:         32104      32002        102          0         35      22287
Mem:         32104      32008         96          0         35      22288
Mem:         32104      32008         96          0         36      22288
Mem:         32104      32010         94          0         36      22289
Mem:         32104      32008         96          0         36      22288
Mem:         32104      32006         98          0         36      22282
Mem:         32104      32007         97          0         36      22281
Mem:         32104      32006         98          0         36      22280
Mem:         32104      32009         95          0         37      22283
Mem:         32104      32010         94          0         37      22271
Mem:         32104      32007         97          0         38      22267
Mem:         32104      32007         97          0         38      22267
Mem:         32104      32003        101          0         39      22240
Mem:         32104      32009         95          0         39      22246
Mem:         32104      32009         95          0         39      22244
Mem:         32104      32003        101          0         39      22222
Mem:         32104      32008         96          0         40      22227
Mem:         32104      32010         94          0         40      22230
Mem:         32104      32007         97          0         40      22227
Mem:         32104      32010         94          0         40      22229
Mem:         32104      32002        102          0         40      22221
Mem:         32104      32005         99          0         40      22216
Mem:         32104      32007         97          0         40      22220
Mem:         32104      32003        101          0         40      22213
Mem:         32104      32001        103          0         40      22209
Mem:         32104      32003        101          0         41      22201
Mem:         32104      32004        100          0         41      22199
Mem:         32104      32006         98          0         41      22203
Mem:         32104      32005         99          0         41      22202
Mem:         32104      32004        100          0         41      22182
Mem:         32104      32005         99          0         41      22184
Mem:         32104      32008         96          0         42      22187
Mem:         32104      32002        102          0         42      22166
Mem:         32104      32006         98          0         42      22171
Mem:         32104      32004        100          0         42      22159
Mem:         32104      32007         97          0         42      22160
Mem:         32104      32008         96          0         43      22161
Mem:         32104      32004        100          0         43      22146
Mem:         32104      32003        101          0         43      22144
Mem:         32104      32004         99          0         43      22148
Mem:         32104      32007         97          0         43      22147
Mem:         32104      32010         94          0         43      22142
Mem:         32104      32005         99          0         43      22139
Mem:         32104      32008         96          0         44      22140
Mem:         32104      32006         98          0         44      22139
Mem:         32104      32004        100          0         44      22123
Mem:         32104      32002        102          0         44      22121
Mem:         32104      32003        101          0         44      22122
Mem:         32104      32008         96          0         44      22124
Mem:         32104      32009         95          0         44      22115
Mem:         32104      32005         99          0         45      22110
Mem:         32104      32005         99          0         45      22107
Mem:         32104      32009         95          0         45      22111
Mem:         32104      32004        100          0         45      22093
Mem:         32104      32005         99          0         45      22095
Mem:         32104      32006         98          0         46      22097
Mem:         32104      32004        100          0         46      22088
Mem:         32104      32007         97          0         46      22090
Mem:         32104      32010         94          0         46      22091
Mem:         32104      32002        102          0         46      22068
Mem:         32104      32010         94          0         46      22076
Mem:         32104      32007         96          0         47      22073
Mem:         32104      32004        100          0         47      22067
Mem:         32104      32008         96          0         47      22062
Mem:         32104      32004        100          0         47      22058
Mem:         32104      32004        100          0         47      22056
Mem:         32104      32007         97          0         47      22050
Mem:         32104      32006         98          0         47      22046
Mem:         32104      32003        101          0         48      22041
Mem:         32104      32002        102          0         48      22038
Mem:         32104      32005         99          0         48      22044
Mem:         32104      32002        102          0         48      22041
Mem:         32104      32007         97          0         48      22029
Mem:         32104      32001        103          0         48      22022
Mem:         32104      32006         98          0         49      22025
Mem:         32104      32005         99          0         49      22007
Mem:         32104      32003        101          0         49      22004
Mem:         32104      32003        101          0         49      22004
Mem:         32104      32009         95          0         49      22010
Mem:         32104      32008         96          0         49      21995
Mem:         32104      32007         97          0         50      21992
Mem:         32104      32008         96          0         50      21993
Mem:         32104      32007         97          0         50      21992
Mem:         32104      32010         94          0         50      21996
Mem:         32104      32004        100          0         50      21975
Mem:         32104      32006         98          0         50      21974
Mem:         32104      32008         96          0         51      21977
Mem:         32104      32010         94          0         51      21963
Mem:         32104      32010         94          0         51      21965
Mem:         32104      32002        102          0         51      21956
Mem:         32104      32009         94          0         51      21965
Mem:         32104      32008         96          0         51      21947
Mem:         32104      32003        101          0         52      21945
Mem:         32104      32002        102          0         52      21944
Mem:         32104      32003        101          0         52      21926
Mem:         32104      32005         99          0         52      21925
Mem:         32104      32005         99          0         52      21924
Mem:         32104      32010         94          0         52      21930
Mem:         32104      32008         96          0         52      21930
Mem:         32104      31984        120          0         53      21906
Mem:         32104      32011         93          0         53      21915
Mem:         32104      32004        100          0         53      21904
Mem:         32104      32007         97          0         53      21911
Mem:         32104      32007         97          0         53      21911
Mem:         32104      32004        100          0         53      21887
Mem:         32104      32005         99          0         53      21887
Mem:         32104      32005         99          0         53      21867
Mem:         32104      32004        100          0         53      21870
Mem:         32104      32008         96          0         53      21870
Mem:         32104      32006         98          0         54      21859
Mem:         32104      32009         95          0         54      21862
Mem:         32104      32009         95          0         54      21861
Mem:         32104      32005         99          0         54      21858
Mem:         32104      32009         95          0         54      21861
Mem:         32104      32008         96          0         54      21863
Mem:         32104      32005         99          0         54      21848
Mem:         32104      32008         96          0         54      21846
Mem:         32104      32003        101          0         55      21842
Mem:         32104      32004        100          0         55      21845
Mem:         32104      32005         99          0         55      21845
Mem:         32104      32006         98          0         55      21847
Mem:         32104      32008         96          0         55      21850
Mem:         32104      32005         99          0         55      21846
Mem:         32104      32008         96          0         55      21849
Mem:         32104      32002        102          0         55      21844
Mem:         32104      32009         95          0         55      21832
Mem:         32104      32004        100          0         55      21826
Mem:         32104      32006         98          0         55      21827
Mem:         32104      32005         99          0         55      21827
Mem:         32104      32008         96          0         55      21831
Mem:         32104      32010         94          0         56      21830
Mem:         32104      32008         96          0         56      21828
Mem:         32104      32004        100          0         56      21826
Mem:         32104      32008         96          0         56      21830
Mem:         32104      32008         96          0         56      21824
Mem:         32104      32007         97          0         56      21820
Mem:         32104      32010         94          0         56      21827
Mem:         32104      32006         98          0         57      21819
Mem:         32104      32007         97          0         57      21820
Mem:         32104      32005         99          0         57      21818
Mem:         32104      32002        102          0         57      21815
Mem:         32104      32008         96          0         57      21808
Mem:         32104      32007         97          0         57      21807
Mem:         32104      32002        102          0         57      21800
Mem:         32104      32009         95          0         57      21803
Mem:         32104      32008         96          0         58      21785
Mem:         32104      32010         94          0         58      21786
Mem:         32104      32006         98          0         58      21783
Mem:         32104      32010         94          0         58      21787
Mem:         32104      32007         97          0         58      21781
Mem:         32104      32003        101          0         58      21754
Mem:         32104      32003        101          0         58      21758
Mem:         32104      32005         99          0         59      21758
Mem:         32104      32003        101          0         59      21756
Mem:         32104      32009         95          0         59      21746
Mem:         32104      32005         99          0         59      21739
Mem:         32104      32008         96          0         59      21741
Mem:         32104      32010         94          0         59      21743
Mem:         32104      32008         96          0         59      21741
Mem:         32104      32006         98          0         59      21716
Mem:         32104      32002        102          0         60      21714
Mem:         32104      32010         94          0         60      21721
Mem:         32104      32002        102          0         60      21711
Mem:         32104      32003        101          0         60      21713
Mem:         32104      32003        101          0         60      21714
Mem:         32104      32010         94          0         60      21716
Mem:         32104      32008         96          0         60      21713
Mem:         32104      32010         94          0         60      21707
Mem:         32104      32010         94          0         61      21708
Mem:         32104      32009         95          0         61      21704
Mem:         32104      32005         99          0         61      21704
Mem:         32104      32006         98          0         61      21706
Mem:         32104      32004        100          0         61      21706
Mem:         32104      32007         97          0         61      21709
Mem:         32104      32006         98          0         61      21690
Mem:         32104      32005         99          0         61      21688
Mem:         32104      32008         96          0         61      21691
Mem:         32104      32003        101          0         62      21684
Mem:         32104      32006         98          0         62      21686
Mem:         32104      32007         97          0         62      21686
Mem:         32104      32005         99          0         62      21666
Mem:         32104      32006         98          0         62      21666
Mem:         32104      32007         97          0         62      21666
Mem:         32104      32003        101          0         62      21659
Mem:         32104      32008         96          0         63      21663
Mem:         32104      32006         98          0         63      21643
Mem:         32104      32006         98          0         63      21638
Mem:         32104      32009         95          0         63      21639
Mem:         32104      32004        100          0         63      21632
Mem:         32104      32010         94          0         63      21641
Mem:         32104      32008         96          0         63      21640
Mem:         32104      32006         98          0         63      21638
Mem:         32104      32003        101          0         64      21631
Mem:         32104      32002        102          0         64      21624
Mem:         32104      32006         98          0         64      21627
Mem:         32104      32008         96          0         64      21631
Mem:         32104      32010         94          0         64      21633
Mem:         32104      32010         94          0         64      21630
Mem:         32104      32007         97          0         64      21628
Mem:         32104      32010         94          0         64      21613
Mem:         32104      32005         99          0         65      21606
Mem:         32104      32009         95          0         65      21611
Mem:         32104      32004        100          0         65      21602
Mem:         32104      32008         96          0         65      21612
Mem:         32104      32005         99          0         65      21603
Mem:         32104      32002        102          0         65      21601
Mem:         32104      32005         98          0         65      21589
Mem:         32104      32007         97          0         65      21590
Mem:         32104      32002        102          0         65      21585
Mem:         32104      32004        100          0         66      21589
Mem:         32104      32005         99          0         66      21589
Mem:         32104      32004        100          0         66      21589
Mem:         32104      32010         94          0         66      21594
Mem:         32104      32008         96          0         66      21593
Mem:         32104      32006         98          0         66      21594
Mem:         32104      32009         95          0         66      21584
Mem:         32104      32005         99          0         66      21579
Mem:         32104      32009         95          0         66      21584
Mem:         32104      32001        103          0         67      21576
Mem:         32104      32008         96          0         67      21583
Mem:         32104      32006         98          0         67      21582
Mem:         32104      32007         97          0         67      21564
Mem:         32104      32002        102          0         67      21555
Mem:         32104      32004        100          0         67      21556
Mem:         32104      32009         95          0         67      21564
Mem:         32104      32005         98          0         68      21564
Mem:         32104      32004        100          0         68      21557
Mem:         32104      32004        100          0         68      21537
Mem:         32104      32008         96          0         68      21541
Mem:         32104      32004        100          0         68      21536
Mem:         32104      32008         96          0         68      21541
Mem:         32104      32008         96          0         68      21542
Mem:         32104      32008         96          0         68      21542
Mem:         32104      32006         98          0         69      21541
Mem:         32104      32004        100          0         69      21537
Mem:         32104      32002        102          0         69      21537
Mem:         32104      32010         94          0         69      21540
Mem:         32104      32008         96          0         69      21541
Mem:         32104      32010         94          0         69      21540
Mem:         32104      32005         99          0         69      21535
Mem:         32104      32009         95          0         69      21521
Mem:         32104      32007         97          0         69      21520
Mem:         32104      32005         99          0         70      21518
Mem:         32104      32009         95          0         70      21522
Mem:         32104      32006         98          0         70      21517
Mem:         32104      32004        100          0         70      21515
Mem:         32104      32006         98          0         70      21507
Mem:         32104      32008         96          0         70      21513
Mem:         32104      32009         95          0         71      21513
Mem:         32104      32003        101          0         71      21479
Mem:         32104      32002        102          0         71      21481
Mem:         32104      32004        100          0         71      21480
Mem:         32104      32004        100          0         71      21481
Mem:         32104      32004        100          0         71      21478
Mem:         32104      32008         96          0         72      21469
Mem:         32104      32009         95          0         72      21469
Mem:         32104      32009         95          0         72      21467
Mem:         32104      32009         95          0         72      21470
Mem:         32104      32010         94          0         72      21470
Mem:         32104      32010         94          0         72      21455
Mem:         32104      32005         99          0         72      21449
Mem:         32104      32008         96          0         72      21452
Mem:         32104      32007         97          0         72      21452
Mem:         32104      32009         95          0         73      21453
Mem:         32104      32005         99          0         73      21448
Mem:         32104      32009         95          0         73      21439
Mem:         32104      32003        101          0         73      21432
Mem:         32104      32010         94          0         73      21439
Mem:         32104      32003        101          0         73      21435
Mem:         32104      32005         99          0         73      21454
Mem:         32104      32004        100          0         73      21450
Mem:         32104      32005         99          0         73      21453
Mem:         32104      32004        100          0         74      21444
Mem:         32104      32007         97          0         74      21448
Mem:         32104      32004        100          0         74      21445
Mem:         32104      32010         94          0         74      21422
Mem:         32104      32004        100          0         74      21416
Mem:         32104      32007         97          0         74      21422
Mem:         32104      32007         97          0         74      21417
Mem:         32104      32004        100          0         75      21403
Mem:         32104      32007         97          0         75      21405
Mem:         32104      32003        101          0         75      21402
Mem:         32104      32003        101          0         75      21404
Mem:         32104      32004        100          0         75      21405
Mem:         32104      32007         97          0         75      21396
Mem:         32104      32005         99          0         75      21394
Mem:         32104      32010         94          0         75      21399
Mem:         32104      32002        102          0         76      21390
Mem:         32104      32002        102          0         76      21387
Mem:         32104      32006         98          0         76      21390
Mem:         32104      32001        103          0         76      21387
Mem:         32104      32003        101          0         76      21386
Mem:         32104      32009         95          0         76      21376
Mem:         32104      32003        101          0         76      21368
Mem:         32104      32007         97          0         76      21373
Mem:         32104      32004        100          0         76      21373
Mem:         32104      32009         95          0         77      21374
Mem:         32104      32009         95          0         77      21373
Mem:         32104      32006         98          0         77      21373
Mem:         32104      32004        100          0         77      21355
Mem:         32104      32009         95          0         77      21365
Mem:         32104      32008         96          0         77      21364
Mem:         32104      32005         99          0         77      21360
Mem:         32104      32008         96          0         77      21362
Mem:         32104      32006         98          0         77      21359
Mem:         32104      32002        102          0         77      21358
Mem:         32104      32003        101          0         78      21351
Mem:         32104      32010         94          0         78      21359
Mem:         32104      32007         97          0         78      21357
Mem:         32104      32005         99          0         78      21355
Mem:         32104      32008         96          0         78      21358
Mem:         32104      32007         97          0         78      21356
Mem:         32104      32010         94          0         78      21351
Mem:         32104      32006         98          0         78      21349
Mem:         32104      32004        100          0         79      21347
Mem:         32104      32004        100          0         79      21347
Mem:         32104      32002        102          0         79      21345
Mem:         32104      32005         99          0         79      21351
Mem:         32104      32007         97          0         79      21352
Mem:         32104      32005         99          0         79      21351
Mem:         32104      32001        103          0         79      21348
Mem:         32104      32008         96          0         79      21354
Mem:         32104      32002        102          0         79      21348
Mem:         32104      32003        101          0         79      21349
Mem:         32104      32006         98          0         79      21353
Mem:         32104      32000        104          0         79      21348
Mem:         32104      32009         95          0         79      21355
Mem:         32104      32005         99          0         79      21352
Mem:         32104      32003        101          0         79      21349
Mem:         32104      32008         96          0         79      21354
Mem:         32104      32011         93          0         79      21358
Mem:         32104      32005         99          0         79      21354
Mem:         32104      32007         97          0         79      21355
Mem:         32104      32007         97          0         79      21355
Mem:         32104      32006         98          0         79      21353
Mem:         32104      32004        100          0         79      21350
Mem:         32104      32005         99          0         79      21351
Mem:         32104      32007         97          0         79      21354
Mem:         32104      32004        100          0         79      21352
Mem:         32104      32003        101          0         79      21351
Mem:         32104      32003        101          0         79      21351
Mem:         32104      32002        102          0         79      21350
Mem:         32104      32007         97          0         79      21354
Mem:         32104      32007         97          0         79      21355
Mem:         32104      32007         97          0         79      21355
Mem:         32104      32010         94          0         79      21359
Mem:         32104      32003        101          0         79      21352
Mem:         32104      32001        103          0         79      21350
Mem:         32104      32008         96          0         79      21356
Mem:         32104      32008         96          0         79      21357
Mem:         32104      32002        102          0         79      21351
Mem:         32104      32010         94          0         79      21358
Mem:         32104      32008         96          0         79      21357
Mem:         32104      32007         97          0         79      21356
Mem:         32104      32003        101          0         79      21351
Mem:         32104      32007         97          0         79      21357
Mem:         32104      32008         96          0         79      21356
Mem:         32104      32008         96          0         79      21356
Mem:         32104      32004        100          0         79      21351
Mem:         32104      32006         98          0         79      21354
Mem:         32104      32006         98          0         79      21354
Mem:         32104      32005         99          0         79      21353
Mem:         32104      32004        100          0         79      21353
Mem:         32104      32007         97          0         79      21355
Mem:         32104      32005         99          0         79      21354
Mem:         32104      32004        100          0         79      21353
Mem:         32104      32004        100          0         79      21353
Mem:         32104      32008         96          0         79      21357
Mem:         32104      32004        100          0         79      21353
Mem:         32104      32004        100          0         79      21354
Mem:         32104      32007         97          0         79      21357
Mem:         32104      31895        209          0         80      21241
Mem:         32104      31903        201          0         80      21250
Mem:         32104      31898        206          0         80      21246
Mem:         32104      31900        204          0         80      21248
Mem:         32104      31899        205          0         80      21249
Mem:         32104      31897        207          0         80      21245
Mem:         32104      31894        210          0         80      21244
Mem:         32104      31896        208          0         80      21245
Mem:         32104      31897        207          0         80      21247
Mem:         32104      31896        208          0         80      21246
Mem:         32104      31892        212          0         80      21243
Mem:         32104      31882        222          0         80      21231
Mem:         32104      31881        223          0         80      21230
Mem:         32104      31882        222          0         80      21233
Mem:         32104      31885        219          0         80      21237
Mem:         32104      31888        216          0         80      21239
Mem:         32104      31873        231          0         80      21224
Mem:         32104      31874        230          0         80      21224
Mem:         32104      31877        227          0         80      21226
Mem:         32104      31878        226          0         80      21229
Mem:         32104      31879        225          0         80      21230
Mem:         32104      31880        224          0         80      21231
Mem:         32104      31880        223          0         80      21233
Mem:         32104      31880        224          0         80      21232
Mem:         32104      31879        225          0         80      21231
Mem:         32104      31876        228          0         80      21228
Mem:         32104      31875        228          0         80      21226
Mem:         32104      31874        230          0         80      21224
Mem:         32104      31857        247          0         80      21207
Mem:         32104      31681        423          0         80      21035
Mem:         32104      31680        424          0         80      21034
Mem:         32104      31680        424          0         80      21034
Mem:         32104      31679        425          0         80      21034
Mem:         32104      31679        425          0         80      21034
Mem:         32104      31678        426          0         80      21034
Mem:         32104      31678        426          0         80      21034
Mem:         32104      31677        427          0         80      21034
Mem:         32104      31672        432          0         80      21029
Mem:         32104      31672        432          0         80      21028
Mem:         32104      31672        432          0         80      21028
Mem:         32104      31671        433          0         80      21028
Mem:         32104      31670        434          0         80      21028
Mem:         32104      31670        434          0         80      21028
Mem:         32104      31670        434          0         80      21027
Mem:         32104      31669        435          0         80      21027
Mem:         32104      22434       9670          0         80      21025
Mem:         32104      22408       9696          0         80      21026
