Mem:         32177       1004      31172          0          5         54
Mem:         32177       1072      31104          0          5         62
Mem:         32177       1149      31028          0          5         69
Mem:         32177       1181      30995          0          5         73
Mem:         32177       1182      30995          0          5         73
Mem:         32177       1252      30925          0          5         75
Mem:         32177       1455      30722          0          5        110
Mem:         32177       1690      30486          0          6        183
Mem:         32177       2548      29628          0          6        331
Mem:         32177       5188      26989          0          6        629
Mem:         32177       6937      25239          0          6        759
Mem:         32177       7293      24883          0          6        892
Mem:         32177       7698      24479          0          7       1139
Mem:         32177       8100      24077          0          7       1380
Mem:         32177       8535      23642          0          7       1609
Mem:         32177       8822      23355          0          7       1832
Mem:         32177       9069      23108          0          8       2065
Mem:         32177       9323      22854          0          8       2274
Mem:         32177       9542      22635          0          8       2482
Mem:         32177       9789      22388          0          8       2704
Mem:         32177       9974      22202          0          9       2886
Mem:         32177      10183      21993          0          9       3087
Mem:         32177      10329      21847          0          9       3231
Mem:         32177      10539      21638          0          9       3311
Mem:         32177      10770      21406          0          9       3534
Mem:         32177      11009      21167          0          9       3764
Mem:         32177      11772      20404          0         10       3959
Mem:         32177      12752      19424          0         10       4141
Mem:         32177      12937      19240          0         10       4320
Mem:         32177      13116      19060          0         10       4492
Mem:         32177      13313      18863          0         10       4676
Mem:         32177      13667      18509          0         11       4857
Mem:         32177      13847      18330          0         11       5031
Mem:         32177      14031      18146          0         11       5208
Mem:         32177      14195      17981          0         11       5365
Mem:         32177      14382      17795          0         11       5522
Mem:         32177      14574      17603          0         12       5706
Mem:         32177      14769      17407          0         12       5897
Mem:         32177      15017      17159          0         12       6121
Mem:         32177      15218      16959          0         12       6315
Mem:         32177      15385      16792          0         12       6476
Mem:         32177      15567      16610          0         13       6652
Mem:         32177      15791      16386          0         13       6852
Mem:         32177      15994      16182          0         13       7048
Mem:         32177      16226      15951          0         13       7271
Mem:         32177      16404      15772          0         13       7443
Mem:         32177      16608      15569          0         14       7633
Mem:         32177      16792      15385          0         14       7810
Mem:         32177      16960      15216          0         14       7973
Mem:         32177      17139      15037          0         14       8146
Mem:         32177      17348      14829          0         14       8338
Mem:         32177      17554      14623          0         15       8537
Mem:         32177      17759      14418          0         15       8733
Mem:         32177      17961      14216          0         15       8928
Mem:         32177      18163      14013          0         15       9119
Mem:         32177      18347      13830          0         15       9296
Mem:         32177      18561      13615          0         15       9498
Mem:         32177      18739      13437          0         16       9670
Mem:         32177      18903      13273          0         16       9826
Mem:         32177      19080      13096          0         16       9996
Mem:         32177      19266      12911          0         16      10173
Mem:         32177      19437      12740          0         16      10334
Mem:         32177      19592      12585          0         17      10485
Mem:         32177      19747      12429          0         17      10636
Mem:         32177      19910      12267          0         17      10792
Mem:         32177      20050      12127          0         17      10919
Mem:         32177      20225      11952          0         17      11089
Mem:         32177      20411      11766          0         17      11265
Mem:         32177      20594      11583          0         17      11442
Mem:         32177      20784      11392          0         18      11618
Mem:         32177      20958      11219          0         18      11784
Mem:         32177      21088      11088          0         18      11912
Mem:         32177      21221      10956          0         18      12041
Mem:         32177      21374      10802          0         18      12189
Mem:         32177      21533      10644          0         18      12324
Mem:         32177      21689      10488          0         19      12475
Mem:         32177      21810      10367          0         19      12616
Mem:         32177      21844      10333          0         19      12650
Mem:         32177      21957      10219          0         19      12760
Mem:         32177      22155      10022          0         19      12956
Mem:         32177      22333       9844          0         19      13114
Mem:         32177      22484       9692          0         19      13261
Mem:         32177      22652       9525          0         20      13426
Mem:         32177      22782       9395          0         20      13551
Mem:         32177      22956       9221          0         20      13694
Mem:         32177      23087       9090          0         20      13822
Mem:         32177      23224       8952          0         20      13954
Mem:         32177      23348       8828          0         20      14072
Mem:         32177      23487       8690          0         20      14206
Mem:         32177      23645       8532          0         21      14351
Mem:         32177      23775       8402          0         21      14475
Mem:         32177      23951       8226          0         21      14646
Mem:         32177      24126       8051          0         21      14814
Mem:         32177      24352       7825          0         21      14997
Mem:         32177      24548       7629          0         21      15186
Mem:         32177      24694       7482          0         22      15327
Mem:         32177      24852       7325          0         22      15478
Mem:         32177      25001       7175          0         22      15621
Mem:         32177      25154       7023          0         22      15768
Mem:         32177      25276       6901          0         22      15886
Mem:         32177      25369       6808          0         22      15974
Mem:         32177      25523       6654          0         22      16117
Mem:         32177      25613       6564          0         23      16203
Mem:         32177      25733       6443          0         23      16320
Mem:         32177      25892       6284          0         23      16475
Mem:         32177      26112       6065          0         23      16687
Mem:         32177      26352       5825          0         23      16895
Mem:         32177      26461       5716          0         23      16996
Mem:         32177      26587       5590          0         24      17119
Mem:         32177      26590       5586          0         24      17126
Mem:         32177      26618       5558          0         24      17149
Mem:         32177      26648       5528          0         24      17179
Mem:         32177      26708       5468          0         24      17234
Mem:         32177      26749       5428          0         24      17274
Mem:         32177      26820       5357          0         24      17342
Mem:         32177      26935       5242          0         24      17452
Mem:         32177      27043       5133          0         24      17550
Mem:         32177      27146       5031          0         24      17647
Mem:         32177      27211       4965          0         24      17712
Mem:         32177      27276       4900          0         24      17773
Mem:         32177      27365       4811          0         24      17858
Mem:         32177      27471       4705          0         24      17958
Mem:         32177      27515       4662          0         24      18000
Mem:         32177      27562       4615          0         24      18047
Mem:         32177      27643       4533          0         25      18126
Mem:         32177      27698       4479          0         25      18179
Mem:         32177      27753       4424          0         25      18233
Mem:         32177      27796       4381          0         25      18274
Mem:         32177      27873       4303          0         25      18340
Mem:         32177      27924       4252          0         25      18388
Mem:         32177      28004       4172          0         25      18464
Mem:         32177      28060       4117          0         25      18521
Mem:         32177      28097       4080          0         25      18557
Mem:         32177      28135       4042          0         25      18593
Mem:         32177      28156       4020          0         25      18612
Mem:         32177      28229       3948          0         25      18679
Mem:         32177      28345       3831          0         25      18792
Mem:         32177      28464       3713          0         25      18906
Mem:         32177      28533       3644          0         25      18972
Mem:         32177      28598       3579          0         25      19028
Mem:         32177      28632       3545          0         26      19062
Mem:         32177      28669       3507          0         26      19100
Mem:         32177      28741       3435          0         26      19168
Mem:         32177      28885       3292          0         26      19304
Mem:         32177      29011       3165          0         26      19424
Mem:         32177      29114       3063          0         26      19522
Mem:         32177      29157       3020          0         26      19563
Mem:         32177      29249       2928          0         26      19650
Mem:         32177      29353       2824          0         26      19753
Mem:         32177      29437       2740          0         26      19825
Mem:         32177      29530       2647          0         26      19915
Mem:         32177      29592       2585          0         26      19974
Mem:         32177      29697       2480          0         27      20078
Mem:         32177      29782       2394          0         27      20159
Mem:         32177      29905       2272          0         27      20274
Mem:         32177      29970       2207          0         27      20336
Mem:         32177      30053       2124          0         27      20416
Mem:         32177      30129       2048          0         27      20488
Mem:         32177      30148       2029          0         27      20508
Mem:         32177      30240       1936          0         27      20597
Mem:         32177      30333       1844          0         27      20682
Mem:         32177      30400       1777          0         27      20746
Mem:         32177      30500       1677          0         27      20843
Mem:         32177      30581       1596          0         27      20919
Mem:         32177      30666       1511          0         28      20999
Mem:         32177      30726       1451          0         28      21056
Mem:         32177      30779       1397          0         28      21107
Mem:         32177      30811       1366          0         28      21139
Mem:         32177      30839       1338          0         28      21166
Mem:         32177      30863       1313          0         28      21190
Mem:         32177      30898       1279          0         28      21223
Mem:         32177      30940       1237          0         28      21265
Mem:         32177      30969       1208          0         28      21295
Mem:         32177      30921       1256          0         28      21311
Mem:         32177      30928       1248          0         28      21319
Mem:         32177      30972       1204          0         28      21362
Mem:         32177      31048       1128          0         28      21435
Mem:         32177      31110       1067          0         28      21489
Mem:         32177      31186        990          0         28      21567
Mem:         32177      31251        925          0         28      21631
Mem:         32177      31291        886          0         28      21671
Mem:         32177      31337        840          0         28      21715
Mem:         32177      31365        811          0         28      21745
Mem:         32177      31427        750          0         28      21805
Mem:         32177      31452        724          0         28      21831
Mem:         32177      31486        690          0         29      21865
Mem:         32177      31540        636          0         29      21918
Mem:         32177      31593        583          0         29      21970
Mem:         32177      31646        530          0         29      22021
Mem:         32177      31715        462          0         29      22088
Mem:         32177      31830        347          0         29      22199
Mem:         32177      31947        230          0         29      22314
Mem:         32177      32042        134          0         29      22405
Mem:         32177      32085         91          0         29      22448
Mem:         32177      32086         90          0         29      22449
Mem:         32177      32086         91          0         29      22452
Mem:         32177      32084         92          0         29      22451
Mem:         32177      32080         97          0         29      22449
Mem:         32177      32085         91          0         29      22455
Mem:         32177      32083         94          0         29      22453
Mem:         32177      32083         93          0         29      22445
Mem:         32177      32087         90          0         29      22452
Mem:         32177      32088         89          0         29      22452
Mem:         32177      32085         92          0         29      22449
Mem:         32177      32081         95          0         29      22445
Mem:         32177      32086         91          0         29      22453
Mem:         32177      32082         95          0         29      22449
Mem:         32177      32082         95          0         29      22451
Mem:         32177      32083         94          0         29      22453
Mem:         32177      32087         90          0         29      22457
Mem:         32177      32081         96          0         29      22450
Mem:         32177      32081         96          0         29      22450
Mem:         32177      32086         91          0         30      22453
Mem:         32177      32087         89          0         30      22456
Mem:         32177      32080         97          0         30      22451
Mem:         32177      32080         96          0         30      22454
Mem:         32177      32082         95          0         30      22456
Mem:         32177      32087         90          0         30      22460
Mem:         32177      32087         90          0         30      22455
Mem:         32177      32086         90          0         30      22447
Mem:         32177      32084         92          0         30      22442
Mem:         32177      32084         93          0         31      22444
Mem:         32177      32086         90          0         31      22447
Mem:         32177      32088         89          0         31      22447
Mem:         32177      32080         97          0         31      22440
Mem:         32177      32088         89          0         31      22450
Mem:         32177      32087         90          0         31      22446
Mem:         32177      32083         94          0         31      22438
Mem:         32177      32085         92          0         31      22437
Mem:         32177      32086         90          0         31      22435
Mem:         32177      32080         97          0         31      22428
Mem:         32177      32087         90          0         31      22433
Mem:         32177      32083         94          0         32      22428
Mem:         32177      32086         91          0         32      22435
Mem:         32177      32078         98          0         32      22417
Mem:         32177      32084         93          0         32      22424
Mem:         32177      32085         92          0         32      22422
Mem:         32177      32082         94          0         32      22420
Mem:         32177      32071        105          0         32      22458
Mem:         32177      32085         91          0         32      22476
Mem:         32177      32087         89          0         32      22481
Mem:         32177      32081         96          0         32      22473
Mem:         32177      32084         93          0         32      22478
Mem:         32177      32081         96          0         33      22464
Mem:         32177      32081         96          0         33      22463
Mem:         32177      32088         88          0         33      22470
Mem:         32177      32088         89          0         33      22468
Mem:         32177      32081         96          0         33      22462
Mem:         32177      32085         92          0         33      22463
Mem:         32177      32088         89          0         33      22467
Mem:         32177      32082         95          0         34      22462
Mem:         32177      32086         91          0         34      22461
Mem:         32177      32086         91          0         34      22459
Mem:         32177      32088         89          0         34      22458
Mem:         32177      32083         93          0         34      22451
Mem:         32177      32086         91          0         35      22453
Mem:         32177      32085         91          0         35      22453
Mem:         32177      32083         93          0         35      22449
Mem:         32177      32081         96          0         35      22446
Mem:         32177      32081         96          0         35      22429
Mem:         32177      32087         90          0         35      22435
Mem:         32177      32087         89          0         35      22433
Mem:         32177      32088         89          0         36      22432
Mem:         32177      32080         97          0         36      22422
Mem:         32177      32084         92          0         36      22427
Mem:         32177      32084         93          0         36      22423
Mem:         32177      32080         96          0         36      22416
Mem:         32177      32085         91          0         36      22419
Mem:         32177      32083         94          0         36      22415
Mem:         32177      32083         93          0         37      22414
Mem:         32177      32082         95          0         37      22411
Mem:         32177      32086         91          0         37      22412
Mem:         32177      32083         94          0         37      22407
Mem:         32177      32082         94          0         37      22407
Mem:         32177      32084         93          0         37      22404
Mem:         32177      32087         89          0         37      22398
Mem:         32177      32080         96          0         37      22387
Mem:         32177      32088         89          0         38      22389
Mem:         32177      32087         90          0         38      22389
Mem:         32177      32080         97          0         38      22380
Mem:         32177      32086         91          0         38      22382
Mem:         32177      32082         94          0         38      22360
Mem:         32177      32085         92          0         38      22358
Mem:         32177      32088         89          0         38      22358
Mem:         32177      32088         89          0         39      22355
Mem:         32177      32081         95          0         39      22343
Mem:         32177      32083         93          0         39      22342
Mem:         32177      32081         96          0         39      22340
Mem:         32177      32085         92          0         39      22342
Mem:         32177      32078         98          0         39      22335
Mem:         32177      32081         95          0         39      22337
Mem:         32177      32084         93          0         39      22340
Mem:         32177      32084         92          0         40      22338
Mem:         32177      32080         96          0         40      22321
Mem:         32177      32087         89          0         40      22327
Mem:         32177      32084         93          0         40      22322
Mem:         32177      32079         98          0         40      22317
Mem:         32177      32088         89          0         40      22326
Mem:         32177      32080         96          0         40      22317
Mem:         32177      32081         95          0         41      22319
Mem:         32177      32086         91          0         41      22312
Mem:         32177      32085         91          0         41      22312
Mem:         32177      32080         97          0         41      22305
Mem:         32177      32086         90          0         41      22307
Mem:         32177      32083         93          0         41      22304
Mem:         32177      32082         95          0         41      22297
Mem:         32177      32084         93          0         42      22276
Mem:         32177      32085         91          0         42      22276
Mem:         32177      32080         96          0         42      22268
Mem:         32177      32086         91          0         42      22263
Mem:         32177      32083         93          0         42      22257
Mem:         32177      32083         94          0         42      22252
Mem:         32177      32083         93          0         42      22254
Mem:         32177      32082         95          0         42      22249
Mem:         32177      32084         93          0         43      22250
Mem:         32177      32082         95          0         43      22248
Mem:         32177      32081         95          0         43      22246
Mem:         32177      32085         91          0         43      22248
Mem:         32177      32079         98          0         43      22218
Mem:         32177      32085         91          0         43      22218
Mem:         32177      32086         91          0         43      22216
Mem:         32177      32085         91          0         43      22217
Mem:         32177      32086         91          0         43      22218
Mem:         32177      32085         92          0         43      22204
Mem:         32177      32085         92          0         44      22202
Mem:         32177      32087         90          0         44      22202
Mem:         32177      32084         92          0         44      22196
Mem:         32177      32080         97          0         44      22189
Mem:         32177      32078         98          0         44      22187
Mem:         32177      32086         91          0         44      22191
Mem:         32177      32083         94          0         44      22188
Mem:         32177      32078         98          0         44      22177
Mem:         32177      32081         96          0         44      22178
Mem:         32177      32084         93          0         45      22180
Mem:         32177      32086         90          0         44      22178
Mem:         32177      32085         91          0         45      22181
Mem:         32177      32083         94          0         45      22170
Mem:         32177      32080         97          0         45      22151
Mem:         32177      32083         94          0         45      22148
Mem:         32177      32083         93          0         45      22150
Mem:         32177      32085         91          0         45      22151
Mem:         32177      32085         92          0         45      22152
Mem:         32177      32086         90          0         45      22149
Mem:         32177      32084         92          0         45      22144
Mem:         32177      32087         89          0         45      22138
Mem:         32177      32087         90          0         46      22137
Mem:         32177      32086         90          0         46      22134
Mem:         32177      32081         95          0         46      22129
Mem:         32177      32086         90          0         46      22129
Mem:         32177      32086         90          0         46      22128
Mem:         32177      32086         91          0         46      22127
Mem:         32177      32084         93          0         46      22118
Mem:         32177      32080         97          0         46      22112
Mem:         32177      32080         97          0         46      22112
Mem:         32177      32083         94          0         46      22115
Mem:         32177      32084         92          0         46      22114
Mem:         32177      32084         93          0         46      22110
Mem:         32177      32080         97          0         46      22097
Mem:         32177      32081         95          0         47      22108
Mem:         32177      32085         92          0         47      22112
Mem:         32177      32084         93          0         47      22113
Mem:         32177      32078         99          0         47      22106
Mem:         32177      32088         89          0         47      22117
Mem:         32177      32083         94          0         47      22111
Mem:         32177      32081         96          0         47      22097
Mem:         32177      32085         92          0         47      22101
Mem:         32177      32085         92          0         47      22101
Mem:         32177      32086         90          0         47      22105
Mem:         32177      32079         97          0         47      22094
Mem:         32177      32080         96          0         48      22100
Mem:         32177      32081         95          0         48      22099
Mem:         32177      32078         98          0         48      22095
Mem:         32177      32086         90          0         48      22099
Mem:         32177      32078         99          0         48      22090
Mem:         32177      32081         95          0         48      22092
Mem:         32177      32086         91          0         48      22097
Mem:         32177      32085         92          0         48      22097
Mem:         32177      32082         95          0         49      22095
Mem:         32177      32085         92          0         49      22082
Mem:         32177      32080         97          0         49      22081
Mem:         32177      32083         94          0         49      22080
Mem:         32177      32087         89          0         49      22086
Mem:         32177      32088         89          0         49      22086
Mem:         32177      32086         90          0         49      22083
Mem:         32177      32079         97          0         49      22075
Mem:         32177      32079         98          0         50      22067
Mem:         32177      32082         94          0         50      22068
Mem:         32177      32078         99          0         50      22065
Mem:         32177      32082         95          0         50      22062
Mem:         32177      32078         99          0         50      22057
Mem:         32177      32080         96          0         50      22056
Mem:         32177      32080         97          0         50      22056
Mem:         32177      32080         96          0         50      22051
Mem:         32177      32084         93          0         51      22051
Mem:         32177      32087         89          0         51      22053
Mem:         32177      32081         96          0         51      22046
Mem:         32177      32082         94          0         51      22046
Mem:         32177      32084         93          0         51      22048
Mem:         32177      32082         95          0         51      22034
Mem:         32177      32081         95          0         51      22033
Mem:         32177      32080         96          0         51      22033
Mem:         32177      32084         93          0         51      22036
Mem:         32177      32078         98          0         51      22031
Mem:         32177      32078         98          0         51      22029
Mem:         32177      32080         97          0         52      22017
Mem:         32177      32082         94          0         52      22020
Mem:         32177      32086         91          0         52      22023
Mem:         32177      32084         92          0         52      22019
Mem:         32177      32082         94          0         52      22014
Mem:         32177      32084         92          0         52      22016
Mem:         32177      32080         97          0         52      22005
Mem:         32177      32081         96          0         52      22000
Mem:         32177      32080         96          0         52      21999
Mem:         32177      32082         95          0         52      21998
Mem:         32177      32079         97          0         52      21994
Mem:         32177      32087         89          0         52      22001
Mem:         32177      32087         90          0         52      22002
Mem:         32177      32082         95          0         52      21993
Mem:         32177      32087         89          0         52      21997
Mem:         32177      32081         96          0         53      21994
Mem:         32177      32087         90          0         53      21998
Mem:         32177      32087         89          0         53      21995
Mem:         32177      32080         97          0         53      21988
Mem:         32177      32083         94          0         53      21985
Mem:         32177      32082         95          0         53      21979
Mem:         32177      32086         91          0         53      21986
Mem:         32177      32086         90          0         53      21985
Mem:         32177      32083         94          0         53      21980
Mem:         32177      32079         98          0         53      21973
Mem:         32177      32082         95          0         53      21976
Mem:         32177      32084         93          0         54      21976
Mem:         32177      32088         89          0         54      21979
Mem:         32177      32080         97          0         54      21963
Mem:         32177      32088         89          0         54      21972
Mem:         32177      32086         90          0         54      21967
Mem:         32177      32083         93          0         54      21965
Mem:         32177      32087         90          0         54      21968
Mem:         32177      32086         91          0         54      21963
Mem:         32177      32083         94          0         54      21959
Mem:         32177      32088         89          0         54      21966
Mem:         32177      32079         97          0         54      21940
Mem:         32177      32080         97          0         55      21939
Mem:         32177      32079         98          0         55      21934
Mem:         32177      32085         92          0         55      21940
Mem:         32177      32082         95          0         55      21935
Mem:         32177      32080         96          0         55      21935
Mem:         32177      32085         92          0         55      21936
Mem:         32177      32086         91          0         55      21928
Mem:         32177      32087         90          0         55      21927
Mem:         32177      32084         93          0         55      21923
Mem:         32177      32080         96          0         55      21919
Mem:         32177      32082         95          0         55      21921
Mem:         32177      32081         96          0         56      21918
Mem:         32177      32086         91          0         56      21921
Mem:         32177      32087         90          0         56      21921
Mem:         32177      32084         92          0         56      21913
Mem:         32177      32085         92          0         56      21912
Mem:         32177      32087         89          0         56      21913
Mem:         32177      32081         95          0         56      21905
Mem:         32177      32080         97          0         56      21903
Mem:         32177      32088         88          0         55      21913
Mem:         32177      32084         92          0         56      21907
Mem:         32177      32086         91          0         56      21907
Mem:         32177      32081         96          0         56      21897
Mem:         32177      32080         96          0         56      21893
Mem:         32177      32083         94          0         56      21896
Mem:         32177      32084         93          0         56      21892
Mem:         32177      32085         92          0         56      21895
Mem:         32177      32085         91          0         56      21892
Mem:         32177      32064        113          0         56      21894
Mem:         32177      32084         93          0         56      21913
Mem:         32177      32083         93          0         57      21914
Mem:         32177      32081         96          0         57      21896
Mem:         32177      32085         92          0         57      21901
Mem:         32177      32086         91          0         57      21901
Mem:         32177      32085         91          0         57      21904
Mem:         32177      32085         91          0         57      21897
Mem:         32177      32086         91          0         57      21898
Mem:         32177      32085         91          0         57      21897
Mem:         32177      32087         89          0         57      21901
Mem:         32177      32083         94          0         57      21889
Mem:         32177      32086         91          0         57      21896
Mem:         32177      32092         84          0         57      21901
Mem:         32177      32086         91          0         56      21892
Mem:         32177      32080         96          0         56      21891
Mem:         32177      32085         91          0         56      21895
Mem:         32177      32080         97          0         56      21891
Mem:         32177      32083         93          0         56      21894
Mem:         32177      32085         92          0         56      21896
Mem:         32177      32088         89          0         55      21890
Mem:         32177      32085         92          0         55      21885
Mem:         32177      32087         90          0         55      21887
Mem:         32177      32092         85          0         55      21892
Mem:         32177      32092         85          0         54      21891
Mem:         32177      32086         91          0         54      21887
Mem:         32177      32086         90          0         54      21879
Mem:         32177      32079         97          0         54      21872
Mem:         32177      32093         84          0         53      21885
Mem:         32177      32082         95          0         53      21875
Mem:         32177      32087         89          0         53      21883
Mem:         32177      32078         99          0         53      21874
Mem:         32177      32087         89          0         53      21882
Mem:         32177      32087         90          0         54      21872
Mem:         32177      32083         93          0         54      21869
Mem:         32177      32088         89          0         54      21873
Mem:         32177      32086         91          0         54      21872
Mem:         32177      32085         92          0         54      21870
Mem:         32177      32088         89          0         54      21875
Mem:         32177      32093         84          0         54      21874
Mem:         32177      32084         93          0         54      21868
Mem:         32177      32075        101          0         54      21858
Mem:         32177      32088         89          0         54      21869
Mem:         32177      32085         92          0         54      21868
Mem:         32177      32083         93          0         54      21868
Mem:         32177      32082         95          0         54      21864
Mem:         32177      32083         94          0         54      21858
Mem:         32177      32086         91          0         54      21857
Mem:         32177      32086         90          0         54      21861
Mem:         32177      32080         96          0         54      21854
Mem:         32177      32086         91          0         54      21858
Mem:         32177      32088         88          0         54      21860
Mem:         32177      32094         83          0         54      21858
Mem:         32177      32085         92          0         54      21850
Mem:         32177      32086         90          0         54      21852
Mem:         32177      32082         95          0         54      21845
Mem:         32177      32091         86          0         54      21856
Mem:         32177      32087         89          0         55      21848
Mem:         32177      32088         89          0         55      21847
Mem:         32177      32085         91          0         55      21843
Mem:         32177      32087         90          0         55      21846
Mem:         32177      32082         94          0         55      21842
Mem:         32177      32091         86          0         55      21850
Mem:         32177      32093         83          0         55      21854
Mem:         32177      32084         92          0         55      21844
Mem:         32177      32087         89          0         55      21846
Mem:         32177      32082         95          0         55      21840
Mem:         32177      32088         88          0         55      21842
Mem:         32177      32088         88          0         55      21847
Mem:         32177      32080         97          0         55      21839
Mem:         32177      32084         92          0         55      21845
Mem:         32177      32083         93          0         55      21844
Mem:         32177      32083         94          0         55      21846
Mem:         32177      32087         90          0         55      21850
Mem:         32177      32086         90          0         55      21852
Mem:         32177      32085         92          0         55      21849
Mem:         32177      32087         90          0         55      21853
Mem:         32177      32083         93          0         55      21850
Mem:         32177      32084         92          0         55      21852
Mem:         32177      32088         89          0         55      21857
Mem:         32177      32084         93          0         55      21854
Mem:         32177      32086         90          0         55      21854
Mem:         32177      32080         97          0         55      21850
Mem:         32177      32083         94          0         55      21853
Mem:         32177      32080         96          0         55      21851
Mem:         32177      32086         90          0         55      21858
Mem:         32177      32087         89          0         55      21860
Mem:         32177      32086         91          0         55      21859
Mem:         32177      32049        127          0         55      21862
Mem:         32177      32055        122          0         55      21867
Mem:         32177      32058        119          0         55      21873
Mem:         32177      32073        103          0         55      21890
Mem:         32177      32079         98          0         55      21897
Mem:         32177      32085         92          0         55      21903
Mem:         32177      32080         97          0         55      21902
Mem:         32177      32082         94          0         55      21906
Mem:         32177      32079         98          0         55      21905
Mem:         32177      32082         94          0         55      21910
Mem:         32177      32084         92          0         55      21914
Mem:         32177      32087         89          0         55      21918
Mem:         32177      32084         92          0         55      21916
Mem:         32177      32082         95          0         55      21917
Mem:         32177      32085         92          0         55      21922
Mem:         32177      32087         90          0         55      21925
Mem:         32177      32088         89          0         55      21929
Mem:         32177      32081         95          0         55      21926
Mem:         32177      32082         95          0         55      21929
Mem:         32177      32082         94          0         55      21933
Mem:         32177      32082         95          0         55      21934
Mem:         32177      32082         95          0         55      21936
Mem:         32177      32081         95          0         55      21939
Mem:         32177      32081         96          0         55      21941
Mem:         32177      32080         97          0         55      21943
Mem:         32177      32079         97          0         55      21944
Mem:         32177      32079         98          0         55      21946
Mem:         32177      32068        109          0         55      21948
Mem:         32177      31909        268          0         55      21953
Mem:         32177      31923        254          0         55      21961
Mem:         32177      31931        246          0         57      21967
Mem:         32177      31937        239          0         58      21972
Mem:         32177      31941        236          0         59      21976
Mem:         32177      31940        237          0         61      21978
Mem:         32177      31941        236          0         62      21979
Mem:         32177      32023        153          0         62      22061
Mem:         32177      32022        155          0         62      22063
Mem:         32177      32027        149          0         62      22063
Mem:         32177      32020        157          0         63      22063
Mem:         32177      32020        157          0         63      22064
Mem:         32177      32018        158          0         63      22064
Mem:         32177      32018        159          0         63      22064
Mem:         32177      32010        166          0         63      22064
Mem:         32177      32010        167          0         63      22064
Mem:         32177      32003        174          0         63      22064
Mem:         32177      32002        175          0         63      22064
Mem:         32177      32006        171          0         63      22064
Mem:         32177      31996        181          0         63      22064
Mem:         32177      31995        181          0         63      22064
Mem:         32177      31996        181          0         63      22064
Mem:         32177      31996        180          0         63      22064
Mem:         32177      31996        180          0         63      22064
Mem:         32177      31995        182          0         63      22064
Mem:         32177      31995        181          0         63      22064
Mem:         32177      31994        182          0         63      22064
Mem:         32177      31994        182          0         63      22064
Mem:         32177      31994        183          0         63      22064
Mem:         32177      31994        183          0         63      22064
Mem:         32177      31993        183          0         63      22064
Mem:         32177      31993        183          0         63      22064
Mem:         32177      31993        184          0         63      22064
Mem:         32177      31993        183          0         63      22064
Mem:         32177      31993        183          0         63      22064
Mem:         32177      31993        183          0         63      22064
Mem:         32177      31993        184          0         63      22064
Mem:         32177      31993        183          0         63      22064
Mem:         32177      31993        183          0         63      22064
Mem:         32177      31994        183          0         63      22064
Mem:         32177      31993        184          0         63      22064
Mem:         32177      31994        182          0         63      22064
Mem:         32177      31994        183          0         63      22064
Mem:         32177      32003        174          0         63      22064
Mem:         32177      32003        174          0         63      22064
Mem:         32177      32003        174          0         63      22064
Mem:         32177      23558       8618          0         63      22065
Mem:         32177      23541       8636          0         63      22065
