Mem:         48264       1954      46309          0         17         81
Mem:         48264       2023      46241          0         18         98
Mem:         48264       2089      46175          0         20        117
Mem:         48264       2188      46076          0         21        131
Mem:         48264       2191      46073          0         23        131
Mem:         48264       2388      45876          0         24        135
Mem:         48264       3666      44598          0         25        219
Mem:         48264       7804      40460          0         26        531
Mem:         48264       8505      39759          0         26        829
Mem:         48264       8983      39281          0         26       1166
Mem:         48264       9374      38890          0         27       1542
Mem:         48264       9747      38517          0         27       1866
Mem:         48264      10116      38148          0         28       2104
Mem:         48264      10385      37879          0         29       2378
Mem:         48264      12023      36241          0         29       2651
Mem:         48264      12214      36050          0         29       2822
Mem:         48264      12610      35653          0         30       3084
Mem:         48264      12953      35311          0         30       3388
Mem:         48264      13280      34984          0         30       3660
Mem:         48264      13501      34763          0         31       3879
Mem:         48264      13682      34582          0         31       4059
Mem:         48264      13907      34357          0         32       4255
Mem:         48264      14097      34167          0         32       4445
Mem:         48264      14213      34051          0         33       4560
Mem:         48264      14395      33869          0         33       4742
Mem:         48264      14565      33699          0         33       4910
Mem:         48264      14739      33525          0         34       5083
Mem:         48264      14939      33325          0         34       5279
Mem:         48264      15091      33173          0         35       5429
Mem:         48264      15235      33029          0         35       5573
Mem:         48264      15374      32889          0         36       5713
Mem:         48264      15524      32740          0         36       5860
Mem:         48264      15665      32598          0         36       6004
Mem:         48264      15789      32474          0         37       6126
Mem:         48264      15913      32351          0         37       6247
Mem:         48264      15992      32271          0         37       6320
Mem:         48264      16112      32152          0         38       6441
Mem:         48264      16304      31960          0         38       6632
Mem:         48264      16479      31785          0         39       6805
Mem:         48264      16669      31595          0         39       6993
Mem:         48264      16913      31351          0         40       7241
Mem:         48264      17168      31096          0         40       7493
Mem:         48264      17444      30820          0         40       7767
Mem:         48264      17697      30567          0         41       8013
Mem:         48264      17936      30328          0         41       8247
Mem:         48264      18220      30044          0         42       8529
Mem:         48264      18481      29782          0         42       8779
Mem:         48264      18699      29565          0         43       8996
Mem:         48264      18920      29344          0         43       9218
Mem:         48264      19134      29130          0         44       9427
Mem:         48264      19329      28935          0         44       9620
Mem:         48264      19528      28736          0         45       9818
Mem:         48264      19692      28572          0         45       9982
Mem:         48264      19875      28389          0         45      10164
Mem:         48264      20015      28249          0         46      10304
Mem:         48264      20123      28141          0         46      10411
Mem:         48264      20266      27998          0         47      10553
Mem:         48264      20387      27877          0         47      10673
Mem:         48264      20524      27740          0         47      10810
Mem:         48264      20736      27528          0         48      11022
Mem:         48264      20961      27302          0         48      11235
Mem:         48264      21210      27054          0         49      11484
Mem:         48264      21444      26820          0         49      11718
Mem:         48264      21719      26545          0         50      11986
Mem:         48264      21914      26349          0         50      12181
Mem:         48264      22035      26229          0         51      12302
Mem:         48264      22164      26100          0         51      12430
Mem:         48264      22306      25958          0         51      12548
Mem:         48264      22401      25863          0         52      12643
Mem:         48264      22520      25744          0         52      12762
Mem:         48264      22773      25491          0         53      13013
Mem:         48264      23069      25195          0         53      13299
Mem:         48264      23328      24936          0         54      13555
Mem:         48264      23568      24696          0         54      13796
Mem:         48264      23749      24514          0         54      13963
Mem:         48264      23882      24382          0         55      14096
Mem:         48264      24018      24246          0         55      14231
Mem:         48264      24136      24128          0         56      14349
Mem:         48264      24278      23986          0         56      14491
Mem:         48264      24425      23838          0         56      14634
Mem:         48264      24563      23701          0         57      14771
Mem:         48264      24739      23525          0         57      14946
Mem:         48264      24932      23332          0         58      15139
Mem:         48264      25111      23153          0         58      15318
Mem:         48264      25281      22983          0         58      15488
Mem:         48264      25506      22758          0         59      15696
Mem:         48264      25719      22545          0         59      15910
Mem:         48264      26002      22262          0         60      16166
Mem:         48264      26119      22145          0         60      16282
Mem:         48264      26198      22066          0         60      16361
Mem:         48264      26449      21815          0         61      16612
Mem:         48264      26660      21604          0         61      16823
Mem:         48264      26798      21466          0         62      16949
Mem:         48264      26938      21326          0         62      17088
Mem:         48264      27080      21184          0         62      17231
Mem:         48264      27261      21003          0         63      17410
Mem:         48264      27478      20786          0         63      17626
Mem:         48264      27681      20583          0         64      17810
Mem:         48264      27890      20374          0         64      18020
Mem:         48264      28115      20149          0         64      18246
Mem:         48264      28366      19898          0         65      18477
Mem:         48264      28594      19670          0         65      18704
Mem:         48264      28848      19416          0         66      18957
Mem:         48264      29152      19112          0         66      19244
Mem:         48264      29419      18845          0         67      19510
Mem:         48264      29705      18559          0         67      19775
Mem:         48264      29935      18329          0         68      20004
Mem:         48264      30153      18111          0         68      20222
Mem:         48264      30327      17937          0         69      20385
Mem:         48264      30467      17797          0         69      20522
Mem:         48264      30537      17727          0         69      20593
Mem:         48264      30664      17600          0         69      20720
Mem:         48264      30794      17470          0         69      20834
Mem:         48264      30942      17322          0         70      20982
Mem:         48264      31018      17246          0         70      21057
Mem:         48264      31131      17133          0         70      21171
Mem:         48264      31294      16970          0         70      21334
Mem:         48264      31433      16831          0         70      21453
Mem:         48264      31539      16725          0         70      21560
Mem:         48264      31677      16587          0         70      21697
Mem:         48264      31824      16440          0         70      21845
Mem:         48264      32024      16240          0         71      22044
Mem:         48264      32162      16102          0         71      22161
Mem:         48264      32321      15943          0         71      22320
Mem:         48264      32432      15832          0         71      22431
Mem:         48264      32502      15762          0         71      22502
Mem:         48264      32562      15702          0         71      22561
Mem:         48264      32627      15637          0         71      22625
Mem:         48264      32668      15596          0         71      22667
Mem:         48264      32689      15575          0         71      22689
Mem:         48264      32748      15516          0         71      22746
Mem:         48264      32808      15456          0         71      22807
Mem:         48264      32865      15399          0         71      22865
Mem:         48264      32920      15344          0         72      22919
Mem:         48264      32964      15300          0         72      22962
Mem:         48264      32990      15274          0         72      22988
Mem:         48264      33013      15251          0         72      23011
Mem:         48264      33044      15220          0         72      23042
Mem:         48264      33088      15176          0         72      23086
Mem:         48264      33157      15107          0         72      23154
Mem:         48264      33228      15036          0         72      23226
Mem:         48264      33334      14930          0         72      23332
Mem:         48264      33446      14818          0         72      23444
Mem:         48264      33600      14664          0         72      23597
Mem:         48264      33775      14489          0         72      23768
Mem:         48264      33926      14338          0         73      23919
Mem:         48264      34026      14238          0         73      24018
Mem:         48264      34210      14054          0         73      24200
Mem:         48264      34403      13861          0         73      24370
Mem:         48264      34576      13688          0         73      24542
Mem:         48264      34760      13504          0         73      24727
Mem:         48264      34862      13402          0         73      24829
Mem:         48264      35027      13237          0         74      24965
Mem:         48264      35152      13112          0         74      25091
Mem:         48264      35265      12999          0         74      25203
Mem:         48264      35442      12822          0         74      25380
Mem:         48264      35486      12778          0         74      25422
Mem:         48264      35682      12582          0         74      25620
Mem:         48264      35937      12327          0         75      25869
Mem:         48264      36238      12026          0         75      26168
Mem:         48264      36539      11725          0         75      26467
Mem:         48264      36839      11425          0         76      26746
Mem:         48264      37058      11206          0         76      26966
Mem:         48264      37263      11001          0         76      27169
Mem:         48264      37487      10777          0         76      27376
Mem:         48264      37737      10527          0         76      27627
Mem:         48264      38020      10244          0         77      27911
Mem:         48264      38288       9976          0         77      28150
Mem:         48264      38514       9750          0         77      28376
Mem:         48264      38825       9439          0         78      28672
Mem:         48264      39093       9171          0         78      28938
Mem:         48264      39289       8975          0         78      29135
Mem:         48264      39495       8769          0         78      29326
Mem:         48264      39720       8543          0         78      29550
Mem:         48264      39897       8367          0         79      29728
Mem:         48264      40002       8262          0         79      29834
Mem:         48264      40133       8131          0         79      29945
Mem:         48264      40272       7992          0         79      30085
Mem:         48264      40393       7871          0         79      30205
Mem:         48264      40512       7752          0         79      30322
Mem:         48264      40637       7627          0         79      30448
Mem:         48264      40790       7474          0         79      30586
Mem:         48264      40944       7320          0         80      30740
Mem:         48264      41088       7176          0         80      30884
Mem:         48264      41255       7009          0         80      31049
Mem:         48264      41354       6910          0         80      31141
Mem:         48264      41522       6742          0         80      31309
Mem:         48264      41684       6580          0         80      31470
Mem:         48264      41882       6382          0         81      31668
Mem:         48264      42071       6193          0         81      31857
Mem:         48264      42248       6016          0         81      32023
Mem:         48264      42401       5863          0         81      32174
Mem:         48264      42537       5727          0         81      32311
Mem:         48264      42652       5612          0         81      32425
Mem:         48264      42803       5461          0         81      32577
Mem:         48264      43039       5225          0         82      32787
Mem:         48264      43260       5004          0         82      33005
Mem:         48264      43442       4822          0         82      33186
Mem:         48264      43576       4688          0         82      33321
Mem:         48264      43690       4574          0         82      33415
Mem:         48264      43783       4481          0         82      33508
Mem:         48264      43878       4386          0         82      33602
Mem:         48264      43984       4280          0         83      33710
Mem:         48264      44134       4129          0         83      33859
Mem:         48264      44295       3969          0         83      34019
Mem:         48264      44462       3802          0         83      34187
Mem:         48264      44595       3669          0         83      34320
Mem:         48264      44693       3571          0         83      34404
Mem:         48264      44823       3441          0         83      34533
Mem:         48264      44927       3337          0         83      34637
Mem:         48264      45060       3204          0         84      34770
Mem:         48264      45172       3092          0         84      34881
Mem:         48264      45309       2955          0         84      35007
Mem:         48264      45537       2727          0         84      35233
Mem:         48264      45727       2537          0         84      35424
Mem:         48264      45939       2325          0         85      35633
Mem:         48264      46178       2086          0         85      35851
Mem:         48264      46433       1831          0         85      36104
Mem:         48264      46629       1635          0         85      36302
Mem:         48264      46816       1448          0         85      36475
Mem:         48264      47007       1257          0         86      36665
Mem:         48264      47207       1057          0         86      36866
Mem:         48264      47389        875          0         86      37033
Mem:         48264      47543        721          0         86      37186
Mem:         48264      47774        490          0         86      37418
Mem:         48264      47929        335          0         86      37574
Mem:         48264      48096        168          0         79      37732
Mem:         48264      48100        164          0         66      37746
Mem:         48264      48100        164          0         67      37748
Mem:         48264      48097        167          0         67      37745
Mem:         48264      48092        172          0         67      37739
Mem:         48264      48095        169          0         67      37743
Mem:         48264      48091        173          0         67      37721
Mem:         48264      48099        165          0         67      37725
Mem:         48264      48093        171          0         67      37720
Mem:         48264      48100        164          0         67      37725
Mem:         48264      48088        176          0         67      37696
Mem:         48264      48095        169          0         68      37696
Mem:         48264      48094        170          0         68      37697
Mem:         48264      48096        168          0         68      37699
Mem:         48264      48099        165          0         68      37700
Mem:         48264      48090        174          0         68      37681
Mem:         48264      48094        170          0         68      37683
Mem:         48264      48091        173          0         68      37680
Mem:         48264      48098        166          0         68      37685
Mem:         48264      48049        215          0         69      37628
Mem:         48264      48094        170          0         69      37671
Mem:         48264      48094        170          0         69      37672
Mem:         48264      48097        167          0         69      37676
Mem:         48264      48099        165          0         69      37678
Mem:         48264      48095        169          0         69      37660
Mem:         48264      48094        170          0         69      37659
Mem:         48264      48092        172          0         69      37659
Mem:         48264      48094        170          0         69      37647
Mem:         48264      48094        170          0         69      37648
Mem:         48264      48093        171          0         69      37646
Mem:         48264      48100        164          0         69      37655
Mem:         48264      48093        171          0         69      37651
Mem:         48264      48095        169          0         69      37633
Mem:         48264      48098        166          0         69      37637
Mem:         48264      48097        167          0         69      37635
Mem:         48264      48099        165          0         70      37640
Mem:         48264      48097        167          0         70      37636
Mem:         48264      48092        172          0         70      37618
Mem:         48264      48099        165          0         70      37625
Mem:         48264      48093        171          0         70      37618
Mem:         48264      48100        164          0         70      37627
Mem:         48264      48095        169          0         70      37620
Mem:         48264      48095        169          0         70      37621
Mem:         48264      48095        169          0         70      37623
Mem:         48264      48095        169          0         70      37603
Mem:         48264      48094        170          0         70      37603
Mem:         48264      48100        164          0         70      37610
Mem:         48264      48098        166          0         70      37607
Mem:         48264      48097        167          0         70      37606
Mem:         48264      48093        171          0         70      37601
Mem:         48264      48099        165          0         70      37608
Mem:         48264      48094        170          0         70      37602
Mem:         48264      48099        165          0         70      37604
Mem:         48264      48092        172          0         70      37595
Mem:         48264      48099        165          0         70      37604
Mem:         48264      48097        167          0         70      37604
Mem:         48264      48090        174          0         70      37594
Mem:         48264      48094        170          0         70      37600
Mem:         48264      48092        172          0         70      37596
Mem:         48264      48095        169          0         70      37600
Mem:         48264      48090        174          0         70      37589
Mem:         48264      48097        167          0         70      37595
Mem:         48264      48095        169          0         70      37593
Mem:         48264      48092        172          0         70      37573
Mem:         48264      48090        174          0         70      37570
Mem:         48264      48095        169          0         70      37574
Mem:         48264      48094        170          0         70      37574
Mem:         48264      48096        168          0         70      37560
Mem:         48264      48097        167          0         70      37562
Mem:         48264      48100        164          0         70      37563
Mem:         48264      48097        167          0         71      37544
Mem:         48264      48097        167          0         71      37542
Mem:         48264      48090        174          0         71      37536
Mem:         48264      48097        167          0         71      37533
Mem:         48264      48096        168          0         71      37533
Mem:         48264      48095        169          0         72      37532
Mem:         48264      48099        165          0         72      37522
Mem:         48264      48097        167          0         72      37520
Mem:         48264      48089        175          0         72      37509
Mem:         48264      48098        166          0         72      37501
Mem:         48264      48092        172          0         72      37498
Mem:         48264      48100        164          0         72      37496
Mem:         48264      48095        169          0         72      37490
Mem:         48264      48093        171          0         72      37489
Mem:         48264      48095        169          0         73      37471
Mem:         48264      48101        163          0         73      37477
Mem:         48264      48099        165          0         73      37477
Mem:         48264      48093        171          0         73      37470
Mem:         48264      48099        165          0         73      37463
Mem:         48264      48096        168          0         73      37457
Mem:         48264      48096        168          0         73      37457
Mem:         48264      48097        167          0         73      37458
Mem:         48264      48093        171          0         73      37445
Mem:         48264      48099        165          0         73      37451
Mem:         48264      48093        171          0         73      37445
Mem:         48264      48098        166          0         74      37448
Mem:         48264      48093        171          0         74      37443
Mem:         48264      48097        167          0         74      37448
Mem:         48264      48096        168          0         74      37446
Mem:         48264      48094        170          0         74      37446
Mem:         48264      48095        169          0         74      37447
Mem:         48264      48093        171          0         74      37440
Mem:         48264      48095        169          0         74      37443
Mem:         48264      48096        168          0         74      37441
Mem:         48264      48100        164          0         74      37446
Mem:         48264      48100        164          0         74      37446
Mem:         48264      48089        175          0         74      37419
Mem:         48264      48098        166          0         75      37426
Mem:         48264      48093        171          0         75      37422
Mem:         48264      48097        167          0         75      37428
Mem:         48264      48096        168          0         75      37413
Mem:         48264      48091        173          0         75      37410
Mem:         48264      48100        164          0         75      37416
Mem:         48264      48100        164          0         75      37418
Mem:         48264      48095        169          0         76      37401
Mem:         48264      48095        169          0         76      37403
Mem:         48264      48096        168          0         76      37389
Mem:         48264      48096        168          0         76      37390
Mem:         48264      48096        168          0         77      37377
Mem:         48264      48099        165          0         77      37378
Mem:         48264      48090        174          0         77      37361
Mem:         48264      48100        164          0         77      37373
Mem:         48264      48100        164          0         78      37357
Mem:         48264      48099        165          0         78      37343
Mem:         48264      48100        164          0         78      37344
Mem:         48264      48096        168          0         78      37326
Mem:         48264      48092        172          0         79      37323
Mem:         48264      48096        168          0         79      37309
Mem:         48264      48093        171          0         79      37304
Mem:         48264      48100        164          0         79      37298
Mem:         48264      48088        176          0         79      37290
Mem:         48264      48095        169          0         80      37286
Mem:         48264      48100        164          0         80      37290
Mem:         48264      48092        172          0         80      37272
Mem:         48264      48094        170          0         80      37277
Mem:         48264      48097        167          0         81      37269
Mem:         48264      48096        168          0         81      37269
Mem:         48264      48094        170          0         81      37263
Mem:         48264      48094        170          0         81      37263
Mem:         48264      48090        174          0         81      37250
Mem:         48264      48094        170          0         81      37255
Mem:         48264      48099        165          0         81      37260
Mem:         48264      48095        169          0         82      37245
Mem:         48264      48095        169          0         82      37248
Mem:         48264      48090        174          0         82      37241
Mem:         48264      48101        163          0         82      37253
Mem:         48264      48100        163          0         82      37236
Mem:         48264      48101        163          0         82      37235
Mem:         48264      48092        172          0         82      37227
Mem:         48264      48086        178          0         82      37224
Mem:         48264      48100        164          0         83      37219
Mem:         48264      48094        169          0         83      37214
Mem:         48264      48094        170          0         83      37216
Mem:         48264      48096        168          0         83      37217
Mem:         48264      48089        175          0         83      37197
Mem:         48264      48100        164          0         84      37209
Mem:         48264      48098        166          0         84      37193
Mem:         48264      48089        175          0         84      37186
Mem:         48264      48096        168          0         84      37191
Mem:         48264      48099        165          0         84      37183
Mem:         48264      48097        167          0         85      37181
Mem:         48264      48099        165          0         85      37181
Mem:         48264      48098        166          0         85      37162
Mem:         48264      48094        170          0         85      37158
Mem:         48264      48097        167          0         85      37150
Mem:         48264      48100        164          0         86      37150
Mem:         48264      48096        167          0         86      37146
Mem:         48264      48093        170          0         86      37143
Mem:         48264      48099        165          0         86      37149
Mem:         48264      48096        168          0         86      37145
Mem:         48264      48096        168          0         86      37135
Mem:         48264      48101        163          0         86      37140
Mem:         48264      48101        163          0         86      37141
Mem:         48264      48096        168          0         86      37135
Mem:         48264      48094        170          0         87      37137
Mem:         48264      48093        171          0         87      37134
Mem:         48264      48094        170          0         87      37119
Mem:         48264      48095        169          0         87      37116
Mem:         48264      48098        166          0         87      37124
Mem:         48264      48099        165          0         88      37086
Mem:         48264      48096        168          0         88      37084
Mem:         48264      48099        165          0         88      37089
Mem:         48264      48091        173          0         88      37079
Mem:         48264      48098        166          0         88      37086
Mem:         48264      48092        172          0         88      37081
Mem:         48264      48095        169          0         88      37080
Mem:         48264      48090        174          0         89      37074
Mem:         48264      48099        165          0         89      37084
Mem:         48264      48096        167          0         89      37081
Mem:         48264      48097        167          0         89      37082
Mem:         48264      48095        169          0         89      37079
Mem:         48264      48094        170          0         89      37078
Mem:         48264      48100        164          0         89      37074
Mem:         48264      48096        168          0         89      37071
Mem:         48264      48092        172          0         90      37065
Mem:         48264      48093        171          0         90      37051
Mem:         48264      48101        163          0         90      37057
Mem:         48264      48096        168          0         90      37055
Mem:         48264      48100        164          0         90      37059
Mem:         48264      48096        168          0         90      37054
Mem:         48264      48089        175          0         90      37033
Mem:         48264      48098        166          0         90      37043
Mem:         48264      48099        165          0         91      37045
Mem:         48264      48096        168          0         91      37042
Mem:         48264      48100        164          0         91      37051
Mem:         48264      48093        171          0         91      37037
Mem:         48264      48092        172          0         91      37030
Mem:         48264      48099        164          0         91      37038
Mem:         48264      48090        174          0         91      37027
Mem:         48264      48099        165          0         92      37004
Mem:         48264      48093        171          0         92      36998
Mem:         48264      48094        170          0         92      37001
Mem:         48264      48090        174          0         92      36996
Mem:         48264      48098        166          0         92      37005
Mem:         48264      48098        166          0         92      36994
Mem:         48264      48091        173          0         92      36986
Mem:         48264      48097        167          0         92      36994
Mem:         48264      48093        171          0         92      36986
Mem:         48264      48090        174          0         93      36971
Mem:         48264      48091        173          0         93      36972
Mem:         48264      48095        169          0         93      36976
Mem:         48264      48095        169          0         93      36955
Mem:         48264      48098        166          0         93      36957
Mem:         48264      48092        172          0         94      36947
Mem:         48264      48095        169          0         94      36950
Mem:         48264      48089        175          0         94      36941
Mem:         48264      48094        170          0         94      36929
Mem:         48264      48097        167          0         95      36933
Mem:         48264      48098        166          0         95      36916
Mem:         48264      48097        167          0         95      36916
Mem:         48264      48099        165          0         95      36917
Mem:         48264      48094        170          0         96      36901
Mem:         48264      48089        175          0         96      36897
Mem:         48264      48096        168          0         96      36901
Mem:         48264      48097        167          0         96      36890
Mem:         48264      48099        165          0         96      36890
Mem:         48264      48092        172          0         96      36884
Mem:         48264      48099        165          0         96      36880
Mem:         48264      48098        166          0         96      36880
Mem:         48264      48097        167          0         97      36877
Mem:         48264      48092        172          0         97      36872
Mem:         48264      48094        170          0         97      36877
Mem:         48264      48094        170          0         97      36873
Mem:         48264      48097        167          0         97      36872
Mem:         48264      48101        163          0         97      36878
Mem:         48264      48096        168          0         97      36872
Mem:         48264      48096        168          0         97      36873
Mem:         48264      48093        171          0         97      36870
Mem:         48264      48098        166          0         97      36877
Mem:         48264      48100        164          0         97      36878
Mem:         48264      48098        166          0         97      36877
Mem:         48264      48091        173          0         97      36872
Mem:         48264      48100        164          0         97      36880
Mem:         48264      48094        170          0         97      36873
Mem:         48264      48097        167          0         97      36877
Mem:         48264      48095        169          0         97      36874
Mem:         48264      48099        165          0         97      36880
Mem:         48264      48093        171          0         97      36874
Mem:         48264      48095        169          0         97      36877
Mem:         48264      48097        167          0         97      36879
Mem:         48264      48091        173          0         97      36875
Mem:         48264      48088        176          0         97      36868
Mem:         48264      48090        174          0         98      36869
Mem:         48264      48097        167          0         98      36878
Mem:         48264      48088        176          0         98      36869
Mem:         48264      48090        174          0         98      36869
Mem:         48264      48097        167          0         98      36880
Mem:         48264      48099        165          0         98      36877
Mem:         48264      48097        167          0         98      36878
Mem:         48264      48095        169          0         98      36873
Mem:         48264      48095        169          0         98      36875
Mem:         48264      48098        166          0         98      36879
Mem:         48264      48100        164          0         98      36878
Mem:         48264      48094        170          0         98      36875
Mem:         48264      48098        166          0         98      36879
Mem:         48264      48095        169          0         98      36877
Mem:         48264      48096        168          0         98      36878
Mem:         48264      48100        164          0         98      36882
Mem:         48264      48095        169          0         99      36877
Mem:         48264      48093        171          0         99      36874
Mem:         48264      48094        170          0         99      36876
Mem:         48264      48093        171          0         99      36875
Mem:         48264      48089        175          0         99      36872
Mem:         48264      48090        174          0         99      36872
Mem:         48264      48090        174          0         99      36873
Mem:         48264      48088        175          0         99      36872
Mem:         48264      48094        170          0         99      36878
Mem:         48264      48097        167          0         99      36881
Mem:         48264      48100        164          0         99      36883
Mem:         48264      48092        172          0         99      36875
Mem:         48264      48092        172          0         99      36876
Mem:         48264      48010        254          0         99      36794
Mem:         48264      48043        221          0         99      36826
Mem:         48264      48088        176          0         99      36872
Mem:         48264      48100        163          0         99      36883
Mem:         48264      48094        170          0         99      36876
Mem:         48264      48100        164          0         99      36881
Mem:         48264      48092        172          0         99      36875
Mem:         48264      48098        166          0         99      36882
Mem:         48264      48100        164          0         99      36884
Mem:         48264      48093        171          0         99      36875
Mem:         48264      48089        175          0         99      36872
Mem:         48264      48093        171          0         99      36876
Mem:         48264      48096        168          0         99      36879
Mem:         48264      48096        168          0         99      36879
Mem:         48264      48090        174          0         99      36874
Mem:         48264      48092        172          0         99      36876
Mem:         48264      48095        169          0         99      36879
Mem:         48264      48098        166          0         99      36882
Mem:         48264      48098        166          0         99      36883
Mem:         48264      48092        172          0         99      36876
Mem:         48264      48093        171          0         99      36879
Mem:         48264      48092        172          0         99      36879
Mem:         48264      48091        173          0         99      36878
Mem:         48264      48096        168          0         99      36883
Mem:         48264      48096        168          0         99      36881
Mem:         48264      48094        169          0         99      36879
Mem:         48264      48096        168          0         99      36881
Mem:         48264      48096        168          0         99      36883
Mem:         48264      48081        183          0         99      36867
Mem:         48264      48080        184          0         99      36866
Mem:         48264      48082        182          0         99      36867
Mem:         48264      48085        179          0         99      36870
Mem:         48264      48090        174          0         99      36875
Mem:         48264      48087        177          0         99      36873
Mem:         48264      48088        176          0         99      36873
Mem:         48264      48088        176          0         99      36872
Mem:         48264      48083        181          0         99      36867
Mem:         48264      48082        182          0         99      36866
Mem:         48264      48086        178          0         99      36870
Mem:         48264      48087        177          0         99      36872
Mem:         48264      48087        177          0         99      36872
Mem:         48264      48083        181          0         99      36868
Mem:         48264      48077        187          0         99      36863
Mem:         48264      48065        199          0        100      36851
Mem:         48264      48063        201          0        100      36848
Mem:         48264      48061        203          0        100      36846
Mem:         48264      47833        430          0        100      36619
Mem:         48264      47786        478          0        100      36576
Mem:         48264      47786        478          0        100      36576
Mem:         48264      47788        476          0        100      36577
Mem:         48264      47788        476          0        100      36579
Mem:         48264      47789        475          0        100      36580
Mem:         48264      47790        474          0        100      36582
Mem:         48264      47791        473          0        100      36584
Mem:         48264      47792        472          0        100      36585
Mem:         48264      47794        470          0        100      36585
Mem:         48264      47794        470          0        100      36586
Mem:         48264      47795        469          0        100      36587
Mem:         48264      47797        467          0        100      36589
Mem:         48264      47798        466          0        100      36590
Mem:         48264      47800        464          0        100      36592
Mem:         48264      47800        463          0        100      36593
Mem:         48264      47802        462          0        100      36595
Mem:         48264      47803        461          0        100      36596
Mem:         48264      47804        460          0        100      36597
Mem:         48264      47805        459          0        100      36598
Mem:         48264      47806        458          0        100      36599
Mem:         48264      47807        457          0        100      36600
Mem:         48264      47810        454          0        100      36602
Mem:         48264      47811        453          0        100      36603
Mem:         48264      47806        458          0        100      36598
Mem:         48264      47806        458          0        100      36599
Mem:         48264      47808        456          0        100      36601
Mem:         48264      47808        456          0        100      36601
Mem:         48264      47810        454          0        100      36603
Mem:         48264      47811        453          0        100      36604
Mem:         48264      47812        452          0        100      36607
Mem:         48264      47816        448          0        100      36609
Mem:         48264      47817        447          0        100      36611
Mem:         48264      47820        444          0        100      36613
Mem:         48264      47822        442          0        100      36616
Mem:         48264      47826        438          0        100      36619
Mem:         48264      47830        434          0        100      36622
Mem:         48264      47832        432          0        100      36625
Mem:         48264      47834        430          0        100      36627
Mem:         48264      47836        428          0        100      36628
Mem:         48264      47836        428          0        100      36628
Mem:         48264      47837        427          0        100      36629
Mem:         48264      47837        427          0        100      36631
Mem:         48264      47837        427          0        100      36631
Mem:         48264      47837        427          0        100      36631
Mem:         48264      47837        427          0        100      36631
Mem:         48264      47836        428          0        100      36631
Mem:         48264      47836        428          0        100      36631
Mem:         48264      47837        427          0        100      36631
Mem:         48264      47837        427          0        100      36631
Mem:         48264      47836        428          0        100      36631
Mem:         48264      47836        428          0        100      36630
Mem:         48264      47836        428          0        100      36630
Mem:         48264      47836        428          0        100      36630
Mem:         48264      47836        428          0        100      36630
Mem:         48264      47835        429          0        100      36630
Mem:         48264      47836        428          0        100      36630
Mem:         48264      47836        428          0        100      36630
Mem:         48264      47836        428          0        100      36630
Mem:         48264      47836        428          0        100      36630
Mem:         48264      47836        428          0        100      36630
Mem:         48264      47836        428          0        100      36630
Mem:         48264      47836        428          0        100      36630
Mem:         48264      47836        428          0        100      36630
Mem:         48264      47836        428          0        100      36630
Mem:         48264      47836        428          0        100      36630
Mem:         48264      47836        428          0        100      36630
Mem:         48264      47836        428          0        100      36630
Mem:         48264      47836        428          0        100      36630
Mem:         48264      38530       9734          0        100      36631
Mem:         48264      38507       9757          0        100      36631
