Mem:         32104       1482      30622          0          3         62
Mem:         32104       1534      30570          0          4         74
Mem:         32104       1557      30547          0          4         79
Mem:         32104       1575      30529          0          5         84
Mem:         32104       1622      30482          0          5         98
Mem:         32104       1794      30310          0          5        110
Mem:         32104       1993      30111          0          5        167
Mem:         32104       3347      28757          0          6        305
Mem:         32104       6906      25198          0          6        624
Mem:         32104       8029      24075          0          6        979
Mem:         32104       8653      23451          0          7       1331
Mem:         32104       9039      23065          0          7       1689
Mem:         32104       9341      22763          0          7       1986
Mem:         32104       9708      22396          0          8       2318
Mem:         32104      10164      21940          0          8       2663
Mem:         32104      10505      21599          0          8       3002
Mem:         32104      12307      19797          0          9       3372
Mem:         32104      12639      19465          0          9       3699
Mem:         32104      13117      18987          0          9       4041
Mem:         32104      13458      18646          0         10       4381
Mem:         32104      13832      18272          0         10       4723
Mem:         32104      14203      17901          0         11       5093
Mem:         32104      14522      17582          0         11       5395
Mem:         32104      14823      17281          0         11       5696
Mem:         32104      15094      17010          0         11       5967
Mem:         32104      15319      16785          0         12       6181
Mem:         32104      15516      16588          0         12       6377
Mem:         32104      15678      16426          0         12       6539
Mem:         32104      15810      16294          0         12       6672
Mem:         32104      15947      16157          0         12       6808
Mem:         32104      16068      16036          0         12       6931
Mem:         32104      16200      15904          0         12       7058
Mem:         32104      16293      15811          0         13       7151
Mem:         32104      16405      15699          0         13       7262
Mem:         32104      16531      15573          0         13       7388
Mem:         32104      16673      15431          0         13       7530
Mem:         32104      16783      15321          0         13       7641
Mem:         32104      16903      15200          0         13       7762
Mem:         32104      17043      15061          0         13       7900
Mem:         32104      17205      14899          0         13       8059
Mem:         32104      17375      14729          0         14       8228
Mem:         32104      17528      14576          0         14       8382
Mem:         32104      17704      14400          0         14       8557
Mem:         32104      17862      14242          0         14       8716
Mem:         32104      18024      14080          0         14       8879
Mem:         32104      18147      13957          0         14       9002
Mem:         32104      18290      13814          0         15       9144
Mem:         32104      18436      13668          0         15       9289
Mem:         32104      18587      13517          0         15       9439
Mem:         32104      18819      13285          0         15       9672
Mem:         32104      19054      13050          0         15       9899
Mem:         32104      19248      12856          0         15      10091
Mem:         32104      19446      12658          0         16      10288
Mem:         32104      19582      12522          0         16      10424
Mem:         32104      19718      12386          0         16      10554
Mem:         32104      19839      12265          0         16      10675
Mem:         32104      19941      12163          0         16      10779
Mem:         32104      20085      12019          0         16      10920
Mem:         32104      20227      11877          0         16      11064
Mem:         32104      20324      11780          0         17      11160
Mem:         32104      20473      11631          0         17      11297
Mem:         32104      20632      11472          0         17      11457
Mem:         32104      20763      11341          0         17      11584
Mem:         32104      20885      11219          0         17      11705
Mem:         32104      20987      11117          0         17      11805
Mem:         32104      21116      10988          0         17      11934
Mem:         32104      21233      10871          0         17      12052
Mem:         32104      21398      10706          0         18      12217
Mem:         32104      21611      10493          0         18      12412
Mem:         32104      21858      10246          0         18      12656
Mem:         32104      22099      10005          0         18      12885
Mem:         32104      22307       9797          0         19      13094
Mem:         32104      22487       9617          0         19      13275
Mem:         32104      22702       9402          0         19      13489
Mem:         32104      22906       9198          0         19      13675
Mem:         32104      23062       9042          0         19      13833
Mem:         32104      23202       8902          0         19      13971
Mem:         32104      23330       8774          0         19      14100
Mem:         32104      23524       8580          0         20      14285
Mem:         32104      23724       8380          0         20      14486
Mem:         32104      23918       8186          0         20      14680
Mem:         32104      24144       7960          0         20      14892
Mem:         32104      24312       7792          0         20      15060
Mem:         32104      24464       7640          0         21      15211
Mem:         32104      24640       7464          0         21      15389
Mem:         32104      24835       7269          0         21      15577
Mem:         32104      25023       7081          0         21      15763
Mem:         32104      25265       6839          0         21      15979
Mem:         32104      25465       6639          0         22      16180
Mem:         32104      25696       6408          0         22      16411
Mem:         32104      25948       6156          0         22      16661
Mem:         32104      26162       5942          0         22      16865
Mem:         32104      26372       5732          0         22      17076
Mem:         32104      26548       5556          0         23      17249
Mem:         32104      26733       5371          0         23      17437
Mem:         32104      26892       5212          0         23      17581
Mem:         32104      27005       5099          0         23      17694
Mem:         32104      27158       4946          0         23      17847
Mem:         32104      27283       4821          0         23      17971
Mem:         32104      27440       4664          0         24      18114
Mem:         32104      27592       4512          0         24      18268
Mem:         32104      27810       4294          0         24      18483
Mem:         32104      28001       4103          0         24      18676
Mem:         32104      28209       3895          0         24      18862
Mem:         32104      28406       3698          0         25      19061
Mem:         32104      28562       3542          0         25      19218
Mem:         32104      28761       3343          0         25      19402
Mem:         32104      28972       3132          0         25      19612
Mem:         32104      29166       2937          0         25      19808
Mem:         32104      29361       2743          0         25      19987
Mem:         32104      29569       2535          0         26      20196
Mem:         32104      29751       2353          0         26      20374
Mem:         32104      29897       2207          0         26      20512
Mem:         32104      30034       2070          0         26      20649
Mem:         32104      30129       1975          0         26      20745
Mem:         32104      30261       1843          0         26      20877
Mem:         32104      30353       1751          0         26      20955
Mem:         32104      30480       1624          0         27      21084
Mem:         32104      30672       1432          0         27      21275
Mem:         32104      30867       1237          0         27      21470
Mem:         32104      31038       1066          0         27      21629
Mem:         32104      31215        889          0         27      21805
Mem:         32104      31422        682          0         27      22011
Mem:         32104      31607        497          0         28      22195
Mem:         32104      31797        307          0         28      22375
Mem:         32104      31916        188          0         28      22497
Mem:         32104      32009         95          0         27      22588
Mem:         32104      32006         98          0         27      22583
Mem:         32104      32008         96          0         27      22573
Mem:         32104      32003        101          0         27      22569
Mem:         32104      32008         96          0         27      22574
Mem:         32104      32009         95          0         27      22573
Mem:         32104      32007         97          0         27      22572
Mem:         32104      32009         95          0         27      22576
Mem:         32104      32003        101          0         27      22561
Mem:         32104      32007         97          0         27      22563
Mem:         32104      31993        111          0         27      22547
Mem:         32104      32009         95          0         28      22565
Mem:         32104      32007         97          0         28      22563
Mem:         32104      32005         98          0         28      22562
Mem:         32104      32003        101          0         28      22559
Mem:         32104      32007         97          0         28      22564
Mem:         32104      32007         97          0         29      22562
Mem:         32104      32003        101          0         29      22559
Mem:         32104      32009         95          0         29      22560
Mem:         32104      32009         95          0         29      22559
Mem:         32104      32004        100          0         29      22554
Mem:         32104      32006         98          0         29      22554
Mem:         32104      32006         98          0         29      22554
Mem:         32104      32009         95          0         29      22542
Mem:         32104      32008         96          0         29      22540
Mem:         32104      32009         95          0         29      22539
Mem:         32104      32003        101          0         30      22534
Mem:         32104      32008         96          0         30      22541
Mem:         32104      32008         95          0         30      22543
Mem:         32104      32009         95          0         30      22545
Mem:         32104      32007         97          0         30      22541
Mem:         32104      32006         98          0         30      22542
Mem:         32104      32007         97          0         30      22543
Mem:         32104      32006         98          0         30      22535
Mem:         32104      32008         96          0         30      22537
Mem:         32104      32008         96          0         30      22536
Mem:         32104      32007         97          0         30      22533
Mem:         32104      32003        101          0         30      22529
Mem:         32104      32010         94          0         31      22534
Mem:         32104      32003        100          0         31      22527
Mem:         32104      32006         98          0         31      22527
Mem:         32104      32005         99          0         31      22528
Mem:         32104      32003        101          0         31      22526
Mem:         32104      32003        101          0         31      22518
Mem:         32104      32006         98          0         31      22520
Mem:         32104      32002        102          0         31      22516
Mem:         32104      32006         98          0         31      22521
Mem:         32104      32001        103          0         31      22516
Mem:         32104      32003        101          0         32      22517
Mem:         32104      32007         97          0         32      22522
Mem:         32104      32009         95          0         32      22520
Mem:         32104      32005         99          0         32      22515
Mem:         32104      32006         98          0         32      22518
Mem:         32104      32005         99          0         32      22517
Mem:         32104      32008         95          0         32      22520
Mem:         32104      32010         94          0         32      22523
Mem:         32104      32003        101          0         32      22515
Mem:         32104      32006         98          0         32      22515
Mem:         32104      32009         95          0         32      22510
Mem:         32104      32001        103          0         33      22501
Mem:         32104      32006         98          0         33      22507
Mem:         32104      32009         95          0         33      22511
Mem:         32104      32005         99          0         33      22506
Mem:         32104      32010         94          0         33      22511
Mem:         32104      32007         97          0         33      22506
Mem:         32104      32004        100          0         33      22504
Mem:         32104      32005         99          0         33      22497
Mem:         32104      32009         95          0         33      22503
Mem:         32104      32005         99          0         33      22496
Mem:         32104      32001        103          0         34      22492
Mem:         32104      32007         97          0         34      22497
Mem:         32104      32001        103          0         34      22491
Mem:         32104      32005         99          0         34      22481
Mem:         32104      32005         99          0         34      22476
Mem:         32104      32007         97          0         34      22480
Mem:         32104      32009         95          0         34      22481
Mem:         32104      32003        101          0         34      22476
Mem:         32104      32002        102          0         34      22476
Mem:         32104      32007         97          0         34      22478
Mem:         32104      32005         99          0         34      22458
Mem:         32104      32009         95          0         35      22459
Mem:         32104      32003        101          0         35      22456
Mem:         32104      32002        102          0         35      22454
Mem:         32104      32006         98          0         35      22457
Mem:         32104      32008         96          0         35      22459
Mem:         32104      32007         97          0         35      22457
Mem:         32104      32006         98          0         35      22456
Mem:         32104      32010         94          0         35      22452
Mem:         32104      32009         95          0         35      22453
Mem:         32104      32007         97          0         35      22449
Mem:         32104      32001        103          0         36      22443
Mem:         32104      32001        103          0         36      22441
Mem:         32104      32005         99          0         36      22444
Mem:         32104      32010         94          0         36      22453
Mem:         32104      32003        101          0         36      22444
Mem:         32104      32006         98          0         36      22446
Mem:         32104      32006         98          0         36      22443
Mem:         32104      32010         94          0         36      22447
Mem:         32104      32007         97          0         36      22444
Mem:         32104      32008         96          0         37      22446
Mem:         32104      32010         94          0         37      22445
Mem:         32104      32008         96          0         37      22442
Mem:         32104      32007         97          0         37      22443
Mem:         32104      32003        101          0         37      22435
Mem:         32104      32008         96          0         37      22443
Mem:         32104      32009         95          0         37      22444
Mem:         32104      32005         99          0         37      22430
Mem:         32104      32007         97          0         37      22431
Mem:         32104      32002        102          0         37      22427
Mem:         32104      32002        102          0         38      22429
Mem:         32104      32005         99          0         38      22427
Mem:         32104      32009         95          0         38      22434
Mem:         32104      32009         95          0         38      22435
Mem:         32104      32009         95          0         38      22435
Mem:         32104      32008         96          0         38      22432
Mem:         32104      32006         98          0         38      22432
Mem:         32104      32010         94          0         38      22427
Mem:         32104      32008         96          0         38      22424
Mem:         32104      32011         93          0         39      22426
Mem:         32104      32009         95          0         39      22424
Mem:         32104      32007         97          0         39      22418
Mem:         32104      32009         95          0         39      22421
Mem:         32104      32003        101          0         39      22414
Mem:         32104      32010         94          0         39      22421
Mem:         32104      32003        101          0         39      22415
Mem:         32104      32007         97          0         39      22420
Mem:         32104      32006         98          0         39      22416
Mem:         32104      32010         94          0         40      22422
Mem:         32104      32004        100          0         40      22414
Mem:         32104      32005         99          0         40      22419
Mem:         32104      32003        101          0         40      22414
Mem:         32104      32006         98          0         40      22419
Mem:         32104      32005         99          0         40      22412
Mem:         32104      32007         97          0         40      22414
Mem:         32104      32007         97          0         40      22413
Mem:         32104      32002        102          0         41      22411
Mem:         32104      32009         95          0         41      22419
Mem:         32104      32001        103          0         41      22411
Mem:         32104      32006         98          0         41      22398
Mem:         32104      32006         98          0         41      22396
Mem:         32104      32010         94          0         41      22403
Mem:         32104      32007         97          0         41      22402
Mem:         32104      32004        100          0         41      22393
Mem:         32104      32004        100          0         41      22391
Mem:         32104      32005         99          0         42      22370
Mem:         32104      32006         98          0         42      22369
Mem:         32104      32007         97          0         42      22369
Mem:         32104      32009         95          0         42      22375
Mem:         32104      32008         96          0         42      22373
Mem:         32104      32009         95          0         42      22357
Mem:         32104      32009         95          0         42      22359
Mem:         32104      32004        100          0         42      22353
Mem:         32104      32009         95          0         43      22358
Mem:         32104      32003        101          0         43      22352
Mem:         32104      32004        100          0         43      22343
Mem:         32104      32007         97          0         43      22347
Mem:         32104      32005         99          0         43      22344
Mem:         32104      32003        101          0         43      22322
Mem:         32104      32002        102          0         44      22325
Mem:         32104      32005         99          0         44      22326
Mem:         32104      32003        101          0         44      22322
Mem:         32104      32007         97          0         44      22327
Mem:         32104      32008         96          0         44      22316
Mem:         32104      32003        101          0         44      22312
Mem:         32104      32003        101          0         44      22311
Mem:         32104      32008         96          0         45      22317
Mem:         32104      32009         95          0         45      22296
Mem:         32104      32009         95          0         45      22295
Mem:         32104      32001        103          0         45      22285
Mem:         32104      32007         97          0         45      22289
Mem:         32104      32007         97          0         45      22281
Mem:         32104      32005         99          0         46      22279
Mem:         32104      32007         97          0         46      22281
Mem:         32104      32010         94          0         46      22283
Mem:         32104      32007         97          0         46      22266
Mem:         32104      32009         95          0         46      22266
Mem:         32104      32007         96          0         46      22267
Mem:         32104      32008         96          0         46      22266
Mem:         32104      32002        102          0         46      22258
Mem:         32104      32010         94          0         47      22269
Mem:         32104      32000        104          0         47      22257
Mem:         32104      32004        100          0         47      22249
Mem:         32104      32008         96          0         47      22258
Mem:         32104      32008         96          0         48      22256
Mem:         32104      32004        100          0         48      22249
Mem:         32104      32008         96          0         48      22255
Mem:         32104      32003        101          0         48      22247
Mem:         32104      32007         97          0         48      22253
Mem:         32104      32000        104          0         48      22247
Mem:         32104      32006         98          0         48      22247
Mem:         32104      32007         97          0         48      22249
Mem:         32104      32008         96          0         48      22251
Mem:         32104      32008         95          0         48      22251
Mem:         32104      32002        102          0         49      22247
Mem:         32104      32006         98          0         49      22249
Mem:         32104      32008         96          0         49      22240
Mem:         32104      32008         96          0         49      22240
Mem:         32104      32006         98          0         49      22241
Mem:         32104      32009         95          0         49      22243
Mem:         32104      32006         98          0         49      22218
Mem:         32104      32005         99          0         49      22215
Mem:         32104      32005         99          0         49      22218
Mem:         32104      32007         97          0         50      22219
Mem:         32104      32001        103          0         50      22214
Mem:         32104      32002        102          0         50      22216
Mem:         32104      32005         99          0         50      22219
Mem:         32104      32009         95          0         50      22223
Mem:         32104      32010         94          0         50      22216
Mem:         32104      32002        102          0         50      22207
Mem:         32104      32004        100          0         50      22209
Mem:         32104      32007         97          0         50      22210
Mem:         32104      32005         99          0         50      22207
Mem:         32104      32000        104          0         51      22203
Mem:         32104      32005         99          0         51      22185
Mem:         32104      32008         96          0         51      22187
Mem:         32104      32005         99          0         51      22183
Mem:         32104      32006         98          0         51      22183
Mem:         32104      32004        100          0         51      22183
Mem:         32104      32007         97          0         51      22186
Mem:         32104      32007         97          0         52      22179
Mem:         32104      32004        100          0         52      22176
Mem:         32104      32006         98          0         52      22177
Mem:         32104      32003        101          0         52      22175
Mem:         32104      32003        101          0         52      22174
Mem:         32104      32003        101          0         52      22175
Mem:         32104      32004        100          0         52      22176
Mem:         32104      32008         96          0         52      22173
Mem:         32104      32007         97          0         52      22172
Mem:         32104      32009         95          0         53      22174
Mem:         32104      32008         96          0         53      22173
Mem:         32104      32007         97          0         53      22170
Mem:         32104      32001        103          0         53      22164
Mem:         32104      32007         97          0         53      22172
Mem:         32104      32007         97          0         53      22158
Mem:         32104      32007         97          0         53      22154
Mem:         32104      32009         95          0         53      22157
Mem:         32104      32007         97          0         53      22154
Mem:         32104      32004        100          0         54      22149
Mem:         32104      32002        102          0         54      22148
Mem:         32104      32003        101          0         54      22147
Mem:         32104      32007         97          0         54      22141
Mem:         32104      32008         96          0         54      22143
Mem:         32104      32008         96          0         54      22144
Mem:         32104      32010         94          0         54      22146
Mem:         32104      32006         98          0         54      22142
Mem:         32104      32003        101          0         55      22120
Mem:         32104      32004         99          0         55      22122
Mem:         32104      32005         99          0         55      22124
Mem:         32104      32003        101          0         55      22121
Mem:         32104      32008         96          0         55      22126
Mem:         32104      32006         98          0         55      22124
Mem:         32104      32003        101          0         55      22118
Mem:         32104      32010         94          0         55      22127
Mem:         32104      32003        101          0         55      22112
Mem:         32104      32010         94          0         56      22118
Mem:         32104      32008         96          0         56      22116
Mem:         32104      32002        102          0         56      22111
Mem:         32104      32005         99          0         56      22115
Mem:         32104      32008         96          0         56      22118
Mem:         32104      32005         99          0         56      22104
Mem:         32104      32004        100          0         56      22103
Mem:         32104      32008         96          0         57      22107
Mem:         32104      32005         99          0         57      22104
Mem:         32104      32002        102          0         57      22101
Mem:         32104      32006         98          0         57      22105
Mem:         32104      32005         99          0         57      22085
Mem:         32104      32003        101          0         57      22080
Mem:         32104      32007         97          0         57      22086
Mem:         32104      32002        102          0         57      22078
Mem:         32104      32009         95          0         58      22085
Mem:         32104      32007         97          0         58      22083
Mem:         32104      32007         97          0         58      22084
Mem:         32104      32006         98          0         58      22072
Mem:         32104      32005         99          0         58      22068
Mem:         32104      32009         95          0         58      22075
Mem:         32104      32010         94          0         58      22076
Mem:         32104      32008         96          0         58      22074
Mem:         32104      32004        100          0         58      22069
Mem:         32104      32006         98          0         58      22070
Mem:         32104      32002        102          0         59      22067
Mem:         32104      32003        101          0         59      22060
Mem:         32104      32003        101          0         59      22062
Mem:         32104      32003        101          0         59      22059
Mem:         32104      32016         88          0         59      22076
Mem:         32104      32003        101          0         59      22060
Mem:         32104      32004        100          0         59      22060
Mem:         32104      32004        100          0         59      22051
Mem:         32104      32009         95          0         59      22057
Mem:         32104      32008         96          0         60      22054
Mem:         32104      32003        101          0         60      22051
Mem:         32104      32007         97          0         60      22054
Mem:         32104      32006         98          0         60      22051
Mem:         32104      32007         97          0         60      22055
Mem:         32104      32009         95          0         60      22037
Mem:         32104      32002        102          0         60      22031
Mem:         32104      32005         99          0         60      22033
Mem:         32104      32009         95          0         60      22036
Mem:         32104      32009         95          0         60      22037
Mem:         32104      32004        100          0         61      22031
Mem:         32104      32003        101          0         61      22030
Mem:         32104      32005         99          0         61      22022
Mem:         32104      32007         97          0         61      22026
Mem:         32104      32005         99          0         61      22021
Mem:         32104      32007         96          0         61      22029
Mem:         32104      32007         97          0         61      22025
Mem:         32104      32008         96          0         61      22025
Mem:         32104      32003        101          0         61      22021
Mem:         32104      32008         96          0         61      22028
Mem:         32104      32008         96          0         61      22018
Mem:         32104      32005         99          0         61      22016
Mem:         32104      32008         96          0         62      22014
Mem:         32104      32009         95          0         62      22017
Mem:         32104      32007         97          0         62      22013
Mem:         32104      32006         98          0         62      22014
Mem:         32104      32003        101          0         62      21994
Mem:         32104      32003        101          0         62      21995
Mem:         32104      32005         99          0         62      21995
Mem:         32104      32005         99          0         62      21996
Mem:         32104      32003        101          0         62      21994
Mem:         32104      32006         98          0         62      21997
Mem:         32104      32003        101          0         62      21982
Mem:         32104      32000        104          0         62      21978
Mem:         32104      32002        102          0         62      21976
Mem:         32104      32002        102          0         62      21974
Mem:         32104      32007         97          0         63      21981
Mem:         32104      32008         96          0         63      21984
Mem:         32104      32006         98          0         63      21985
Mem:         32104      32004        100          0         63      21980
Mem:         32104      32009         95          0         63      21971
Mem:         32104      32008         96          0         63      21967
Mem:         32104      32004        100          0         63      21964
Mem:         32104      32005         99          0         63      21963
Mem:         32104      32004        100          0         64      21964
Mem:         32104      32003        101          0         64      21961
Mem:         32104      32007         97          0         64      21958
Mem:         32104      32008         96          0         64      21959
Mem:         32104      32007         97          0         64      21957
Mem:         32104      32007         97          0         64      21957
Mem:         32104      32010         94          0         64      21958
Mem:         32104      32010         94          0         64      21959
Mem:         32104      32006         98          0         64      21957
Mem:         32104      32006         98          0         64      21947
Mem:         32104      32008         96          0         65      21951
Mem:         32104      32002        102          0         65      21946
Mem:         32104      32009         95          0         65      21952
Mem:         32104      32001        103          0         65      21943
Mem:         32104      32009         95          0         65      21950
Mem:         32104      32002        102          0         65      21943
Mem:         32104      32004        100          0         65      21934
Mem:         32104      32008         96          0         65      21940
Mem:         32104      32001        103          0         65      21932
Mem:         32104      32007         97          0         65      21938
Mem:         32104      32006         98          0         65      21937
Mem:         32104      32009         95          0         66      21940
Mem:         32104      32004        100          0         66      21937
Mem:         32104      32006         98          0         66      21938
Mem:         32104      32007         97          0         66      21928
Mem:         32104      32005         99          0         66      21925
Mem:         32104      32007         96          0         66      21926
Mem:         32104      32005         99          0         66      21924
Mem:         32104      32008         96          0         66      21927
Mem:         32104      32003        101          0         66      21920
Mem:         32104      32005         99          0         66      21924
Mem:         32104      32003        101          0         67      21904
Mem:         32104      32002        102          0         67      21902
Mem:         32104      32002        102          0         67      21904
Mem:         32104      32005         99          0         67      21905
Mem:         32104      32008         96          0         67      21907
Mem:         32104      32007         97          0         67      21892
Mem:         32104      32009         95          0         67      21895
Mem:         32104      32009         95          0         67      21893
Mem:         32104      32008         96          0         67      21891
Mem:         32104      32004        100          0         68      21889
Mem:         32104      32006         98          0         68      21890
Mem:         32104      32002        102          0         68      21867
Mem:         32104      32002        102          0         68      21869
Mem:         32104      32009         95          0         68      21874
Mem:         32104      32004        100          0         68      21871
Mem:         32104      32005         99          0         68      21871
Mem:         32104      32001        103          0         68      21871
Mem:         32104      32003        101          0         68      21858
Mem:         32104      32006         98          0         68      21859
Mem:         32104      32003        101          0         68      21857
Mem:         32104      32007         97          0         69      21860
Mem:         32104      32008         95          0         69      21862
Mem:         32104      32006         98          0         69      21859
Mem:         32104      32007         97          0         69      21851
Mem:         32104      32008         96          0         69      21851
Mem:         32104      32002        102          0         69      21846
Mem:         32104      32010         94          0         69      21854
Mem:         32104      32008         96          0         69      21826
Mem:         32104      32009         95          0         70      21826
Mem:         32104      32005         99          0         70      21827
Mem:         32104      32008         96          0         70      21828
Mem:         32104      32008         96          0         70      21828
Mem:         32104      32006         98          0         70      21818
Mem:         32104      32005         99          0         70      21822
Mem:         32104      32010         94          0         70      21826
Mem:         32104      32008         96          0         70      21824
Mem:         32104      32005         99          0         70      21817
Mem:         32104      32009         95          0         70      21826
Mem:         32104      32004        100          0         70      21813
Mem:         32104      32009         95          0         70      21818
Mem:         32104      32007         97          0         70      21815
Mem:         32104      32006         98          0         70      21814
Mem:         32104      32006         98          0         71      21816
Mem:         32104      32003        101          0         71      21815
Mem:         32104      32004        100          0         71      21818
Mem:         32104      32006         98          0         71      21819
Mem:         32104      32005         99          0         71      21819
Mem:         32104      32001        103          0         71      21815
Mem:         32104      32006         98          0         71      21821
Mem:         32104      32008         96          0         71      21824
Mem:         32104      32008         96          0         71      21826
Mem:         32104      32007         97          0         71      21823
Mem:         32104      32003        100          0         71      21820
Mem:         32104      32008         96          0         71      21824
Mem:         32104      32005         99          0         71      21821
Mem:         32104      32008         96          0         71      21826
Mem:         32104      32008         96          0         71      21826
Mem:         32104      32009         95          0         71      21825
Mem:         32104      32006         98          0         71      21823
Mem:         32104      32009         95          0         71      21827
Mem:         32104      32006         98          0         71      21822
Mem:         32104      32010         94          0         71      21828
Mem:         32104      32006         98          0         71      21822
Mem:         32104      32007         97          0         71      21824
Mem:         32104      32009         95          0         71      21825
Mem:         32104      32005         99          0         71      21822
Mem:         32104      32006         98          0         71      21824
Mem:         32104      32008         96          0         71      21827
Mem:         32104      32008         96          0         71      21827
Mem:         32104      32003        101          0         71      21821
Mem:         32104      32005         99          0         71      21824
Mem:         32104      32007         97          0         71      21825
Mem:         32104      32008         96          0         71      21827
Mem:         32104      32002        102          0         71      21821
Mem:         32104      32003        101          0         71      21822
Mem:         32104      32006         98          0         71      21825
Mem:         32104      32008         96          0         71      21827
Mem:         32104      32002        102          0         71      21821
Mem:         32104      32003        101          0         71      21822
Mem:         32104      32008         96          0         71      21828
Mem:         32104      32009         95          0         71      21829
Mem:         32104      32002        102          0         71      21821
Mem:         32104      32002        102          0         71      21822
Mem:         32104      32004        100          0         71      21824
Mem:         32104      32005         99          0         71      21825
Mem:         32104      32005         99          0         71      21825
Mem:         32104      32005         99          0         71      21825
Mem:         32104      32006         98          0         71      21827
Mem:         32104      32007         97          0         71      21828
Mem:         32104      32009         95          0         71      21830
Mem:         32104      32010         94          0         71      21831
Mem:         32104      32006         98          0         71      21827
Mem:         32104      32007         97          0         71      21828
Mem:         32104      32008         96          0         71      21829
Mem:         32104      32004        100          0         71      21824
Mem:         32104      32005         99          0         71      21826
Mem:         32104      32006         98          0         71      21826
Mem:         32104      32007         97          0         71      21828
Mem:         32104      32007         97          0         71      21829
Mem:         32104      32007         97          0         71      21829
Mem:         32104      32008         96          0         71      21831
Mem:         32104      32009         95          0         71      21831
Mem:         32104      32003        101          0         71      21824
Mem:         32104      32004        100          0         71      21825
Mem:         32104      32004        100          0         71      21826
Mem:         32104      32006         98          0         71      21828
Mem:         32104      32007         97          0         71      21830
Mem:         32104      32002        102          0         71      21824
Mem:         32104      32005         99          0         71      21827
Mem:         32104      31892        212          0         71      21714
Mem:         32104      31896        208          0         71      21718
Mem:         32104      31900        204          0         71      21723
Mem:         32104      31904        200          0         71      21726
Mem:         32104      31899        205          0         71      21723
Mem:         32104      31898        206          0         71      21723
Mem:         32104      31898        206          0         71      21722
Mem:         32104      31897        207          0         71      21723
Mem:         32104      31899        205          0         71      21724
Mem:         32104      31897        207          0         71      21722
Mem:         32104      31896        208          0         71      21721
Mem:         32104      31900        204          0         71      21725
Mem:         32104      31904        200          0         71      21728
Mem:         32104      31910        194          0         71      21732
Mem:         32104      31913        191          0         72      21736
Mem:         32104      31917        187          0         72      21740
Mem:         32104      31921        183          0         72      21744
Mem:         32104      31922        182          0         72      21746
Mem:         32104      31922        182          0         72      21746
Mem:         32104      31916        188          0         72      21741
Mem:         32104      31911        193          0         72      21736
Mem:         32104      31911        193          0         72      21735
Mem:         32104      31909        195          0         72      21733
Mem:         32104      31906        198          0         72      21731
Mem:         32104      31902        202          0         72      21727
Mem:         32104      31889        215          0         72      21714
Mem:         32104      31886        218          0         72      21712
Mem:         32104      31882        222          0         72      21709
Mem:         32104      31881        223          0         72      21708
Mem:         32104      31880        224          0         72      21708
Mem:         32104      31880        224          0         72      21707
Mem:         32104      31879        225          0         72      21707
Mem:         32104      31867        237          0         72      21692
Mem:         32104      22958       9146          0         72      21543
