Mem:         32099       1257      30841          0         10         62
Mem:         32099       1321      30778          0         11         73
Mem:         32099       1378      30721          0         11         83
Mem:         32099       1532      30567          0         11         92
Mem:         32099       1554      30544          0         11         94
Mem:         32099       1729      30370          0         12         98
Mem:         32099       2013      30085          0         12        120
Mem:         32099       4136      27963          0         12        254
Mem:         32099       7173      24925          0         12        630
Mem:         32099       8055      24044          0         12        977
Mem:         32099       8486      23613          0         12       1356
Mem:         32099       8941      23157          0         12       1730
Mem:         32099       9322      22777          0         12       2076
Mem:         32099       9656      22443          0         12       2406
Mem:         32099      10073      22026          0         12       2702
Mem:         32099      11573      20526          0         12       3024
Mem:         32099      12074      20024          0         12       3371
Mem:         32099      12683      19416          0         12       3734
Mem:         32099      13055      19043          0         12       4099
Mem:         32099      13455      18643          0         12       4476
Mem:         32099      13838      18260          0         12       4848
Mem:         32099      14198      17900          0         12       5196
Mem:         32099      14563      17535          0         12       5535
Mem:         32099      14883      17215          0         12       5849
Mem:         32099      15267      16831          0         12       6201
Mem:         32099      15609      16489          0         12       6534
Mem:         32099      15934      16165          0         12       6850
Mem:         32099      16223      15875          0         12       7135
Mem:         32099      16511      15588          0         12       7411
Mem:         32099      16766      15332          0         12       7662
Mem:         32099      17041      15058          0         12       7924
Mem:         32099      17309      14789          0         12       8187
Mem:         32099      17580      14519          0         12       8443
Mem:         32099      17823      14276          0         12       8679
Mem:         32099      18100      13999          0         12       8950
Mem:         32099      18378      13721          0         12       9223
Mem:         32099      18636      13463          0         12       9475
Mem:         32099      18905      13194          0         12       9728
Mem:         32099      19200      12899          0         12      10018
Mem:         32099      19314      12785          0         12      10127
Mem:         32099      19430      12669          0         12      10235
Mem:         32099      19541      12558          0         12      10344
Mem:         32099      19660      12439          0         12      10460
Mem:         32099      19771      12328          0         12      10568
Mem:         32099      19897      12202          0         12      10691
Mem:         32099      20034      12065          0         12      10825
Mem:         32099      20166      11932          0         12      10953
Mem:         32099      20338      11760          0         12      11085
Mem:         32099      20466      11632          0         12      11210
Mem:         32099      20592      11507          0         12      11333
Mem:         32099      20748      11351          0         12      11486
Mem:         32099      20883      11216          0         12      11616
Mem:         32099      21031      11067          0         12      11762
Mem:         32099      21161      10938          0         12      11886
Mem:         32099      21302      10797          0         12      12025
Mem:         32099      21412      10687          0         12      12133
Mem:         32099      21521      10578          0         12      12240
Mem:         32099      21670      10429          0         12      12385
Mem:         32099      21793      10306          0         12      12503
Mem:         32099      21929      10170          0         12      12637
Mem:         32099      22057      10041          0         12      12762
Mem:         32099      22194       9905          0         12      12894
Mem:         32099      22321       9778          0         12      12999
Mem:         32099      22479       9620          0         12      13152
Mem:         32099      22632       9466          0         12      13299
Mem:         32099      22751       9348          0         12      13418
Mem:         32099      22870       9228          0         12      13533
Mem:         32099      23005       9094          0         12      13665
Mem:         32099      23133       8966          0         12      13790
Mem:         32099      23244       8854          0         12      13898
Mem:         32099      23375       8723          0         12      14011
Mem:         32099      23492       8607          0         12      14125
Mem:         32099      23658       8441          0         12      14286
Mem:         32099      23770       8329          0         12      14394
Mem:         32099      23901       8198          0         12      14524
Mem:         32099      24011       8087          0         12      14634
Mem:         32099      24120       7979          0         12      14738
Mem:         32099      24227       7871          0         12      14843
Mem:         32099      24330       7769          0         12      14940
Mem:         32099      24440       7659          0         12      15049
Mem:         32099      24573       7525          0         12      15179
Mem:         32099      24700       7399          0         12      15305
Mem:         32099      24834       7264          0         12      15433
Mem:         32099      24947       7152          0         12      15543
Mem:         32099      25058       7040          0         12      15653
Mem:         32099      25201       6897          0         12      15785
Mem:         32099      25343       6756          0         12      15926
Mem:         32099      25461       6637          0         12      16042
Mem:         32099      25558       6540          0         12      16136
Mem:         32099      25636       6463          0         13      16212
Mem:         32099      25811       6287          0         13      16384
Mem:         32099      25945       6154          0         13      16497
Mem:         32099      26070       6029          0         13      16624
Mem:         32099      26188       5911          0         13      16737
Mem:         32099      26295       5804          0         13      16843
Mem:         32099      26414       5684          0         13      16960
Mem:         32099      26532       5567          0         13      17074
Mem:         32099      26661       5438          0         13      17203
Mem:         32099      26793       5306          0         13      17321
Mem:         32099      26896       5203          0         13      17422
Mem:         32099      27027       5072          0         13      17553
Mem:         32099      27178       4921          0         13      17699
Mem:         32099      27277       4821          0         13      17797
Mem:         32099      27353       4745          0         14      17871
Mem:         32099      27472       4627          0         14      17986
Mem:         32099      27571       4527          0         14      18079
Mem:         32099      27668       4430          0         14      18173
Mem:         32099      27763       4336          0         14      18268
Mem:         32099      27880       4218          0         14      18382
Mem:         32099      27985       4113          0         14      18486
Mem:         32099      28091       4007          0         14      18587
Mem:         32099      28207       3892          0         14      18696
Mem:         32099      28295       3804          0         14      18783
Mem:         32099      28397       3701          0         14      18882
Mem:         32099      28510       3588          0         14      18985
Mem:         32099      28601       3497          0         14      19077
Mem:         32099      28713       3386          0         14      19185
Mem:         32099      28815       3283          0         14      19286
Mem:         32099      28904       3195          0         14      19373
Mem:         32099      29012       3087          0         14      19480
Mem:         32099      29120       2978          0         14      19588
Mem:         32099      29242       2857          0         14      19705
Mem:         32099      29358       2741          0         14      19817
Mem:         32099      29466       2633          0         14      19921
Mem:         32099      29561       2538          0         14      20016
Mem:         32099      29652       2446          0         14      20106
Mem:         32099      29806       2293          0         14      20250
Mem:         32099      29909       2190          0         14      20353
Mem:         32099      30012       2086          0         14      20453
Mem:         32099      30129       1969          0         14      20570
Mem:         32099      30230       1869          0         14      20659
Mem:         32099      30331       1767          0         14      20759
Mem:         32099      30418       1680          0         14      20845
Mem:         32099      30516       1582          0         14      20942
Mem:         32099      30621       1478          0         14      21043
Mem:         32099      30733       1365          0         14      21144
Mem:         32099      30832       1267          0         14      21241
Mem:         32099      30927       1172          0         14      21334
Mem:         32099      31023       1076          0         14      21429
Mem:         32099      31122        977          0         14      21527
Mem:         32099      31173        926          0         14      21578
Mem:         32099      31325        774          0         14      21719
Mem:         32099      31415        683          0         14      21808
Mem:         32099      31516        582          0         14      21907
Mem:         32099      31619        480          0         14      22007
Mem:         32099      31715        383          0         14      22102
Mem:         32099      31742        356          0         14      22130
Mem:         32099      31777        322          0         14      22163
Mem:         32099      31802        296          0         14      22188
Mem:         32099      31826        272          0         14      22211
Mem:         32099      31856        243          0         14      22239
Mem:         32099      31875        224          0         14      22259
Mem:         32099      31885        214          0         14      22269
Mem:         32099      31879        220          0          7      22270
Mem:         32099      31879        220          0          6      22270
Mem:         32099      31885        214          0          6      22276
Mem:         32099      31869        230          0          6      22253
Mem:         32099      31868        231          0          6      22235
Mem:         32099      31864        234          0          6      22230
Mem:         32099      31859        239          0          7      22226
Mem:         32099      31873        226          0          7      22220
Mem:         32099      31865        233          0          7      22213
Mem:         32099      31859        239          0          7      22191
Mem:         32099      31870        229          0          7      22201
Mem:         32099      31867        232          0          7      22181
Mem:         32099      31885        214          0          7      22198
Mem:         32099      31876        223          0          7      22189
Mem:         32099      31876        223          0          7      22189
Mem:         32099      31867        231          0          7      22182
Mem:         32099      31869        229          0          7      22182
Mem:         32099      31868        231          0          7      22179
Mem:         32099      31869        229          0          7      22179
Mem:         32099      31881        217          0          7      22192
Mem:         32099      31871        228          0          7      22180
Mem:         32099      31884        214          0          7      22192
Mem:         32099      31866        233          0          7      22173
Mem:         32099      31877        222          0          7      22182
Mem:         32099      31864        234          0          7      22168
Mem:         32099      31870        229          0          7      22173
Mem:         32099      31870        228          0          7      22174
Mem:         32099      31872        226          0          7      22177
Mem:         32099      31877        221          0          7      22172
Mem:         32099      31866        233          0          7      22158
Mem:         32099      31867        232          0          7      22157
Mem:         32099      31874        225          0          7      22163
Mem:         32099      31872        226          0          7      22161
Mem:         32099      31871        228          0          7      22161
Mem:         32099      31872        227          0          7      22162
Mem:         32099      31886        213          0          7      22172
Mem:         32099      31874        225          0          7      22157
Mem:         32099      31875        224          0          7      22158
Mem:         32099      31880        218          0          7      22168
Mem:         32099      31876        222          0          7      22159
Mem:         32099      31884        215          0          7      22168
Mem:         32099      31870        229          0          7      22154
Mem:         32099      31868        231          0          7      22137
Mem:         32099      31866        233          0          7      22128
Mem:         32099      31875        223          0          7      22138
Mem:         32099      31869        230          0          7      22129
Mem:         32099      31875        224          0          7      22136
Mem:         32099      31868        231          0          7      22130
Mem:         32099      31869        229          0          7      22130
Mem:         32099      31871        228          0          7      22129
Mem:         32099      31879        220          0          7      22135
Mem:         32099      31872        227          0          7      22129
Mem:         32099      31883        215          0          7      22138
Mem:         32099      31877        221          0          7      22134
Mem:         32099      31882        216          0          7      22141
Mem:         32099      31866        232          0          7      22123
Mem:         32099      31883        216          0          7      22141
Mem:         32099      31880        219          0          7      22139
Mem:         32099      31884        215          0          7      22143
Mem:         32099      31866        233          0          7      22124
Mem:         32099      31867        232          0          7      22121
Mem:         32099      31865        234          0          7      22119
Mem:         32099      31874        224          0          7      22108
Mem:         32099      31868        230          0          7      22104
Mem:         32099      31870        229          0          7      22095
Mem:         32099      31870        228          0          7      22096
Mem:         32099      31865        233          0          7      22081
Mem:         32099      31868        231          0          7      22079
Mem:         32099      31867        231          0          7      22076
Mem:         32099      31867        232          0          7      22078
Mem:         32099      31886        212          0          7      22097
Mem:         32099      31876        223          0          7      22071
Mem:         32099      31877        222          0          7      22072
Mem:         32099      31872        226          0          7      22065
Mem:         32099      31864        234          0          7      22057
Mem:         32099      31876        223          0          7      22068
Mem:         32099      31887        212          0          7      22082
Mem:         32099      31885        214          0          7      22077
Mem:         32099      31867        232          0          7      22058
Mem:         32099      31863        236          0          7      22054
Mem:         32099      31868        230          0          7      22059
Mem:         32099      31861        238          0          7      22051
Mem:         32099      31869        230          0          7      22057
Mem:         32099      31867        231          0          7      22057
Mem:         32099      31865        234          0          7      22049
Mem:         32099      31885        214          0          7      22070
Mem:         32099      31870        229          0          7      22055
Mem:         32099      31874        224          0          7      22058
Mem:         32099      31867        232          0          7      22051
Mem:         32099      31864        235          0          7      22048
Mem:         32099      31880        219          0          7      22064
Mem:         32099      31865        234          0          7      22051
Mem:         32099      31867        232          0          7      22043
Mem:         32099      31863        235          0          7      22042
Mem:         32099      31867        232          0          7      22044
Mem:         32099      31868        230          0          7      22045
Mem:         32099      31883        216          0          7      22059
Mem:         32099      31863        236          0          7      22041
Mem:         32099      31867        231          0          7      22036
Mem:         32099      31868        230          0          7      22036
Mem:         32099      31871        228          0          7      22038
Mem:         32099      31867        231          0          7      22035
Mem:         32099      31870        229          0          7      22038
Mem:         32099      31873        226          0          7      22044
Mem:         32099      31858        241          0          7      22023
Mem:         32099      31871        228          0          7      22027
Mem:         32099      31869        229          0          7      22025
Mem:         32099      31864        234          0          7      22021
Mem:         32099      31865        234          0          7      22021
Mem:         32099      31864        235          0          7      22020
Mem:         32099      31868        230          0          7      22016
Mem:         32099      31868        231          0          7      22015
Mem:         32099      31868        231          0          7      22016
Mem:         32099      31880        219          0          7      22025
Mem:         32099      31879        220          0          7      22023
Mem:         32099      31862        237          0          7      22008
Mem:         32099      31880        219          0          7      22027
Mem:         32099      31870        229          0          7      22016
Mem:         32099      31885        213          0          7      22023
Mem:         32099      31879        219          0          7      22016
Mem:         32099      31886        212          0          7      22024
Mem:         32099      31863        236          0          7      22000
Mem:         32099      31879        220          0          7      22017
Mem:         32099      31868        230          0          7      22005
Mem:         32099      31867        232          0          7      22002
Mem:         32099      31879        220          0          7      22006
Mem:         32099      31870        229          0          7      21997
Mem:         32099      31879        219          0          7      22007
Mem:         32099      31871        227          0          7      21995
Mem:         32099      31876        223          0          7      22004
Mem:         32099      31876        223          0          7      22003
Mem:         32099      31883        216          0          7      22011
Mem:         32099      31874        225          0          7      22002
Mem:         32099      31873        226          0          7      22002
Mem:         32099      31883        216          0          7      22011
Mem:         32099      31874        225          0          7      22001
Mem:         32099      31874        225          0          8      21998
Mem:         32099      31865        234          0          8      21983
Mem:         32099      31862        236          0          8      21981
Mem:         32099      31864        235          0          8      21960
Mem:         32099      31869        229          0          8      21962
Mem:         32099      31867        231          0          8      21958
Mem:         32099      31870        229          0          8      21950
Mem:         32099      31871        227          0          8      21952
Mem:         32099      31874        225          0          8      21947
Mem:         32099      31873        226          0          8      21940
Mem:         32099      31870        228          0          8      21938
Mem:         32099      31859        240          0          7      21926
Mem:         32099      31872        227          0          7      21939
Mem:         32099      31865        233          0          7      21926
Mem:         32099      31868        230          0          7      21929
Mem:         32099      31874        225          0          7      21933
Mem:         32099      31872        227          0          7      21933
Mem:         32099      31864        235          0          7      21926
Mem:         32099      31864        234          0          7      21925
Mem:         32099      31867        231          0          7      21922
Mem:         32099      31873        226          0          7      21929
Mem:         32099      31878        221          0          7      21935
Mem:         32099      31879        219          0          7      21935
Mem:         32099      31877        221          0          7      21932
Mem:         32099      31866        233          0          7      21917
Mem:         32099      31881        217          0          7      21931
Mem:         32099      31874        225          0          7      21925
Mem:         32099      31887        212          0          7      21935
Mem:         32099      31875        223          0          7      21927
Mem:         32099      31866        233          0          7      21915
Mem:         32099      31881        217          0          7      21931
Mem:         32099      31873        226          0          7      21900
Mem:         32099      31881        218          0          7      21906
Mem:         32099      31885        213          0          7      21911
Mem:         32099      31871        228          0          7      21896
Mem:         32099      31878        221          0          7      21903
Mem:         32099      31887        212          0          7      21914
Mem:         32099      31874        224          0          7      21901
Mem:         32099      31872        226          0          7      21898
Mem:         32099      31876        222          0          7      21902
Mem:         32099      31866        233          0          7      21890
Mem:         32099      31871        228          0          7      21901
Mem:         32099      31871        227          0          7      21895
Mem:         32099      31864        234          0          7      21886
Mem:         32099      31869        230          0          7      21890
Mem:         32099      31870        228          0          7      21861
Mem:         32099      31885        214          0          7      21874
Mem:         32099      31886        212          0          7      21874
Mem:         32099      31876        222          0          7      21866
Mem:         32099      31866        232          0          7      21853
Mem:         32099      31885        213          0          7      21859
Mem:         32099      31878        220          0          7      21850
Mem:         32099      31867        231          0          7      21840
Mem:         32099      31868        230          0          7      21839
Mem:         32099      31866        233          0          7      21839
Mem:         32099      31867        232          0          7      21830
Mem:         32099      31867        232          0          7      21829
Mem:         32099      31871        227          0          7      21831
Mem:         32099      31882        217          0          7      21842
Mem:         32099      31871        228          0          7      21832
Mem:         32099      31873        226          0          7      21833
Mem:         32099      31866        232          0          7      21828
Mem:         32099      31887        212          0          7      21834
Mem:         32099      31870        229          0          7      21818
Mem:         32099      31868        231          0          7      21816
Mem:         32099      31866        232          0          7      21811
Mem:         32099      31878        220          0          7      21826
Mem:         32099      31881        218          0          7      21821
Mem:         32099      31871        227          0          7      21809
Mem:         32099      31872        227          0          7      21808
Mem:         32099      31859        240          0          7      21795
Mem:         32099      31876        223          0          7      21811
Mem:         32099      31879        220          0          7      21814
Mem:         32099      31869        230          0          7      21802
Mem:         32099      31866        233          0          7      21798
Mem:         32099      31868        231          0          7      21791
Mem:         32099      31870        229          0          7      21793
Mem:         32099      31869        230          0          7      21790
Mem:         32099      31886        213          0          7      21810
Mem:         32099      31865        234          0          7      21786
Mem:         32099      31869        229          0          7      21790
Mem:         32099      31874        225          0          7      21795
Mem:         32099      31883        216          0          7      21800
Mem:         32099      31876        222          0          7      21795
Mem:         32099      31874        225          0          7      21790
Mem:         32099      31866        233          0          7      21785
Mem:         32099      31868        231          0          7      21786
Mem:         32099      31872        227          0          7      21789
Mem:         32099      31869        229          0          7      21780
Mem:         32099      31883        216          0          7      21793
Mem:         32099      31868        231          0          7      21781
Mem:         32099      31873        226          0          7      21781
Mem:         32099      31868        231          0          7      21776
Mem:         32099      31883        216          0          7      21772
Mem:         32099      31869        230          0          7      21754
Mem:         32099      31865        234          0          7      21750
Mem:         32099      31868        230          0          7      21757
Mem:         32099      31874        225          0          7      21759
Mem:         32099      31886        213          0          7      21762
Mem:         32099      31867        232          0          7      21744
Mem:         32099      31876        223          0          7      21753
Mem:         32099      31861        238          0          7      21741
Mem:         32099      31877        222          0          7      21757
Mem:         32099      31865        234          0          7      21744
Mem:         32099      31864        235          0          7      21739
Mem:         32099      31867        232          0          7      21739
Mem:         32099      31873        225          0          7      21745
Mem:         32099      31874        225          0          7      21742
Mem:         32099      31873        226          0          7      21743
Mem:         32099      31867        231          0          7      21737
Mem:         32099      31878        221          0          7      21741
Mem:         32099      31882        216          0          7      21743
Mem:         32099      31867        231          0          7      21730
Mem:         32099      31875        223          0          7      21737
Mem:         32099      31867        232          0          7      21731
Mem:         32099      31871        228          0          7      21728
Mem:         32099      31873        226          0          7      21722
Mem:         32099      31863        235          0          7      21711
Mem:         32099      31866        233          0          7      21715
Mem:         32099      31862        236          0          7      21709
Mem:         32099      31887        212          0          7      21738
Mem:         32099      31873        226          0          7      21722
Mem:         32099      31868        231          0          7      21712
Mem:         32099      31870        229          0          7      21714
Mem:         32099      31879        219          0          7      21724
Mem:         32099      31868        231          0          7      21712
Mem:         32099      31866        233          0          7      21709
Mem:         32099      31869        229          0          7      21714
Mem:         32099      31868        231          0          7      21704
Mem:         32099      31879        220          0          7      21708
Mem:         32099      31864        235          0          7      21691
Mem:         32099      31879        220          0          7      21710
Mem:         32099      31868        231          0          7      21699
Mem:         32099      31873        226          0          7      21689
Mem:         32099      31866        232          0          7      21682
Mem:         32099      31866        232          0          7      21681
Mem:         32099      31867        232          0          7      21681
Mem:         32099      31860        239          0          7      21673
Mem:         32099      31868        231          0          7      21672
Mem:         32099      31886        213          0          7      21691
Mem:         32099      31865        234          0          7      21669
Mem:         32099      31868        231          0          7      21672
Mem:         32099      31869        230          0          7      21676
Mem:         32099      31875        223          0          7      21667
Mem:         32099      31877        221          0          7      21664
Mem:         32099      31860        239          0          7      21648
Mem:         32099      31875        224          0          7      21663
Mem:         32099      31885        213          0          7      21671
Mem:         32099      31869        230          0          7      21655
Mem:         32099      31875        223          0          7      21664
Mem:         32099      31879        220          0          7      21667
Mem:         32099      31862        237          0          7      21643
Mem:         32099      31873        226          0          7      21653
Mem:         32099      31864        235          0          7      21647
Mem:         32099      31869        230          0          7      21652
Mem:         32099      31865        234          0          7      21621
Mem:         32099      31865        234          0          7      21621
Mem:         32099      31875        224          0          7      21629
Mem:         32099      31861        237          0          7      21614
Mem:         32099      31876        223          0          7      21628
Mem:         32099      31877        222          0          7      21630
Mem:         32099      31883        216          0          7      21635
Mem:         32099      31878        221          0          7      21623
Mem:         32099      31879        220          0          7      21622
Mem:         32099      31872        227          0          7      21614
Mem:         32099      31874        224          0          7      21619
Mem:         32099      31871        227          0          7      21615
Mem:         32099      31869        230          0          7      21613
Mem:         32099      31874        225          0          7      21617
Mem:         32099      31868        231          0          7      21613
Mem:         32099      31868        231          0          7      21612
Mem:         32099      31879        219          0          7      21623
Mem:         32099      31879        220          0          7      21622
Mem:         32099      31870        229          0          7      21612
Mem:         32099      31867        232          0          7      21604
Mem:         32099      31864        235          0          7      21601
Mem:         32099      31865        234          0          7      21603
Mem:         32099      31860        239          0          7      21598
Mem:         32099      31865        234          0          7      21603
Mem:         32099      31873        225          0          7      21613
Mem:         32099      31864        234          0          7      21596
Mem:         32099      31869        229          0          7      21599
Mem:         32099      31869        230          0          7      21595
Mem:         32099      31886        213          0          7      21613
Mem:         32099      31864        235          0          7      21587
Mem:         32099      31858        240          0          7      21583
Mem:         32099      31868        231          0          7      21594
Mem:         32099      31876        223          0          7      21601
Mem:         32099      31871        228          0          7      21597
Mem:         32099      31870        228          0          7      21596
Mem:         32099      31884        214          0          7      21611
Mem:         32099      31881        217          0          7      21609
Mem:         32099      31872        227          0          7      21597
Mem:         32099      31878        221          0          7      21608
Mem:         32099      31869        230          0          7      21596
Mem:         32099      31868        231          0          7      21593
Mem:         32099      31872        226          0          7      21596
Mem:         32099      31876        223          0          7      21599
Mem:         32099      31876        222          0          7      21600
Mem:         32099      31878        220          0          7      21603
Mem:         32099      31884        215          0          7      21608
Mem:         32099      31869        230          0          7      21596
Mem:         32099      31886        213          0          7      21610
Mem:         32099      31867        231          0          7      21592
Mem:         32099      31886        213          0          7      21614
Mem:         32099      31870        228          0          7      21597
Mem:         32099      31873        225          0          7      21592
Mem:         32099      31867        232          0          7      21586
Mem:         32099      31871        227          0          7      21588
Mem:         32099      31861        237          0          7      21576
Mem:         32099      31870        229          0          7      21559
Mem:         32099      31865        233          0          7      21553
Mem:         32099      31866        233          0          7      21557
Mem:         32099      31866        233          0          7      21555
Mem:         32099      31867        232          0          7      21546
Mem:         32099      31863        236          0          7      21542
Mem:         32099      31859        240          0          7      21538
Mem:         32099      31840        258          0          7      21508
Mem:         32099      31861        238          0          7      21524
Mem:         32099      31873        226          0          7      21534
Mem:         32099      31887        212          0          7      21546
Mem:         32099      31819        279          0          7      21466
Mem:         32099      31861        238          0          7      21503
Mem:         32099      31863        235          0          7      21506
Mem:         32099      31860        239          0          7      21498
Mem:         32099      31867        231          0          7      21500
Mem:         32099      31860        239          0          7      21492
Mem:         32099      31870        228          0          7      21502
Mem:         32099      31861        237          0          7      21492
Mem:         32099      31867        232          0          7      21500
Mem:         32099      31880        218          0          7      21511
Mem:         32099      31863        235          0          7      21495
Mem:         32099      31868        231          0          7      21496
Mem:         32099      31863        236          0          7      21488
Mem:         32099      31869        230          0          7      21494
Mem:         32099      31879        220          0          7      21504
Mem:         32099      31877        222          0          7      21502
Mem:         32099      31876        223          0          7      21499
Mem:         32099      31868        230          0          7      21493
Mem:         32099      31870        229          0          7      21493
Mem:         32099      31881        218          0          7      21503
Mem:         32099      31881        217          0          7      21505
Mem:         32099      31872        226          0          7      21497
Mem:         32099      31879        219          0          7      21503
Mem:         32099      31880        219          0          7      21503
Mem:         32099      31878        221          0          7      21501
Mem:         32099      31872        227          0          7      21495
Mem:         32099      31870        229          0          7      21494
Mem:         32099      31868        230          0          7      21491
Mem:         32099      31878        221          0          7      21504
Mem:         32099      31882        217          0          7      21509
Mem:         32099      31877        222          0          7      21500
Mem:         32099      31872        227          0          7      21496
Mem:         32099      31885        214          0          7      21512
Mem:         32099      31866        232          0          7      21493
Mem:         32099      31872        226          0          7      21501
Mem:         32099      31869        230          0          7      21498
Mem:         32099      31874        225          0          7      21503
Mem:         32099      31871        228          0          7      21500
Mem:         32099      31869        229          0          7      21498
Mem:         32099      31880        219          0          7      21506
Mem:         32099      31883        215          0          7      21514
Mem:         32099      31883        215          0          7      21515
Mem:         32099      31876        223          0          7      21508
Mem:         32099      31874        225          0          7      21506
Mem:         32099      31872        227          0          7      21503
Mem:         32099      31884        215          0          7      21515
Mem:         32099      31883        216          0          7      21512
Mem:         32099      31877        222          0          7      21502
Mem:         32099      31879        220          0          7      21507
Mem:         32099      31878        221          0          7      21506
Mem:         32099      31870        228          0          7      21498
Mem:         32099      31887        211          0          7      21518
Mem:         32099      31872        227          0          7      21501
Mem:         32099      31885        213          0          7      21516
Mem:         32099      31880        219          0          7      21508
Mem:         32099      31870        229          0          7      21498
Mem:         32099      31878        221          0          7      21506
Mem:         32099      31886        213          0          7      21514
Mem:         32099      31876        223          0          7      21506
Mem:         32099      31872        226          0          7      21501
Mem:         32099      31886        213          0          7      21515
Mem:         32099      31886        213          0          7      21514
Mem:         32099      31873        225          0          7      21502
Mem:         32099      31882        216          0          7      21511
Mem:         32099      31873        225          0          7      21504
Mem:         32099      31887        212          0          7      21518
Mem:         32099      31876        222          0          7      21507
Mem:         32099      31887        212          0          7      21517
Mem:         32099      31879        219          0          7      21510
Mem:         32099      31870        229          0          7      21501
Mem:         32099      31884        214          0          7      21516
Mem:         32099      31881        218          0          7      21513
Mem:         32099      31872        226          0          7      21503
Mem:         32099      31868        231          0          7      21498
Mem:         32099      31880        218          0          7      21511
Mem:         32099      31875        224          0          7      21505
Mem:         32099      31869        230          0          7      21499
Mem:         32099      31873        225          0          7      21503
Mem:         32099      31866        232          0          7      21497
Mem:         32099      31876        223          0          8      21507
Mem:         32099      31882        217          0          8      21514
Mem:         32099      31885        213          0          8      21518
Mem:         32099      31887        211          0          8      21519
Mem:         32099      31868        231          0          8      21500
Mem:         32099      31873        225          0          8      21506
Mem:         32099      31875        223          0          8      21508
Mem:         32099      31876        222          0          8      21509
Mem:         32099      31877        222          0          8      21510
Mem:         32099      31878        220          0          8      21511
Mem:         32099      31877        221          0          8      21511
Mem:         32099      31877        222          0          8      21511
Mem:         32099      31877        221          0          8      21511
Mem:         32099      31877        222          0          8      21511
Mem:         32099      31877        222          0          8      21511
Mem:         32099      31876        222          0          8      21511
Mem:         32099      31877        222          0          8      21511
Mem:         32099      31876        222          0          8      21511
Mem:         32099      31876        222          0          8      21511
Mem:         32099      31876        223          0          8      21511
Mem:         32099      31876        223          0          8      21511
Mem:         32099      31876        223          0          8      21511
Mem:         32099      31875        223          0          8      21511
Mem:         32099      31875        224          0          8      21511
Mem:         32099      31875        224          0          8      21511
Mem:         32099      31875        224          0          8      21511
Mem:         32099      31875        224          0          8      21511
Mem:         32099      31875        224          0          8      21511
Mem:         32099      31875        224          0          8      21511
Mem:         32099      31875        224          0          8      21511
Mem:         32099      31875        224          0          8      21511
Mem:         32099      31875        224          0          8      21511
Mem:         32099      31875        224          0          8      21511
Mem:         32099      31874        224          0          8      21511
Mem:         32099      31875        224          0          8      21511
Mem:         32099      31875        224          0          8      21511
Mem:         32099      31875        224          0          8      21511
Mem:         32099      31874        224          0          8      21511
Mem:         32099      31875        224          0          8      21511
Mem:         32099      31875        224          0          8      21511
Mem:         32099      31875        224          0          8      21511
Mem:         32099      31875        224          0          8      21511
Mem:         32099      31874        224          0          8      21511
Mem:         32099      23115       8983          0          8      21511
Mem:         32099      23088       9010          0          8      21511
