procs -----------memory---------- ---swap-- -----io---- --system-- -----cpu------
 r  b   swpd   free   buff  cache   si   so    bi    bo   in   cs us sy id wa st
 1  3    256 31920924   5400  55816    0    0    42    84    0    2  0  0 99  1  0
 1  0    256 31851204   5728  63756    0    0  4012     0 1499 3411  8  1 88  4  0
 0  1    256 31772892   5768  71524    0    0  4106   210 1549 4306  9  1 87  3  0
 0  0    256 31739552   5772  75408    0    0  1628     0 1243 3196  2  0 97  1  0
 0  0    256 31739008   5772  75436    0    0     0     0 1008 2697  0  0 100  0  0
 0  2    256 31667424   5796  77068    0    0   728  1378 1445 4042  4  0 90  6  0
 5  0    256 31459264   5904 113392    0    0   872   238 9309 11534 26  2 68  5  0
 1 15    256 31218588   6152 187960    0    0  6092 40498 15414 17683  9  3 72 16  0
 1 12    256 30339436   6320 339864    0    0 13232   174 26506 27816 20  6 60 14  0
 6 10    256 27632340   6772 645092    0    0 38992     0 29799 36664 27 11 39 22  0
 1 31    256 25845420   6912 777804    0    0 33056 36344 11049 13260 17  6 20 58  0
 6 13    256 25479756   7056 915008    0    0  7368 65686 15395 16820  9  4 54 32  0
 4 15    256 25066516   7300 1167536    0    0 24796 10764 30527 33090 17  6 46 31  0
 1 15    256 24655036   7556 1413724    0    0 28170 11170 28410 30164 17  6 50 28  0
 6 14    256 24209416   7800 1648732    0    0 31560 10608 26803 28546 18  6 48 28  0
 3 14    256 23915404   8020 1876288    0    0 32478 16260 27473 28058 18  5 42 35  0
 3 13    256 23662308   8340 2115604    0    0 30320 17516 29213 29665 18  6 51 25  0
 2 13    256 23402632   8568 2328612    0    0 28120 10910 27075 27630 17  5 52 25  0
10 13    256 23178104   8780 2542144    0    0 34056 15276 26679 26256 19  5 56 20  0
 2 15    256 22925488   9012 2769676    0    0 31578 16252 26746 27582 20  5 46 28  0
 5 13    256 22735352   9220 2955996    0    0 27164  1214 25202 24537 15  5 47 34  0
procs -----------memory---------- ---swap-- -----io---- --system-- -----cpu------
 r  b   swpd   free   buff  cache   si   so    bi    bo   in   cs us sy id wa st
 4 12    256 22521452   9424 3161740    0    0 29574    52 26779 26762 15  5 63 18  0
 1 30    256 22371716   9584 3309872    0    0 28994 43898 17700 17671 15  4 44 36  0
 5 16    256 22157084   9656 3392056    0    0 21588 20844 6595 8111 10  2 36 52  0
 2 14    256 21920372   9916 3619792    0    0 25140 12408 27366 28951 15  6 52 27  0
 2 15    256 21675048  10148 3856792    0    0 29922 11766 29869 31631 16  6 56 22  0
 9 15    256 20890456  10400 4054172    0    0 28000 11812 28020 28707 14  6 62 18  0
 8 14    256 19890272  10604 4240876    0    0 26828 12458 26321 26407 16  6 51 26  0
 1 12    256 19701992  10836 4424944    0    0 28690 15784 26145 25922 15  5 53 27  0
 3 11    256 19517232  11040 4600972    0    0 30060 12510 24358 23517 15  4 55 26  0
 1 13    256 19315892  11256 4789204    0    0 31846 18096 25656 25817 17  5 50 29  0
 2 14    256 18952792  11432 4974920    0    0 30852  9630 24082 24077 16  5 54 25  0
 4 10    256 18769496  11588 5152580    0    0 30088 15840 24335 24044 15  5 49 31  0
 4 12    256 18581620  11784 5334012    0    0 31278 24022 24542 24962 18  5 47 30  0
 1 13    256 18413116  11960 5494764    0    0 27488 22978 22924 21971 15  4 54 27  0
 3 14    256 18221480  12148 5655828    0    0 29852 11252 21782 20841 15  4 46 34  0
 4 14    256 18025148  12352 5845256    0    0 29552 10026 23339 23016 15  5 54 26  0
 1 10    256 17825216  12540 6038944    0    0 29274 23014 25783 26178 15  5 52 27  0
 8 10    256 17570952  12768 6269584    0    0 32340 17874 28037 28552 18  5 51 26  0
 1  9    256 17366240  12984 6468088    0    0 29104 21560 26827 26252 14  5 51 29  0
 1 10    256 17194788  13132 6632028    0    0 25396 16554 23381 22945 14  5 55 27  0
 1 11    256 17008260  13344 6813040    0    0 31944 18332 21915 21653 16  5 45 34  0
procs -----------memory---------- ---swap-- -----io---- --system-- -----cpu------
 r  b   swpd   free   buff  cache   si   so    bi    bo   in   cs us sy id wa st
 4 11    256 16778248  13560 7018012    0    0 27870  9576 25040 25967 15  5 46 33  0
 4 10    256 16570204  13772 7218776    0    0 25206 17166 27649 28244 14  5 52 29  0
 4 15    256 16332444  14020 7447284    0    0 30674 17270 26885 28773 17  6 54 23  0
 1 12    256 16150560  14196 7622228    0    0 31030 18322 22801 22036 15  4 44 36  0
 4 12    256 15941360  14412 7817772    0    0 34384 16500 23494 23897 18  5 54 23  0
 2 13    256 15754392  14616 7998624    0    0 31658  9496 23630 23156 15  5 50 30  0
 3 11    256 15582076  14772 8165960    0    0 27358 18250 22727 21280 14  4 51 30  0
 6 12    256 15397092  14964 8344068    0    0 32510 11630 21834 21273 16  4 57 22  0
 1 16    256 15184804  15172 8539100    0    0 33208 10432 23231 22855 17  5 49 30  0
 1 13    256 14972908  15388 8743868    0    0 31374 10548 25537 25830 15  5 48 33  0
 6 14    256 14763236  15596 8944316    0    0 29854 12262 23841 24091 14  4 50 31  0
 1 11    256 14556500  15784 9144732    0    0 29890 11784 24971 24127 14  5 59 23  0
 0 12    256 14349352  15976 9339000    0    0 27550  8108 25728 25817 16  5 50 30  0
 3  9    256 14161036  16156 9520364    0    0 26138 24928 23708 22439 14  5 55 26  0
 1 12    256 13941252  16364 9728036    0    0 34532 17274 23293 23649 16  5 54 25  0
 2 12    256 13759808  16540 9903472    0    0 29976 11198 20105 19745 15  4 53 27  0
 3 13    256 13591140  16712 10062824    0    0 31052 12208 19134 18079 14  4 55 27  0
 1 10    256 13410684  16896 10237532    0    0 34792 16360 18220 17546 16  4 51 30  0
 2 14    256 13219268  17088 10418872    0    0 33802 18628 18553 17962 17  4 45 33  0
 1 12    256 13044980  17248 10583088    0    0 34108 16102 18542 17335 15  4 52 29  0
 5  9    256 12885344  17416 10738524    0    0 32780  9542 15996 14920 14  3 47 35  0
procs -----------memory---------- ---swap-- -----io---- --system-- -----cpu------
 r  b   swpd   free   buff  cache   si   so    bi    bo   in   cs us sy id wa st
 4 10    256 12726040  17548 10893132    0    0 33442 16806 15212 14088 15  3 46 35  0
 1  7    256 12561348  17696 11052212    0    0 29084 32202 17481 17053 14  4 48 34  0
 8 12    256 12416856  17848 11183324    0    0 22974 17746 16892 16220 14  3 47 36  0
 1 10    256 12238612  18040 11355796    0    0 31268 20460 20225 19482 15  4 49 32  0
 3 11    256 12047020  18260 11538516    0    0 27206 18420 23454 22491 14  5 48 33  0
 3 11    256 11860304  18428 11718392    0    0 25328 17484 22705 21959 14  4 53 28  0
 1  9    256 11664828  18644 11898628    0    0 26640 20790 25503 24832 14  4 56 26  0
 2  7    256 11487812  18868 12068568    0    0 29680 21146 21981 20953 14  4 57 25  0
 1 12    256 11354412  19004 12198360    0    0 21340 32948 18365 16717 12  4 55 30  0
 4  8    256 11217972  19164 12331432    0    0 21462 28472 19992 17889 11  4 69 16  0
 3  9    256 11061656  19300 12482844    0    0 23572 32994 19772 17896 12  4 68 15  0
 3  9    256 10897980  19452 12622104    0    0 23388 27072 19192 17336 13  4 65 18  0
 1  8    256 10738692  19608 12776028    0    0 24246  6808 20826 19130 12  4 50 35  0
 0 19    256 10616096  19764 12919568    0    0 32328 30140 15073 14410 15  8 39 39  0
 0 24    256 10580908  19808 12954220    0    0  2118 57008 7345 6876  3  2 62 33  0
 6 16    256 10463484  19936 13068848    0    0 14822 37238 20702 19224  8  3 61 27  0
 5 14    256 10262040  20120 13267348    0    0 29508 13480 25647 25993 14  5 60 21  0
 3 11    256 10078844  20300 13431060    0    0 28454 19224 21418 20618 14  4 58 24  0
 2 14    256 9924724  20456 13580020    0    0 26444 25738 20501 19402 13  4 49 34  0
 0 12    256 9753192  20612 13750572    0    0 28082 18514 21307 20239 15  4 47 35  0
 3 11    256 9619676  20732 13878940    0    0 22810 18508 18566 17307 12  3 60 24  0
procs -----------memory---------- ---swap-- -----io---- --system-- -----cpu------
 r  b   swpd   free   buff  cache   si   so    bi    bo   in   cs us sy id wa st
 1  9    256 9441352  20904 14024284    0    0 27672 21556 19640 18409 13  4 56 27  0
 0 10    256 9307464  21036 14154652    0    0 23116 31230 17443 16212 12  3 58 26  0
 2  8    256 9166660  21200 14290200    0    0 22188 25552 20298 18934 11  4 63 22  0
 3  9    256 9039324  21324 14412124    0    0 19280 31876 15886 15046 10  3 60 26  0
 2  7    256 8898448  21472 14548180    0    0 26910 25428 15542 14603 13  3 60 24  0
 1  7    256 8736988  21628 14695988    0    0 28446 23766 17036 16350 13  3 63 20  0
 2  9    256 8602924  21764 14825072    0    0 20058 32184 17550 16937 11  3 58 28  0
 2 11    256 8421308  21940 15000016    0    0 31634 17844 19369 19391 14  4 51 31  0
 1  7    256 8243024  22132 15171568    0    0 26670 24536 22417 22782 13  4 59 25  0
 2 10    256 8010136  22340 15359368    0    0 25206 18404 22898 23139 14  5 53 29  0
 3  7    256 7810764  22524 15552596    0    0 25728 24476 22617 23491 13  4 54 29  0
 1  9    256 7661076  22664 15695524    0    0 11658 58698 23089 22861  8  4 52 35  0
 1  6    256 7499924  22836 15851080    0    0 21848 32308 20427 20268 11  4 52 33  0
 4  7    256 7346496  22992 15998000    0    0 18202 30474 20034 19683 10  4 49 37  0
 3  6    256 7189316  23144 16149360    0    0 21720 31404 18129 17928 11  4 58 27  0
 0  9    256 7065888  23288 16268516    0    0  6604 55942 21043 20435  7  4 61 28  0
 4  9    256 6969392  23376 16361040    0    0  7074 46458 16076 14998  5  3 61 30  0
 5  7    256 6811792  23540 16506064    0    0 24222 24994 15480 14633 12  3 57 28  0
 0 13    256 6721456  23632 16593144    0    0 10164 43926 11725 11368  7  3 55 36  0
 3 12    256 6595800  23756 16713660    0    0 20590 29642 11603 11554 10  3 46 42  0
 1 11    256 6434320  23908 16871560    0    0 28354 12586 14242 14085 13  3 51 33  0
procs -----------memory---------- ---swap-- -----io---- --system-- -----cpu------
 r  b   swpd   free   buff  cache   si   so    bi    bo   in   cs us sy id wa st
 1  9    256 6209192  24116 17089580    0    0 34578 23876 20001 21542 16  5 46 33  0
 4  7    256 5963812  24336 17301544    0    0 31858 16504 20951 22466 15  4 50 30  0
 2 12    256 5851468  24460 17406472    0    0 13010 32856 13107 12664  7  3 53 37  0
 1  8    256 5724740  24596 17529984    0    0 21274 34018 12520 12722  9  3 51 37  0
 0  9    256 5720732  24596 17537156    0    0   832 52318 3126 3730  0  1 64 35  0
 0 17    256 5692072  24616 17561148    0    0  1332 59994 3825 5061  5  1 58 36  0
 0 14    256 5661508  24656 17591964    0    0  8986 34698 3906 4721  1  1 53 45  0
 1 11    256 5557988  24756 17689064    0    0  9800 80458 13691 14598  4  2 44 50  0
 2  6    256 5529032  24784 17723148    0    0     0 25854 7023 7616  1  1 65 33  0
 2 12    256 5421148  24892 17822108    0    0 12070 40812 10419 11787  9  3 47 41  0
 0 11    256 5276032  25020 17955980    0    0 19928 38328 15048 16038 10  3 63 24  0
 0  7    256 5181636  25112 18043948    0    0  5294 40868 15901 15489  4  3 59 34  0
 0 11    256 5088292  25216 18132104    0    0 17236 29988 9126 9688  8  2 45 45  0
 0 19    256 5041352  25276 18179068    0    0  2816 36438 6831 7366  5  2 51 42  0
 0 15    256 4959624  25348 18255764    0    0 10638 33534 10651 10507  6  2 54 38  0
 1  7    256 4849636  25448 18363396    0    0 13962 39912 16520 16102  5  3 67 25  0
 0 14    256 4787840  25492 18420996    0    0  7560 44578 9018 9035  5  2 52 41  0
 5 15    256 4746924  25552 18461588    0    0  7228 51344 4613 5503  6  1 40 52  0
 1  9    256 4652132  25652 18552704    0    0 19300 26736 7875 8859  9  2 60 30  0
 0 10    256 4606776  25704 18595556    0    0  4996 44924 7318 7446  4  2 56 38  0
 2 11    256 4550412  25760 18650944    0    0 10980 43338 6542 6992  6  2 50 43  0
procs -----------memory---------- ---swap-- -----io---- --system-- -----cpu------
 r  b   swpd   free   buff  cache   si   so    bi    bo   in   cs us sy id wa st
 1 13    256 4497436  25804 18702852    0    0  9802 44956 6218 7055  5  2 50 43  0
 1  8    256 4429748  25856 18758968    0    0 11636 31830 6681 7505  6  2 52 40  0
 0 14    256 4367132  25916 18818884    0    0  9222 58524 7244 7925  6  2 58 33  0
 0  8    256 4297932  25980 18883468    0    0 15186 30100 6110 7024  6  2 58 34  0
 1  8    256 4220104  26052 18960756    0    0 17488 29900 6327 7863  7  2 56 34  0
 0  6    256 4185144  26104 18996868    0    0   448 66916 8360 8289  1  2 68 29  0
 1  6    256 4148444  26140 19032020    0    0   156 55628 8169 8016  1  2 62 36  0
 0 11    256 4130524  26164 19047332    0    0   232 67670 5498 5724  0  1 59 39  0
 0 14    256 4051404  26232 19120044    0    0  9228 42526 8720 9051  8  2 46 44  0
 0  8    256 3961804  26328 19207504    0    0 15630 34172 8683 9968  7  2 55 36  0
 0 10    256 3823804  26460 19339324    0    0 30906 13304 11420 12234 13  3 52 32  0
 3 12    256 3750640  26540 19411196    0    0  4782 48094 9629 10138  4  2 53 41  0
 1 16    256 3679228  26596 19473588    0    0 17130 31336 5646 6455  8  2 36 55  0
 1  8    256 3644756  26644 19506704    0    0  5256 51252 5495 5976  2  1 50 46  0
 0  8    256 3603652  26688 19546456    0    0  3500 44882 8319 8212  3  2 54 41  0
 0  6    256 3557376  26752 19593436    0    0  2882 60044 8980 8680  2  2 46 50  0
 2 13    256 3410772  26884 19730464    0    0 16594 26504 15946 16206 12  4 45 40  0
 0  9    256 3272488  27028 19862740    0    0 23064 23270 13931 14298  8  3 50 38  0
 3  9    256 3180360  27112 19949484    0    0 16148 27084 10549 11457  9  2 32 57  0
 0 16    256 3104016  27184 20022492    0    0  7624 58466 10433 10343  4  2 38 55  0
 3 16    256 3026000  27256 20097944    0    0  3574 53624 9543 9738  5  2 32 60  0
procs -----------memory---------- ---swap-- -----io---- --system-- -----cpu------
 r  b   swpd   free   buff  cache   si   so    bi    bo   in   cs us sy id wa st
 2  7    256 2919804  27372 20197888    0    0 18404 32148 10002 10758  8  3 56 34  0
11  9    256 2840268  27460 20276396    0    0 14934 37044 8740 8917  7  2 50 40  0
 1 12    256 2741444  27556 20365316    0    0  7302 51608 13433 13040  6  3 49 41  0
 0 13    256 2655772  27624 20446504    0    0 14884 46082 9599 9839  7  3 40 51  0
 4 11    256 2556176  27728 20541996    0    0 12854 38038 11348 11431  7  3 41 49  0
 1 12    256 2477660  27800 20617912    0    0  7946 46192 11376 11204  6  3 30 62  0
 0 10    256 2348068  27920 20740296    0    0 19014 34126 13902 13951  9  3 46 41  0
 1 10    256 2278288  27992 20808360    0    0 10040 40838 9523 9457  6  2 57 35  0
 0 12    256 2197992  28088 20884136    0    0 17154 29822 7580 8174  8  2 60 31  0
 0 11    256 2107540  28168 20970364    0    0 11656 43990 10076 9846  7  3 53 38  0
 1 20    256 2078988  28208 20998428    0    0  3550 51960 5242 5864  1  1 44 53  0
 0 11    256 2002244  28272 21073068    0    0  5742 47608 11475 11312  6  2 51 41  0
 0 11    256 1899144  28380 21167956    0    0 11724 46106 15240 15080  7  3 63 27  0
 1 15    256 1832108  28432 21232788    0    0  6982 49696 11200 10959  5  2 57 35  0
 0 14    256 1690432  28580 21368612    0    0 13540 62152 20767 20502  6  3 54 37  0
 0 13    256 1606512  28664 21446988    0    0  9706 40278 11055 10789  5  2 55 38  0
 0 13    256 1529176  28736 21521416    0    0  5524 51648 11036 10414  5  3 53 39  0
 0 11    256 1472984  28792 21575380    0    0  7558 49574 7485 7514  4  2 49 45  0
 1 10    256 1416476  28844 21629168    0    0  8522 39616 6912 7001  5  2 54 40  0
 1 12    256 1391608  28860 21653232    0    0  5852 45570 3372 4351  3  1 56 39  0
 0  8    256 1362768  28892 21681732    0    0  7050 52828 3495 4455  4  1 67 28  0
procs -----------memory---------- ---swap-- -----io---- --system-- -----cpu------
 r  b   swpd   free   buff  cache   si   so    bi    bo   in   cs us sy id wa st
 0  8    256 1339640  28916 21705556    0    0  5482 42186 3199 4080  3  1 63 33  0
 1  5    256 1279472  28972 21762924    0    0 14670 31104 4402 5394  6  2 57 35  0
 1  6    256 1259632  28984 21783236    0    0  3394 47344 3205 4243  3  1 62 34  0
 0 15    256 1291848  29072 21818116    0    0  4414 42008 4768 5496  3  8 70 19  0
 0  7    256 1286088  29072 21824700    0    0  3088 55020 1621 3074  2  1 66 31  0
 0 18    256 1276628  29080 21833464    0    0  1536 69772 2188 3803  1  1 71 27  0
 0 12    256 1205964  29152 21903456    0    0  8866 41454 8912 9337  4  2 53 41  0
 0 21    256 1144452  29232 21963268    0    0  4586 50944 8583 8625  4  2 43 51  0
 0 13    256 979196  29392 22119636    0    0 25604 87536 16068 17852  7  2 40 51  0
 0 15    256 928344  29444 22171536    0    0 10420 33586 5203 5973  6  1 44 48  0
 2  9    256 884284  29496 22213180    0    0 11282 30138 3801 5217  5  1 42 52  0
 0 15    256 850884  29544 22247704    0    0  7368 54668 4034 5147  5  1 45 49  0
 1 12    256 798616  29580 22299624    0    0 11016 36376 4869 5955  6  1 49 44  0
 0 11    256 759168  29620 22339168    0    0  8396 54306 4552 5215  5  2 50 43  0
 1 10    256 718540  29680 22378600    0    0  9706 41536 4887 6001  5  1 49 45  0
 2 13    256 687772  29712 22409528    0    0  7302 44124 4154 5394  4  1 47 48  0
 0 11    256 626152  29788 22469936    0    0 14908 34922 5699 6527  7  2 37 54  0
 1  9    256 561608  29848 22534944    0    0 14542 38878 5925 6419  7  2 48 43  0
 0 11    256 518980  29908 22575104    0    0  4748 47794 7037 7083  4  2 51 43  0
 0 11    256 416456  30036 22674344    0    0 15378 36642 11994 11921  8  3 51 39  0
 1 12    256 294520  30156 22791980    0    0  4832 59464 19007 17886  6  4 46 43  0
procs -----------memory---------- ---swap-- -----io---- --system-- -----cpu------
 r  b   swpd   free   buff  cache   si   so    bi    bo   in   cs us sy id wa st
 3 11    256 176392  30288 22905588    0    0 12052 36454 17963 17769  8  3 51 38  0
 0 10    256  99152  29888 22981636    0    0 10738 50534 15255 14754  5  2 48 45  0
 0 13    256  93244  29936 22988072    0    0  3722 59514 18395 17506  4  3 46 46  0
 0  7    256  99688  30016 22985060    0    0  1282 58602 13972 12881  2  3 51 45  0
 0  7    256  95320  30064 22990784    0    0   410 63500 10131 9862  1  2 53 44  0
 1  6    256  99060  30108 22989116    0    0   232 62274 8978 9016  1  2 56 42  0
 0  8    256  94360  30148 22994112    0    0   156 73278 8193 8379  1  2 56 42  0
 1  7    256  97200  30164 22992048    0    0   556 57218 3299 4802  0  1 53 46  0
 3 14    256  92152  30180 22988684    0    0  1280 73216 4020 5636  3  1 55 41  0
 1  8    256  93080  30208 22990804    0    0  7554 49566 5519 6595  3  1 48 48  0
 1 10    256  95156  30244 22988384    0    0  7878 47802 5929 6540  4  1 49 46  0
 0  9    256  98372  30304 22985404    0    0  9506 40942 7047 7390  5  2 36 58  0
 2  5    256 100164  30376 22982668    0    0 13370 36224 5494 5930  5  1 47 47  0
 0 10    256  95576  30384 22990036    0    0  2498 59224 3760 4995  2  1 54 43  0
 0  8    256  91524  30428 22993480    0    0  8010 42118 4455 5491  4  1 56 38  0
 0 11    256  92184  30468 22996052    0    0  2626 55856 6285 6820  2  2 61 35  0
 0 10    256  92356  30488 22996088    0    0  2908 49820 5434 6052  3  1 66 30  0
 0  9    256  96152  30536 22992564    0    0  8206 47622 4854 5819  4  1 65 30  0
 3 14    256  93236  30584 22994720    0    0  3708 61320 5465 6071  4  2 63 31  0
 1 11    256  95060  30624 22992644    0    0 10432 42256 5804 6455  5  2 60 34  0
 2 12    256  93140  30716 22994380    0    0 14318 33790 6916 7332  7  2 50 41  0
procs -----------memory---------- ---swap-- -----io---- --system-- -----cpu------
 r  b   swpd   free   buff  cache   si   so    bi    bo   in   cs us sy id wa st
 1  9    256  91668  30796 22994224    0    0 18516 26744 9084 9069  9  2 52 38  0
 3  9    256  94524  30880 22994952    0    0 12850 40526 10075 9646  6  2 50 42  0
 2 12    256  96280  30964 22995772    0    0  9574 27030 8845 8674  6  2 56 36  0
 2 15    256  98688  31052 22994848    0    0 11890 55302 13136 12592  8  3 55 34  0
 2  9    256  93696  31192 22997952    0    0 20502 31882 19751 18472 11  4 54 31  0
 0 10    256  93972  31324 22994836    0    0 16402 34736 15148 13998  9  3 45 43  0
 1 13    256  95764  31456 22983644    0    0 20720 18090 19782 17816 12  4 44 40  0
 1 12    256  95896  31608 22980628    0    0 22742 39748 17267 16369 12  4 50 34  0
 2 11    256  93296  31720 22984612    0    0 10190 48926 14665 13977  7  3 51 39  0
 7 11    256  99048  31828 22980172    0    0 14580 36580 13598 12598  7  3 54 36  0
 3  9    256  91808  31944 22986488    0    0 15632 36132 12161 11999  9  3 54 35  0
 1 12    256  95424  32036 22983960    0    0 10944 38734 12827 12487  7  3 48 42  0
 2 11    256  95964  32096 22983288    0    0  9240 36018 8697 8760  5  2 55 39  0
 0 10    256  96384  32168 22981964    0    0 12104 48914 10350 9822  7  2 64 27  0
 0 11    256  95576  32232 22978020    0    0  7048 48058 8239 8134  4  2 57 37  0
 1 11    256  91520  32320 22979844    0    0 11884 28060 10302 10255  7  2 55 35  0
 2 11    256  94220  32456 22972056    0    0 23428 30126 9838 10198 10  3 45 41  0
 3 12    256  97280  32548 22967204    0    0 18006 16088 9005 9389 10  2 46 42  0
 2  9    256  92160  32696 22973100    0    0 25948 30100 11806 11413 12  3 49 35  0
 0 12    256  97308  32764 22966276    0    0 15076 43472 7545 8054  8  2 55 35  0
 0 16    256  99600  32840 22966852    0    0  7950 46440 8853 8689  6  2 57 35  0
procs -----------memory---------- ---swap-- -----io---- --system-- -----cpu------
 r  b   swpd   free   buff  cache   si   so    bi    bo   in   cs us sy id wa st
 1 13    256  98760  32896 22958836    0    0 16694 27728 7126 8074  9  2 66 24  0
 0 12    256  92816  32980 22964148    0    0 20692 37382 6678 7761  9  2 68 22  0
 0 10    256  93736  33036 22963060    0    0  7954 41170 9853 10102  5  3 58 34  0
 0 12    256  97032  33148 22958056    0    0 16078 32882 11958 11072 10  3 46 42  0
 1 21    256 117276  33300 22989852    0    0 20640 47742 12698 12080 11 12 48 29  0
 0 24    256  91832  33364 23018820    0    0  4188 56674 8943 9287  3  2 40 55  0
 3 17    256  99144  33464 23013332    0    0  2990 64398 16045 15181  5  3 37 54  0
 0 15    256  92116  33616 23020328    0    0 12310 33852 19370 18442  7  4 45 44  0
 2 18    256  98256  33740 23015504    0    0 10436 36668 19667 18315  8  4 42 46  0
 1 12    256  95500  33872 23019848    0    0 19286 26452 13370 13188 10  3 42 45  0
 5 12    256  99224  33976 23001604    0    0 14924 40648 10744 10346  9  3 41 47  0
 2 16    256  98508  34104 23002732    0    0  9852 44138 14009 13485  7  3 48 42  0
 6 17    256  93432  34244 23004340    0    0 13098 31372 10721 10552  7  3 72 18  0
 0 19    256  93464  34372 23006212    0    0 11106 34236 8352 8340  6  2 53 39  0
 1 13    256  98256  34484 22999900    0    0 13022 37840 10240 9861  6  2 59 33  0
 4 21    256  94452  34716 23002412    0    0 19102 28198 21104 20291 13  5 54 29  0
 6 14    256  95588  34940 23003164    0    0 22090 36666 16994 16838 11  4 36 49  0
 7 22    256  97780  35152 22999572    0    0 15204 27214 17585 17513 10  4 35 51  0
 1 17    256  99184  35304 22992732    0    0  7210 43228 22380 21341  7  4 51 38  0
 0 18    256  97844  35508 22990604    0    0 20718 24546 15340 15449 11  4 48 38  0
 0 16    256  92052  35668 22997384    0    0 17748 26340 11657 11732  8  3 50 39  0
procs -----------memory---------- ---swap-- -----io---- --system-- -----cpu------
 r  b   swpd   free   buff  cache   si   so    bi    bo   in   cs us sy id wa st
 2 16    256  93052  35824 22992960    0    0 19372 39344 12125 12307  9  3 40 48  0
 1 15    256  94236  35976 22991944    0    0 11162 33770 14062 12723  7  3 41 48  0
 1 18    256  92956  36124 22992104    0    0 15788 26538 11235 11265  9  3 44 44  0
 0 17    256  96632  36268 22988260    0    0 13592 36862 11860 11593  7  3 40 51  0
 1 14    256  95452  36432 22971892    0    0 19552 17974 12310 12932 11  3 44 42  0
 1 18    256  97204  36576 22970664    0    0 11378 40274 12620 12145  6  3 47 44  0
 1 18    256  98888  36748 22965480    0    0 16430 24160 14361 13991  8  3 49 40  0
 1 14    256  98936  36900 22964228    0    0 19298 19042 13144 13256  9  3 55 33  0
 0 24    256  95104  37020 22968088    0    0  9254 45418 8599 8223  5  2 55 38  0
 1 15    256  91268  37312 22967520    0    0 32484 35502 18142 19070 10  3 37 50  0
 2 14    256  93988  37464 22962840    0    0 17070 20544 9671 9316  9  2 44 44  0
 0 19    256  99984  37660 22952048    0    0 20010 37610 16133 16071 11  4 45 40  0
 1 16    256  96448  37768 22955740    0    0  8898 35686 12199 11506  5  2 50 42  0
 5 16    256  96104  37876 22954360    0    0 11548 21206 11309 11320  6  2 47 44  0
 0 14    256  92192  38060 22953384    0    0 20212 43148 12077 11921 10  3 39 48  0
 0 19    256  97984  38132 22948124    0    0  8016 40406 8801 8423  4  2 31 63  0
 0 19    256  96892  38272 22943580    0    0  7998 48186 11205 11321  7  3 27 63  0
 0 15    256  96604  38388 22946280    0    0 17316 20050 9007 9003  8  2 36 53  0
 0 15    256  94236  38540 22946932    0    0 21100 30686 8628 9131  9  2 51 38  0
 2 17    256  98560  38684 22929640    0    0 17964 25110 8559 9389 10  2 49 38  0
 2 18    256  96616  38840 22929888    0    0 18000 19558 11217 11351  9  3 52 36  0
procs -----------memory---------- ---swap-- -----io---- --system-- -----cpu------
 r  b   swpd   free   buff  cache   si   so    bi    bo   in   cs us sy id wa st
 3 14    256  93488  38980 22929336    0    0 25956 19808 9511 10950 12  3 44 42  0
 0 16    256  93464  39140 22925376    0    0 21484 31086 10810 11864  9  3 39 49  0
 0 15    256  97372  39248 22919356    0    0 13032 36762 12273 12788  9  3 46 42  0
 1 20    256  96712  39344 22918968    0    0  9484 52858 14553 14053  7  3 46 44  0
 2 18    256  94164  39488 22917192    0    0 21824 17030 11522 12313 10  3 33 54  0
 2 16    256  92904  39636 22901080    0    0 23958 15960 13945 14979 11  3 25 61  0
 2 13    256  95768  39780 22894008    0    0 16214 45176 15909 16302 10  4 42 44  0
 1 14    256  92672  39900 22895860    0    0 18604 20010 12416 12315  9  3 36 52  0
 7 17    256  97760  40060 22880020    0    0 18740 31770 18294 18402 13  5 29 54  0
 1 17    256  97200  40220 22881708    0    0 17944 20518 17031 16833 11  4 41 44  0
 4 16    256  94608  40416 22875488    0    0 28758 14560 18594 18513 14  4 58 24  0
 0 29    256  97244  40536 22875504    0    0 21160 44242 10811 12058 10  7 44 40  0
 0 14    256  91464  40652 22883980    0    0 20396 54450 13102 14953  6  2 41 52  0
 0 15    256  97056  40772 22876740    0    0 11514 53524 12674 13180  8  3 31 58  0
 6 19    256  92868  40896 22878536    0    0 17902 27548 10455 11186  9  3 35 53  0
 1 16    256  92952  41112 22879100    0    0 29512 26574 17543 18668 14  4 31 51  0
 3 17    256  91552  41244 22864608    0    0 20632 23042 15923 16607 11  4 25 60  0
 3 17    256  99632  41384 22854328    0    0 23130 31904 15438 15650 12  4 31 53  0
 1 16    256  91744  41500 22862860    0    0 18966 25840 11939 12332  8  3 21 69  0
 1 19    256  97916  41620 22854568    0    0 16404 29686 12466 13177 12  3 18 67  0
 2 15    256  92004  41804 22861460    0    0 19370 39130 21354 23198 12  5 43 41  0
procs -----------memory---------- ---swap-- -----io---- --system-- -----cpu------
 r  b   swpd   free   buff  cache   si   so    bi    bo   in   cs us sy id wa st
 1 15    256  94640  41948 22858084    0    0 16444 31460 20065 19817  8  4 42 46  0
 2 13    256  97684  42096 22858244    0    0 14160 37052 20299 19883  9  4 53 34  0
 0 18    256  97288  42252 22845888    0    0 11982 44830 20977 20764 10  4 48 38  0
 1 15    256  98500  42352 22844780    0    0 11968 22884 13458 13351  6  3 46 45  0
 5 20    256  94632  42544 22842220    0    0 22040 25960 23059 23039 15  5 49 31  0
 2 19    256  91896  42684 22846180    0    0 23868 28784 21420 21452 13  4 48 34  0
 3 17    256 101124  42832 22833636    0    0 25984 26204 16795 17352 13  4 47 37  0
 0 13    256  99224  43008 22832136    0    0 20820 24446 20126 20142  9  4 59 28  0
 5 16    256  94344  43132 22813032    0    0 13388 41050 17706 18625 11  4 43 42  0
 8 15    256  95828  43232 22805284    0    0 15184 33688 18054 19453  8  4 47 41  0
 3 16    256  98492  43392 22800600    0    0 14868 28870 21913 23002 10  4 53 32  0
 1 20    256  95364  43556 22795396    0    0 18504 27356 18756 19838 12  4 43 41  0
 1 17    256  91548  43668 22797280    0    0 20416 20390 8268 9399  8  2 50 40  0
 2 19    256  96660  43780 22787468    0    0 21786 29606 8760 10204 12  3 52 33  0
 2 15    256  96388  43908 22786588    0    0 24734 19984 6502 8173 12  2 60 26  0
 0 21    256  93820  44036 22788400    0    0 23984 26116 9110 10243 12  3 40 45  0
 3 18    256  96188  44140 22786608    0    0 18362 35622 9109 10199  9  3 38 50  0
 0 18    256  91936  44304 22787732    0    0 26268 10174 13610 14415 11  3 44 42  0
 1 21    256  91820  44428 22784196    0    0 18110 37860 15731 15473  9  3 32 55  0
 5 18    256  92048  44548 22782288    0    0 15566 36202 13452 13610 10  3 53 34  0
 1 17    256  99800  44720 22750132    0    0 29412 18526 14189 15108 14  4 53 29  0
procs -----------memory---------- ---swap-- -----io---- --system-- -----cpu------
 r  b   swpd   free   buff  cache   si   so    bi    bo   in   cs us sy id wa st
 1 19    256  93644  44860 22750480    0    0 26006 17384 11092 12527 12  3 54 31  0
 1 16    256  91456  44916 22751912    0    0 16960 28360 8695 9661  9  2 48 41  0
 4 14    256  99620  44844 22746324    0    0 20550 27372 6153 7656  8  2 36 54  0
 0 17    256 103632  44916 22740792    0    0 18296 25880 7597 9285 12  2 45 41  0
 3 17    256  95716  45016 22734904    0    0 20186 37024 8053 9587 10  3 42 45  0
 2 19    256  92516  45128 22737452    0    0 14606 20008 15195 15672  8  3 35 53  0
 2 16    256  95512  45240 22731064    0    0 14156 33850 12063 12130  9  3 52 36  0
 4 15    256  93836  45348 22731344    0    0 12046 43962 13573 13513  9  3 61 27  0
 1 18    256  91220  45484 22730104    0    0 21458 25564 16328 17502 11  4 68 17  0
 0 10    256 100944  45584 22719760    0    0  8976 51892 11331 10922  3  3 76 19  0
 2 19    256  91796  45712 22725080    0    0 14046 37424 8737 9268 11  3 59 27  0
13 19    256  95420  45780 22721332    0    0 19660 35876 7921 8213  9  2 51 38  0
 2 18    256  95316  45904 22716100    0    0 17646 17560 11423 11787 10  3 39 48  0
 2 16    256  93588  46012 22715404    0    0 19346 21104 14122 13889 10  3 44 43  0
 2 19    256  96284  46096 22712852    0    0 21846 27784 14958 15174 12  3 40 44  0
 0 14    256  91212  46000 22714120    0    0 23872 15962 14572 14155  9  3 39 48  0
 3 18    256  98040  46164 22706696    0    0 13838 52996 17627 17991 12  5 38 46  0
 1 18    256  92900  46232 22710120    0    0 21608 13134 15751 16029 11  3 38 48  0
 1 16    256  96756  46212 22683148    0    0 24466 27304 21594 22595 14  5 45 36  0
 0 14    256  98832  46304 22679252    0    0 22424 19802 8974 9550 10  2 49 39  0
 0 24    256 100020  46408 22680732    0    0 13842 41528 11151 10707  9  3 48 40  0
procs -----------memory---------- ---swap-- -----io---- --system-- -----cpu------
 r  b   swpd   free   buff  cache   si   so    bi    bo   in   cs us sy id wa st
 3 21    256  91364  46484 22687436    0    0 16042 30992 8789 9248  8  2 46 44  0
 4 17    256  95696  46616 22681516    0    0 13182 49196 22324 20852  9  4 54 33  0
 1 20    256  97660  46736 22674756    0    0 20632 28714 17941 17443 11  4 43 43  0
 1 19    256  95692  46816 22676112    0    0 15656 32484 14392 14011  9  3 32 56  0
 0 11    256  98424  46980 22663772    0    0 25668 26464 22794 22417 12  5 39 43  0
 0 18    256  97848  47140 22663616    0    0 14702 39616 21962 22118 11  5 38 46  0
 0 20    256  97872  47104 22661296    0    0 11372 29618 14701 14725  7  3 31 59  0
 4 18    256  92820  47184 22660896    0    0 13294 48766 12182 12473 10  3 31 56  0
 0 13    256  93864  47280 22660504    0    0 18302 15906 10108 9773  7  2 37 53  0
 2 19    256  93836  47376 22656336    0    0  6944 48140 16981 17014  7  4 49 40  0
 1 20    256  91468  47344 22657204    0    0 21118 13018 11391 11716 10  3 39 48  0
 3 16    256  92924  47384 22654356    0    0 24690 23422 14116 14092 13  4 29 55  0
 3 16    256  94808  47512 22648928    0    0 12302 53380 18993 18536  9  4 40 47  0
 1 18    256  94920  47632 22650424    0    0 15038 34472 13351 13339  8  3 37 51  0
 5 15    256 100200  47700 22642800    0    0 20560 19950 15528 15350 10  3 33 54  0
 2 19    256  96916  47848 22641900    0    0 23106 34666 18825 18827 12  4 38 45  0
 2 17    256  95384  47960 22641484    0    0 11216 27954 16872 16605  8  4 41 47  0
 4 18    256  93468  48060 22632548    0    0 23634 17606 11895 12257 12  3 27 58  0
 1 27    256  94732  48220 22641272    0    0 22468 18512 18706 19610 11 10 37 42  0
 3 20    256  97396  48200 22642324    0    0 17110 68492 11957 13503  5  2 25 68  0
 0 20    256  93648  48288 22644132    0    0  8340 52100 10838 11332  6  3 32 59  0
procs -----------memory---------- ---swap-- -----io---- --system-- -----cpu------
 r  b   swpd   free   buff  cache   si   so    bi    bo   in   cs us sy id wa st
 3 16    256  91480  48356 22649388    0    0 15814 31148 9375 9815  8  3 32 57  0
 4 16    256  97232  48448 22642820    0    0 19364 34316 11609 11980 11  3 42 44  0
 1 18    256  98368  48604 22639980    0    0 24960 16094 13018 13434 12  3 37 48  0
 0 24    256  97376  48728 22627140    0    0 23802 16350 14602 14921 12  4 23 61  0
 2 21    256 100504  48812 22624456    0    0 14418 34858 10100 10807  9  3 25 63  0
 1 21    256  91416  48928 22635212    0    0 16018 33060 11512 12132  9  3 27 61  0
 1 19    256  99168  49060 22625312    0    0 17042 20310 13676 13688 10  3 37 50  0
 3 18    256  98388  49168 22627852    0    0 17540 37878 12887 13157 10  3 38 49  0
 2 20    256  98840  49256 22628740    0    0 12338 46764 10150 10154  8  3 28 61  0
 1 21    256  97920  49372 22629184    0    0 12180 35882 11406 11383  7  3 31 59  0
 3 17    256  96168  49504 22625400    0    0 25858 10552 12364 13136 12  3 38 47  0
 0 16    256  96112  49620 22629044    0    0 15380 34208 12863 12449  8  3 32 56  0
 2 23    256  95636  49780 22626132    0    0 19948 36866 18477 18128 12  4 30 53  0
 1 23    256  98028  49928 22622504    0    0 14778 43630 14339 14803  9  4 23 65  0
 3 18    256  97452  50020 22622568    0    0 22870  9280 6487 7692 10  2 22 66  0
 0 13    256  98316  50232 22624448    0    0 22688 22902 26292 27708 11  6 31 52  0
 2 23    256  98044  50360 22608628    0    0 11172 33190 22980 22185 11  5 34 50  0
 0 23    256  98816  50560 22611004    0    0 17156 32318 24117 25386 11  5 33 51  0
 8 22    256  91524  50728 22615212    0    0 14314 42066 24024 23169 10  5 25 60  0
 3 21    256  91236  50832 22617332    0    0 11788 38142 17038 17256 10  4 33 53  0
 1 26    256  92488  50976 22614664    0    0 29194 11212 14954 14945 13  4 35 49  0
procs -----------memory---------- ---swap-- -----io---- --system-- -----cpu------
 r  b   swpd   free   buff  cache   si   so    bi    bo   in   cs us sy id wa st
 0 21    256 100840  51064 22606696    0    0 12884 41534 9522 9823  6  3 31 61  0
 0 21    256  98692  51128 22606296    0    0 18832 19246 5328 7623 11  2 30 57  0
16 12    256  94816  51300 22604832    0    0 21658 34338 20648 21075 12  5 33 51  0
 3 17    256  91484  51404 22604096    0    0  9100 49344 22957 23352 10  5 28 57  0
 1 20    256  93328  51496 22602128    0    0 11428 34038 15911 16356  8  4 36 52  0
 0 17    256  98988  51588 22596592    0    0 11960 26866 12954 13302  6  3 30 62  0
 1 20    256  92216  51776 22594756    0    0 25680 18350 18321 19899 16  5 29 50  0
 1 21    256  94816  51892 22590748    0    0 18238 45288 17591 18025 10  4 41 44  0
 1 17    256  97708  52024 22585588    0    0 22528 13780 12644 13060 11  3 51 35  0
 1 20    256  99572  52180 22577852    0    0  9920 41204 19195 18264  9  5 47 39  0
 1 18    256  94732  52264 22581308    0    0 14476 33206 10368 11356  9  3 52 37  0
 1 18    256  95900  52376 22578560    0    0 22832 20642 6367 7863  9  2 51 38  0
 0 15    256  96664  52436 22579092    0    0 19536 17018 5160 6731  7  2 55 37  0
 2 18    256  91836  52512 22582044    0    0 17492 28356 4984 6727 11  2 38 48  0
 1 14    256 100500  52632 22572064    0    0 23454 34254 6879 8290 11  2 49 38  0
 2 16    256  94084  52744 22567476    0    0 21724 20004 5501 7125 11  2 50 37  0
 0 20    256  94712  52864 22565760    0    0 20914 20256 6149 7699 10  2 56 33  0
 0 18    256  93760  52920 22566496    0    0 17590 42786 4713 6929 10  2 36 52  0
 2 20    256  97292  52992 22563760    0    0 20334  9524 6735 7591  9  2 38 50  0
 1 18    256  98444  53112 22563460    0    0 21592 42074 10202 12095 10  3 31 56  0
 1 16    256  94180  53192 22564220    0    0 17558 30978 13930 14352 10  3 31 55  0
procs -----------memory---------- ---swap-- -----io---- --system-- -----cpu------
 r  b   swpd   free   buff  cache   si   so    bi    bo   in   cs us sy id wa st
 0 19    256  94744  53284 22550588    0    0 21316 18816 8437 9707 10  2 30 57  0
 2 17    256  92236  53360 22552512    0    0 17426 38662 16755 17103 10  4 43 44  0
 1 20    256  98728  53416 22545072    0    0 15246 36388 11983 12287  9  3 41 47  0
 1 19    256  98424  53452 22543916    0    0 13928 31504 6005 6785  8  2 44 46  0
 1 19    256  92096  53520 22550164    0    0 22298  9924 6185 7086  9  2 45 44  0
 1 14    256  91352  53584 22548020    0    0 26048 24624 7163 8684 12  2 25 61  0
 0 13    256  99908  53668 22533308    0    0 24308 31102 14062 14319 13  4 36 46  0
 2 20    256  98972  53724 22528220    0    0 15312 26808 11475 12015 10  3 34 54  0
 1 19    256  93976  53848 22533912    0    0 17660 35008 10801 11483 10  3 39 48  0
 0 15    256  91780  53892 22535084    0    0 19090 16986 7096 7688  6  2 37 55  0
 0 20    256  93080  53948 22532288    0    0 18968 29452 6423 7387 11  2 48 39  0
 1 16    256  94216  54012 22527628    0    0 21650 26646 6301 7564 11  2 52 35  0
 0 17    256  96676  54060 22524348    0    0 17964 32944 5488 6436  8  2 42 48  0
 9 17    256  98596  54120 22519080    0    0 12662 36862 8159 8516 10  2 38 50  0
 2 23    256  93708  54232 22523000    0    0 18846 29598 9054 9788 10  3 27 60  0
 0 15    256  98160  54300 22519152    0    0 14210 35262 9459 9620  7  2 33 58  0
 0 23    256  99436  54384 22518896    0    0 14514 42160 8089 9157 10  2 44 44  0
 1 17    256  98800  54484 22513776    0    0 19672 25270 10127 10720  9  2 44 45  0
 0 16    256  96056  54548 22519232    0    0 16208 27136 7406 8083  7  2 47 44  0
 0 19    256  93444  54652 22519976    0    0 15760 19000 9858 10410 10  2 45 43  0
11 21    256  96052  54736 22508812    0    0 14388 49268 12695 13324 11  3 44 42  0
procs -----------memory---------- ---swap-- -----io---- --system-- -----cpu------
 r  b   swpd   free   buff  cache   si   so    bi    bo   in   cs us sy id wa st
 1 21    256  97300  54832 22508616    0    0  9834 45314 11229 10876  7  3 31 59  0
 1 19    256  93212  54944 22514236    0    0 12276 33414 14277 14801  8  3 37 52  0
 0 16    256  96104  55052 22506428    0    0 10834 33102 14952 14842  6  3 44 47  0
 3 26    256  93300  55152 22508608    0    0 15244 37008 15617 15179 11  4 44 42  0
 0 17    256  95732  55260 22506064    0    0 18392 16820 9989 10568  7  2 37 54  0
 0 15    256  99080  55348 22502212    0    0 11310 36852 7341 8182  6  2 47 44  0
 2 21    256  95956  55512 22503016    0    0 19008 30462 13808 14122 13  4 46 38  0
 0 21    256  95672  55624 22493440    0    0 18260 32904 9946 10472 11  3 43 43  0
 0 21    256  98360  55744 22492548    0    0 16788 34808 14859 14877  9  3 39 49  0
 1 20    256  92712  55816 22492656    0    0 10644 35270 7676 8436  7  2 48 43  0
 3 18    256  99300  55872 22490064    0    0 13062 38348 9328 9588  8  3 58 31  0
 2 15    256  91564  55936 22495688    0    0 17940 23332 10730 11077  8  3 41 48  0
 3 17    256  93720  56020 22491544    0    0 11012 42146 9257 9844  9  3 34 55  0
 0 14    256  93904  56108 22490876    0    0 21670 20458 6958 7673  8  2 42 48  0
 2 15    256  96908  56188 22486872    0    0 17550 37144 8262 8844  9  2 45 44  0
 2 17    256  95540  56296 22470244    0    0  9764 40906 11763 11819  9  3 45 44  0
 1 16    256  95428  56400 22471168    0    0 13814 28488 11593 11863  8  3 48 42  0
 0 18    256  96104  56500 22465692    0    0 13438 49740 12456 12965  9  3 50 38  0
 0 21    256  92560  56592 22468888    0    0 18946  7562 10940 11227  9  3 45 44  0
 0 19    256  92460  56680 22466380    0    0 22206 26680 11849 12921 10  3 52 36  0
 1 21    256  95588  56740 22464620    0    0 13346 47920 14602 14918 10  3 51 36  0
procs -----------memory---------- ---swap-- -----io---- --system-- -----cpu------
 r  b   swpd   free   buff  cache   si   so    bi    bo   in   cs us sy id wa st
 2 18    256  96256  56860 22461140    0    0 18114 24354 10651 11334  9  3 53 35  0
 0 18    256  94248  56928 22450992    0    0 20950 16692 7581 8381 10  2 50 38  0
 0 22    256  91308  57012 22452788    0    0  9356 64404 10195 10394  7  3 50 40  0
 2 18    256  93160  57108 22453224    0    0 19092 10266 7990 9101  9  2 49 39  0
 0 20    256  97276  57208 22447276    0    0 17752 37140 11595 11637  8  3 31 58  0
 0 16    256  97784  57316 22448112    0    0 14228 52338 11643 12068  8  3 32 57  0
 1 17    256  98552  57400 22444384    0    0 15186 23800 11231 11484  8  3 37 53  0
 1 15    256  96680  57472 22444652    0    0 19736 37782 9555 10127 10  3 28 60  0
 2 17    256  91828  57516 22448216    0    0  9696 43302 11859 12107  7  3 30 60  0
 0 15    256  94904  57552 22440400    0    0 14718 24450 11745 12107  8  3 38 51  0
 1 17    256  94424  57508 22438984    0    0 12620 41828 13145 13610  8  3 42 47  0
 1 21    256  91508  57408 22439636    0    0  6210 50310 12378 12201  6  3 50 41  0
 0 19    256  98100  57344 22431344    0    0 21670 21290 8858 9554  9  2 50 38  0
 0 24    256  99768  57352 22429464    0    0 10972 39732 7947 8271  8  3 38 52  0
 0 21    256  95120  57336 22434780    0    0 15576 26784 10004 10443  9  3 28 61  0
 0 20    256  94968  57392 22433212    0    0 13438 36912 10577 10660  6  3 28 63  0
 0 19    256  93016  57476 22433688    0    0 17584 19658 5787 6776  8  2 19 72  0
 2 22    256  98476  57592 22423208    0    0 14968 39012 12745 12575 12  3 25 60  0
 0 21    256  99108  57692 22419200    0    0 20592 36390 10202 10226  8  3 29 61  0
 0 16    256  96424  57792 22422172    0    0 16080 25068 8984 9917  9  3 34 54  0
 1 22    256  95276  57880 22418196    0    0 11436 39342 9345 9695  8  2 32 58  0
procs -----------memory---------- ---swap-- -----io---- --system-- -----cpu------
 r  b   swpd   free   buff  cache   si   so    bi    bo   in   cs us sy id wa st
 1 17    256  93612  57972 22420872    0    0 13276 34740 10269 11183  7  3 48 43  0
 1 20    256  93564  58088 22419460    0    0 16364 26656 13943 14318 10  3 28 59  0
 6  6    256 114732  58152 22420760    0    0 19156 35418 7659 8665  8 10 25 56  0
 1 24    256  94852  58276 22440104    0    0  5478 57528 9964 10796  4  3 30 63  0
 4 21    256  95260  58456 22427348    0    0 29216 47474 22158 23043  8  3 25 65  0
 4 18    256  92024  58532 22428912    0    0  7650 64424 12598 13268  7  3 42 48  0
 0 21    256  91580  58624 22428292    0    0 19762 23852 12133 12778 10  3 42 45  0
 3 20    256  91224  58696 22429264    0    0 18212 25492 9327 9874  8  2 31 58  0
 1 19    256  95276  58784 22422524    0    0 13604 47692 13353 13371  7  3 41 49  0
 2 16    256  94360  58888 22421336    0    0 20804 34036 12052 12750 11  3 41 44  0
 5 17    256  93860  58864 22422732    0    0 15144 36784 9095 10084  8  3 56 34  0
 2 18    256  96132  58912 22422300    0    0  5832 39590 10367 10998  5  3 56 35  0
12 14    256  95812  58796 22424180    0    0  6638 54596 10025 10443  3  2 56 39  0
 2 20    256  92672  58720 22420940    0    0 10144 52154 10546 10995  9  3 48 40  0
 1 17    256  90520  58508 22423692    0    0 11124 38688 10229 10811  5  2 60 32  0
 0 19    256  92000  58372 22420552    0    0 14294 30774 8979 9302  7  2 51 39  0
 0 19    256  98424  58192 22415928    0    0 12710 47958 5411 6349  7  2 54 37  0
 0 20    256  93728  58144 22419904    0    0  4098 52586 8562 8670  3  2 64 31  0
 1 19    256  98944  58116 22416568    0    0 10636 43168 8341 8727  7  2 59 32  0
 1 19    256  91720  57776 22423380    0    0 17916 30252 11310 10347  9  3 54 33  0
 4 18    256  98184  57488 22416352    0    0 24086 13004 8282 8857 10  2 33 54  0
procs -----------memory---------- ---swap-- -----io---- --system-- -----cpu------
 r  b   swpd   free   buff  cache   si   so    bi    bo   in   cs us sy id wa st
 1 18    256  95068  57156 22410468    0    0 24988 33246 9943 10796 13  3 44 40  0
 0 19    256  91772  57028 22413272    0    0 18478 38280 6949 8095  9  2 55 33  0
 2 19    256  95744  56684 22409976    0    0 17912 18722 5306 6641  9  2 44 45  0
 1 18    256  92180  56348 22414984    0    0 20374 34672 6903 8281  9  2 43 46  0
 3 19    256  88712  56144 22417040    0    0 24412 10418 6023 7754 11  2 40 48  0
 0 17    256  91184  55920 22415592    0    0 18476 48116 5538 6517  8  2 46 44  0
 4 21    256  85472  55636 22410580    0    0 15932 37806 5931 6963  9  2 47 42  0
13 15    256  97752  55332 22397120    0    0 13332 34320 5029 6427  6  2 45 48  0
 0 22    256  95492  55280 22403712    0    0 15524 20174 5933 6845  9  2 27 62  0
 2 16    256  87172  55084 22408948    0    0 30050 23042 6354 8251 12  2 31 55  0
 2 18    256  94088  55144 22402908    0    0 16696 40054 7266 8383  9  2 32 57  0
 2 16    256  91736  55204 22406696    0    0 14926 34058 8258 9354  8  2 36 54  0
 0 16    256  98028  55272 22403624    0    0 12630 33696 5930 7108  6  2 39 53  0
 1 17    256  93928  55304 22396428    0    0 15654 42988 7749 9150  9  2 25 63  0
 0 15    256  97152  55408 22396972    0    0 19756 21274 16397 17686 10  4 35 52  0
 0 17    256  93696  55440 22394816    0    0  9458 45766 9565 10223  9  3 37 52  0
 2 14    256  95940  55504 22394540    0    0 21374 22430 9030 9794  9  2 35 53  0
 0 14    256  91420  55536 22398768    0    0 17752 26634 7809 8323  8  2 61 29  0
 2 21    256  93264  55624 22398228    0    0 14764 27950 9842 9730 10  3 44 43  0
 1 20    256  93808  55624 22390452    0    0 22682 12396 6443 7883 11  2 30 57  0
 0 19    256  91844  55332 22394988    0    0 24390 35292 8046 9268 11  3 36 50  0
procs -----------memory---------- ---swap-- -----io---- --system-- -----cpu------
 r  b   swpd   free   buff  cache   si   so    bi    bo   in   cs us sy id wa st
 1 23    256  87812  55392 22399624    0    0 17686 26016 5837 7548 10  2 39 50  0
 1 18    256  95252  55420 22389588    0    0 16936 35272 6054 7446  9  2 45 44  0
 1 20    256  93848  55468 22392760    0    0 17018 31214 4642 6356  9  2 49 40  0
 1 20    256  94260  55552 22393024    0    0 19160 32282 6439 7362 10  2 42 46  0
 0 15    256  95132  55552 22394508    0    0 17808 20554 5738 6780  7  2 31 60  0
 1 16    256  97196  55660 22379568    0    0 24248 31666 8464 9964 13  3 33 51  0
 0 22    256  94112  55700 22380488    0    0 19156 30098 8975 9813  8  3 34 56  0
 0 24    256  92680  55752 22385468    0    0  9004 40082 10071 9901  7  3 31 59  0
 0 17    256  96380  55824 22382712    0    0 17046 28670 8211 8910 10  3 32 56  0
 3 21    256  92760  55904 22383228    0    0 20400 40324 10335 10932 13  3 18 66  0
12 12    256  94940  55984 22380976    0    0 18942 19850 8171 9394  6  2 15 77  0
13 20    256  91308  56060 22375076    0    0 23832 26838 12327 12909 16  3 26 55  0
 0 20    256  91984  56148 22375484    0    0 19084 30862 11844 12164 11  4 27 59  0
 9 21    256  92760  56200 22375488    0    0 17184 36470 8848 9188  8  2 41 49  0
 1 21    256  85960  56292 22381356    0    0 18208 20998 6747 8165 11  2 43 43  0
 0 21    256  87612  56312 22379776    0    0 16990 39866 4994 6735  8  2 45 46  0
 1 16    256  96068  56332 22368628    0    0 19836 36692 6951 8820 12  3 41 45  0
 1 18    256  92796  56416 22369756    0    0 22064 27144 7194 8200 11  2 41 46  0
 2 18    256  97944  56440 22364972    0    0 11636 48426 5363 6396  7  2 50 42  0
 0 18    256  91120  56448 22370996    0    0  7370 43682 3736 4728  4  1 44 51  0
 0 17    256  93208  56456 22370048    0    0  3972 60816 3575 4427  2  1 67 30  0
procs -----------memory---------- ---swap-- -----io---- --system-- -----cpu------
 r  b   swpd   free   buff  cache   si   so    bi    bo   in   cs us sy id wa st
 1 21    256  92328  56508 22373660    0    0 14352 35812 5076 6158  6  2 62 30  0
 0 19    256  87848  56540 22374616    0    0 19282 16718 4716 6739  9  2 48 42  0
 7 17    256  94800  56600 22368020    0    0 20178 44046 6042 7524 10  2 34 53  0
 0 12    256  99220  56652 22366296    0    0 19158 20738 4625 6370  6  2 39 54  0
 0 19    256  93888  56700 22367336    0    0 22386 23036 5464 8497 14  2 27 57  0
 1 18    256  90820  56680 22366208    0    0 19964 39810 4722 6951 10  2 37 51  0
 4 11    256  95952  56728 22365332    0    0 19128 34204 4608 6811  8  2 41 49  0
 1 12    256  92748  56712 22369872    0    0  1130 66492 2234 3789  1  1 48 50  0
 1 12    256  97248  56716 22366584    0    0  1152 58900 3289 4249  1  1 47 50  0
 0 13    256  94236  56728 22370828    0    0  1920 62060 3386 4346  1  1 48 50  0
 0 13    256  92732  56760 22373576    0    0  2572 57508 3145 4256  1  1 46 52  0
 0 10    256  96128  56744 22372192    0    0  1792 62016 3410 4345  1  1 45 52  0
 0 10    256  96052  56736 22372588    0    0   768 70710 2465 3554  1  1 48 50  0
 0 11    256  92436  56748 22376896    0    0  1280 65176 2519 3484  1  1 48 50  0
 0 11    256  95716  56748 22374748    0    0  1154 69086 2992 3854  1  1 49 49  0
 0 13    256  95240  56764 22375600    0    0  1346 72800 3054 3861  1  1 48 50  0
 0 12    256  96980  56768 22375260    0    0  1218 62850 2284 3466  1  1 49 49  0
 2 11    256  96140  56772 22377096    0    0  1344 76586 2045 3223  1  1 49 50  0
 2 12    256  91932  56780 22381436    0    0  1282 65946 2486 3603  1  1 38 60  0
 1 12    256  92940  56780 22379824    0    0  5832 45298 3286 4298  3  1 45 51  0
 0 12    256  91432  56756 22382720    0    0  2754 70064 2829 3799  2  1 55 42  0
procs -----------memory---------- ---swap-- -----io---- --system-- -----cpu------
 r  b   swpd   free   buff  cache   si   so    bi    bo   in   cs us sy id wa st
 0 11    256  96852  56748 22377436    0    0  1344 63504 1294 2862  1  1 58 41  0
 0 12    256  91624  56752 22383360    0    0  1306 62758 1572 3069  1  1 55 43  0
 0 11    256  95988  56760 22379232    0    0   898 63778 1395 2970  1  1 51 48  0
 0 11    256  91464  56768 22385024    0    0  1002 71892 1648 3007  1  1 48 51  0
 0 12    256  95388  56776 22383320    0    0   898 61580 1637 3232  1  1 49 50  0
 0  5    256 131172  56812 22387016    0    0  1606 69382 1346 2942  1  6 78 15  0
 0  7    256 129396  56816 22388912    0    0   770 63156 1215 2810  1  1 79 19  0
 2  8    256 122056  56828 22397244    0    0  1666 61710 1676 3190  1  1 64 34  0
 2 11    256 111812  56836 22409444    0    0  3970 55612 1766 3196  2  1 55 43  0
 0 12    256  91536  56860 22432360    0    0  5640 64220 2459 3738  2  1 51 45  0
 0 11    256  95180  56860 22429508    0    0  1346 70476 1504 3041  1  1 48 51  0
 0 11    256  92748  56860 22433900    0    0  1280 64454 1418 3049  1  1 48 50  0
 1 12    256  97724  56872 22431396    0    0  1284 62116 1426 3095  1  1 55 43  0
 1 12    256  91416  56876 22439256    0    0  1536 69240 1615 3154  1  1 74 24  0
 1 11    256  98016  56872 22435156    0    0  1536 70636 1411 3079  1  1 71 27  0
 1 11    256  95604  56872 22437540    0    0  1024 68882 1321 2974  1  1 65 33  0
 1 11    256  92464  56888 22443448    0    0   860 61266 1520 2998  1  1 65 33  0
 1 11    256  95612  56892 22442784    0    0  1128 70362 1735 3138  1  1 65 34  0
 1 11    256  98892  56892 22440928    0    0  1152 64242 1568 3117  1  1 63 36  0
 1 11    256  94760  56892 22447616    0    0  1024 70100 1807 3255  1  1 57 42  0
 0 11    256  92816  56904 22451536    0    0   796 63968 1560 3209  1  1 63 35  0
procs -----------memory---------- ---swap-- -----io---- --system-- -----cpu------
 r  b   swpd   free   buff  cache   si   so    bi    bo   in   cs us sy id wa st
 0 11    256  92060  56908 22454912    0    0  1000 69370 1420 2965  1  1 66 33  0
 0 11    256  99024  56900 22451720    0    0  1024 64806 1483 2997  1  1 66 33  0
 1 10    256  97900  56900 22455008    0    0  1024 66706 1326 2989  1  1 66 33  0
 0 10    256  96732  56900 22459156    0    0   768 62094 1756 3080  1  1 65 33  0
 0 10    256  97668  56908 22461216    0    0   386 67504 1222 2807  0  1 66 33  0
 0 11    256  97364  56920 22463476    0    0   552 69240 1244 2909  0  1 63 36  0
 0 11    256  97356  56928 22465416    0    0   644 68372 1378 2925  0  1 65 34  0
 0 11    256  98700  56936 22467212    0    0   386 68736 1371 2975  0  1 66 33  0
 0 12    256  98912  56972 22469880    0    0   656 60044 1253 2877  0  1 64 35  0
 1 11    256 100092  56988 22471184    0    0   584 70170 1260 2946  0  1 65 34  0
 0 11    256 100524  56996 22472736    0    0   260 69330 1283 2864  0  1 66 33  0
 0 11    256 102584  57012 22474788    0    0   392 70276 1276 2829  0  1 65 34  0
 1  3    256 271460  57088 22480088    0    0  2656 53758 1264 2982  1  5 77 17  0
 1  1    256 277956  57188 22485824    0    0  1640  1906 1369 3198  1  7 80 12  0
 1  0    256 252776  58240 22494208    0    0  3350  1748 1536 6799  1  8 83  8  0
 0  3    256 246248  59500 22499144    0    0  1076  1668 1979 3408  1  0 89 10  0
 0  3    256 242568  60940 22502988    0    0  1102  1708 2019 3269  0  0 91  8  0
 1  3    256 243196  62296 22505752    0    0  1146  6420 1786 3395  0  0 91  8  0
 0  3    256 242540  63652 22505744    0    0   782  1344 1526 3142  0  0 91  8  0
 1  0    256 163828  64428 22587244    0    0 23490 16716 1981 28410  5  2 87  7  0
 1  0    256 158704  64484 22592636    0    0  1056   990 1537 10629  8  1 89  2  0
procs -----------memory---------- ---swap-- -----io---- --system-- -----cpu------
 r  b   swpd   free   buff  cache   si   so    bi    bo   in   cs us sy id wa st
 2  0    256 154200  64492 22593248    0    0   172     0 1027 9982 12  1 87  0  0
 0  1    256 160876  64532 22593396    0    0   114  5468 1310 4681  5  1 91  4  0
 0  1    256 161376  64548 22593572    0    0     0  2006 1443 2820  0  0 91  8  0
 0  1    256 162724  64548 22593588    0    0     0  1596 1409 2709  0  0 92  8  0
 0  1    256 162984  64552 22593584    0    0     0  1624 1427 2761  0  0 92  8  0
 0  1    256 170752  64560 22593608    0    0     0  1764 1419 2751  0  0 90 10  0
 0  1    256 171240  64560 22593616    0    0     0  1680 1425 2666  0  0 92  8  0
 0  1    256 172656  64560 22593616    0    0     0  1624 1406 2567  0  0 92  8  0
 0  1    256 179508  64568 22593616    0    0     0  1664 1426 2757  0  0 92  8  0
 0  0    256 181120  64568 22593616    0    0     0   978 1293 2693  0  0 96  4  0
 1  0    256 185388  64576 22593608    0    0     0    88 1019 2733  0  1 99  0  0
 0  0    256 186276  64584 22593608    0    0    10     0 1023 2820  0  0 100  0  0
 0  0    256 185612  64592 22594396    0    0   388     0 1057 2735  0  0 100  0  0
 0  0    256 185124  64600 22594396    0    0     0    46 1027 2752  0  0 100  0  0
 0  0    256 185096  64600 22594396    0    0     0     0 1013 2624  0  0 100  0  0
 0  0    256 186632  64608 22594392    0    0     0    46 1013 2628  0  0 100  0  0
 0  0    256 186284  64608 22594400    0    0     0     0 1026 2770  0  0 100  0  0
 0  0    256 178628  64608 22594404    0    0     0     0 1010 2813  0  1 99  0  0
 0  0    256 187204  64616 22594404    0    0     0    52 1026 2822  0  0 100  0  0
 0  0    256 187952  64616 22594404    0    0     0     0 1010 2602  0  0 100  0  0
 0  0    256 187860  64624 22594396    0    0     0    40 1013 2612  0  0 100  0  0
procs -----------memory---------- ---swap-- -----io---- --system-- -----cpu------
 r  b   swpd   free   buff  cache   si   so    bi    bo   in   cs us sy id wa st
 0  0    256 188032  64624 22594404    0    0     0     0 1024 2667  0  0 100  0  0
 0  0    256 188380  64624 22594404    0    0     0     0 1009 2720  0  0 100  0  0
 0  0    256 188532  64632 22594404    0    0     0    46 1020 2806  0  0 100  0  0
 0  0    256 188300  64632 22594404    0    0     0     0 1014 2814  0  0 100  0  0
 0  0    256 188152  64640 22594400    0    0     0    58 1011 2814  0  0 100  0  0
 0  0    256 188408  64640 22594408    0    0     0     0 1015 2806  0  0 100  0  0
 0  0    256 188580  64640 22594484    0    0     0    58 1062 2867  0  0 100  0  0
 0  0    256 188336  64648 22594484    0    0     0   120 1018 2809  0  0 100  0  0
 0  0    256 188268  64648 22594484    0    0     0     0 1009 2655  0  0 100  0  0
 0  0    256 187900  64656 22594476    0    0     0    44 1012 2613  0  0 100  0  0
 0  0    256 188500  64656 22594484    0    0     0     0 1016 2732  0  0 100  0  0
 0  0    256 187360  64664 22594476    0    0     0    84 1015 2711  0  0 100  0  0
 0  0    256 187392  64664 22594484    0    0     0     0 1015 2689  0  0 100  0  0
 1  0    256 186160  64672 22594480    0    0     0    98 1009 2551  0  0 100  0  0
 0  0    256 178716  64672 22594488    0    0     0     0 1009 2632  0  0 100  0  0
 0  0    256 178736  64672 22594488    0    0     0     0 1012 2739  0  0 100  0  0
 1  0    256 2726536  64772 22594776    0    0   222    42 1062 3126  1  1 98  1  0
 0  0    256 8825232  64780 22594752    0    0     4     0 1018 2358  0  1 99  0  0
 3  0    256 8843320  64792 22594676    0    0     0    74 1012 2419  0  0 100  0  0
