procs -----------memory---------- ---swap-- -----io---- -system-- -----cpu------
 r  b   swpd   free   buff  cache   si   so    bi    bo   in   cs us sy id wa st
 0  3 160500 31314208   3096  74256    0    0    47    20    1    2  0  0 99  0  0
 0  1 160500 31250144   3256  88064    0    0  6924     0 1408 1250  5  0 87  7  0
 2  0 160500 31147824   3292 106800    0    0  9466   142 2121 2176  9  0 87  3  0
 1  0 160500 31007856   3376 121000    0    0  6894     0 1918 1912  9  0 88  3  0
 0  0 160500 30953772   3440 125440    0    0  2202    18 1110 1179  7  0 92  1  0
 4 12 160500 29582532   3632 171980    0    0 23242     0 5544 5577 32  2 50 15  0
 5 10 160500 25522992   4060 471100    0    0 71016     0 18483 16512 47 12 30 11  0
 8 11 160500 24471416   4388 791076    0    0 68930     0 13165 16397 34  6 35 25  0
 5  9 160500 23924676   4688 1106476    0    0 72770     0 14358 14542 36  5 35 24  0
 7  6 160500 23547040   5008 1437048    0    0 74700     0 13608 16322 39  5 33 23  0
 9  9 160500 23170708   5320 1753012    0    0 68726 21174 14970 16745 41  5 28 27  0
 2  9 160500 22598696   5628 2073716    0    0 67290 10022 13337 17002 30  5 34 32  0
 3  9 160500 22242444   5944 2417332    0    0 70828     0 14074 17305 34  4 33 28  0
 4  7 160500 20919868   6252 2743568    0    0 70060     0 13857 16243 34  7 32 27  0
 1  2 160500 20683324   6460 2970404    0    0 46738 27596 12828 13068 23  3 56 18  0
 4  8 160500 20456992   6652 3120284    0    0 24922 51884 11243 10536 12  2 69 16  0
 2  1 160500 20217756   6920 3357736    0    0 51982 10500 12967 12696 23  3 55 18  0
 0  3 160500 20017744   7104 3557244    0    0 34850 37148 12093 13015 17  3 68 12  0
 3  1 160500 19813540   7308 3748512    0    0 34466 45406 12517 12919 16  3 69 12  0
 4  3 160500 19624912   7540 3938092    0    0 44216 19522 11460 11591 19  2 66 13  0
 4  5 160500 19442128   7728 4114260    0    0 39388 28934 12988 11609 19  3 66 13  0
procs -----------memory---------- ---swap-- -----io---- -system-- -----cpu------
 r  b   swpd   free   buff  cache   si   so    bi    bo   in   cs us sy id wa st
 1  3 160500 19248688   7900 4307244    0    0 41358 36498 12949 12287 19  2 62 17  0
 0  3 160500 19090324   8064 4464880    0    0 33444 42314 11327 10788 14  2 60 23  0
 2  4 160500 18966548   8208 4588316    0    0 20124 40958 11387 10139 10  2 69 18  0
 3  1 160500 18742720   8432 4789432    0    0 40600 49708 12448 13627 18  4 63 15  0
 6  2 160500 18509236   8656 5024976    0    0 43434 32734 13463 13529 20  3 68 10  0
 4  4 160500 18261964   8888 5265576    0    0 36412 25370 13434 15417 19  4 62 15  0
 3  3 160500 18043808   9128 5483136    0    0 37554 35498 13384 14475 17  3 63 17  0
 2  2 160500 17817036   9344 5710840    0    0 39822 32352 13275 13815 18  3 63 16  0
 4  2 160500 17609956   9536 5918504    0    0 33570 45056 12524 13555 16  3 65 16  0
 2  3 160500 17429188   9684 6076144    0    0 32030 40026 11438 11332 15  2 64 18  0
 2  4 160500 17276272   9848 6228116    0    0 29626 60184 11757 10624 15  2 67 17  0
 1  3 160500 17109756   9996 6396172    0    0 34340 28508 12173 11496 15  2 69 14  0
 2  4 160500 16908480  10200 6594712    0    0 44334 34076 13192 12564 21  3 58 19  0
 0  3 160500 16738344  10396 6764268    0    0 33836 38800 11744 11476 15  3 69 14  0
 1  5 160500 16599712  10556 6902356    0    0 27300 54582 11082 9853 12  2 74 13  0
 2  3 160500 16402172  10716 7066780    0    0 30214 42700 12186 12627 14  3 69 14  0
 3  5 160500 16200052  10904 7268996    0    0 37050 37146 14046 14734 16  3 66 15  0
 1  2 160500 16039712  11060 7428444    0    0 30088 57412 11550 10975 14  2 69 14  0
 1  2 160500 15911620  11208 7555724    0    0 24102 41896 12752 10601 11  2 77 10  0
 0  2 160500 15815148  11308 7649356    0    0 15628 60814 10375 8532  8  2 81  9  0
 3  3 160500 15699316  11440 7764824    0    0 18482 51310 11335 9600  9  2 80  9  0
procs -----------memory---------- ---swap-- -----io---- -system-- -----cpu------
 r  b   swpd   free   buff  cache   si   so    bi    bo   in   cs us sy id wa st
 2  2 160500 15574208  11548 7890380    0    0 20608 47210 11026 9628 10  2 76 11  0
 2  3 160500 15442280  11688 8022040    0    0 20908 47674 12823 11860 10  2 76 12  0
 0  2 160500 15291504  11840 8171408    0    0 23938 44604 13185 12883 11  2 74 13  0
 0  2 160500 15176184  11948 8288476    0    0 17172 64030 12296 11484  9  2 74 15  0
 1  3 160500 15027700  12104 8383964    0    0 21422 50834 13014 12962 10  5 67 17  0
 1  3 160500 14878760  12276 8533236    0    0 17786 45620 14659 16036 10  3 55 33  0
 3  1 160500 14712476  12436 8701068    0    0 20242 57208 15019 17021 10  3 71 17  0
 3  2 160500 14536024  12608 8877028    0    0 18966 42628 14841 17530 10  3 73 15  0
 1  2 160500 14363152  12764 9049864    0    0 21146 63086 15514 17573 10  2 75 12  0
 3  2 160500 14239796  12880 9173756    0    0 16014 49440 14928 15637  9  2 80  9  0
 2  2 160500 14098436  13008 9313936    0    0 19470 58022 15437 16654 10  2 78 10  0
 4  2 160500 13957520  13164 9453004    0    0 21274 51700 14867 15615 11  2 75 11  0
 3  5 160500 13745580  13388 9666464    0    0 36298 44706 15767 18314 17  3 64 16  0
 3  2 160500 13436540  13664 9932936    0    0 48932 20614 15068 18997 23  3 58 16  0
 3  4 160500 13134104  13980 10232880    0    0 53836 11544 15219 19777 24  4 52 20  0
 2  2 160500 12919220  14168 10449716    0    0 39438 43850 13038 15540 17  3 60 19  0
 3  2 160500 12736692  14336 10622900    0    0 33572 41000 11818 12719 16  3 61 20  0
 0  2 160500 12616776  14464 10741396    0    0 23710 45046 11318 10691 11  2 68 20  0
 1  3 160500 12502968  14572 10856228    0    0 19886 63702 10873 10045  9  2 71 18  0
 1  3 160500 12344132  14728 11014704    0    0 31906 36800 12212 11610 14  3 66 17  0
 4  3 160500 12136680  14888 11170672    0    0 32030 29276 12519 10225 15  3 70 12  0
procs -----------memory---------- ---swap-- -----io---- -system-- -----cpu------
 r  b   swpd   free   buff  cache   si   so    bi    bo   in   cs us sy id wa st
 3  2 160500 12006480  15020 11300504    0    0 28554 50006 11165 9273 12  2 69 17  0
 4  4 160500 11869180  15172 11437724    0    0 26778 51310 13026 10762 13  2 71 13  0
 5  2 160500 11680444  15344 11625648    0    0 29212 41750 14226 13912 15  3 71 12  0
 3  3 160500 11476680  15548 11823524    0    0 31010 42836 13899 14282 15  3 68 14  0
 5  6 160500 11191380  15820 12108600    0    0 39490 31990 14196 19280 20  4 64 13  0
 5  7 160500 10923664  16088 12378124    0    0 41306 18594 13544 17929 20  4 62 14  0
 2  2 160500 10640812  16340 12625684    0    0 41322 16844 13238 17419 19  4 58 19  0
 4  4 160500 10437964  16584 12826884    0    0 38114 18808 12542 12944 17  3 60 21  0
 3  4 160500 10216856  16792 13042640    0    0 41106 21994 13928 14895 20  3 63 14  0
 0  5 160500 10093772  16912 13165788    0    0 21636 27126 11349 10368 10  2 75 14  0
 1  2 160500 10006096  17064 13256456    0    0 26660 61076 11897 10551 12  5 65 18  0
 2  7 160500 9840928  17236 13420588    0    0 27308 41600 11129 11529 13  2 59 26  0
 3  2 160500 9627144  17444 13633988    0    0 35980 30456 11471 14049 16  3 60 21  0
 1  3 160500 9315248  17724 13888380    0    0 43566 19612 13557 18334 21  4 56 19  0
 5  3 160500 9076540  17956 14124496    0    0 38444 38704 13646 17208 19  3 58 20  0
 3  3 160500 8913092  18140 14291748    0    0 28578 48532 13180 15184 14  2 69 15  0
 3  4 160500 8704552  18340 14488224    0    0 40368 43138 12405 15106 18  3 63 16  0
 2  4 160500 8476128  18560 14717060    0    0 44996 19920 12538 16642 21  3 60 17  0
 6  2 160500 8124440  18764 14935352    0    0 36876 27826 13397 17693 23  3 62 11  0
 1  2 160500 8133260  18868 15037920    0    0 14480 66540 10788 12092  7  2 79 12  0
 2  3 160500 7910872  19140 15261528    0    0 31408 36032 15711 19807 15  3 65 17  0
procs -----------memory---------- ---swap-- -----io---- -system-- -----cpu------
 r  b   swpd   free   buff  cache   si   so    bi    bo   in   cs us sy id wa st
 3  4 160500 7626292  19396 15544172    0    0 46382 29408 15578 20215 22  4 62 13  0
 4  5 160500 7329684  19692 15830576    0    0 40158 20354 16411 22770 21  4 56 19  0
 2  2 160500 7003848  20020 16154572    0    0 52492 24942 16395 23196 23  4 53 20  0
 4  5 160500 6674648  20336 16462232    0    0 56022 18842 15543 20246 26  4 51 18  0
 4  4 160500 6369384  20628 16767584    0    0 55356 16122 14066 21220 24  4 56 16  0
 0  4 160500 6096212  20876 17022184    0    0 51532 33174 12674 18114 25  4 55 16  0
 3  4 160500 5828884  21128 17290512    0    0 45358 17970 13624 19299 21  3 55 20  0
 2  4 160500 5530400  21424 17588356    0    0 54200 17758 14793 21316 25  4 55 16  0
 4  4 160500 5200332  21744 17908860    0    0 65686 11330 14042 20001 31  4 49 16  0
 6  3 160500 4881896  22072 18226268    0    0 59842 18392 14118 21703 28  4 47 21  0
 4  6 160500 4525388  22388 18561584    0    0 60886 12396 13372 20170 28  5 48 20  0
 2  3 160500 4149656  22724 18920100    0    0 65470 12664 14374 21273 31  5 45 19  0
 3  5 160500 3910188  23000 19159800    0    0 46756 24992 12099 16178 20  4 61 16  0
 4  5 160500 3625508  23324 19442132    0    0 56538 16628 12248 15578 27  4 50 19  0
 5  4 160500 3295688  23640 19767084    0    0 56022 20106 13692 18600 27  5 49 20  0
 4  2 160500 2978276  23936 20084152    0    0 56964 18352 11883 18418 26  4 54 17  0
 7  3 160500 2716380  24172 20324396    0    0 41644 34970 12073 16327 19  3 62 15  0
 2  3 160500 2479356  24432 20557036    0    0 49720 24120 11140 13344 20  3 55 21  0
 2  3 160500 2210144  24708 20811392    0    0 48954 18852 11557 14369 22  3 56 19  0
 2  5 160500 1911800  24980 21111504    0    0 52688 24388 13188 16917 24  4 57 14  0
 1  2 160500 1652764  25228 21370260    0    0 43156 30154 12989 16171 19  4 63 15  0
procs -----------memory---------- ---swap-- -----io---- -system-- -----cpu------
 r  b   swpd   free   buff  cache   si   so    bi    bo   in   cs us sy id wa st
 2  4 160500 1479832  25396 21527292    0    0 19502 54090 11249 13898 10  2 76 11  0
 2  3 160500 1293236  25560 21713680    0    0 31748 41756 10621 12736 15  3 68 14  0
 1  3 160500 1140748  25728 21866728    0    0 24732 53868 8151 11111 11  2 72 15  0
 1  2 160500 925224  25960 22081404    0    0 37288 33864 9187 13294 16  3 65 16  0
 1  3 160500 775068  26116 22211920    0    0 18076 63654 7415 9171  9  2 70 18  0
 7  4 160500 565148  26312 22421520    0    0 35782 45066 8878 13268 16  3 66 15  0
 1  3 160500 333780  26528 22652960    0    0 43662 26724 8548 14205 18  3 65 14  0
 2  2 160500 176172  26684 22810408    0    0 22936 54600 8007 12331 10  2 71 16  0
 2  6 160500 104244  26292 22862940    0    0 32272 50032 8477 12312 15  2 68 15  0
 2  3 160500 102896  26416 22862004    0    0 22906 48956 8146 8691 11  2 70 18  0
 5  2 160500 100456  26568 22864496    0    0 32412 49292 9972 10028 15  2 66 17  0
 0  3 160500 100472  26716 22862796    0    0 27166 44842 8869 9361 12  2 66 20  0
 2  3 160500  99356  26812 22845328    0    0 18968 72420 6621 6386  8  2 73 17  0
 0  2 160500  99240  26904 22846708    0    0 12688 51012 6522 6078  6  1 74 19  0
 0  7 160500  99736  26976 22845124    0    0  6972 58340 5417 5083  4  6 71 19  0
 1  3 160500  98232  27104 22845336    0    0 22508 44644 8220 7481  9  2 74 15  0
 0  3 160500 104848  27216 22840188    0    0 24498 30682 9327 9198 10  2 74 14  0
 3  3 160500  98260  27372 22846412    0    0 25370 33230 9242 9987 11  2 71 15  0
 2  3 160500 105096  27516 22831204    0    0 25598 25570 9667 11228 12  2 75 11  0
 1  2 160500 102244  27700 22833740    0    0 25630 32444 11825 12578 12  2 72 14  0
 1  2 160500 105328  27848 22830172    0    0 29986 26154 11606 11775 13  3 74 10  0
procs -----------memory---------- ---swap-- -----io---- -system-- -----cpu------
 r  b   swpd   free   buff  cache   si   so    bi    bo   in   cs us sy id wa st
 2  3 160500 116040  27976 22817224    0    0 25370 43328 8145 7330 12  2 74 12  0
 2  2 160500 104624  28108 22804628    0    0 25116 42474 7497 7445 12  2 73 13  0
 0  2 160500  99804  28144 22807300    0    0  6532 65136 5014 5235  4  1 86  9  0
 0  3 160500 103400  28236 22802668    0    0 14518 58798 6825 5924  6  1 83 10  0
 0  2 160500  98324  28284 22807112    0    0  7022 66780 5736 6030  4  1 81 15  0
 0  2 160500 104864  28336 22801488    0    0  7818 65360 5849 5797  4  1 80 15  0
 1  2 160500 100272  28380 22807072    0    0  7816 32056 4501 4595  4  1 83 12  0
 1  2 160500 106108  28420 22802628    0    0  6914 39248 5044 5187  4  1 87  9  0
 0  3 160500  97428  28512 22811356    0    0 15636 33508 5813 7411  7  1 81 11  0
 2  3 160500  99212  28644 22807544    0    0 28322 31798 6614 8987 12  2 76 11  0
 1  3 160500  98272  28744 22802180    0    0 22552 37058 5859 7870 11  2 75 13  0
 1  2 160500 100644  28848 22797804    0    0 26006 51022 5773 7987 11  2 70 17  0
 1  2 160500 103872  28976 22793392    0    0 22814 39750 5998 7536 10  1 70 19  0
 1  4 160500  96928  29084 22801196    0    0 26420 49586 7328 9170 12  2 67 19  0
 2  2 160500 101268  29192 22798932    0    0 26756 34848 7548 9466 12  2 67 20  0
 0  4 160500  99436  29312 22773812    0    0 25908 38812 8086 9372 12  2 72 14  0
 1  3 160500  99420  29424 22773684    0    0 24832 52320 7855 7193 11  2 73 15  0
 2  3 160500 102456  29536 22771360    0    0 24858 45808 6219 7488 10  2 74 14  0
 1  2 160500 102844  29628 22769604    0    0 24600 46140 6471 7558 11  2 75 12  0
 2  5 160500 104952  29752 22767992    0    0 24732 51356 6613 7252 11  2 71 16  0
 1  2 160500 100240  29828 22764164    0    0 16914 63976 6356 6162  8  1 73 17  0
procs -----------memory---------- ---swap-- -----io---- -system-- -----cpu------
 r  b   swpd   free   buff  cache   si   so    bi    bo   in   cs us sy id wa st
 1  3 160500  99332  29900 22763072    0    0 12936 56402 7044 7988  7  2 80 12  0
 2  3 160500 105284  30016 22758440    0    0 15404 46158 8057 9789  8  2 79 12  0
 3  3 160500 105960  30124 22757560    0    0 12660 69970 8503 10768  7  2 79 12  0
 3  2 160500 104464  30252 22758148    0    0 24864 37574 7669 8853 10  2 71 18  0
 1  2 160500 106432  30420 22756456    0    0 29984 32726 8979 10637 14  2 71 13  0
 3  2 160500 101852  30580 22725988    0    0 29090 36928 8724 11128 13  3 74 11  0
 4  3 160500 104720  30760 22722568    0    0 34336 41768 10174 13762 15  3 63 19  0
 1  2 160500 105308  30940 22718812    0    0 28832 45590 8913 11618 12  2 71 15  0
 4  3 160500 102820  31116 22721904    0    0 26268 31564 10749 14478 12  3 73 12  0
 1  2 160500 101820  31312 22703132    0    0 31774 49628 10117 13090 14  3 72 11  0
 0  3 160500 103744  31452 22699384    0    0 21296 57902 7789 10435 10  2 74 14  0
 1  3 160500  99512  31672 22701584    0    0 21634 43900 10336 13860 10  3 72 15  0
 2  3 160500 102516  31860 22701416    0    0 27188 45694 10360 12551 12  3 72 13  0
 3  3 160500 100128  32092 22701000    0    0 23576 48360 13370 17911 12  4 69 15  0
 1  3 160500  99424  32256 22691108    0    0 20476 57972 11831 14534 11  3 71 15  0
 4  2 160500 104748  32416 22681752    0    0 22168 52506 9461 13338 10  2 69 19  0
 0  3 160500  98176  32592 22690452    0    0 19220 66224 11029 14661 10  2 72 16  0
 0  3 160500  99216  32760 22693084    0    0 23092 40804 11813 15324 11  3 71 15  0
 2  3 160500  97836  32988 22679512    0    0 34596 30672 12631 16078 17  3 65 15  0
 1  2 160500 111352  33160 22663160    0    0 34314 42876 12276 15638 20  3 64 13  0
 0  2 160500 103284  33336 22672620    0    0 24604 60794 10236 12872 11  2 74 12  0
procs -----------memory---------- ---swap-- -----io---- -system-- -----cpu------
 r  b   swpd   free   buff  cache   si   so    bi    bo   in   cs us sy id wa st
 3  2 160500 102052  33548 22675896    0    0 35748 25898 12353 17449 16  4 60 20  0
 4  4 160500  98464  33740 22663344    0    0 27446 52406 12756 17600 13  3 70 13  0
 2  5 160500 101084  33976 22658248    0    0 43568 25284 11269 14654 19  3 63 15  0
 2  4 160500 105928  34184 22653596    0    0 43806 24936 8619 10843 19  3 59 19  0
 6  4 160500 103076  34416 22645208    0    0 53052 12896 8626 12439 22  3 52 23  0
 1  2 160500  97264  34584 22649920    0    0 41768 31414 6906 9636 18  2 58 23  0
 0  3 160500 103132  34712 22646680    0    0 23834 55162 5885 8078 10  2 75 13  0
 2  2 160500  99296  34824 22647284    0    0 25628 50750 5582 7491 11  2 74 13  0
 4  5 160500 104364  35004 22625316    0    0 37978 33846 7055 9562 16  3 69 12  0
 1  3 160500 102504  35144 22627556    0    0 35206 45160 6803 9399 14  2 69 15  0
 1  3 160500  98452  35288 22631064    0    0 37258 22082 6286 8953 15  2 64 18  0
 0  3 160500 105280  35440 22608868    0    0 31776 57946 7078 9834 15  2 67 16  0
 1  2 160500  97276  35600 22617880    0    0 30886 32450 6279 8398 12  2 69 16  0
 1  5 160500  97384  35820 22615796    0    0 36294 13418 10230 12898 17  3 57 23  0
 3  4 160500  98252  36008 22604804    0    0 33322 26434 10093 13433 16  3 63 18  0
 4  4 160500 104716  36248 22599328    0    0 50580 30850 10325 14345 21  4 59 16  0
 3  2 160500 105996  36428 22597272    0    0 37284 35290 9468 12438 16  3 66 15  0
 3  4 160500 103284  36628 22576724    0    0 35400 31282 9424 9640 16  2 70 12  0
 2  3 160500 102764  36780 22576460    0    0 33164 45142 10722 10944 14  2 70 14  0
 2  4 160500 101404  36956 22576328    0    0 35158 25290 12189 12131 15  3 69 14  0
 3  3 160500 102148  37148 22575624    0    0 36042 45838 12123 13757 17  3 66 14  0
procs -----------memory---------- ---swap-- -----io---- -system-- -----cpu------
 r  b   swpd   free   buff  cache   si   so    bi    bo   in   cs us sy id wa st
 1  2 160500 102720  37268 22565088    0    0 18686 47214 7951 9217  9  2 74 15  0
 0  2 160500 102360  37324 22565164    0    0 14222 72212 4712 5064  6  1 78 14  0
 0  2 160500  97152  37416 22571460    0    0 16408 48112 5706 5885  7  1 72 19  0
 1  3 160500 103276  37476 22565448    0    0 15116 56792 5681 6226  7  1 73 19  0
 1  2 160500  97696  37560 22571248    0    0 19988 57806 6328 6184  8  1 69 21  0
 2  3 160500 101036  37636 22567004    0    0 14378 58142 5025 4190  6  1 75 18  0
 0  2 160500 100632  37724 22567572    0    0 18168 57782 5826 5524  8  1 75 16  0
 1  2 160500 101868  37820 22555236    0    0 11532 58430 6203 6716  6  2 74 18  0
 2  3 160500  97156  37924 22559256    0    0 16808 67476 6363 6883  7  2 73 18  0
 1  2 160500 102836  38004 22553572    0    0  9072 66378 5034 5753  4  1 77 17  0
 0  2 160500 100628  38076 22555756    0    0  8714 62886 4853 5039  4  1 77 17  0
 1  3 160500 102596  38112 22554020    0    0  6536 63986 3638 3209  3  1 79 18  0
 0  2 160500 105376  38136 22550644    0    0  5382 65388 3644 3425  2  1 77 20  0
 0  2 160500 100544  38164 22556748    0    0  5380 64316 4485 4493  3  1 80 16  0
 0  2 160500  98248  38204 22558152    0    0  5638 64856 4929 5061  3  1 79 17  0
 1  3 160500  99628  38228 22557812    0    0  5380 76684 4862 4664  3  1 79 17  0
 1  2 160500 146060  38368 22508816    0    0  4616 66276 8826 11246  3  7 74 16  0
 1  3 160500  97468  38496 22557948    0    0  5538 60748 8088 10314  4  1 78 17  0
 0  3 160500 102180  38576 22552632    0    0  4462 59780 6544 7936  3  1 68 28  0
 0  2 160500 102880  38628 22550168    0    0  3976 78224 6055 7435  3  1 78 18  0
 0  2 160500 105484  38708 22547484    0    0  3330 75754 6481 8087  2  1 80 16  0
procs -----------memory---------- ---swap-- -----io---- -system-- -----cpu------
 r  b   swpd   free   buff  cache   si   so    bi    bo   in   cs us sy id wa st
 0  2 160500 100152  38760 22553344    0    0  2432 80252 6266 7802  2  1 81 16  0
 0  2 160500 109324  38832 22545204    0    0  5136 50112 4895 5484  3  1 79 17  0
 0  2 160500 100456  38888 22554904    0    0  6658 43610 6748 7749  4  1 78 17  0
 0  2 160500 102656  38960 22553396    0    0  4358 49252 8053 9661  3  1 79 17  0
 0  2 160500 103748  39024 22552180    0    0  6662 52482 7778 8667  4  1 79 16  0
 0  3 160500 101524  39048 22529716    0    0  3330 66474 5648 5640  3  1 78 18  0
 2  3 160500 100168  39132 22531292    0    0 13202 58014 6918 6117  5  1 76 18  0
 2  2 160500 100976  39288 22531100    0    0 27036 45116 9492 10169 11  2 69 18  0
 6  2 160500 100512  39380 22530840    0    0 14350 60164 9107 10183  7  2 75 17  0
 1  3 160500  99140  39452 22534596    0    0 14092 44350 8592 7921  7  2 74 18  0
 1  3 160500  96712  39544 22535556    0    0 22318 42106 7272 7286  9  1 69 20  0
 2  3 160500  99588  39672 22532908    0    0 20760 41708 7370 8797  9  2 69 20  0
 3  2 160500  97372  39796 22525852    0    0 25724 25202 7095 8990 12  2 68 18  0
 2  2 160500 101580  39856 22518132    0    0  7438 72132 5174 5619  3  1 79 17  0
 1  2 160500 101152  39944 22517408    0    0  5380 78326 7042 8202  3  2 77 18  0
 1  2 160500  97192  40020 22524136    0    0  3332 78752 6291 7604  3  2 80 15  0
 2  3 160500 100276  40112 22519660    0    0  4356 68286 6572 8424  3  2 80 15  0
 0  2 160500 101492  40204 22517812    0    0  3848 61598 6726 8432  3  1 79 17  0
 1  2 160500  97044  40256 22522580    0    0  3072 73542 5809 7233  2  1 81 16  0
 0  2 160500 105608  40332 22514616    0    0  5898 67832 6207 7741  3  2 75 20  0
 1  2 160500 106236  40404 22515180    0    0  5640 65648 6122 7102  3  1 78 17  0
procs -----------memory---------- ---swap-- -----io---- -system-- -----cpu------
 r  b   swpd   free   buff  cache   si   so    bi    bo   in   cs us sy id wa st
 2  2 160500 101804  40424 22522448    0    0  2624 71362 4678 4659  2  1 81 17  0
 0  4 160500  98952  40484 22523120    0    0  8104 60512 4482 4234  4  1 75 20  0
 1  2 160500 105468  40564 22518268    0    0 21112 47684 6083 5340  9  1 74 16  0
 0  2 160500 104284  40628 22517376    0    0 13582 63312 4313 3939  6  1 80 13  0
 2  3 160500 103788  40680 22517936    0    0  8458 76868 4279 3689  4  1 78 17  0
 1  4 160500 106548  40744 22514076    0    0 12608 61236 5665 4474  6  1 78 15  0
 0  2 160500 104960  40800 22513048    0    0 11616 70744 5390 4603  5  1 78 17  0
 1  3 160500  99736  40868 22517720    0    0 14606 61538 5744 5378  7  2 75 17  0
 1  2 160500 102332  40952 22519160    0    0 14616 46090 5268 4613  6  1 75 18  0
 1  3 160500 101456  41056 22516188    0    0 23188 50402 7836 5366 10  2 76 12  0
 1  3 160500  99132  41144 22519476    0    0 21398 47360 6872 5909  9  2 76 13  0
 1  3 160500  99200  41260 22497484    0    0 27318 46520 9285 6958 13  2 73 13  0
 1  2 160500  98696  41396 22496864    0    0 28170 40336 8622 6144 12  2 71 16  0
 1  3 160500 101788  41488 22495412    0    0 18578 64982 6680 5264  8  2 73 18  0
 0  2 160500 103508  41608 22493264    0    0 11532 62268 8303 9222  6  2 82 10  0
 0  3 160500 103384  41700 22492996    0    0  8616 64472 6472 6842  4  1 79 15  0
 2  3 160500 101400  41792 22494384    0    0 12944 54748 8431 9232  7  2 80 12  0
 0  2 160500  98976  41880 22498516    0    0 13046 65362 8188 8519  7  2 79 13  0
 2  2 160500 100060  41936 22496308    0    0  7814 64048 7141 7228  5  1 86  8  0
 1  3 160500 220112  42068 22358032    0    0 16816 69610 10201 9582 13  2 74 11  0
 2  4 160500 104544  42204 22472428    0    0 23170 55890 9139 9511 10  2 75 13  0
procs -----------memory---------- ---swap-- -----io---- -system-- -----cpu------
 r  b   swpd   free   buff  cache   si   so    bi    bo   in   cs us sy id wa st
 0  4 160500 104668  42408 22473220    0    0 14588 53806 9254 11967  7  3 74 16  0
 0  3 160500 100428  42784 22477496    0    0  9712 47952 8674 11315  5  2 70 23  0
 3  3 160500 101544  43172 22476364    0    0  8864 35536 6336 7387  5  2 71 23  0
 1  3 160500  97196  43616 22480536    0    0  9444 47218 6715 7708  5  2 71 22  0
 2  5 160500  97056  44088 22482120    0    0 25272 27160 8671 8402 11  2 66 21  0
 4  3 160500 102736  44620 22458808    0    0 27968 20714 9762 11708 13  3 66 18  0
 0  2 160500 105356  44944 22451856    0    0 34442 22852 9208 8775 15  2 67 16  0
 3  4 160500 101140  45096 22455360    0    0 15660 58666 9059 10170  8 13 65 14  0
 2  2 160500 103256  45224 22452260    0    0 19960 33358 8118 9580  9  2 69 20  0
 2  6 160500  99396  45356 22459372    0    0 11542 55878 7841 10195  6  2 66 25  0
 0  3 160500 103232  45524 22451452    0    0 19248 60444 8305 10582  9  2 73 16  0
 3  4 160500  97480  45688 22436708    0    0 18686 45280 8839 11007 10  2 74 14  0
 0  3 160500 103416  45824 22430832    0    0 15634 67172 9385 10295  8  2 80 10  0
 1  3 160500 105036  45928 22428628    0    0 17836 28352 7296 6549  8  2 80 10  0
 0  2 160500  97208  46000 22440928    0    0 11768 35268 5265 5014  5  1 82 11  0
 1  3 160500 100060  46048 22436620    0    0  9224 57166 4723 3981  4  1 82 12  0
 1  2 160500 101440  46128 22435484    0    0  9482 55774 6836 6720  5  1 80 14  0
 0  2 160500  97100  46220 22439704    0    0 11536 67016 5993 6655  5  1 81 13  0
 1  2 160500  97820  46312 22439380    0    0 13324 59228 6921 7045  7  1 75 17  0
 0  2 160500 100828  46408 22437728    0    0  9226 60074 6798 7208  6  1 77 16  0
 0  2 160500 101324  46540 22427504    0    0 18968 43612 7977 8326  9  2 72 17  0
procs -----------memory---------- ---swap-- -----io---- -system-- -----cpu------
 r  b   swpd   free   buff  cache   si   so    bi    bo   in   cs us sy id wa st
 0  2 160500  99564  46588 22429804    0    0  9224 27358 4890 4514  4  1 83 12  0
 1  2 160500 101408  46684 22429272    0    0 11278 48958 6440 6172  5  1 82 11  0
 2  2 160500 103904  46776 22424692    0    0  9226 43244 6910 7561  5  1 78 15  0
 0  2 160500 102076  46872 22426844    0    0 14350 65706 6703 6551  7  2 78 13  0
 1  2 160500 106060  46988 22423432    0    0 11658 54522 7531 9209  6  2 77 15  0
 0  2 160500 101340  47112 22426628    0    0  9100 58112 8073 9766  5  2 81 12  0
 1  2 160500 104396  47220 22422172    0    0  7946 61270 6539 8036  4  2 83 10  0
 1  1 160500 102476  47248 22425376    0    0  5380 71042 3996 3868  3  1 88  8  0
 1  2 160500 100484  47344 22425536    0    0  9098 56652 6052 6552  5  1 80 13  0
 0  4 160500  99052  47440 22428532    0    0  8074 55680 6238 7037  5  1 77 17  0
 1  6 160500 103368  47604 22418772    0    0 25704 37214 7514 9575 12  2 62 23  0
 1  2 160500  96936  47756 22424216    0    0 27268 52480 7327 10073 11  2 65 21  0
 4  2 160500 100780  47948 22418972    0    0 38696 36374 7597 9242 16  2 59 23  0
 1  2 160500  96796  48112 22424636    0    0 17046 62092 9629 11922  8  2 71 19  0
 1  1 160500 104856  48244 22417460    0    0 13072 66846 9654 11831  7  3 81 10  0
 0  3 160500 100888  48412 22398784    0    0 18094 50164 10025 12212 10  3 77 10  0
 1  2 160500 100416  48476 22399204    0    0  7280 56894 6728 7780  4  2 84 11  0
 1  2 160500 118908  48552 22380288    0    0  8612 57716 7116 7976  5  4 79 12  0
 0  2 160500 106732  48616 22390788    0    0 11124 53578 4399 3848  5  1 80 14  0
 2  2 160500 101152  48784 22399316    0    0 15888 51058 9462 11567  7  2 67 24  0
 1  2 160500 105988  48876 22392808    0    0  9868 67446 9491 11045  5  2 80 14  0
procs -----------memory---------- ---swap-- -----io---- -system-- -----cpu------
 r  b   swpd   free   buff  cache   si   so    bi    bo   in   cs us sy id wa st
 1  2 160500 101616  48996 22396836    0    0 14226 58844 10315 12727  7  2 77 14  0
 2  3 160500 121960  49108 22376552    0    0 10768 63084 9643 11446  6  2 78 14  0
 2  1 160500 103160  49204 22394128    0    0  9608 73538 9369 10855  6  2 81 12  0
 0  2 160500  99588  49272 22399100    0    0  9226 67258 5475 6320  4  1 81 14  0
 2  3 160500  99960  49316 22397148    0    0  6562 77346 4492 4912  3  1 80 16  0
 0  2 160500  98588  49376 22399992    0    0  6252 72526 4741 5553  4  1 79 16  0
 2  2 160500 100568  49460 22391904    0    0  8198 68728 6819 7688  6  1 77 16  0
 0  2 160500 108232  49596 22383936    0    0  9994 67858 10480 13579  6  2 77 16  0
 0  2 160500 105016  49704 22387832    0    0  8202 70636 10980 14062  5  2 80 13  0
 2  2 160500 103908  49840 22388956    0    0  8462 62334 13968 17730  5  2 77 15  0
 1  2 160500  96848  49920 22393928    0    0  6280 75458 10751 13351  4  2 83 11  0
 5  1 160500 128684  50008 22365352    0    0  6410 54446 8562 10416  4  2 83 11  0
 1  1 160500 100040  50084 22390920    0    0  7304 56632 6324 7138  4  1 83 11  0
 0  1 160500  97680  50172 22393372    0    0  5892 85618 7576 9201  4  1 86  9  0
 1  2 160500  98360  50236 22391792    0    0  7688 61100 5890 6286  4  1 80 15  0
 0  2 160500  99364  50264 22391624    0    0  6150 69270 3239 3042  3  1 80 16  0
 2  2 160500 106496  50332 22382264    0    0  8200 54086 4303 4226  4  1 78 16  0
 0  3 160500 102900  50380 22388328    0    0  5020 29902 4365 4944  4  1 81 14  0
 1  3 160500 100544  50432 22391896    0    0  9484 45822 4876 4450  5  1 84 10  0
 0  2 160500  96992  50488 22397984    0    0  8044 21394 5098 5626  4  1 84 10  0
 1  3 160500 101152  50588 22393648    0    0 10254 16404 7574 8880  5  2 76 16  0
procs -----------memory---------- ---swap-- -----io---- -system-- -----cpu------
 r  b   swpd   free   buff  cache   si   so    bi    bo   in   cs us sy id wa st
 1  2 160500 101448  50668 22392024    0    0  6790 44796 8083 9421  4  1 85 10  0
 0  3 160500  97604  50736 22393268    0    0  5792 47952 7494 8306  5  1 86  8  0
 0  2 160500  97988  50776 22392056    0    0  7478 69466 4632 4014  3  1 87  9  0
 1  2 160500  96968  50880 22392820    0    0 19246 45686 5869 5938  9  1 76 13  0
 2  1 160500 101252  50984 22390988    0    0 20092   422 5800 7269  9  2 82  7  0
 1  0 160500 103576  51248 22387024    0    0 33322     0 11374 15994 15  3 82  0  0
 7  1 160500  97996  51508 22371160    0    0 37154 36240 12623 19064 20  4 72  4  0
 2  4 160500 100484  51800 22365220    0    0 43332 55174 13969 20844 20  4 65 11  0
 2  2 160500 107228  52016 22359656    0    0 27916 49166 10321 13726 13  3 68 17  0
 1  1 160500 105120  52104 22359144    0    0 22678 51996 5241 5098 10  1 73 16  0
 0  3 160500 104252  52208 22360072    0    0 17842 55004 4286 4200  8  1 79 12  0
 0  2 160500 104648  52328 22342568    0    0 27552 50850 5969 7239 12  2 73 13  0
 2  1 160500  96828  52496 22352200    0    0 29446 18326 8817 11524 13  2 73 12  0
 3  0 160500 106476  52688 22342120    0    0 26394   570 9119 13864 12  3 84  1  0
 0  6 160500  96788  52868 22351028    0    0 17048 39896 10260 13143  9  2 83  6  0
 2  2 160500  97912  53084 22323272    0    0 32958 43208 12720 14745 14  3 67 16  0
 4  2 160500 101168  53216 22318176    0    0 29830 54116 7447 7512 12  2 72 13  0
 1  2 160500 104144  53364 22314464    0    0 32418 52286 8044 8003 14  2 74  9  0
 2  3 160500 105756  53472 22313212    0    0 22710 51312 6988 5799 10  2 77 11  0
 3  5 160500 103104  53748 22291712    0    0 35168 11978 9741 7602 15  2 63 20  0
 1  3 160500 137472  54064 22256808    0    0 29606 11644 9693 9335 18  2 58 22  0
procs -----------memory---------- ---swap-- -----io---- -system-- -----cpu------
 r  b   swpd   free   buff  cache   si   so    bi    bo   in   cs us sy id wa st
 1  4 160500 104660  54204 22286124    0    0 15166 66526 12007 12550  8  2 73 17  0
 4  2 160500 101064  54292 22292096    0    0 12634 62368 9539 11041  6  2 75 18  0
 1  4 160500  98740  54504 22294804    0    0 31446  7896 14366 12956 15  5 64 16  0
 2  1 160500 106196  54680 22271204    0    0 29162 75552 13737 13957 14  3 66 17  0
 2  3 160500 105476  54844 22270608    0    0 23472 49938 13468 12777 11  3 72 15  0
 0  4 160500 105740  54952 22270068    0    0 20660 64098 7298 6101  9  2 69 20  0
 0  3 160500 101928  55012 22274640    0    0 14494 66510 6358 5372  6  1 70 22  0
 1  2 160500 102584  55100 22274628    0    0 18454 47352 5811 4853  7  1 78 13  0
 1  4 160500 101840  55208 22275028    0    0 21272 57156 6221 6549  9  1 75 14  0
 4  3 160500 100592  55372 22261084    0    0 36142 44348 7130 8154 15  2 68 14  0
 1  2 160500 103552  55520 22260204    0    0 28954 31276 7355 8741 13  3 69 15  0
 4  1 160500 106652  55692 22252904    0    0 27804 55808 9465 12572 13  2 71 14  0
 5  3 160500 104528  56064 22228896    0    0 60766 71884 18442 24298 15  3 64 18  0
 5  2 160500 102808  56200 22230368    0    0 25214 52292 8552 10541 11  2 64 23  0
 0  3 160500 103592  56368 22228020    0    0 27678 58928 9271 9126 13  2 65 19  0
 2  1 160500 103964  56548 22228212    0    0 33448 44654 7613 9374 14  2 63 21  0
 3  0 160500  97004  56724 22221244    0    0 35498   530 7826 9048 16  3 72 10  0
 3  1 160500 105428  56912 22212040    0    0 35234 38976 9432 13695 16  2 81  1  0
 0  2 160500 103328  57056 22213160    0    0 24222 51942 8727 10697 10  2 69 19  0
 5  3 160500 100484  57196 22215688    0    0 20886 36030 9037 10854  9  2 67 22  0
 2  5 160500  96656  57336 22199060    0    0 27164 22922 8870 10189 12  2 69 17  0
procs -----------memory---------- ---swap-- -----io---- -system-- -----cpu------
 r  b   swpd   free   buff  cache   si   so    bi    bo   in   cs us sy id wa st
 2  2 160500  98384  57476 22196180    0    0 22046 40088 9408 10195 10  1 72 17  0
 2  3 160500  97392  57616 22195792    0    0 29082 38200 10087 10933 13  2 65 19  0
 1  3 160500 101392  57708 22191820    0    0 21916 54784 6148 5501 11  1 72 16  0
 1  3 160500 104336  57848 22189616    0    0 21166 54324 9097 10556  9  2 75 14  0
 3  3 160500 102236  57956 22166468    0    0 21780 58232 10533 9747 10  2 74 13  0
 2  2 160500  99352  58096 22170696    0    0 18948 36562 7891 8548  8  3 75 14  0
 1  1 160500  99352  58236 22171836    0    0 24474 60400 10593 11557 11  2 74 13  0
 3  2 160500 100948  58356 22168220    0    0 21782 49256 8868 9475 10  2 76 13  0
 1  3 160500  97128  58536 22170840    0    0 25008 54118 14484 17383 12  3 65 21  0
 0  2 160500  98980  58660 22151500    0    0 21242 60482 15928 18026 12  3 67 19  0
 0  2 160500 102236  58728 22148724    0    0  4484 79882 9383 11070  3  1 78 17  0
 2  0 160500 102096  58804 22149812    0    0  8208 26640 7354 8022  4  2 78 16  0
 1  0 160500 100988  58972 22151512    0    0 28062     0 8629 11477 12  2 85  0  0
 0  1 160500 101276  59080 22149388    0    0 21784 55072 5738 7771 10  2 84  4  0
 5  2 160500  99208  59236 22152120    0    0 26034 55682 10055 13889 11  2 69 18  0
 2  3 160500 102236  59396 22131044    0    0 25092 40430 9578 11460 13  2 64 21  0
 2  2 160500 106412  59584 22127208    0    0 31908 49450 9598 13963 14  3 69 14  0
 2  2 160500 102228  59724 22130880    0    0 33956 40364 6226 8796 14  2 72 12  0
 3  2 160500  96532  59868 22136664    0    0 32544 48262 6336 8163 14  2 70 13  0
 2  2 160500 101724  60012 22106996    0    0 32420 22668 8740 7499 15  3 69 14  0
 1  0 160500  98964  60148 22111100    0    0 22552     2 6331 7539 10  2 85  3  0
procs -----------memory---------- ---swap-- -----io---- -system-- -----cpu------
 r  b   swpd   free   buff  cache   si   so    bi    bo   in   cs us sy id wa st
 3  4 160500 104908  60380 22102108    0    0 40746 61162 9362 12450 18  3 63 17  0
 2  3 160500 106512  60544 22098968    0    0 32286 29990 8092 9536 15  2 65 18  0
 2  3 160500  99592  60704 22091164    0    0 28732 34426 7079 9173 13  2 72 13  0
 2  3 160500 105800  60848 22089416    0    0 18936 23912 7743 9542 10  2 75 13  0
 4  2 160500  97336  61020 22093080    0    0 25372 43368 9438 12610 11  2 75 11  0
 3  3 160500 103180  61192 22084600    0    0 30110 50280 9947 13887 13  3 71 13  0
 2  2 160500  99344  61404 22074128    0    0 34724 41652 11941 18005 17  3 66 14  0
 2  3 160500  96468  61604 22079376    0    0 35496 22204 9335 13990 17  3 62 18  0
 1  1 160500  99716  61716 22076032    0    0 21138 74258 6192 6527  9  2 78 11  0
 3  1 160500  99168  61916 22075848    0    0 29992 67984 10744 12301 11  2 75 12  0
 4  3 160500  98036  62084 22059960    0    0 21042 45390 8031 9321 11  2 74 13  0
 4  2 160500 101012  62336 22054576    0    0 50462 22480 10641 14235 22  4 61 13  0
 4  3 160500  98880  62572 22055364    0    0 42532 30476 9721 14167 19  3 67 11  0
 4  5 160500 103344  62804 22029664    0    0 47330 32096 11029 13962 22  4 60 14  0
 1  3 160500 101220  63012 22030944    0    0 32136 46964 9877 13747 15  3 64 17  0
 1  4 160500  97600  63172 22035408    0    0 33446 44744 8424 10013 16  2 68 14  0
 3  4 160500 100552  63316 22026072    0    0 31250 44170 8051 8543 13  2 71 15  0
 2  3 160500 101404  63512 22023284    0    0 46770 30722 8465 11141 20  3 63 14  0
 1  3 160500 100164  63664 22023300    0    0 40512 28914 8284 10219 17  3 68 13  0
 1  4 160500  96988  63868 22009092    0    0 30862 57164 10416 11695 14  4 66 16  0
 3  5 160500 102568  64028 22005628    0    0 31310 42440 8008 9665 13  2 60 24  0
procs -----------memory---------- ---swap-- -----io---- -system-- -----cpu------
 r  b   swpd   free   buff  cache   si   so    bi    bo   in   cs us sy id wa st
 1  1 160500  97640  64308 22010220    0    0 52996 67554 14041 17293 16  3 66 15  0
 2  3 160500 102336  64468 21991260    0    0 29856 43858 7867 9650 14  2 70 14  0
 1  3 160500 105320  64664 21985756    0    0 43210 32020 9770 12740 18  3 65 14  0
 3  3 160500 101732  64856 21986408    0    0 38288 39682 8686 11408 16  3 69 12  0
 3  3 160500  99400  65080 21972844    0    0 44722 30784 10524 11803 21  3 61 15  0
 2  3 160500 101516  65220 21972452    0    0 35364 44430 6846 7270 15  2 63 20  0
 2  3 160500 102384  65336 21970844    0    0 24606 50604 6210 6920 10  2 66 22  0
 2  2 160500  99068  65532 21976172    0    0 44846 25786 7699 9995 19  3 57 21  0
 2  3 160500 101556  65712 21958984    0    0 38700 38972 9265 8070 17  2 61 20  0
 3  2 160500 100788  65736 21962308    0    0 50480 26772 8352 10609 22  3 54 21  0
 2  3 160500  97440  65780 21947228    0    0 48820 21084 9815 11531 22  3 54 20  0
 2  2 160500 105972  65872 21938252    0    0 43952 33094 6726 7447 18  2 61 18  0
 1  4 160500 104872  65940 21937348    0    0 21416 56752 6955 8185 10  2 74 14  0
 2  2 160500 105344  65996 21925796    0    0 40320 38070 8359 8914 16  2 65 16  0
 0  1 160500  99144  66060 21931420    0    0 26904 51264 6250 6718 11  2 73 14  0
 1  1 160500  96548  65960 21934072    0    0 24762 44826 6890 7095 11  2 72 15  0
 2  2 160500 101184  66020 21929848    0    0 15124 63200 5501 5243  6  1 83  9  0
 7  1 160500 120612  66108 21911096    0    0 16920 44422 6373 6879  7  2 75 16  0
 1  2 160500 220192  66204 21809276    0    0 22954 16046 11067 10062 15  3 63 19  0
 2  2 160500 100144  66344 21907752    0    0 25368 42030 7849 9049 12  2 74 12  0
 0  2 160500 103004  66464 21903964    0    0 23318 35552 7628 8461 10  2 73 15  0
procs -----------memory---------- ---swap-- -----io---- -system-- -----cpu------
 r  b   swpd   free   buff  cache   si   so    bi    bo   in   cs us sy id wa st
 1  3 160500  96928  66580 21909536    0    0 22548 68688 7862 9048 10  2 77 11  0
 2  2 160500 104972  66668 21902912    0    0 12560 71028 5660 6094  6  1 84  9  0
 2  4 160500 104824  66712 21902892    0    0  5278 58314 4419 4726  3  1 87  9  0
 2  3 160500 105328  66848 21903880    0    0 17174 62984 7771 9859  8  2 75 15  0
 0  3 160500 104444  66972 21901468    0    0 13012 63858 11158 14067  7  2 74 16  0
 1  2 160500  98260  67108 21883740    0    0 21118 48996 8707 10884 10  2 76 13  0
 0  2 160500 106180  67216 21878552    0    0 19092 69442 6948 8115  8  2 79 11  0
 0  3 160500  99128  67332 21884504    0    0 20758 57004 6834 8406 10  2 72 17  0
 2  2 160500  96904  67436 21887128    0    0 17298 58828 6252 7542  8  1 72 19  0
 0  3 160500 101244  67492 21883172    0    0  9608 73422 5557 5887  6  1 82 11  0
 1  1 160500  97640  67580 21885776    0    0 12818 70840 4923 4884  5  1 83 10  0
 2  2 160500 107816  67636 21874520    0    0  9222 57848 4176 3920  5  3 83 10  0
 0  1 160500 105344  67688 21876168    0    0  9488 71380 3253 2841  4  1 83 12  0
 1  3 160500 102656  67728 21870248    0    0 11170 71632 3346 3147  6  1 83 11  0
 0  2 160500  99448  67768 21874144    0    0  9072 66506 3344 3281  4  1 84 11  0
 0  2 160500 104008  67804 21869132    0    0  9734 70206 3440 3191  4  1 79 16  0
 0  2 160500 102000  67844 21870724    0    0  6154 84232 2792 2394  3  1 85 11  0
 1  2 160500 110796  67916 21863512    0    0 12968 29676 3060 3053  5  2 82 11  0
 1  0 160500 105828  67992 21870076    0    0 16380     0 4036 3805  7  1 91  2  0
 1  3 160500  97436  68080 21874216    0    0 20142 85832 5019 4358  9  1 80 10  0
 0  0 160500  98660  68172 21874936    0    0 22652  5792 5355 4989 10  2 78 11  0
procs -----------memory---------- ---swap-- -----io---- -system-- -----cpu------
 r  b   swpd   free   buff  cache   si   so    bi    bo   in   cs us sy id wa st
 0  0 160500  96964  68256 21862404    0    0 17300     0 4499 3627  8  1 90  0  0
 1  0 160500  97072  68324 21862432    0    0 14344     0 4974 4663  7  1 92  0  0
 2  0 160500  97816  68396 21862036    0    0 12304  3432 4876 4509  6  1 93  0  0
 0  0 160500 100660  68464 21858012    0    0 10124     0 4808 4587  5  1 94  0  0
 0  3 160500 104992  68504 21854900    0    0  4492  1638 5618 6067  3  1 96  0  0
 1  5 160500  99800  68584 21855140    0    0  9290 54102 4826 4375  4  1 89  6  0
 0  1 160500  98372  68664 21858112    0    0 15582 66456 6277 6500  6  1 80 13  0
 3  2 160500  99116  68748 21855800    0    0 12304 17566 6068 6257  6  1 74 19  0
 1  0 160500  97396  68816 21860220    0    0  9222  3632 6393 6436  4  1 79 16  0
 1  0 160500 104820  68892 21851948    0    0 13578     0 7455 7649  7  1 92  0  0
 0  0 160500 106556  68972 21852420    0    0 10158     0 5531 6056  5  1 94  0  0
 0  0 160500 103828  69056 21851560    0    0 10252  6662 5937 6162  6  1 92  0  0
 0  0 160500 104564  69104 21850856    0    0  3330     0 5470 6298  3  1 97  0  0
 1  3 160500 102084  69156 21852460    0    0  6148 95092 6612 7596  3  1 85 11  0
 0  2 160500 103516  69252 21849712    0    0  7562 71976 8114 9829  4  1 83 12  0
 1  0 160500 104880  69380 21851876    0    0 13320 17636 10612 13213  7  2 78 12  0
 0  0 160500 101060  69528 21856992    0    0 19606     0 9862 13111 10  2 87  0  0
 0  0 160500  99828  69636 21855972    0    0 14610 35854 8808 10723  7  2 90  1  0
 1  0 160500  98496  69748 21859012    0    0 21268     0 8587 10646  9  2 88  1  0
 0  0 160500 104812  69820 21851488    0    0 10250     0 8000 9557  6  2 92  0  0
 3  2 160500  99728  69944 21847600    0    0 22298 62592 6483 8043 11  2 79  8  0
procs -----------memory---------- ---swap-- -----io---- -system-- -----cpu------
 r  b   swpd   free   buff  cache   si   so    bi    bo   in   cs us sy id wa st
 4  2 160496 117316  70052 21827580    0    0 18862 70550 6038 6521  9  2 78 11  0
 2  2 160496 103388  70200 21838752    0    0 31756 41682 7619 9598 14  2 70 13  0
 1  2 160496 101148  70332 21841112    0    0 28186 43504 6566 7589 13  2 68 18  0
 3  2 160496 101528  70452 21842848    0    0 20378 37758 6331 7566  9  2 72 17  0
 7  0 160496 103380  70632 21819556    0    0 33064   492 6575 8406 15  2 79  4  0
 2  0 160496 101272  70824 21823608    0    0 48174     0 8306 10125 20  3 76  0  0
 2  3 160496 104116  70972 21817328    0    0 26936 18030 6703 7398 12  2 76 10  0
 0  3 160496  98528  71112 21800808    0    0 35108 51184 7313 8665 16  2 69 13  0
 1  2 160496 106572  71308 21793128    0    0 35224 34696 9843 11090 15  2 66 17  0
 2  6 160496  99752  71560 21800584    0    0 46952 31190 10644 12342 21  3 53 22  0
 2  3 160496 106076  71788 21776112    0    0 53634 19444 12296 11807 24  4 54 18  0
 4  5 160496  98256  72024 21784652    0    0 51430 24038 12531 12974 23  4 57 16  0
 9  4 160496 106160  72280 21755980    0    0 52736 19442 13371 13756 24  3 53 19  0
 4  3 160496 100044  72516 21761952    0    0 37968 28810 10050 12946 16  3 64 17  0
 3  4 160496 101904  72692 21760088    0    0 32652 53416 7672 10737 14  2 69 15  0
 5  2 160496  97860  72888 21753072    0    0 37416 23542 8949 12036 17  3 60 20  0
 3  3 160496 103200  73076 21748516    0    0 35362 49278 8546 12180 15  3 68 14  0
 0  2 160496 101588  73268 21751260    0    0 28702 90598 11450 14451  9  2 74 16  0
 1  2 160496  99084  73440 21752460    0    0 25760 49736 8223 11442 12  3 71 15  0
 1  2 160496 103084  73524 21746556    0    0 18578 58434 5705 6017  8  2 73 17  0
 1  4 160496 105316  73624 21724584    0    0 20628 56662 9575 9205 10  2 68 19  0
procs -----------memory---------- ---swap-- -----io---- -system-- -----cpu------
 r  b   swpd   free   buff  cache   si   so    bi    bo   in   cs us sy id wa st
 4  2 160496 102968  73752 21729844    0    0 26394 60178 7448 9781 11  2 67 20  0
 5  2 160496  96556  73908 21738220    0    0 22686 52926 7393 8739 10  2 66 22  0
 3  2 160496 103112  74056 21730988    0    0 22938 49532 7238 9534 11  2 68 20  0
 0  4 160496 103244  74156 21730548    0    0 29110 54244 8979 12519 14  2 62 22  0
 1  3 160496 104204  74220 21704924    0    0 23422 61722 9791 9771 11  3 66 20  0
 1  1 160496  99772  74348 21709908    0    0 17942 47542 8141 9392  8  3 73 16  0
 0  2 160496 101268  74404 21709436    0    0 11144 78272 4971 5595  5  1 82 12  0
 1  1 160496  97400  74468 21712256    0    0  8202 75432 5527 6073  4  1 87  8  0
 3  2 160496 101508  74508 21708928    0    0  4100 65722 5788 6266  3  1 80 16  0
 0  3 160496 102312  74560 21709580    0    0  5636 70398 7615 9123  3  1 79 17  0
 0  2 160496 100516  74608 21710560    0    0  6918 43190 6321 6382  4  1 78 18  0
 2  2 160496 103592  74656 21709380    0    0  6920 37850 6886 7094  4  1 78 17  0
 3  3 160496  97544  74708 21712728    0    0  6944 65404 4962 4553  4  1 77 19  0
 0  1 160496 108232  74744 21704180    0    0  3050 77180 4632 4307  2  2 85 11  0
 1  2 160496 102696  74796 21710732    0    0  8976 65760 5171 5059  4  1 80 15  0
 0  0 160496 103676  74832 21712552    0    0  4868  6548 3853 3469  3  1 93  4  0
 1  0 160496  99796  74896 21716304    0    0 10760     0 5352 5816  5  1 94  0  0
 1  0 160496 101536  74972 21711560    0    0 13072     0 6083 6927  7  1 92  0  0
 2  0 160496 191072  75088 21616844    0    0 18200  5796 7480 7943 13  1 85  0  0
 1  0 160496 108784  75176 21702720    0    0 17936     0 5655 6531  8  1 91  0  0
 4  0 160496 103988  75248 21705904    0    0 19218 29080 6092 7223  9  1 89  1  0
procs -----------memory---------- ---swap-- -----io---- -system-- -----cpu------
 r  b   swpd   free   buff  cache   si   so    bi    bo   in   cs us sy id wa st
 0  1 160496 102904  75320 21706416    0    0 16918 73388 5807 6322  7  1 84  8  0
 1  1 160496 102028  75372 21708784    0    0 10506 43988 5390 5683  5  1 86  8  0
 1  0 160496 100416  75436 21711560    0    0 15374  4044 5851 6658  7  1 86  5  0
 1  0 160496 103732  75528 21686580    0    0 14740     0 6656 6643  8  1 91  0  0
 0  0 160496 105964  75596 21683464    0    0 17812   100 6345 5959  7  1 92  0  0
 1  0 160496 103980  75660 21686420    0    0 13584     0 6693 6562  6  1 93  0  0
 2  0 160496 104780  75716 21684892    0    0 12298     0 6744 6407  6  1 93  0  0
 0  3 160496 105452  75788 21682220    0    0 15012 65028 7005 6600  7  1 89  3  0
 0  1 160496 102848  75836 21683232    0    0 12402 63290 6386 5657  4  1 83 12  0
 0  1 160496  99128  75924 21690504    0    0 13964  1318 6037 5839  7  1 85  7  0
 1  0 160496 103212  76004 21687016    0    0 15000 10908 6030 4826  4  1 92  3  0
 2  0 160496 101120  76124 21672072    0    0 28446     0 7386 8082 12  2 87  0  0
 0  0 160496 101072  76224 21670924    0    0 30368  5230 5782 6345  7  1 91  0  0
 1  0 160496  97236  76368 21674408    0    0 37672     0 6974 7888  8  1 90  0  0
 0  0 160496  96944  76460 21675580    0    0 29342     0 6125 7581  7  2 91  0  0
 0  2 160496  96952  76492 21673676    0    0 10402 84922 5701 5247  2  1 87 11  0
 0  1 160496 103820  76508 21667472    0    0  5868 55762 5448 5184  1  1 90  8  0
 0  0 160496  98172  76536 21675920    0    0  2818  6508 5678 5993  2  1 96  2  0
 0  0 160496  98800  76560 21674468    0    0  1794     0 5101 5740  1  1 98  0  0
 1  0 160496 105876  76572 21667180    0    0  3074     0 5135 5875  2  0 98  0  0
 0  0 160496 101288  76580 21674504    0    0  1536  8648 4646 5197  1  1 98  0  0
procs -----------memory---------- ---swap-- -----io---- -system-- -----cpu------
 r  b   swpd   free   buff  cache   si   so    bi    bo   in   cs us sy id wa st
 0  0 160496 104912  76592 21670036    0    0  2048     0 4782 5064  1  0 98  0  0
 1  2 160496 102428  76632 21672216    0    0  3334 43324 4911 5102  2  1 91  6  0
 0  0 160496  97684  76676 21679204    0    0  2312   244 4641 4867  1  0 94  4  0
 0  0 160496 101456  76684 21674120    0    0  2050     0 4552 4847  1  0 98  0  0
 0  0 160496 100488  76720 21675372    0    0  3082     0 4997 5048  2  1 98  0  0
 0  0 160496 105176  76728 21670408    0    0  3458     0 5921 6404  2  1 97  0  0
 1  0 160496 104920  76740 21671600    0    0  2048     0 5649 6354  1  1 98  0  0
 1  0 160496 105300  76760 21671760    0    0  2562  5334 4841 5215  2  1 98  0  0
 0  0 160496 105652  76792 21670252    0    0  3842     0 6566 7493  2  1 97  0  0
 0  0 160496 106008  76844 21669824    0    0  2318 57102 6492 7135  2  1 89  8  0
 0  0 160496  99800  76876 21676208    0    0  2048     0 6647 7556  2  1 98  0  0
 0  0 160496  97748  76912 21676896    0    0  4360     0 7102 7869  3  1 97  0  0
 2  0 160496 101272  76940 21673964    0    0  1924 11844 6482 7422  2  1 97  0  0
 0  0 160496 102532  76948 21674028    0    0  2562     0 5521 6017  2  1 98  0  0
 0  0 160496 105432  76972 21670848    0    0  2820 16426 5738 6286  2  1 97  0  0
 1  0 160496  99900  76984 21676712    0    0  2052     0 4598 4699  2  0 97  0  0
 0  1 160496 100504  77012 21675476    0    0  2048 42122 4754 5038  2  1 94  4  0
 0  0 160496  96660  77024 21679368    0    0  2048   474 3100 3033  1  0 97  1  0
 0  0 160496 104248  77044 21671524    0    0  2308     0 2250 1641  1  0 98  0  0
 0  0 160496 103732  77064 21671224    0    0  2310  1690 2153 1407  2  0 98  0  0
 0  0 160496 102764  77068 21672172    0    0  2690     0 2093 1359  1  0 98  0  0
procs -----------memory---------- ---swap-- -----io---- -system-- -----cpu------
 r  b   swpd   free   buff  cache   si   so    bi    bo   in   cs us sy id wa st
 0  0 160496 119148  77080 21654420    0    0  3076     0 2330 1497  2  0 97  0  0
 0  0 160496 102048  77096 21672960    0    0  3588  1198 2633 1848  2  0 97  0  0
 1  0 160496 100288  77112 21674664    0    0  2816     0 2741 2166  2  0 98  0  0
 0  0 160496 100296  77124 21673656    0    0  2560 30860 2243 1348  2  0 92  7  0
 0  0 160496 100992  77148 21673136    0    0  2052     0 2215 1406  2  0 98  0  0
 0  0 160496  98804  77172 21675112    0    0  2566     0 2343 1472  2  0 98  0  0
 1  0 160496  97232  77180 21676696    0    0  3076   586 2312 1419  2  0 98  0  0
 0  0 160496 105412  77188 21667604    0    0  3586     0 2805 2025  2  1 97  0  0
 0  0 160496 101436  77188 21671820    0    0  3584  1980 2501 1457  2  0 98  0  0
 0  1 160496 101312  77568 21670856    0    0  4204     0 2743 1849  2  0 94  3  0
 0  1 160496 101176  77792 21671620    0    0  2662 25014 2537 1525  2  0 90  8  0
 0  0 160496 101184  77812 21672004    0    0  2568   302 2440 1447  1  0 97  1  0
 0  0 160496  97088  77816 21676480    0    0  3586     0 2476 1563  2  0 98  0  0
 1  0 160496 106216  77820 21667780    0    0  2562  3546 2383 1474  2  0 98  0  0
 0  0 160496 105712  77832 21668288    0    0  5122     0 2690 1772  2  0 97  0  0
 0  0 160496 101228  77852 21673156    0    0  3588     0 2370 1509  2  0 98  0  0
 0  0 160496  98528  77868 21674468    0    0  2818   952 2386 1459  2  0 98  0  0
 0  0 160496 101492  77892 21670900    0    0  3848     0 2630 1569  2  1 97  0  0
 1  0 160496 105224  77908 21668604    0    0  3840 23306 2774 1847  2  0 93  4  0
 1  0 160496  98308  77924 21674788    0    0  3716     0 2691 1566  2  0 98  0  0
 0  0 160496  99200  77940 21674120    0    0  3588     0 2912 1847  2  0 97  0  0
procs -----------memory---------- ---swap-- -----io---- -system-- -----cpu------
 r  b   swpd   free   buff  cache   si   so    bi    bo   in   cs us sy id wa st
 0  0 160496 102248  77956 21671120    0    0  3076  3842 3122 1857  2  0 98  0  0
 1  0 160496 105844  77964 21668416    0    0  3840     0 2804 1770  2  0 98  0  0
 0  0 160496 104740  77980 21670540    0    0  2816  4842 2536 1449  2  0 98  0  0
 0  0 160496 105904  78008 21670576    0    0  3336     0 2793 1918  2  0 98  0  0
 0  1 160496  99536  78036 21673700    0    0  2824 29000 2626 1719  2  0 92  6  0
 2  0 160496 105128  78036 21668752    0    0  3840   302 2703 1564  2  0 98  0  0
 0  0 160496  99056  78044 21674988    0    0  2816     0 2679 1863  2  0 98  0  0
 1  0 160496 101192  78064 21672884    0    0  2560   230 2746 1929  2  0 98  0  0
 0  0 160496 104872  78100 21671608    0    0  3848     0 2816 1788  2  1 97  0  0
 0  0 160496  98984  78112 21676356    0    0  2566     0 2652 1771  2  0 97  0  0
 0  0 160496 106316  78124 21669172    0    0  3842  6264 3002 2154  2  1 97  0  0
 0  0 160496 101868  78128 21672704    0    0  2816     0 2556 1582  2  0 97  0  0
 0  0 160496  97352  78152 21677196    0    0  3072 33572 2741 1802  2  0 88 10  0
 0  0 160496 103556  78172 21671092    0    0  3206     0 2587 1491  2  0 98  0  0
 1  0 160496 102908  78184 21671896    0    0  2306     0 2607 1554  2  0 97  0  0
 0  0 160496 100824  78200 21673792    0    0  3078  1784 2379 1391  2  0 98  0  0
 0  0 160496  97904  78204 21675760    0    0  2560     0 2535 1548  2  0 98  0  0
 0  0 160496 105208  78204 21667984    0    0  2432  6728 2716 1498  2  0 98  0  0
 0  0 160496 225176  78228 21545716    0    0  2564     0 3031 1619  7  1 92  0  0
 1  0 160496 212952  78252 21558020    0    0  2562 16600 2715 1546  2  0 95  4  0
 0  0 160496 201804  78268 21569612    0    0  2566    22 2595 1511  2  0 98  0  0
procs -----------memory---------- ---swap-- -----io---- -system-- -----cpu------
 r  b   swpd   free   buff  cache   si   so    bi    bo   in   cs us sy id wa st
 0  0 160496 190760  78272 21582740    0    0  2562     0 2791 1707  2  0 98  0  0
 0  0 160496 180832  78280 21594000    0    0  2688  1654 2422 1517  2  0 98  0  0
 0  0 160496 168452  78292 21607204    0    0  2820     0 2561 1539  2  0 98  0  0
 0  0 160496 156088  78300 21619488    0    0  2560     0 2567 1615  2  0 98  0  0
 2  0 160496 141140  78328 21635156    0    0  3590   112 2667 1679  2  0 98  0  0
 0  0 160496 126516  78336 21650256    0    0  3076     0 2648 1629  2  0 98  0  0
 0  0 160496 115608  78348 21661460    0    0  2560 27306 2341 1497  2  1 94  4  0
 0  0 160496 102164  78364 21673960    0    0  3074     0 2344 1585  2  0 98  0  0
 0  0 160496  99328  78384 21678644    0    0  3848     0 2400 1480  2  0 98  0  0
 2  0 160496 105164  78388 21671880    0    0  3072     8 2485 1540  2  0 98  0  0
 0  0 160496  99064  78416 21678152    0    0  4102     0 2577 1626  2  0 98  0  0
 0  0 160496 101684  78424 21675308    0    0  4100     4 2684 1665  2  0 98  0  0
 0  0 160496 101440  78440 21674356    0    0  4610     0 2926 1746  3  0 97  0  0
 0  0 160496 105392  78464 21670664    0    0  4100 28078 2838 1701  2  0 91  6  0
 1  0 160496 105012  78488 21669936    0    0  4614   748 3066 1822  3  0 97  0  0
 0  0 160496 104920  78496 21669568    0    0  5380     0 3126 1863  2  1 97  0  0
 0  0 160496 103756  78528 21671512    0    0  4998   290 3215 1820  3  0 97  0  0
 1  0 160496 101028  78540 21674456    0    0  5122     0 3417 1944  3  0 97  0  0
 1  0 160496  98920  78568 21677272    0    0  5128     0 3569 2040  3  0 97  0  0
 0  0 160496  97992  78580 21678872    0    0  4480  6732 3549 1959  2  1 97  0  0
 1  0 160496 102364  78596 21674980    0    0  3078     0 2936 1920  2  0 98  0  0
procs -----------memory---------- ---swap-- -----io---- -system-- -----cpu------
 r  b   swpd   free   buff  cache   si   so    bi    bo   in   cs us sy id wa st
 0  0 160496  98316  78624 21679280    0    0  3586 33398 2759 1763  2  1 90  8  0
 1  0 160496 100664  78632 21677704    0    0  3844     0 2932 1859  2  0 97  0  0
 1  0 160496 105420  78652 21673232    0    0  6150     0 3734 2156  3  1 96  0  0
 0  0 160496 105436  78684 21672796    0    0  7176 11900 3823 2139  3  0 96  0  0
 0  0 160496 105196  78708 21672336    0    0  7174     0 3685 2222  3  0 96  0  0
 0  0 160496 104956  78740 21672268    0    0  7174     0 3726 2216  3  0 96  0  0
 1  0 160496  98640  78764 21678484    0    0  5252     0 3811 2247  3  0 96  0  0
 0  1 160496  99588  78780 21678696    0    0  2562 38296 3740 2175  2  0 94  4  0
 0  0 160496 106100  78792 21674076    0    0     0   138 2040 1701  0  0 99  1  0
 0  0 160496 106472  78792 21674072    0    0     0     0  581  933  0  0 100  0  0
 0  0 160496 107216  78792 21674064    0    0     0    72  559  917  0  0 100  0  0
 0  0 160496 108248  78792 21674020    0    0     0     0  558  935  0  0 100  0  0
 0  0 160496 108684  78792 21673992    0    0     0     0  573  927  0  0 100  0  0
 0  0 160496 108972  78792 21673960    0    0     0     8  612  921  0  0 100  0  0
 0  0 160496 109400  78792 21673948    0    0     0     0  556  954  0  0 100  0  0
 0  0 160496 109980  78800 21673764    0    0     0  6644  665  931  0  0 99  1  0
 0  0 160496 110864  78800 21673752    0    0     0     0  554  915  0  0 100  0  0
 0  0 160496 111248  78800 21673752    0    0     0     0  566  940  0  0 100  0  0
 0  0 160496 111316  78800 21673732    0    0     0     8  558  910  0  0 100  0  0
 0  0 160496 9732352  78840 21673452    0    0   106     0 1338 1275  1  2 97  0  0
