procs -----------memory---------- ---swap-- -----io---- -system-- -----cpu------
 r  b   swpd   free   buff  cache   si   so    bi    bo   in   cs us sy id wa st
 0  3  11672 29417856   4020  68816    1    1    47    20    1    1  0  0 99  0  0
 0  1  11672 29351928   4140  82088    0    0  6608     0 2635 1167  4  0 88  7  0
 2  0  11672 29261720   4204 101236    0    0  9948     0 3099 1998  8  1 88  3  0
 0  0  11672 29207952   4208 107520    0    0  3030     0 2572 1875  3  1 96  1  0
 0  0  11672 29207632   4208 107228    0    0     0     0  935  808  0  0 100  0  0
 1  0  11672 28914872   4260 113612    0    0  3272     0 3921 2899 20  1 77  2  0
 9  2  11672 28411024   4460 174752    0    0 17052     0 12459 10818 16  2 64 18  0
 3  2  11672 26301776   4712 307832    0    0 34900 17188 13488 7790 17  7 44 32  0
 5  6  11672 24288520   5048 567048    0    0 27214   332 37789 19432 14  8 43 36  0
 8  4  11672 23087816   5328 850116    0    0 44944   384 31248 14778 20  6 55 18  0
 9  8  11672 22407432   5628 1158132    0    0 44516   214 34653 17006 21  5 54 20  0
 7  7  11672 21899184   5956 1504340    0    0 49442    14 35064 14825 22  6 33 39  0
 6 10  11672 21467936   6324 1861992    0    0 51946     0 38257 27323 25  4 35 35  0
 6 10  11672 21154040   6788 2175728    0    0 42478    18 34210 24803 19  3 39 39  0
 1  2  11672 21002928   6952 2326684    0    0 28042     0 14323 10360  8  1 52 38  0
 6  9  11672 20630896   7504 2646636    0    0 43812 24638 32110 22119 19  3 56 21  0
 3 11  11672 20358968   7980 2917352    0    0 41294     2 27176 20160 16  3 50 31  0
 4 13  11672 19956936   8408 3154188    0    0 41280     0 23768 17239 18  2 42 37  0
 5 12  11672 19728504   8828 3384676    0    0 41338     0 23902 16615 14  2 42 41  0
 7  8  11672 18366432   9236 3591896    0    0 40132     0 20466 13817 17  5 45 33  0
 5  6  11672 17917664   9700 3806216    0    0 39388     0 25607 19817 22  2 48 28  0
procs -----------memory---------- ---swap-- -----io---- -system-- -----cpu------
 r  b   swpd   free   buff  cache   si   so    bi    bo   in   cs us sy id wa st
 7  8  11672 17669728  10152 4054812    0    0 51234     0 23441 17030 19  2 44 35  0
 9  2  11672 17271800  10488 4310452    0    0 53324  5450 25259 17873 19  2 46 32  0
 5  5  11672 17004584  10756 4575892    0    0 51290 17046 25925 18547 20  2 63 15  0
11  6  11672 16689168  11052 4865788    0    0 52278  6266 29518 22717 22  2 58 18  0
 6  3  11672 16409960  11336 5144384    0    0 50076 18092 29496 22456 19  2 65 14  0
 5  6  11672 16094864  11584 5429120    0    0 52474  5790 25606 19010 22  2 59 16  0
 9  8  11672 15826152  11848 5698940    0    0 52818  5254 21624 15473 20  2 58 19  0
 7  4  11672 15564104  12112 5957996    0    0 50800  6318 23014 17476 19  2 55 23  0
 5  4  11672 15313592  12392 6196048    0    0 41296 12974 26734 20637 14  2 73 11  0
 4  3  11672 15071608  12632 6438560    0    0 43772 22096 22740 18027 15  2 75  8  0
 4  4  11672 14815160  12860 6675308    0    0 43206 10072 22692 19038 17  2 76  5  0
 1  3  11672 14536232  13152 6952816    0    0 48310 15606 26922 21774 17  2 75  6  0
 1  3  11672 14359912  13340 7126836    0    0 21784 29158 27023 22018  6  1 79 13  0
 2  2  11672 14209432  13492 7277924    0    0 15480 43006 25920 20368  3  1 82 13  0
 0  2  11672 14082664  13616 7405648    0    0 11534 39690 24244 19171  3  1 85 11  0
 1  2  11672 13936592  13760 7550912    0    0 11274 44584 26786 22143  3  1 85 11  0
 1  2  11672 13779440  13884 7705188    0    0 15628 43328 27211 20891  5  1 83 11  0
 0  2  11672 13635648  14036 7850460    0    0 13712 37862 27135 21308  4  1 85 10  0
 4  2  11672 13465848  14196 8018760    0    0 14870 41556 32884 27896  4  2 83 11  0
 1  2  11672 13328288  14316 8156056    0    0 13454 48624 27097 22848  3  1 82 13  0
 1  2  11672 13195784  14452 8288104    0    0 16018 47748 22802 17394  4  1 85 10  0
procs -----------memory---------- ---swap-- -----io---- -system-- -----cpu------
 r  b   swpd   free   buff  cache   si   so    bi    bo   in   cs us sy id wa st
 1  2  11672 13063088  14592 8419912    0    0 12180 41412 26007 20200  4  1 84 11  0
 0  2  11672 12942416  14700 8542248    0    0 14224 50626 23184 16403  3  1 84 12  0
 0  2  11672 12816112  14824 8667468    0    0 14350 42364 25187 17591  3  1 85 11  0
 0  3  11672 12684328  14944 8792836    0    0 20246 34252 22846 14822  5  1 81 13  0
 3  2  11672 12563184  15052 8913908    0    0 21394 17594 20757 12815  5  1 83 11  0
 4  9  11672 12493560  15188 8985232    0    0 12764 18752 22621 16161  3  1 76 19  0
 4  1  11672 12371376  15324 9105664    0    0 20310 80080 21030 14271  4  1 80 15  0
 4  2  11672 12273488  15412 9203908    0    0 17420 39464 17407 11066  3  1 85 10  0
 1  2  11672 12187336  15488 9288680    0    0 15244 46464 15893 9448  3  0 82 15  0
 5  3  11672 12099328  15588 9378060    0    0 14866 50026 17128 10861  3  0 83 13  0
 0  3  11672 12004336  15688 9471216    0    0 12966 42056 20415 14166  3  0 84 12  0
 1  3  11672 11905384  15792 9570124    0    0 19584 43854 17576 11105  5  0 79 16  0
 3  4  11672 11810536  15876 9665352    0    0 18446 33112 16066 10132  3  1 84 12  0
 1  2  11672 11708088  15992 9766828    0    0 17818 45698 18364 12259  4  1 83 13  0
 1  2  11672 11603952  16104 9872520    0    0 15376 40258 20122 14096  3  1 86 10  0
 3  2  11672 11495560  16204 9979436    0    0 15630 49594 20692 14378  3  1 85 11  0
 3  5  11672 11369696  16308 10099992    0    0 18858 38698 22006 14858  5  1 84 11  0
 0  2  11672 11230584  16460 10240396    0    0 21756 37080 24281 16576  4  1 83 12  0
 9  2  11672 11046048  16652 10423020    0    0 20118 44240 30469 20932  6  2 79 13  0
 5  5  11672 10829416  16864 10637036    0    0 19656 40032 35417 25866  6  2 80 12  0
 2  3  11672 10611448  17068 10853764    0    0 24936 33106 32735 24939  7  2 78 13  0
procs -----------memory---------- ---swap-- -----io---- -system-- -----cpu------
 r  b   swpd   free   buff  cache   si   so    bi    bo   in   cs us sy id wa st
 5  2  11672 10465696  17212 10999672    0    0 16398 38668 26809 20916  4  1 83 12  0
 4  4  11672 10326040  17360 11134640    0    0 17740 41304 23834 16590  5  1 80 14  0
 5  2  11672 10191912  17484 11269388    0    0 19304 33966 22481 14701  4  1 83 12  0
 2  2  11672 10052848  17596 11407452    0    0 21648 26556 21591 13136  5  1 82 12  0
 0  3  11672 9931384  17704 11530140    0    0 12426 52620 23148 15965  4  1 83 11  0
 5  4  11672 9758304  17896 11703268    0    0 17180 32792 27130 18190  6  1 74 18  0
 6  4  11672 9464744  18232 11992192    0    0 51164  5300 28297 19695 19  2 56 23  0
 4  7  11672 9191280  18512 12265564    0    0 44518  7286 23402 17689 17  2 59 22  0
 7  8  11672 8929560  18752 12528120    0    0 50352     0 22295 15958 18  2 58 21  0
 5  7  11672 8621304  19044 12814372    0    0 55350  6500 24338 17563 21  3 62 15  0
 9  7  11672 8354952  19280 13081616    0    0 54530     0 21017 15006 21  2 55 22  0
 5  6  11672 8102928  19520 13320040    0    0 46128  6944 21135 14086 18  2 54 26  0
 8  2  11672 7851696  19784 13572360    0    0 49572    64 22981 16486 18  2 61 19  0
 5  2  11672 7659512  19968 13741200    0    0 30368 27150 19581 12297 11  1 79  9  0
 5  3  11672 7471608  20172 13929212    0    0 34084  6982 20788 13832 11  1 71 16  0
 4  2  11672 7263840  20368 14136172    0    0 43052  6786 17150 9306 14  2 68 16  0
 2  5  11672 7061680  20556 14340528    0    0 36544 18908 18231 11004 13  1 69 16  0
 2  6  11672 6829888  20752 14548392    0    0 43158 20606 16997 9986 14  1 61 23  0
 4  2  11672 6655544  20928 14722372    0    0 32292 21866 18293 9679  9  2 69 20  0
 4  5  11672 6457184  21144 14920544    0    0 36392 18514 20922 11054 11  2 70 17  0
 3  6  11672 6220824  21372 15132108    0    0 41464  6346 21445 12964 14  2 65 19  0
procs -----------memory---------- ---swap-- -----io---- -system-- -----cpu------
 r  b   swpd   free   buff  cache   si   so    bi    bo   in   cs us sy id wa st
11  3  11672 6054080  21520 15298944    0    0 31218 23914 18642 9775  9  1 76 14  0
 4  4  11672 5863928  21696 15489660    0    0 27906 28182 25032 17307  9  2 75 14  0
 5  8  11672 5640200  21904 15698012    0    0 30956 20242 29090 20899 11  2 63 23  0
 1  5  11672 5436992  22092 15900172    0    0 30594 20446 27949 20618  9  2 70 19  0
 6  6  11672 5199584  22304 16139416    0    0 42488  9682 24311 13122 13  2 61 23  0
 4  5  11672 5030568  22464 16308776    0    0 29750 17180 19627 11633  8  1 68 22  0
 2  6  11672 4795408  22692 16517132    0    0 45008 23880 20073 10411 14  2 63 21  0
 2  7  11672 4586696  22924 16725816    0    0 46778     0 15865 7298 16  1 56 27  0
10  7  11672 4346832  23160 16951940    0    0 51406  5830 15904 8108 18  1 55 26  0
 2  7  11672 4134392  23364 17165368    0    0 45208  4578 15547 8906 16  1 64 18  0
 6  3  11672 3919096  23588 17377980    0    0 50442 13010 13481 6873 18  2 63 17  0
 2  5  11672 3709520  23748 17568112    0    0 40404     0 13167 7113 16  2 67 15  0
 6  5  11672 3516672  23976 17762988    0    0 41216 19136 13693 7252 16  1 67 16  0
 4  2  11672 3285240  24204 17978296    0    0 45234 12190 16056 9809 17  2 61 20  0
 2  2  11672 3071712  24420 18192348    0    0 34856 13070 17702 11144 12  1 73 14  0
 2  8  11672 2864376  24608 18400132    0    0 33494 22780 16956 10037 13  2 71 13  0
 3  4  11672 2663904  24800 18602124    0    0 34934 22884 14853 9487 13  1 70 16  0
 3  4  11672 2503680  24952 18732528    0    0 26932 38470 9979 7042 10  1 76 13  0
 2  7  11672 2349880  25104 18886764    0    0 32726 18740 9013 7547 13  1 72 14  0
 3  4  11672 2189528  25256 19046392    0    0 36442 37822 9288 6676 13  1 73 13  0
 5  4  11672 2062584  25372 19160268    0    0 25754 30320 6973 4314 10  1 79 10  0
procs -----------memory---------- ---swap-- -----io---- -system-- -----cpu------
 r  b   swpd   free   buff  cache   si   so    bi    bo   in   cs us sy id wa st
 3  3  11672 1899928  25524 19322424    0    0 37286 16328 10139 6556 13  1 73 13  0
 3  3  11672 1700312  25728 19522692    0    0 39876 26862 16685 11122 14  1 75 10  0
 2  7  11672 1492568  25940 19728312    0    0 33082 15564 17851 11874 15  2 74  9  0
 3  3  11672 1260016  26144 19923088    0    0 28040 28964 18236 11839 11  2 69 19  0
 3  2  11672 1104992  26304 20077384    0    0 26122 34214 13656 9695  8  1 72 18  0
 2  3  11672 907832  26484 20275320    0    0 34976 24726 15166 9577 15  1 69 15  0
 0  2  11672 757552  26632 20426196    0    0 28960 29914 10247 6878 10  1 76 13  0
 5  2  11672 686112  26684 20483316    0    0 12556 44176 5338 2874  5  0 77 18  0
 0  4  11672 628968  26732 20539468    0    0 13220 43878 4976 2508  5  0 82 13  0
 2  3  11672 523328  26844 20646860    0    0 21784 31082 7670 4820  8  1 73 18  0
 0  2  11672 447336  26916 20722936    0    0 17142 36128 5695 3236  7  1 77 15  0
 2  2  11672 372248  26992 20798056    0    0 18194 39740 6731 3249  6  0 80 14  0
 0  2  11672 281056  27080 20889472    0    0 21784 32054 7376 3230  8  0 80 12  0
 0  2  11672 208552  27144 20961248    0    0 16146 38130 6404 2855  6  1 81 12  0
 1  2  11672 142432  26908 21018456    0    0 15632 56902 7074 3367  6  0 82 12  0
 5  5  11672 136984  26916 21024020    0    0 30162 26314 12500 5488 11  1 70 18  0
 2  3  11672 150344  26996 21011676    0    0 20764 38672 6815 2979  7  1 72 20  0
 3  4  11672 148360  27128 21012212    0    0 27962 31890 9147 5201  9  1 77 12  0
 3  2  11672 146536  27236 21002752    0    0 28036 25006 9213 5435 11  1 82  7  0
 2  3  11672 142888  27364 21007532    0    0 29092 30644 8456 5149 10  1 80  9  0
 0  6  11672 148512  27452 21003140    0    0  6566 36102 12162 8647  3  1 84 12  0
procs -----------memory---------- ---swap-- -----io---- -system-- -----cpu------
 r  b   swpd   free   buff  cache   si   so    bi    bo   in   cs us sy id wa st
 1  4  11672 146840  27536 21004052    0    0  2076 59276 15583 11294  1  1 71 27  0
 0  3  11672 146192  27640 21005608    0    0 10472 51664 11832 8600  2  1 77 20  0
 0  2  11672 149544  27720 21002828    0    0  4108 51560 11373 9172  2  1 88 10  0
 0  3  11672 144848  27776 21005380    0    0  4366 58078 6594 4947  1  0 72 26  0
 0  2  11672 142720  27824 21009448    0    0  3844 70074 4876 3374  2  1 79 18  0
 0  4  11672 149080  27872 21002908    0    0  4640 32098 4726 2977  2  0 76 22  0
 1  3  11672 145312  27904 21006516    0    0  6916 75982 3901 2045  2  0 86 12  0
 0  2  11672 145464  27920 21006628    0    0  3690 64030 2749 1563  1  0 90  9  0
 1  2  11672 145464  27944 21006412    0    0  3848 57146 3078 1749  1  0 88 11  0
 0  2  11672 143032  27952 21008624    0    0  3328 53626 2536 1502  1  0 91  8  0
 0  2  11672 145912  27988 21004956    0    0  2822 64310 3713 2256  1  0 89 10  0
 0  4  11672 147592  28008 21004388    0    0  2976 61908 2498 1315  1  0 89 10  0
 0  2  11672 214944  28040 20937256    0    0  5360 55914 4840 2359  2  1 85 12  0
 1  2  11672 195328  28060 20957800    0    0  2816 64912 4312 2423  1  0 90  9  0
 1  2  11672 149616  28148 21002324    0    0 13338 29258 9352 5817  4  1 77 19  0
 3  2  11672 147632  28204 21001772    0    0 23188 47284 11856 6554 11  1 78 11  0
 5  3  11672 142760  28276 21006352    0    0 33702 26554 12694 6232 12  1 74 13  0
 3  2  11672 145656  28316 21004024    0    0 40230 19626 10846 6081 14  2 72 13  0
 2  4  11672 146120  28344 20975196    0    0 33346 26600 12411 7101 13  1 66 20  0
 3  2  11672 142304  28364 20980160    0    0 40212 18554 13900 8760 14  1 65 20  0
 4  2  11672 142912  28432 20979020    0    0 38830 20880 12016 8727 14  1 64 20  0
procs -----------memory---------- ---swap-- -----io---- -system-- -----cpu------
 r  b   swpd   free   buff  cache   si   so    bi    bo   in   cs us sy id wa st
 6  3  11672 145352  28456 20957752    0    0 38308 24448 11922 9866 18  1 60 21  0
 3  3  11672 147024  28620 20955092    0    0 39972 21974 11778 9189 14  1 66 19  0
 0  5  11672 145520  28768 20956352    0    0 34902 26010 9660 5542 14  1 66 18  0
 1  4  11672 143536  28892 20935396    0    0 33524 27318 8247 4521 12  1 70 16  0
 6  4  11672 143512  29068 20934632    0    0 35248 18786 8803 4707 12  1 63 24  0
 6  4  11672 145336  29216 20933312    0    0 40360 20782 10275 5946 14  1 68 17  0
 5  3  11672 142600  29332 20936368    0    0 27058 13244 7345 4326 11  1 73 16  0
 4  3  11672 147016  29484 20921700    0    0 37006 14192 9034 5069 14  1 70 15  0
 8  4  11672 145800  29636 20922444    0    0 35686 21574 9387 5818 13  1 71 16  0
 0  4  11672 144144  29760 20924768    0    0 17070 26636 7861 7060  7  1 81 11  0
18  3  11672 145048  29868 20923624    0    0 29322 20830 5540 4051 11  1 77 11  0
 7  2  11672 147176  29972 20913632    0    0 25112 20818 5456 4455 11  1 76 12  0
 0  2  11672 149000  30088 20910548    0    0 22168 35142 8074 5867  7  1 81 11  0
 1  2  11672 149000  30172 20910296    0    0  8714 27602 5758 4453  3  0 86 11  0
 8  2  11672 145648  30220 20912200    0    0  9734 49348 5300 3828  3  0 87 10  0
 2  3  11672 145496  30284 20912948    0    0 11688 46568 5500 4183  4  0 86 10  0
 3  2  11672 148064  30340 20910848    0    0  9968 55004 7338 4974  3  0 86 10  0
 0  3  11672 147304  30440 20909684    0    0 15670 34492 6173 3374  5  0 82 12  0
 3  2  11672 142896  30504 20913828    0    0 13114 51700 4963 2740  4  0 85 11  0
 0  2  11672 145016  30552 20914192    0    0 12046 41210 4656 2648  4  0 86  9  0
 1  2  11672 147736  30608 20904268    0    0 11784 51398 6844 5082  4  0 87  9  0
procs -----------memory---------- ---swap-- -----io---- -system-- -----cpu------
 r  b   swpd   free   buff  cache   si   so    bi    bo   in   cs us sy id wa st
 2  2  11672 146680  30688 20905740    0    0 12562 36614 7841 7128  4  1 84 11  0
 6  3  11672 147904  30756 20905236    0    0 12968 30790 7975 6667  4  1 85 11  0
 0  2  11672 144400  30812 20906632    0    0 12018 41408 7040 5429  3  0 87 10  0
 1  3  11672 149256  30864 20902544    0    0 12322 51650 7797 6331  4  0 86  9  0
 1  5  11672 145464  30932 20906680    0    0 12454 50600 7657 5632  3  0 85 11  0
 4  2  11672 146224  31048 20906648    0    0 16364 30524 8564 5670  5  0 79 15  0
 6  3  11672 148200  31164 20905716    0    0 29340 19836 9473 6687 11  1 77 11  0
 5  3  11672 145008  31284 20901628    0    0 30746 25214 9819 6376 12  1 76 11  0
 2  3  11672 145616  31416 20900248    0    0 31136 28344 10365 6401 11  1 75 13  0
 3  3  11672 142432  31540 20904324    0    0 26782 32350 9912 6517  9  1 77 12  0
 1  4  11672 143184  31688 20902492    0    0 29886 19042 8629 5395 11  1 71 17  0
 5  2  11672 150936  31784 20884364    0    0 22782 36980 9397 6010  9  1 81  9  0
 2  3  11672 145008  31912 20890856    0    0 32314 26908 9800 6581 11  1 75 12  0
 2  4  11672 149256  32060 20883784    0    0 30392 27766 10422 6754 11  1 75 13  0
 0  2  11672 149256  32156 20885272    0    0 19174 38968 8067 6050  6  1 80 14  0
 2  2  11672 149688  32252 20883372    0    0 12168 46528 12692 9746  5  1 83 10  0
 2  2  11672 147848  32376 20879168    0    0 10510 45266 15765 12096  4  1 84 11  0
 1  2  11672 146936  32512 20881216    0    0 13970 45116 23350 18170  7  1 79 13  0
 2  3  11672 146024  32628 20881116    0    0 15120 45758 19871 14525  6  1 82 11  0
 7  3  11672 142248  32812 20886176    0    0 27190 30386 23541 17841 11  2 68 19  0
 1  5  11672 142520  32968 20885172    0    0 27632 46686 15572 13216 11  1 74 15  0
procs -----------memory---------- ---swap-- -----io---- -system-- -----cpu------
 r  b   swpd   free   buff  cache   si   so    bi    bo   in   cs us sy id wa st
 5  4  11672 142992  33136 20876156    0    0 39954  6770 11963 9259 17  1 61 21  0
 1  4  11672 146456  33284 20872688    0    0 33426 32026 11380 8362 12  1 68 19  0
 3  4  11672 146496  33464 20874672    0    0 41898 13712 13453 9092 16  1 65 17  0
 8  4  11672 149208  33612 20843804    0    0 30010 30784 12045 8555 13  1 69 17  0
 6  4  11672 145256  33836 20846816    0    0 46386  6692 16243 9621 16  1 63 20  0
 0  3  11672 145872  33912 20847100    0    0 19066 38258 7219 4281  6  1 51 42  0
 1  8  11672 146320  34004 20844192    0    0 19476 33284 8188 4492  7  1 56 36  0
 2  3  11672 147216  34116 20842152    0    0 24852 34066 9547 5843  9  1 59 31  0
 2  2  11672 143288  34240 20832016    0    0 25112 31996 12155 10587 12  1 75 12  0
 1  4  11672 147672  34300 20828808    0    0  6332 56774 7166 6317  2  1 85 11  0
 0  2  11672 146168  34380 20828700    0    0 15460 64356 8480 7096  3  0 84 12  0
 0  2  11672 147656  34480 20827776    0    0  9224 49654 13593 10461  5  1 87  8  0
 0  2  11672 147344  34588 20827116    0    0  5256 54056 20226 15073  3  2 87  9  0
 4  2  11672 147040  34720 20827524    0    0  6150 65134 29238 21110  4  2 84 10  0
 1  2  11672 142440  34936 20831384    0    0 17308 33568 33285 25113  7  3 74 16  0
 3  4  11672 144880  35088 20829376    0    0 16340 50108 25491 19890  7  2 77 13  0
 3  2  11672 143808  35168 20829028    0    0  8198 49198 14889 10653  3  1 68 28  0
 0  2  11672 146120  35224 20826484    0    0  4356 64718 15575 11679  2  1 71 26  0
 1  2  11672 147664  35272 20826672    0    0  2308 56656 11246 8282  1  1 86 12  0
 1  2  11672 149496  35304 20823240    0    0  5122 56074 10041 7378  2  0 88 10  0
 2  2  11672 147840  35368 20814404    0    0  5380 63126 8535 5701  3  1 88  8  0
procs -----------memory---------- ---swap-- -----io---- -system-- -----cpu------
 r  b   swpd   free   buff  cache   si   so    bi    bo   in   cs us sy id wa st
 1  2  11672 148432  35460 20813036    0    0  6922 52762 13359 9261  3  1 86 11  0
 0  2  11672 151304  35508 20810796    0    0  7170 54562 8383 5149  2  0 88  9  0
 1  2  11672 142336  35624 20818976    0    0  7692 46054 17976 12779  3  1 84 13  0
 0  2  11672 142032  35716 20820148    0    0  6664 65092 19676 15985  2  1 88  9  0
 6  2  11672 146736  35816 20814400    0    0  8330 53092 15274 12141  3  1 86 10  0
 4  3  11672 145200  36032 20816112    0    0 32672 20788 21906 14287 13  2 67 19  0
 0 10  11672 139424  36216 20820560    0    0 35624 26358 12971 8560 14  1 56 29  0
 2 12  11672 139904  36340 20804232    0    0 20676 34086 12626 7200  7  1 51 40  0
 3  4  11672 143872  36492 20800280    0    0 27022 28524 13266 5991  8  1 48 43  0
 0 11  11672 144608  36628 20798752    0    0 26262 24806 12272 6005  9  1 41 49  0
 3  7  11672 138216  36728 20807172    0    0 12810 40966 11049 6237  5  1 57 36  0
 1  7  11672 137320  36840 20805228    0    0 29856 17752 9432 5578 12  1 44 43  0
 2  4  11672 142792  37024 20797048    0    0 27810 38362 14343 10377 12  2 53 33  0
 3  4  11672 144472  37188 20795784    0    0 37664 18704 12132 8876 13  1 57 29  0
 3  6  11672 149032  37344 20790792    0    0 28600 19020 12438 8286 10  1 53 35  0
 1  9  11672 149488  37472 20790096    0    0 22652 37552 12280 8627  8  1 60 30  0
 3  7  11672 149464  37648 20775384    0    0 23434 39490 14565 9392  9  1 68 21  0
 1  3  11672 147808  37780 20778520    0    0 20806 32872 18069 13187  7  1 70 22  0
 0 11  11672 143856  37896 20782256    0    0 23060 33684 13693 9643  8  1 70 21  0
 1  8  11672 147656  38000 20776604    0    0 11534 50838 12308 7599  4  1 62 33  0
 1  2  11672 142336  38084 20783632    0    0 12044 48216 17295 11158  5  1 77 17  0
procs -----------memory---------- ---swap-- -----io---- -system-- -----cpu------
 r  b   swpd   free   buff  cache   si   so    bi    bo   in   cs us sy id wa st
10  3  11672 149808  38176 20777396    0    0 11790 47020 9398 5730  5  1 81 14  0
 7  5  11672 150520  38380 20775564    0    0 28346 19132 19956 13710 11  1 70 17  0
 0  2  11672 145808  38500 20776580    0    0 24964 38698 12534 8568  9  1 77 13  0
 5  4  11672 143840  38640 20779264    0    0 22292 31272 15153 8849  8  1 76 15  0
 3  3  11672 149336  38804 20774144    0    0 22704 33530 14497 9430 10  1 75 13  0
 3  3  11672 150400  38940 20772880    0    0 25734 35760 12606 7874  9  1 76 14  0
 0  9  11672 149952  39080 20752968    0    0 27936 26094 13486 7390 11  1 71 17  0
 1  3  11672 146912  39236 20755876    0    0 26908 32614 14336 8620  9  1 61 29  0
 0  2  11672 146480  39380 20753788    0    0 20370 38208 25532 16722  9  2 70 20  0
 1  2  11672 150912  39484 20748888    0    0 12044 49516 20933 13938  4  1 81 14  0
 1  2  11672 143784  39564 20758468    0    0 12812 48422 15993 10569  5  1 78 16  0
 1  3  11672 143456  39764 20759584    0    0 23332 32638 20273 12646  9  1 75 14  0
 3  4  11672 143288  39884 20752836    0    0 22940 48004 14392 9691  9  1 72 18  0
 4  4  11672 141944  40088 20752812    0    0 36266 14304 18425 12561 13  2 59 26  0
 6  3  11672 149080  40300 20745520    0    0 39496 20664 18326 13110 14  2 67 17  0
 8  5  11672 142104  40496 20730936    0    0 43048 17880 13694 7998 17  2 60 21  0
 6  4  11672 144176  40676 20728008    0    0 46382 15780 11720 6282 18  1 60 21  0
 6  6  11672 146120  40876 20728188    0    0 39086 15538 13659 9321 15  1 62 22  0
 3  3  11672 149456  41060 20705384    0    0 38294 20474 13770 7930 13  1 64 21  0
 2  5  11672 148696  41204 20706956    0    0 34336 27106 15283 8628 14  1 64 21  0
 2  4  11672 143848  41332 20711972    0    0 29214 32104 12188 6563 10  1 73 15  0
procs -----------memory---------- ---swap-- -----io---- -system-- -----cpu------
 r  b   swpd   free   buff  cache   si   so    bi    bo   in   cs us sy id wa st
 2  3  11672 151592  41468 20704700    0    0 23060 47168 12227 7759  9  1 76 14  0
 1  2  11672 144152  41596 20711996    0    0 20124 38680 13965 10412  8  1 75 16  0
 2  3  11672 146888  41764 20694908    0    0 28988 26190 14579 9233 11  1 77 10  0
 2  2  11672 147352  41932 20694972    0    0 31628 27714 11112 6137 12  1 75 12  0
 3  3  11672 149600  42104 20691644    0    0 31528 24572 9347 4968 11  2 72 16  0
 2  3  11672 144144  42208 20696904    0    0 16274 32050 8471 4742  8  1 79 13  0
 2 11  11672 147944  42324 20679152    0    0  9764 27756 12689 8919  5  1 68 25  0
 0  3  11672 148712  42456 20678684    0    0 19840 73980 13752 10328  5  1 74 20  0
 1  4  11672 142928  42608 20684692    0    0 23062 31884 14965 11859  9  1 74 15  0
 1  2  11672 147504  42744 20679676    0    0 30368 32962 12069 9194 12  1 69 18  0
 5  4  11672 148264  42936 20679084    0    0 32576 18198 15177 11037 12  1 69 18  0
 2  3  11672 148304  43064 20662932    0    0 22782 40356 14136 10336 10  1 74 15  0
 5  3  11672 148880  43252 20662116    0    0 34916 29144 17350 12712 13  1 65 20  0
 2  4  11672 142488  43428 20668468    0    0 30502 27398 16435 12294 11  1 74 13  0
 3  2  11672 145984  43604 20665460    0    0 36006 23494 14609 10412 14  1 71 14  0
 2  3  11672 143856  43728 20641764    0    0 27674 48322 13660 10055 11  1 76 12  0
 5  3  11672 145816  43840 20641684    0    0 17038 44110 15168 10787  7  1 85  6  0
 2  4  11672 149624  44012 20636168    0    0 30140 32536 16914 10162 11  1 61 26  0
 3  2  11672 146128  44144 20640932    0    0 27522 20264 15843 10533 10  1 70 19  0
 1  3  11672 145232  44320 20624184    0    0 32166 25152 13189 8163 13  1 69 16  0
 4  3  11672 142344  44480 20624492    0    0 28476 24490 17653 12796 11  1 70 18  0
procs -----------memory---------- ---swap-- -----io---- -system-- -----cpu------
 r  b   swpd   free   buff  cache   si   so    bi    bo   in   cs us sy id wa st
 3  3  11672 144016  44648 20623788    0    0 33698 14310 17275 12128 12  1 74 12  0
 4  4  11672 142512  44772 20624972    0    0 30978 14322 10570 5819 11  1 73 15  0
 1  3  11672 143880  44880 20603176    0    0 29110 27800 8709 4018 12  1 74 13  0
 2  3  11672 148120  45012 20596604    0    0 27554 29294 7476 3455  9  1 76 15  0
 2  2  11672 147960  45136 20597776    0    0 21756 29078 9587 5327  8  1 77 13  0
 1  2  11672 149784  45180 20596820    0    0  4358 37736 6706 3671  2  0 83 15  0
 1  2  11672 145256  45200 20600648    0    0  5890 49154 4536 2395  2  1 83 14  0
 0  3  11672 142960  45308 20602236    0    0 15896 45334 6418 2860  5  1 80 14  0
 1  2  11672 145360  45364 20599704    0    0 14100 46782 4232 2062  5  1 84 10  0
 0  2  11672 148712  45432 20596456    0    0  7306 50368 10281 6413  2  0 87 10  0
 1  2  11672 146112  45524 20599668    0    0  7058 55450 13662 9447  3  1 82 15  0
 2  3  11672 146424  45632 20597524    0    0 15176 39798 16349 11443  7  1 76 15  0
 2  2  11672 147504  45732 20598868    0    0 19198 42016 13209 9413  6  1 78 15  0
 5  2  11672 142312  45828 20601476    0    0 24984 22732 7571 4070  9  1 70 21  0
 2  4  11672 147488  45880 20598204    0    0 10042 39338 5078 2535  4  0 81 14  0
 3  4  11672 144448  46032 20603224    0    0 29934 19688 13631 8337 12  1 69 17  0
 2  2  11672 150224  46172 20596616    0    0 25882 19962 8936 5894  9  1 79 11  0
 2  2  11672 147944  46352 20582028    0    0 34470 13774 13732 8499 14  1 70 14  0
 3  3  11672 144312  46476 20582344    0    0 22334 20212 7123 3955  8  0 77 15  0
 3  2  11672 145056  46620 20583664    0    0 26370 23732 15476 11423 11  1 74 14  0
 1  3  11672 143688  46756 20584272    0    0 23060 19470 14817 12940  9  1 78 12  0
procs -----------memory---------- ---swap-- -----io---- -system-- -----cpu------
 r  b   swpd   free   buff  cache   si   so    bi    bo   in   cs us sy id wa st
 2  2  11672 143688  46904 20567892    0    0 26518 13604 15985 12756 11  1 72 15  0
 1  3  11672 145424  47028 20565108    0    0 19226 35400 11177 6954  7  1 80 13  0
 2  2  11672 147384  47164 20564012    0    0 19988 37072 16347 9640  7  1 78 14  0
 1  4  11672 145704  47316 20564332    0    0 22958 40002 20836 10183 10  2 71 16  0
 0  3  11672 142800  47504 20565768    0    0 19608 45754 23610 12216  8  2 77 13  0
 2  3  11672 147072  47636 20562664    0    0 17528 29952 17531 10293  6  2 83 10  0
 2  4  11672 147392  47784 20548644    0    0 21532 39780 13807 8325  9  1 76 14  0
 0  3  11672 147544  47872 20548208    0    0 20372 43586 9087 4558  7  1 81 12  0
 5  2  11672 142680  47960 20552720    0    0 17170 42384 8824 4190  4  1 82 13  0
 2  3  11672 145264  48064 20549136    0    0 20908 38914 9121 4376  7  1 79 13  0
 0  5  11672 145704  48152 20550960    0    0 16172 45030 7954 4421  6  0 81 13  0
 5  4  11672 145088  48232 20550960    0    0 16352 37532 5425 3550  6  1 81 12  0
 2  2  11672 147520  48328 20532584    0    0 17300 20006 6305 4245  6  1 80 13  0
 1  2  11672 147520  48408 20533952    0    0 12810 32800 6709 4788  5  1 84 10  0
 3  3  11672 146440  48528 20532596    0    0 18066 49046 8983 5930  7  1 81 11  0
 1  2  11672 143520  48652 20534992    0    0 12042 41320 16467 12912  6  1 82 11  0
 1  3  11672 151120  48756 20528552    0    0 11274 50718 16522 13507  5  1 83 11  0
 0  3  11672 148512  48924 20530952    0    0 21042 31742 19317 15760  9  1 78 12  0
 1  2  11672 145664  49008 20534208    0    0  7020 49060 12790 9261  3  1 87  9  0
 2  4  11672 150488  49148 20526600    0    0 14252 52846 16926 12693  5  1 82 12  0
 1  2  11672 148056  49336 20525736    0    0 20990 36076 30046 22537  9  2 76 13  0
procs -----------memory---------- ---swap-- -----io---- -system-- -----cpu------
 r  b   swpd   free   buff  cache   si   so    bi    bo   in   cs us sy id wa st
 1  3  11672 146232  49492 20526932    0    0 14246 45544 26437 19783  6  2 83 10  0
 1  3  11672 142432  49672 20532524    0    0 25984 24756 27567 22020 10  2 75 12  0
 2  2  11672 148680  49824 20524444    0    0 17428 43882 22812 16579  7  2 77 14  0
 3  3  11672 144416  49988 20530100    0    0 23704 32078 20720 15162  9  1 77 13  0
 3  2  11672 141824  50120 20531936    0    0 23190 32396 10761 7413  9  1 76 14  0
 2  2  11672 144264  50272 20513400    0    0 23192 39388 11798 7834 10  1 74 14  0
 5  3  11672 149104  50580 20508444    0    0 24470 19484 10917 6283  9  1 73 18  0
 2  3  11672 147896  50952 20508656    0    0 22544 19038 12516 7543  8  1 65 26  0
 2  2  11672 148368  51236 20506300    0    0 20708 28222 12799 7944  8  1 74 17  0
 1  3  11672 144112  51336 20512160    0    0 18194 41632 8567 5347  7  1 80 12  0
 3  2  11672 150344  51408 20504680    0    0 13836 47744 6538 4543  6  0 78 15  0
 2  2  11672 149104  51504 20493768    0    0 18446 45864 9761 6573  7  1 79 13  0
 3  4  11672 146968  51652 20495340    0    0 16176 46796 18062 12636  6  1 75 18  0
 1  4  11672 146064  51724 20496964    0    0  9480 41438 9084 6338  3  1 84 12  0
 1  2  11672 149864  51840 20491596    0    0 11124 48202 16608 13576  4  1 79 16  0
 5  1  11672 142112  51920 20495808    0    0  6150 55084 14120 11762  4  1 81 14  0
 0  2  11672 147880  52000 20488176    0    0 11784 45180 12329 9350  4  1 81 14  0
 2  2  11672 145336  52088 20490444    0    0 12430 48056 12758 9094  5  1 83 11  0
 1  2  11672 142144  52140 20493644    0    0 10508 43858 6023 3905  4  1 85 11  0
 1  2  11672 147920  52224 20487924    0    0 13986 43508 8987 6602  5  1 81 13  0
 2  2  11672 143800  52308 20487432    0    0 12556 51728 9850 7382  5  1 82 12  0
procs -----------memory---------- ---swap-- -----io---- -system-- -----cpu------
 r  b   swpd   free   buff  cache   si   so    bi    bo   in   cs us sy id wa st
 1  2  11672 145160  52360 20485440    0    0  7688 45970 7448 5510  3  0 87 10  0
 1  4  11672 143944  52424 20485048    0    0 14220 45240 8870 5845  5  1 85  9  0
 1  3  11672 147584  52496 20482172    0    0 10662 51958 8635 5737  4  1 84 12  0
 1  2  11672 146832  52528 20484040    0    0  5228 53336 7895 5545  2  0 89  9  0
 5  3  11672 141792  52636 20488020    0    0 17196 38904 11657 7222  7  1 80 12  0
 0  2  11672 147280  52728 20483668    0    0 19196 39094 11405 7572  7  1 77 16  0
 0  3  11672 145040  52808 20484336    0    0 14862 46370 10133 6417  6  1 83 11  0
 3  2  11672 143504  52932 20486220    0    0 16402 39686 14121 11390  7  1 80 12  0
 2  3  11672 144080  53064 20483656    0    0 18452 39244 16609 12017  8  1 79 12  0
 2  4  11672 146528  53164 20478616    0    0 13328 47244 14647 12441  5  1 82 12  0
 2  2  11672 142888  53248 20483008    0    0 11532 38412 15664 12083  4  1 82 13  0
 2  2  11672 146232  53364 20477388    0    0  8454 57020 18486 13957  4  1 85  9  0
 4  3  11672 142448  53500 20481528    0    0 12580 45336 21417 17598  5  2 83 10  0
 2  3  11672 148224  53612 20476112    0    0  6110 52022 20638 16903  3  2 83 12  0
 1  2  11672 145344  53692 20479252    0    0  3378 64474 19748 17294  3  1 86  9  0
 0  3  11672 148856  53772 20473952    0    0  9130 53432 8856 6240  3  0 82 14  0
 1  2  11672 148096  53800 20475672    0    0  6250 64756 7172 4942  2  0 81 16  0
 1  3  11672 147208  53836 20478000    0    0  5128 45224 6867 4568  1  0 83 15  0
 2  2  11672 142040  53912 20480996    0    0 16914 42368 8118 4360  5  0 80 14  0
 0  3  11672 149016  54048 20469852    0    0 21912 38662 18561 11915  8  1 73 18  0
 1  2  11672 143080  54168 20475456    0    0 18964 47250 19650 13620  6  1 74 19  0
procs -----------memory---------- ---swap-- -----io---- -system-- -----cpu------
 r  b   swpd   free   buff  cache   si   so    bi    bo   in   cs us sy id wa st
 2  2  11672 143840  54284 20475392    0    0 18830 38716 21684 15303  6  1 76 17  0
 4  5  11672 147800  54440 20471668    0    0 22814 40182 16468 11013  7  1 78 14  0
 3  3  11672 144440  54600 20474596    0    0 28354 20796 11604 7475 11  1 72 16  0
 8  6  11672 147744  54780 20452432    0    0 36240 28010 14903 8489 16  2 69 14  0
 6  6  11672 144104  55000 20456660    0    0 51790 13256 18434 10321 19  2 58 21  0
 6  3  11672 147736  55180 20451744    0    0 43540  6914 17187 11022 16  2 64 18  0
 5  5  11672 147736  55420 20433668    0    0 46278  8090 23739 14334 18  2 55 25  0
 5  3  11672 142872  55628 20436768    0    0 44946 13142 23574 14679 18  2 59 21  0
13  3  11672 143632  55828 20425412    0    0 37958 17798 20790 12275 15  2 60 23  0
 7  5  11672 145784  55984 20425176    0    0 32388 27586 19919 11815 13  2 71 15  0
 7  5  11672 144112  56204 20426080    0    0 46894 12826 16679 8005 19  2 58 22  0
 8  4  11672 148968  56388 20407852    0    0 40776 12732 14539 8070 16  1 59 23  0
 2  8  11672 148040  56624 20406884    0    0 49644 13492 15251 9286 19  2 64 16  0
 5  5  11672 141656  56852 20415400    0    0 47006  7360 13908 8224 17  2 52 29  0
 2  7  11672 137552  57024 20399348    0    0 47156     0 11878 5934 20  2 46 32  0
 4  3  11672 146840  57204 20389980    0    0 39186 19132 12613 6840 14  1 62 22  0
 5  5  11672 142416  57400 20395116    0    0 40206 20976 17282 10355 16  2 64 18  0
 6  2  11672 142096  57576 20369860    0    0 32544 29260 16895 11359 14  1 71 14  0
 3  2  11672 150600  57776 20360352    0    0 30750 17192 23177 17319 12  1 77 10  0
 4  3  11672 145784  57976 20365792    0    0 38440 32544 19857 13429 15  2 67 15  0
 4  4  11672 143152  58088 20368924    0    0 20016 31350 12257 7024  7  1 79 14  0
procs -----------memory---------- ---swap-- -----io---- -system-- -----cpu------
 r  b   swpd   free   buff  cache   si   so    bi    bo   in   cs us sy id wa st
 1  1  11672 146048  58268 20352048    0    0 30086 35888 18461 11248 12  1 74 13  0
 1  2  11672 144680  58380 20355240    0    0 11664 38280 15181 9964  5  1 83 11  0
 3  2  11672 145584  58524 20353164    0    0 21396 47240 15783 11423  8  1 80 10  0
 2  3  11672 143768  58672 20357836    0    0 23810 27676 15285 10381  9  1 78 12  0
20  3  11672 143144  58864 20353436    0    0 36646 18820 14506 8571 14  1 63 22  0
 1  5  11672 148208  59024 20328948    0    0 30008 22418 15274 9091 12  1 71 15  0
 3  2  11672 148632  59132 20328624    0    0 23554 43516 8853 4740  8  1 80 11  0
 4  4  11672 140872  59320 20333920    0    0 29628 19984 17005 9630 11  1 67 20  0
 5  6  11672 144072  59528 20315812    0    0 32474 34086 20308 12671 16  2 66 17  0
 2  5  11672 148776  59720 20312924    0    0 37492 24878 19856 13261 14  2 63 22  0
 0 11  11672 143160  59864 20319924    0    0 27804 26428 14602 10088 10  1 60 29  0
 5 11  11672 147856  59956 20316024    0    0 23550 38784 8207 4907  9  1 47 43  0
 2  3  11672 147080  60060 20314784    0    0 12302 49096 11071 9412  5  1 48 45  0
 0 12  11672 145264  60128 20316496    0    0 14480 38714 9206 5790  5  1 47 48  0
 0 16  11672 145872  60248 20295876    0    0 17424 39800 10052 6410  7  1 49 42  0
 4  9  11672 143752  60344 20295896    0    0 13836 52060 10089 6653  5  1 55 39  0
 2  3  11672 150176  60488 20289248    0    0 22684 27054 12806 8558  9  3 63 25  0
 4  4  11672 143752  60644 20294372    0    0 25662 25962 11032 8949 10  1 77 13  0
 0  5  11672 149680  60708 20290388    0    0  7582 46652 6986 4822  2  0 85 13  0
 3  2  11672 145560  60824 20297200    0    0 12130 39218 10811 6706  4  1 62 33  0
 2  3  11672 143136  60984 20289148    0    0 27554 27018 13888 7691 10  1 73 16  0
procs -----------memory---------- ---swap-- -----io---- -system-- -----cpu------
 r  b   swpd   free   buff  cache   si   so    bi    bo   in   cs us sy id wa st
 3  5  11672 144192  61068 20287216    0    0 18478 37460 9067 4764  6  0 81 13  0
 4  2  11672 146320  61240 20284300    0    0 35086 16744 14493 9242 12  1 67 20  0
 2  3  11672 146928  61420 20281476    0    0 33956 34412 17502 11867 13  1 68 18  0
 4  3  11672 145240  61604 20246976    0    0 30260 34626 22089 14447 12  2 69 17  0
 9  4  11672 147064  61800 20245112    0    0 29318 27206 24977 18644 12  2 66 20  0
 5  4  11672 142048  61948 20250236    0    0 25242 34086 17037 11731  9  1 59 30  0
 3  5  11672 146296  62052 20243772    0    0 17574 44832 12472 7709  7  1 51 40  0
 0 12  11672 150856  62160 20240584    0    0 13176 40582 11778 7447  4  1 45 50  0
 0 16  11672 146720  62284 20241188    0    0 18586 33504 10641 6448  7  1 50 42  0
 1  4  11672 142024  62392 20239936    0    0 16398 51616 15732 10555  6  1 47 46  0
 0 15  11672 150096  62508 20232788    0    0 10196 36440 10193 6246  4  1 62 33  0
 0  7  11672 148120  62568 20234324    0    0 11022 41576 6979 3817  3  1 52 44  0
 0 10  11672 146600  62612 20235864    0    0  8710 48046 5936 3413  3  1 56 40  0
 0 16  11672 145968  62748 20235724    0    0 10110 35214 14468 9251  4  1 47 47  0
 0 16  11672 143368  62852 20235780    0    0  7754 45162 7711 4743  2  0 40 57  0
 2  6  11672 142560  62948 20237200    0    0  5194 27466 10239 6113  2  1 41 56  0
 2 12  11672 142416  63128 20238900    0    0 11522 28082 13978 8590  5  1 38 56  0
 0 11  11672 147096  63220 20232472    0    0  4428 37434 5461 2781  1  0 35 63  0
 1  3  11672 148048  63352 20233948    0    0 13128 32302 17250 11624  5  1 51 42  0
 0  4  11672 145768  63384 20233956    0    0  5124 53054 7498 4975  2  1 50 47  0
 0 11  11672 143784  63596 20237072    0    0 24018 33324 20757 14419 10  2 66 22  0
procs -----------memory---------- ---swap-- -----io---- -system-- -----cpu------
 r  b   swpd   free   buff  cache   si   so    bi    bo   in   cs us sy id wa st
 0 18  11672 143016  63740 20233720    0    0 22120 29574 13704 8365  8  1 46 45  0
 1 17  11672 148032  63892 20228684    0    0 27806 25110 14472 9234 10  1 44 45  0
 3  6  11672 148528  64020 20227976    0    0 18630 65980 12491 7598  6  1 39 54  0
 4  3  11672 147008  64176 20228244    0    0 33588 19230 11706 7357 12  1 56 31  0
 7  4  11672 142912  64172 20208564    0    0 40108 13786 14083 9131 17  2 62 19  0
 0  9  11672 144280  64060 20204744    0    0 19726 39656 7944 4694  7  1 40 51  0
 3 14  11672 143352  64036 20206584    0    0 16916 35362 8620 5188  6  1 33 60  0
 0 14  11672 149400  64124 20198216    0    0 15638 40296 9291 6229  6  1 35 58  0
 2  3  11672 148184  64240 20200592    0    0 14736 45700 15134 10768  5  1 40 54  0
 1 12  11672 148960  64352 20199840    0    0 14814 40758 12541 8350  6  1 48 45  0
 0 15  11672 142424  64448 20205608    0    0 12892 48292 11004 7385  5  1 40 54  0
19 13  11672 144544  64544 20204284    0    0 11172 38396 11383 7373  5  1 36 58  0
 0 13  11672 146064  64600 20194824    0    0  9302 41800 9453 6302  4  1 38 57  0
 0 14  11672 144848  64700 20196208    0    0 10788 37786 13589 9691  4  1 46 48  0
 3  6  11672 143936  64784 20197480    0    0  7670 39064 12033 7056  4  1 43 52  0
 1 18  11672 142584  64896 20199816    0    0 13890 38404 10238 6407  5  1 38 56  0
 5 15  11672 151368  64984 20189552    0    0 18172 31696 5972 3635  6  1 36 58  0
 1 12  11672 142136  65116 20196612    0    0 26398 23926 14945 7975 10  1 43 46  0
 0 11  11672 150792  65216 20187244    0    0 15780 28120 13166 7284  6  1 33 60  0
 3 13  11672 146976  65284 20192072    0    0  9842 41888 11246 6246  3  1 34 62  0
 1 21  11672 144544  65372 20191692    0    0  9994 41878 12613 7472  4  1 31 64  0
procs -----------memory---------- ---swap-- -----io---- -system-- -----cpu------
 r  b   swpd   free   buff  cache   si   so    bi    bo   in   cs us sy id wa st
 0 23  11672 149240  65480 20183792    0    0 12302 51000 13732 8513  6  1 29 64  0
 0 22  11672 142864  65564 20191972    0    0  8714 53618 13407 9498  3  1 31 65  0
 0 18  11672 147264  65672 20188928    0    0 13968 48374 13579 9113  5  1 43 51  0
 8 11  11672 150912  65784 20184312    0    0 17428 34506 15592 9674  7  1 31 62  0
 0 20  11672 146328  65932 20189688    0    0 15782 46754 19390 12489  6  1 33 59  0
 0 12  11672 145712  66084 20190676    0    0 17660 40366 23792 15929  8  2 37 53  0
 1 14  11672 142368  66176 20195120    0    0 12042 46676 14965 10038  4  1 36 59  0
 4  5  11672 142072  66400 20178604    0    0 29266 20142 30327 21550 14  3 35 48  0
 0 18  11672 144352  66616 20176028    0    0 26142 25070 26933 20548 11  2 38 49  0
 4 15  11672 144960  66728 20177400    0    0 18428 39446 12427 7987  6  1 30 63  0
 5 10  11672 146312  66820 20176064    0    0 18196 42280 7815 5116  7  1 25 67  0
 3 20  11672 145552  66932 20175932    0    0 21294 19758 13192 8055  8  1 29 62  0
 5 11  11672 143120  67020 20178872    0    0 15480 38878 13323 8684  5  1 34 60  0
 2 16  11672 143136  67172 20161604    0    0 24240 22700 16227 10526 11  2 35 53  0
 3 12  11672 142536  67312 20165456    0    0 24084 13416 22850 15773 10  2 36 51  0
 1 12  11672 143456  67552 20162620    0    0 40090 23754 18464 11956 16  2 39 44  0
 1  4  11672 148336  67672 20160800    0    0 19180 22390 14511 9744  7  1 53 38  0
 3 16  11672 145424  67860 20148944    0    0 27144 23538 19916 12761 11  2 54 34  0
 1 18  11672 146632  67920 20145700    0    0 14990 51412 11581 6937  5  1 33 62  0
 5 17  11672 146936  68020 20142944    0    0 19984 38252 10115 4978  7  1 36 56  0
 3 11  11672 147560  68180 20145072    0    0 24216 30316 17274 10586  9  2 44 45  0
procs -----------memory---------- ---swap-- -----io---- -system-- -----cpu------
 r  b   swpd   free   buff  cache   si   so    bi    bo   in   cs us sy id wa st
 1 17  11672 144960  68316 20147636    0    0 21136 32320 14268 8107  8  1 37 53  0
 3 19  11672 145312  68480 20146144    0    0 19762 36324 19023 11875  9  2 39 50  0
 2 17  11672 144024  68652 20133460    0    0 26502 31708 13403 7830 10  1 33 56  0
 3 15  11672 144848  68776 20132488    0    0 20630 33288 11528 6277  7  1 30 62  0
 3 15  11672 148376  68848 20128296    0    0 10662 44664 9300 5155  5  1 31 63  0
 4  4  11672 143344  68948 20135396    0    0 16532 38716 11702 7253  6  1 29 64  0
 0 20  11672 148856  69076 20131544    0    0 21404 27648 11801 6868  8  1 48 43  0
 0 10  11672 143504  69228 20137308    0    0 24454 21740 11349 6939  9  1 35 55  0
 3 14  11672 148208  69384 20114076    0    0 28056 31832 21041 13037 12  2 42 44  0
 0 14  11672 145496  69488 20119068    0    0 16534 37482 12532 7831  5  1 33 60  0
 1 15  11672 146408  69612 20117068    0    0 13462 46990 16893 11266  5  1 42 52  0
 0 21  11672 137096  69772 20125680    0    0 26908 19618 16252 9721 10  1 33 56  0
17  8  11672 148808  69868 20113772    0    0 15402 44614 9607 5531  6  1 31 62  0
 0 20  11672 147704  69976 20116180    0    0 17402 32666 14413 8961  8  1 26 65  0
 1 18  11672 146784  70120 20105468    0    0 15632 49684 17496 12103  9  1 28 63  0
 2 15  11672 143200  70248 20109676    0    0 21936 47056 20710 14249  9  1 29 60  0
 0 23  11672 144880  70372 20105860    0    0 26268 26622 10921 5940  9  1 28 62  0
 2 18  11672 144736  70512 20105388    0    0 31496 20080 13540 9121 12  1 24 63  0
 6 15  11672 144616  70696 20092496    0    0 33568 18804 18290 12135 14  2 25 59  0
 1 22  11672 142488  70776 20090112    0    0 17626 31868 9858 6091  7  1 29 63  0
 0 16  11672 142016  70916 20093060    0    0 30038 16872 11992 7315 10  1 28 61  0
procs -----------memory---------- ---swap-- -----io---- -system-- -----cpu------
 r  b   swpd   free   buff  cache   si   so    bi    bo   in   cs us sy id wa st
 3 16  11672 142928  71004 20091328    0    0 20912 31536 9237 5122  8  1 33 59  0
 3  7  11672 142760  71140 20093532    0    0 28810 25768 13031 7913 10  1 30 58  0
 0 16  11672 142920  71284 20090852    0    0 18196 38948 18841 12717  7  1 31 60  0
10 21  11672 146400  71408 20079392    0    0 19728 31800 20958 13900  9  1 32 58  0
 0  9  11672 147760  71476 20077132    0    0 11022 44368 7838 4628  3  1 36 60  0
 6 14  11672 144104  71648 20082372    0    0 25624 27532 21271 14541 10  2 45 44  0
 0 19  11672 144856  71752 20079932    0    0 12174 40928 9957 6234  5  1 36 58  0
 4 17  11672 143472  71864 20081448    0    0 13988 38286 16560 11229  5  1 32 62  0
 0 20  11672 142712  71960 20079600    0    0 10870 53412 14199 9195  4  1 32 62  0
 2 17  11672 149112  72080 20074804    0    0 19632 33458 13319 8639  7  1 35 57  0
 0 21  11672 145896  72204 20068892    0    0 20216 34418 19574 13996  9  1 35 54  0
 0 21  11672 145584  72324 20066828    0    0 10122 44916 17706 12158  5  1 39 55  0
 0 13  11672 147568  72416 20067500    0    0 13324 39690 13721 9384  5  1 30 64  0
 0 19  11672 145432  72548 20073016    0    0 15506 41464 22062 15555  7  1 34 58  0
 1 23  11672 146936  72684 20067100    0    0 18486 43166 13462 8342  6  1 43 50  0
 1 22  11672 147048  72808 20066996    0    0 15764 37186 12906 8141  6  1 40 53  0
 6 17  11672 149776  72912 20065756    0    0 15356 35594 12360 7991  7  1 33 60  0
 5 22  11672 142624  73136 20063640    0    0 39484 18484 24708 17297 17  3 21 59  0
 0 24  11672 143224  73212 20063148    0    0 22448 27490 9630 6269  8  1 30 61  0
 4 15  11672 147792  73300 20054224    0    0 15866 39262 9208 5616  6  1 30 63  0
 0 27  11672 142920  73416 20058952    0    0 13684 47412 13381 8606  5  1 34 60  0
procs -----------memory---------- ---swap-- -----io---- -system-- -----cpu------
 r  b   swpd   free   buff  cache   si   so    bi    bo   in   cs us sy id wa st
 5 13  11672 145096  73592 20057424    0    0 25960 27460 21040 14338 10  1 24 64  0
13 19  11672 148104  73716 20039236    0    0 18122 32190 16704 12554  7  2 29 62  0
 0 21  11672 143272  73796 20042088    0    0 11402 42406 11107 7547  4  1 33 61  0
 0 20  11672 142480  73880 20041456    0    0  7176 48404 11238 7252  3  1 41 56  0
 5 24  11672 142768  73964 20041484    0    0  8504 50524 13981 8793  4  1 36 59  0
 6 24  11672 145176  74048 20039420    0    0  9686 38524 15014 9530  3  1 40 56  0
 0 22  11672 143976  74192 20042968    0    0 16402 34510 20929 14567  6  2 34 58  0
 0 24  11672 137888  74324 20046700    0    0 14610 49354 19149 13635  6  2 38 55  0
 5 19  11672 145024  74424 20039020    0    0 11442 43086 14472 9164  5  1 34 59  0
 1 26  11672 146544  74496 20036652    0    0  9356 40728 8242 5250  3  1 36 61  0
 0 22  11672 143232  74656 20044916    0    0 20886 30762 22381 15829  9  2 40 49  0
11  5  11672 147640  74804 20035324    0    0 20046 55388 17437 11353  6  1 30 63  0
 2 26  11672 145008  74948 20032964    0    0 23172 29042 13590 9115  8  1 28 62  0
 0 30  11672 147744  75048 20031356    0    0 17976 36574 12535 7620  6  1 36 57  0
 4 25  11672 142736  75144 20036800    0    0 18960 37564 12920 8638  8  1 44 47  0
 0 22  11672 147288  75252 20032988    0    0 19096 38218 13628 9027  7  1 42 50  0
 8 17  11672 143792  75308 20035168    0    0 13578 42938 13665 9849  5  1 38 55  0
 1 22  11672 149120  75340 20029304    0    0 12556 37412 13518 9321  5  1 36 59  0
 0 20  11672 152040  75308 20015564    0    0  5642 45222 9916 7960  4  1 37 58  0
 2 23  11672 150056  75428 20019540    0    0 15186 40174 18393 11750  6  1 38 55  0
 0 18  11672 145208  75460 20022708    0    0  7298 49238 9372 6582  2  1 34 63  0
procs -----------memory---------- ---swap-- -----io---- -system-- -----cpu------
 r  b   swpd   free   buff  cache   si   so    bi    bo   in   cs us sy id wa st
 0 25  11672 144736  75576 20023012    0    0  8204 50656 19160 12783  3  1 46 50  0
 3 17  11672 147552  75684 20023512    0    0 16034 39252 21557 14710  7  2 48 43  0
 0 14  11672 142264  75816 20029880    0    0 11636 38948 21714 14417  5  2 53 41  0
 5  3  11672 148560  75920 20024384    0    0  7692 51122 21235 14454  4  2 62 31  0
 2  4  11672 145944  76016 20030632    0    0  5230 55244 23801 17241  3  2 77 18  0
 0  2  11672 144048  76048 20031196    0    0  4356 56042 6263 4794  2  0 89  9  0
 0  2  11672 144696  76068 20031228    0    0  4868 47448 4639 3518  1  0 90  8  0
 1  2  11672 143344  76092 20033676    0    0  3844 57014 5420 4670  1  0 90  9  0
 0  3  11672 145712  76132 20031904    0    0  2820 58932 7271 6496  1  0 90  9  0
 0  2  11672 149696  76144 20027908    0    0  1282 56868 6086 5552  0  0 90  9  0
 0  2  11672 142600  76156 20034620    0    0  1794 54026 5852 5535  0  0 90  9  0
 1  2  11672 143680  76164 20034444    0    0  1794 61656 5807 5286  0  0 90  9  0
 1  2  11672 149152  76188 20029924    0    0  5378 47004 6305 5374  2  0 88 10  0
 0  2  11672 150072  76208 20029160    0    0  5424 47322 6076 5557  2  0 89  9  0
 4  3  11672 138552  76256 20037384    0    0  6152 52636 7515 6026  3  0 85 12  0
 2  2  11672 146600  76284 20030872    0    0  6376 53146 6547 6058  2  0 81 17  0
 2  2  11672 146152  76320 20032928    0    0  6920 39380 6491 6095  2  0 86 12  0
 3  2  11672 146792  76356 20029812    0    0  8456 50844 7157 6643  2  0 89  8  0
 0  2  11672 147392  76388 20030580    0    0  8966 48544 7548 6824  2  0 89  9  0
 1  2  11672 146648  76428 20029708    0    0  8456 39956 7367 6699  3  0 89  8  0
 1  2  11672 142856  76468 20033848    0    0  6204 53804 7238 6536  2  0 89  8  0
procs -----------memory---------- ---swap-- -----io---- -system-- -----cpu------
 r  b   swpd   free   buff  cache   si   so    bi    bo   in   cs us sy id wa st
 1  2  11672 156728  76536 20020468    0    0  8206 37246 3838 2308  3  1 88  8  0
 0  4  11672 145032  76584 20033416    0    0  7688 50018 4184 2158  3  0 85 12  0
 2  3  11672 146088  76660 20033752    0    0 19390 39124 8475 4689  7  1 74 19  0
 1  2  11672 144056  76676 20036672    0    0  4960 63758 3731 1986  2  0 86 12  0
 1  2  11672 147608  76684 20033628    0    0   770 52358 2372 1356  1  0 91  8  0
 0  2  11672 143672  76692 20036644    0    0   514 71512 2060  961  0  0 91  8  0
 2  2  11672 147656  76692 20033308    0    0   768 51290 2066  948  0  0 92  8  0
 0  2  11672 144840  76692 20035612    0    0   512 70312 2075  943  0  0 92  8  0
 0  2  11672 142608  76692 20039140    0    0   768 56946 1878  914  0  0 91  9  0
 0  2  11672 145040  76696 20036092    0    0   768 69394 2342  963  0  0 87 13  0
 0  2  11672 142144  76704 20039796    0    0   770 49832 2414 1047  0  0 91  9  0
 0  2  11672 150560  76708 20033184    0    0   770 41450 1959  855  0  0 90  9  0
 0  2  11672 148744  76708 20035704    0    0   512 35736 1869  894  0  0 92  8  0
 0  2  11672 145480  76708 20038612    0    0   768 41106 1894  944  0  0 91  8  0
 0  2  11672 142936  76708 20042232    0    0  1024 41770 1876  928  0  0 92  8  0
 0  2  11672 149024  76712 20036624    0    0   256 48024 1935  930  0  0 92  8  0
 0  2  11672 146136  76716 20037500    0    0   512 67076 1681  884  0  0 91  8  0
 1  1  11672 145072  76720 20038976    0    0   258 63170 1818  878  0  0 91  9  0
 0  2  11672 142032  76724 20041788    0    0   770 55440 1725  891  0  0 91  9  0
 0  2  11672 149312  76724 20034628    0    0  1024 55892 1994  912  0  0 90 10  0
 0  2  11672 147664  76724 20036664    0    0   512 57082 1801  875  0  0 91  8  0
procs -----------memory---------- ---swap-- -----io---- -system-- -----cpu------
 r  b   swpd   free   buff  cache   si   so    bi    bo   in   cs us sy id wa st
 0  2  11672 146752  76724 20038172    0    0   512 44702 1688  890  0  0 92  8  0
 0  2  11672 145536  76728 20040208    0    0   512 34770 1808  898  0  0 91  8  0
 0  2  11672 143112  76736 20042856    0    0  1052 40266 1775  902  0  0 90  9  0
 0  2  11672 147824  76740 20038044    0    0   770 39402 1901  904  0  0 90  9  0
 0  2  11672 145240  76740 20039444    0    0   768 42148 1861  862  0  0 91  8  0
 0  2  11672 147064  76740 20035556    0    0  1024 63124 1839  894  0  0 91  9  0
 0  2  11672 143568  76744 20039240    0    0  1024 60388 1867  910  0  0 91  9  0
 1  2  11672 149648  76748 20033592    0    0   514 50062 1749  870  0  0 91  9  0
 0  2  11672 146760  76752 20036448    0    0   768 57244 1653  867  0  0 92  8  0
 0  2  11672 144024  76756 20039392    0    0   770 63330 1925  912  0  0 91  9  0
 0  2  11672 144480  76756 20040080    0    0   512 30808 1595  844  0  0 92  8  0
 0  2  11672 142200  76756 20042976    0    0   768 42178 1764  866  0  0 92  8  0
 0  2  11672 148752  76756 20036132    0    0   512 35588 1889  911  0  0 91  9  0
 0  2  11672 147400  76764 20038960    0    0   770 40260 1735  924  0  0 91  9  0
 0  2  11672 145296  76768 20041024    0    0   512 45756 1801  859  0  0 91  8  0
 2  2  11672 142104  76772 20043784    0    0   770 63056 1805  863  0  0 91  9  0
 0  2  11672 145448  76772 20038912    0    0   512 68446 1834 1113  1  0 91  8  0
 0  2  11672 144368  76772 20040820    0    0   512 44204 1738  893  0  0 90  9  0
 0  2  11672 148184  76772 20035368    0    0  1024 60424 1912  911  0  0 91  9  0
 0  2  11672 147272  76780 20036944    0    0   770 64962 1777 1094  1  0 91  8  0
 0  2  11672 144544  76784 20040184    0    0   768 43582 1844  922  0  0 91  8  0
procs -----------memory---------- ---swap-- -----io---- -system-- -----cpu------
 r  b   swpd   free   buff  cache   si   so    bi    bo   in   cs us sy id wa st
 0  2  11672 143784  76788 20040348    0    0   770 74844 1940  944  0  0 89 10  0
 0  2  11672 143168  76788 20041468    0    0  1024 59946 1845  951  0  0 92  8  0
 0  2  11672 143184  76792 20041824    0    0   896 51446 1886  951  0  0 91  8  0
 0  2  11672 149408  76792 20035860    0    0   512 53748 2136  995  0  0 90 10  0
 0  2  11672 146672  76800 20039368    0    0   514 68700 2123 1006  0  0 88 11  0
 0  2  11672 149560  76804 20035560    0    0  1024 54596 2478 1030  0  0 85 14  0
 1  3  11672 144240  76812 20041052    0    0   922 64028 2741 1110  0  0 87 13  0
 1  2  11672 146224  76812 20039120    0    0   872 59376 2556 1105  0  0 84 16  0
 0  2  11672 143824  76816 20041916    0    0   768 58486 2128 1027  0  0 91  9  0
 0  2  11672 147800  76820 20037512    0    0  1026 54610 1842  998  0  0 91  9  0
 1  2  11672 144000  76824 20041500    0    0  1024 59732 2058  969  0  0 90  9  0
 0  2  11672 149792  76828 20035920    0    0   770 61786 1826  927  0  0 91  9  0
 0  2  11672 147816  76828 20038444    0    0   768 54052 1808  929  0  0 86 14  0
 0  2  11672 145088  76832 20040972    0    0   768 63906 2067  938  0  0 88 12  0
 0  2  11672 144480  76836 20041492    0    0   514 61528 1671  903  0  0 89 10  0
 0  2  11672 143872  76836 20042344    0    0   512 60572 1711  906  0  0 90 10  0
 0  2  11672 143288  76836 20044380    0    0   768 44914 1711  946  0  0 90  9  0
 0  2  11672 147544  76844 20038876    0    0   770 51674 1847  946  0  0 91  9  0
 0  2  11672 144192  76844 20042548    0    0  1280 51618 2074  999  0  0 90 10  0
 0  2  11672 148904  76852 20038588    0    0  1282 48724 2403  984  0  0 86 14  0
 0  3  11672 143432  76856 20043160    0    0  1152 55286 2716 1005  0  0 86 13  0
procs -----------memory---------- ---swap-- -----io---- -system-- -----cpu------
 r  b   swpd   free   buff  cache   si   so    bi    bo   in   cs us sy id wa st
 1  2  11672 142672  76860 20043760    0    0     0 55392 2923 1073  0  0 88 11  0
 0  2  11672 150424  76860 20037632    0    0     0 60466 3135 1166  0  0 90 10  0
 0  2  11672 153944  76860 20033616    0    0     0 52218 1944  825  0  0 86 14  0
 0  2  11672 155024  76860 20033088    0    0     0 47110 2001  865  0  0 86 13  0
 0  2  11672 155320  76860 20028656    0    0     0 77128 1980  878  0  0 91  8  0
 0  2  11672 158088  76860 20026752    0    0     0 58806 1513  817  0  0 92  8  0
 0  2  11672 158864  76860 20025868    0    0     0 66500 1562  834  0  0 90 10  0
 0  2  11672 159664  76860 20025488    0    0     0 57094 1566  831  0  0 92  8  0
 1  2  11672 160728  76860 20025308    0    0     0 70868 1464  831  0  0 92  8  0
 0  2  11672 160408  76860 20025224    0    0     0 60738 1645  830  0  0 92  8  0
 0  2  11672 160584  76860 20025112    0    0     0 59052 1490  820  0  0 92  8  0
 1  2  11672 160864  76860 20024992    0    0     0 65132 1389  817  0  0 92  8  0
 0  3  11672 166336  76880 20019008    0    0    52 63462 1652  864  0  0 90 10  0
 1  2  11672 432944  76988 19754852    0    0    46 31718 2155  823  0  2 83 15  0
 0  1  11672 472768  77360 19716040    0    0   172  4316 1718  875  0  0 86 14  0
 0  0  11672 472784  77448 19716348    0    0    44     0 1311  840  0  0 99  1  0
 1  0  11672 472784  77448 19716272    0    0     0     0  943  787  0  0 100  0  0
 0  0  11672 473096  77448 19716248    0    0     0     0  974  773  0  0 100  0  0
 1  0  11672 473096  77448 19716116    0    0     0     0  837  792  0  0 100  0  0
 0  0  11672 9775088  77472 19716268    0    0   112     0 2034  949  0  3 96  0  0
 2  0  11672 9796392  77484 19715828    0    0    74     0  844  482  0  0 99  0  0
