procs -----------memory---------- ---swap-- -----io---- --system-- -----cpu------
 r  b   swpd   free   buff  cache   si   so    bi    bo   in   cs us sy id wa st
 1  3  31812 32027004   4216  41232    0    0    33    19    1    1  0  0 99  0  0
 2  0  31812 31965296   4564  48072    0    0  3554     0 1435 2802  6  0 88  5  0
 0  1  31812 31895328   4624  55360    0    0  3882   230 1524 3253  9  1 88  3  0
 0  0  31812 31841760   4628  60412    0    0  2318     0 1334 3599  5  0 94  1  0
 0  0  31812 31841388   4636  60620    0    0     0   100 1007 2164  0  0 99  0  0
 2  0  31812 31573260   4672  66952    0    0  3186     0 1447 5598 30  1 67  2  0
 0  1  31812 31360728   4908 114920    0    0  6430     0 5252 12163 17  2 71 10  0
 4  6  31812 29441324   5196 294608    0    0 28382 21802 12862 21999 19  7 54 20  0
 3 10  31812 27050364   5568 541476    0    0 33602     0 17861 23656 23  9 51 18  0
 2 39  31812 25876836   5796 756700    0    0 37446 31440 13277 19483 21  6 40 33  0
 3 12  31812 25048600   6216 1134220    0    0 49830 31982 23292 34758 15  5 39 41  0
 1 14  31812 24583996   6424 1370228    0    0 31978 20888 16891 23031 19  5 43 33  0
 2 15  31812 24308092   6680 1635848    0    0 32582 11120 18026 26509 18  5 51 26  0
 1 14  31812 23979672   6912 1868324    0    0 33108 17094 16012 21712 19  5 39 38  0
 3 15  31812 23730212   7176 2106736    0    0 34538 10020 14636 22109 18  4 42 36  0
 1 17  31812 23459088   7436 2367844    0    0 32898  9582 16370 25898 15  5 48 31  0
 3 17  31812 23159160   7732 2631164    0    0 31508 15216 16358 26019 19  5 38 38  0
 1 15  31812 22906328   7988 2874200    0    0 31444  6010 17024 24616 15  5 45 35  0
 3 15  31812 22681788   8292 3086776    0    0 32040 10838 15295 21047 15  4 52 30  0
 2 14  31812 22324272   8544 3322268    0    0 33410 11442 15953 22852 17  5 49 29  0
 1 16  31812 22072572   8776 3566724    0    0 33858 11690 16867 23702 16  5 48 31  0
procs -----------memory---------- ---swap-- -----io---- --system-- -----cpu------
 r  b   swpd   free   buff  cache   si   so    bi    bo   in   cs us sy id wa st
 1 13  31812 21622772   9016 3782752    0    0 34226 14104 15407 20077 16  5 52 28  0
 1  9  31812 20173920   9200 3975180    0    0 31586 11650 13646 18206 16  6 61 17  0
 0 18  31812 20013020   9380 4136636    0    0 31468 47268 10785 14173 14  3 42 41  0
 1 11  31812 19781500   9600 4362128    0    0 30594 21078 16678 20418 16  4 57 23  0
 5 12  31812 19575972   9804 4555768    0    0 26150 38504 15234 20582 15  4 60 20  0
 0 11  31812 19272596  10024 4754300    0    0 17142 28070 14486 23240 14  5 49 34  0
 4 14  31812 19075080  10224 4942284    0    0 17708 27506 13870 20800 12  4 51 33  0
 2 13  31812 18868032  10448 5143468    0    0 22298 26676 13966 20181 13  4 45 37  0
 1 13  31812 18684852  10664 5319536    0    0 23074 14926 12758 18155 12  4 51 34  0
 3 14  31812 18492204  10844 5503320    0    0 28570 17432 13004 17662 15  4 52 29  0
 1 13  31812 18293136  11012 5673508    0    0 27040 19472 11746 16623 14  3 52 31  0
 1 11  31812 18137888  11172 5822060    0    0 18792 33448 11415 15780 11  3 60 26  0
 1 12  31812 17937924  11352 6013776    0    0 22200 15892 13726 20135 13  4 44 39  0
 4 12  31812 17730736  11560 6213212    0    0 24702 22722 13620 20540 13  4 47 36  0
 2 12  31812 17525744  11756 6411356    0    0 28750 14656 13041 18918 15  4 51 31  0
 2 12  31812 17303356  11964 6609412    0    0 32602 30406 12733 17727 16  4 50 30  0
 0 12  31812 17070852  12172 6833204    0    0 34392 25894 13540 19673 16  4 49 30  0
 3 13  31812 16865948  12376 7027808    0    0 34440 24738 12513 17708 16  4 51 29  0
 2 11  31812 16645072  12596 7233136    0    0 32958 18654 13154 18557 16  4 52 29  0
 3  8  31812 16454152  12756 7416308    0    0 31430 35728 11755 16637 14  4 53 29  0
 8  7  31812 16249532  12956 7613072    0    0 28898 36716 13292 19014 15  4 48 33  0
procs -----------memory---------- ---swap-- -----io---- --system-- -----cpu------
 r  b   swpd   free   buff  cache   si   so    bi    bo   in   cs us sy id wa st
 0 10  31812 16115024  13080 7742228    0    0 18172 41280 12238 14653 11  3 48 38  0
 1 11  31812 15981836  13232 7871196    0    0 17880 30096 11506 14974 10  3 57 30  0
 2 13  31812 15824040  13408 8019176    0    0 15768 26630 12475 17212 10  3 53 33  0
 1 12  31812 15662668  13572 8175144    0    0 18202 27460 13302 18282 11  4 54 31  0
 2 11  31812 15516144  13732 8314496    0    0 20054 26582 11787 15667 10  3 52 35  0
 2 14  31812 15382860  13864 8443664    0    0 25254 12276 11314 13987 12  2 46 40  0
 3 13  31812 15232692  14008 8589532    0    0 28228 15440 11979 13901 14  3 42 41  0
 4 13  31812 15023168  14228 8783204    0    0 28704 27650 15034 20380 15  4 48 33  0
 2 12  31812 14829212  14404 8969568    0    0 30464 27034 13508 19175 14  4 51 31  0
 2 11  31812 14634428  14580 9158280    0    0 28740 27410 14468 19949 15  4 49 32  0
 5 13  31812 14460108  14756 9325644    0    0 27614 40792 13331 17014 14  3 51 32  0
 2 12  31812 14302888  14900 9466396    0    0 26168 31464 12666 16879 13  3 52 32  0
 2 10  31812 14140840  15076 9623604    0    0 25474 28262 13697 18802 13  4 42 41  0
 5 12  31812 14009132  15196 9749652    0    0 23514 16456 11826 15237 13  3 40 45  0
 0 13  31812 13850664  15356 9904624    0    0 26016 15782 12988 16726 14  3 44 39  0
 3 12  31812 13679340  15528 10067524    0    0 29368 22288 12820 18063 13  3 47 36  0
 3  5  31812 13523944  15680 10215772    0    0 23934 47690 12631 17283 12  3 57 28  0
 0 11  31812 13391744  15796 10338160    0    0 17516 33616 11316 14637 11  3 59 28  0
 6  9  31812 13241996  15948 10482924    0    0 21438 22140 12751 17068 12  3 51 34  0
 1 13  31812 13112788  16072 10606396    0    0 19798 22686 11402 14937 11  3 58 28  0
 3 12  31812 12969880  16208 10744288    0    0 24242 24330 13197 15473 13  3 47 37  0
procs -----------memory---------- ---swap-- -----io---- --system-- -----cpu------
 r  b   swpd   free   buff  cache   si   so    bi    bo   in   cs us sy id wa st
 4 10  31812 12825444  16348 10880264    0    0 25472 25432 12864 16459 13  3 54 30  0
 3  9  31812 12724776  16468 10974972    0    0 17564 29312 10882 14421  9  2 62 26  0
 1  9  31812 12601732  16572 11093000    0    0 21526 26868 12151 15557 11  3 59 27  0
 4 12  31812 12508212  16696 11184316    0    0 15732 33798 10874 13704  9  2 57 32  0
 1  7  31812 12386292  16828 11301032    0    0 17618 19008 12386 15976  9  3 61 27  0
 0 22  31812 12299100  16968 11425760    0    0 17210 22418 12387 15678 10 10 51 30  0
 3 11  31812 12105676  17176 11603196    0    0 21662 50862 12497 18823 10  3 43 44  0
 4 13  31812 11883840  17428 11824788    0    0 24096 23290 16057 22987 13  5 52 30  0
 5 14  31812 11640248  17652 12061620    0    0 25816 27254 14733 22911 14  5 40 41  0
 4 12  31812 11471388  17820 12228508    0    0 20634 37848 11946 16121 11  4 49 37  0
 2 11  31812 11310776  17972 12384384    0    0 20140 24820 10957 14735 11  3 48 38  0
 2 14  31812 11130284  18152 12548244    0    0 23324 32798 12413 16869 13  4 47 37  0
 3 14  31812 10970576  18312 12700664    0    0 27014 24904 11089 15303 12  3 47 37  0
 6 12  31812 10823544  18488 12843624    0    0 22836 25798 11006 15708 11  3 56 30  0
 2 13  31812 10646932  18660 13013436    0    0 25498 20216 11981 15674 13  3 48 36  0
 1 15  31812 10453608  18852 13197520    0    0 29730 25628 12036 17424 14  4 37 46  0
 1 14  31812 10226324  19080 13409468    0    0 32936 18632 13488 19615 16  4 44 37  0
 2 13  31812 10025088  19252 13603400    0    0 33668 26900 12565 17903 16  4 42 38  0
 2 13  31812 9829176  19456 13795420    0    0 34464 18432 12418 17630 16  4 45 35  0
 1 10  31812 9643568  19632 13965832    0    0 32636 31336 11609 16313 15  3 48 33  0
 2 14  31812 9428024  19852 14173872    0    0 32036 25614 13820 19503 16  4 39 41  0
procs -----------memory---------- ---swap-- -----io---- --system-- -----cpu------
 r  b   swpd   free   buff  cache   si   so    bi    bo   in   cs us sy id wa st
 4 12  31812 9198932  20040 14395320    0    0 34440 19222 13435 19687 16  4 41 39  0
 5 12  31812 8989400  20252 14595692    0    0 34710 39434 12466 16953 17  4 44 35  0
 3 11  31812 8784960  20440 14783212    0    0 29640 50334 12026 16205 15  4 49 32  0
 3 13  31812 8635088  20608 14928292    0    0 21510 35662 10846 14184 12  3 53 32  0
 1 14  31812 8514580  20720 15047052    0    0 16558 38384 8793 12644 10  3 50 37  0
 2 15  31812 8410228  20852 15146980    0    0 17246 37948 7210 10339  9  2 48 40  0
 7 15  31812 8283128  20996 15269420    0    0 20936 23210 9258 12125 10  2 50 38  0
 3 11  31812 8119632  21164 15423620    0    0 22800 29878 10332 14336 13  3 50 34  0
 3 12  31812 7959104  21344 15577468    0    0 25566 24510 9190 12943 12  3 53 32  0
 4 14  31812 7796296  21516 15735372    0    0 25462 24388 9645 12623 12  3 48 37  0
 5 13  31812 7655776  21644 15870368    0    0 21036 25108 8882 12466 11  3 45 42  0
 4 12  31812 7466792  21824 16052840    0    0 31788 25852 11029 15701 14  3 43 40  0
 5 15  31812 7232228  22052 16260896    0    0 35094 18972 12323 18613 16  4 41 38  0
 3 13  31812 7028644  22276 16456972    0    0 34926 24038 11329 16868 15  4 43 38  0
 2 14  31812 6753684  22548 16721632    0    0 35276 18450 15392 26022 17  5 40 39  0
 3 14  31812 6507144  22756 16948448    0    0 34912 17660 13812 21390 16  4 40 40  0
 2 13  31812 6285516  22976 17162808    0    0 33060 32242 14155 21201 15  4 45 35  0
 3 16  31812 6042508  23212 17395888    0    0 33860 12272 14810 22523 16  4 36 44  0
 4 13  31812 5784772  23456 17636476    0    0 34160 18408 15341 24236 16  4 47 33  0
 0 10  31812 5658860  23616 17761608    0    0 17930 47860 8197 12584  6  3 51 40  0
 0  8  31812 5629100  23664 17791068    0    0    10 78564 3183 4664  1  1 64 34  0
procs -----------memory---------- ---swap-- -----io---- --system-- -----cpu------
 r  b   swpd   free   buff  cache   si   so    bi    bo   in   cs us sy id wa st
 0  7  31812 5569456  23736 17847092    0    0    10 64118 5363 8570  1  2 56 40  0
 1 18  31812 5500336  23816 17908292    0    0  7120 50408 4397 6278  8  2 48 43  0
 1 18  31812 5392572  23948 18012452    0    0 24236 27150 5856 8089  9  2 48 41  0
 1 18  31812 5297952  24096 18102560    0    0 16538 28650 5193 7670  8  2 49 41  0
 1 14  31812 5151204  24256 18242412    0    0 16640 32806 7940 12035 10  3 45 42  0
 0 19  31812 5039056  24384 18350588    0    0 14720 35024 6255 8959  8  3 42 47  0
 0 24  31812 4995068  24456 18391392    0    0  9288 32288 3000 4241  6  1 24 68  0
 0 23  31812 4921880  24544 18463836    0    0  9982 35806 5093 7279  4  2 30 64  0
 1 16  31812 4834524  24640 18546816    0    0 11540 37450 4749 7365  7  2 26 65  0
 0 19  31812 4740452  24748 18634704    0    0 10862 45460 5760 8641  6  2 37 55  0
 0 17  31812 4669024  24840 18705284    0    0 11684 45876 4503 6139  6  2 39 53  0
 3 13  31812 4591284  24940 18779624    0    0 17876 38572 4486 6109  8  2 48 42  0
 3 17  31812 4512784  25056 18857024    0    0 18414 26716 4412 5885  9  1 46 44  0
 1 15  31812 4429376  25156 18937528    0    0 20216 26196 4544 6008  9  2 43 47  0
 0 16  31812 4340952  25292 19020804    0    0 19418 34670 4978 6202  9  2 54 35  0
 2 14  31812 4210832  25424 19120632    0    0 24800 22534 5849 7173 10  2 56 32  0
 1 15  31812 4118096  25544 19208284    0    0 21758 28122 4623 6463 10  2 46 42  0
 1 13  31812 4023184  25672 19300516    0    0 23696 25858 4540 6575 10  2 55 33  0
 1 14  31812 3897524  25824 19421912    0    0 25126 31166 6831 9812 11  2 52 36  0
 0 18  31812 3831956  25912 19484676    0    0  5994 54858 5556 7686  6  2 58 35  0
 1 14  31812 3749668  26000 19563408    0    0 10960 47452 5987 8644  5  2 59 34  0
procs -----------memory---------- ---swap-- -----io---- --system-- -----cpu------
 r  b   swpd   free   buff  cache   si   so    bi    bo   in   cs us sy id wa st
 1 16  31812 3695144  26108 19616112    0    0 11294 41446 3668 5492  6  1 49 44  0
 1 13  31812 3603796  26220 19698376    0    0 12610 37484 5435 7696  7  2 53 39  0
 2 15  31812 3512960  26336 19784068    0    0 22100 26926 4416 6370 10  2 53 36  0
 0  8  31812 3475068  26408 19823516    0    0 11946 40344 2549 3659  3  1 62 34  0
 0  6  31812 3471696  26428 19827808    0    0   586 69704 1504 2314  0  1 74 25  0
 0 24  31812 3408972  26528 19884008    0    0  9070 53338 4382 5948  8  2 52 38  0
 0 18  31812 3329600  26636 19963696    0    0 10352 38938 5862 8257  6  2 47 45  0
 2 16  31812 3182120  26808 20102972    0    0 19780 33454 8122 11695 10  3 50 37  0
 1 16  31812 3073736  26940 20205092    0    0 10550 38136 6650 9774  6  3 50 41  0
 1 16  31812 2965776  27080 20311404    0    0 11112 26924 6759 10468  6  2 55 36  0
 0 17  31812 2817532  27204 20428204    0    0 22176 34842 6500 9414  9  2 46 42  0
 2 14  31812 2750200  27292 20491896    0    0 11158 49924 4289 6157  7  2 46 46  0
 0 16  31812 2678092  27364 20561440    0    0 11970 42308 4871 6897  6  2 50 42  0
 0 12  31812 2594004  27476 20644820    0    0 21348 26912 4931 6780  8  2 62 28  0
 0 12  31812 2549496  27564 20690688    0    0  7524 44824 3888 4911  4  1 41 54  0
 0 15  31812 2447512  27700 20786768    0    0 18808 35610 5873 7254  9  2 46 43  0
 0 15  31812 2344904  27816 20885916    0    0 19424 26782 5753 7567  9  2 55 33  0
 1 17  31812 2224760  27952 20997756    0    0 16860 56502 7248 9708  7  2 44 46  0
 0 15  31812 2138216  28052 21079420    0    0 10430 42654 5405 7445  6  2 51 41  0
 1 16  31812 1977568  28236 21232100    0    0 23398 28396 8257 12227 11  3 58 28  0
 0 15  31812 1894744  28324 21312416    0    0 10962 44796 5285 7101  6  2 45 47  0
procs -----------memory---------- ---swap-- -----io---- --system-- -----cpu------
 r  b   swpd   free   buff  cache   si   so    bi    bo   in   cs us sy id wa st
 1 13  31812 1797452  28456 21403420    0    0 12088 40930 5906 7992  7  2 50 41  0
 1 24  31812 1671456  28604 21524228    0    0 19396 34756 7611 10468  8  2 51 38  0
 0 14  31812 1602496  28684 21590684    0    0  9030 53664 5120 6894  6  2 41 51  0
 0 21  31812 1499872  28796 21690160    0    0  9894 46582 7621 11163  5  2 47 46  0
 1 15  31812 1415908  28900 21768816    0    0  5340 52676 6733 9644  5  2 46 46  0
 1 14  31812 1319620  29044 21862456    0    0 14426 37846 6814 9432  7  2 50 40  0
 0 12  31812 1243980  29124 21923484    0    0 15260 38638 3872 4966  6  2 50 42  0
 0 12  31812 1185284  29228 21980632    0    0 10296 38168 3854 5266  5  2 51 42  0
 0 16  31812 1087700  29372 22069560    0    0 15432 41182 4712 7047  9  2 48 41  0
 1 13  31812 986664  29484 22170440    0    0 16216 39714 5265 7696  8  2 49 42  0
 1  7  31812 888076  29616 22267268    0    0 14238 19244 5301 7836  8  2 62 29  0
 5  8  31812 856004  29768 22355060    0    0 13394 15282 5116 7389  7  9 56 28  0
 0 21  31812 814328  29848 22393176    0    0 10272 66296 2575 4210  4  1 51 43  0
 2 14  31812 745308  29940 22459820    0    0 11498 62342 5040 6806  5  1 54 40  0
 2 17  31812 681856  30032 22523276    0    0  7120 56810 4807 7244  5  2 38 55  0
14 13  31812 602952  30140 22594548    0    0 12444 40552 5469 7419  6  2 44 48  0
 1 14  31812 524216  30228 22670796    0    0 10882 44458 5268 7599  7  2 41 49  0
 2 16  31812 468576  30276 22725440    0    0  8410 46240 4538 6252  5  2 41 52  0
 8 16  31812 366984  30380 22823884    0    0 12364 46604 7242 10628  6  2 44 47  0
 0 13  31812 289012  30464 22900372    0    0 11516 37122 5408 7917  7  2 44 47  0
 0  8  31812 241124  30504 22950896    0    0  7124 52444 4447 6116  3  1 46 50  0
procs -----------memory---------- ---swap-- -----io---- --system-- -----cpu------
 r  b   swpd   free   buff  cache   si   so    bi    bo   in   cs us sy id wa st
 0  8  31812 203056  30540 22990760    0    0   832 68912 4695 6991  1  2 55 43  0
 2 17  31812 161680  29752 23027136    0    0  8264 53774 5400 7962  7  2 38 53  0
 0 13  31812 163748  29844 23023544    0    0 14602 44762 4516 6265  7  2 41 50  0
 1  8  31812 157772  29916 23030608    0    0 16798 38856 4467 6405  8  2 53 37  0
 2 10  31812 158944  30000 23028216    0    0 16232 34614 4593 6302  8  2 58 32  0
 3 15  31812 164212  30060 23024404    0    0  7796 48520 4193 5993  5  2 52 41  0
 0 14  31812 161788  30124 23020980    0    0 10298 54678 4248 5993  7  2 49 42  0
 2 14  31812 162804  30196 23020044    0    0 17122 30196 4019 5705  8  2 35 55  0
 0 14  31812 162972  30280 23023516    0    0 11466 41904 5173 6798  6  2 35 56  0
 0 16  31812 158916  30364 23025008    0    0 12798 47342 4308 6853  7  2 49 41  0
 0 22  31812 164116  30460 23020368    0    0 18920 23988 4868 7227  8  2 43 47  0
 0 15  31812 163236  30560 23020404    0    0  8800 53860 6774 10018  6  3 50 42  0
 0 14  31812 162224  30640 23022168    0    0 10288 51846 5577 8639  5  2 44 48  0
 0 15  31812 162908  30744 23021432    0    0 10852 34072 9070 13788  6  3 44 46  0
 0 16  31812 161684  30848 23018688    0    0 15800 42662 7438 11081  9  3 40 48  0
 2 11  31812 162524  31012 23016748    0    0 14804 36898 9741 15784  9  3 38 50  0
 2 17  31812 162168  31120 23016872    0    0  7842 47338 10180 15706  6  3 43 48  0
 2 10  31812 159428  31224 23018972    0    0  8942 52500 9663 14937  6  3 46 45  0
 1 13  31812 157068  31348 23019788    0    0 14098 40778 10068 15769  8  3 44 44  0
 3 14  31812 161940  31464 23014652    0    0  8480 53346 8308 13047  5  3 38 54  0
 0 18  31812 158080  31548 23015748    0    0  7140 48266 5825 8788  4  2 37 56  0
procs -----------memory---------- ---swap-- -----io---- --system-- -----cpu------
 r  b   swpd   free   buff  cache   si   so    bi    bo   in   cs us sy id wa st
 0 13  31812 161724  31608 23011616    0    0  5376 61836 7561 11234  4  3 50 43  0
 1 15  31812 157040  31676 23016280    0    0  9136 39656 6030 8734  5  2 44 48  0
 1 10  31812 156616  31732 23018056    0    0 10932 46700 7585 11047  5  2 44 48  0
 0 12  31812 162064  31836 23008700    0    0 14636 38414 7586 10090  9  3 50 39  0
 3 12  31812 161296  31916 23010132    0    0 13332 44664 6759 10702  7  2 46 45  0
 0 16  31812 159680  32040 23011468    0    0 10862 46324 6044 8734  6  2 44 48  0
 2 13  31812 160064  32140 23009044    0    0 18810 31428 6128 8902  9  2 51 37  0
 0 13  31812 159184  32232 23009596    0    0 13454 46318 6521 8779  8  2 49 41  0
 2 12  31812 161432  32340 23004196    0    0 12700 43158 5704 7912  7  2 52 40  0
 0 17  31812 164384  32432 22997856    0    0 14534 38536 6490 9346  7  2 41 50  0
 1 13  31812 157888  32500 23002048    0    0 10336 40546 7121 10309  5  2 38 54  0
 3 14  31812 163104  32596 22993980    0    0 13430 36378 7032 10539  8  2 36 54  0
 1 17  31812 161112  32708 22992420    0    0 20084 32884 7804 9532  9  2 47 42  0
 0 17  31812 160032  32772 22979028    0    0 13108 42168 5374 7707  6  2 46 46  0
 0 20  31812 161392  32784 22976064    0    0  2462 61200 1473 2394  0  1 25 74  0
 3 15  31812 161764  32824 22972732    0    0  3306 64030 3925 6072  4  2 45 49  0
 4 11  31812 157184  32960 22976008    0    0 24150 21250 8283 12321 10  3 58 30  0
 2 13  31812 162244  33060 22969716    0    0 17424 43010 7730 10230  9  3 45 43  0
 1 15  31812 159304  33148 22969720    0    0 13056 42184 6195 8716  7  2 47 43  0
 2 15  31812 162652  33276 22965384    0    0 19514 27596 6856 9782  9  3 39 50  0
 0 14  31812 161228  33352 22965552    0    0 15284 41880 6614 9673  8  2 55 35  0
procs -----------memory---------- ---swap-- -----io---- --system-- -----cpu------
 r  b   swpd   free   buff  cache   si   so    bi    bo   in   cs us sy id wa st
 1 15  31812 159168  33460 22967028    0    0 19218 36484 7850 10513 10  3 41 46  0
 0 14  31812 164696  33564 22961116    0    0 22490 23570 6696 8098  8  2 54 36  0
 4 16  31812 159156  33664 22965464    0    0 20548 38084 8173 10840 11  3 57 30  0
 1 11  31812 157296  33768 22971220    0    0 18194 37054 7580 10063  8  2 49 41  0
 0 14  31812 159320  33852 22964476    0    0 17106 34212 7090 7969  9  2 47 42  0
 3 10  31812 164128  33932 22957404    0    0 19424 39300 6692 7994  8  2 39 51  0
 9 14  31812 161048  34028 22957056    0    0 13676 46236 6293 7483  8  2 42 48  0
 0 16  31812 163572  34108 22957896    0    0 12210 37856 6845 7664  6  2 37 55  0
 3 15  31812 163324  34208 22955856    0    0 12582 46196 7628 9042 10  3 38 49  0
 3 14  31812 157336  34336 22958368    0    0 25216 24570 7923 9768 11  3 41 45  0
 0 14  31812 163060  34412 22954000    0    0 15470 46782 5169 7274  6  2 52 40  0
 0 18  31812 164424  34460 22949400    0    0 10632 49550 4166 5644  6  1 46 47  0
 1 12  31812 161908  34560 22951560    0    0 15160 36842 6431 8620  8  2 38 51  0
 0 11  31812 163688  34648 22947188    0    0 17108 34486 4818 6099  7  2 37 54  0
 1 15  31812 157248  34740 22951828    0    0 11628 43942 6401 8246  7  2 40 51  0
 0 11  31812 163928  34836 22943504    0    0 22458 37724 7653 10177  9  2 53 36  0
 0 13  31812 164884  34940 22942304    0    0 18928 36882 7634 9358  9  2 40 49  0
 0 15  31812 163504  35048 22941876    0    0 17756 34218 6872 9671  8  2 44 46  0
 1 15  31812 162052  35152 22941888    0    0 13268 45382 7930 10774  8  2 58 31  0
12 14  31812 159608  35284 22942752    0    0 19768 34172 10657 15751 10  3 49 38  0
 1 14  31812 157640  35400 22941444    0    0 16530 40436 9042 12997 10  2 36 52  0
procs -----------memory---------- ---swap-- -----io---- --system-- -----cpu------
 r  b   swpd   free   buff  cache   si   so    bi    bo   in   cs us sy id wa st
 0 16  31812 158884  35512 22933332    0    0 12426 44048 9623 13781  8  3 44 45  0
 0 16  31812 157000  35632 22935516    0    0 14352 39686 9097 14059  7  3 46 44  0
 0 11  31812 162288  35756 22923548    0    0 11302 49548 8631 13321  7  3 44 45  0
 0 17  31812 160752  35868 22924132    0    0 13496 41264 8369 11993  7  3 38 53  0
 2 19  31812 160004  35984 22917852    0    0 12424 44824 10276 14559  9  3 33 55  0
 1 15  31812 159828  36104 22913552    0    0 22198 35438 6828 9707  9  2 38 50  0
 4 16  31812 161448  36212 22911712    0    0 15188 33066 7937 11256  9  3 42 46  0
 1 16  31812 160928  36308 22907568    0    0 24524 36848 8064 10507 12  2 50 36  0
 4 15  31812 158036  36412 22902284    0    0 21004 21496 7730 9667 10  2 47 41  0
 0 16  31812 163176  36480 22895596    0    0 17192 41218 6432 8300  9  2 45 44  0
 1 16  31812 160300  36628 22896272    0    0 28986 21622 8811 13092 12  2 47 39  0
11 14  31812 163612  36748 22890336    0    0 23576 35458 9309 12465 11  3 45 41  0
 0 17  31812 162660  36832 22889832    0    0 16288 37184 6975 9389  8  2 42 48  0
 1 15  31812 161616  36936 22877700    0    0 15314 31568 8023 11080 10  2 41 47  0
 2 13  31812 164396  37084 22875524    0    0 16780 24012 10465 15350  8  3 69 19  0
 0 20  31812 165156  37244 22915580    0    0 22426 42372 10712 15080 11  9 56 24  0
 1 24  31812 162356  37312 22916484    0    0 13230 36386 3833 5980  5  1 38 56  0
 1 15  31812 163300  37456 22916584    0    0 18874 30626 10175 15080 10  3 40 47  0
 1 16  31812 158360  37572 22922912    0    0 17780 34242 7939 10200  9  2 47 42  0
 2 16  31812 157020  37684 22923588    0    0 21274 39260 6970 9143 10  2 31 57  0
 0 22  31812 165316  37772 22914832    0    0 18580 36682 5595 7493  9  2 30 59  0
procs -----------memory---------- ---swap-- -----io---- --system-- -----cpu------
 r  b   swpd   free   buff  cache   si   so    bi    bo   in   cs us sy id wa st
 1 16  31812 156968  37880 22922044    0    0 18428 28598 6964 10132  9  2 43 46  0
 3 15  31812 162268  37992 22916500    0    0 28826 19754 7680 10222 12  3 43 42  0
 0 13  31812 157760  38096 22921320    0    0 25010 41658 6763 9357  9  2 40 49  0
 0  8  31812 160092  38144 22922788    0    0  2928 59760 5114 7356  1  1 54 44  0
 0 19  31812 164448  38224 22917712    0    0  7700 66340 6115 7842  8  2 40 50  0
 0 16  31812 156952  38312 22925604    0    0 16520 30626 6379 9078  8  2 35 55  0
 2 16  31812 160252  38420 22911336    0    0 13734 35838 7347 10897  9  3 42 46  0
 1 15  31812 161588  38548 22908508    0    0 21526 25236 8220 11956 10  3 41 47  0
 5 16  31812 156912  38656 22912572    0    0 21494 31960 8934 12377 11  3 48 38  0
 0 19  31812 157216  38764 22913668    0    0 18588 38172 6056 8802  8  2 35 54  0
 0 19  31812 164000  38832 22907548    0    0 18914 32782 6048 8209  9  2 50 39  0
 0 21  31812 157592  38964 22911600    0    0 21556 26298 7682 11677 12  3 37 48  0
 2 15  31812 156832  39072 22905584    0    0 17826 36332 6625 10226  9  3 39 50  0
 1 15  31812 161936  39176 22900296    0    0 17650 39048 6362 9321  9  2 37 51  0
 3 15  31812 164872  39244 22898752    0    0 16202 34662 5885 8311  8  2 41 49  0
 0 16  31812 159872  39376 22902076    0    0 26848 26918 7453 9761 12  2 35 51  0
 0 17  31812 161856  39460 22901480    0    0 19216 25664 4918 6268  9  2 39 50  0
 1 15  31812 159808  39612 22904632    0    0 22554 30750 8797 12132 10  3 51 35  0
 1 17  31812 161188  39704 22897332    0    0 17232 32096 6248 9400  7  2 43 48  0
 0 19  31812 159548  39824 22899928    0    0 10748 43546 7849 10812  9  3 41 47  0
 0 14  31812 161464  39948 22898152    0    0 19676 39554 6576 10166  7  2 42 50  0
procs -----------memory---------- ---swap-- -----io---- --system-- -----cpu------
 r  b   swpd   free   buff  cache   si   so    bi    bo   in   cs us sy id wa st
 0 14  31812 163040  40036 22897580    0    0 12170 38832 7560 10894  7  2 42 48  0
 0 16  31812 161596  40144 22896648    0    0 11274 53358 9429 13246  9  3 46 42  0
 1 19  31812 165308  40276 22890224    0    0 23884 28524 5567 8135 11  2 42 45  0
 1 17  31812 157112  40372 22899836    0    0 15974 31652 5970 7935  8  2 50 40  0
 0 17  31812 158784  40464 22897752    0    0 19986 34090 4648 6782  8  2 41 49  0
 1 15  31812 160240  40560 22895752    0    0 19504 31336 6484 8976 11  2 43 44  0
 0 23  31812 160652  40708 22895460    0    0 22594 33412 6636 9787 11  2 45 42  0
 2 16  31812 165260  40832 22890180    0    0 16744 32202 7430 9640  9  3 44 44  0
 0 19  31812 161488  40956 22896812    0    0 25760 24102 5953 8105 11  2 45 42  0
 0 16  31812 156768  41020 22899636    0    0 17270 38716 3967 5762  8  2 40 50  0
 1 21  31812 162460  41140 22883184    0    0 20142 31070 6831 8825 11  2 39 48  0
 1 21  31812 165108  41280 22879904    0    0 21180 23818 5834 8502  9  2 38 51  0
 5 19  31812 165680  41408 22877568    0    0 21568 36598 7515 9877 10  3 61 27  0
 1 16  31812 164980  41516 22877188    0    0 20910 24144 6726 9941 10  2 44 43  0
 0 22  31812 157340  41608 22885164    0    0 14012 39238 5711 7735  6  2 42 50  0
 3 19  31812 162224  41748 22873788    0    0 11078 39846 8792 12981  9  3 36 52  0
 4 20  31812 161852  41920 22874136    0    0 13952 28374 10882 16549  8  4 37 51  0
 1 20  31812 161980  42112 22866608    0    0 19114 35154 14386 23763  9  5 38 48  0
 1 20  31812 162080  42264 22858744    0    0 12872 30388 11299 17253 12  4 31 54  0
 0 17  31812 162260  42420 22857464    0    0 21542 27542 11404 16095 10  4 31 55  0
 0 17  31812 160544  42620 22853204    0    0 16234 35612 12824 19837 10  5 34 51  0
procs -----------memory---------- ---swap-- -----io---- --system-- -----cpu------
 r  b   swpd   free   buff  cache   si   so    bi    bo   in   cs us sy id wa st
 1 20  31812 157460  42780 22854756    0    0 16892 37650 10835 15670  8  3 31 57  0
 2 18  31812 161188  42952 22843308    0    0 16792 32540 10412 14631 10  4 42 44  0
 1 17  31812 158200  43108 22841080    0    0 24576 26848 8245 10231 11  3 41 45  0
 3 17  31812 160188  43224 22835664    0    0 25684 19654 9942 11699 12  3 36 49  0
 0 15  31812 165576  43316 22830104    0    0 17552 41062 6965 8277  7  2 40 51  0
11 21  31812 157892  43468 22829688    0    0 12144 40782 9823 13440  8  3 39 50  0
 1 20  31812 157436  43588 22829292    0    0 18258 39184 12539 18251 10  4 40 46  0
 1 13  31812 165684  43712 22814500    0    0 22136 19778 13075 18536 11  4 44 41  0
 2 14  31812 158988  43848 22805092    0    0 24308 32644 11844 16254 12  4 35 48  0
 0 25  31812 161504  43968 22799204    0    0 16516 33758 10133 13140 10  3 38 49  0
 1 18  31812 159684  44088 22799264    0    0 14866 40646 10050 15070  7  3 33 57  0
 2 20  31812 156680  44240 22791876    0    0 14858 35094 12670 19028 11  4 26 58  0
 0 20  31812 158368  44400 22788580    0    0 17108 30388 11268 17577 10  4 35 51  0
 1 14  31812 159460  44136 22783984    0    0 15762 31034 8963 13560  7  3 22 67  0
 0 21  31812 163592  44300 22772992    0    0 12424 37598 10106 16324  8  4 25 64  0
 1 18  31812 164420  44412 22773500    0    0 14456 40718 6510 10086  8  3 21 69  0
 1 13  31812 161548  44536 22776432    0    0 10100 53766 9753 15654  4  3 51 41  0
 2 17  31812 161884  44648 22767316    0    0 10146 43126 8929 13114  9  3 43 44  0
 2 12  31812 161412  44764 22768868    0    0 23808 30342 7886 11082 10  3 39 49  0
 2 17  31812 161588  44904 22763644    0    0 28926 20454 8930 11433 14  3 39 44  0
 0 16  31812 166012  45044 22758376    0    0 26044 33608 8031 8823 12  3 29 57  0
procs -----------memory---------- ---swap-- -----io---- --system-- -----cpu------
 r  b   swpd   free   buff  cache   si   so    bi    bo   in   cs us sy id wa st
 1 14  31812 157072  45164 22768024    0    0 26346 29834 7989 8895 11  2 36 50  0
 1 16  31812 157184  45252 22752716    0    0 23408 30956 6396 7996 11  2 39 48  0
 1 18  31812 162716  45248 22748132    0    0 18682 37122 6485 7569  9  2 43 45  0
 3 15  31812 157084  45120 22751660    0    0 29724 47182 8414 10933  9  2 37 52  0
 5 17  31812 157048  44924 22752028    0    0 17556 37128 5356 6871  9  2 36 53  0
 3 19  31812 162724  44996 22745320    0    0 24054 26764 6518 7932 11  2 39 48  0
 0 16  31812 164076  45084 22737836    0    0 22916 22110 5299 7151 10  2 34 54  0
 0 11  31812 162868  45160 22738456    0    0 18706 32104 4924 6223  8  2 44 46  0
 1 18  31812 161096  45244 22739636    0    0 17094 38510 5820 7928 11  2 45 42  0
 2 19  31812 161452  45348 22738116    0    0 19522 23180 5137 7286  9  2 48 41  0
 0 16  31812 164128  45440 22736696    0    0 14396 39710 5088 6666  7  2 50 41  0
 1 12  31812 158816  45568 22740672    0    0 20386 14520 8529 11683 11  3 52 34  0
 3 13  31812 165348  45728 22750932    0    0 20466 30838 9071 12899 10 10 52 28  0
 0 27  31812 158080  45784 22753608    0    0 17330 35846 3357 5047  8  1 47 44  0
 5 18  31812 166176  45988 22745024    0    0 25980 38272 12240 16815 10  3 33 54  0
 1 14  31812 156612  46008 22757424    0    0 27402 20550 11124 15991 12  3 39 46  0
 0 19  31812 164468  46120 22748920    0    0 16326 41540 10624 14433 10  3 36 50  0
 0 18  31812 161424  46268 22738868    0    0 30114  9466 8742 12349 13  3 32 53  0
 1 18  31812 159508  46384 22741164    0    0 27714 30848 7633 8438 12  3 37 49  0
 2 16  31812 159176  46512 22740340    0    0 31332 13700 6466 7691 12  2 31 55  0
 0 21  31812 167352  46612 22731172    0    0 23256 59318 5658 7217 11  2 37 50  0
procs -----------memory---------- ---swap-- -----io---- --system-- -----cpu------
 r  b   swpd   free   buff  cache   si   so    bi    bo   in   cs us sy id wa st
 3 17  31812 162208  46680 22738352    0    0 21466 24200 5314 6270  9  2 36 52  0
 0 18  31812 162888  46764 22730312    0    0 20672 33802 5896 7323  9  2 30 59  0
 0 16  31812 164264  46864 22730344    0    0 18438 32800 6375 7452  9  2 42 46  0
 0 18  31812 157884  46960 22737796    0    0 22934 28632 8289 10206 10  3 40 47  0
 2 18  31812 159380  47144 22735804    0    0 22636 42932 11107 16067 12  4 38 45  0
 0 18  31812 164316  47248 22730596    0    0 20490 30658 10374 14547 10  4 37 49  0
 6 19  31812 154828  47376 22740776    0    0  9848 40052 8518 12682  6  3 40 52  0
 1 21  31812 164660  47544 22725448    0    0 18848 30172 10110 15629 11  4 35 51  0
 2 18  31812 164320  47664 22725416    0    0 18972 39106 9677 14822 10  3 32 56  0
 1 22  31812 156716  47748 22735280    0    0  5280 48204 9344 13763  5  3 32 60  0
 0 18  31812 157216  47844 22736272    0    0 19130 34490 9083 13443  8  3 27 62  0
 0 20  31812 159476  47940 22731568    0    0 21294 22654 7732 11286 12  3 35 51  0
 2 23  31812 163608  48040 22729164    0    0 14692 44466 7400 10404  8  2 34 55  0
 1 17  31812 163308  48128 22730528    0    0  9240 36798 6486 9863  5  2 38 55  0
 1 18  31812 162472  48220 22730280    0    0 18530 31086 5371 7667  9  2 34 54  0
 2 16  31812 157312  48276 22728688    0    0 13902 46590 6060 7697  8  2 34 56  0
 1 20  31812 159164  48404 22724488    0    0 17138 32366 6099 8281  9  2 34 56  0
 1 15  31812 158716  48520 22726424    0    0 22866 30906 9413 12685 11  3 37 49  0
 7 20  31812 158832  48640 22727660    0    0 21018 32582 10959 16530  9  4 39 48  0
 1 22  31812 159840  48796 22724112    0    0 17368 29424 10635 15438 11  4 34 52  0
 1 20  31812 157708  48888 22730328    0    0 13678 41756 8105 10929  7  3 26 64  0
procs -----------memory---------- ---swap-- -----io---- --system-- -----cpu------
 r  b   swpd   free   buff  cache   si   so    bi    bo   in   cs us sy id wa st
 2 19  31812 162424  49000 22726724    0    0 11106 44870 11612 17672  7  4 39 50  0
 2 21  31812 161516  49108 22717948    0    0 24620 19772 8819 13994 11  3 37 48  0
 3 21  31812 162904  49156 22717820    0    0 10940 48170 10786 15335  7  4 35 54  0
 6 17  31812 162408  49256 22717300    0    0 16792 30872 10835 16418  9  3 34 53  0
 0 19  31812 160992  49336 22720440    0    0 19118 37308 9372 12376 10  3 28 59  0
 2 19  31812 160096  49452 22719712    0    0 20098 27570 8956 13197 10  3 36 51  0
 1 17  31812 166380  49576 22713804    0    0 25238 28386 10179 15353 10  3 29 58  0
 2 18  31812 162468  49680 22711060    0    0 19474 30292 9529 12832 10  3 28 58  0
 0 22  31812 158172  49792 22717348    0    0 20724 27268 6568 9316  7  2 32 59  0
 0 27  31812 161108  49932 22714736    0    0 13124 82356 12571 17180  6  2 36 55  0
 2 23  31812 159308  50100 22717708    0    0 11884 30566 10282 16694  6  4 33 57  0
 2 16  31812 157988  50264 22718120    0    0 16630 48210 11727 18557 10  4 33 54  0
 2 29  31812 164264  50360 22704980    0    0 14956 36882 10879 17201 11  4 32 54  0
 6 26  31812 158472  50508 22706664    0    0 17884 38908 9889 15779  9  4 27 60  0
 4 20  31812 163276  50672 22699496    0    0 10988 43806 10013 16242  8  4 24 64  0
 2 28  31812 157136  50812 22700276    0    0 16164 32124 9721 15328  9  4 26 61  0
 1 20  31812 158652  50972 22697904    0    0 11904 42124 12435 21737  8  5 25 62  0
 2 20  31812 161836  51132 22693072    0    0 17682 34970 11387 19390  9  4 23 64  0
 2 22  31812 166156  51260 22680764    0    0 14776 43352 10193 15052 10  4 21 65  0
 4 19  31812 160760  51396 22688340    0    0 21146 27100 8538 11482 10  3 17 71  0
 0 15  31812 165576  51480 22687740    0    0 12110 37088 7472 10540  5  2 25 68  0
procs -----------memory---------- ---swap-- -----io---- --system-- -----cpu------
 r  b   swpd   free   buff  cache   si   so    bi    bo   in   cs us sy id wa st
 0 12  31812 159172  51556 22693784    0    0  3386 55504 5225 7603  1  2 35 62  0
 0 20  31812 164440  51660 22685284    0    0 16414 42278 6581 9473 10  2 33 55  0
 0 18  31812 161808  51788 22684128    0    0  8934 48844 8928 12636  6  3 32 60  0
 5 16  31812 158896  51920 22682612    0    0 14162 34268 9209 12362  9  3 34 54  0
 1 19  31812 160512  52024 22679856    0    0 14270 38374 9688 12784  8  3 32 57  0
 0 25  31812 156840  52196 22681260    0    0 15100 40648 10404 14943  8  3 35 53  0
 0 19  31812 159420  52356 22678712    0    0 23498 23624 10639 15416  9  3 26 62  0
 2 22  31812 162088  52520 22672236    0    0  8010 54848 11938 19705  9  4 18 69  0
 2 18  31812 158568  52628 22674288    0    0 15248 38542 7528 11536  8  2 34 56  0
 0 21  31812 160612  52764 22668000    0    0 12496 41000 12190 18632  7  4 36 54  0
 3 20  31812 158632  52860 22665692    0    0 17080 33800 8132 10600 10  3 34 54  0
 0 18  31812 160996  52956 22653772    0    0 15414 45074 8394 11006  8  3 35 55  0
 2 21  31812 158284  53044 22654020    0    0 16312 27738 7645 9680  9  2 32 57  0
 0 16  31812 163632  53100 22649968    0    0 13748 36888 5761 7778  5  2 36 57  0
 0 16  31812 158412  53192 22652388    0    0 16140 42240 6861 8603 10  2 28 60  0
 0 20  31812 163516  53276 22647068    0    0 15740 37586 6215 7361  9  2 26 63  0
 3 18  31812 161572  53376 22648404    0    0 17180 31300 5917 7273  7  2 27 64  0
 0 17  31812 162164  53432 22648468    0    0 14038 39654 5275 6211  6  2 45 47  0
 1 21  31812 158616  53504 22638720    0    0 14186 38806 5367 6970  9  2 40 49  0
 3 19  31812 156968  53592 22639584    0    0 17886 33092 5106 5916  8  2 34 56  0
 0 20  31812 162540  53696 22632560    0    0 24002 29178 7338 8604 11  2 36 50  0
procs -----------memory---------- ---swap-- -----io---- --system-- -----cpu------
 r  b   swpd   free   buff  cache   si   so    bi    bo   in   cs us sy id wa st
 1 19  31812 163224  53760 22631688    0    0 15168 29534 5788 6886  7  2 30 61  0
 6 22  31812 161860  53860 22632844    0    0 15852 38136 7389 8864  8  2 37 53  0
 1 19  31812 161580  53948 22634976    0    0 12472 36532 5735 7585  5  2 29 64  0
 1 17  31812 164124  54056 22627412    0    0 17992 35164 8136 10346 10  3 31 56  0
 0 19  31812 158444  54128 22633864    0    0 12360 36822 8094 11151  7  3 22 68  0
 7 15  31812 165044  54196 22621844    0    0 14446 41020 5420 7207  8  2 37 53  0
 0 17  31812 156896  54232 22629120    0    0 14354 42826 4614 5913  6  2 39 53  0
 0 19  31812 162624  54264 22622284    0    0 14896 39280 5000 6562  7  2 33 59  0
 0 15  31812 162760  54352 22622880    0    0 15296 34786 5667 7763  7  2 40 51  0
 1 18  31812 162428  54432 22621860    0    0 12750 43594 6990 8936  8  2 36 54  0
 1 17  31812 160336  54496 22621768    0    0 12762 35898 7522 10679  6  2 32 59  0
 2 20  31812 164364  54568 22616276    0    0  9398 49508 6132 7971  5  2 34 59  0
 3 17  31812 162464  54672 22616160    0    0 15892 32980 6840 8791  7  2 29 62  0
 0 15  31812 156880  54792 22622660    0    0 15634 37740 8651 10875  7  2 30 61  0
 3 17  31812 160332  54888 22610796    0    0  8912 44674 8328 12042  7  3 28 62  0
 0 18  31812 163528  54988 22607372    0    0  9240 50420 6448 7744  6  2 29 63  0
 1 17  31812 161800  55048 22608808    0    0 11110 44788 6534 7940  6  2 30 62  0
 0 16  31812 163528  55148 22607616    0    0 13816 40450 7716 8623  7  2 30 61  0
 0 17  31812 159376  55256 22611208    0    0 14808 38416 6498 9067  7  2 32 59  0
 1 20  31812 159720  55296 22610364    0    0 14118 39586 5607 6568  8  2 35 55  0
 2 12  31812 163136  55260 22608860    0    0 20350 19854 7344 8550  9  2 51 37  0
procs -----------memory---------- ---swap-- -----io---- --system-- -----cpu------
 r  b   swpd   free   buff  cache   si   so    bi    bo   in   cs us sy id wa st
 2 14  31812 163360  55396 22632544    0    0 21282 19144 5956 7047  9  9 50 32  0
 1 21  31812 158956  55304 22624104    0    0 16074 52926 3885 4885  7  1 49 43  0
 3 11  31812 161016  55248 22623500    0    0 24204 47760 9541 9697  8  2 46 44  0
 0 16  31812 161760  55336 22624200    0    0 22112 34696 7236 7160  9  2 48 40  0
 1 14  31812 158568  55220 22629692    0    0 13354 40318 5329 6223  7  2 49 42  0
 0 14  31812 157872  55308 22631536    0    0  3894 56298 5506 7604  1  2 62 35  0
 0 22  31812 163236  55356 22620900    0    0  2188 66536 5768 9268  5  2 56 37  0
 6 16  31812 160236  55476 22621888    0    0 16298 39418 8314 11027  7  2 49 42  0
 0 18  31812 161776  55572 22623620    0    0 12154 40202 7935 10452  6  3 44 47  0
 6 13  31812 163172  55652 22611988    0    0 16086 37092 5932 8171  9  2 36 53  0
 4 18  31812 156784  55764 22615700    0    0  9000 54904 8886 13327  7  3 42 49  0
 0 15  31812 159252  55892 22614236    0    0 12474 33862 9411 12911  6  3 47 43  0
 3 11  31812 163048  55976 22606800    0    0 16946 41362 7177 9422  8  3 34 56  0
 0 16  31812 159996  56076 22609332    0    0 11162 50956 6559 7953  6  2 42 50  0
 2 14  31812 164020  56176 22606756    0    0  9920 40712 6545 8875  6  2 41 50  0
 0 13  31812 165140  56256 22607344    0    0  5032 60600 6690 9326  4  2 44 49  0
 1 14  31812 159788  56396 22609148    0    0  8732 50160 9503 12866  6  3 44 46  0
 1 12  31812 161760  56492 22609080    0    0  8442 43278 8018 11238  4  3 46 47  0
 0 17  31812 158568  56608 22612240    0    0 12034 51490 9080 12386  8  3 31 58  0
 2 15  31812 153016  56720 22615760    0    0  8972 36880 8260 10923  6  3 25 67  0
 1 19  31812 160556  56776 22608908    0    0 10024 42818 7605 10648  7  2 30 61  0
procs -----------memory---------- ---swap-- -----io---- --system-- -----cpu------
 r  b   swpd   free   buff  cache   si   so    bi    bo   in   cs us sy id wa st
 0 15  31812 153692  56896 22615960    0    0 10908 47952 9824 13896  5  3 44 48  0
 2 18  31812 156504  57000 22611676    0    0 11116 41000 6758 8602  7  2 32 59  0
 0 23  31812 151764  57076 22618284    0    0 10454 43446 7782 9490  6  3 41 50  0
 4 16  31812 160408  57180 22610576    0    0 16196 35620 8838 11016  8  3 41 48  0
 0 16  31812 161160  57252 22610876    0    0  6752 57716 5227 6626  4  2 55 38  0
 1 17  31812 161980  57368 22611096    0    0 15194 38160 7685 10362  7  3 43 48  0
 2 18  31812 163656  57460 22608408    0    0 11546 38302 6782 9360  7  2 42 49  0
 0 19  31812 160184  57584 22612160    0    0 12330 47974 9396 12873  8  3 41 47  0
 0 14  31812 163940  57648 22609588    0    0 14656 36672 7160 10879  7  3 45 46  0
 1 14  31812 162516  57648 22608944    0    0  9060 44060 8805 13348  6  3 42 48  0
 2 15  31812 163880  57692 22597844    0    0 16050 36010 4476 6352  8  2 54 36  0
 1 15  31812 160636  57552 22600108    0    0 13416 42946 8035 10214  8  3 34 55  0
 2 14  31812 156904  57324 22605024    0    0 17342 36114 6576 9413  8  2 39 51  0
 1 14  31812 157568  57052 22605228    0    0 15310 36270 4530 6179  6  2 36 56  0
 1 15  31812 161588  56492 22601304    0    0 12170 43862 8290 11557  7  3 48 42  0
 1 15  31812 157556  56180 22606872    0    0 13942 42822 6349 9040  7  2 46 44  0
 0 20  31812 164484  55912 22599244    0    0 10996 46042 6767 8653  5  2 43 49  0
 0 15  31812 162420  55640 22604188    0    0 12734 40896 9562 12652  8  3 41 49  0
 1 14  31812 164192  55336 22596876    0    0 11496 39926 5213 7028  7  2 39 52  0
 0 15  31812 164512  55108 22598068    0    0 15988 33140 5517 6998  6  2 44 48  0
 0 15  31812 158656  54948 22604224    0    0 19352 30052 6026 7890  9  2 40 50  0
procs -----------memory---------- ---swap-- -----io---- --system-- -----cpu------
 r  b   swpd   free   buff  cache   si   so    bi    bo   in   cs us sy id wa st
 0 19  31812 159560  54764 22600384    0    0 11590 41208 4872 6472  7  2 37 54  0
 1 14  31812 163068  54408 22598652    0    0 18148 30088 5397 7456  8  2 48 42  0
 0 16  31812 152272  54020 22610568    0    0 18020 32722 6279 8285  8  2 52 38  0
 3 15  31812 161812  53676 22601820    0    0  5912 51228 7363 10976  5  3 46 47  0
 1 15  31812 158980  53764 22606072    0    0 12010 44296 6546 8970  6  2 44 48  0
 1 16  31812 160216  53840 22605684    0    0 15142 31346 9147 13017  8  3 41 49  0
 4 15  31812 159024  53912 22601300    0    0 12038 46692 8261 11874  8  3 40 49  0
 0 17  31812 163764  53980 22595632    0    0  9020 46264 5085 6124  5  2 38 55  0
 4 16  31812 161580  54076 22599216    0    0 19750 28636 6972 9816  9  2 49 40  0
 0 15  31812 157256  54172 22603168    0    0 12266 40640 6313 7585  7  2 44 47  0
 1 15  31812 157404  54264 22604360    0    0 14700 32272 6714 8286  7  2 49 43  0
 1 14  31812 161708  54360 22598544    0    0 15974 36514 5827 7870  7  2 52 39  0
 0 14  31812 165416  54428 22594388    0    0 17856 38434 4374 5155  7  2 53 38  0
 0 15  31812 163492  54516 22596700    0    0 14308 32012 4907 5945  7  2 46 45  0
 0 14  31812 157092  54552 22604460    0    0  3800 61478 2758 3126  3  1 43 53  0
 0 20  31812 165416  54600 22594944    0    0  4638 53226 2748 3249  3  1 45 50  0
 0 16  31812 161840  54668 22597588    0    0 14622 45264 4245 5013  7  1 47 44  0
 0 16  31812 162232  54792 22597676    0    0 15018 33878 5154 6368  6  2 52 39  0
 1 13  31812 164704  54888 22595520    0    0 13132 33300 4981 6614  6  2 52 40  0
 2 13  31812 160648  54964 22598492    0    0 11618 45174 5235 6750  6  2 46 46  0
 0 15  31812 159908  55036 22599900    0    0  7616 40136 4558 5704  5  1 46 48  0
procs -----------memory---------- ---swap-- -----io---- --system-- -----cpu------
 r  b   swpd   free   buff  cache   si   so    bi    bo   in   cs us sy id wa st
 1 14  31812 163732  54816 22598584    0    0  4346 44084 3831 4527  2  1 43 53  0
 0 19  31812 166040  54884 22594500    0    0  8604 43838 5110 6657  5  2 45 48  0
 2 14  31812 165320  54992 22596580    0    0 11174 49488 5569 7480  6  2 41 51  0
 0 12  31812 165860  55072 22595760    0    0 10702 39872 5483 6976  5  2 47 46  0
 1 16  31812 162432  55180 22598080    0    0 15370 38944 5442 7703  7  2 50 41  0
 1 14  31812 160692  55300 22592748    0    0 12428 39732 6260 8528  7  2 45 46  0
 1 14  31812 166116  55392 22588284    0    0  8914 48234 5678 7899  6  2 51 41  0
 0 15  31812 159796  55500 22592632    0    0  9184 46672 6148 8547  6  2 53 39  0
 1 15  31812 163492  55596 22590636    0    0  5494 54852 7135 9646  4  2 58 35  0
 3 15  31812 164000  55720 22589688    0    0 13420 35998 8084 11835  6  3 39 52  0
 3 21  31812 161768  55856 22589492    0    0  9986 40546 9685 14159  7  3 40 50  0
 1 12  31812 154280  55988 22595240    0    0 10316 40620 10309 15314  7  4 44 46  0
 0 16  31812 158800  56084 22591220    0    0 16636 36400 10179 14885  9  3 33 55  0
 1 14  31812 157684  56124 22589032    0    0  9524 46642 9057 13230  6  3 40 50  0
 0 14  31812 165972  56192 22581308    0    0 11220 41002 6841 8671  5  2 55 38  0
 0 15  31812 162572  56264 22578468    0    0 17742 38296 6672 9896 11  3 45 41  0
 0 13  31812 152024  56328 22587848    0    0 11068 32154 4877 6581  5  2 51 42  0
 3 12  31812 153484  56384 22582680    0    0 14804 42400 6215 8917  8  2 45 45  0
 0 10  31812 162344  56424 22572248    0    0 13658 41850 5285 6674  7  2 40 51  0
 0 17  31812 151684  56460 22581872    0    0  5330 59338 5214 6613  4  2 48 46  0
 0 13  31812 153364  56512 22577488    0    0 10318 50618 6019 8316  6  2 55 38  0
procs -----------memory---------- ---swap-- -----io---- --system-- -----cpu------
 r  b   swpd   free   buff  cache   si   so    bi    bo   in   cs us sy id wa st
 0 12  31812 162516  56552 22570568    0    0 10092 34908 4637 6201  6  2 46 47  0
 1  9  31812 162044  56632 22596672    0    0 10706 11350 3975 5241  5 15 62 19  0
 2 15  31812 160476  56708 22593088    0    0 14360 65342 3913 5960  6  2 42 51  0
 0 13  31812 159456  56792 22596884    0    0 14218 57866 8634 12612  6  2 48 44  0
 0 14  31812 162508  56856 22595580    0    0  5500 48258 5655 7993  4  2 49 46  0
 0 12  31812 158088  56944 22596612    0    0  8464 49276 6372 8491  6  2 45 46  0
 1 19  31812 153824  56996 22602920    0    0  6608 47152 7500 9745  6  2 46 46  0
 2 17  31812 159500  57024 22598640    0    0 18818 27054 6277 7589  8  2 34 56  0
 2 16  31812 157160  57144 22599404    0    0 22982 20738 7219 10235 10  2 27 61  0
 0 18  31812 164804  57164 22592600    0    0 13502 39968 6875 8581  7  2 35 56  0
 1 16  31812 159964  57236 22597008    0    0 14596 43880 7442 9894  8  3 45 44  0
 1 14  31812 159076  57308 22598444    0    0 21608 23422 6025 8601  9  2 41 48  0
 8 12  31812 163656  57388 22592800    0    0 19098 39222 6055 8528  8  2 51 39  0
 2 18  31812 153504  57444 22595492    0    0 13846 31674 6161 7879  8  2 39 51  0
 0 16  31812 163344  57472 22587972    0    0 14334 34280 5463 7161  7  2 47 45  0
 0 17  31812 156684  57524 22591848    0    0 12096 40682 5630 6917  8  2 51 40  0
 1 17  31812 153688  57596 22594400    0    0 28420 28094 6143 7944 11  2 56 30  0
 1 15  31812 157556  57668 22591532    0    0 20124 20364 5865 7910  8  2 43 47  0
 2 16  31812 160636  57780 22588140    0    0 16808 33684 7088 8967  8  2 40 49  0
 0 11  31812 166320  57828 22584652    0    0 18204 30616 4967 6577  6  2 38 54  0
 0 11  31812 162084  57848 22587888    0    0  9896 44210 3656 5054  4  1 40 54  0
procs -----------memory---------- ---swap-- -----io---- --system-- -----cpu------
 r  b   swpd   free   buff  cache   si   so    bi    bo   in   cs us sy id wa st
 0 20  31812 155036  57868 22592816    0    0  4530 62068 2896 3902  4  1 54 40  0
 1 16  31812 159672  57896 22586736    0    0 18636 29542 4101 5659  7  2 41 51  0
 1 13  31812 163076  57928 22585796    0    0 14528 41734 5306 7009  6  2 51 40  0
 0 15  31812 162400  57952 22587392    0    0 13062 42074 4537 5614  6  2 47 46  0
 0 13  31812 160408  57980 22589732    0    0 14232 34144 3705 5172  5  1 59 35  0
 4 13  31812 159636  57992 22592600    0    0 13270 40648 3995 5441  7  1 46 46  0
 3 11  31812 157764  58024 22594752    0    0 15896 34870 4493 5999  7  2 46 45  0
 0 14  31812 158008  58044 22594824    0    0  4334 54980 2142 2913  2  1 51 46  0
 0 13  31812 162268  58048 22591736    0    0  7064 55286 2999 3877  4  1 47 48  0
 0 13  31812 160704  58080 22593700    0    0 10916 34018 3036 4043  4  1 54 40  0
 0 12  31812 156756  58108 22596464    0    0  8660 53276 3359 4162  5  1 54 40  0
 1 11  31812 161388  58124 22592956    0    0 14862 34360 3543 4590  5  1 55 38  0
 0 14  31812 157260  58128 22598364    0    0  4020 61886 2695 3248  3  1 63 32  0
 1 10  31812 161772  58156 22591804    0    0 14972 40428 3064 4457  5  1 56 38  0
 0 10  31812 156968  58172 22596848    0    0 11120 42098 2796 4177  5  1 48 46  0
 1  8  31812 163772  58176 22592016    0    0  6066 56814 2360 3139  2  1 53 44  0
 1 10  31812 158024  58192 22599968    0    0  2032 62516 2917 3089  2  1 60 37  0
 0 11  31812 161564  58204 22597124    0    0  2126 63130 1889 2523  1  1 64 34  0
 0  9  31812 160992  58220 22598292    0    0  6048 55018 1885 2606  1  1 61 36  0
 0 12  31812 163408  58228 22597064    0    0  3322 59874 2607 2886  2  1 58 39  0
 1  8  31812 164396  58268 22596976    0    0  9850 37872 2628 3158  2  1 53 44  0
procs -----------memory---------- ---swap-- -----io---- --system-- -----cpu------
 r  b   swpd   free   buff  cache   si   so    bi    bo   in   cs us sy id wa st
 0 10  31812 160588  58284 22600948    0    0  4782 60992 1887 2533  1  1 60 39  0
 0  9  31812 159304  58300 22602168    0    0  6894 52818 2200 2837  2  1 57 41  0
 0 12  31812 158536  58296 22605004    0    0  2406 58606 2266 2767  2  1 55 43  0
 1  8  31812 159204  58316 22604468    0    0  5344 54202 2006 2631  1  1 54 44  0
 0  7  31812 161640  58320 22603092    0    0  4970 54164 1838 2581  1  1 60 39  0
 0  9  31812 158576  58336 22606640    0    0  3090 61520 2029 2672  1  1 53 45  0
 0  9  31812 157864  58332 22606952    0    0  3124 61450 2012 2685  1  1 52 46  0
 1  9  31812 150888  58344 22614744    0    0  6372 55500 2825 3085  2  1 54 42  0
 1  8  31812 157296  58364 22609476    0    0  3444 60138 1815 2515  1  1 60 38  0
 4  9  31812 157480  58356 22611264    0    0  2184 57958 1807 2483  1  1 58 40  0
 1 10  31812 160380  58364 22609736    0    0  2194 59216 1885 2487  1  1 53 46  0
 0  9  31812 221980  58432 22636516    0    0 10334 38126 2449 2942  2  6 70 22  0
 0  8  31812 220928  58432 22643380    0    0  1922 70176 1738 2486  1  1 65 33  0
 0 13  31812 214520  58436 22654164    0    0  2466 61566 2117 2690  1  1 58 40  0
 0 12  31812 202868  58464 22669952    0    0  4678 61422 2410 2822  2  1 55 42  0
 0 15  31812 194896  58488 22683332    0    0  2152 59726 2630 2977  2  1 40 57  0
 0 14  31812 191640  58496 22691400    0    0  2484 62106 1998 2603  1  1 41 57  0
 0 14  31812 176356  58516 22709508    0    0  2328 67812 2751 3254  2  1 40 57  0
 1 13  31812 156992  58548 22732908    0    0  7696 56336 2639 3155  2  1 46 51  0
 0 12  31812 161440  58552 22732128    0    0  8292 47212 1993 2770  1  1 45 52  0
 0 14  31812 160900  58552 22738228    0    0  2132 69610 2378 2921  2  1 38 59  0
procs -----------memory---------- ---swap-- -----io---- --system-- -----cpu------
 r  b   swpd   free   buff  cache   si   so    bi    bo   in   cs us sy id wa st
 0 13  31812 156544  58564 22746496    0    0  1658 60546 2242 2752  1  1 48 50  0
 0 11  31812 165968  58576 22742500    0    0  1490 69662 1741 2676  1  1 47 52  0
 0  5  31812 250968  58616 22752416    0    0  2468 48954 1878 2674  1  2 67 30  0
 0  1  31812 252752  59068 22761856    0    0  2906  3366 1926 2899  1  1 84 14  0
 0  1  31812 228892  59320 22781816    0    0  7788     0 2253 3140  2  1 90  8  0
 0  6  31812 212632  59348 22793872    8    0  3672  1168 2237 2779  1  0 85 13  0
 0  2  31812 199460  59440 22809140    0    0  5194  6114 1894 2744  1  0 85 13  0
 0  3  31812 158716  59484 22850092    0    0 16702   490 2674 3706  2  1 87 10  0
 1  1  31812 159200  59488 22851152    0    0  7626  6890 2147 2942  1  1 85 13  0
 0  0  31812 191112  59476 22835120    0    0  3196     6 2079 2799  4  0 93  2  0
 1  1  31812 182404  59480 22844356    0    0  1538  1426 2233 2596  1  0 83 15  0
 0  1  31812 172972  59500 22855688    0    0  3522  7780 1754 2499  1  0 96  2  0
 0  1  31812 168392  59500 22860468    0    0  1024   886 1637 2343  1  0 97  2  0
 0  0  31812 158160  59524 22872344    0    0  2946  5444 2080 2572  1  0 92  6  0
 1  0  31812 165288  59528 22864708    0    0   964     2 2403 2914  2  1 96  2  0
 0  2  31812 162320  59528 22868252    0    0   256  1702 2043 2636  1  0 88 10  0
 0  2  31812 163828  59540 22869740    0    0   256  7972 1788 2324  0  0 87 12  0
 0  2  31812 161216  59540 22872544    0    0   576  1260 1781 2356  0  0 90  9  0
 0  3  31812 163156  59544 22875712    0    0   128  4124 2172 2434  0  0 82 17  0
 0  3  31812 163684  59552 22876920    0    0   130  1372 1561 2191  0  0 91  8  0
 1  2  31812 162104  59556 22878128    0    0   128  1448 1539 2262  0  0 91  8  0
procs -----------memory---------- ---swap-- -----io---- --system-- -----cpu------
 r  b   swpd   free   buff  cache   si   so    bi    bo   in   cs us sy id wa st
 0  2  31812 162544  59568 22883824    0    0  1602  2558 2115 2536  1  1 91  8  0
 0  0  31812 159212  59580 22887432    0    0  1026   734 1674 2297  1  0 91  8  0
 0  0  31812 159012  59588 22890044    0    0   640  2500 1373 2287  1  0 99  1  0
 1  2  31812 157800  59588 22891948    0    0   320  1666 1617 2271  0  1 93  5  0
 0  0  31812 163024  59592 22886364    0    0  1090   840 1734 2346  1  0 93  7  0
 0  2  31812 162724  59600 22891308    0    0  1088  3092 1704 2410  1  1 96  3  0
 0  0  31812 159360  59604 22895060    0    0   448  1512 2073 2494  1  0 85 14  0
 0  0  31812 160848  59616 22898808    0    0     0  4064 1777 2500  0  0 99  1  0
 0  1  31812 159020  59616 22901016    0    0     0  1732 1805 2401  0  0 93  6  0
 0  0  31812 159276  59616 22901024    0    0     0  1028 1316 2139  0  0 94  6  0
 0  0  31812 164384  59624 22901024    0    0     0  1176 1018 2121  0  0 100  0  0
 0  0  31812 164880  59624 22901024    0    0     0     0 1008 2140  0  0 100  0  0
 0  0  31812 164888  59632 22901016    0    0     0    46 1009 2117  0  0 100  0  0
 0  0  31812 164648  59632 22901024    0    0     0     0 1006 2101  0  0 100  0  0
 0  0  31812 165640  59632 22901024    0    0     0     0 1006 2109  0  0 100  0  0
 0  0  31812 164276  59640 22901028    0    0     0    56 1011 2113  0  0 100  0  0
 0  0  31812 164648  59640 22901032    0    0     2     0 1007 2093  0  0 100  0  0
 0  0  31812 165764  59648 22901028    0    0     0    90 1015 2154  0  0 100  0  0
 0  0  31812 158944  59648 22901036    0    0     0     6 1006 2095  0  1 99  0  0
 0  0  31812 158456  59648 22901036    0    0     0     0 1004 2081  0  0 100  0  0
 0  0  31812 161928  59656 22901036    0    0     0   100 1039 2124  0  0 99  0  0
procs -----------memory---------- ---swap-- -----io---- --system-- -----cpu------
 r  b   swpd   free   buff  cache   si   so    bi    bo   in   cs us sy id wa st
 0  0  31812 162176  59656 22901036    0    0     0     0 1008 2102  0  0 100  0  0
 0  0  31812 165772  59664 22901028    0    0     0    66 1015 2094  0  0 100  0  0
 1  0  31812 163732  59664 22901036    0    0     0   364 1017 2198  0  0 99  0  0
 0  0  31812 163764  59664 22901036    0    0     0     0 1007 2124  0  0 100  0  0
 0  0  31812 166244  59672 22901032    0    0     0   174 1032 2125  0  0 100  0  0
 0  0  31812 166492  59672 22901036    0    0     0     0 1010 2108  0  0 100  0  0
 0  0  31812 166508  59680 22901028    0    0     0    44 1009 2120  0  0 100  0  0
 0  0  31812 165416  59688 22901804    0    0   388     0 1036 2118  0  0 100  0  0
 0  0  31812 165292  59688 22901804    0    0     0     0 1006 2109  0  0 100  0  0
 0  0  31812 165300  59696 22901804    0    0     0    50 1011 2114  0  0 100  0  0
 0  0  31812 165688  59696 22902068    0    0     0     0 1005 2095  0  0 100  0  0
 0  0  31812 166060  59704 22902060    0    0     0    48 1011 2129  0  0 100  0  0
 0  0  31812 164200  59704 22902068    0    0     0     0 1007 2115  0  0 100  0  0
 0  0  31812 164200  59704 22902068    0    0     0     0 1004 2092  0  0 100  0  0
 0  0  31812 158372  59712 22902068    0    0     0    56 1011 2128  0  1 99  0  0
 0  0  31812 158000  59712 22902068    0    0     0     0 1006 2131  0  0 100  0  0
 0  0  31812 165564  59720 22902064    0    0     0    60 1009 2127  0  0 100  0  0
 1  0  31812 161744  59720 22902072    0    0     0    20 1010 2136  0  0 100  0  0
 0  0  31812 8641984  59836 22902408    0    0   244     0 1063 2595  1  2 96  2  0
