procs -----------memory---------- ---swap-- -----io---- -system-- -----cpu------
 r  b   swpd   free   buff  cache   si   so    bi    bo   in   cs us sy id wa st
 0  3   6644 31157980   2992 103696    0    0    35    32    1    0  1  0 99  0  0
 1  0   6644 31092836   3244 119860    0    0  8098     8 1103 1796  4  0 88  8  0
 2  0   6644 31026920   3368 139104    0    0  9724     0 1172 1659  6  0 89  5  0
 0  0   6644 30921484   3372 152532    0    0  6756     0 2045 2990  8  0 90  2  0
 0  0   6644 30919632   3372 152720    0    0     0    10  561 1107  0  0 100  0  0
 3  0   6644 30685052   3408 156472    0    0  1864     0 3333 4341 34  1 64  1  0
13 11   6644 30130492   3620 198884    0    0 18864  1342 4432 7841 20  1 69 10  0
 3  9   6644 26050936   4112 496060    0    0 61256   128 19528 20956 47 13 32  9  0
 5 10   6644 24634956   4540 905368    0    0 74316     0 19230 25560 47 10 29 14  0
 7  9   6644 23834828   4960 1332680    0    0 68914    64 18897 27270 41  8 37 15  0
11  6   6644 23360380   5332 1723484    0    0 55966    14 17857 26157 34  6 43 17  0
 5  5   6644 22964084   5716 2117892    0    0 59354     0 18306 27300 32  6 40 21  0
 9  4   6644 22501744   6112 2547156    0    0 70216     0 18764 27144 44  6 36 14  0
 5  1   6644 21973372   6500 2937344    0    0 63314 27008 18447 26715 38  7 43 12  0
 4  2   6644 21619388   6864 3268944    0    0 57440 12176 16948 22541 29  4 52 14  0
 2  6   6644 19972148   7136 3565036    0    0 46154 28352 15911 21084 24  7 57 12  0
 2  4   6644 19626808   7472 3911168    0    0 58150  9722 16496 22850 27  5 59 10  0
 7  5   6644 19139984   7784 4238016    0    0 50872 26516 16489 22344 26  4 53 16  0
 1  1   6644 18861148   8064 4518684    0    0 47776 27624 15055 21155 23  4 58 15  0
 2  1   6644 18652192   8272 4724036    0    0 38954 31332 13196 16798 17  3 68 12  0
 2  1   6644 18419220   8480 4935228    0    0 41130 29466 13696 16829 19  3 67 11  0
procs -----------memory---------- ---swap-- -----io---- -system-- -----cpu------
 r  b   swpd   free   buff  cache   si   so    bi    bo   in   cs us sy id wa st
 3  1   6644 18282076   8620 5072220    0    0 24732 40066 13671 14141 11  2 73 14  0
 0  2   6644 18161432   8744 5192864    0    0 18222 55398 13421 12817  9  2 78 11  0
 2  3   6644 18057312   8840 5296832    0    0 14348 62032 13242 11960  8  2 78 12  0
 3  2   6644 17914928   8976 5438452    0    0 21248 46834 12689 13001 10  2 73 15  0
 2  3   6644 17757796   9120 5570512    0    0 21912 48820 12719 13045 10  2 76 12  0
 4  2   6644 17619908   9280 5708960    0    0 16790 53936 11571 13055  9  2 81  8  0
 2  3   6644 17465652   9448 5869636    0    0 20662 39230 12663 14622 10  2 78 10  0
 0  3   6644 17286232   9636 6050680    0    0 18044 50250 13279 15241  9  3 76 13  0
 2  2   6644 17116252   9788 6219096    0    0 18324 65480 12955 14638  9  3 77 11  0
 3  2   6644 16981844   9912 6354132    0    0 16014 52752 12084 12471  9  2 77 12  0
 0  2   6644 16867532  10016 6452380    0    0 13970 54514 10596 9514  8  2 82  9  0
 1  2   6644 16770936  10112 6549156    0    0 19992 45782 10681 9588  9  1 79 11  0
 0  4   6644 16667480  10232 6652316    0    0 14506 50808 10057 9959  7  2 82  9  0
 2  3   6644 16492772  10412 6826556    0    0 18448 49898 13338 15355  9  3 79  9  0
 1  2   6644 16313972  10568 7004780    0    0 18554 40628 13864 15273 10  2 79  9  0
 3  2   6644 16191328  10760 7127304    0    0 19740 55340 13390 13588 10  5 73 12  0
 7  4   6644 16036948  10896 7271764    0    0 17168 55690 12933 13405 10  2 74 14  0
 3  3   6644 15920156  11012 7388240    0    0 18092 53820 12675 12048  9  2 75 14  0
 3  2   6644 15780532  11144 7527024    0    0 23548 46936 12997 12434 12  2 77  9  0
 1  3   6644 15631980  11292 7677680    0    0 22190 47296 13272 13556 11  2 78  9  0
 4  3   6644 15462596  11488 7844880    0    0 25128 48222 13231 14400 11  2 78  8  0
procs -----------memory---------- ---swap-- -----io---- -system-- -----cpu------
 r  b   swpd   free   buff  cache   si   so    bi    bo   in   cs us sy id wa st
 0  3   6644 15327676  11616 7979080    0    0 15374 56258 11235 12337  8  2 83  8  0
 7  4   6644 15129308  11804 8173240    0    0 25502 42210 13008 14892 13  3 75  9  0
 3  3   6644 14929784  12020 8371644    0    0 40618 33576 12532 13947 17  3 69 12  0
 3  3   6644 14746148  12200 8554492    0    0 35088 40862 12006 13951 15  3 73 10  0
 3  3   6644 14508300  12428 8786340    0    0 46284 26650 13342 17018 21  3 64 12  0
 2  2   6644 14384532  12544 8910604    0    0 19830 53706 11426 12030 10  2 78 10  0
 1  2   6644 14269088  12680 9025852    0    0 20894 54070 11950 12264  9  2 72 16  0
 5  2   6644 14130348  12804 9163180    0    0 22808 54452 12310 12887 10  2 71 17  0
 2  2   6644 13976480  12956 9311744    0    0 30368 41400 11672 12560 14  2 68 16  0
 4  3   6644 13801996  13156 9486584    0    0 37452 27304 11111 13121 15  2 68 14  0
 2  3   6644 13612640  13420 9674084    0    0 40184 21604 12462 13839 24  3 51 22  0
 5  1   6644 13413124  13604 9861196    0    0 40110 37454 12421 14427 18  2 68 12  0
 3  4   6644 13295464  13744 9979368    0    0 25790 47334 10892 9923 10  2 77 11  0
 1  2   6644 13210252  13816 10063680    0    0 15476 65068 10177 10148  7  2 83  8  0
 3  2   6644 13111704  13912 10163600    0    0 18194 57968 10206 10121  8  2 80 10  0
 1  2   6644 13000600  14000 10274200    0    0 19982 54138 11232 10818  9  2 81  8  0
 3  2   6644 12849428  14168 10425448    0    0 21274 44860 12310 12317 10  2 78 10  0
 0  2   6644 12719608  14288 10544840    0    0 15268 65554 10451 10925  7  2 81 10  0
 0  1   6644 12587696  14412 10674852    0    0 14840 57478 11763 11818  8  2 81  8  0
 1  2   6644 12458116  14532 10804288    0    0 16654 50636 10842 11858  8  2 81  9  0
 1  5   6644 12321808  14704 10939680    0    0 18256 52370 12071 13109  8  2 79 11  0
procs -----------memory---------- ---swap-- -----io---- -system-- -----cpu------
 r  b   swpd   free   buff  cache   si   so    bi    bo   in   cs us sy id wa st
 2  2   6644 12181648  14852 11080092    0    0 14820 56788 11922 13435  7  2 78 13  0
 0  2   6644 12025780  14996 11235036    0    0  9350 60448 12472 14310  7  2 78 13  0
 4  3   6644 11879444  15172 11381020    0    0 13102 57756 11655 13842  7  2 81 10  0
 2  3   6644 11712728  15336 11548836    0    0 16250 34362 11683 13885  8  3 82  8  0
 4  2   6644 11509724  15556 11741692    0    0 39724 31144 12511 15292 18  6 66 11  0
 3  2   6644 11335876  15732 11914560    0    0 27418  4514 11724 14688 12  2 71 15  0
 3  2   6644 11152636  15928 12097256    0    0 32804 20428 10509 12485 14  2 69 15  0
 0  2   6644 10937604  16124 12282536    0    0 32038 19588 11384 13336 14  2 67 16  0
 1  3   6644 10830228  16240 12390256    0    0 16690 41746 9049 9684  8  2 80 10  0
 4  3   6644 10696804  16376 12523432    0    0 19832 67244 9324 9708  9  2 75 13  0
 0  2   6644 10586336  16472 12633436    0    0 14350 61394 9090 9440  7  2 74 17  0
 1  2   6644 10503380  16548 12715136    0    0 13448 62996 7945 7835  7  1 79 13  0
 3  2   6644 10422920  16644 12795844    0    0 15896 58566 7783 7846  7  1 79 12  0
 1  4   6644 10354448  16724 12864400    0    0 11968 66434 7710 7826  6  1 84  9  0
21  2   6644 10246304  16848 12970944    0    0 18914 18654 9707 10359  9  1 78 12  0
 0  3   6644 10119452  16980 13096484    0    0 16560 34792 10266 11608  8  2 81  8  0
 0  2   6644 9997932  17100 13218236    0    0 14328 36946 10141 11660  7  2 82  8  0
 2  3   6644 9886612  17200 13327148    0    0 10148 60160 9544 11063  5  2 83  9  0
 1  3   6644 9797464  17288 13418476    0    0 12810 64228 8875 9524  7  2 83  9  0
 0  2   6644 9713376  17380 13503168    0    0 11640 59580 10025 11133  6  2 83  8  0
 1  2   6644 9622608  17468 13592624    0    0 12300 57406 10326 11417  7  2 79 13  0
procs -----------memory---------- ---swap-- -----io---- -system-- -----cpu------
 r  b   swpd   free   buff  cache   si   so    bi    bo   in   cs us sy id wa st
 1  2   6644 9536412  17548 13678588    0    0 14610 50270 8762 9430  7  2 82 10  0
 2  4   6644 9422984  17664 13792988    0    0 19348 44318 10879 11988  9  2 78 10  0
 2  5   6644 9274184  17808 13934068    0    0 25140 44336 12608 12657 12  2 73 13  0
 1  3   6644 9109140  18000 14098072    0    0 34586 28826 12035 12007 13  2 71 13  0
 4  3   6644 8945824  18164 14260432    0    0 29884 50182 12631 14042 12  3 77  8  0
 1  3   6644 8720268  18384 14469112    0    0 38676 39012 13526 15651 17  3 68 12  0
 2  5   6644 8517636  18604 14672632    0    0 39984 38838 11527 14706 17  3 63 18  0
 7  3   6644 8228832  18904 14959948    0    0 52926 14276 14414 18197 22  4 60 14  0
 1  4   6644 7910680  19188 15253772    0    0 44970 33908 15231 19502 21  4 65 10  0
 7  5   6644 7635648  19472 15530120    0    0 43572 35344 14791 17599 19  4 66 11  0
 4  4   6644 7347968  19740 15802108    0    0 50362 26580 12762 16296 23  3 65  9  0
 5  3   6644 7091396  20016 16057584    0    0 45358 35050 12351 16593 20  3 69  8  0
 0  2   6644 6841892  20236 16308508    0    0 41252 30070 12867 17040 17  3 71  9  0
 3  4   6644 6580880  20504 16551800    0    0 33066 37102 13019 16717 15  3 72 10  0
 1  4   6644 6307220  20764 16824592    0    0 41130 34132 11755 16836 18  3 70  9  0
 5  3   6644 6027864  21024 17102956    0    0 47432 28606 11878 16696 22  4 58 17  0
 3  4   6644 5761900  21280 17351168    0    0 45368 22894 12726 16228 19  3 62 16  0
 1  4   6644 5578116  21476 17536580    0    0 38440 36536 10053 12327 16  3 67 15  0
 2  4   6644 5324768  21724 17788768    0    0 45848 30532 13007 18564 20  3 63 14  0
 1  3   6644 5042420  21988 18057904    0    0 45232 20176 13447 20204 20  4 68  9  0
 1  2   6644 4855560  22160 18242876    0    0 34592 54538 10552 14031 15  2 69 14  0
procs -----------memory---------- ---swap-- -----io---- -system-- -----cpu------
 r  b   swpd   free   buff  cache   si   so    bi    bo   in   cs us sy id wa st
 1  3   6644 4683928  22340 18413676    0    0 24120 50868 10510 14273 10  2 74 13  0
 1  2   6644 4482700  22516 18597008    0    0 29062 45662 10211 14572 13  2 73 12  0
 1  2   6644 4363032  22672 18716092    0    0 29728 40392 8445 11729 12  3 71 14  0
 0  5   6644 4288176  22760 18792136    0    0 12836 61848 6555 7507  7  2 79 13  0
 1  2   6644 4216464  22832 18865056    0    0 15606 56748 4798 5093  7  1 70 21  0
 3  2   6644 4075236  22996 19006544    0    0 15126 77494 8734 11330  6  2 75 17  0
 2  2   6644 3944516  23140 19135564    0    0 11286 50012 8712 11367  6  2 75 17  0
 4  2   6644 3829344  23240 19253324    0    0  7172 42398 8718 11407  5  2 77 16  0
 1  3   6644 3737096  23320 19344320    0    0 10762 43696 6558 7686  6  1 78 15  0
 0  2   6644 3648080  23364 19386648    0    0  8968 42470 4090 4025  4  1 84 11  0
 1  2   6644 3578152  23444 19455104    0    0  7432 66622 5389 6773  4  1 86  9  0
 0  2   6644 3508580  23504 19524596    0    0  6408 69786 6118 7600  3  1 87  8  0
 1  2   6644 3431676  23580 19601976    0    0  6404 63116 7062 8383  4  2 86  8  0
 0  2   6644 3375744  23640 19656472    0    0  6662 72260 5012 5824  4  1 86  9  0
 0  2   6644 3337932  23688 19696092    0    0  7306 57890 3820 3821  3  1 86 10  0
 0  2   6644 3295680  23728 19737552    0    0  6148 72864 4332 4910  3  1 88  8  0
 0  2   6644 3267648  23764 19766216    0    0  5126 69396 3433 3616  3  1 88  9  0
 1  2   6644 3180096  23848 19852372    0    0  6666 66970 5808 7014  4  1 83 12  0
 1  2   6644 3107672  23924 19925516    0    0  6664 69268 5077 6487  4  1 86  9  0
 0  2   6644 3023848  24008 20009256    0    0  7430 69616 5461 6854  4  2 83 11  0
 0  2   6644 2958020  24056 20073740    0    0  8582 59550 5140 5230  4  1 81 13  0
procs -----------memory---------- ---swap-- -----io---- -system-- -----cpu------
 r  b   swpd   free   buff  cache   si   so    bi    bo   in   cs us sy id wa st
 0  2   6644 2896840  24128 20135312    0    0  3330 81184 4806 5950  3  1 88  8  0
 0  2   6644 2808884  24232 20223488    0    0  3974 78140 6123 7981  3  2 88  8  0
 0  2   6644 2713420  24324 20317700    0    0  4358 66228 6443 9048  3  2 83 12  0
 1  2   6644 2621180  24416 20410320    0    0  4868 71498 6361 8630  4  1 85  9  0
 0  2   6644 2556128  24484 20476008    0    0  6408 56168 4979 6675  4  1 85 11  0
 2  2   6644 2515116  24532 20517200    0    0  5380 73302 3710 4480  3  1 86 10  0
 4  2   6644 2463556  24584 20569304    0    0  7946 61136 4245 4884  4  1 87  8  0
 1  2   6644 2426084  24608 20602444    0    0  3842 67208 3658 4242  3  1 84 12  0
 1  2   6644 2388892  24644 20638792    0    0  3844 72854 4270 5132  3  1 88  9  0
 2  2   6644 2328520  24704 20698908    0    0  4612 77364 5580 6943  3  1 85 11  0
 2  3   6644 2260172  24776 20768532    0    0  2972 72150 6579 8552  8  2 81  9  0
 0  3   6644 2180904  24864 20847076    0    0  3826 62678 6423 8249  3  1 84 11  0
 0  2   6644 2088004  24980 20939164    0    0  7180 52936 6172 7813  4  1 84 11  0
 0  2   6644 1959400  25104 21069776    0    0  6794 70110 8687 11340  4  2 84 10  0
 1  2   6644 1862472  25204 21165992    0    0  6668 65058 7507 9874  4  2 86  8  0
 0  2   6644 1783096  25288 21243816    0    0  5380 67874 6071 7361  3  2 82 13  0
 0  2   6644 1741688  25332 21285620    0    0  3844 55430 4642 5344  3  1 80 16  0
 1  2   6644 1732784  25400 21294528    0    0  5640 61298 5307 6168  3  4 80 13  0
 0  3   6644 1687896  25440 21339700    0    0  5380 52360 5047 5878  3  1 87  9  0
 0  4   6644 1652680  25480 21374896    0    0  3996 59024 4139 5037  3  1 84 12  0
 1  2   6644 1594104  25580 21432980    0    0  5494 66016 5298 6436  3  1 85 11  0
procs -----------memory---------- ---swap-- -----io---- -system-- -----cpu------
 r  b   swpd   free   buff  cache   si   so    bi    bo   in   cs us sy id wa st
 1  2   6644 1509172  25668 21518592    0    0  4358 43748 6297 8657  3  2 79 15  0
 0  2   6644 1428464  25756 21599992    0    0  6406 44552 6108 7832  4  1 80 15  0
 0  3   6644 1336952  25848 21691700    0    0  3228 60596 7853 10043  3  2 87  8  0
 2  4   6644 1290708  25892 21737972    0    0  5488 44368 5086 6064  3  1 87  9  0
 0  2   6644 1232668  25940 21794260    0    0  6404 76474 6165 7569  3  1 85 10  0
 0  2   6644 1161384  26032 21866384    0    0  6408 56266 7893 10585  4  1 85 10  0
 0  2   6644 1088208  26108 21939572    0    0  5894 62908 7317 9597  3  1 86 10  0
 2  2   6644 1003904  26176 22022648    0    0  4868 74998 7392 10130  4  2 83 12  0
 1  3   6644 910672  26272 22116572    0    0  7432 64250 8235 11082  5  2 77 17  0
 1  2   6644 865800  26340 22149028    0    0  5636 71416 7117 9722  4  3 75 18  0
 2  2   6644 831212  26376 22182624    0    0  4612 59618 4599 5741  2  2 78 18  0
 0  3   6644 780496  26440 22233184    0    0  6302 98474 6103 7584  3  1 78 18  0
 0  2   6644 756416  26472 22258432    0    0  3950 77764 3612 4132  3  1 80 16  0
 3  2   6644 746008  26520 22271420    0    0  6412 31422 4130 4481  3  1 81 15  0
 1  0   6644 714280  26552 22304540    0    0  5638     0 3539 4215  3  1 95  1  0
 1  0   6644 684280  26588 22333884    0    0  5384     0 3188 3750  3  1 97  0  0
 1  0   6644 657248  26612 22359700    0    0  5514     0 2783 3161  3  1 96  0  0
 1  0   6644 619196  26652 22398932    0    0  5638     0 3933 4869  3  1 97  0  0
 0  1   6644 577936  26712 22441208    0    0  7822 68688 4918 5647  4  1 81 15  0
 2  0   6644 545928  26744 22471232    0    0  5382     0 3029 3402  3  1 95  1  0
 2  0   6644 519600  26768 22497940    0    0  4098     0 3699 4609  3  1 97  0  0
procs -----------memory---------- ---swap-- -----io---- -system-- -----cpu------
 r  b   swpd   free   buff  cache   si   so    bi    bo   in   cs us sy id wa st
 0  0   6644 482888  26808 22534428    0    0  4612     0 4566 5548  3  1 96  0  0
 0  0   6644 463808  26836 22553084    0    0  3588     0 2699 3225  2  0 97  0  0
 0  0   6644 437256  26868 22581100    0    0  4612     0 3149 3688  3  1 96  0  0
 1  0   6644 352044  26960 22664576    0    0  6666     0 5952 8238  4  1 95  0  0
 0  1   6644 239412  27072 22774580    0    0  5380 64962 7009 10177  4  2 88  7  0
 0  6   6644 161572  26844 22852304    0    0  4800 50250 7277 10771  4  2 82 12  0
 0  2   6644 165648  26860 22849636    0    0  3420 12848 8272 13817  4  2 85  9  0
 1  0   6644 163572  26956 22853908    0    0  8454  7894 7007 9951  5  2 86  7  0
 1  0   6644 169284  27064 22848032    0    0  9740     0 6941 10093  5  2 93  0  0
 0  0   6644 165440  27148 22846500    0    0  6150 11040 5856 8654  5  1 94  0  0
 0  0   6644 166200  27208 22846112    0    0  7178     0 4243 5696  4  1 95  0  0
 0  0   6644 166076  27256 22845680    0    0  5254     0 4430 6147  3  1 96  0  0
 1  2   6644 165440  27384 22842232    0    0  5260 101258 7920 11013  4  2 83 11  0
 0  1   6644 161364  27472 22846972    0    0  5128 78466 5925 8050  3  1 87  9  0
 0  2   6644 167696  27544 22841304    0    0  4356 71148 5688 7515  3  1 83 13  0
 0  0   6644 168572  27632 22842292    0    0  4100 23970 5762 8091  3  2 81 14  0
 1  0   6644 171920  27708 22839836    0    0  9994     0 4938 6712  5  1 94  0  0
 2  0   6644 161620  27868 22850524    0    0 30628     0 6361 8738 12  2 86  0  0
 1  0   6644 162108  28008 22849520    0    0 31902 10826 7045 9592 13  2 85  1  0
 1  1   6644 170052  28140 22832056    0    0 27426 56800 6365 8999 11  2 78 10  0
 5  4   6644 165168  28344 22834728    0    0 34684 75256 11009 13532 10  2 75 13  0
procs -----------memory---------- ---swap-- -----io---- -system-- -----cpu------
 r  b   swpd   free   buff  cache   si   so    bi    bo   in   cs us sy id wa st
 1  2   6644 161448  28496 22837668    0    0 28678 45838 7057 10300 12  2 78  7  0
 3  1   6644 169848  28724 22830476    0    0 33822 38002 10142 14972 15  3 73 10  0
 1  2   6644 166020  28900 22809888    0    0 25114 42790 9358 13675 11  3 76 10  0
 0  4   6644 167020  29052 22812124    0    0 13120 33586 9637 13533  8  3 81  8  0
 2  0   6644 167260  29248 22813652    0    0 27896     0 9536 14192 11  2 83  3  0
 1  2   6644 165804  29360 22810612    0    0 20758 71142 6543 9121  8  2 82  7  0
 4  2   6644 170764  29460 22805036    0    0 22034 61742 5356 7911  8  1 81 10  0
 1  2   6644 171484  29576 22791728    0    0 10510 72642 7220 10142  6  2 81 10  0
 2  1   6644 168856  29672 22796716    0    0  4876 80884 5570 7587  3  2 87  8  0
 4  1   6644 165664  29724 22798512    0    0  3330 68504 4366 5506  2  1 88  8  0
 2  0   6644 175444  29836 22792504    0    0  4866 25920 6690 9340  4  2 87  7  0
 2  0   6644 162580  29892 22805528    0    0  3332     0 4298 5706  3  1 96  0  0
 2  2   6644 165308  30104 22801608    0    0 29744 44014 9066 10486 12  2 83  4  0
 2  2   6644 164664  30220 22802072    0    0 28570 42968 8759 9125 11  2 76 11  0
 4  2   6644 161712  30404 22804152    0    0 32698 31710 11071 11421 14  3 74  9  0
 1  1   6644 166392  30568 22779836    0    0 35722 38596 8440 11279 15  2 72 11  0
 1  3   6644 169764  30700 22773664    0    0 21148 56194 7355 8392  9  1 79 10  0
 1  2   6644 163788  30812 22781824    0    0 23836 40352 7428 8971 10  2 79  9  0
 1  0   6644 170888  30932 22775108    0    0 20756   490 6475 8569  9  2 86  4  0
 2  1   6644 168144  31044 22780196    0    0 19858   922 6932 9088  9  1 87  2  0
 0  4   6644 165176  31172 22751504    0    0 17068 44234 6522 8091  9  2 76 13  0
procs -----------memory---------- ---swap-- -----io---- -system-- -----cpu------
 r  b   swpd   free   buff  cache   si   so    bi    bo   in   cs us sy id wa st
 2  4   6644 169260  31280 22745668    0    0 16530 67826 7260 9014  7  1 75 17  0
 2  3   6644 167896  31416 22747612    0    0 22018 57086 7290 8853  9  2 77 12  0
 4  2   6644 163440  31544 22753352    0    0 22426 60676 8248 9254  9  2 80  9  0
 2  3   6644 169104  31756 22746816    0    0 26654 45602 10797 13140 12  3 75 10  0
 1  3   6644 169972  31900 22729732    0    0 29106 42056 8259 10037 13  2 78  7  0
 0  3   6644 170320  32092 22729416    0    0 29964 50460 11354 13453 13  3 71 13  0
 2  1   6644 163012  32224 22733672    0    0 14394 55802 8318 9581  7  2 76 15  0
 2  1   6644 162664  32368 22737028    0    0 17942 59328 11591 12927  9  2 77 12  0
 9  6   6644 164880  32588 22733988    0    0 33472 37784 12679 13435 17  3 67 13  0
13  2   6644 165252  32868 22662512    0    0 42770 26386 15265 21711 24  5 53 18  0
 6  4   6644 166856  33216 22717132    0    0 33584 38746 10264 15789 19  3 67 10  0
 2  2   6644 163268  33800 22719624    0    0 26458 23762 8200 12698 11  2 74 13  0
 5  2   6644 167112  34300 22715732    0    0 17976 33098 9637 14574  9  2 77 12  0
 4  3   6644 170732  34812 22698072    0    0 15074 26110 6440 7869  8  2 77 13  0
 2  1   6644 168780  35236 22700708    0    0 16820 20490 6078 6654  7  2 77 14  0
 2  3   6644 164176  35396 22702464    0    0 21446 55094 5802 7163  9  1 74 16  0
 1  4   6644 170476  35604 22693268    0    0 30148 27134 6322 8238 12  2 75 11  0
 2  3   6644 163780  35844 22697816    0    0 27664 17490 5976 8220 11  2 70 17  0
 1  4   6644 161580  36016 22690932    0    0 26506 50060 6820 9253 11  2 72 15  0
 1  3   6644 163532  36188 22688796    0    0 31098 36832 7510 10525 12  2 73 13  0
 0  6   6644 171784  36400 22681556    0    0 37184 33008 8768 11932 17  2 69 12  0
procs -----------memory---------- ---swap-- -----io---- -system-- -----cpu------
 r  b   swpd   free   buff  cache   si   so    bi    bo   in   cs us sy id wa st
 0  7   6644 164996  36520 22688456    0    0 13084 46026 7531 9281  7  2 66 25  0
 5  3   6644 170088  36624 22681912    0    0 18426 32790 6237 8416  7  1 77 14  0
 2  2   6644 170832  36800 22668484    0    0 31282 22608 7023 9330 13  2 77  8  0
 3  2   6644 167624  36948 22669244    0    0 33572 40394 7843 9866 14  2 73 10  0
 6  3   6644 164012  37088 22672388    0    0 26010 43832 6734 8745 11  2 75 12  0
 3  4   6644 164532  37268 22674664    0    0 35676 38610 7704 9870 15  2 73 10  0
 6  3   6644 166516  37416 22657880    0    0 32134 38056 7567 10074 14  2 72 12  0
 6  2   6644 162656  37656 22662468    0    0 43292 18696 10747 13646 19  4 65 11  0
 5  3   6644 163748  37908 22647776    0    0 49586 48760 12549 13791 22  4 59 15  0
 4  4   6644 165964  38136 22645636    0    0 38856 31708 12160 15185 16  3 69 12  0
 1  2   6644 163096  38360 22646500    0    0 35976 39400 11105 14888 15  2 72 11  0
 1  2   6644 162228  38500 22647528    0    0 13966 60914 11069 13971  8  2 80  9  0
 3  2   6644 165360  38600 22643332    0    0 13840 70970 8019 9337  7  2 82 10  0
 1  2   6644 167948  38688 22630924    0    0 14736 61350 7314 8208  7  2 82  9  0
 1  3   6644 168304  38780 22629988    0    0  9512 52964 6285 7492  5  2 83 10  0
 4  2   6644 170644  38900 22627776    0    0 10866 74216 11550 15106  6  2 79 13  0
 2  2   6644 170628  38992 22627260    0    0  8714 70938 9521 12264  5  2 80 12  0
 5  2   6644 171356  39080 22624432    0    0  8968 59554 13808 18709  6  3 84  8  0
 1  1   6644 161452  39228 22634824    0    0 11784 57650 15265 20429  8  3 78 11  0
 6  2   6644 168800  39372 22626644    0    0 12968 55650 12141 15590  8  3 75 14  0
 1  1   6644 168940  39476 22627896    0    0  9070 74066 10688 13616  5  2 83 11  0
procs -----------memory---------- ---swap-- -----io---- -system-- -----cpu------
 r  b   swpd   free   buff  cache   si   so    bi    bo   in   cs us sy id wa st
 3  3   6644 170436  39556 22625872    0    0  8868 79272 6193 7011  5  1 79 15  0
 0  3   6644 169452  39608 22628032    0    0  5380 69012 7361 9208  4  1 86  9  0
 1  4   6644 167824  39748 22627740    0    0 15900 51134 8069 9911  8  2 79 11  0
 0  2   6644 162328  39936 22626420    0    0 27142 51628 10287 12628 13  3 75  9  0
 3  2   6644 167188  40064 22620952    0    0 22038 45224 10376 15037 10  3 79  9  0
 1  2   6644 164708  40208 22623992    0    0 18960 58378 10789 14816  9  3 76 12  0
 1  2   6644 169048  40340 22618516    0    0 15886 55462 8442 11792  8  2 80 10  0
 1  2   6644 162640  40464 22626012    0    0 22576 55794 7406 8632  9  3 75 13  0
 1  4   6644 166120  40572 22622004    0    0 13714 66074 6323 8290  6  2 80 12  0
 1  2   6644 170800  40704 22600412    0    0 29444 43060 7373 10003 12  2 76 10  0
 2  3   6644 172196  40840 22598372    0    0 26264 51368 7403 10347 11  2 78  9  0
 3  2   6644 169816  40976 22602048    0    0 23710 51204 6309 8917  9  2 81  8  0
 1  3   6644 162160  41144 22607904    0    0 28998 46544 6398 8343 11  1 77 11  0
 2  5   6644 162740  41244 22606916    0    0 15886 30050 6458 8045  7  1 83  8  0
 0  3   6644 161408  41320 22597016    0    0 15990 42100 4759 6065  7  1 84  8  0
 1  3   6644 162384  41468 22597244    0    0 32164  5946 6510 9639 13  2 71 14  0
 2  3   6644 165392  41628 22594360    0    0 30244  9462 6434 8927 13  2 67 18  0
 3  3   6644 170716  41788 22586948    0    0 31678 31786 5976 7622 13  1 66 20  0
 1  2   6644 164764  41964 22571976    0    0 40206 32120 8078 11480 17  2 65 16  0
 3  4   6644 167888  42080 22568880    0    0 22934 48058 7307 8697 10  2 78 11  0
 2  3   6644 164384  42228 22572864    0    0 30370 50156 7560 7896 12  2 69 17  0
procs -----------memory---------- ---swap-- -----io---- -system-- -----cpu------
 r  b   swpd   free   buff  cache   si   so    bi    bo   in   cs us sy id wa st
 1  2   6644 171196  42348 22565340    0    0 17940 40362 7244 8534  8  2 73 18  0
 3  3   6644 168716  42516 22548672    0    0 27446 32424 9565 12326 13  2 69 16  0
 1  8   6644 168344  42668 22548500    0    0 21220 49580 8170 10143 10  2 79  9  0
 3  2   6644 162492  42820 22556780    0    0 33596 48546 9226 11111 13  2 71 13  0
 1  3   6644 169080  42952 22549616    0    0 26548 49002 7633 10144 12  2 75 11  0
 1  3   6644 161600  43088 22557036    0    0 26528 37384 7882 9397 11  2 75 12  0
 2  3   6644 163136  43260 22541888    0    0 30726 44316 8085 9545 13  2 72 13  0
 1  3   6644 162516  43432 22541796    0    0 31006 42130 7615 11101 13  2 70 15  0
 4  3   6644 164988  43616 22536760    0    0 31528 38942 6980 9699 13  2 77  9  0
 5  2   6644 164244  43852 22517556    0    0 43692 29058 9745 13869 19  3 66 12  0
 0  3   6644 161516  44040 22519804    0    0 33082 44200 8904 11929 15  3 74  8  0
 0  5   6644 165608  44172 22515048    0    0 20398 61984 7344 8325 10  2 80  9  0
 3  3   6644 167832  44340 22514684    0    0 35832 48332 8966 9203 14  2 72 11  0
 2  2   6644 165988  44564 22501896    0    0 49228 22776 10161 12166 20  4 61 15  0
 2  1   6644 163664  44728 22505644    0    0 38414 33342 7840 10040 16  2 68 14  0
 3  1   6644 171444  44912 22499032    0    0 36136 43294 8991 12522 14  2 76  9  0
 1  3   6644 166972  45036 22485196    0    0 20502 56376 7940 9817  9  2 79  9  0
 2  3   6644 172056  45224 22478628    0    0 28574 43458 9472 11958 12  3 76  9  0
 0  4   6644 165848  45392 22484700    0    0 21400 57484 9338 12727  9  2 79 10  0
 0  2   6644 166096  45500 22483364    0    0 11662 71012 9867 12858  6  2 80 11  0
 1  2   6644 162268  45592 22488376    0    0  6150 69552 8094 11276  4  2 85  8  0
procs -----------memory---------- ---swap-- -----io---- -system-- -----cpu------
 r  b   swpd   free   buff  cache   si   so    bi    bo   in   cs us sy id wa st
 1  3   6644 162284  45688 22487512    0    0  8970 64468 8735 11235  5  2 84  9  0
 2  2   6644 167964  45868 22481304    0    0 17552 61828 12110 17096  9  3 78 10  0
 0  1   6644 164336  46016 22473072    0    0 16276 41044 9603 13254  9  4 80  8  0
 2  1   6644 167560  46224 22471000    0    0 23194 58252 11127 17652 10  3 72 15  0
 1  4   6644 167112  46400 22470596    0    0 27444 53730 11510 17564 12  2 75 11  0
 1  2   6644 165276  46564 22472216    0    0 27526 50128 10483 12972 11  2 74 12  0
 0  2   6644 167864  46700 22469004    0    0 16788 61432 11047 14684  8  2 80 10  0
 0  3   6644 168840  46824 22468744    0    0  5508 66832 13535 18395  6  3 84  8  0
 4  3   6644 171172  46976 22465088    0    0  5282 45870 13882 19273  5  2 84  9  0
 4  4   6644 166592  47156 22455220    0    0 14712 35404 13429 19289  8  3 81  8  0
 2  2   6644 170684  47468 22449188    0    0 34608 17466 14767 24091 25  5 58 13  0
 1  2   6644 166128  47696 22453100    0    0 35620 21528 12678 17786 15  3 72 10  0
 1  3   6644 165400  47888 22455404    0    0 30238 29710 11472 15410 14  4 72 11  0
 2  3   6644 166756  48096 22425952    0    0 31206 51882 11450 16079 14  3 68 16  0
 3  3   6644 162152  48356 22431476    0    0 45620 36616 10219 15419 19  3 69  9  0
 3  5   6644 166872  48572 22423524    0    0 42566 33804 9309 12096 19  3 68 10  0
 2  3   6644 163624  48784 22417548    0    0 50456 17816 9246 11990 22  3 65 10  0
 6  3   6644 170088  48968 22410176    0    0 38740 38166 8658 10592 16  2 71 11  0
 3  4   6644 168476  49140 22411600    0    0 27040 49104 8487 9627 12  2 75 11  0
 1  3   6644 169468  49300 22396960    0    0 28164 47944 8871 9385 12  2 76 10  0
 2  3   6644 170708  49412 22398152    0    0 16786 57540 8822 10266  8  2 78 12  0
procs -----------memory---------- ---swap-- -----io---- -system-- -----cpu------
 r  b   swpd   free   buff  cache   si   so    bi    bo   in   cs us sy id wa st
 3  2   6644 163268  49544 22405744    0    0 22808 70040 10022 10983 10  2 78 11  0
 0  4   6644 167616  49640 22399172    0    0 12070 60574 7778 9373  6  2 79 13  0
 1  3   6644 165392  49760 22402788    0    0 15478 59166 9496 11281  7  2 78 13  0
 0  2   6644 170616  49864 22397060    0    0 22806 67532 8099 7620 10  2 78 10  0
 3  2   6644 161928  49944 22392324    0    0 14988 64418 5739 6236  7  1 80 12  0
 1  2   6644 170980  50068 22384012    0    0 17940 46592 7059 7565  9  1 78 12  0
 4  0   6644 183208  50220 22372296    0    0 22554 34670 6735 9938 10  2 78 10  0
 1  2   6644 170560  50388 22381352    0    0 27938 63698 7733 11172 12  3 71 14  0
 1  4   6644 161880  50580 22393272    0    0 28348 50740 8464 11922 12  3 69 16  0
 3  6   6644 168452  50776 22368500    0    0 36874 34428 10117 11762 16  3 65 16  0
 4  4   6644 161648  50992 22374304    0    0 52818 33162 12484 12656 23  3 60 13  0
 3  5   6644 165492  51272 22348736    0    0 47158 12712 12569 11700 21  3 59 17  0
 3  4   6644 168560  51592 22346812    0    0 69936 12774 14229 16567 32  4 52 12  0
 6  2   6644 166188  51884 22326768    0    0 65988  7448 13435 15361 29  4 58  9  0
 3  2   6644 161972  52120 22330252    0    0 45614 18452 10740 16254 18  3 66 13  0
 4  4   6644 169660  52296 22322820    0    0 21676 39714 11224 14791 10  2 75 13  0
 3  4   6644 164444  52504 22330404    0    0 23864 23208 11560 14481 11  2 72 15  0
 0  2   6644 166676  52680 22315460    0    0 28008 41594 13113 15496 14  3 71 13  0
 2  6   6644 164312  52872 22317708    0    0 31836 37132 10030 13073 13  2 74 11  0
 5  2   6644 163436  53180 22317696    0    0 61074 18694 13122 17320 27  4 58 11  0
 3  3   6644 164676  53444 22304096    0    0 53562 20570 11754 18577 26  4 55 15  0
procs -----------memory---------- ---swap-- -----io---- -system-- -----cpu------
 r  b   swpd   free   buff  cache   si   so    bi    bo   in   cs us sy id wa st
 6  5   6644 166436  53700 22300612    0    0 54246 18192 10176 16297 24  4 57 15  0
 5  5   6644 164948  54000 22289328    0    0 67244 12828 12802 17590 31  5 52 12  0
 3  4   6644 167800  54252 22286896    0    0 53046 21158 11471 16623 24  4 62 10  0
 1  2   6644 162484  54452 22284704    0    0 45460 33934 11886 14844 20  3 66 11  0
 6  3   6644 168188  54676 22278844    0    0 41012 33250 11176 15831 18  3 69 10  0
 4  5   6644 163864  54924 22270004    0    0 51402 26104 12155 18695 24  4 62 10  0
 4  4   6644 164948  55148 22267272    0    0 45460 32712 10815 16000 20  3 68  9  0
 2  3   6644 164072  55412 22267540    0    0 50132 24798 9911 14318 20  3 69  8  0
 1  3   6644 169372  55568 22250836    0    0 32908 39128 8880 11255 14  2 67 16  0
 3  2   6644 162112  55752 22258408    0    0 48562 35222 10306 14042 21  4 62 12  0
 7  3   6644 168312  55876 22251496    0    0 38568 44714 7505 10353 16  3 68 13  0
 3  2   6644 162856  55956 22246852    0    0 29368 31858 8334 10678 13  2 60 25  0
 5  3   6644 162740  56124 22244392    0    0 41384 39076 7574 10866 17  2 66 15  0
 2  4   6644 168932  56204 22240184    0    0 16634 57334 6092 7934  7  1 77 15  0
 1  3   6644 164236  56328 22244028    0    0 23700 51844 7358 10647 10  2 73 15  0
 2  2   6644 171040  56376 22221340    0    0 25318 52486 10597 14409 11  3 71 16  0
 0  4   6644 170172  56348 22222416    0    0 14610 56486 10204 13599  7  2 75 16  0
 3  3   6644 167460  56356 22225124    0    0 17174 57760 9889 14655  8  2 72 18  0
 3  5   6644 168264  56200 22224392    0    0 37476 47208 12014 14997 17  3 64 15  0
 2  3   6644 167892  56356 22210852    0    0 52896 12240 14677 20421 25  4 54 17  0
 3  3   6644 168884  56592 22209156    0    0 41766 43472 14072 20986 19  4 66 12  0
procs -----------memory---------- ---swap-- -----io---- -system-- -----cpu------
 r  b   swpd   free   buff  cache   si   so    bi    bo   in   cs us sy id wa st
 5  2   6644 168016  56824 22208820    0    0 45206 19934 11578 16231 19  3 67 11  0
 3  5   6644 166048  57072 22187500    0    0 45896 35220 15968 20377 22  5 65  9  0
 3  3   6644 165180  57296 22188460    0    0 37928 39006 13017 18122 17  3 69 10  0
 3  4   6644 167040  57468 22186908    0    0 30884 52678 9050 10910 13  2 75  9  0
 5  4   6644 162296  57668 22179104    0    0 26370 47172 11795 15440 13  2 72 13  0
 2  5   6644 171100  57868 22170828    0    0 31932 41382 12526 15126 15  3 72 10  0
 1  3   6644 167024  58108 22173432    0    0 43314 33102 11561 15538 19  3 69  9  0
 3  3   6644 167412  58316 22174364    0    0 37132 39436 13792 17428 17  3 70  9  0
 2  3   6644 165436  58476 22163412    0    0 32188 46924 8604 9633 14  2 72 12  0
 1  2   6644 166560  58680 22163888    0    0 43150 25734 9344 12312 18  3 70 10  0
 1  2   6644 161848  58812 22165612    0    0 24858 51722 9021 11509 11  2 75 12  0
 2  2   6644 164344  58976 22144584    0    0 32676 41868 8765 9689 15  2 74  9  0
 2  2   6644 162732  59076 22146368    0    0 22294 51464 6028 6930  9  1 80  9  0
 2  5   6644 169056  59228 22139408    0    0 29884 55408 8201 9403 12  2 73 13  0
 1  3   6644 169784  59348 22138248    0    0 21374 62378 8037 9002  9  1 79 10  0
 6  2   6644 169552  59484 22139228    0    0 17304 55452 7462 9674  8  2 77 13  0
 0  4   6644 170436  59716 22127932    0    0 44108 27974 10250 12575 19  3 63 15  0
 1  3   6644 168708  59896 22129952    0    0 31008 53486 7549 10386 12  2 73 12  0
 1  4   6644 163896  60096 22134520    0    0 44582 27706 10106 11336 19  3 68 10  0
 1  3   6644 166376  60224 22105196    0    0 32520 39070 7868 8480 13  2 76  9  0
 0  2   6644 164376  60368 22106108    0    0 28576 68266 6992 8114 11  2 79  8  0
procs -----------memory---------- ---swap-- -----io---- -system-- -----cpu------
 r  b   swpd   free   buff  cache   si   so    bi    bo   in   cs us sy id wa st
 1  3   6644 164516  60440 22104820    0    0 12078 57958 4148 4852  5  1 85  9  0
 2  2   6644 161540  60536 22109096    0    0 20478 63806 4808 6106  9  1 79 11  0
 2  2   6644 169228  60604 22102528    0    0 19730 50758 5016 5042  8  1 81 10  0
 0  3   6644 169212  60680 22102752    0    0 15312 69586 4443 5830  7  1 78 13  0
 1  6   6644 167972  60844 22095876    0    0 24398 49652 8373 11180 10  2 69 18  0
 1  3   6644 176032  60992 22088824    0    0 27242  6044 9729 12827 10  5 71 13  0
 3  3   6644 166716  61120 22097960    0    0 19474 38156 9121 12368  9  2 73 16  0
 1  3   6644 167816  61336 22096108    0    0 26014 60748 11566 15967 11  3 74 11  0
 0  3   6644 165344  61448 22096776    0    0 16298 45292 8642 10930  7  2 80 11  0
 0  2   6644 161632  61520 22074988    0    0 14198 64248 9580 9048  7  2 77 15  0
 1  2   6644 287508  61576 21951956    0    0  7176 37992 6381 7309  9  1 75 15  0
 0  3   6644 221464  61640 22018600    0    0 11404 40180 5338 5655  5  1 76 17  0
 0  4   6644 168484  61720 22072584    0    0 16912 34242 4406 4733  7  1 76 17  0
 3  4   6644 166748  61820 22074212    0    0 19760 33468 4780 5438  7  1 74 17  0
 1  3   6644 169204  61908 22071756    0    0 10608 41982 5307 6903  5  1 77 17  0
 1  3   6644 163012  62012 22075992    0    0 14350 79502 6513 8474  7  2 71 21  0
 2  3   6644 161540  62112 22077424    0    0  9764 54212 6854 9039  5  2 74 19  0
 0  2   6644 169104  62188 22069016    0    0  8048 60164 4726 6412  4  1 78 17  0
 2  2   6644 161424  62240 22077576    0    0 14604 61644 4395 5416  6  1 77 16  0
 0  2   6644 161912  62304 22070744    0    0  7300 58742 5114 6184  5  1 79 15  0
 2  2   6644 166608  62452 22067508    0    0 17048 69436 8822 11690  9  2 80  9  0
procs -----------memory---------- ---swap-- -----io---- -system-- -----cpu------
 r  b   swpd   free   buff  cache   si   so    bi    bo   in   cs us sy id wa st
 2  3   6644 167872  62520 22065304    0    0  2206 68470 6770 8758  3  1 84 12  0
 0  2   6644 169336  62644 22063956    0    0 11636 48650 7498 10336  5  2 82 11  0
 2  3   6644 163284  62732 22071892    0    0 11918 57482 7233 9331  5  2 84  9  0
 1  2   6644 168128  62808 22065624    0    0 16532 50456 6256 7319  7  1 79 13  0
 1  2   6644 169344  62868 22062248    0    0 12042 66580 4749 5815  5  1 82 11  0
 1  2   6644 162044  62952 22071220    0    0 19218 55806 5192 6086  8  1 82 10  0
 2  3   6644 161788  63020 22071516    0    0 13968 50190 4696 5505  6  1 80 13  0
 1  3   6644 162384  63100 22066848    0    0 18730 55738 4628 6178  8  1 82  9  0
 4  3   6644 165748  63228 22064300    0    0 22530 46932 6479 7558  9  1 73 16  0
 0  4   6644 162276  63300 22065928    0    0 19220 50796 5199 5183  8  1 79 12  0
 1  2   6644 168484  63372 22060100    0    0 12430 55318 5341 5582  5  1 84 10  0
 0  2   6644 167988  63412 22062456    0    0  5380 70020 4590 5357  3  1 87  9  0
 0  3   6644 164632  63536 22064440    0    0 14674 54424 6357 8414  6  1 81 11  0
 1  3   6644 169188  63624 22059684    0    0  8100 58054 7377 10012  4  2 84  9  0
 2  3   6644 166824  63732 22059812    0    0 14964 60532 10297 13037  7  2 76 14  0
 1  2   6644 161748  63820 22061288    0    0 11148 62978 7879 10151  6  2 73 19  0
 0  2   6644 167964  63928 22054928    0    0 10512 64210 7933 10126  5  2 81 12  0
 3  3   6644 163972  64028 22059520    0    0 16654 52916 9231 11853  8  2 82  8  0
 1  4   6644 165568  64180 22056072    0    0 22448 47814 11868 16444 10  3 73 14  0
 4  2   6644 168180  64392 22055036    0    0 38680 31894 9875 13707 17  2 68 13  0
 4  3   6644 167352  64556 22039700    0    0 31928 49156 8195 11429 14  2 71 12  0
procs -----------memory---------- ---swap-- -----io---- -system-- -----cpu------
 r  b   swpd   free   buff  cache   si   so    bi    bo   in   cs us sy id wa st
 2  5   6644 163664  64724 22042460    0    0 40336 25234 6942 10191 16  2 74  8  0
 7  2   6644 165028  64916 22042164    0    0 47792 28678 7379 10243 19  2 69 10  0
 0  2   6644 187464  65036 21998520    0    0 26012 54544 5834 6995 13  2 73 12  0
 2  3   6644 161548  65196 22024572    0    0 29114 53796 7997 9110 12  2 75 11  0
 2  4   6644 166144  65356 22024496    0    0 35648 29390 10116 12949 15  2 70 13  0
 4  2   6644 170344  65504 22018316    0    0 30190 46508 7158 9209 12  2 75 11  0
 2  3   6644 169740  65644 22006756    0    0 27928 54352 7589 10422 13  2 76  9  0
 2  3   6644 165484  65900 22009712    0    0 37080 13354 10061 13813 17  3 68 13  0
 3  4   6644 163128  66152 22010780    0    0 36516 38834 10170 14611 17  8 61 13  0
 2  2   6644 162508  66360 22012432    0    0 35492 30554 8690 10953 16  3 70 11  0
 5  5   6644 170924  66496 21992960    0    0 23860 33490 6615 8612 11  2 66 21  0
 4  4   6644 165228  66608 22000672    0    0 14092 70516 6790 9039  7  2 81 10  0
 2  3   6644 170940  66776 21994148    0    0 28544 43236 8817 10552 12  2 76 10  0
 2  5   6644 167840  66928 21996980    0    0 26008 40110 7098 8999 12  2 75 11  0
 0  4   6644 166484  67084 21997732    0    0 16540 29084 8698 11635  8  2 78 12  0
 1  2   6644 165476  67196 21984012    0    0 13330 51554 6998 8955  7  2 81 10  0
 2  2   6644 169816  67244 21978256    0    0  4608 52426 5563 7259  3  1 87  8  0
 0  3   6644 169096  67316 21980136    0    0  3740 43634 6717 9414  3  1 87  8  0
 3  4   6644 163912  67452 21986668    0    0 21660 40574 7277 8586 10  2 75 14  0
 1  3   6644 165872  67648 21983004    0    0 46102 18054 9600 11304 20  3 65 13  0
 2  3   6644 166980  67856 21968024    0    0 44212 24484 8870 10433 20  2 66 12  0
procs -----------memory---------- ---swap-- -----io---- -system-- -----cpu------
 r  b   swpd   free   buff  cache   si   so    bi    bo   in   cs us sy id wa st
 2  3   6644 162144  68024 21972708    0    0 39462 39972 8297 9716 17  3 72  8  0
 4  3   6644 161664  68168 21971424    0    0 29628 41554 8120 9597 13  2 73 12  0
 1  5   6644 162284  68348 21970284    0    0 36028 26164 8755 9982 16  2 72 10  0
 4  4   6644 161540  68468 21954972    0    0 27016 38178 6349 7003 12  2 75 11  0
 6  3   6644 164732  68640 21951948    0    0 30514 39714 8080 9369 13  2 73 11  0
 6  2   6644 167196  68784 21947980    0    0 20858 57760 7346 8825  9  2 79 10  0
 3  3   6644 169676  68948 21947800    0    0 23064 51056 7995 10504 10  2 72 15  0
 1  3   6644 161756  69052 21954296    0    0 13968 68826 7207 8617  8  2 80 11  0
 3  3   6644 167212  69216 21943024    0    0 21016 50014 7605 10489 10  2 77 10  0
 4  4   6644 162616  69388 21944848    0    0 29342 45632 8905 11839 12  2 71 14  0
 1  2   6644 167104  69540 21940732    0    0 21012 50372 7358 10157  9  2 79 10  0
 0  2   6644 169096  69648 21939908    0    0 16400 56498 6989 8774  7  2 80 11  0
 2  3   6644 164168  69700 21945256    0    0  5386 67182 4256 5312  3  1 82 14  0
 5  2   6644 165344  69864 21944560    0    0 29466 40948 8472 9476 12  2 73 13  0
 1  3   6644 168592  69972 21923812    0    0 27728 40546 6331 6660 11  2 77 10  0
 0  2   6644 168912  70068 21925492    0    0 24982 46116 7565 8086 11  2 70 16  0
 7  2   6644 162348  70224 21929760    0    0 30752 48030 6823 7535 13  2 73 13  0
 0  2   6644 169788  70384 21922452    0    0 39212 23050 8662 9391 17  2 71  9  0
 0  4   6644 170376  70524 21905020    0    0 27926 44744 10544 9909 14  2 71 12  0
 4  3   6644 167524  70716 21911036    0    0 28528 44358 10445 11548 12  2 75 11  0
 4  4   6644 169252  70884 21907940    0    0 36798 39552 9565 11557 17  3 68 12  0
procs -----------memory---------- ---swap-- -----io---- -system-- -----cpu------
 r  b   swpd   free   buff  cache   si   so    bi    bo   in   cs us sy id wa st
 1  2   6644 167500  71020 21909856    0    0 25480 44748 8288 9344 11  2 74 13  0
 0  2   6644 163276  71184 21906032    0    0 28192 36254 8750 11745 12  2 73 13  0
 1  2   6644 170980  71284 21896876    0    0 17680 55598 7290 9590  8  2 80 10  0
 1  2   6644 164780  71376 21902940    0    0 17164 53534 6142 7196  8  2 80 10  0
 4  1   6644 166028  71532 21900904    0    0 26658 45160 8253 9819 11  5 71 13  0
 0  4   6644 164912  71624 21902604    0    0 13834 63412 6219 7628  7  2 82 10  0
 2  2   6644 169608  71740 21898664    0    0 13200 50210 6671 8842  6  2 75 17  0
 1  2   6644 170460  71876 21885884    0    0 16536 56802 8124 10216  8  2 75 14  0
 2  3   6644 164384  72040 21891700    0    0 22064 39704 8305 12161 10  2 75 13  0
 1  3   6644 164508  72180 21891780    0    0 18940 34640 9025 13107  9  2 77 11  0
 2  2   6644 164508  72276 21890524    0    0 16400 42008 6767 9085  8  2 79 11  0
 1  4   6644 177460  72428 21878652    0    0 20558 28768 9268 11816 16  3 66 15  0
 2  4   6644 162904  72608 21894700    0    0 26632 35882 10438 14063 11  3 74 12  0
 3  6   6644 169964  72768 21876692    0    0 37824 28502 8958 12542 17  2 71  9  0
 1  2   6644 161740  72952 21881684    0    0 24428 44250 8281 12053 10  2 72 15  0
 2  2   6644 163196  73132 21882028    0    0 26394 46438 9775 15086 11  2 77  9  0
 3  2   6644 165196  73328 21877296    0    0 23704 54864 9785 14858 11  3 73 13  0
 0  2   6644 169636  73488 21864380    0    0 18580 55098 10777 15358 10  3 77 11  0
 2  2   6644 162056  73632 21870492    0    0 18964 46196 9511 11947  8  2 80 10  0
 1  2   6644 161228  73748 21871572    0    0 12556 53656 9004 11283  6  2 82 10  0
 1  2   6644 162988  73796 21869380    0    0  7432 65670 5348 6682  4  1 85  9  0
procs -----------memory---------- ---swap-- -----io---- -system-- -----cpu------
 r  b   swpd   free   buff  cache   si   so    bi    bo   in   cs us sy id wa st
 1  2   6644 169576  73872 21863188    0    0 15376 56924 6480 7304  7  2 83  9  0
 1  2   6644 169064  73928 21862448    0    0  8068 56774 7026 8625  5  1 84 11  0
 1  2   6644 164924  74120 21867184    0    0 27298 38260 10853 14271 11  2 76 11  0
 2  4   6644 162948  74356 21846820    0    0 39980 35082 11320 16212 17  3 71  9  0
 3  3   6644 167636  74572 21843856    0    0 36902 35458 10707 15769 16  4 70 11  0
 1  2   6644 166528  74732 21843136    0    0 25240 64206 8563 13110 11  2 76 11  0
 0  2   6644 163808  74912 21847056    0    0 25242 45438 10434 13295 11  2 73 13  0
 2  2   6644 169148  75052 21828964    0    0 17682 49652 11499 13005 10  3 78  8  0
 2  5   6644 163940  75340 21831856    0    0 47934 19002 12796 15845 22  3 63 11  0
 3  5   6644 162404  75572 21834144    0    0 35904 38418 12039 16823 16  4 70 11  0
 6  2   6644 162536  75884 21821888    0    0 39186 24666 17205 25136 20  4 62 14  0
 1  3   6644 162048  76160 21821280    0    0 42024 37718 15526 22224 20  4 56 20  0
 0  3   6644 170792  76364 21813896    0    0 32196 38202 11682 14646 14  3 67 16  0
 6  6   6644 167180  76556 21817260    0    0 26138 43096 11306 14108 12  2 65 21  0
 3  5   6644 166560  76700 21797816    0    0 19966 63886 11465 13928 11  3 67 19  0
 1  3   6644 166312  76908 21800068    0    0 33698 39316 10294 14956 14  3 64 19  0
 1  4   6644 169792  77052 21793644    0    0 22990 52166 8505 11402 11  2 70 17  0
 1  3   6644 168336  77212 21796876    0    0 28036 47142 8412 12457 12  2 69 17  0
 1  5   6644 170140  77392 21783956    0    0 26166 34646 11209 14148 13  3 68 17  0
 0  2   6644 167676  77484 21785360    0    0 20582 43900 6463 7445  7  1 74 18  0
 0  4   6644 162516  77600 21790556    0    0 15306 72318 7943 9646  7  4 73 16  0
procs -----------memory---------- ---swap-- -----io---- -system-- -----cpu------
 r  b   swpd   free   buff  cache   si   so    bi    bo   in   cs us sy id wa st
 1  3   6644 162128  77740 21791144    0    0 23660 43520 7416 9290  9  2 72 17  0
 2  3   6644 169428  77932 21783104    0    0 42666 39420 10736 13741 19  3 67 11  0
 5  2   6644 164064  78108 21778120    0    0 31008 35344 8227 11485 14  2 75  9  0
 1  3   6644 166752  78320 21773804    0    0 28960 56614 9424 13680 13  2 73 11  0
 3  5   6644 164272  78516 21776372    0    0 21708 49864 10740 14173 10  3 78  9  0
 2  4   6644 169396  78608 21773316    0    0 14454 65582 8919 11344  7  2 81 11  0
 1  2   6644 169512  78724 21773052    0    0 13304 35080 8846 10674  6  1 80 13  0
 3  4   6644 167288  78832 21763568    0    0 17960 47682 9611 10773  9  2 77 12  0
 1  3   6644 169652  78956 21760904    0    0 14584 34908 9690 11822  7  2 78 13  0
 4  2   6644 162964  79112 21766540    0    0 20506 49634 10185 11987  9  2 81  8  0
 0  3   6644 162832  79212 21765160    0    0 11788 57158 7705 9705  6  2 83 10  0
 0  5   6644 162708  79312 21766328    0    0 18704 36606 8792 10532  9  2 73 17  0
 2  2   6644 162460  79380 21764516    0    0  4620 84544 6655 7974  3  1 79 18  0
 1  2   6644 170660  79452 21756868    0    0  5640 67678 6933 8503  3  1 79 16  0
 6  3   6644 165072  79580 21763192    0    0 14776 52016 7128 8600  7  2 78 13  0
 2  2   6644 162592  79716 21757536    0    0 24064 61310 8473 11600 11  2 75 12  0
 2  3   6644 162964  79840 21755900    0    0 23704 42666 8757 12020 10  2 75 13  0
 1  3   6644 161384  79964 21757056    0    0 22808 45928 7680 10505  9  2 78 11  0
 4  3   6644 170352  80064 21749992    0    0 20368 68278 6887 8560  9  2 78 11  0
 0  2   6644 167012  80108 21753064    0    0  6152 62892 5392 6170  3  1 84 11  0
 1  3   6644 163036  80352 21758128    0    0  5900 53774 5776 6633  4  1 84 11  0
procs -----------memory---------- ---swap-- -----io---- -system-- -----cpu------
 r  b   swpd   free   buff  cache   si   so    bi    bo   in   cs us sy id wa st
 0  3   6644 165408  80648 21753724    0    0  7546 45844 6780 7847  4  1 83 12  0
 0  2   6644 170400  80804 21749844    0    0  6720 51312 6661 7516  3  1 84 11  0
 2  2   6644 164604  80844 21754888    0    0  6918 64538 6012 6722  3  1 87  9  0
 2  4   6644 163760  80928 21756512    0    0 10690 49666 7370 8540  5  1 83 10  0
 1  3   6644 164008  80992 21741472    0    0 11122 61528 6877 7678  6  1 83 10  0
 0  2   6644 167140  81072 21740248    0    0 14840 58812 7049 6889  7  1 82 10  0
 1  3   6644 164352  81108 21743364    0    0  5506 62168 4307 4690  3  1 86 10  0
 1  2   6644 163740  81140 21743716    0    0  2052 73640 3487 4308  2  1 89  9  0
 0  2   6644 168368  81164 21738784    0    0  3330 72576 4274 5338  2  1 87 10  0
 0  2   6644 170888  81180 21736764    0    0  3844 64262 3379 4120  2  1 80 17  0
 1  3   6644 167224  81204 21740736    0    0  2820 67630 2313 2613  2  1 81 16  0
 0  2   6644 162528  81220 21745304    0    0  4868 79152 1784 1878  2  0 82 16  0
 1  2   6644 163064  81228 21745020    0    0  2564 58842 1882 1824  2  0 81 17  0
 0  2   6644 182284  81264 21726412    0    0  2820 79130 1876 2009  2  2 81 15  0
 0  4   6644 173736  81280 21734968    0    0  2718 63646 1747 1983  1  1 74 23  0
 0  2   6644 164204  81292 21744192    0    0  4202 84134 2120 2321  2  0 80 17  0
 0  2   6644 168916  81304 21738924    0    0  3074 72460 1941 2135  2  0 81 17  0
 1  3   6644 161608  81324 21746384    0    0  4252 75932 2173 2357  2  1 81 16  0
 0  2   6644 165212  81336 21743336    0    0  2922 69222 1634 1912  2  1 81 17  0
 0  2   6644 163120  81348 21745448    0    0  4356 75524 1904 2173  2  1 80 17  0
 4  1   6644 165228  81368 21743252    0    0  4614 79568 2047 2184  2  1 80 17  0
procs -----------memory---------- ---swap-- -----io---- -system-- -----cpu------
 r  b   swpd   free   buff  cache   si   so    bi    bo   in   cs us sy id wa st
 1  1   6644 169444  81400 21738396    0    0  6152 77888 2190 2398  3  1 83 13  0
 1  2   6644 167832  81432 21739256    0    0  7688 72660 2337 2530  4  1 87  9  0
 3  1   6644 164112  81448 21744064    0    0  6662 61044 2174 2441  3  1 88  8  0
 1  3   6644 184324  81524 21724728    0    0 13734 37584 3339 3623  6  2 80 12  0
 0  0   6644 170204  81568 21739852    0    0  9454   166 2669 3413  5  1 92  3  0
 0  0   6644 167252  81580 21743028    0    0  3074     0 1868 1823  2  0 98  0  0
 0  0   6644 170500  81600 21740676    0    0  2056     0 1563 1592  1  0 99  0  0
 0  0   6644 164580  81608 21746336    0    0  1668     0 1431 1525  1  0 99  0  0
 0  0   6644 162008  81612 21749712    0    0  3072     0 1744 1832  2  0 98  0  0
 0  0   6644 166480  81612 21745152    0    0  1280     0 1486 1576  1  0 99  0  0
 1  1   6644 167504  81636 21744264    0    0  7174  1246 2747 2347  3  0 95  2  0
 0  2   6644 282824  81644 21627056    0    0  2306 39692 2324 1968  7  1 85  8  0
 1  2   6644 276632  81680 21632284    0    0  1286  1798 1979 1704  1  0 89  9  0
 0  0   6644 259884  81696 21651620    0    0  5126  6178 2363 2003  2  0 95  2  0
 0  0   6644 251328  81700 21660244    0    0  2304     0 1642 1618  1  0 99  0  0
 1  0   6644 230760  81724 21681272    0    0  5128  2990 2202 2190  2  0 97  0  0
 0  0   6644 222452  81728 21689668    0    0  2048     0 1559 1647  1  0 99  0  0
 0  0   6644 216260  81736 21695304    0    0  1282     0 1502 1537  1  0 99  0  0
 0  0   6644 212068  81748 21699476    0    0  2306 12768 1562 1677  1  0 96  2  0
 1  0   6644 205372  81760 21706592    0    0  1794     0 1550 1623  1  0 99  0  0
 1  0   6644 197064  81772 21714956    0    0  2052     0 1646 1773  1  0 98  0  0
procs -----------memory---------- ---swap-- -----io---- -system-- -----cpu------
 r  b   swpd   free   buff  cache   si   so    bi    bo   in   cs us sy id wa st
 0  0   6644 185160  81776 21726516    0    0  3074     0 1851 1812  2  0 98  0  0
 0  0   6644 168544  81796 21743164    0    0  3844     0 2114 2026  2  0 98  0  0
 1  0   6644 165792  81808 21745960    0    0  2818     0 1989 1874  1  0 98  0  0
 3  0   6644 168296  81820 21743172    0    0  3166     0 1844 1786  2  0 98  0  0
 1  0   6644 169040  81828 21743108    0    0  2346   116 1793 1708  1  0 98  0  0
 0  0   6644 166436  81848 21745184    0    0  3586 21432 1971 1821  2  0 92  6  0
 0  0   6644 165816  81856 21746940    0    0  3076     0 1664 1734  2  0 98  0  0
 0  0   6644 169156  81884 21742684    0    0  6404   174 2453 2312  3  1 97  0  0
 1  0   6644 163452  81900 21746848    0    0  3588     0 2019 1932  2  0 98  0  0
 1  0   6644 165312  81924 21746780    0    0  4358 17644 2150 2051  2  1 97  0  0
 2  0   6644 163328  81932 21748960    0    0  2818     0 1710 1767  1  0 98  0  0
 2  0   6644 170520  81944 21741332    0    0  3078     0 1836 1811  2  0 98  0  0
 0  0   6644 162344  81964 21749008    0    0  4866 12078 2322 2013  2  1 94  3  0
 0  0   6644 166444  81996 21745468    0    0  8966     0 2636 2655  4  1 96  0  0
 0  0   6644 167576  82020 21744572    0    0  2740     0 2441 2320  2  0 97  0  0
 2  0   6644 163856  82032 21748444    0    0  2562     0 2146 2052  1  0 98  0  0
 2  0   6644 165484  82040 21747364    0    0  1794     0 2109 1980  2  0 98  0  0
 0  0   6644 165408  82044 21748824    0    0  3072     0 2102 1962  1  0 98  0  0
 1  0   6644 169508  82048 21744660    0    0  1282     0 1526 1595  1  0 99  0  0
 0  0   6644 161984  82060 21750864    0    0  1410    14 1618 1643  1  0 98  0  0
 2  0   6644 166588  82072 21746188    0    0  1538 30600 1666 1615  1  0 91  7  0
procs -----------memory---------- ---swap-- -----io---- -system-- -----cpu------
 r  b   swpd   free   buff  cache   si   so    bi    bo   in   cs us sy id wa st
 0  0   6644 168340  82072 21744424    0    0  2048     0 1719 1727  1  0 99  0  0
 0  0   6644 170572  82080 21742348    0    0  1536    44 1804 1669  1  1 98  0  0
 0  0   6644 163644  82092 21749604    0    0  1540     0 1726 1635  1  0 99  0  0
 0  0   6644 167488  82096 21745788    0    0  1280    22 1600 1562  1  0 99  0  0
 1  0   6644 170596  82100 21743880    0    0  1794     0 1666 1617  1  0 99  0  0
 0  0   6644 163940  82104 21750396    0    0  1536     0 1648 1765  1  0 98  0  0
 0  0   6644 167024  82124 21747632    0    0  1796 14962 1637 1600  1  0 98  0  0
 0  0   6644 170744  82128 21744268    0    0  1536     0 1387 1509  1  0 99  0  0
 0  0   6644 163964  82136 21750428    0    0  1794   138 1496 1579  1  0 99  0  0
 0  0   6644 167072  82140 21747948    0    0  1794     0 1511 1651  1  0 99  0  0
 0  0   6644 169056  82152 21746072    0    0  1794     0 1773 1718  1  0 99  0  0
 2  0   6644 167856  82160 21748324    0    0  3074     0 1918 1846  2  0 98  0  0
 0  0   6644 166748  82176 21748812    0    0  2692     0 1965 1860  2  0 98  0  0
 2  0   6644 167120  82176 21748780    0    0  1536     2 2109 1897  2  0 98  0  0
 1  0   6644 166632  82200 21748676    0    0  2050 17176 2251 1870  2  0 96  2  0
 0  0   6644 168368  82204 21746856    0    0  1114     0 1969 1822  1  0 98  0  0
 1  0   6644 171468  82208 21744748    0    0  1026    30 2055 1888  1  0 99  0  0
 0  0   6644 163564  82216 21752408    0    0  1280     0 1813 1856  1  0 99  0  0
 0  0   6644 166160  82216 21749144    0    0  1282    68 1756 1759  1  0 99  0  0
 1  0   6644 170424  82224 21745792    0    0  1538     0 1318 1642  1  0 99  0  0
 1  0   6644 164412  82228 21752056    0    0  1536     0 1381 1545  1  0 99  0  0
procs -----------memory---------- ---swap-- -----io---- -system-- -----cpu------
 r  b   swpd   free   buff  cache   si   so    bi    bo   in   cs us sy id wa st
 0  0   6644 166148  82244 21749972    0    0  2050 17662 1576 1626  1  0 97  2  0
 0  0   6644 167800  82260 21748772    0    0  2310     0 1559 1571  1  0 99  0  0
 0  0   6644 162840  82264 21754072    0    0  1280  4004 1276 1518  1  0 99  0  0
 0  0   6644 167064  82268 21749644    0    0  1282     0 1225 1522  1  0 99  0  0
 0  0   6644 171140  82276 21745924    0    0  1538     0 1281 1505  1  0 99  0  0
 1  0   6644 162368  82284 21753736    0    0  2050     0 1531 1653  1  0 99  0  0
 2  0   6644 166064  82288 21750624    0    0  1536     0 1348 1572  1  0 99  0  0
 0  0   6644 169412  82292 21747748    0    0  1794     0 1348 1519  1  0 99  0  0
 0  0   6644 162624  82308 21754332    0    0  1794  9036 1492 1628  1  0 97  1  0
 0  0   6644 165600  82316 21752580    0    0   896     0 1821 1757  1  0 99  0  0
 0  0   6644 163144  82316 21755416    0    0     0    98 1213 1475  0  0 100  0  0
 1  0   6644 162996  82316 21755428    0    0     0     0  574 1128  0  0 100  0  0
 0  0   6644 162780  82316 21755428    0    0     0    26  542 1089  0  0 100  0  0
 0  0   6644 163400  82316 21755420    0    0     0     0  522 1067  0  0 100  0  0
 0  0   6644 163160  82316 21755420    0    0     0     0  535 1097  0  0 100  0  0
 0  0   6644 162440  82324 21755408    0    0     0  6072  583 1156  0  0 99  1  0
 0  0   6644 163092  82324 21755388    0    0     0     0  541 1113  0  0 100  0  0
 0  0   6644 162596  82324 21755276    0    0     0    10  573 1121  0  0 100  0  0
 0  0   6644 163116  82324 21755272    0    0     0     0  532 1085  0  0 100  0  0
 0  0   6644 163612  82324 21755272    0    0     0     0  514 1067  0  0 100  0  0
 1  0   6644 1384540  82348 21755292    0    0   114     2  961 1627  0  0 99  0  0
procs -----------memory---------- ---swap-- -----io---- -system-- -----cpu------
 r  b   swpd   free   buff  cache   si   so    bi    bo   in   cs us sy id wa st
 1  0   6644 9513180  82348 21755624    0    0   248     0  608  869  0  2 98  0  0
