procs -----------memory---------- ---swap-- -----io---- -system-- -----cpu------
 r  b   swpd   free   buff  cache   si   so    bi    bo   in   cs us sy id wa st
 0  3   5064 47421436  17532  83944    0    0    44    21    1    2  0  0 99  0  0
 1  2   5064 47351208  19372 101344    0    0  9254     8 1407 1902  4  1 81 15  0
 1  2   5064 47282488  20984 121020    0    0 10348     0 1408 1561  7  0 79 13  0
 0  1   5064 47182192  22464 134204    0    0  7400     0 2310 2761  8  1 83  8  0
 0  1   5064 47179612  23904 134412    0    0   720     0  907 1246  0  0 92  8  0
 3  1   5064 46973052  25412 138644    0    0  2562  1040 3816 4102 27  1 63  8  0
 6 13   5064 45630528  26448 228092    0    0 29926    12 8977 10422 31  4 45 20  0
 5 12   5064 41414264  26904 547852    0    0 78398     0 14682 16254 42 11 22 25  0
 7 11   5064 40704952  27236 851724    0    0 81032     0 14419 13905 40  4 34 22  0
 7  6   5064 40220380  27644 1198848    0    0 79396     0 15690 17585 39  5 31 25  0
 5  9   5064 39809576  28064 1583888    0    0 82468     0 16740 20294 46  6 29 19  0
 3 10   5064 39438336  28612 1915668    0    0 68106     0 14525 17581 34  5 33 29  0
10  9   5064 39059228  29116 2159448    0    0 58142 27252 10677 12252 25  3 33 38  0
 3  9   5064 38784544  29728 2437528    0    0 51350  7832 14019 14906 24  4 36 37  0
 1  3   5064 37110248  30144 2715788    0    0 53346  4618 14912 15792 26  6 35 33  0
 3  6   5064 36913664  30412 2892428    0    0 40340 15414 11839 10089 19  3 53 25  0
 4  3   5064 36504828  30772 3161028    0    0 54750  3184 14657 15028 25  3 47 25  0
 4  7   5064 36155660  31212 3472364    0    0 61852  5066 16462 17176 30  4 46 19  0
 3  3   5064 35821000  31576 3750772    0    0 62158    10 15335 15063 26  3 51 19  0
 4  3   5064 35594832  32044 3975956    0    0 49866 16266 14146 12899 22  3 60 14  0
 1  3   5064 35411652  32568 4158600    0    0 39090 29382 11681 11554 17  2 67 14  0
procs -----------memory---------- ---swap-- -----io---- -system-- -----cpu------
 r  b   swpd   free   buff  cache   si   so    bi    bo   in   cs us sy id wa st
 3  2   5064 35178888  33048 4360764    0    0 42168 18606 12447 11963 20  2 66 13  0
 1  2   5064 34985400  33492 4552688    0    0 33688 21536 12605 13088 15  3 66 16  0
 2  2   5064 34866516  33836 4670920    0    0 16256 33842 9569 9445  8  1 74 17  0
 2  4   5064 34678516  34288 4858324    0    0 18222 38178 13022 14832  9  3 73 15  0
 0  3   5064 34507008  34672 5029984    0    0 17516 34352 12756 13079  9  2 69 19  0
 1  3   5064 34327976  35160 5208832    0    0 15788 37250 12959 13623  8  3 68 22  0
 0  3   5064 34122608  35632 5407724    0    0 19364 31456 13617 14384 11  3 66 20  0
 0  3   5064 33966996  36132 5561732    0    0 11954 40146 11917 12777  6  2 70 21  0
 0  3   5064 33819576  36552 5710000    0    0 15904 40538 12056 11759  8  2 68 23  0
 1  3   5064 33678588  36944 5852148    0    0 15118 45752 12264 11438  7  2 69 21  0
 1  3   5064 33525984  37336 6001960    0    0 16012 37958 12263 11152  8  2 74 16  0
 1  3   5064 33379872  37676 6150296    0    0 13812 23938 12533 12319  7  2 72 18  0
 0  3   5064 33252524  38176 6275888    0    0 14780 58558 13161 12891  9  4 71 16  0
 1  9   5064 33126616  38436 6397840    0    0 14356 63534 12336 12170  8  2 77 13  0
 2  7   5064 33045768  38644 6472716    0    0 12160 48774 7452 6587  5  1 71 22  0
 3  3   5064 32920032  39156 6598604    0    0 20182 25632 11166 11863  9  2 66 23  0
 3  4   5064 32724236  39632 6793436    0    0 36434 19202 12618 14449 17  3 59 22  0
 2  4   5064 32544312  40132 6973224    0    0 33580 20340 12329 13798 14  3 60 23  0
 2  3   5064 32348128  40692 7166736    0    0 33368 17756 13174 14576 17  3 58 23  0
 2  5   5064 32097648  41156 7420432    0    0 48800  6702 14480 17326 22  3 54 21  0
 4  3   5064 31837364  41544 7678672    0    0 51446  6194 13685 16390 23  4 50 23  0
procs -----------memory---------- ---swap-- -----io---- -system-- -----cpu------
 r  b   swpd   free   buff  cache   si   so    bi    bo   in   cs us sy id wa st
 8  5   5064 31553792  41972 7959148    0    0 51100 12880 14226 18835 23  4 48 25  0
 2  3   5064 31296856  42420 8210404    0    0 52606 30668 16531 17253 23  3 55 19  0
 2  3   5064 31049220  42852 8451240    0    0 46472  6212 14697 17158 21  3 54 22  0
 3  4   5064 30759432  43252 8741344    0    0 58368 12538 15777 20000 25  4 52 19  0
 3  4   5064 30491800  43728 8995236    0    0 47640 11872 15531 18930 21  4 52 23  0
 1  3   5064 30271420  44320 9215840    0    0 35932 22532 14968 19062 16  4 57 23  0
 3  3   5064 30045416  44944 9443416    0    0 40438  7074 14111 16191 18  4 56 22  0
 2  3   5064 29824704  45392 9657064    0    0 34846 22064 12709 16098 16  3 58 23  0
 0  3   5064 29626924  45820 9854292    0    0 31250 33586 12992 15478 14  3 58 26  0
 1  3   5064 29424392  46196 10055952    0    0 25334 30160 13586 16047 12  3 62 23  0
 2  2   5064 29252652  46580 10227136    0    0 18302 38024 12832 14204  9  2 70 19  0
 1  2   5064 29067552  47112 10411288    0    0 20300 24358 13878 15130 11  3 72 15  0
 2  2   5064 28925208  47512 10553828    0    0 17298 42340 12273 13166  9  2 75 14  0
 1  3   5064 28815088  47896 10663344    0    0 15002 38130 11216 11392  8  2 69 21  0
 0  3   5064 28668280  48356 10808512    0    0 21294 31224 13336 13804 10  2 75 12  0
 4  3   5064 28543908  48756 10932840    0    0 17312 37032 12977 12718  9  2 78 11  0
 3  3   5064 28401896  49136 11074456    0    0 19980 38414 13774 14936 10  2 77 11  0
 2  5   5064 28184168  49576 11291852    0    0 35246 13082 14393 16406 16  3 66 15  0
 0  5   5064 27954884  49992 11506848    0    0 40334 20188 14318 15646 19  3 62 16  0
 3  3   5064 27698196  50488 11766596    0    0 44690 13534 14042 16894 20  3 57 20  0
 2  4   5064 27457388  51052 12006864    0    0 37194 20836 14107 17170 18  3 58 21  0
procs -----------memory---------- ---swap-- -----io---- -system-- -----cpu------
 r  b   swpd   free   buff  cache   si   so    bi    bo   in   cs us sy id wa st
 4  4   5064 27177924  51544 12278980    0    0 44326 17626 15147 17948 20  4 55 21  0
 1  3   5064 26979780  51968 12474620    0    0 30874 25940 14300 14897 14  3 66 17  0
 1  3   5064 26854440  52440 12600824    0    0 18880 34540 11288 11417  9  2 68 21  0
 0  3   5064 26724116  52776 12731740    0    0 22780 36920 11722 10792 11  2 67 20  0
 4  5   5064 26577456  53200 12853568    0    0 24540 32824 11154 9159 11  2 72 16  0
 2  3   5064 26481372  53524 12949384    0    0 16600 37350 10498 8415  9  1 73 17  0
 2  4   5064 26357976  53964 13072568    0    0 21834 28504 12010 9133 11  2 69 18  0
 3  4   5064 26095584  54444 13333528    0    0 44666 19576 15179 17961 19  4 60 17  0
 3  4   5064 25793512  54888 13624024    0    0 56104  6700 14794 17716 26  4 51 19  0
 4  3   5064 25526516  55356 13888840    0    0 54406 13172 13744 13964 23  3 56 18  0
 3  3   5064 25284244  55772 14131240    0    0 47888 19132 13302 13822 21  3 61 15  0
 1  3   5064 25100352  56188 14302564    0    0 28438 35894 12313 10966 14  3 68 16  0
 0  4   5064 24963564  56476 14438904    0    0 24576 26184 9670 8574 10  2 67 21  0
 0  3   5064 24825428  57012 14574560    0    0 22860 43650 10484 10195 10  2 70 18  0
 1  3   5064 24705884  57400 14695884    0    0 17298 31942 9943 10561  8  2 69 22  0
 1  3   5064 24558564  57836 14842016    0    0 17702 44416 12979 14346  9  2 73 16  0
 0  4   5064 24408152  58204 14989048    0    0 15512 39218 11893 13253  9  3 71 18  0
 1  3   5064 24268040  58616 15129852    0    0 15356 48750 10454 11487  8  2 72 18  0
 1  3   5064 24085256  59112 15311852    0    0 25134 25990 11212 13671 12  2 66 19  0
 2  4   5064 23888392  59576 15507440    0    0 22334 33152 11979 15119 11  3 68 18  0
 1  6   5064 23705268  60000 15690460    0    0 22930 29906 11036 13624 10  2 71 17  0
procs -----------memory---------- ---swap-- -----io---- -system-- -----cpu------
 r  b   swpd   free   buff  cache   si   so    bi    bo   in   cs us sy id wa st
 3  3   5064 23529808  60396 15865128    0    0 31220 31216 10086 10982 13  2 66 19  0
 1  3   5064 23299772  60800 16078840    0    0 36098 16840 11062 13893 17  3 63 17  0
 1  4   5064 23082640  61356 16296740    0    0 42202 12702 12995 17483 19  7 53 20  0
 1  3   5064 22794564  61836 16556036    0    0 44420  3142 12938 17118 20  3 55 21  0
 0  2   5064 22676904  62120 16673284    0    0 14290 60266 8835 10645  6  2 62 30  0
 2  6   5064 22590468  62384 16760924    0    0  8698 61926 5833 7099  4  2 69 25  0
 3  5   5064 22332580  62844 17017540    0    0 48128 21526 14348 15282 22  4 54 21  0
 2  4   5064 22117408  63204 17233256    0    0 45044 19994 12806 12679 19  3 60 18  0
 3  4   5064 21977444  63624 17360380    0    0 24494 35724 9823 8400 12  2 65 21  0
 3  6   5064 21833704  64016 17503768    0    0 22954 32050 11443 10797 10  2 72 16  0
 1  4   5064 21687352  64340 17650104    0    0 20318 41178 11705 12236  9  2 67 21  0
 1  3   5064 21499748  64736 17836708    0    0 27264 27724 12982 14641 12  3 63 22  0
 2  5   5064 21276548  65232 18058096    0    0 30896 31688 14431 16481 14  3 64 19  0
 0  3   5064 21074336  65632 18242808    0    0 25226 33374 13592 14646 12  3 62 23  0
 4  3   5064 20855112  66080 18462336    0    0 35484 20930 12950 16536 15  3 59 23  0
 2  4   5064 20625868  66448 18691756    0    0 38664 25112 11684 14574 17  3 65 15  0
 3  5   5064 20367460  66856 18929584    0    0 42500 21558 11931 14009 19  3 61 16  0
 2  5   5064 20134116  67336 19162740    0    0 37400 21344 12834 15324 18  4 58 20  0
 2  3   5064 19876328  67824 19419288    0    0 49810 13016 11928 13532 21  3 62 14  0
 3  4   5064 19555788  68392 19722496    0    0 52440 20630 13515 16800 24  4 54 18  0
 2  4   5064 19286940  68904 19989152    0    0 39822 18908 13142 16740 18  4 57 22  0
procs -----------memory---------- ---swap-- -----io---- -system-- -----cpu------
 r  b   swpd   free   buff  cache   si   so    bi    bo   in   cs us sy id wa st
 5  3   5064 18995108  69336 20260044    0    0 51982 14258 14570 12827 23  4 59 14  0
 6  7   5064 18760376  69768 20494308    0    0 54560  1254 13684 9278 23  3 60 14  0
 3  8   5064 18543492  70436 20710704    0    0 50890  6278 12854 8487 21  3 58 19  0
 4  4   5064 18361284  71176 20880836    0    0 39956  7762 9432 7764 16  3 63 18  0
 1  3   5064 18222944  71308 21016584    0    0 34748 51566 6715 5736 14  2 70 14  0
 2  4   5064 18147436  71416 21093528    0    0 18714 51914 4885 3909  8  1 77 13  0
 2  5   5064 18018384  71536 21221192    0    0 31442 45826 6024 6168 13  2 72 13  0
 1  3   5064 17882448  71636 21341772    0    0 28748 43010 6686 6642 11  2 76 11  0
 0  2   5064 17737004  71776 21487348    0    0 25752 47346 8341 9164 12  2 76 10  0
 1  2   5064 17658760  71856 21565780    0    0 11020 63372 5430 5111  5  2 81 13  0
 2  2   5064 17539276  72004 21684232    0    0 21922 37436 6535 7292  8  1 75 15  0
 2  3   5064 17373976  72156 21850560    0    0 31522 47538 8170 8983 13  2 71 14  0
 2  3   5064 17232144  72272 21972336    0    0 29722 41558 6211 5535 12  2 74 12  0
 1  3   5064 17124992  72404 22081492    0    0 19610 57840 6423 6239  9  1 77 12  0
 1  3   5064 16979896  72552 22224380    0    0 26422 47734 7063 7836 11  2 75 13  0
 4  3   5064 16829452  72688 22375484    0    0 24956 44150 7717 8596 10  2 75 12  0
 2  3   5064 16627348  72884 22577912    0    0 31776 56642 11275 11414 13  3 72 12  0
 2  5   5064 16481052  73016 22701340    0    0 21960 52066 6904 7721 10  2 76 12  0
 1  3   5064 16322688  73160 22859760    0    0 27758 43700 7136 9061 12  2 74 11  0
 1  2   5064 16206864  73280 22975348    0    0 21524 43914 6353 6767  9  1 71 19  0
 0  2   5064 16139900  73352 23044252    0    0  8458 72274 5164 5193  4  1 79 15  0
procs -----------memory---------- ---swap-- -----io---- -system-- -----cpu------
 r  b   swpd   free   buff  cache   si   so    bi    bo   in   cs us sy id wa st
 0  2   5064 16074668  73416 23108400    0    0  6918 80824 5786 6185  3  1 83 12  0
 0  2   5064 16009676  73480 23171552    0    0  4614 64516 4757 5162  3  1 81 15  0
 1  2   5064 15970252  73516 23211784    0    0  4356 69818 3197 3270  2  1 82 15  0
 0  2   5064 15948808  73540 23233988    0    0  5124 68306 2444 1819  2  1 84 13  0
 0  2   5064 15886816  73600 23295912    0    0  5892 62596 4976 5407  3  1 81 15  0
 1  2   5064 15825692  73656 23357084    0    0  6662 74302 4631 4907  3  1 85 11  0
 0  2   5064 15767288  73728 23416076    0    0  7436 52590 4930 5396  3  1 86  9  0
 0  1   5064 15711588  73788 23469960    0    0  6540 66976 4420 4650  4  1 86  9  0
 1  1   5064 15667148  73824 23514352    0    0  5890 67202 4044 3983  3  1 88  8  0
 1  2   5064 15641060  73848 23540048    0    0  6146 73906 2733 2036  3  1 88  8  0
 0  2   5064 15616764  73880 23565500    0    0  5898 70614 2955 2296  3  1 88  9  0
 0  2   5064 15584696  73908 23596200    0    0  7176 76808 3201 2717  3  1 87  9  0
 1  2   5064 15537328  73968 23644484    0    0  4868 72920 4990 5296  3  1 87 10  0
 0  2   5064 15467152  74044 23713704    0    0 10382 69362 5773 6544  5  1 83 11  0
 0  3   5064 15390768  74116 23789628    0    0  6920 66498 6831 8310  4  1 83 11  0
 0  2   5064 15284996  74224 23896900    0    0 16270 62080 8136 10304  7  2 80 11  0
 2  4   5064 15168792  74340 24010884    0    0 15142 61120 7957 9267  8  2 73 17  0
 2  3   5064 15007948  74508 24172632    0    0 28424 54766 10557 11600 12  3 69 16  0
 1  3   5064 14829148  74668 24345152    0    0 31648 49420 9705 11694 14  2 64 20  0
 0  2   5064 14681596  74800 24494108    0    0 25114 73576 9211 10696 11  2 74 13  0
 1  2   5064 14569504  74932 24605940    0    0 15636 58450 7261 9253  7  2 75 17  0
procs -----------memory---------- ---swap-- -----io---- -system-- -----cpu------
 r  b   swpd   free   buff  cache   si   so    bi    bo   in   cs us sy id wa st
 1  2   5064 14385104  75120 24788392    0    0 37544 48538 7925 11253 16  2 60 22  0
 4  2   5064 14187092  75284 24962568    0    0 32672 47500 7287 10715 15  2 65 18  0
 3  3   5064 14009260  75472 25140184    0    0 33858 46228 7616 10932 14  2 65 18  0
 3  2   5064 13821160  75652 25326596    0    0 35340 36590 8506 11603 15  2 64 19  0
 1  3   5064 13713072  75756 25436984    0    0 21012 62298 6933 7714  9  2 69 20  0
 3  3   5064 13550260  75884 25569600    0    0 30520 48636 7063 8533 13  2 67 18  0
 2  3   5064 13419920  76036 25701520    0    0 31124 48574 7101 8717 12  2 71 15  0
 1  3   5064 13302104  76152 25817080    0    0 23058 59056 7202 9772 10  2 72 17  0
 1  4   5064 13122816  76328 25998332    0    0 21396 57012 10069 15142 11  2 77 11  0
 0  4   5064 13074588  76556 26042724    0    0 19384 52486 10271 13487  9 11 68 13  0
 1  3   5064 12874188  76776 26244952    0    0 13432 27232 13886 20231  7  3 69 21  0
 4  2   5064 12607540  77044 26503944    0    0 34592 21452 12708 17904 15  4 65 16  0
 2  2   5064 12298376  77356 26812540    0    0 38950 21514 13657 22392 18  4 64 14  0
 3  1   5064 11993024  77668 27116632    0    0 39086 21814 16089 23633 17  4 65 14  0
 2  3   5064 11690356  77932 27399284    0    0 30624 39536 16538 23529 16  4 69 11  0
 4  3   5064 11461336  78156 27628368    0    0 32040 34652 12124 15266 15  3 68 15  0
 2  4   5064 11256488  78388 27831408    0    0 36418 30668 10528 13193 16  2 62 20  0
 1  2   5064 11030436  78596 28039960    0    0 46748 29768 12371 10996 20  2 62 16  0
 4  4   5064 10765076  78852 28303516    0    0 53942 23738 12964 14379 23  4 60 13  0
 4  4   5064 10474412  79144 28596264    0    0 59322 21846 14359 16539 26  3 56 15  0
 1  3   5064 10207324  79380 28836280    0    0 49840 25814 11260 13046 21  3 60 16  0
procs -----------memory---------- ---swap-- -----io---- -system-- -----cpu------
 r  b   swpd   free   buff  cache   si   so    bi    bo   in   cs us sy id wa st
 3  5   5064 9968360  79632 29073656    0    0 41320 35372 11197 14184 18  3 66 12  0
 4  2   5064 9653028  79920 29373468    0    0 49536 21056 13499 16690 22  4 61 13  0
 1  4   5064 9384080  80172 29640868    0    0 44636 33844 12011 16618 19  4 65 12  0
 4  4   5064 9176636  80376 29847832    0    0 37136 31746 9492 11702 16  3 65 17  0
 3  5   5064 8968068  80568 30041052    0    0 35902 48636 9619 10519 17  3 63 17  0
 2  3   5064 8742332  80808 30266784    0    0 44320 22682 9340 12204 17  3 64 16  0
 1  4   5064 8563424  80968 30447220    0    0 33824 28152 7999 9005 14  2 71 13  0
 1  2   5064 8457068  81064 30555476    0    0 20860 33888 6143 6692  9  1 74 15  0
 2  1   5064 8318684  81196 30674076    0    0 25498 47330 5476 5331 11  2 73 15  0
 1  2   5064 8178820  81320 30812636    0    0 28322 34474 6102 6333 12  2 68 19  0
 2  2   5064 8053316  81460 30939384    0    0 25108 19264 5333 6583 10  2 74 14  0
 0  2   5064 7933780  81584 31055512    0    0 25764 49780 5201 4904 11  2 70 17  0
 1  3   5064 7802208  81712 31187656    0    0 25108 48114 6456 5975 10  2 73 15  0
 1  2   5064 7646464  81852 31328536    0    0 28572 39270 6762 7094 12  2 72 14  0
 1  2   5064 7485868  82020 31487208    0    0 32678 38906 7046 7614 14  2 67 17  0
 2  3   5064 7337580  82164 31637036    0    0 27062 56516 6845 8165 11  2 70 16  0
 1  2   5064 7172536  82312 31801188    0    0 31744 38494 6495 8222 13  2 70 15  0
 2  4   5064 7071088  82428 31894152    0    0 10282 40980 6008 6642  7  1 76 15  0
 1  2   5064 6892804  82640 32072820    0    0 30864 20608 10639 12352 13  3 72 13  0
 1  4   5064 6728604  82788 32235708    0    0 27288 26624 9986 10366 13  2 72 13  0
 0  5   5064 6528816  83004 32435448    0    0 22498 38762 12492 15279 11  3 75 11  0
procs -----------memory---------- ---swap-- -----io---- -system-- -----cpu------
 r  b   swpd   free   buff  cache   si   so    bi    bo   in   cs us sy id wa st
 3  2   5064 6331392  83192 32632604    0    0 19016 33454 11052 15109 10  3 71 16  0
 2  2   5064 6152956  83360 32799768    0    0 21142 52908 8016 11011 10  2 75 12  0
 2  3   5064 5997636  83504 32953432    0    0 22424 62116 7886 8861 10  2 77 12  0
 4  3   5064 5860616  83644 33090980    0    0 23574 45252 7088 6967 10  2 71 18  0
 3  2   5064 5738608  83784 33212700    0    0 21664 43912 6500 6461  9  2 80 10  0
 3  3   5064 5581004  83928 33369540    0    0 30648 38332 8798 7075 13  2 67 17  0
 3  4   5064 5337452  84136 33585912    0    0 38926 28510 9229 11682 17  3 63 17  0
 3  4   5064 5106440  84364 33817104    0    0 40770 21414 10466 11387 17  3 57 22  0
 1  2   5064 4932344  84524 33988904    0    0 32778 48670 8345 9203 14  2 69 14  0
 2  4   5064 4792224  84668 34129044    0    0 25264 40144 7208 7964 11  2 72 15  0
 0  3   5064 4679392  84784 34221952    0    0 16280 64662 5263 5433  8  2 80 11  0
 1  3   5064 4583292  84876 34319280    0    0 14452 65228 5436 5703  6  2 83 10  0
 0  2   5064 4487920  84964 34413600    0    0  9356 75696 5403 6184  5  1 84 10  0
 1  2   5064 4372460  85072 34529852    0    0 10248 52960 7158 8697  5  2 85  9  0
 1  3   5064 4219072  85204 34682476    0    0 15502 71760 10379 12450  8  2 79 11  0
 2  4   5064 4051424  85384 34849792    0    0 16916 55450 11854 15869  8  3 79 10  0
 3  2   5064 3879948  85548 35021320    0    0 25882 56238 9356 11929 11  2 74 13  0
 1  2   5064 3751608  85688 35151040    0    0 17942 64206 7753 8565  8  2 79 11  0
 0  3   5064 3653440  85752 35233900    0    0 10916 73820 5771 5484  7  1 76 16  0
 2  3   5064 3517496  85900 35368332    0    0 29322 47378 6491 6961 13  2 69 16  0
 1  3   5064 3411996  86004 35474932    0    0 21014 53926 5259 6064  9  2 72 17  0
procs -----------memory---------- ---swap-- -----io---- -system-- -----cpu------
 r  b   swpd   free   buff  cache   si   so    bi    bo   in   cs us sy id wa st
 1  3   5064 3274008  86148 35611488    0    0 27932 44840 6295 6978 11  1 67 20  0
 3  2   5064 3160308  86264 35724528    0    0 21272 45812 6809 7347  9  1 67 22  0
 3  3   5064 3007888  86420 35863456    0    0 22836 54096 7768 8569 11  2 72 16  0
 4  2   5064 2781852  86640 36090016    0    0 39564 32560 11477 15135 17  3 63 17  0
 1  3   5064 2592000  86832 36281568    0    0 31678 36770 12527 13942 15  3 65 17  0
 5  3   5064 2356880  87068 36511392    0    0 25602 52736 14835 19122 13  3 73 11  0
 2  4   5064 2120056  87264 36727496    0    0 30520 45378 12928 14944 15  3 66 15  0
 2  5   5064 1864376  87508 36982948    0    0 47152 20588 13539 13615 20  3 63 14  0
 7  3   5064 1664764  87692 37183208    0    0 39690 32068 10969 10104 17  3 59 22  0
 2  3   5064 1471208  87876 37363844    0    0 38190 43946 11840 8350 17  2 60 20  0
 1  2   5064 1277968  88096 37555672    0    0 40494 35270 10717 9366 17  3 56 24  0
 1  5   5064 1070948  88296 37763196    0    0 41154 26482 10550 10000 19  3 62 17  0
 3  4   5064 881724  88460 37937096    0    0 38186 33206 7580 7954 16  2 68 14  0
 2  3   5064 712464  88636 38104740    0    0 31518 53328 8210 8488 13  2 73 12  0
 2  5   5064 489040  88896 38329052    0    0 41422 33046 9528 11670 18  3 65 14  0
 0  4   5064 335528  89028 38483584    0    0 28184 59502 7571 7366 12  2 71 14  0
 1  3   5064 173740  75796 38641364    0    0 30470 47154 8240 9313 13  2 73 11  0
 0  2   5064 178444  68588 38642564    0    0 15260 57264 6588 5405  7  1 79 13  0
 1  2   5064 173004  68688 38649572    0    0 19222 56432 6158 4619  8  2 72 19  0
 2  3   5064 175428  68780 38647992    0    0 16016 61576 6977 6298  8  2 72 18  0
 0  3   5064 173948  68884 38647488    0    0 21652 44794 6842 5016 10  1 69 20  0
procs -----------memory---------- ---swap-- -----io---- -system-- -----cpu------
 r  b   swpd   free   buff  cache   si   so    bi    bo   in   cs us sy id wa st
 1  2   5064 171600  68964 38650560    0    0 14864 68540 5344 3848  7  1 76 16  0
 4  2   5064 176964  69084 38627520    0    0 23064 53168 7039 5983 10  2 68 19  0
 1  3   5064 169376  69260 38633856    0    0 39210 33298 7720 7703 17  2 62 19  0
 1  2   5064 178660  69388 38621652    0    0 27298 52628 5757 6433 11  1 66 21  0
 0  4   5064 175940  69508 38625288    0    0 26650 48184 5972 6708 12  2 67 19  0
 1  2   5064 168632  69624 38612260    0    0 21016 57422 7357 7853 10  2 69 19  0
 4  3   5064 172840  69772 38603536    0    0 26136 49506 7873 9077 12  2 66 20  0
 2  1   5064 176500  69904 38600372    0    0 20270 63460 7272 8171  9  2 71 17  0
 1  2   5064 176756  69996 38599224    0    0 30350 35640 7416 8454 13  2 63 22  0
 2  3   5064 175640  70028 38600428    0    0 33700 44474 8606 8375 14  2 63 20  0
 4  2   5064 168696  70192 38593340    0    0 39206 14030 11154 10019 17  3 61 19  0
 3  4   5064 172144  70368 38591532    0    0 26010 57480 10940 13025 12  3 76 10  0
 0  3   5064 169772  70496 38592644    0    0 27190 53996 11679 14098 13  3 71 14  0
 1  5   5064 172424  70588 38588656    0    0 22068 45630 12150 14781 11  3 66 21  0
 3  3   5064 236096  70712 38516564    0    0 22502 62376 11929 13304 11 10 66 13  0
 4  8   5064 177072  70836 38574212    0    0 11588 64472 10788 14317  7  2 69 22  0
 4  3   5064 172832  70944 38576140    0    0 30322 42034 12702 17659 13  3 54 30  0
 5  2   5064 177064  71136 38573728    0    0 34724 40556 11103 16625 16  3 65 16  0
 2  3   5064 174236  71284 38578112    0    0 42542 32472 14166 17264 19  4 66 11  0
 0  5   5064 171168  71252 38565552    0    0 36308 38922 11770 10442 17  2 64 17  0
 1  2   5064 176732  70988 38562236    0    0 41214 34254 11013 9080 17  2 66 15  0
procs -----------memory---------- ---swap-- -----io---- -system-- -----cpu------
 r  b   swpd   free   buff  cache   si   so    bi    bo   in   cs us sy id wa st
 1  2   5064 168432  71136 38571384    0    0 35622 39140 10226 9338 14  2 69 14  0
 3  3   5064 168556  71248 38556944    0    0 22428 64272 8264 8278 10  2 77 11  0
 1  4   5064 167944  71264 38557040    0    0 21906 40282 7552 6808  9  2 78 11  0
 1  4   5064 175244  71264 38550740    0    0 29112 52632 9509 9254 12  2 74 13  0
 1  2   5064 170548  71300 38556016    0    0 29066 35606 8846 9024 12  2 70 16  0
 1  2   5064 177956  71336 38550244    0    0 25374 28822 7706 8086 11  1 76 12  0
 0  3   5064 168416  71444 38541212    0    0 26682 26488 8014 7493 12  1 74 13  0
 2  4   5064 173120  71580 38539360    0    0 27936 28492 8289 8930 11  2 73 13  0
 1  2   5064 168060  71676 38543876    0    0 22778 29434 7348 8284 10  2 77 11  0
 1  3   5064 169012  71728 38544484    0    0 23326 34690 8218 8580 10  2 73 15  0
 2  3   5064 167640  71732 38544572    0    0 18064 40940 7714 8480  8  2 78 13  0
 0  2   5064 169540  71816 38529024    0    0 13324 51566 7583 7792  7  2 84  7  0
 1  2   5064 173732  71820 38523052    0    0  8464 62466 8644 10457  4  2 82 12  0
 2  3   5064 167516  71812 38528760    0    0 20656 57294 12193 15159 10  3 70 17  0
 0  2   5064 172012  71992 38526268    0    0 23808 62734 11873 16238 11  3 68 18  0
 1  3   5064 175360  72084 38521392    0    0 20910 48712 7644 9860  9  2 70 19  0
 1  3   5064 169144  72012 38528440    0    0 19708 56768 9318 11444 10  3 75 13  0
 0  3   5064 176864  71944 38522220    0    0 20396 57466 8170 9703  9  2 71 18  0
 1  3   5064 170928  71968 38507900    0    0 21268 65692 6188 6463  9  2 71 18  0
 0  2   5064 169672  72036 38509328    0    0  8944 49144 5255 5474  4  1 85 10  0
 0  2   5064 171828  72072 38508004    0    0 18966 25746 6017 6030  8  1 74 16  0
procs -----------memory---------- ---swap-- -----io---- -system-- -----cpu------
 r  b   swpd   free   buff  cache   si   so    bi    bo   in   cs us sy id wa st
 0  2   5064 175960  72108 38504504    0    0  6792 38932 5603 5998  4  2 79 15  0
 4  3   5064 171496  72204 38509520    0    0 10250 39186 7326 8731  5  1 78 15  0
 1  3   5064 174868  72132 38504944    0    0 28958 42896 9654 12206 13  2 66 19  0
 1  3   5064 172996  72056 38506000    0    0 21166 58066 7741 8597  9  2 77 12  0
 1  3   5064 171740  71844 38505096    0    0 14606 45748 6016 6798  8  2 82  9  0
 4  3   5064 167764  71796 38508032    0    0 21014 46690 9323 10996 10  2 73 14  0
 1  2   5064 171724  71848 38503136    0    0  9972 67370 7587 9136  5  2 82 10  0
 0  2   5064 170740  71916 38505540    0    0 10252 54210 6986 7973  5  2 83 10  0
 3  2   5064 173120  71948 38503804    0    0  8452 59598 5632 6387  5  2 79 15  0
 0  2   5064 173300  72032 38500888    0    0 16784 50378 6227 6575  8  2 81 10  0
 2  2   5064 168696  72132 38509268    0    0  9994 57074 6091 7081  5  2 85  8  0
 2  2   5064 169688  72176 38504916    0    0 18584 59404 5901 6583  8  2 79 11  0
 2  3   5064 170200  72276 38504952    0    0 20886 39302 9997 11782 10  2 78 10  0
 3  3   5064 173904  72260 38496384    0    0 31930 32738 14257 16669 15  3 68 14  0
 4  4   5064 168308  71956 38499428    0    0 34726 20964 17564 19345 16  4 71  9  0
 3  2   5064 178004  72020 38488840    0    0 30856 43250 16710 22155 15  4 65 17  0
 2  4   5064 168796  72096 38481280    0    0 45766 17514 18112 23845 22  5 57 16  0
 3  2   5064 175152  72140 38475760    0    0 38286 47848 16055 19421 17  4 61 18  0
 1  2   5064 175276  72180 38475116    0    0 29228 45912 12017 14234 14  3 68 15  0
 1  2   5064 172152  72336 38477384    0    0 26016 40216 11906 12876 12  3 68 17  0
 5  2   5064 179080  72332 38454552    0    0 33318 32350 12830 14012 16  3 68 13  0
procs -----------memory---------- ---swap-- -----io---- -system-- -----cpu------
 r  b   swpd   free   buff  cache   si   so    bi    bo   in   cs us sy id wa st
 3  2   5064 177252  72248 38457164    0    0 27674 45734 11798 15028 12  3 68 17  0
 5  3   5064 177028  72380 38455432    0    0 45232 13488 11036 13423 20  3 60 17  0
 4  3   5064 174548  72736 38442348    0    0 41940 20148 10665 11945 18  3 61 18  0
 2  3   5064 171696  73172 38443320    0    0 38206 16280 10539 10494 16  2 66 15  0
 1  3   5064 177292  73344 38438192    0    0 42186 27842 9743 10634 18  2 64 16  0
 1  3   5064 179564  73516 38425608    0    0 42796 20614 10360 10769 18  3 63 16  0
 2  4   5064 173596  73632 38433776    0    0 39588 49382 11336 11370 18  3 61 18  0
 2  4   5064 170364  73776 38436576    0    0 34760 25646 9925 10316 15  2 65 17  0
 2  6   5064 168984  73940 38422452    0    0 48232 29816 12461 11155 22  3 58 17  0
 3  2   5064 169604  74112 38425084    0    0 57846 21108 15459 13807 25  3 54 18  0
 3  3   5064 168984  74204 38422508    0    0 45990 26184 12604 11899 20  2 64 14  0
 1  7   5064 171804  74332 38401736    0    0 44778 26522 14312 15353 22  4 51 23  0
 4  3   5064 168084  73892 38406184    0    0 59398 18504 13956 16320 26  4 53 17  0
 4  4   5064 173904  74176 38390772    0    0 62922  8158 15018 18789 28  4 53 15  0
 2  4   5064 175260  74428 38388472    0    0 45544 30138 13611 16506 20  4 58 18  0
 1  2   5064 179384  74624 38365272    0    0 41216 38816 11063 12119 17  2 60 20  0
 2  3   5064 176756  74820 38367288    0    0 47024 27782 9738 12195 20  2 53 25  0
 0  2   5064 177276  74900 38366656    0    0 13842 63928 5397 5848  6  1 73 20  0
 2  4   5064 168472  74976 38377908    0    0 18446 49616 6911 6890  8  1 74 16  0
 5  3   5064 171184  75080 38373076    0    0 21026 46578 6644 6835  8  1 78 12  0
 1  3   5064 170680  75124 38360196    0    0 28982 37918 7843 7899 13  2 67 18  0
procs -----------memory---------- ---swap-- -----io---- -system-- -----cpu------
 r  b   swpd   free   buff  cache   si   so    bi    bo   in   cs us sy id wa st
 5  2   5064 171424  75208 38358120    0    0 34952 48914 9668 9438 14  2 69 14  0
 3  2   5064 172796  75316 38355896    0    0 33438 32128 9238 9553 15  2 70 13  0
 0  4   5064 173036  75408 38354320    0    0 28214 43842 11216 11258 13  2 69 16  0
 1  2   5064 176500  75556 38341860    0    0 26122 49892 10265 12085 12  3 72 13  0
 0  2   5064 171796  75672 38347420    0    0 15632 59082 9421 10865  8  2 80 11  0
 2  3   5064 175680  75776 38342588    0    0 17038 53234 10629 12963  8  2 80  9  0
 1  3   5064 174456  75848 38343716    0    0 16172 59644 7079 7911  8  2 81  9  0
 1  2   5064 171336  75908 38346880    0    0  9714 59578 4790 4935  5  1 84 11  0
 1  2   5064 175064  75944 38343300    0    0 11530 71286 3744 3026  5  1 85  9  0
 0  2   5064 168864  76004 38348812    0    0 11664 57030 3677 3196  5  1 82 12  0
 0  2   5064 177900  76056 38340436    0    0  8708 63680 4141 4107  4  1 84 10  0
 1  2   5064 175056  76148 38344120    0    0 13840 49912 6947 7547  7  1 75 17  0
 4  1   5064 173180  76300 38340148    0    0 21788 48832 7503 7971 10  1 74 15  0
 1  2   5064 179636  76424 38334436    0    0 24730 35636 8129 8852 11  2 74 14  0
 1  3   5064 178892  76524 38333536    0    0 22190 66534 9128 9471 10  2 77 11  0
 3  4   5064 169608  76600 38342712    0    0 29366 34582 7863 8947 12  2 67 19  0
 1  3   5064 174816  76672 38338272    0    0 19814 49820 4997 4469  8  2 72 18  0
 2  3   5064 169980  76748 38327276    0    0 19862 46472 6347 4088  9  1 71 19  0
 1  3   5064 168816  76780 38327000    0    0 20752 57690 8542 8554  9  2 71 18  0
 1  2   5064 170444  76976 38326360    0    0 47792 21194 13138 14603 21  3 55 20  0
 1  3   5064 169436  77068 38328432    0    0 30650 38414 10209 12187 13  3 69 15  0
procs -----------memory---------- ---swap-- -----io---- -system-- -----cpu------
 r  b   swpd   free   buff  cache   si   so    bi    bo   in   cs us sy id wa st
 5  2   5064 172908  77236 38310324    0    0 35472 35232 13526 16004 16  3 65 16  0
 1  3   5064 178868  77424 38305696    0    0 35878 45296 12740 13141 16  3 68 12  0
 4  4   5064 168816  77660 38313500    0    0 40878 27718 10907 12608 20  3 65 12  0
 1  4   5064 178240  77812 38305764    0    0 28428 55396 9402 10368 12  2 69 17  0
 2  2   5064 173544  77976 38300504    0    0 43928 21488 11760 9111 19  3 59 19  0
 5  6   5064 172692  78200 38302284    0    0 46164 40626 12225 9991 20  3 54 22  0
 4  2   5064 176792  78476 38284604    0    0 70322  1372 15426 10656 32  4 46 18  0
 3  4   5064 171460  78732 38287120    0    0 58940 19358 13891 10389 25  3 53 18  0
 7  3   5064 174320  79008 38271140    0    0 59994 14666 15577 11001 26  4 47 23  0
 3  5   5064 173948  79288 38270888    0    0 68780 15504 14226 12423 31  4 42 23  0
 3  3   5064 176916  79572 38261280    0    0 72650  8056 13394 12559 32  4 48 16  0
 2  4   5064 168468  79800 38255264    0    0 73320 15944 14462 15158 33  4 46 17  0
 5  3   5064 177272  80016 38245092    0    0 68904  1402 14561 15166 30  4 49 17  0
 4  4   5064 174676  80320 38234484    0    0 62020 14344 14819 15545 28  5 49 18  0
 2  2   5064 171940  80524 38237592    0    0 73938 14770 13080 13664 32  4 47 17  0
 4  4   5064 169692  80804 38225676    0    0 58200  8400 14156 14962 26  4 50 21  0
 3  5   5064 169080  81108 38226056    0    0 74476 13412 14182 15889 33  4 40 23  0
 5  7   5064 170444  81364 38206492    0    0 64094 14852 16914 14919 30  4 45 21  0
 5  4   5064 170312  81408 38206068    0    0 61452 14934 15697 15616 28  4 48 20  0
 5  4   5064 173412  81656 38190004    0    0 65088 14030 15525 13941 30  5 48 17  0
 3  7   5064 169864  81880 38196520    0    0 53872 14162 12284 9407 23  3 52 22  0
procs -----------memory---------- ---swap-- -----io---- -system-- -----cpu------
 r  b   swpd   free   buff  cache   si   so    bi    bo   in   cs us sy id wa st
 2  2   5064 180976  82152 38176316    0    0 62588 14386 12735 11483 29  4 52 15  0
 3  6   5064 168940  82284 38185504    0    0 51404 40900 13164 10217 24  3 52 21  0
 7  4   5064 175496  82560 38169480    0    0 62640  7658 13219 10241 27  3 47 22  0
 3  6   5064 172668  82784 38174688    0    0 62658 21216 15174 12150 29  4 47 21  0
 2  6   5064 177728  83064 38156024    0    0 67164  8754 14215 11698 31  4 43 22  0
 1 17   5064 172668  83168 38163004    0    0 26886 63464 6108 4914 11  1 38 49  0
 5  3   5064 169940  83336 38162288    0    0 33724 48244 10042 7677 15  3 48 34  0
 2  4   5064 172056  83456 38161168    0    0 24476 50306 8304 6697 11  2 58 29  0
 4  3   5064 171808  83576 38153052    0    0 27650 40166 8873 7500 13  2 55 30  0
 3  3   5064 171676  83780 38150264    0    0 41140 32778 11057 8878 18  3 65 14  0
 5  3   5064 181184  83928 38144424    0    0 41922 43246 12326 8958 19  3 66 12  0
 8  5   5064 171636  84144 38142392    0    0 42184 24486 12269 10912 20  3 61 17  0
 3  7   5064 178580  84168 38136240    0    0 20062 59446 6649 6291  9  2 47 43  0
 3 10   5064 168768  84320 38145156    0    0 29728 30952 8886 8845 14  3 51 33  0
 0 18   5064 179712  84400 38134320    0    0 20246 36236 5207 5210  9  1 45 44  0
 2 13   5064 172644  84552 38125192    0    0 33750 45124 8447 7838 15  3 44 38  0
 0 15   5064 172520  84636 38125044    0    0 39054 35496 9164 9451 16  2 57 24  0
 2  2   5064 175420  84744 38122808    0    0 30084 53520 7752 7969 13  2 47 38  0
 3  5   5064 175056  84936 38124200    0    0 35108 36118 8919 8848 16 11 43 30  0
11  4   5064 175544  85108 38108532    0    0 39750 30916 8129 7018 17  2 58 22  0
 2  3   5064 170584  85300 38110712    0    0 46872 25714 9133 9648 20  3 53 25  0
procs -----------memory---------- ---swap-- -----io---- -system-- -----cpu------
 r  b   swpd   free   buff  cache   si   so    bi    bo   in   cs us sy id wa st
 0  3   5064 176412  85360 38109332    0    0  9632 65620 4471 4524  5  1 67 27  0
 2  4   5064 175280  85532 38108060    0    0 35114 34728 7182 7002 14  2 60 25  0
 3  5   5064 170304  85728 38101092    0    0 41156 32926 11317 9000 18  3 55 24  0
 3  3   5064 175844  86180 38093020    0    0 60562 13812 10895 11608 24  3 50 23  0
 1  2   5064 180952  86412 38074716    0    0 41850 39004 9748 9177 19  3 57 21  0
 2  2   5064 180068  86572 38076544    0    0 28710 53692 6761 6805 12  2 70 16  0
 2  3   5064 176064  86768 38082508    0    0 45106 28584 8974 8663 19  2 66 13  0
 6  4   5064 167120  86980 38078780    0    0 42566 33602 10616 8056 20  2 58 19  0
 1 14   5064 176512  87176 38067932    0    0 51744 27680 10345 9225 23  2 54 21  0
 1 11   5064 173240  87308 38072000    0    0 30370 50632 6220 5347 11  2 46 41  0
 6  5   5064 170900  87528 38052752    0    0 47588 27232 9523 9444 20  3 63 14  0
 1  2   5064 170000  87836 38053808    0    0 73498  8516 14147 13128 32  4 44 20  0
 2  6   5064 176480  88024 38036104    0    0 43690 40910 9742 8865 19  3 60 18  0
 0 13   5064 176860  88164 38032176    0    0 24886 67674 6396 5981 12  2 58 29  0
 2  7   5064 175968  88308 38034764    0    0 30982 33122 7173 7848 13  2 41 44  0
 0 10   5064 178820  88412 38031108    0    0 15632 38122 5713 6618  8  2 54 36  0
 0 10   5064 175984  88492 38033256    0    0 12820 43750 3863 3917  5  1 51 43  0
 5  6   5064 173628  88576 38035956    0    0 17162 45580 4741 5831  8  2 49 41  0
 0 14   5064 174728  88696 38024288    0    0 18972 40930 5340 5749  9  1 39 51  0
 0 16   5064 171604  88776 38027400    0    0 19090 48028 5663 6179  8  2 30 60  0
 0 14   5064 174828  88928 38025676    0    0 23218 35988 7469 9975 10  2 44 43  0
procs -----------memory---------- ---swap-- -----io---- -system-- -----cpu------
 r  b   swpd   free   buff  cache   si   so    bi    bo   in   cs us sy id wa st
 1 11   5064 171772  89052 38029076    0    0 17046 38410 6895 8045  8  1 53 38  0
 2  8   5064 169168  89244 38034220    0    0  8232 64312 11001 16173  7  3 63 27  0
 1 10   5064 168952  89344 38033076    0    0  6150 67068 7747 10723  4  2 64 30  0
 1  5   5064 174748  89560 38009380    0    0 44296 33686 8459 9330 18  3 36 43  0
 4  5   5064 176980  89900 38006728    0    0 57936 13614 14445 13973 25  4 50 20  0
 6  3   5064 168920  90112 38013716    0    0 49842 30812 11588 10312 21  3 51 26  0
 4  3   5064 174616  90300 37971764    0    0 43562 39668 11497 8374 19  3 48 30  0
 2  7   5064 174244  90424 37971736    0    0 22342 57372 7675 7728 10  2 52 36  0
 1  3   5064 174600  90524 37974540    0    0 14200 64944 5778 5999  6  2 61 31  0
 1  3   5064 177544  90660 37970360    0    0  7534 67602 8019 10831  4  2 77 17  0
 4  6   5064 175072  90840 37973420    0    0 17858 52044 12086 17131 10  3 63 24  0
 2 10   5064 173104  90948 37972836    0    0 10484 52058 8228 10833  5  2 60 33  0
 0 12   5064 172336  91080 37970788    0    0 16412 37304 8734 11813  8  2 61 29  0
 0 12   5064 176204  91164 37968212    0    0 15270 47710 5876 6096  6  2 44 48  0
 2  8   5064 170856  91284 37971148    0    0 21358 24040 5653 5950  9  2 42 48  0
 1  5   5064 181916  91416 37961364    0    0 27556 43416 7150 8625 11  2 55 31  0
 1  9   5064 172864  91504 37970760    0    0 15532 46036 7315 7467  7  1 55 36  0
 0 10   5064 177900  91608 37962832    0    0 20370 42990 6546 6301  9  1 46 44  0
 2 10   5064 171080  91708 37963452    0    0 23040 47132 6487 5149 10  2 38 50  0
 8  4   5064 170228  91756 37963184    0    0 29878 41318 10306 11950 13  3 41 43  0
 5  2   5064 171856  91988 37962976    0    0 51104 13618 14348 14777 22  4 51 24  0
procs -----------memory---------- ---swap-- -----io---- -system-- -----cpu------
 r  b   swpd   free   buff  cache   si   so    bi    bo   in   cs us sy id wa st
 1  9   5064 169476  92200 37963852    0    0 38440 47698 11764 10588 17  3 53 26  0
 1 10   5064 169392  92336 37947636    0    0 25528 47384 7549 7273 11  2 55 32  0
 1  3   5064 176692  92464 37939236    0    0 20866 54244 7719 8514  9  2 49 40  0
 1  5   5064 174384  92604 37941352    0    0 28852 41390 9611 9706 13  3 55 30  0
 1  8   5064 177716  92708 37941356    0    0 21950 48130 6746 6201 10  2 71 18  0
 0  3   5064 168160  92864 37947988    0    0 24754 55746 9019 9016 11  2 62 25  0
 0  2   5064 175096  93020 37926268    0    0 21368 52668 11437 11478 12  3 70 15  0
 0  4   5064 172476  93164 37930124    0    0 13968 46698 9153 9032  8  2 68 21  0
 4  3   5064 167944  93268 37936280    0    0 15894 78268 7076 7713  7  2 74 17  0
 0  2   5064 171732  93368 37931584    0    0 17558 32018 5310 5177  7  1 73 18  0
 3  4   5064 175500  93540 37930696    0    0 27174 21686 6078 6500 11  2 66 21  0
 2  2   5064 178840  93664 37911844    0    0 31394 42480 6430 6124 14  2 56 28  0
 1  4   5064 175104  93816 37921508    0    0 34750 14488 6604 6288 14  2 67 18  0
 3  3   5064 170036  93964 37923132    0    0 29958 50704 6031 6620 12  2 69 17  0
 1  2   5064 175500  94152 37920908    0    0 43956 20072 7333 7082 18  2 65 15  0
 1  2   5064 180088  94276 37883240    0    0 30494 47728 6424 5146 13  2 70 14  0
 0  3   5064 169672  94380 37893036    0    0 25882 60324 4994 4312 10  1 75 14  0
 3  3   5064 176260  94500 37886148    0    0 29210 42700 6305 5812 12  2 69 17  0
 1  3   5064 168696  94572 37895164    0    0 18196 60214 3757 3669  7  1 74 17  0
 0  2   5064 176360  94632 37887020    0    0 15374 52154 2903 3102  6  1 77 16  0
 1  2   5064 168192  94740 37885084    0    0 20242 52588 5314 5259 10  2 70 17  0
procs -----------memory---------- ---swap-- -----io---- -system-- -----cpu------
 r  b   swpd   free   buff  cache   si   so    bi    bo   in   cs us sy id wa st
 1  2   5064 174004  94860 37877536    0    0 18714 56502 5741 5510  8  1 73 18  0
 5  2   5064 181080  94984 37871964    0    0 26018 50670 5190 5857 10  1 69 19  0
 6  5   5064 172276  95208 37875492    0    0 37702 27224 9066 8410 17  3 63 17  0
 1  3   5064 169424  95428 37868856    0    0 56872 13358 11065 9551 25  3 52 20  0
 4  2   5064 169672  95628 37865524    0    0 51760 35786 12766 9230 22  3 55 19  0
 2  2   5064 174384  95856 37840560    0    0 53558 14264 11599 11062 23  3 49 24  0
 2  3   5064 170788  96016 37845500    0    0 37480 42352 9042 7521 17  2 61 20  0
 2  4   5064 169664  96240 37842768    0    0 42434 28318 8751 7586 18  2 59 21  0
 2  3   5064 170812  96432 37841012    0    0 47392 28162 8879 8600 20  3 56 21  0
 2  5   5064 170576  96676 37839744    0    0 48948 34738 9113 8699 20  3 56 21  0
 5  5   5064 175892  96920 37830344    0    0 51824 20786 9593 9996 22  4 54 21  0
 4  6   5064 169808  97240 37819816    0    0 74934  8132 15222 14484 34  4 43 19  0
 6  3   5064 169452  97448 37820420    0    0 47358 28144 8395 9870 20  3 64 13  0
 6  3   5064 168072  97784 37804464    0    0 59332 21660 13323 15170 26  4 57 13  0
 0 16   5064 175356  97980 37798256    0    0 37422 33544 6792 8504 16  2 48 34  0
 2  5   5064 169652  98180 37792700    0    0 36776 49478 9499 10216 17  3 56 24  0
 7  8   5064 172000  98344 37791164    0    0 31552 45906 6934 7593 14  2 44 41  0
 2 12   5064 173480  98564 37787912    0    0 46388 35784 11064 11474 21  3 53 23  0
 1  3   5064 168048  98768 37792624    0    0 35470 53096 9096 11325 16  3 54 27  0
 4 10   5064 168692  98952 37777792    0    0 38474 27330 8362 8433 18  3 38 42  0
 4  6   5064 176108  99084 37770752    0    0 33696 46796 7789 8312 15  2 41 42  0
procs -----------memory---------- ---swap-- -----io---- -system-- -----cpu------
 r  b   swpd   free   buff  cache   si   so    bi    bo   in   cs us sy id wa st
 2  2   5064 177100  99040 37766916    0    0 55454 14344 11726 10517 26  3 49 22  0
 1  2   5064 179884  99100 37755648    0    0 32548 47870 8768 7583 14  2 64 19  0
 1  4   5064 168236  99288 37768524    0    0 31702 44324 7910 8689 13  3 71 13  0
 0  2   5064 181056  99408 37754008    0    0 28006 51054 6451 6596 12  2 75 10  0
 0  2   5064 171068  99476 37762660    0    0 13586 58316 3923 3777  6  1 75 17  0
 1  2   5064 170324  99512 37765116    0    0  9354 59520 3125 2659  5  1 84 10  0
 1  4   5064 171200  99564 37758812    0    0 11940 65458 3999 2896  5  1 84  9  0
 0  2   5064 173960  99616 37754580    0    0 12530 62546 4153 3592  6  1 82 11  0
 0  2   5064 172356  99676 37758172    0    0  7436 64302 2910 2972  3  1 83 13  0
 1  2   5064 174412  99708 37757232    0    0  7686 65812 2685 2580  4  1 87  9  0
 0  2   5064 177024  99740 37754532    0    0  6790 75554 2719 2792  3  1 87  8  0
 0  3   5064 170076  99780 37759848    0    0  6174 70024 2933 2614  3  1 85 11  0
 0  2   5064 168512  99812 37764792    0    0  4206 76210 2634 2695  2  1 87 10  0
 0  2   5064 167712  99828 37764664    0    0  4098 75928 2247 1857  2  0 87 11  0
 2  3   5064 173656  99876 37758932    0    0  2566 82158 4518 4841  2  1 81 16  0
 0  2   5064 176456  99932 37757776    0    0  6532 69476 5026 5429  3  1 78 18  0
 0  2   5064 175956  99952 37757668    0    0  2816 74308 2362 2247  1  1 81 17  0
 0  2   5064 169672  99988 37764400    0    0  3076 73746 3265 3735  2  1 81 17  0
 0  2   5064 170552 100008 37762592    0    0  1282 80786 2460 2471  1  1 82 16  0
 0  2   5064 172064 100020 37760920    0    0  2308 89430 1604 1259  1  0 82 17  0
 0  2   5064 168848 100028 37765732    0    0  1282 73816 1465 1144  1  0 82 17  0
procs -----------memory---------- ---swap-- -----io---- -system-- -----cpu------
 r  b   swpd   free   buff  cache   si   so    bi    bo   in   cs us sy id wa st
 0  2   5064 176040 100028 37759408    0    0   256 80502 1320 1054  0  0 83 17  0
 0  2   5064 178504 100088 37757700    0    0   770 74566 4378 5414  1  1 82 16  0
 0  2   5064 168392 100160 37767920    0    0   512 84078 5943 7322  1  1 81 17  0
 0  2   5064 170096 100220 37766312    0    0   372 74404 5840 7059  2  1 80 17  0
 1  2   5064 175368 100300 37759032    0    0  3844 75416 8012 9640  3  1 79 18  0
 0  2   5064 169492 100400 37765024    0    0  1284 82112 7841 9808  2  2 80 16  0
 0  2   5064 172224 100504 37762964    0    0  3588 74776 10113 13668  3  2 80 15  0
 1  2   5064 173016 100568 37760184    0    0  2308 79086 5425 6915  2  1 86 11  0
 0  2   5064 180728 100612 37754164    0    0  3074 81254 4391 5153  2  1 81 16  0
 0  2   5064 173588 100748 37761056    0    0 11534 61480 8224 10606  6  2 80 12  0
 1  2   5064 177076 100812 37754572    0    0  9992 75022 4248 4440  5  1 82 12  0
 1  3   5064 171248 100880 37761764    0    0  7332 53544 3752 4318  4  1 84 11  0
 2  3   5064 175736 100960 37755844    0    0 15886 53062 5103 4869  7  1 81 11  0
 2  3   5064 168308 101048 37766120    0    0 14478 55680 5641 6060  7  2 77 15  0
 1  3   5064 170148 101100 37762996    0    0  5126 68780 4216 5244  3  1 82 14  0
 0  2   5064 173028 101140 37758732    0    0  2408 80680 3565 4045  2  1 89  8  0
 2  2   5064 171716 101180 37762836    0    0   514 81226 4816 6148  1  1 89  8  0
 0  2   5064 174832 101248 37760332    0    0   514 82222 4864 6258  1  1 88 10  0
 0  2   5064 169052 101280 37766720    0    0  1280 67916 2879 3358  1  1 82 16  0
 0  2   5064 169812 101312 37766860    0    0   256 69616 3568 4469  1  1 82 16  0
 0  2   5064 176260 101340 37760252    0    0   514 81232 2485 2913  1  1 85 14  0
procs -----------memory---------- ---swap-- -----io---- -system-- -----cpu------
 r  b   swpd   free   buff  cache   si   so    bi    bo   in   cs us sy id wa st
 0  2   5064 175680 101388 37760300    0    0  1796 75894 3370 4136  1  1 89  9  0
 0  2   5064 173332 101424 37762408    0    0   256 80868 3218 4006  1  1 90  8  0
 0  2   5064 170024 101448 37766076    0    0  1792 75956 2767 3322  1  1 90  8  0
 1  2   5064 172664 101468 37764508    0    0   512 89996 2999 3570  0  1 91  8  0
 0  2   5064 172964 101508 37762892    0    0   258 85184 2590 3112  1  1 85 14  0
 0  2   5064 172624 101540 37763144    0    0   256 89586 3282 4127  1  1 82 17  0
 0  2   5064 175964 101568 37761556    0    0   514 73998 2607 3268  1  1 83 16  0
 1  2   5064 178344 101592 37758952    0    0  1028 81578 2765 3205  1  1 82 16  0
 0  2   5064 172288 101604 37765712    0    0  1024 89466 2616 2958  1  1 82 17  0
 0  2   5064 169612 101624 37768428    0    0   514 68932 1942 2305  0  0 82 17  0
 1  2   5064 176820 101640 37761296    0    0   768 98662 2550 2881  1  0 83 16  0
 0  2   5064 174468 101676 37763004    0    0   258 82414 2509 3172  0  1 83 16  0
 4  1   5064 240320 101704 37697292    0    0  1028 86708 2693 2913  1  4 81 14  0
 0  2   5064 258664 101768 37678720    0    0   264 74738 2690 3146  1  4 81 14  0
 1  1   5064 222192 101816 37715120    0    0   512 75434 4399 5450  1  1 82 16  0
 0  2   5064 174804 101892 37762752    0    0  1796 68410 7048 8968  2  1 83 14  0
 1  2   5064 168796 101980 37768736    0    0  1538 82746 9893 13100  2  2 87  9  0
 0  2   5064 175252 102052 37760392    0    0   256 91658 10299 13512  1  2 88  9  0
 0  2   5064 175788 102120 37760136    0    0  1284 84262 9265 11960  2  1 81 16  0
 1  1   5064 173844 102184 37763584    0    0   258 46432 7555 9757  1  1 81 16  0
 0  2   5064 169932 102184 37767188    0    0  1024 55466 1281 1274  1  0 82 17  0
procs -----------memory---------- ---swap-- -----io---- -system-- -----cpu------
 r  b   swpd   free   buff  cache   si   so    bi    bo   in   cs us sy id wa st
 0  3   5064 173404 102192 37764284    0    0   768 48842 1281 1277  1  0 82 17  0
 0  2   5064 175700 102196 37760580    0    0  1794 76308 1087 1130  1  0 83 16  0
 0  2   5064 180352 102216 37756960    0    0  1282 88600 1628 1764  1  0 82 16  0
 0  2   5064 174432 102220 37762988    0    0  1024 74950 1316 1536  1  1 83 16  0
 0  3   5064 168760 102236 37768532    0    0   410 75902 1314 1393  0  0 83 16  0
 0  2   5064 172976 102236 37764524    0    0  1384 51588 1359 1249  1  0 83 17  0
 0  2   5064 177776 102256 37760188    0    0  1282 56176 1434 1407  1  0 83 17  0
 0  2   5064 176296 102260 37762988    0    0   768 56598 1281 1188  1  0 82 17  0
 0  2   5064 173300 102264 37764764    0    0   256 82070 1146 1130  0  0 83 16  0
 0  2   5064 171444 102264 37767296    0    0   768 89992 1196 1149  1  0 87 12  0
 0  2   5064 169732 102276 37769276    0    0  1026 82288 1204 1134  1  1 90  8  0
 0  2   5064 176424 102276 37762080    0    0  1024 68458 1268 1082  1  0 83 16  0
 0  2   5064 175188 102280 37765068    0    0   768 56636 1346 1138  1  0 83 16  0
 1  1   5064 175100 102296 37764752    0    0  1028 56644 1117 1034  1  0 82 17  0
 0  2   5064 177456 102296 37763964    0    0   256 51192 1017  993  0  0 83 17  0
 0  2   5064 170988 102316 37769624    0    0  5126 65488 1919 1593  2  0 80 17  0
 0  2   5064 172716 102324 37766808    0    0  1282 90270 1186 1143  1  0 81 18  0
 1  2   5064 174820 102324 37763988    0    0   512 84162  986 1017  0  0 83 17  0
 0  2   5064 172712 102332 37766700    0    0  1282 74874 1241 1094  1  0 83 16  0
 0  2   5064 172504 102332 37768700    0    0   512 56814 1137 1074  0  0 83 17  0
 0  2   5064 188732 102336 37752196    0    0   512 57418 1286 1071  0  0 83 16  0
procs -----------memory---------- ---swap-- -----io---- -system-- -----cpu------
 r  b   swpd   free   buff  cache   si   so    bi    bo   in   cs us sy id wa st
 2  2   5064 188952 102348 37750796    0    0  1536 50344 1391 1205  1  0 82 16  0
 0  2   5064 187076 102352 37752264    0    0   256 79628 1075  965  0  0 83 16  0
 0  2   5064 183616 102360 37755092    0    0   772 82686 1111 1062  1  0 82 17  0
 0  2   5064 178832 102360 37759032    0    0  1536 81990 1156 1078  1  0 82 17  0
 0  2   5064 181284 102368 37758580    0    0  1282 81446 1243 1076  1  1 82 17  0
 0  2   5064 180936 102368 37758360    0    0   256 94796  974  995  0  0 83 16  0
 0  2   5064 182724 102368 37755824    0    0   256 87272 1049 1022  0  1 83 16  0
 0  3   5064 184292 102380 37753296    0    0   768 92518 1160 1096  1  0 82 17  0
 0  2   5064 187144 102384 37750744    0    0   514 91538 1027  957  0  1 83 16  0
 0  2   5064 183416 102392 37754992    0    0  2562 91248 1320 1196  1  0 81 18  0
 0  2   5064 182068 102392 37756872    0    0   768 88646 1100 1034  1  1 82 17  0
 0  2   5064 181804 102392 37757980    0    0   256 97798 1023  963  0  1 83 16  0
 0  2   5064 186120 102392 37752836    0    0   512 85032 1048 1040  0  1 83 16  0
 0  2   5064 192324 102396 37746852    0    0   256 83884 1026  962  0  0 83 16  0
 1  2   5064 204476 102400 37735592    0    0   258 91204 1015 1007  0  1 83 16  0
 1  2   5064 207576 102412 37731900    0    0  1920 91136 1595 1325  1  1 87 11  0
 0  2   5064 209652 102416 37730696    0    0   256 81876 1180 1077  0  1 91  8  0
 0  1   5064 442056 102452 37498588    0    0   262 97096 1697 1372  0  2 85 12  0
 0  0   5064 489284 102464 37454128    0    0   256  4718  819  967  0  0 94  5  0
 0  0   5064 489788 102464 37454736    0    0   256     0  779  961  0  0 100  0  0
 0  0   5064 487860 102472 37456488    0    0   514     0  814 1012  0  0 100  0  0
procs -----------memory---------- ---swap-- -----io---- -system-- -----cpu------
 r  b   swpd   free   buff  cache   si   so    bi    bo   in   cs us sy id wa st
 0  0   5064 487464 102472 37457584    0    0   256     0  841 1025  0  0 100  0  0
 0  0   5064 486732 102480 37458996    0    0   256   114  832  969  0  0 99  0  0
 0  0   5064 484908 102480 37460896    0    0   512     0  863 1027  0  0 100  0  0
 0  0   5064 484544 102480 37462048    0    0   256     0  816  939  0  0 100  0  0
 0  0   5064 482940 102480 37463448    0    0   512    60  805  982  0  0 100  0  0
 0  0   5064 482112 102496 37464396    0    0   258  2756  818  964  0  0 99  0  0
 0  0   5064 481252 102496 37465048    0    0   256   446  828 1026  0  0 100  0  0
 0  0   5064 480432 102496 37466364    0    0   256     0  736  949  0  0 100  0  0
 0  0   5064 479216 102496 37468000    0    0   512     0  834  983  0  0 100  0  0
 1  0   5064 476992 102504 37469688    0    0   512    82  973 1092  0  0 99  0  0
 0  0   5064 475756 102508 37471072    0    0   256     0  789  936  0  0 100  0  0
 0  0   5064 474640 102512 37472348    0    0   258     0  785 1007  0  0 99  0  0
 0  0   5064 473416 102512 37473668    0    0   512     0  833  953  0  0 99  0  0
 0  0   5064 471920 102520 37474648    0    0   256  2416  823 1011  0  0 99  0  0
 0  1   5064 470184 102520 37475748    0    0   256  1754 1440  964  0  0 94  5  0
 0  1   5064 470152 102520 37476564    0    0   256  1850 1664 1000  0  0 91  8  0
 0  1   5064 469248 102528 37477460    0    0   256  1988 1623  985  0  0 91  9  0
 0  0   5064 468404 102532 37478712    0    0   256   156 1021  967  0  0 99  1  0
 0  0   5064 465736 102536 37481452    0    0   770     0  945 1030  0  0 100  0  0
 0  0   5064 464264 102536 37482472    0    0   256     0  832  975  0  0 100  0  0
 0  0   5064 469852 102544 37477020    0    0   512  2686  824 1012  0  0 99  0  0
procs -----------memory---------- ---swap-- -----io---- -system-- -----cpu------
 r  b   swpd   free   buff  cache   si   so    bi    bo   in   cs us sy id wa st
 0  0   5064 469396 102544 37478140    0    0   256    76  825  966  0  0 100  0  0
 0  0   5064 467664 102548 37479492    0    0   256   510  828 1008  0  0 100  0  0
 0  0   5064 466416 102552 37481072    0    0   514     0  821  988  0  0 100  0  0
 0  0   5064 464816 102560 37482136    0    0   256    48  892 1087  0  0 99  0  0
 0  0   5064 463804 102560 37483776    0    0   256     0  776  963  0  0 100  0  0
 0  0   5064 461332 102560 37486160    0    0   768     0  922 1062  0  0 100  0  0
 0  0   5064 459040 102568 37488636    0    0   514     0  930 1044  0  0 99  0  0
 0  0   5064 457036 102576 37490308    0    0   768  2630  898 1038  0  0 99  0  0
 0  0   5064 454236 102576 37492744    0    0   512     0  928 1079  1  0 99  0  0
 0  0   5064 452264 102584 37495028    0    0   770     0  939 1020  0  0 99  0  0
 0  0   5064 447500 103172 37499400    0    0  1356   128 1430 1311  0  0 94  5  0
 0  0   5064 444052 103176 37502680    0    0   768     0  988 1077  0  0 99  0  0
 0  0   5064 442176 103176 37504708    0    0   128     0  943 1011  0  0 99  0  0
 0  0   5064 440440 103176 37506496    0    0     0     0  957 1064  0  0 100  0  0
 0  0   5064 439364 103188 37507076    0    0     0  5864  962 1015  0  0 99  1  0
 0  0   5064 438876 103188 37507824    0    0     0     2  876 1031  0  0 100  0  0
 0  0   5064 437264 103188 37509020    0    0     0    48  898  978  0  0 100  0  0
 1  0   5064 437016 103188 37510680    0    0     0     0  886 1015  0  0 100  0  0
 0  0   5064 437684 103196 37510644    0    0     0  2180  745 1011  0  0 99  0  0
 0  0   5064 437320 103196 37510640    0    0     0     0  539  922  0  0 100  0  0
 0  0   5064 437856 103196 37510516    0    0     0     0  556  911  0  0 100  0  0
procs -----------memory---------- ---swap-- -----io---- -system-- -----cpu------
 r  b   swpd   free   buff  cache   si   so    bi    bo   in   cs us sy id wa st
 0  0   5064 438280 103196 37510396    0    0     0     0  598  901  0  0 100  0  0
 0  0   5064 438296 103204 37510276    0    0     0    54  580  949  0  0 100  0  0
 1  0   5064 438172 103204 37510276    0    0     0     2  606  936  0  0 100  0  0
 1  0   5064 438088 103204 37510224    0    0     0     0  577  946  0  0 100  0  0
 1  1   5064 438460 103212 37510216    0    0     0    26  575  918  0  0 100  0  0
 1  0   5064 438884 103212 37510140    0    0     0     0  554  940  0  0 100  0  0
 1  0   5064 438696 103212 37510140    0    0     0     0  580  899  0  0 100  0  0
 1  0   5064 438720 103212 37510092    0    0     0     0  573  953  0  0 100  0  0
 1  0   5064 438968 103212 37510080    0    0     0     0  574  899  0  0 100  0  0
 1  0   5064 439332 103212 37510064    0    0     0     0  560  955  0  0 100  0  0
 1  0   5064 438992 103220 37510052    0    0     0    26  638  948  0  0 100  0  0
 1  0   5064 438976 103220 37510084    0    0     0     0  576  909  0  0 100  0  0
 1  0   5064 439100 103228 37510076    0    0     0    40  595  952  0  0 100  0  0
 1  0   5064 439104 103228 37510084    0    0     0     0  569  891  0  0 100  0  0
 1  0   5064 438860 103228 37510084    0    0     0    38  563  956  0  0 100  0  0
 1  0   5064 439016 103228 37510068    0    0     0     0  578  895  0  0 100  0  0
 1  0   5064 439248 103228 37510064    0    0     0     0  574  947  0  0 100  0  0
 0  0   5064 438552 103228 37510052    0    0     0    16  584  903  0  0 100  0  0
 1  0   5064 438428 103236 37510048    0    0     0    40  595  953  0  0 100  0  0
 0  0   5064 438804 103236 37510056    0    0     0     0  572  913  0  0 100  0  0
 0  0   5064 438432 103244 37510056    0    0     0    22  564  951  0  0 100  0  0
procs -----------memory---------- ---swap-- -----io---- -system-- -----cpu------
 r  b   swpd   free   buff  cache   si   so    bi    bo   in   cs us sy id wa st
 0  0   5064 438292 103244 37510056    0    0     0     0  589  906  0  0 100  0  0
 0  0   5064 438704 103260 37510092    0    0   110     2  893 1356  1  0 99  0  0
 0  0   5064 9968236 103260 37510316    0    0   176     0  694  712  0  2 97  0  0
 0  0   5064 9991552 103260 37510252    0    0    18     2  429  534  0  0 100  0  0
