procs -----------memory---------- ---swap-- -----io---- -system-- -----cpu------
 r  b   swpd   free   buff  cache   si   so    bi    bo   in   cs us sy id wa st
 0  3 162036 30337896   3432  67672    0    0    37    19    0    0  0  0 99  0  0
 1  0 162036 30261568   3576  84056    0    0  7992     0 1623 1351  6  0 87  7  0
 0  0 162036 30257684   3576  85656    0    0   770     0  442  654  0  0 99  0  0
 0  0 162036 30258668   3588  85488    0    0     0   122  406  580  0  0 99  0  0
 0  0 162036 30258668   3588  85404    0    0     0     0  403  572  0  0 100  0  0
 0  0 162036 30259104   3588  85280    0    0     0     0  377  551  0  0 100  0  0
 0  0 162036 30246648   3640  97736    0    0    12     0 2337 2905  0  0 99  0  0
 0  0 162036 30197388   3716 146488    0    0     0     0 5002 6386  1  1 99  0  0
 4  0 162036 30127056   3800 216712    0    0     0     0 7619 10056  1  1 98  0  0
 1  0 162036 30022772   3908 298512    0    0  5412     0 7474 9759  4  1 93  2  0
 1  1 162036 29817112   4008 406692    0    0  6952     0 11517 15381 10  2 86  2  0
 1  2 162036 29520632   4128 495896    0    0  1794 67184 10755 13821 30  2 62  6  0
 2  2 162036 29390672   4220 581744    0    0  1372 71460 8216 11200  3  1 78 18  0
 0  2 162036 29268844   4320 648800    0    0  1510 26718 7271 9793  2  1 80 16  0
 9  8 162036 26975644   4656 815176    0    0 44950     0 14195 19157 32  6 39 23  0
 6  1 162036 23709272   4996 1112940    0    0 65350    18 15075 17337 34  9 48  8  0
 3  0 162036 22843100   5312 1442156    0    0 70190     0 14822 19161 35  5 53  7  0
 8  7 162036 22481708   5688 1794148    0    0 74058    40 15286 20466 34  5 48 13  0
 7  6 162036 22107448   5984 2103720    0    0 55044 39506 16761 22892 33  5 53  9  0
 0  6 162036 21768560   6344 2397796    0    0 44260 13738 18116 24385 27  4 54 15  0
 4  4 162036 21412020   6712 2752668    0    0 50846  6802 19163 29232 25  5 49 21  0
procs -----------memory---------- ---swap-- -----io---- -system-- -----cpu------
 r  b   swpd   free   buff  cache   si   so    bi    bo   in   cs us sy id wa st
 4  2 162036 20920136   7040 3090688    0    0 53538  6778 18540 27161 26  5 50 19  0
 3  2 162036 20627472   7336 3382696    0    0 46666 34392 18113 25290 22  4 62 12  0
 4  1 162036 20104920   7528 3573236    0    0 27532 20658 17568 21000 13  4 62 22  0
 2  4 162036 18786164   7808 3828520    0    0 34546 42170 19289 25228 18  5 64 12  0
 3  7 162036 18523036   8052 4091960    0    0 35080 29778 18428 24797 17  4 58 20  0
 2  4 162036 18232752   8336 4378848    0    0 45342 18866 18418 24592 20  4 53 23  0
 1  3 162036 17978608   8540 4589248    0    0 28548 41718 18253 23455 15  4 65 16  0
 1  2 162036 17829776   8688 4737208    0    0 22044 44830 16332 18667 11  3 70 16  0
 2  5 162036 17659864   8872 4906524    0    0 24630 36492 16616 19269 12  3 63 22  0
 2  3 162036 17528176   8984 5037864    0    0 17168 51180 15383 17936  8  3 66 23  0
 2  1 162036 17367428   9156 5199856    0    0 22144 42970 18186 20903 11  3 72 14  0
 1  2 162036 17179536   9272 5329836    0    0 16400 43294 16189 17830  9  3 76 12  0
 3  2 162036 17021528   9428 5484644    0    0 21786 39546 17065 19327 12  3 70 15  0
 2  5 162036 16848060   9600 5657888    0    0 27466 27378 17144 19357 13  3 64 20  0
 3  4 162036 16705568   9772 5800184    0    0 19812 43546 17781 20974 10  5 72 12  0
 0  2 162036 16494140   9976 6010540    0    0 24346 44134 18469 23245 13  3 61 23  0
 5  4 162036 16320888  10160 6183848    0    0 18204 35820 17317 20811  9  3 72 16  0
 0  2 162036 16101780  10356 6375032    0    0 20378 54928 18263 22318 11  3 71 15  0
 1  2 162036 15951492  10480 6525044    0    0 21268 26788 16921 20227 10  3 69 18  0
 1  2 162036 15818728  10612 6657948    0    0 16146 55020 15366 18654  9  3 78 10  0
 1  4 162036 15697820  10764 6778084    0    0 15950 46238 14820 17870  7  2 80 10  0
procs -----------memory---------- ---swap-- -----io---- -system-- -----cpu------
 r  b   swpd   free   buff  cache   si   so    bi    bo   in   cs us sy id wa st
 1  2 162036 15520120  10932 6955496    0    0 25958 32272 14609 19534 13  3 73 12  0
 4  2 162036 15289372  11140 7170548    0    0 38698 29954 13272 17415 17  3 62 18  0
 2  3 162036 15022888  11416 7436456    0    0 33192 32278 15784 22061 15  4 62 19  0
 2  2 162036 14795380  11640 7662956    0    0 23578 44354 15907 21823 12  4 65 19  0
 0  2 162036 14640132  11800 7818312    0    0 11532 63272 13560 16622  7  2 74 17  0
 4  4 162036 14410352  12012 8033804    0    0 28214 30100 15660 20799 14  3 63 19  0
 1  3 162036 14200584  12204 8244756    0    0 28932 36788 14670 19448 13  3 62 21  0
 4  3 162036 13996976  12376 8447932    0    0 28594 38072 14160 19439 13  3 63 21  0
 4  4 162036 13836040  12560 8607860    0    0 22692 51172 13855 17805 11  2 68 18  0
 2  3 162036 13622852  12804 8817896    0    0 38186 20282 12860 18835 17  3 58 22  0
 3  4 162036 13352392  13064 9087864    0    0 53026 17584 12866 19774 22  4 53 21  0
 2  3 162036 13089892  13316 9349400    0    0 51912 13190 12585 18797 21  3 54 21  0
 2  2 162036 12837668  13564 9581340    0    0 42646 25870 14007 19096 19  3 63 15  0
 2  5 162036 12612104  13796 9806552    0    0 35548 37508 15077 19988 16  3 58 23  0
 3  2 162036 12356400  14028 10048040    0    0 36400 39490 14297 19812 16  4 62 18  0
 2  2 162036 12146708  14248 10266216    0    0 31652 26896 13774 17802 15  3 62 20  0
 2  3 162036 11927980  14468 10483920    0    0 32576 44258 14038 17982 15  3 65 17  0
 2  3 162036 11753396  14620 10658312    0    0 28802 32542 11772 15722 14  3 66 18  0
 1  5 162036 11569752  14772 10824924    0    0 26184 43086 12567 15717 13  2 64 20  0
 2  3 162036 11380560  14968 11014056    0    0 34454 32186 13012 16169 15  3 65 17  0
 3  2 162036 11173224  15184 11221652    0    0 37262 33346 13685 16587 16  3 60 20  0
procs -----------memory---------- ---swap-- -----io---- -system-- -----cpu------
 r  b   swpd   free   buff  cache   si   so    bi    bo   in   cs us sy id wa st
 4  3 162036 10971320  15396 11422588    0    0 36138 26150 13491 17079 17  3 62 19  0
 2  4 162036 10665800  15712 11718580    0    0 56382 14696 15724 20930 25  4 53 18  0
 2  5 162036 10359612  16016 12023384    0    0 61632 13738 15271 20834 28  4 48 20  0
 3  5 162036 10002972  16332 12361340    0    0 65778     0 15677 23148 29  4 47 19  0
 1  6 162036 9664288  16672 12689824    0    0 63046  6314 17945 26089 28  5 42 24  0
 4  6 162036 9350476  16972 13005212    0    0 60298 14030 16653 24411 27  5 47 21  0
 1  5 162036 9049740  17256 13295248    0    0 59758  6192 16049 21893 25  4 52 19  0
 3  4 162036 8846200  17480 13497280    0    0 39044 32474 11968 14680 17  3 58 22  0
 3  3 162036 8600356  17708 13746680    0    0 40998 24694 13821 20367 19  4 55 22  0
 2  2 162036 8364972  17992 13972596    0    0 46012 26818 11676 16178 19  3 56 22  0
 5  3 162036 8115640  18224 14222912    0    0 45362  4166 12797 18690 20  3 54 23  0
 5  2 162036 7852720  18540 14463984    0    0 55490   756 14298 19655 24  9 50 17  0
 3  3 162036 7573232  18816 14742600    0    0 54350 20610 13842 19785 24  4 52 20  0
 0  8 162036 7387232  19016 14926580    0    0 33212 32184 12926 16172 15  3 54 27  0
 3  3 162036 7123616  19252 15178056    0    0 50206  9168 13395 18176 21  4 51 25  0
 4  3 162036 6857016  19520 15443932    0    0 54966  5626 12930 17785 23  3 52 21  0
 7  5 162036 6525688  19820 15761596    0    0 51248 16104 15042 21701 24  4 51 21  0
 4  3 162036 6228244  20104 16060188    0    0 44954 32542 14662 21135 24  5 55 16  0
 3  2 162036 5972524  20364 16312776    0    0 40754 28016 14739 17846 19  3 61 17  0
 2  3 162036 5763104  20564 16497468    0    0 32288 26918 12618 13127 14  3 66 17  0
 3  2 162036 5551676  20764 16709940    0    0 38060 32516 13774 15373 16  3 69 12  0
procs -----------memory---------- ---swap-- -----io---- -system-- -----cpu------
 r  b   swpd   free   buff  cache   si   so    bi    bo   in   cs us sy id wa st
 3  5 162036 5315712  20996 16945140    0    0 29390 43560 16266 20542 15  4 63 18  0
 1  3 162036 5130612  21152 17116736    0    0 20352 32560 13802 16344 10  3 68 19  0
 0  3 162036 4961096  21332 17286660    0    0 21632 49586 13130 15837 10  3 71 17  0
 0  3 162036 4788900  21492 17458812    0    0 21682 28172 12735 15890 10  2 70 17  0
 3  6 162036 4648500  21640 17596760    0    0 23092 46832 12038 13629 11  2 70 17  0
 4  3 162036 4525524  21744 17719444    0    0 21114 53294 9554 10607  9  2 68 21  0
 2  3 162036 4381420  21920 17864908    0    0 20096 44236 11671 14727  9  2 71 17  0
 3  3 162036 4150928  22108 18057256    0    0 38056 24256 11332 14703 16  3 65 16  0
 1  3 162036 3967764  22296 18240964    0    0 32934 27446 12665 16235 15  3 68 14  0
 2  3 162036 3801240  22464 18406776    0    0 28574 49064 12163 16449 12  3 76  9  0
 6  3 162036 3584744  22684 18600876    0    0 37164 18562 12636 16548 16  3 70 11  0
 2  5 162036 3332900  22912 18852960    0    0 48970 22260 12851 18196 21  3 60 16  0
 4  4 162036 3089488  23140 19096832    0    0 46740 19950 12272 17973 19  3 64 14  0
 3  5 162036 2891468  23324 19267104    0    0 31732 35280 11384 14981 14  3 69 14  0
 1  2 162036 2769080  23472 19390028    0    0 17482 52912 10654 12148  8  2 73 18  0
 2  3 162036 2571192  23664 19587984    0    0 26296 46064 12457 15164 12  3 71 14  0
 2  2 162036 2371744  23860 19788164    0    0 19832 49058 13950 17483 11  3 69 17  0
 3  3 162036 2093992  24140 20065512    0    0 20502 29670 16277 22749 12  4 66 18  0
 0  2 162036 1844032  24372 20311520    0    0 14094 56490 15779 21527  9  4 69 18  0
 3  3 162036 1597768  24596 20557112    0    0 19372 42866 14033 18311 10  3 74 13  0
 1  2 162036 1427060  24748 20727592    0    0 17782 50200 11771 14299  8  3 73 16  0
procs -----------memory---------- ---swap-- -----io---- -system-- -----cpu------
 r  b   swpd   free   buff  cache   si   so    bi    bo   in   cs us sy id wa st
 2  3 162036 1311732  24868 20842696    0    0  8098 53178 11563 14412  5  2 78 15  0
 1  3 162036 1183152  24992 20972096    0    0 12790 39530 11243 13212  7  2 75 16  0
 0  5 162036 1095640  25064 21055728    0    0  6970 66780 9387 11143  5  1 79 15  0
 1  2 162036 956744  25204 21195104    0    0 30068 27790 7128 8121 12  2 70 16  0
 0  2 162036 913840  25264 21236820    0    0  9746 48576 3532 3046  4  1 78 17  0
 1  2 162036 869820  25304 21280784    0    0  4484 48044 4192 4415  3  1 80 16  0
 0  2 162036 813772  25336 21315120    0    0  4356 61312 3271 3106  3  1 80 16  0
 2  3 162036 729948  25428 21400008    0    0 16148 36298 4751 5205  7  1 78 13  0
 0  3 162036 590324  25572 21539540    0    0 32678 33450 6269 7326 13  1 71 14  0
 3  3 162036 476484  25684 21653248    0    0 23576 41936 5021 6423 10  2 77 12  0
 3  4 162036 297684  25852 21831240    0    0 37156 19554 7345 9931 15  2 67 15  0
 0  3 162036 175800  25948 21933304    0    0 20526 50596 5317 6429 10  1 77 12  0
 1  5 162036 164656  25580 21944272    0    0 23296 41852 5355 6290  9  1 78 11  0
 2  3 162036 164664  25752 21945596    0    0 39518 35760 7514 9623 17  2 64 17  0
 5  4 162036 162432  25900 21932884    0    0 42948 10680 6351 9409 18  2 59 20  0
 3  3 162036 158960  26072 21934308    0    0 48532 17076 7024 9756 19  3 60 18  0
 1  2 162036 164788  26128 21929808    0    0 13962 65200 4826 4927  7  1 73 18  0
 1  3 162036 165284  26268 21927344    0    0 28330 32794 5164 6043 11  2 68 20  0
 0  4 162036 159464  26380 21934336    0    0 23216 33384 4785 6044 10  1 74 15  0
 1  3 162036 163556  26472 21922488    0    0 24956 38724 5163 6187 10  2 68 21  0
 0  3 162036 161820  26580 21925568    0    0 22172 36498 4723 5613  9  1 67 22  0
procs -----------memory---------- ---swap-- -----io---- -system-- -----cpu------
 r  b   swpd   free   buff  cache   si   so    bi    bo   in   cs us sy id wa st
 1  2 162036 156860  26672 21930816    0    0 19862 37592 5600 5500  8  1 67 23  0
 1  3 162036 156984  26752 21930012    0    0 19474 47198 4656 4968  8  1 70 21  0
 0  3 162036 160208  26836 21926864    0    0 20500 42590 4297 5191  9  1 71 19  0
 1  4 162036 158736  26920 21917128    0    0 20936 45398 4849 5632  9  1 73 16  0
 1  3 162036 158364  27032 21916772    0    0 22274 47260 4807 5395  9  2 70 19  0
 1  2 162036 161092  27128 21916188    0    0 24062 32702 5083 5568 10  1 69 19  0
 0  4 162036 159356  27216 21918884    0    0 22292 31860 5025 5437 10  1 68 21  0
 4  1 162036 164192  27340 21914132    0    0 24732 48308 5344 6438 11  2 70 17  0
 2  3 162036 164424  27476 21905216    0    0 16660 42252 6646 8171  8  1 79 12  0
 1  3 162036 157108  27584 21910960    0    0 19092 51416 6229 8350  8  2 74 16  0
 0  3 162036 161200  27708 21908616    0    0 13584 41656 6158 7939  7  2 74 17  0
 0  4 162036 161564  27916 21907168    0    0 31786 38606 7735 10398 13  3 68 16  0
 1  3 162036 162448  28024 21905592    0    0 25374 28664 5593 6339 10  2 72 16  0
 1  2 162036 163688  28156 21897932    0    0 31520 38568 6895 7251 13  2 69 15  0
 3  3 162036 160356  28264 21899432    0    0 27288 33854 7910 6811 12  2 70 16  0
 0  2 162036 170276  28344 21889880    0    0 19984 52594 6578 5274 10  2 72 16  0
 2  2 162036 158852  28456 21900556    0    0 15390 40988 3906 3182  6  1 76 18  0
 0  4 162036 165160  28560 21895088    0    0 13578 56794 5999 6328  7  2 79 12  0
 2  2 162036 159828  28668 21900544    0    0  9358 54334 5978 7355  5  2 75 19  0
 0  1 162036 162604  28816 21897344    0    0 10762 63990 7375 9235  6  2 79 14  0
 0  2 162036 160404  28964 21899552    0    0  6150 55120 8344 11486  4  2 83 11  0
procs -----------memory---------- ---swap-- -----io---- -system-- -----cpu------
 r  b   swpd   free   buff  cache   si   so    bi    bo   in   cs us sy id wa st
 1  2 162036 157924  29048 21901824    0    0  6152 60606 5649 6959  3  1 83 12  0
 0  2 162036 165976  29176 21893788    0    0  6406 58852 7889 10005  4  2 84 10  0
 0  6 162036 161520  29260 21893700    0    0  5384 36330 5317 6823  4  1 66 29  0
 0  2 162036 219304  29360 21836668    0    0  6920 48746 5771 7133  4 10 69 18  0
 0  2 162036 163660  29444 21892996    0    0  5382 31698 5376 6817  4  1 74 21  0
 0  2 162036 159196  29468 21896692    0    0  6792 40002 2541 1995  3  1 82 14  0
 0  2 162036 162792  29484 21893204    0    0  4826 41298 2609 2094  3  1 87 10  0
 1  3 162036 153740  29564 21900928    0    0 14868 36244 3479 3155  6  1 71 22  0
 1  2 162036 164280  29656 21890444    0    0 24218 49014 4847 4627 10  2 68 21  0
 2  3 162036 162544  29736 21893508    0    0 18964 58580 4572 3818  8  1 71 19  0
 3  3 162036 158328  29832 21897084    0    0 23982 43562 5355 4710 10  1 66 23  0
 2  3 162036 163048  29948 21877224    0    0 20890 38582 4572 5432  9  2 69 21  0
 3  2 162036 160320  30136 21877196    0    0 42062 17700 8145 10968 17  3 70 10  0
 4  4 162036 158724  30368 21878760    0    0 45872  5822 9121 13174 19  3 65 13  0
 0  9 162036 159916  30524 21848216    0    0 26142 37566 6504 8771 11  2 63 24  0
 2  6 162036 163256  30620 21843292    0    0 12966 40912 6090 7859  6  1 56 36  0
 4  4 162036 161932  30696 21847012    0    0 15888 23360 4061 5034  7  1 40 52  0
 1  4 162036 292868  30836 21709720    0    0 28602 26564 6827 8516 16  2 62 20  0
 4  5 162036 162884  31016 21842880    0    0 30062 20614 8285 9756 13  2 60 25  0
 2  4 162036 161272  31228 21837556    0    0 37420 20020 10066 12689 18  3 60 20  0
 1  4 162036 159784  31328 21838400    0    0 17294 40880 7909 9088  8  2 60 30  0
procs -----------memory---------- ---swap-- -----io---- -system-- -----cpu------
 r  b   swpd   free   buff  cache   si   so    bi    bo   in   cs us sy id wa st
 1  5 162036 161280  31392 21834692    0    0 11664 54020 4266 4350  5  1 56 38  0
 0  9 162036 161652  31504 21835608    0    0 23066 39838 6707 7419 10  2 54 35  0
 0 15 162036 159520  31616 21836688    0    0 13634 51414 5746 6523  7  1 42 50  0
 0 15 162036 162464  31744 21833884    0    0 16098 39770 6894 9083  7  2 33 59  0
 2  4 162036 160356  31968 21824372    0    0 26800 25494 12100 17525 14  4 38 44  0
 0  8 162036 165828  32156 21816812    0    0 27268 46122 8967 13209 12  3 55 30  0
 0 12 162036 160612  32220 21822252    0    0 12052 19040 2951 2851  4  1 36 59  0
 0 15 162036 159132  32280 21824384    0    0 11788 54188 3925 4442  5  1 36 58  0
 1  5 162036 158512  32320 21822364    0    0  7584 53076 2478 2895  4  1 32 64  0
 0 15 162036 160992  32440 21820044    0    0 22938 28812 5405 7327 10  2 38 51  0
10  9 162036 157752  32536 21822636    0    0 15116 51488 4761 5930  7  1 35 57  0
 0 19 162036 161100  32652 21818484    0    0 14036 43620 5175 7636  7  2 30 61  0
 2  3 162036 158016  32824 21812020    0    0 20048 37934 8729 13800 10  3 49 38  0
 1  3 162036 160776  32972 21810592    0    0 18430 42914 8208 11741  9  2 68 21  0
 2  3 162036 159784  33064 21810872    0    0 11914 56012 6229 7537  5  1 74 19  0
 0 10 162036 162156  33140 21809220    0    0 17578 49896 4627 4141  8  1 51 40  0
 0  7 162036 162280  33180 21807968    0    0  6766 66292 3517 3275  3  1 57 39  0
 1  3 162036 156964  33240 21812724    0    0 15144 52860 4625 4183  7  1 55 37  0
 1  2 162036 160080  33308 21810548    0    0 15734 50168 4657 3825  7  1 56 35  0
 0  4 162036 158468  33380 21806220    0    0 16620 44600 5487 3968  8  1 71 20  0
 1  3 162036 157080  33492 21806524    0    0 15738 42966 5781 5831  6  2 74 19  0
procs -----------memory---------- ---swap-- -----io---- -system-- -----cpu------
 r  b   swpd   free   buff  cache   si   so    bi    bo   in   cs us sy id wa st
 3  4 162036 157204  33616 21808656    0    0 21070 36706 6417 7429 10  2 68 20  0
 1  3 162036 158048  33756 21803108    0    0 18332 42260 5366 5852  8  1 78 13  0
 1  3 162036 157312  33892 21804596    0    0 22060 37674 7194 8152 10  2 76 12  0
 1  2 162036 161776  33972 21799916    0    0 13944 51734 5525 6148  7  1 76 16  0
 1  2 162036 160172  34060 21803120    0    0 18448 49446 7204 7411  9  1 78 12  0
 4  4 162036 158140  34348 21796532    0    0 42198  6062 11916 13492 20  3 61 16  0
 6  4 162036 159140  34676 21791496    0    0 62126 12054 11209 14226 28  4 50 18  0
 0 10 162036 163224  34956 21767648    0    0 59890  5564 10332 13189 26  4 53 17  0
 0 10 162036 161620  35104 21771208    0    0 34160 29078 7160 8269 15  2 41 42  0
 2 13 162036 163844  35236 21765152    0    0 29884 56230 5549 5883 13  2 37 48  0
 0 13 162036 160504  35284 21768944    0    0 10990 56660 4040 4463  4  1 52 43  0
 4 10 162036 159636  35440 21750544    0    0 28082 87908 8144 10133  8  2 43 47  0
 4  5 162036 159760  35540 21753640    0    0 20096 40628 4595 5063  8  1 46 45  0
 0 10 162036 160644  35636 21752172    0    0 22802 32574 5600 5176 10  1 48 41  0
 1  5 162036 162512  35840 21747532    0    0 41518 31164 9783 11569 19  3 58 19  0
 3  3 162036 161636  36048 21737280    0    0 41134 14138 7734 10348 17  3 66 15  0
 2  7 162036 161156  36224 21737952    0    0 43330 25346 6490 9233 18  3 62 17  0
 4  7 162036 162644  36320 21736112    0    0 20762 50842 5001 4837  9  1 46 43  0
 0 15 162036 157684  36436 21740408    0    0 29364 32896 5839 5802 14  2 46 38  0
 0 13 162036 162520  36536 21737768    0    0 21700 45570 4521 4952  8  1 41 50  0
 2 13 162036 162024  36652 21737416    0    0 28014 32038 5652 6425 13  1 44 42  0
procs -----------memory---------- ---swap-- -----io---- -system-- -----cpu------
 r  b   swpd   free   buff  cache   si   so    bi    bo   in   cs us sy id wa st
 4  8 162036 158784  36792 21738864    0    0 29728 40300 6254 7140 14  2 39 45  0
 3  5 162036 162792  36940 21730228    0    0 23086 43326 8566 11089 13  2 45 40  0
 5 10 162036 160644  37052 21732096    0    0 21170 47468 6515 7765  8  2 52 38  0
 4 10 162036 159528  37312 21733408    0    0 51128  6038 10428 13116 22  3 46 29  0
 3 10 162036 161100  37592 21721012    0    0 60570  6960 9778 11204 27  3 44 27  0
 0 13 162036 157760  37684 21719668    0    0 16424 67000 5820 5294  8  1 42 49  0
 0 12 162036 161704  37840 21718572    0    0 26892 42156 7748 7708 10  2 38 50  0
 4  6 162036 162960  37944 21715840    0    0 25622 40356 6151 6705 12  2 35 52  0
 0 13 162036 160984  38056 21716200    0    0 26908 47300 6933 5850 12  2 38 49  0
 1  9 162036 161636  38160 21700272    0    0 20782 43620 6192 5843 10  2 41 47  0
 1 14 162036 166488  38304 21697276    0    0 34112 31148 7954 7320 16  2 36 46  0
 0 14 162036 159876  38432 21702772    0    0 26986 33280 6196 7210 11  2 30 56  0
 0 17 162036 158712  38636 21703756    0    0 24140 35626 7914 11456 11  3 29 57  0
 0 18 162036 160796  38848 21696692    0    0 25948 42528 10453 16400 14  4 33 49  0
 2 10 162036 167880  39028 21683204    0    0 27608 31346 8509 10974 12  2 35 50  0
 1 17 162036 160936  39256 21688772    0    0 31020 58280 11228 14454 10  2 35 52  0
 0 18 162036 157572  39404 21691940    0    0 21674 39092 8336 10710 10  2 37 51  0
 0 18 162036 160300  39484 21690656    0    0 13556 45834 7202 8829  7  2 42 49  0
 1 13 162036 163820  39628 21688568    0    0 16324 43488 8838 10930  9  2 52 36  0
 0 19 162036 159200  39796 21680304    0    0 25222 31184 9182 10589 12  3 39 46  0
 2  2 162036 157696  39920 21680456    0    0 17270 43138 8052 10104  8  2 36 53  0
procs -----------memory---------- ---swap-- -----io---- -system-- -----cpu------
 r  b   swpd   free   buff  cache   si   so    bi    bo   in   cs us sy id wa st
 4  2 162036 161804  40188 21679900    0    0 27680 37284 15961 22150 13  4 63 20  0
 0  9 162036 161200  40344 21677920    0    0 26652 25976 7648 8763 12  2 38 48  0
 2 15 162036 156364  40468 21682364    0    0 21018 39462 6652 7446 10  2 42 47  0
 2 11 162036 158968  40580 21660432    0    0 18450 45740 6442 7523  9  1 42 47  0
 0 15 162036 161572  40700 21658712    0    0 24090 35340 7178 7323 11  2 42 45  0
 2 12 162036 162184  40828 21658892    0    0 20756 45236 7378 7915  9  2 37 52  0
 0 12 162036 162944  40928 21656704    0    0 11166 45884 7935 9982  6  2 46 46  0
 2  2 162036 158100  41028 21662144    0    0 14712 50234 7401 9214  7  2 37 54  0
 2  2 162036 160192  41216 21659240    0    0 27542 31416 13052 14328 13  3 64 20  0
 0 18 162036 152008  41396 21656680    0    0 24222 36750 11150 11713 12  3 54 32  0
 2  5 162036 158092  41520 21652580    0    0 19140 41262 8706 9579  8  2 46 44  0
 2  3 162036 160572  41696 21649116    0    0 27886 33372 11743 12790 13  3 65 19  0
 1  3 162036 162052  41804 21649400    0    0 22448 38710 7886 8330 10  2 58 30  0
 1  8 162036 154240  41916 21656368    0    0 19712 31980 7227 7475  9  2 47 42  0
 0 20 162036 157324  41992 21643464    0    0 21590 43622 5578 6077  9  2 38 51  0
 5  6 162036 158548  42112 21641588    0    0 18602 45136 6808 7887  8  2 36 54  0
 2  4 162036 256132  42276 21514132    0    0 29962 26254 10965 10582 18  3 43 36  0
 4  4 162036 163280  42440 21640112    0    0 29724 32134 8939 10039 14  3 68 15  0
 6 10 162036 151964  42636 21640304    0    0 38584 18448 7519 9034 15  2 57 25  0
 1  5 162036 158396  42776 21631960    0    0 29088 32276 8154 8367 12  2 54 31  0
 2  4 162036 162488  42968 21628452    0    0 36542 30244 8403 10527 15  2 65 18  0
procs -----------memory---------- ---swap-- -----io---- -system-- -----cpu------
 r  b   swpd   free   buff  cache   si   so    bi    bo   in   cs us sy id wa st
 2  3 162036 159388  43056 21631168    0    0 19576 46992 6168 7614  8  2 76 15  0
 3  5 162036 158768  43196 21631672    0    0 22296 31668 7647 9957 10  2 67 21  0
 0 20 162036 162720  43268 21607096    0    0 11666 52480 4465 5166  5  1 35 59  0
 0 18 162036 159224  43388 21609340    0    0 13200 40196 5197 7091  6  1 25 68  0
 3  7 162036 162820  43624 21608600    0    0 29110 31858 11737 16514 14  4 45 36  0
 0 14 162036 158240  43728 21610916    0    0 18558 30434 7134 9104  8  2 34 56  0
 0 10 162036 159124  43872 21612704    0    0 19864 38080 8063 10720  9  2 40 49  0
 3  4 162036 158588  44148 21597800    0    0 36398 29218 11471 16650 17  4 37 42  0
 8 12 162036 160588  44376 21594056    0    0 39102 25928 10195 13409 16  3 50 31  0
 1 15 162036 157240  44484 21596332    0    0 20222 41476 6220 7418  9  2 28 61  0
 0 13 162036 162588  44524 21592588    0    0 12558 39324 4621 4969  5  1 45 49  0
 4  3 162036 161000  44688 21594740    0    0 25240 46044 8437 10611 12  3 50 35  0
 1  3 162036 159272  44872 21574604    0    0 28346 33306 10290 12099 12  3 70 15  0
 4  5 162036 164720  45048 21571444    0    0 31654 20886 8038 10167 13  2 60 24  0
 2  5 162036 158280  45248 21576444    0    0 43798 25878 9201 10891 18  3 58 21  0
 2  4 162036 160496  45420 21572788    0    0 26932 30318 8868 11088 13  2 67 18  0
 4  4 162036 157164  45624 21559220    0    0 34356 16426 8169 9557 14  8 62 17  0
 4  3 162036 158752  46040 21558036    0    0 25124 27026 8614 9553 11  2 65 23  0
 2  9 162036 160860  46164 21555452    0    0 10738 44502 8039 8204  7  2 60 31  0
 0  3 162036 160164  46620 21557072    0    0 30944 24136 8359 8206 11  2 59 28  0
 0  4 162036 161780  47012 21555372    0    0 12196 18758 6912 7407  5  1 75 19  0
procs -----------memory---------- ---swap-- -----io---- -system-- -----cpu------
 r  b   swpd   free   buff  cache   si   so    bi    bo   in   cs us sy id wa st
 0  3 162036 159424  47408 21542196    0    0 14240 21478 7983 8450  7  2 73 18  0
 0  3 162036 161780  47776 21538116    0    0 12186 31114 8322 8370  6  2 76 17  0
 1  3 162036 160680  47976 21540344    0    0  8930 34290 6945 7869  4  1 79 16  0
 0  2 162036 163052  48032 21537544    0    0 10864 43170 4282 3747  5  1 81 13  0
 0  2 162036 157348  48072 21543628    0    0  9738 50722 4132 3480  4  1 82 13  0
 0  6 162036 162928  48100 21536672    0    0  7590 47060 4673 3574  4  1 83 13  0
 3  3 162036 165920  48208 21534120    0    0 20366 32260 5903 5172  8  1 73 18  0
 2  3 162036 159348  48264 21540756    0    0 15502 57946 4437 4486  6  1 80 13  0
 1  2 162036 165804  48344 21536520    0    0 15352 35702 5605 5257  7  1 75 17  0
 2  3 162036 163936  48448 21524352    0    0 19164 28284 5989 5906  8  1 71 19  0
 2  3 162036 156992  48588 21533592    0    0 26946 28196 7245 6984 11  2 73 14  0
 3  2 162036 160588  48792 21529744    0    0 49438    64 9584 10133 19  3 60 17  0
 3  4 162036 157132  48912 21533608    0    0 28596 27174 8213 6717 12  2 73 13  0
 2  2 162036 157100  49036 21505480    0    0 18298 49216 6765 7286  8  2 80 10  0
 4  3 162036 165284  49264 21496400    0    0 44342  7862 9450 11419 17  3 64 16  0
 2  4 162036 161556  49464 21499636    0    0 41664 20502 9324 11533 18  3 66 14  0
 1  4 162036 159324  49632 21482536    0    0 29442 13838 9107 10375 14  2 72 12  0
 3  4 162036 163424  49752 21475456    0    0 12228 68418 5930 6594  6  1 56 37  0
 0  4 162036 157068  49960 21482540    0    0 34704 32766 9735 14181 15  3 67 15  0
 3  3 162036 160772  50176 21476040    0    0 43034 12720 10912 13740 18  3 62 17  0
 2  3 162036 161284  50376 21465340    0    0 42794 19482 10652 14771 19  3 64 14  0
procs -----------memory---------- ---swap-- -----io---- -system-- -----cpu------
 r  b   swpd   free   buff  cache   si   so    bi    bo   in   cs us sy id wa st
 1  3 162036 162416  50552 21463608    0    0 35646 32960 9935 13432 14  3 70 13  0
 2  3 162036 161896  50704 21461080    0    0 20478 51722 9201 11882 10  2 75 12  0
 2  3 162036 162276  50840 21462368    0    0 34340 18728 6514 9013 14  2 66 18  0
 1  4 162036 164616  51012 21440912    0    0 40770 33780 9409 11388 16  3 65 16  0
 2  3 162036 162524  51180 21444564    0    0 36744 19712 9470 13524 15  3 64 18  0
 4  2 162036 157672  51328 21451072    0    0 31270 32148 7556 9204 14  2 60 25  0
 3  3 162036 165088  51492 21428092    0    0 32298 30206 7221 7614 13  2 69 16  0
 3  4 162036 160484  51616 21431480    0    0 26934 27948 6861 7129 12  2 74 12  0
 1  2 162036 161128  51736 21431192    0    0 25684 27486 6031 6586 10  1 75 14  0
 0  8 162036 159400  51836 21433684    0    0 18452 38878 7221 8521  8  2 67 23  0
 4  3 162036 160996  51924 21432524    0    0 21334 19754 5061 5575  8  1 67 23  0
 3  4 162036 161524  51988 21407468    0    0 17574 48402 5123 4761  8  1 62 28  0
 2  4 162036 164508  52080 21401872    0    0 19478 19954 5039 5960  8  2 77 13  0
 0  2 162036 164368  52192 21402992    0    0 21812 42772 6732 6989 10  2 77 12  0
 4  2 162036 162608  52284 21401480    0    0 15762 39052 5875 6508  7  1 81 10  0
 1  2 162036 162880  52340 21402312    0    0 12938 38630 5704 5801  7  1 81 11  0
 1  5 162036 157440  52432 21407296    0    0 13534 39032 5184 5381  6  1 81 12  0
 2  2 162036 165352  52560 21392640    0    0 24536 35644 6540 6904 11  2 73 15  0
 1  2 162036 157052  52652 21399428    0    0 14862 53810 5484 5926  7  1 76 16  0
 2  3 162036 158480  52780 21397880    0    0 21918 33388 7149 7893  9  1 71 18  0
 3  3 162036 157836  52988 21398920    0    0 45000 14514 10267 11738 19  3 59 19  0
procs -----------memory---------- ---swap-- -----io---- -system-- -----cpu------
 r  b   swpd   free   buff  cache   si   so    bi    bo   in   cs us sy id wa st
 0  3 162036 162160  53140 21393492    0    0 34210 26694 9118 10314 16  2 62 20  0
 4  4 162036 159432  53336 21368080    0    0 39848 25328 10102 12388 17  3 58 23  0
 2  3 162036 157820  53556 21371728    0    0 41748 18598 10349 12000 17  2 66 14  0
 1  2 162036 163376  53672 21365348    0    0 20118 41764 8091 8497  9  2 76 12  0
 1  3 162036 163500  53788 21354184    0    0 20018 40068 7493 7411 10  2 77 11  0
 3  3 162036 163996  53864 21352948    0    0 13814 29464 6458 6643  6  1 79 13  0
 0  4 162036 164004  53972 21353372    0    0 12706 41604 8208 9800  7  2 77 14  0
 2  3 162036 159416  54052 21357928    0    0 16762 26650 5620 6308  7  1 78 13  0
 0  2 162036 162756  54132 21353312    0    0  9480 60504 5947 7008  5  1 77 17  0
 2  6 162036 163360  54228 21353092    0    0 12298 43308 6397 6771  6  2 73 20  0
 2  4 162036 159012  54380 21358144    0    0 18862 26580 9034 10057  9  2 69 19  0
 2  2 162036 160748  54556 21357672    0    0 21764 43992 10144 11690 10  3 75 12  0
 2  4 162036 157260  54724 21349644    0    0 25650 30390 7813 11079 12  2 75 11  0
 1  2 162036 161864  54864 21344448    0    0 29830 25414 7042 9004 12  2 71 15  0
 1  4 162036 161228  55080 21344076    0    0 27344 12364 7237 8962 12  2 71 16  0
 0  3 162036 161460  55312 21343168    0    0 17284 25658 8868 11403  8  2 74 16  0
 1  2 162036 162756  55440 21342636    0    0  6614 39366 7520 8595  4  2 81 13  0
 3  4 162036 234196  55536 21267948    0    0 13484 40154 7965 7841 11  2 76 12  0
 0  2 162036 162284  55640 21325732    0    0 14968 33176 7616 8170  8  1 75 16  0
 1  2 162036 166376  55724 21322320    0    0 12044 39132 5893 6969  6  2 76 17  0
 1  2 162036 158068  55812 21329808    0    0 11786 48160 7010 8209  6  2 75 17  0
procs -----------memory---------- ---swap-- -----io---- -system-- -----cpu------
 r  b   swpd   free   buff  cache   si   so    bi    bo   in   cs us sy id wa st
 0  2 162036 157432  55924 21331956    0    0 10136 42880 7185 8922  6  2 79 14  0
 1  2 162036 163408  56024 21324536    0    0 10152 41822 8360 9793  6  2 81 12  0
 1  2 162036 158656  56156 21330184    0    0 11790 37768 9820 11735  6  2 77 15  0
 1  3 162036 160160  56280 21329192    0    0  9898 44132 10527 12884  5  2 76 17  0
 1  2 162036 163648  56380 21325724    0    0 12274 42036 12654 15656  7  2 75 16  0
 0  2 162036 164136  56496 21325728    0    0  6406 44618 12851 16514  5  2 81 13  0
 1  3 162036 161068  56628 21328520    0    0  6666 44952 15405 20664  5  3 76 16  0
 0  3 162036 158812  56808 21331156    0    0 23472 24792 13297 17660 11  3 65 20  0
 3  2 162036 163532  56956 21313148    0    0 23042 32954 7838 10533 10  2 70 17  0
 1  2 162036 158324  57108 21317532    0    0 21272 31550 8176 10999  9  2 73 15  0
 1  2 162036 161192  57212 21315296    0    0 14604 40456 6039 7644  6  2 78 14  0
 1  3 162036 165656  57280 21310332    0    0 13072 41840 5926 6573  6  1 83 10  0
 1  2 162036 157456  57400 21317420    0    0 14480 33616 7710 9406  7  1 82 10  0
 0  2 162036 164260  57492 21311608    0    0 10004 42264 9234 10448  5  2 84 10  0
 0  2 162036 160184  57572 21313940    0    0  4610 61932 8368 10515  3  2 83 12  0
 1  3 162036 164648  57652 21309532    0    0  5790 38436 8777 10530  4  2 78 17  0
 1  2 162036 157712  57696 21317064    0    0  6252 45152 6244 7115  3  1 79 17  0
 2  2 162036 165276  57732 21310540    0    0  5510 42734 4330 4733  3  1 79 17  0
 2  2 162036 158424  57844 21314076    0    0  7944 48198 8809 10407  6  2 76 17  0
 2  3 162036 157284  57988 21313976    0    0 12948 39994 11096 13181  6  2 72 19  0
 1  4 162036 160640  58140 21309056    0    0 13094 39016 13843 17555  7  3 72 18  0
procs -----------memory---------- ---swap-- -----io---- -system-- -----cpu------
 r  b   swpd   free   buff  cache   si   so    bi    bo   in   cs us sy id wa st
 2  3 162036 165600  58264 21304752    0    0 17916 33306 10044 11652  9  2 70 20  0
 1  2 162036 161144  58348 21310820    0    0 10764 41596 9285 10500  5  2 76 17  0
 0  6 162036 165260  58484 21306760    0    0 20884 32766 8663 9909 10  2 77 12  0
 0  2 162036 160812  58532 21311104    0    0  7946 43774 4730 4659  4  1 83 12  0
 0  4 162036 157696  58640 21313104    0    0 22064 33566 6681 6410  9  1 73 16  0
 3  3 162036 160680  58700 21302376    0    0  5894 45816 5704 6448  4  1 85  9  0
 3  3 162036 157932  58756 21303432    0    0  9584 47478 5455 5529  4  1 81 13  0
 1  2 162036 163264  58812 21296480    0    0  8714 40030 3920 3306  4  1 82 13  0
 0  3 162036 157420  58876 21303096    0    0  6048 49918 4350 4255  3  1 83 13  0
 0  2 162036 203316  58948 21256276    0    0 11378 32258 5586 5728  5  1 78 17  0
 1  2 162036 161032  59020 21299452    0    0  7692 46878 5082 5725  4  1 80 15  0
 0  4 162036 165240  59084 21295624    0    0  5150 58390 4893 5384  3  1 83 12  0
 2  2 162036 158544  59148 21302172    0    0 10228 36936 4773 5425  5  1 76 19  0
 3  4 162036 154708  59248 21305104    0    0 17078 30928 5843 6712  7  2 74 17  0
 1  3 162036 159436  59308 21300580    0    0 11650 31764 4391 4172  5  1 73 21  0
 2  3 162036 161644  59460 21299988    0    0 25734 27132 5308 6356 10  2 69 19  0
 3  5 162036 157684  59620 21297120    0    0 28470 25924 8178 10013 13  2 62 23  0
 4  4 162036 161272  59784 21294556    0    0 31110 18796 6590 9378 12  2 66 20  0
 1  4 162036 160792  59988 21295520    0    0 33828 31382 7820 11102 14  2 66 18  0
 1  2 162036 161900  60092 21292652    0    0 22556 32460 5828 5496  9  1 68 21  0
 2  5 162036 160172  60240 21267372    0    0 26678 27846 7179 6365 12  2 66 20  0
procs -----------memory---------- ---swap-- -----io---- -system-- -----cpu------
 r  b   swpd   free   buff  cache   si   so    bi    bo   in   cs us sy id wa st
 8  5 162036 157916  60468 21268052    0    0 42698 19494 10392 13115 17  3 54 27  0
 1  3 162036 157420  60668 21269632    0    0 35852 13288 10144 12823 15  3 61 20  0
 2  3 162036 163984  60868 21243736    0    0 32650 26022 11145 15473 15  3 66 16  0
 2  4 162036 159148  61048 21248232    0    0 18286 45832 11198 14986 10  2 70 18  0
 2  2 162036 159148  61172 21248404    0    0 11894 44642 7903 9925  5  2 75 18  0
 2  2 162036 162000  61292 21243612    0    0  7432 45292 8032 9717  4  2 79 15  0
 0  7 162036 159644  61400 21246280    0    0 16448 32184 8026 8586  8  2 68 22  0
 1  4 162036 159784  61488 21246424    0    0 13940 44614 6235 7036  6  1 77 16  0
 1  2 162036 159156  61560 21246868    0    0 12658 44314 5591 5387  5  1 75 18  0
 1  2 162036 157924  61636 21248792    0    0 12432 30828 8041 8665  6  1 76 16  0
 4  4 162036 161620  61732 21244048    0    0 11438 46748 6548 6885  6  2 79 14  0
 2  3 162036 159032  61840 21237724    0    0 13808 37174 7218 8231  7  2 80 11  0
 1  3 162036 160520  62000 21235416    0    0 28470 23750 8787 9762 12  2 69 17  0
 2  4 162036 160644  62112 21233764    0    0 16400 33552 6536 7198  7  2 74 17  0
 1  2 162036 161388  62100 21235352    0    0 26240 37530 6780 6986 11  2 69 18  0
 1  2 162036 163860  62136 21234264    0    0 16402 40908 4702 5227  8  1 71 19  0
 3  2 162036 162512  62196 21233840    0    0  9994 45832 5272 6460  5  2 81 13  0
 3  2 162036 161908  62240 21225260    0    0 12554 40230 6552 6552  6  2 77 15  0
 2  3 162036 158684  62240 21228548    0    0 10250 38470 3993 4120  5  1 78 16  0
 2  4 162036 153028  62180 21241416    0    0 17438 38988 5304 5453  7  1 70 21  0
 1  4 162036 158284  62028 21229204    0    0 27828 27548 6264 7326 12  2 69 17  0
procs -----------memory---------- ---swap-- -----io---- -system-- -----cpu------
 r  b   swpd   free   buff  cache   si   so    bi    bo   in   cs us sy id wa st
 2  2 162036 159028  61936 21228440    0    0 33418 25092 7669 8170 14  2 69 15  0
 1  2 162036 160484  62128 21209996    0    0 32420 20264 8174 9389 15  2 64 18  0
 2  4 162036 157492  62316 21213228    0    0 19218 44392 12504 17471  9  3 75 13  0
 1  4 162036 162204  62520 21208488    0    0 21048 38976 16230 21337 10  3 69 17  0
 3  3 162036 159964  62732 21212988    0    0 29570 20498 12412 16973 14  3 66 17  0
 2  6 162036 162056  62940 21208684    0    0 26934 33124 11847 14622 13  3 62 22  0
 2  4 162036 158352  63092 21191916    0    0 24856 39996 9212 10192 12  2 70 16  0
 0  9 162036 159360  63192 21190932    0    0 14740 40158 6010 7008  6  1 59 33  0
 0 10 162036 158112  63248 21192424    0    0 12468 26774 3947 3965  5  1 47 47  0
 0 16 162036 162188  63368 21184248    0    0 11528 59626 8292 10310  5  2 55 38  0
 0 10 162036 159848  63472 21190988    0    0 12970 40198 6981 8204  6  1 52 40  0
 1  9 162036 163568  63544 21186428    0    0 12402 39360 5167 5960  5  1 48 46  0
 0  4 162036 162932  63624 21185224    0    0  8204 38356 4959 6464  4  1 54 41  0
 0 13 162036 158592  63696 21190252    0    0  8246 55500 5762 6653  4  1 63 31  0
 0  4 162036 158336  63772 21188844    0    0  7540 52626 7275 8606  4  2 69 26  0
 0  3 162036 164024  63948 21184772    0    0 14458 40246 12694 16757  7  2 77 13  0
 2  4 162036 158444  64128 21180140    0    0 29728 32538 10633 13919 14 12 59 16  0
 0  4 162036 236440  64344 21078504    0    0 29538 29486 10299 12611 18  3 52 27  0
 2 11 162036 164264  64516 21150496    0    0 28062 25688 10057 13558 12  2 55 30  0
 2 10 162036 164156  64672 21174192    0    0  9684 45532 13260 17093  7  3 52 38  0
 4  3 162036 163800  64800 21176832    0    0 20168 34206 9445 12196  9  2 63 26  0
procs -----------memory---------- ---swap-- -----io---- -system-- -----cpu------
 r  b   swpd   free   buff  cache   si   so    bi    bo   in   cs us sy id wa st
 5  8 162036 164024  64984 21152924    0    0 27682 27686 7583 10587 12  3 42 43  0
 1 15 162036 162048  65088 21155440    0    0 13732 38512 4871 6448  7  1 48 44  0
 2  6 162036 155468  65212 21157676    0    0 16276 33872 7152 9903  8  2 55 36  0
 0  7 162036 160180  65304 21155564    0    0 12988 38406 5670 7253  6  2 55 37  0
 2 10 162036 157684  65392 21157980    0    0 14090 41508 5422 6162  6  1 47 46  0
 1  5 162036 161908  65472 21155292    0    0 12300 40238 5897 7535  6  2 62 31  0
 0 10 162036 157568  65544 21157152    0    0  7432 47548 5031 6417  4  1 61 33  0
 0  3 162036 158452  65648 21157820    0    0 12976 41314 5429 6558  6  1 60 32  0
 2  2 162036 163024  65736 21144608    0    0 12658 55294 6422 8003  5  2 72 22  0
 3  3 162036 157932  65868 21151424    0    0 10760 45046 7920 9717  5  2 72 21  0
 0  5 162036 159552  65952 21149448    0    0  8200 40048 7941 9925  4  2 66 29  0
 0 15 162036 160032  66012 21148536    0    0  3588 47012 5160 5953  2  1 56 41  0
 4  5 162036 164272  66100 21142524    0    0  4790 39338 7378 9642  3  1 61 35  0
 1  4 162036 159544  66160 21146300    0    0  7280 41118 5224 6481  4  1 54 41  0
 0 13 162036 160016  66216 21144776    0    0  6252 40400 4876 5428  3  1 56 40  0
 2  5 162036 162512  66312 21143984    0    0  7430 46174 5881 8053  4  2 52 42  0
 1  5 162036 158884  66440 21149140    0    0 12822 20912 7399 9901  6  2 60 32  0
 0 13 162036 159644  66496 21142420    0    0  5192 44896 4244 4728  2  1 51 46  0
 2  6 162036 158744  66544 21145288    0    0  1854 39460 4797 5997  1  1 50 47  0
 3 12 162036 157404  66632 21148592    0    0 12810 40122 7161 7795  6  1 48 45  0
 0  6 162036 158924  66728 21146912    0    0  7176 46696 6646 8490  5  2 61 33  0
procs -----------memory---------- ---swap-- -----io---- -system-- -----cpu------
 r  b   swpd   free   buff  cache   si   so    bi    bo   in   cs us sy id wa st
 2  5 162036 163124  66828 21143352    0    0 10154 40246 5536 6247  4  1 61 33  0
 0 14 162036 158396  66944 21139632    0    0 17558 31180 6294 6504  8  2 50 40  0
 0 10 162036 159636  67044 21139572    0    0 16912 37134 7188 8739  7  2 50 41  0
 1 10 162036 162984  67132 21136868    0    0 16762 31774 6246 7077  7  2 47 44  0
 0 15 162036 159512  67220 21139972    0    0  9746 41008 5038 5623  4  1 39 56  0
 0 13 162036 161604  67316 21133720    0    0 11534 40288 5557 7119  5  1 43 51  0
 0 13 162036 158628  67424 21139996    0    0  7942 47508 8072 10891  5  2 54 39  0
 1  7 162036 160984  67520 21137288    0    0  8352 39300 6846 8857  5  1 65 29  0
 0 17 162036 159480  67612 21136184    0    0  5392 33678 6429 7919  4  1 40 55  0
 3 14 162036 158984  67676 21137444    0    0  6410 50636 4513 5338  3  1 34 62  0
 0 15 162036 159216  67756 21136264    0    0  7532 29036 7340 10197  4  2 48 46  0
 0 16 162036 159728  67812 21134080    0    0  1536 44074 6117 7364  2  1 26 71  0
 0 14 162036 163952  67908 21132704    0    0  7176 45092 5822 8080  4  2 37 58  0
 0 22 162036 157752  68000 21135596    0    0  8352 33580 7791 10607  5  1 43 50  0
 2  7 162036 161472  67988 21121316    0    0 11444 34322 8230 10947  5  2 34 59  0
 0 10 162036 157272  68008 21127868    0    0  8970 46674 6913 8903  5  1 42 52  0
 0 16 162036 159404  68100 21126788    0    0  7946 36436 7496 9814  4  1 37 58  0
 0 10 162036 163968  68160 21119444    0    0  7172 33284 4914 5997  3  1 32 64  0
 1  7 162036 163720  68252 21118064    0    0  5384 46282 8117 11043  3  1 24 71  0
 5  2 162036 161844  68440 21122428    0    0 15758 43186 11520 17674  8  3 45 44  0
 0 17 162036 164664  68580 21116816    0    0 12176 33074 8553 11857  6  2 38 54  0
procs -----------memory---------- ---swap-- -----io---- -system-- -----cpu------
 r  b   swpd   free   buff  cache   si   so    bi    bo   in   cs us sy id wa st
 2  6 162036 163680  68696 21117112    0    0 11410 40444 7762 10054  6  2 38 54  0
 1 13 162036 157604  68776 21120896    0    0  8460 46112 6565 8531  4  2 57 37  0
 0 13 162036 157728  68888 21123500    0    0  9994 40108 6930 9174  5  2 56 37  0
 0 15 162036 158348  68956 21121572    0    0  5638 45326 5630 7133  3  1 51 45  0
 0 12 162036 162688  69112 21117476    0    0  6794 44852 11713 17294  5  3 59 33  0
 0 14 162036 157992  69192 21121312    0    0  7174 47634 7164 9819  4  2 43 52  0
 0 10 162036 162804  69252 21117352    0    0  4866 30070 5570 6977  3  1 37 59  0
 0 18 162036 161300  69360 21115084    0    0  5282 40062 7437 9649  4  2 33 61  0
 6 18 162036 159276  69424 21117756    0    0  8560 48066 4986 5726  4  1 23 71  0
 0 17 162036 158500  69540 21115524    0    0  7332 26126 7998 10173  4  2 37 58  0
 0 19 162036 158376  69616 21115592    0    0  5486 42324 5491 6340  3  1 33 63  0
 0 18 162036 158772  69716 21116380    0    0  6798 27198 7979 9899  3  2 32 63  0
 0  6 162036 158532  69812 21119988    0    0  4864 44254 9951 15511  4  2 58 36  0
 3  3 162036 162432  69928 21118384    0    0  9360 39524 10392 13745  5  2 68 24  0
 2  2 162036 156940  69984 21123700    0    0  6278 46848 5558 6482  4  1 74 21  0
 2  2 162036 162900  70080 21118132    0    0  7950 38244 7503 8908  5  1 77 17  0
 2  3 162036 161388  70140 21118704    0    0  7818 53360 5016 5915  4  1 78 18  0
 5  2 162036 165148  70280 21116488    0    0 22686 19896 7113 9916 10  2 68 20  0
 2  3 162036 162544  70396 21120320    0    0 24340 27660 7119 9982 10  2 67 21  0
 0  9 162036 160072  70476 21108632    0    0 13888 45072 4933 6108  6  1 67 25  0
 0  9 162036 162056  70580 21105960    0    0 10712 34472 5414 6631  5  1 65 29  0
procs -----------memory---------- ---swap-- -----io---- -system-- -----cpu------
 r  b   swpd   free   buff  cache   si   so    bi    bo   in   cs us sy id wa st
 0  8 162036 153004  70656 21114440    0    0 11532 45454 4426 5650  5  1 64 29  0
 0  7 162036 158964  70744 21108676    0    0 11912 47498 5764 8276  6  2 63 30  0
 4  3 162036 157352  70904 21109576    0    0 18178 27318 7645 10271  8  2 67 22  0
 2 10 162036 162444  71004 21103548    0    0 20630 34198 5514 6430  9  1 48 41  0
 1  7 162036 158352  71156 21108512    0    0 23582 27192 7368 9288 11  2 51 37  0
 2  6 162036 160476  71248 21096432    0    0 16398 42102 6103 7054  8  2 59 31  0
 1  9 162036 164312  71356 21090500    0    0 24732 26866 5134 6315 10  2 49 39  0
 4 11 162036 151524  71472 21102996    0    0 21682 41510 5868 5794  9  2 54 35  0
 0 10 162036 158472  71576 21094140    0    0 14246 32086 6139 7851  6  2 50 42  0
 0 12 162036 160712  71620 21091228    0    0  9310 49610 3944 4002  4  1 70 26  0
 0 10 162036 163952  71732 21086740    0    0 13428 38594 5834 7476  7  2 50 42  0
 1  5 162036 164184  71864 21088976    0    0 20376 32706 6352 7133  8  2 57 34  0
 2  7 162036 160340  71972 21072620    0    0 16916 33064 6111 6679  8  2 56 34  0
 4 11 162036 159000  72100 21072436    0    0 22322 38964 8350 8519 10  2 48 40  0
 0  2 162036 160760  72276 21072784    0    0 31804 39776 9594 8523 13  2 64 21  0
 0  3 162036 163480  72464 21068732    0    0 27578 24758 9319 10773 13  2 70 15  0
 3  3 162036 160520  72608 21070664    0    0 23814 32840 6551 8093 10  2 65 23  0
 2  7 162036 188784  72744 20968368    0    0 12122 33386 9028 11343 12  3 70 16  0
 0  2 162036 163016  72836 21043168    0    0 27084 39012 5923 6613 11  2 56 31  0
 1  6 162036 157436  72932 21049432    0    0 11842 48786 5314 6032  5  1 68 25  0
 0  3 162036 157916  73044 21047020    0    0 20204 27070 4832 4597  8  1 65 26  0
procs -----------memory---------- ---swap-- -----io---- -system-- -----cpu------
 r  b   swpd   free   buff  cache   si   so    bi    bo   in   cs us sy id wa st
 1  5 162036 161496  73196 21041624    0    0 26778 40012 8676 9670 11  2 62 25  0
 0  3 162036 164108  73308 21038540    0    0 21780 39532 8932 8741 10  2 67 21  0
 0  5 162036 161752  73412 21034412    0    0 13220 39162 6882 7428  7  1 72 19  0
 0  3 162036 163380  73532 21034544    0    0 17786 38192 6744 7973  8  2 65 25  0
 0  3 162036 163752  73628 21032816    0    0 19632 44194 5563 5743  8  1 76 15  0
 1  3 162036 160428  73692 21036452    0    0 13068 31802 5500 4223  6  1 73 20  0
 0  3 162036 157288  73772 21038948    0    0 10702 53230 5065 4291  5  1 80 13  0
 1  4 162036 160404  73836 21035376    0    0 11426 31834 5160 4017  6  1 80 14  0
 0  4 162036 160792  73924 21035168    0    0 13844 38408 4652 4718  5  1 81 13  0
 2  3 162036 163768  74064 21031988    0    0 24166 32720 6550 7769 11  2 73 14  0
 1  3 162036 165496  74204 21018152    0    0 22428 25480 5360 7597  9  2 76 13  0
 2  3 162036 158396  74368 21024660    0    0 31648 25956 8165 9210 14  2 72 12  0
 1  3 162036 161976  74508 21021024    0    0 24730 33622 6231 7494 10  2 75 13  0
 1  3 162036 164580  74628 21018916    0    0 22170 25530 6870 6532 10  2 70 18  0
 2  2 162036 164820  74784 20999620    0    0 28700 34534 7537 8890 13  2 71 13  0
 3  2 162036 163340  74884 20998328    0    0 11274 47328 6786 7913  5  2 77 16  0
 0  4 162036 157636  75048 21006400    0    0 19886 30976 7993 8961  9  2 69 19  0
 0  3 162036 159876  75196 21005460    0    0 12278 39604 7927 9949  7  2 73 18  0
 2  2 162036 161024  75284 21004164    0    0  7170 46738 6713 9256  4  2 76 18  0
 1  2 162036 160560  75352 21004324    0    0  4358 51920 4908 6248  3  1 79 17  0
 3  2 162036 164412  75448 20998976    0    0  7174 47524 6343 8126  4  2 71 23  0
procs -----------memory---------- ---swap-- -----io---- -system-- -----cpu------
 r  b   swpd   free   buff  cache   si   so    bi    bo   in   cs us sy id wa st
 0  2 162036 157856  75516 21006116    0    0  6150 55410 4058 4849  3  1 79 17  0
 0  3 162036 163948  75556 21001224    0    0  9378 39906 4520 3333  4  1 76 19  0
 1  3 162036 162220  75592 21003800    0    0  8304 46298 3849 3141  4  1 78 18  0
 0  2 162036 157756  75672 21006868    0    0 13460 41674 5818 4729  6  1 73 20  0
 1  2 162036 162732  75712 21001888    0    0  8198 46410 3950 3121  4  1 77 19  0
 0  2 162036 159092  75760 21006524    0    0  9864 44784 6491 4503  6  1 74 19  0
 0  3 162036 157884  75784 21007316    0    0  4098 49198 2904 2782  2  1 78 19  0
 0  2 162036 160248  75820 21004940    0    0  4364 47448 1924 1795  2  1 75 22  0
 0  2 162036 160868  75840 21005132    0    0  4870 53274 2092 1939  2  1 81 17  0
 0  2 162036 161520  75860 21005768    0    0  2564 52600 1922 1907  1  0 80 18  0
 1  2 162036 157924  75876 21009420    0    0  4102 45612 1758 1673  2  0 80 18  0
 0  2 162036 159668  75888 21008236    0    0  2560 49282 1889 1808  1  0 81 17  0
 3  2 162036 157808  75904 21009356    0    0  2562 53924 1792 1767  1  0 81 18  0
 1  2 162036 158220  75916 21010004    0    0  2560 52754 1763 1798  1  1 81 17  0
 0  2 162036 164172  75928 21002780    0    0  2308 54832 1427 1333  1  0 81 17  0
 2  3 162036 160120  75956 21007664    0    0  4000 46584 2053 1980  2  0 79 18  0
 0  2 162036 163848  75984 21004120    0    0  4972 53690 2013 2180  2  0 80 18  0
 0  3 162036 157680  75992 21010088    0    0  3226 55498 1458 1437  1  0 81 17  0
 1  2 162036 160316  76004 21005592    0    0  2924 48480 1455 1354  2  0 80 18  0
 0  2 162036 157464  76008 21008144    0    0  3968 44228 1795 1603  2  0 80 17  0
 1  2 162036 162556  76020 21003644    0    0  1024 54116 1482 1481  1  0 82 17  0
procs -----------memory---------- ---swap-- -----io---- -system-- -----cpu------
 r  b   swpd   free   buff  cache   si   so    bi    bo   in   cs us sy id wa st
 0  3 162036 160472  76036 21006216    0    0  2716 54982 1623 1522  1  0 80 18  0
 0  3 162036 163580  76040 21003692    0    0  1896 49412 1367 1139  1  0 82 17  0
 0  2 162036 162472  76060 21004664    0    0  2310 54924 1323 1246  1  0 81 18  0
 0  3 162036 162480  76072 21003940    0    0  3332 53304 1701 1422  2  0 79 19  0
 1  2 162036 160752  76072 21005600    0    0   512 54998 1110  958  0  0 82 17  0
 0  2 162036 163132  76080 21003896    0    0  1538 50164 1201 1102  1  0 83 16  0
 1  3 162036 162280  76084 21004936    0    0  1792 52668 1590 1385  1  0 81 18  0
 0  2 162036 161784  76092 21005476    0    0  3842 41632 1497 1236  2  0 81 17  0
 1  2 162036 157460  76096 21009288    0    0   770 53380 1224 1072  1  0 82 17  0
 4  1 162036 187592  76100 20978188    0    0   768 54394 1255 1061  0  3 81 16  0
 0  2 162036 228264  76148 20938588    0    0  2314 50226 1590 1223  1  4 79 16  0
 0  3 162036 215376  76172 20951516    0    0  3076 47116 1608 1349  1  1 81 17  0
 1  4 162036 214384  76180 20953508    0    0  1024 45866 1096 1020  0  0 82 17  0
 0  2 162036 200868  76192 20966744    0    0  3332 53698 1803 1407  1  0 81 18  0
 0  4 162036 177564  76236 20990100    0    0  6206 46106 2613 1813  3  1 79 17  0
 1  2 162036 162576  76236 20979584    0    0  2000 37750 1359 1182  2  1 81 17  0
 0  3 162036 179960  76244 20986760    0    0  1666 61060 1355 1182  1  0 82 16  0
 0  2 162036 177852  76244 20988952    0    0   256 60068 1160 1030  0  0 82 17  0
 0  2 162036 164080  76260 21003436    0    0  3588 28222 1905 1443  2  0 82 16  0
 0  2 162036 157376  76264 21011148    0    0  1792 51544 1653 1338  1  0 82 16  0
 0  2 162036 164600  76284 21004568    0    0  3590 29440 1670 1325  1  0 82 16  0
procs -----------memory---------- ---swap-- -----io---- -system-- -----cpu------
 r  b   swpd   free   buff  cache   si   so    bi    bo   in   cs us sy id wa st
 1  3 162036 158268  76300 21012776    0    0  2054 36300 1694 1402  1  0 83 16  0
 0  2 162036 162616  76316 21008276    0    0  4868 41770 2050 1602  2  1 87 11  0
 1  3 162036 162376  76344 21005064    0    0  5128 48648 2230 1747  2  1 87 10  0
 0  2 162036 164484  76344 21003276    0    0  1664 56050 1401 1206  1  0 89 10  0
 0  2 162036 161292  76352 21006288    0    0   512 53880 1222 1250  1  0 83 16  0
 0  2 162036 160804  76380 21006184    0    0  5896 52784 1997 1731  2  1 81 16  0
 0  2 162036 165292  76384 21002696    0    0  1792 40418 1322 1236  1  0 84 15  0
 0  3 162036 161108  76436 21008056    0    0  3648 26176 1821 1582  1  0 85 13  0
 0  3 162036 157156  76616 21012896    0    0  3414 27730 1575 1449  2  0 80 18  0
 0  3 162036 162008  76848 21007712    0    0  3186 20816 1550 1411  2  0 78 20  0
 0  2 162036 159396  77024 21010440    0    0  5460 28180 1795 1682  2  0 75 23  0
 0  2 162036 159824  77048 21009872    0    0  6276 34740 1952 1878  3  1 77 20  0
 0  2 162036 161924  77052 21008852    0    0  1794 41142 1565 1328  1  0 81 18  0
 0  2 162036 161568  77060 21007276    0    0  1280 50724 1459 1340  1  0 82 16  0
 0  3 162036 161220  77080 21008720    0    0  2586 52374 1443 1419  1  0 81 18  0
 0  4 162036 158260  77084 21011424    0    0  1280 62164 1251 1252  1  0 89 10  0
 0  2 162036 159764  77092 21009520    0    0  2306 51880 1039 1079  1  0 87 12  0
 0  2 162036 162508  77096 21006680    0    0  1794 34674 1227 1126  1  0 90  9  0
 0  2 162036 291864  77104 20877484    0    0  1280 38724 1599 1203  6  1 85  9  0
 0  2 162036 289012  77112 20880888    0    0  1284 39468 1212 1097  1  0 90  9  0
 0  2 162036 287152  77112 20882172    0    0   768 41394 1240 1082  1  0 91  8  0
procs -----------memory---------- ---swap-- -----io---- -system-- -----cpu------
 r  b   swpd   free   buff  cache   si   so    bi    bo   in   cs us sy id wa st
 0  3 162036 276240  77128 20894316    0    0  3074 34004 1593 1363  1  0 85 13  0
 1  3 162036 262244  77140 20906908    0    0  2716 53710 1467 1356  1  0 84 14  0
 0  2 162036 251580  77148 20917116    0    0  2536 49642 1391 1273  2  1 82 16  0
 0  2 162036 248108  77156 20920932    0    0   514 54560 1094 1101  0  0 82 17  0
 0  2 162036 244024  77156 20926780    0    0   768 33620 1198 1283  1  0 83 16  0
 0  2 162036 241064  77160 20928856    0    0   512 57584 1120 1182  0  0 83 16  0
 0  2 162036 239832  77160 20930000    0    0   512 54096  906  967  0  0 83 16  0
 0  2 162036 239964  77168 20930204    0    0   514 47890  968  984  0  0 83 17  0
 0  2 162036 239964  77168 20929752    0    0   256 64636  962  983  0  0 83 17  0
 0  2 162036 236756  77180 20932816    0    0  1540 60014 1039 1034  0  0 83 16  0
 1  2 162036 237872  77180 20932296    0    0   512 47040 1034  995  0  0 83 17  0
 0  2 162036 234904  77184 20934764    0    0   770 63650 1062 1010  0  0 82 17  0
 0  2 162036 233936  77188 20936200    0    0   768 58840 1105 1097  0  0 83 16  0
 0  3 162036 231232  77192 20938756    0    0   666 48404 1055 1018  0  0 83 16  0
 0  2 162036 228264  77192 20941272    0    0   872 60670 1118 1056  0  0 82 17  0
 0  2 162036 225536  77196 20944104    0    0   768 58798 1139 1055  0  0 83 16  0
 0  2 162036 223064  77200 20947268    0    0  1282 52156 1219 1080  1  0 82 17  0
 3  2 162036 220832  77204 20949096    0    0  1024 54296 1269 1095  0  0 83 17  0
 0  2 162036 219096  77208 20950264    0    0   514 54010  996 1044  0  0 83 17  0
 0  2 162036 219336  77208 20950580    0    0  1024 44072 1119 1097  0  0 83 16  0
 0  2 162036 218732  77216 20951800    0    0  1026 58442 1198 1089  1  0 81 18  0
procs -----------memory---------- ---swap-- -----io---- -system-- -----cpu------
 r  b   swpd   free   buff  cache   si   so    bi    bo   in   cs us sy id wa st
 0  2 162036 210788  77224 20959808    0    0  2050 54346 1533 1224  1  0 82 17  0
 0  2 162036 206208  77232 20964328    0    0  2306 54954 1761 1281  1  0 82 17  0
 0  2 162036 199396  77240 20970760    0    0  1794 49268 1464 1200  1  0 82 17  0
 1  2 162036 194072  77248 20975468    0    0  1794 51290 1540 1258  1  0 82 16  0
 0  2 162036 192808  77252 20976728    0    0  1792 55804 1517 1182  1  0 83 16  0
 1  2 162036 189956  77256 20979412    0    0  1282 55902 1308 1122  1  0 83 16  0
 0  2 162036 186748  77264 20983692    0    0  1282 50938 1279 1149  1  0 82 17  0
 1  1 162036 183036  77264 20986196    0    0   768 55794 1146 1086  0  0 83 16  0
 0  2 162036 177820  77272 20992188    0    0  1794 56646 1538 1281  1  1 82 17  0
 0  2 162036 172992  77280 20996468    0    0  1152 55432 1946 1369  1  0 83 16  0
 0  1 162036 397588  77308 20774984    0    0     4 37240 1524 1288  0  2 86 11  0
 0  0 162036 441112  77320 20732820    0    0     0   408  565  919  0  0 96  3  0
 0  0 162036 441880  77320 20732804    0    0     0     0  544  904  0  0 100  0  0
 0  0 162036 442012  77320 20732804    0    0     0     0  516  900  0  0 100  0  0
 0  0 162036 441872  77320 20732784    0    0     0     0  543  905  0  0 100  0  0
 0  0 162036 442300  77320 20732704    0    0     0     0  568  903  0  0 100  0  0
 0  0 162036 442944  77320 20732616    0    0     0     0  533  905  0  0 100  0  0
 0  0 162036 443084  77320 20732596    0    0     0     0  545  907  0  0 100  0  0
 0  0 162036 443208  77320 20732568    0    0     0     0  536  907  0  0 100  0  0
 0  0 162036 443184  77328 20732564    0    0     0    22  527  899  0  0 100  0  0
 0  0 162036 9700980  77352 20732724    0    0   114    32 1774 1257  0  2 97  0  0
