procs -----------memory---------- ---swap-- -----io---- --system-- -----cpu-----
 r  b   swpd   free   buff  cache   si   so    bi    bo   in   cs us sy id wa st
 1  2  52108 31581888  11256  63828    0    0    36    18    1    1  0  0 99  0  0	
 1  0  52108 31516692  11720  75260    0    0  5884     0 1703 2033  3  0 88  8  0	
 2  0  52108 31458492  12260  85156    0    0  5306     0 2049 1893  6  0 89  5  0	
 0  0  52108 31299080  12280  95096    0    0  4870   228 2944 3364  7  1 89  3  0	
 1  0  52108 31278048  12280  96628    0    0   736     0  736 1228  1  0 99  0  0	
14  0  52108 31094876  12420 101360    0    0  2304    50 5007 4115 24  1 74  1  0	
 0  2  52108 30804768  12432 123888    0    0 10554    20 5613 6175 14  2 76  8  0	
 7  5  52108 28595952  12432 264416    0    0 38846     0 14337 12406 32  5 41 23  0	
 6 12  52108 25521684  12440 648468    0    0 57664    62 48858 47220 45 15 18 22  0	
 5 12  52108 24617352  12440 1004944    0    0 64000     0 40541 40275 32  8 30 30  0	
 0 13  52108 24179208  12444 1390704    0    0 63872    26 46450 48727 30  8 31 30  0	
 7 13  52108 23669980  12448 1814948    0    0 72770     2 47774 46886 36  8 30 26  0	
 4 12  52108 23277936  12448 2172604    0    0 65536     0 39860 37928 33  7 29 31  0	
 4 12  52108 22814196  12460 2513500    0    0 61376   144 38940 35881 29  8 34 29  0	
 5 11  52108 21844652  12460 2999960    0    0 94592     0 54428 49974 23  6 38 32  0	
 5 11  52108 20589564  12468 3369008    0    0 61056    66 44281 43897 32 10 31 26  0	
 9 12  52108 20145516  12468 3737744    0    0 66884     0 41847 43136 29  8 35 29  0	
 3 10  52108 19595172  12476 4106248    0    0 61836    58 44590 45075 27  9 35 29  0	
 4  6  52108 19166224  12480 4509332    0    0 58376     0 52955 58972 30  9 36 24  0	
 7 10  52108 18778752  12480 4885800    0    0 57856     0 50779 56533 27  9 39 26  0	
 5  8  52108 18411736  12492 5241348    0    0 45892 40020 51693 57629 24  9 40 28  0	
procs -----------memory---------- ---swap-- -----io---- --system-- -----cpu-----
 r  b   swpd   free   buff  cache   si   so    bi    bo   in   cs us sy id wa st
 3  8  52108 18040572  12492 5585420    0    0 50816     0 47921 50383 27  8 36 29  0	
 3  6  52108 17699944  12492 5919180    0    0 45824  8196 48309 51454 25  8 46 21  0	
 8 11  52108 17326004  12492 6259356    0    0 53440     0 44242 44273 25  8 39 28  0	
 5 11  52108 16957988  12496 6617960    0    0 55360  8244 46388 46223 27  8 35 30  0	
 3 10  52108 16627364  12496 6943772    0    0 56066     0 39732 38983 25  7 41 27  0	
 2 12  52108 16315992  12496 7248592    0    0 57792     0 34709 33182 25  6 37 31  0	
 8 10  52108 16014108  12500 7539876    0    0 60358  8192 30178 27483 25  6 36 34  0	
 5 12  52108 15759436  12500 7788496    0    0 51840     0 29975 26045 23  5 43 29  0	
 4 10  52108 15480156  12500 8055396    0    0 54144     0 30874 26372 23  5 41 31  0	
 3 10  52108 15205868  12500 8324268    0    0 53568  8192 29299 25499 22  5 40 33  0	
 2 10  52108 14941376  12500 8584032    0    0 52484     0 28546 24513 22  5 42 32  0	
 5  8  52108 14679996  12500 8828724    0    0 52992     0 28840 23312 23  5 37 35  0	
 4  7  52108 14399716  12500 9103428    0    0 56578  7938 30863 26101 24  6 41 29  0	
 4  9  52108 14116056  12500 9379904    0    0 56770     0 33070 28077 24  5 41 29  0	
 3  9  52108 13845264  12500 9645536    0    0 49664     0 36187 30361 22  6 44 28  0	
 7  7  52108 13562488  12500 9911920    0    0 50434  8192 37804 31459 23  6 47 24  0	
 6  8  52108 13268520  12500 10199384    0    0 50112     0 38032 33847 23  6 48 23  0	
 3 24  52108 13121928  12500 10341080    0    0 31874 16384 20742 16677 11  3 28 58  0	
 0 25  52108 13002996  12508 10450900    0    0 17922 32774 17860 16275  9  3 19 70  0	
 4 16  52108 12881080  12516 10570480    0    0 17344 49214 20890 17554  8  3 25 63  0	
 0 23  52108 12765148  12520 10682948    0    0 15616 40708 23105 17658  8  3 23 66  0	
procs -----------memory---------- ---swap-- -----io---- --system-- -----cpu-----
 r  b   swpd   free   buff  cache   si   so    bi    bo   in   cs us sy id wa st
 1 19  52108 12646612  12524 10799336    0    0 19712 41016 20717 18936  9  3 17 72  0	
 0 24  52108 12520736  12524 10925592    0    0 17472  8702 22567 19027  9  3 19 69  0	
 2 34  52108 12375276  12532 11064168    0    0 15232 79886 24946 20955  8  4 30 58  0	
 3 16  52108 12238456  12536 11197416    0    0 12224 57600 26536 25696  6  3 22 68  0	
 2 16  52108 12105256  12536 11327500    0    0 11586 57344 31050 29745  6  4 23 66  0	
 4  9  52108 11928892  12536 11461832    0    0 11136 57094 28678 26193  7  5 29 58  0	
 1 22  52108 11804892  12544 11585220    0    0 10176 52794 26549 23716  6  3 24 66  0	
 4  3  52108 11660928  12552 11727560    0    0 13762 26188 27476 25036  8  4 25 64  0	
 2 35  52108 11502184  12564 11877360    0    0 22720 79886 22855 19754  9  3 17 71  0	
 0 33  52108 11343820  12572 12034284    0    0 18368 53246 25970 24806  9  4 17 70  0	
 2 33  52108 11212264  12620 12161300    0    0 15320 57344 23477 24257  7  3 16 74  0	
 2 26  52108 11074624  12624 12297068    0    0 16194 40960 23725 24192  8  3 24 65  0	
 0 15  52108 10962172  12636 12406816    0    0 10628 57406 21091 20304  6  3 27 64  0	
 1 35  52108 10842172  12688 12524908    0    0 17622 41546 20858 20069  7  3 21 69  0	
 1 31  52108 10608848  12700 12752936    0    0 27974 82952 39803 34377  8  4 23 65  0	
 2 35  52108 10484824  12704 12871036    0    0 19074 40958 16515 17398  8  2 16 73  0	
 2 32  52108 10337628  12732 13016136    0    0 19910 53068 19257 19241  9  3 23 65  0	
 0 31  52108 10216720  12848 13134752    0    0 16184 38144 20142 18240  8  3 14 75  0	
 0 34  52108 10097308  12856 13245184    0    0 13442 49218 18691 19097  7  2 18 72  0	
 1  7  52108 9830936  12924 13486516    0    0 21598 81986 49252 46328  7  4 25 63  0	
 3 24  52108 9649788  12944 13662376    0    0 17160 69120 33781 33907  8  4 26 62  0	
procs -----------memory---------- ---swap-- -----io---- --system-- -----cpu-----
 r  b   swpd   free   buff  cache   si   so    bi    bo   in   cs us sy id wa st
 0 25  52108 9531740  12952 13779556    0    0 15234 36864 24105 19071  7  3 25 65  0	
 1 21  52108 9393364  12976 13914676    0    0 13704 57344 30030 24650  8  4 27 61  0	
 3 16  52108 9258468  12984 14047300    0    0 12610 49408 31294 25114  8  4 30 57  0	
 3 21  52108 9136476  12992 14166220    0    0 12040 52990 27986 22745  7  4 38 51  0	
 1 25  52108 9022256  13012 14276328    0    0 15946 45054 23924 19871  7  3 23 66  0	
 4 24  52108 8894836  13024 14383508    0    0  9284 56118 22301 21963  6  3 18 72  0	
 1 25  52108 8748772  13052 14528192    0    0 14410 41110 28109 25871  8  4 23 65  0	
 0 34  52108 8599560  13064 14672440    0    0 19012 60202 24976 23900  9  4 18 70  0	
 2 32  52108 8478676  13084 14790240    0    0 13638 50518 23897 20527  7  3 23 67  0	
 0 23  52108 8350460  13096 14914752    0    0 14978 48896 21017 20309  8  3 18 70  0	
 2 31  52108 8232328  13096 15035528    0    0 19328 40960 22260 21080  8  3 11 78  0	
 0 29  52108 8130128  13100 15132592    0    0 18628 24576 18569 13534  8  2 12 78  0	
 3  8  52108 8024356  13112 15237840    0    0 12548 57116 19260 18330  7  3 22 69  0	
 2 25  52108 7903940  13120 15349936    0    0 20162 38150 19430 14931 10  3 16 72  0	
 5  7  52108 7785388  13128 15468024    0    0 17602 42730 21864 18193  9  3 27 61  0	
 0 29  52108 7666976  13156 15582540    0    0 18316 39684 22472 18836  8  3 18 71  0	
 0 23  52108 7507984  13172 15737280    0    0 18822 55126 29225 25985 10  5 30 55  0	
 1 33  52108 7284816  13188 15956252    0    0 30598 74184 37467 30780  8  3 20 70  0	
 9  4  52108 7181920  13208 16057092    0    0 11142 66116 17697 15355  6  3 49 43  0	
 2 31  52108 7024820  13212 16202564    0    0 20228 32514 26856 21394 11  4 22 62  0	
 4 22  52108 6878036  13220 16344804    0    0 19844 51456 25425 22733 10  4 30 56  0	
procs -----------memory---------- ---swap-- -----io---- --system-- -----cpu-----
 r  b   swpd   free   buff  cache   si   so    bi    bo   in   cs us sy id wa st
 3 31  52108 6769412  13228 16453912    0    0 22466 10820 15958 13914  9  2 16 73  0	
 0 29  52108 6661060  13508 16560080    0    0 18442 57896 15876 12225  8  2 14 75  0	
 3  6  52108 6529836  13516 16688108    0    0 16960 48720 20321 20035 10  3 50 37  0	
 0 27  52108 6402124  13520 16811384    0    0 19724 37634 22424 18561  8  3 18 70  0	
 1 18  52108 6267320  13528 16928740    0    0 19906 41778 18905 13635  9  3 25 63  0	
 5  8  52108 6022096  13552 17170536    0    0 34314 84234 44222 36126  8  3 26 63  0	
 0 14  52108 5912852  13564 17276720    0    0 18178 37116 18029 15887  8  3 28 62  0	
 1 20  52108 5778080  13576 17409924    0    0 17544 37994 20160 20333  9  3 30 58  0	
 0 19  52108 5659552  13584 17525036    0    0 13378 49666 19486 15716  7  3 33 58  0	
 1 24  52108 5529824  13616 17650700    0    0 14664 48710 23983 20350  7  4 29 60  0	
 3 16  52108 5401680  13632 17769720    0    0 13766 50432 23111 19479  8  4 26 62  0	
 0  1  52108 5328520  13636 17841504    0    0  8960 37446 13474 10757  4  2 51 44  0	
 3  2  52108 5125796  13656 18040576    0    0 16584 78368 35914 34249 10  5 46 38  0	
 1 18  52108 4997820  13656 18164340    0    0 23040 32770 17912 13816  9  2 33 56  0	
 0 21  52108 4901092  14172 18258588    0    0 15890 20540 15795 12690  7  2 29 62  0	
 1 19  52108 4731932  14752 18424844    0    0 31098 65292 23405 19314  7  2 31 60  0	
 1 22  52108 4623800  14756 18526188    0    0 21442 22272 14423 11216  9  2 21 67  0	
 0 22  52108 4524972  14760 18623212    0    0 19008 36404 12892 11187  8  2 31 59  0	
 0 20  52108 4431600  14760 18715460    0    0 15170  8190 13125 10167  6  2 32 60  0	
 4 18  52108 4307724  14768 18835240    0    0 15810 58184 18427 16948  8  3 16 73  0	
 0 22  52108 4204192  14780 18937264    0    0 11202 39656 15504 18229  5  3 27 66  0	
procs -----------memory---------- ---swap-- -----io---- --system-- -----cpu-----
 r  b   swpd   free   buff  cache   si   so    bi    bo   in   cs us sy id wa st
 3 20  52108 4091932  14792 19046476    0    0  9346 51950 18632 19048  5  3 22 70  0	
 1 27  52108 3972644  14796 19158368    0    0  6402 42258 23301 26240  5  3 29 63  0	
 0 28  52108 3880876  14800 19246512    0    0 11778 45114 13915 13560  5  2 19 74  0	
 1 25  52108 3780080  14808 19346588    0    0  8514 44028 19549 20886  5  3 24 68  0	
 0 23  52108 3667288  14816 19448596    0    0 12032 32842 16665 17519  6  3 15 76  0	
 5 16  52108 3569948  14820 19549176    0    0 12994 16364 15284 14061  6  2 22 70  0	
 1 18  52108 3451652  14836 19661508    0    0 13506 62522 17801 17460  7  3 29 61  0	
 1 26  52108 3171304  14852 19939224    0    0 33162 111380 45316 47916  6  2 28 64  0	
 2 20  52108 3068384  14860 20038568    0    0  8386 24374 15623 19658  5  2 26 67  0	
 4 25  52108 2934480  14876 20169088    0    0 14658 58902 23389 22916  8  4 28 60  0	
 1 23  52108 2825220  14880 20274788    0    0 11012 40960 16018 16558  6  2 26 66  0	
 0 26  52108 2709404  14884 20388256    0    0  8130 49152 18005 21233  5  3 21 71  0	
 2 11  52108 2607484  14892 20488384    0    0  6530 49188 17906 20039  5  2 23 70  0	
 1  4  52108 2507044  14904 20588500    0    0 11202 46090 17740 16852  6  3 35 56  0	
 1 23  52108 2346324  14912 20738996    0    0 26692 32038 19575 18550 10  3 21 67  0	
 2 28  52108 2242404  14924 20841608    0    0 25348 24576 8911 9163  9  2 15 74  0	
 1 25  52108 2136012  14924 20945972    0    0 25216 24576 8428 6553  9  1 15 75  0	
 0 28  52108 2016964  14932 21064144    0    0 23682 32768 11003 10256  9  2 25 64  0	
 5 19  52108 1904672  14940 21163580    0    0 23040 32768 8880 7004  8  2 20 70  0	
 0 30  52108 1808100  14944 21259904    0    0 18308 32768 11103 10648  8  2 17 73  0	
 3 22  52108 1712156  14944 21355220    0    0 19650 24576 9876 8499  8  2 27 64  0	
procs -----------memory---------- ---swap-- -----io---- --system-- -----cpu-----
 r  b   swpd   free   buff  cache   si   so    bi    bo   in   cs us sy id wa st
 2 22  52108 1612452  14952 21453228    0    0 23620 24576 8634 8078  9  2 18 72  0	
 1 20  52108 1508400  14956 21553320    0    0 22656 32768 9371 6716  9  2 18 72  0	
 1 16  52108 1397108  14960 21653348    0    0 25538 24576 9171 7426 10  2 18 69  0	
 2 21  52108 1292336  14964 21756092    0    0 25028 28918 9153 6680  9  2 21 68  0	
 0 20  52108 1193408  14968 21854164    0    0 20738 24576 9968 9165  8  2 22 68  0	
 0 18  52108 1097448  14980 21948580    0    0 22274 28742 9867 7843  8  2 25 65  0	
 3 20  52108 998576  14988 22046224    0    0 17478 35058 10504 9162  7  2 27 64  0	
 3  6  52108 924440  15000 22119516    0    0  8002 53350 9776 9611  6  2 62 30  0	
 1 18  52108 789800  15012 22244772    0    0 29126 17664 12853 10146 11  2 38 49  0	
 6 15  52108 689428  15012 22342224    0    0 22080 24322 11192 9978  8  2 20 69  0	
 0 19  52108 584764  15020 22445372    0    0 15938 35328 13358 17072  7  2 19 72  0	
 1 18  52108 484076  15024 22544032    0    0 13376 14646 13385 14534  6  2 28 64  0	
 0 14  52108 386512  15036 22640288    0    0 13124 69442 12300 10494  6  3 49 42  0	
 1 13  52108 365160  15044 22661896    0    0     4 61456 4327 3849  1  1 36 62  0	
 0 13  52108 326992  15068 22698484    0    0     4 73728 4797 4712  1  1 68 30  0	
 0 13  52108 302688  15076 22721716    0    0     2 57344 4139 5063  1  1 74 25  0	
 1 13  52108 277780  15100 22746124    0    0     2 65536 4381 4972  1  1 69 29  0	
 0 13  52108 246640  15116 22776372    0    0     4 69632 4625 3826  1  1 72 26  0	
 1 13  52108 226700  15124 22796868    0    0     4 66304 2720 4211  0  1 62 37  0	
 0 13  52108 219400  15136 22803620    0    0     6 69632 1229 3145  0  0 50 49  0	
 1 13  52108 223616   7296 22807600    0    0   178 65536 5183 4516  1  1 58 40  0	
procs -----------memory---------- ---swap-- -----io---- --system-- -----cpu-----
 r  b   swpd   free   buff  cache   si   so    bi    bo   in   cs us sy id wa st
 0 13  52108 221236   7160 22808916    0    0     2 65280 4943 6097  1  1 48 51  0	
 2 12  52108 234628   7164 22793988    0    0     2 78078 5346 6328  1  1 59 39  0	
 2 12  52108 231256   7164 22792612    0    0 23552 24570 17856 15844 10  3 53 33  0	
 3 12  52108 240144   7160 22766072    0    0 47940  7934 30257 24381 20  5 48 26  0	
 2  7  52108 235836   7164 22768972    0    0 41922  7930 22914 19337 16  3 54 27  0	
 3 10  52108 236060   7168 22769920    0    0 41988 12276 28736 28995 19  5 46 30  0	
 5  7  52108 244688   7164 22739964    0    0 54148  7934 29886 29371 24  6 37 33  0	
 2  9  52108 230088   7172 22754872    0    0 54404  4092 19827 17955 23  4 45 29  0	
 4 10  52108 235172   7176 22735440    0    0 58816  8272 17103 15614 22  4 46 27  0	
 4  8  52108 243372   7176 22726364    0    0 53440     0 15298 13378 19  3 45 33  0	
 0 18  52108 238208   7168 22714488    0    0 54146  8192 17634 12614 25  7 34 35  0	
 1 12  52108 235024   7172 22717332    0    0 31490 12800 7938 6277 12  2 41 46  0	
 3 16  52108 220648   7176 22729772    0    0 21600 24578 9367 6826 10  2 45 43  0	
 3 12  52108 218176   7180 22731936    0    0 18818 24442 8725 8591  8  2 48 42  0	
 0 12  52108 233768   7204 22718620    0    0 21132 25346 8505 6806 10  2 46 43  0	
 0  6  52108 228188   7204 22721004    0    0 25538 24576 9085 8389  9  2 56 33  0	
 5  5  52108 235248   7208 22714576    0    0 18818 21704 9011 7183  9  2 60 30  0	
 2  3  52108 227824   7216 22719280    0    0 26882 35414 10835 9626 11  2 56 31  0	
 1  8  52108 217260   7220 22732224    0    0 24386  3734 8502 7506 10  2 48 40  0	
 0 13  52108 237240   7216 22709440    0    0 24512 38664 7494 5897 12  2 41 46  0	
 2 11  52108 234628   7220 22711744    0    0 21346 27420 10360 8816  9  2 40 50  0	
procs -----------memory---------- ---swap-- -----io---- --system-- -----cpu-----
 r  b   swpd   free   buff  cache   si   so    bi    bo   in   cs us sy id wa st
 1 10  52108 234676   7220 22708976    0    0 16320 32768 12105 12481  7  2 45 46  0	
 1 11  52108 219888   7228 22721472    0    0  7682 48876 14144 17379  4  2 46 48  0	
 0 11  52108 233256   7236 22708376    0    0 12098 37630 13989 15467  6  2 40 52  0	
 1 13  52108 234876   7240 22705428    0    0 10178 40754 9216 10332  5  2 39 55  0	
 7 13  52108 220492   7248 22718508    0    0 13316 29446 8768 11942  6  2 41 52  0	
 0 10  52108 238968   7252 22703492    0    0 13568  8250 9895 11449  6  2 39 54  0	
 0 10  52108 223576   7272 22709024    0    0 19012 50302 11223 9178 10  4 44 42  0	
 1 12  52108 219504   7264 22708992    0    0 18242 33026 12663 15207  8  2 39 51  0	
 1 15  52108 236244   7268 22689792    0    0 19302 32512 9304 11837  8  2 36 55  0	
 3  5  52108 230160   7280 22694928    0    0 12486 40490 10232 10591  6  2 40 52  0	
 0 17  52108 229564   7288 22697652    0    0 21632 24580 10612 9586 10  2 56 33  0	
 2 16  52108 233120   7292 22695172    0    0 18816 16448 10461 13087  8  2 31 60  0	
 0 13  52108 225060   7300 22701792    0    0 14978 39456 11607 11228  7  2 37 55  0	
 0 15  52108 238672   7304 22682968    0    0 20434 30212 11813 11094 10  2 30 58  0	
 0 19  52108 236920   7304 22682732    0    0 21352 25598 8730 10416  8  2 23 67  0	
 1 15  52108 234408   7304 22686088    0    0 18496 32768 11196 14610  8  2 25 65  0	
 2 11  52108 231952   7308 22691948    0    0 13312  4150 12729 12585  6  2 39 54  0	
 5 10  52108 234052   7320 22686816    0    0 20036 66094 15494 16640  9  3 26 62  0	
 4 12  52108 227124   7328 22693320    0    0 16512 32768 11434 11346  7  2 33 58  0	
25 16  52108 235316   7332 22672412    0    0 13058 30464 14189 12467  7  5 38 50  0	
 4  5  52108 222644   7336 22681324    0    0  8130 40960 17143 17349  4  5 40 51  0	
procs -----------memory---------- ---swap-- -----io---- --system-- -----cpu-----
 r  b   swpd   free   buff  cache   si   so    bi    bo   in   cs us sy id wa st
 0 21  52108 224956   7336 22673572    0    0 14144 40960 13010 13403  7  2 29 62  0	
 1 16  52108 235256   7344 22661856    0    0 12740 31010 15169 16012  6  2 37 55  0	
 1 13  52108 223476   7352 22673872    0    0 10242 40744 7966 7710  4  2 31 63  0	
 0  9  52108 236984   7364 22657560    0    0 16706 28744 9970 10351  8  2 38 53  0	
 0 12  52108 236216   7380 22661296    0    0 41222 71684 22516 21113  9  2 28 60  0	
 2 18  52108 236840   7384 22657856    0    0 24962 24830 8857 11346 10  2 36 52  0	
 2 19  52108 218116   7396 22673572    0    0 20354 40346 12029 16218  8  2 35 55  0	
 0 15  52108 222184   7416 22670292    0    0 19976 45314 16174 16830  9  3 34 54  0	
 2 18  52108 236072   7424 22654652    0    0 21058 49724 14290 15573  9  3 33 55  0	
 2 17  52108 220308   7436 22671960    0    0 17540 25214 13562 12240  7  2 39 52  0	
 0 10  52108 220052   7456 22674536    0    0  9862 61894 13274 12284  5  3 28 64  0	
 0 10  52108 237552   7480 22655144    0    0     6 118528 5917 4912  1  1 59 39  0	
 0  5  52108 220688   7512 22672524    0    0    20 104438 3920 3195  0  1 72 26  0	
 1 11  52108 236692   7528 22657528    0    0     6 129546 6121 7313  1  1 55 43  0	
 1 11  52108 217852   7536 22677312    0    0     4 114688 4042 4980  0  1 65 33  0	
 1 11  52108 244900   7540 22642996    0    0  6980 106734 16910 18128  9  3 58 29  0	
 3 12  52108 230656   7540 22658968    0    0 54018     0 30507 25144 23  5 42 30  0	
 3  9  52108 236120   7540 22652780    0    0 56710     0 21661 15674 21  4 49 26  0	
 5 11  52108 234692   7544 22635328    0    0 49474  4638 21643 15536 24  6 42 29  0	
 5 11  52108 236296   7544 22635524    0    0 56514  4094 23947 19671 24  5 39 32  0	
 5  9  52108 229240   7544 22628992    0    0 54210  4094 27578 21931 26  6 38 30  0	
procs -----------memory---------- ---swap-- -----io---- --system-- -----cpu-----
 r  b   swpd   free   buff  cache   si   so    bi    bo   in   cs us sy id wa st
 1 10  52108 237656   7548 22622156    0    0 54146  8192 25728 19831 23  5 40 33  0	
 1 14  52108 242808   7548 22607492    0    0 53120     0 18792 13044 21  6 35 38  0	
 0 17  52108 239488   7552 22606640    0    0 26752 28510 7968 7510 11  2 35 52  0	
 0 13  52108 222872   7560 22623120    0    0 24066 28674 8297 7365  9  2 40 49  0	
 1 14  52108 234164   7564 22613128    0    0 21440 12388 9471 10173  8  2 27 62  0	
 0 19  52108 239984   7572 22604576    0    0 26626 49002 12092 9842 12  3 23 62  0	
 1 21  52108 229700   7588 22601112    0    0 19266 47360 17806 16287 12  7 31 51  0	
 0 16  52108 224268   7604 22604684    0    0 15046 40958 18127 17511  7  3 27 63  0	
 0 17  52108 222284   7608 22605876    0    0 15044 45058 16815 17333  7  3 33 57  0	
 0 17  52108 235560   7612 22591420    0    0 17474 36862 16002 15771  8  3 26 63  0	
 0 17  52108 235824   7616 22591744    0    0 15296 45078 14734 15300  7  2 28 63  0	
 9  8  52108 217472   7624 22608460    0    0 17988 51484 14924 14478  9  3 33 55  0	
 2 11  52108 229500   7640 22597532    0    0 20998 39680 14056 15964  8  2 29 60  0	
 2 15  52108 231180   7640 22593676    0    0 19650 32766 11831 13293  9  2 30 59  0	
 0 14  52108 236016   7644 22592848    0    0 19074  8260 13250 12991  9  2 34 54  0	
 0 17  52108 227056   7660 22598464    0    0 20482 66404 22343 19907  9  4 40 47  0	
 5  5  52108 239820   7672 22582824    0    0 33988 86692 28875 26472  8  2 34 56  0	
 3 13  52108 231264   7692 22591400    0    0 22274 55138 26422 27712  9  4 31 56  0	
 0 15  52108 225300   7692 22595128    0    0 19268 30976 13327 11748  8  2 22 67  0	
 0 11  52108 241336   7692 22578008    0    0 16708 57600 18264 17085  7  3 37 53  0	
 0 21  52108 240436   7692 22579916    0    0 17280 32768 18884 17211  8  3 39 50  0	
procs -----------memory---------- ---swap-- -----io---- --system-- -----cpu-----
 r  b   swpd   free   buff  cache   si   so    bi    bo   in   cs us sy id wa st
 0 19  52108 237188   7692 22580892    0    0 13826 50008 22553 22446  6  3 32 58  0	
 3 16  52108 237668   7696 22580068    0    0 14082 49146 17608 17590  6  3 41 50  0	
 1 16  52108 235180   7700 22584524    0    0 14916 44116 17929 15782  7  3 39 51  0	
 0 21  52108 239008   7712 22580768    0    0 14658 28758 21325 21090  7  3 32 58  0	
 1  4  52108 234812   7720 22576400    0    0 13250 93468 31265 28875 10  6 32 52  0	
 1 18  52108 223280   7728 22587920    0    0 19716 34560 17602 20006  8  3 27 62  0	
 0 14  52108 228332   7728 22582340    0    0 18304 44854 15754 17244  7  3 29 61  0	
 0 20  52108 237416   7724 22574720    0    0 19650 49676 18743 18405  9  3 38 50  0	
 0 25  52108 236896   7732 22574568    0    0 21380 26112 13516 14309  9  2 35 54  0	
 1 25  52108 239764   7736 22572744    0    0 18176 15672 15709 15284  9  2 34 54  0	
 8 19  52108 241868   7724 22566820    0    0 17666 67376 23190 20473 14  5 39 42  0	
 2 12  52108 222912   7728 22579100    0    0 20228 53504 18362 19033  9  3 37 51  0	
 0 16  52108 235792   7732 22564332    0    0 19652 24576 14615 13402  7  2 36 54  0	
 2 16  52108 219688   7732 22584300    0    0 18370 32512 12541 11423  8  2 26 65  0	
 1 18  52108 240288   7716 22561260    0    0 17088 45094 12174 11560  7  2 30 61  0	
 1 16  52108 237924   7716 22564356    0    0 14018 37122 15163 16366  7  3 37 53  0	
 3  7  52108 233592   7736 22568296    0    0 15430 55242 20424 18149  7  3 42 47  0	
 0 19  52108 217372   7748 22573776    0    0 28228 32338 14536 11181 15  4 39 42  0	
 4 15  52108 238336   7744 22551748    0    0 24194 27136 12234 12899 11  2 31 56  0	
 2 18  52108 219224   7744 22570840    0    0 21696 32850 11762 11572  9  2 37 52  0	
 2 18  52108 231732   7676 22558264    0    0 21570 32006 11120 10339  9  2 34 55  0	
procs -----------memory---------- ---swap-- -----io---- --system-- -----cpu-----
 r  b   swpd   free   buff  cache   si   so    bi    bo   in   cs us sy id wa st
 6 20  52108 237048   7676 22555864    0    0 20992 12338 13048 13410  8  2 36 54  0	
 6 12  52108 251608   7672 22535500    0    0 15042 78374 18484 15512  9  7 32 52  0	
 2  7  52108 225620   7672 22556144    0    0 17922 41984 20172 22115  8  3 40 48  0	
 2 17  52108 226688   7684 22555532    0    0 14916 49200 22952 21654  7  3 38 52  0	
 2 21  52108 239128   7684 22539772    0    0 14528 48898 21739 19614  7  3 32 57  0	
 1 21  52108 235012   7684 22545204    0    0 16900 34816 15134 18746  7  2 17 74  0	
 0 22  52108 238608   7696 22540372    0    0 17346 44918 19439 20077  8  3 31 58  0	
 2 13  52108 234416   7700 22544848    0    0 17346 44100 15961 15875  8  3 32 58  0	
 3 10  52108 235656   7708 22543428    0    0 11458 47170 17118 17358  6  3 29 62  0	
10 15  52108 228468   7704 22550572    0    0 12804  8190 20719 17215  7  8 34 50  0	
 0 16  52108 240024   7712 22528820    0    0 20676 75296 19112 19628 10  4 26 61  0	
 4  5  52108 231608   7712 22538496    0    0 16902 53246 22561 24326  8  4 30 58  0	
 0 11  52108 236740   7712 22534264    0    0 17090 40960 13985 13329  8  2 29 61  0	
 0 20  52108 235212   7716 22535928    0    0  9920 48956 20944 20262  5  3 44 48  0	
 0 20  52108 242884   7728 22523616    0    0 16514 45880 19442 22435  8  3 29 60  0	
 0 19  52108 226516   7740 22541196    0    0 16964 55850 21269 19556  9  4 36 52  0	
 0 14  52108 218200   7744 22541672    0    0 15490 46390 22500 18642  8  4 39 49  0	
 1 21  52108 220812   7740 22540944    0    0 19264 32498 15916 15206  8  3 32 57  0	
 4 14  52108 231368   7740 22527288    0    0 17730 44916 12029 16190  8  2 23 68  0	
 0 24  52108 235608   7752 22524548    0    0 16134 40766 16622 17250  7  3 23 67  0	
 4  6  52108 235684   7740 22522796    0    0 17088 27468 18660 17459  8  3 25 64  0	
procs -----------memory---------- ---swap-- -----io---- --system-- -----cpu-----
 r  b   swpd   free   buff  cache   si   so    bi    bo   in   cs us sy id wa st
 2 12  52108 220936   7756 22539076    0    0 11462 126438 23340 22589  4  3 38 55  0	
 1  3  52108 221944   7764 22539432    0    0     2 109038 5597 4714  1  1 71 28  0	
 1 12  52108 219960   7824 22540692    0    0   330 135088 12310 12308  1  2 37 60  0	
 0 12  52108 222192   7832 22539348    0    0     4 98048 16847 15167  2  3 66 30  0	
 1 12  52108 219000   7832 22541556    0    0     2 106240 8133 9047  1  1 64 34  0	
 0 11  52108 228408   7956 22532604    0    0   112 98554 4905 7976  0  1 58 41  0	
 3  4  52108 230696   8468 22524840    0    0 12742 73194 32405 33421 10  5 56 29  0	
 7  8  52108 234424   8472 22515896    0    0 50946  7702 29894 28467 23  5 47 25  0	
 2  9  52108 244956   8220 22504644    0    0 54148     0 25267 23618 21  5 41 34  0	
 1  8  52108 239792   8224 22485584    0    0 47490  4196 25620 22092 20 10 35 35  0	
 3  8  52108 234088   8228 22491516    0    0 53448  9728 21760 16864 22  4 42 32  0	
 1  9  52108 248204   8220 22468916    0    0 48320     0 22906 16733 25 11 37 27  0	
 3  8  52108 230900   8212 22481908    0    0 57474     0 22339 18784 22  5 49 25  0	
 2  6  52108 237216   8204 22475352    0    0 48326  8192 21778 18662 19  4 52 25  0	
 0 20  52108 235440   8212 22462240    0    0 26498 24578 12383 9477 13  8 33 47  0	
 3  6  52108 235068   8220 22464052    0    0 21314 15986 11902 10193  9  2 46 43  0	
 1  8  52108 237060   8224 22461276    0    0 21120 39430 14270 10551  9  2 55 34  0	
 0 16  52108 225280   7740 22474260    0    0 26946 23066 15073 9785 11  2 41 45  0	
 3 11  52108 230728   7212 22468936    0    0 20288 32816 11239 9787  8  2 40 50  0	
 4 10  52108 220472   7216 22473216    0    0 21506 24576 12963 7857 13  3 42 42  0	
 3  8  52108 219232   7216 22473552    0    0 22400 32514 14806 9941 10  2 40 47  0	
procs -----------memory---------- ---swap-- -----io---- --system-- -----cpu-----
 r  b   swpd   free   buff  cache   si   so    bi    bo   in   cs us sy id wa st
 0  9  52108 239320   7216 22453236    0    0 21504 32770 14684 13142  9  2 45 44  0	
 4 11  52108 229572   7232 22464588    0    0 25800 13106 13899 12387 11  2 44 43  0	
 1 10  52108 235780   7236 22457996    0    0 24582 46646 12873 8612 10  2 52 37  0	
 3  3  52108 219216   7240 22469400    0    0 22914 41008 14835 10338 13  5 49 33  0	
 2 12  52108 229224   7260 22457088    0    0 53898 79348 33011 27096 10  3 53 34  0	
 1 15  52108 234540   7260 22455796    0    0 20416  7222 9901 10383 10  2 34 54  0	
 0 21  52108 232928   7260 22455460    0    0 16002 52596 8677 7800  8  2 33 58  0	
 0 20  52108 222968   7268 22466296    0    0 21956 26624 12781 13626 11  3 25 61  0	
 0 19  52108 236152   7268 22444652    0    0 19776 32802 9140 10651 10  2 18 71  0	
 0 14  52108 235608   7272 22444500    0    0 20930 20476 13276 11705  9  2 29 59  0	
10 12  52108 224068   7284 22455816    0    0 19586 50288 16054 14843  9  3 32 56  0	
 2 23  52108 234376   7304 22446204    0    0 47942 94902 49122 43552  9  3 27 61  0	
 0 19  52108 235608   7308 22445228    0    0 12354 34314 18707 18747  6  3 17 74  0	
 1 20  52108 219300   7320 22439800    0    0 16194 41216 19478 18307  8  8 25 58  0	
 0 20  52108 236884   7316 22420236    0    0 14080 49152 20644 20746  7  3 31 59  0	
 0 22  52108 237124   7304 22417496    0    0 13122 49406 20264 21033  7  3 21 69  0	
 1 18  52108 233652   7300 22421788    0    0 13850 36664 12730 14677  6  2 27 64  0	
 4 19  52108 234312   7308 22427724    0    0 15382 50170 19173 19433  7  3 25 65  0	
 0 19  52108 233896   7312 22424048    0    0 14208 20040 18144 19828  7  3 23 68  0	
 1  9  52108 242080   7328 22416756    0    0  7812 97402 33040 30347  6  5 40 49  0	
 1 10  52108 243320   7348 22412196    0    0     6 101636 35608 33917  3  5 50 42  0	
procs -----------memory---------- ---swap-- -----io---- --system-- -----cpu-----
 r  b   swpd   free   buff  cache   si   so    bi    bo   in   cs us sy id wa st
 4 10  52108 231456   7376 22422880    0    0     4 112896 28931 25942  3  5 55 38  0	
 4 10  52108 248552   7388 22417360    0    0     6 105472 19116 20021  2  4 67 28  0	
 1  7  52108 219136   7392 22440736    0    0     2 110834 23954 24330  2  5 57 35  0	
 3 12  52108 241712   7400 22411424    0    0 38214 29694 31072 30766 20  5 42 32  0	
 7  7  52108 235148   7400 22415748    0    0 48004  8192 29708 24916 20  5 39 36  0	
 3 10  52108 238140   7400 22413600    0    0 48000  8192 32438 28923 20  5 36 38  0	
 3  8  52108 241576   7396 22378328    0    0 37122  4090 33267 27204 20 16 36 29  0	
 7  8  52108 237260   7400 22381564    0    0 21440 40250 11761 11193  8  2 28 61  0	
 0 18  52108 238020   7408 22379192    0    0 25220 32002 13093 10400 10  2 34 53  0	
 0 16  52108 232464   7408 22386948    0    0 21632 24576 10842 10925  8  2 37 53  0	
 3 11  52108 236060   7416 22380240    0    0 17924 35442 11044 10336  7  2 40 51  0	
 2 16  52108 235092   7416 22366244    0    0 20864 24578 12008 9983 12  5 33 51  0	
 1  7  52108 236952   7420 22363972    0    0 22276 26850 12087 9437  8  2 44 46  0	
 1  9  52108 225808   7428 22375224    0    0 20804 39822 16389 12148 10  3 53 35  0	
10  9  52108 234736   7416 22363560    0    0 23682 27734 13178 13798 11  2 31 55  0	
 1 15  52108 235108   7420 22357788    0    0 53700 59642 31073 20114 12  3 37 48  0	
 6  6  52108 228420   7436 22362828    0    0 23810 40960 14284 14153  8  2 27 63  0	
 5 11  52108 230900   7432 22359396    0    0 17346 49152 17105 17885  8  3 35 55  0	
 4 10  52108 223460   7436 22366240    0    0 17414 33024 16650 17666  8  3 35 54  0	
 0 18  52108 241184   7440 22348152    0    0 14914 32512 17667 17952  8  3 35 54  0	
 0 10  52108 236464   7444 22355088    0    0 12482 48894 17130 18942  6  2 44 48  0	
procs -----------memory---------- ---swap-- -----io---- --system-- -----cpu-----
 r  b   swpd   free   buff  cache   si   so    bi    bo   in   cs us sy id wa st
10  4  52108 229336   7448 22353324    0    0 10048 53822 18272 16650  9  7 47 37  0	
 0 13  52108 239052   7448 22337884    0    0 27844 12616 12895 12448 10  2 37 51  0	
 0 12  52108 236688   7456 22340120    0    0 24514 44550 16200 12553 11  3 44 42  0	
 1 15  52108 236076   7460 22340268    0    0 21122 42498 17937 16117  9  3 42 46  0	
 0 15  52108 231520   7460 22345848    0    0 23104 24576 13554 12621 10  2 33 55  0	
 4  4  52108 237828   7468 22337704    0    0 16324 45876 15309 15085  7  2 39 51  0	
 0 14  52108 234860   7468 22333168    0    0 19392 33030 17012 15161 10  7 40 43  0	
 1  6  52108 232008   7472 22337448    0    0 16578  7734 18244 15691  8  3 49 40  0	
 0  4  52108 224692   7480 22340224    0    0 20034 73244 19054 14446  9  3 60 28  0	
 1  7  52108 243128   7488 22318592    0    0 17986 39424 25264 23177  8  4 48 40  0	
 0 12  52108 235788   7500 22327420    0    0 10564 53244 24258 24938  7  4 37 53  0	
 0 17  52108 238864   7500 22324412    0    0 15874 40960 16727 15842  6  3 37 54  0	
 0 15  52108 237276   7508 22323808    0    0 15430 49148 17763 17098  8  3 29 61  0	
 0 14  52108 222608   7516 22331028    0    0 14400 48956 18642 15472 10  4 42 44  0	
 1 18  52108 235984   7528 22316852    0    0 19778 37484 22363 22122  8  3 40 49  0	
 3 13  52108 238340   7536 22315100    0    0 15426 39542 17349 13544  8  2 33 56  0	
 1 12  52108 241184   7536 22309388    0    0 14146 41216 19326 18272  7  3 37 52  0	
 3 18  52108 230264   7540 22320596    0    0 15490 37182 17650 13693  8  2 31 59  0	
 0 17  52108 242772   7540 22306912    0    0 15366 45580 21445 18523  8  3 39 50  0	
 0 12  52108 236944   7540 22312056    0    0 12800 53298 21401 28784  7  4 33 57  0	
 4  7  52108 230968   7548 22315856    0    0 29828 83814 36237 34106 10  3 39 48  0	
procs -----------memory---------- ---swap-- -----io---- --system-- -----cpu-----
 r  b   swpd   free   buff  cache   si   so    bi    bo   in   cs us sy id wa st
 1 12  52108 223016   7552 22322892    0    0 13126 40306 14355 14684  8  2 33 57  0	
 2 10  52108 225000   7560 22320748    0    0 20546 37444 14323 17754  8  3 42 47  0	
 0  9  52108 228116   7568 22316552    0    0 18694 42608 13985 14966  8  3 45 45  0	
 0  9  52108 238508   7564 22308464    0    0 19648 32586 13946 16374  9  2 41 47  0	
 0 15  52108 239252   7572 22307900    0    0 22022 39182 11462 9127  9  2 47 41  0	
 1 17  52108 233504   7584 22303956    0    0 25030 29184 14118 13776 13  5 28 54  0	
 1 11  52108 235636   7588 22301748    0    0 22336 16950 11142 11148  9  2 34 55  0	
 0 16  52108 224856   7596 22312440    0    0 22724 38408 13677 9841  9  2 45 45  0	
 4 15  52108 237620   7600 22298004    0    0 25986 26974 13341 9676 11  2 35 51  0	
 1 11  52108 240720   7612 22271444    0    0 84932 115712 44971 31125 10  4 39 48  0	
 0 15  52108 236984   7620 22277284    0    0 22402 16684 11524 9598  9  2 33 56  0	
 3  7  52108 233124   7628 22279900    0    0 23362 48668 13709 9713 11  2 47 40  0	
 2 19  52108 218948   7632 22284520    0    0 27140 22016 13482 12728 11  2 27 61  0	
 3 13  52108 238912   7640 22265236    0    0 19456 33076 11961 10833  8  2 32 58  0	
 1  3  52108 229628   7652 22274904    0    0 20482 28470 11879 10165  8  2 33 57  0	
 1 19  52108 233880   7660 22272888    0    0 39746 57862 26122 21743 11  3 54 33  0	
 1 17  52108 236128   7668 22270300    0    0 15430 45638 20090 16634  8  3 39 50  0	
 4 10  52108 231900   7668 22270772    0    0 17856 28722 15888 18268 11  6 25 59  0	
 2 11  52108 242804   7676 22256668    0    0 15622 76294 20588 18688  8  3 35 54  0	
 1 10  52108 241448   7680 22258800    0    0 20546 39426 17371 15125  9  3 29 59  0	
 1 20  52108 230760   7684 22264616    0    0 21698 36856 15461 14309  8  2 30 59  0	
procs -----------memory---------- ---swap-- -----io---- --system-- -----cpu-----
 r  b   swpd   free   buff  cache   si   so    bi    bo   in   cs us sy id wa st
 1 18  52108 246020   7696 22248432    0    0 18626 33790 12847 11099  8  2 29 61  0	
 0  5  52108 224328   7696 22269400    0    0 18304 57600 16891 16919  8  3 24 65  0	
 1  6  52108 220832   7692 22271464    0    0 17666 47104 20828 19510 11  6 33 50  0	
 0 22  52108 238904   7692 22250092    0    0 20804 39134 16730 16568  9  3 41 47  0	
 2 18  52108 221816   7692 22265940    0    0 24322 41282 11244 11034 10  2 28 60  0	
 2 13  52108 229496   7700 22259516    0    0 20100 32514 14270 15025  9  3 32 57  0	
 0 14  52108 228512   7728 22259228    0    0 14944 16460 10513 9990  6  2 37 56  0	
 0 16  52108 239044   7732 22247588    0    0 16256 54792 17781 13892  9  3 45 44  0	
14 21  52108 239136   7740 22243996    0    0 16776 52792 18913 19250 10  4 42 43  0	
 1 13  52108 238916   7744 22237164    0    0 14914 45576 16065 13911  8  3 37 53  0	
 4 20  52108 237436   7740 22237072    0    0 22082 41216 14579 17445  9  2 28 60  0	
 4 14  52108 239128   7748 22236400    0    0 18242 44360 15024 13896  8  3 36 53  0	
 1  7  52108 238972   7756 22239812    0    0 22212 21556 13867 11632  9  3 37 51  0	
 1 17  52108 235584   7768 22238820    0    0 29570 65030 18898 14964  9  2 39 49  0	
 2 10  52108 223088   7776 22247832    0    0 20546 34858 15557 13501 11  4 27 58  0	
 1 10  52108 232172   7796 22238068    0    0 37766 94570 42557 38338  8  3 51 38  0	
 3 13  52108 244316   7808 22226548    0    0 22850 48992 19096 16198 11  3 58 28  0	
 1  9  52108 223384   7808 22246500    0    0 23872 24576 10645 7289  9  2 34 55  0	
 1 12  52108 217920   7816 22251360    0    0 24322 26404 10879 8798  9  2 34 54  0	
 1  6  52108 239180   7824 22215532    0    0 51586 66874 28625 19435 10  5 42 44  0	
 0 15  52108 240660   7820 22216060    0    0 25666 28928 15302 11034 11  3 44 42  0	
procs -----------memory---------- ---swap-- -----io---- --system-- -----cpu-----
 r  b   swpd   free   buff  cache   si   so    bi    bo   in   cs us sy id wa st
 0 12  52108 237336   7832 22218696    0    0 23492 28672 11643 8985 10  2 42 46  0	
 0  7  52108 237040   7832 22210592    0    0 21892 32768 12542 9976 12  4 42 42  0	
 0  6  52108 222888   7840 22220296    0    0 13956 61696 11066 11724  6  2 61 31  0	
 1  7  52108 229848   7844 22212360    0    0 16836 47872 12231 10812  7  2 61 30  0	
 1  6  52108 237288   7844 22204620    0    0 26624 24832 15264 13695 11  2 59 28  0	
 2  7  52108 240372   7840 22199720    0    0 32642 20478 17021 12326 14  2 42 41  0	
 1  4  52108 237572   7840 22192592    0    0 34304 16126 18183 14018 14  3 51 33  0	
 1 10  52108 233860   7844 22196140    0    0 20608 16446 13424 11556  9  2 44 45  0	
 1  9  52108 235768   7852 22194580    0    0 21058 49670 13051 11337  8  2 47 42  0	
 3  3  52108 236628   7860 22192956    0    0 21956 29252 9042 8040  8  2 50 40  0	
 1  7  52108 240100   7856 22191224    0    0 28480 24580 10929 7294 11  2 60 27  0	
 0  1  52108 233272   7852 22197212    0    0 17600 28724 9146 10317  6  2 56 36  0	
 2  6  52108 219764   7860 22193612    0    0 38852 55682 21561 14451 12  6 60 22  0	
 2  2  52108 240960   7872 22171172    0    0 20228 52078 11264 7701  9  2 71 18  0	
 0  1  52108 237752   7880 22174764    0    0 11586 87410 6738 4577  5  1 84 10  0	
 1  4  52108 222624   7880 22188088    0    0 13442 53506 9835 7537  6  2 81 11  0	
 4  1  52108 224484   7892 22186900    0    0  9540 64120 8030 9238  5  1 83 12  0	
 1  1  52108 230080   7896 22181516    0    0  6404 84760 7685 4968  4  2 85  9  0	
 1  1  52108 228856   7908 22184640    0    0  3394 65600 4691 7020  2  1 87 10  0	
 2  2  52108 242492   7912 22163404    0    0 28546 61098 12172 8543 12  3 74 11  0	
 1  5  52108 240260   7916 22164924    0    0 39936 16448 13247 9111 15  3 66 17  0	
procs -----------memory---------- ---swap-- -----io---- --system-- -----cpu-----
 r  b   swpd   free   buff  cache   si   so    bi    bo   in   cs us sy id wa st
 2  1  52108 225848   7916 22155688    0    0 104324 86786 50236 30802 10  3 73 14  0	
 2  3  52108 218168   7928 22160196    0    0 10694 88076 6516 6970  5  2 81 12  0	
 1  2  52108 244828   7928 22132560    0    0 24964 23890 11169 8537 10  2 71 17  0	
 5  1  52108 219532   7932 22157556    0    0 17858 56568 7792 4876  7  1 79 13  0	
 1  3  52108 236512   7940 22139464    0    0 14468 53760 7522 10162  6  1 75 18  0	
 2  2  52108 232336   7948 22141948    0    0 13760 49464 7405 5040  9  2 79 10  0	
 1  2  52108 235436   7948 22132776    0    0  8066 67828 4279 5015  3  1 84 12  0	
 4  2  52108 237544   7964 22129948    0    0  4612 80942 3698 5236  2  1 86 11  0	
 0  1  52108 222300   7968 22145180    0    0  8322 68882 5182 3428  4  1 86  9  0	
 3  1  52108 236692   7976 22133028    0    0  6916 67358 4454 8621  3  1 85 11  0	
 3  1  52108 226656   7996 22141612    0    0  8904 107782 5648 3627  3  1 87  9  0	
 2  1  52108 228648   8000 22140584    0    0  9216 37572 5138 3912  4  1 85 10  0	
 1  1  52108 219960   8024 22147288    0    0  5640 120112 4880 3274  3  1 89  8  0	
 2  2  52108 232460   8036 22133044    0    0  8580 74250 6129 3735  4  1 84 10  0	
 1  2  52108 219944   8052 22148136    0    0  5444 87390 4887 7331  3  1 84 12  0	
 2  4  52108 235792   8064 22130992    0    0 14086 57572 8665 5704  6  2 80 12  0	
 0  1  52108 242356   8068 22126816    0    0 18176 16970 9216 6259  7  2 81 11  0	
 3  1  52108 229292   8084 22132632    0    0 34566 49668 20387 14036 15  3 65 16  0	
 2  1  52108 235864   8072 22126084    0    0 29314 16384 20758 16367 12  3 74 11  0	
 2  3  52108 238104   8072 22125056    0    0 20162 53766 15746 17758  9  3 73 15  0	
 1  3  52108 239708   8080 22123224    0    0 26818 32816 19785 18339 12  3 71 14  0	
procs -----------memory---------- ---swap-- -----io---- --system-- -----cpu-----
 r  b   swpd   free   buff  cache   si   so    bi    bo   in   cs us sy id wa st
 4  2  52108 222984   8100 22140944    0    0 13378 74024 8052 6617  5  1 83 11  0	
 2  1  52108 234640   8112 22128844    0    0  5894 99602 6624 4410  3  1 87  9  0	
 1  1  52108 246660   8116 22107976    0    0  8642 54272 7814 4766  5  6 80  9  0	
 1  1  52108 236988   8124 22116540    0    0  5570 70252 5166 3578  3  1 84 12  0	
 3  1  52108 226052   8136 22124028    0    0  8452 111624 10163 6862  4  1 86  8  0	
 1  1  52108 239072   8144 22109804    0    0 10244 64828 13557 11325  5  2 83 10  0	
 1  1  52108 235544   8144 22112324    0    0  9922 66298 20990 15830  6  3 82  9  0	
 1  3  52108 234924   8148 22111308    0    0  8388 62994 23428 20046  6  4 80 10  0	
 4  2  52108 242976   7540 22105116    0    0  9988 70196 28871 28340  7  5 78 11  0	
 5  1  52108 236032   7548 22112772    0    0  4036 107524 25359 20920  5  4 83  8  0	
 1  3  52108 219844   7560 22133032    0    0  7042 45110 15576 15923  5  3 82 11  0	
 2  1  52108 239428   7580 22110192    0    0 11078 111656 10061 7461  4  1 86  9  0	
 2  1  52108 234072   7588 22116848    0    0  2884 86600 10058 12339  3  2 85 11  0	
 1  2  52108 235312   7596 22113684    0    0 11396 95334 12751 10413  4  2 84 10  0	
 2  1  52108 235436   7604 22113700    0    0  5762 60992 8088 6456  4  1 85 10  0	
 1  2  52108 232112   7612 22118112    0    0  7938 98866 12576 10047  4  2 83 11  0	
 1  3  52108 234716   7620 22115688    0    0  5122 66076 6943 4615  4  1 86 10  0	
 1  1  52108 235288   7640 22111468    0    0 10436 71158 9637 6498  5  1 76 18  0	
 2  2  52108 232684   7644 22112816    0    0  5506 82830 8068 5961  3  2 87  8  0	
 2  2  52108 238504   7652 22107740    0    0  6786 76096 8924 10175  4  2 83 11  0	
 1  2  52108 223888   7664 22124860    0    0 10180 69968 11764 8929  5  2 83 10  0	
procs -----------memory---------- ---swap-- -----io---- --system-- -----cpu-----
 r  b   swpd   free   buff  cache   si   so    bi    bo   in   cs us sy id wa st
 4  2  52108 233916   7668 22116784    0    0 16832 57956 16625 15252  5  2 80 13  0	
 0  2  52108 236420   7684 22111580    0    0  9224 91236 9863 7673  5  2 82 11  0	
 0  2  52108 238660   7692 22110832    0    0 13314 41294 12135 9580  7  2 77 14  0	
 2  2  52108 233320   7700 22115068    0    0 38340 92424 25731 21747  8  2 75 15  0	
 3  3  52108 241716   7704 22098692    0    0 36032  6460 20013 14744 18  4 62 17  0	
 5  5  52108 239228   7712 22099848    0    0 83588 56382 44958 40237 13  3 68 17  0	
 4  5  52108 233376   7712 22079572    0    0 28098  5632 18304 15011 13  9 62 17  0	
 4  4  52108 242420   7712 22069488    0    0 44032  4146 17796 16803 16  3 62 19  0	
 1  3  52108 235220   7704 22078976    0    0 32452     0 14988 12755 14  3 68 15  0	
 4  5  52108 229244   7712 22080728    0    0 20802 70020 10394 13163  8  2 75 15  0	
 2  4  52108 241108   7708 22059268    0    0 32000  8192 17889 15836 15  7 56 22  0	
 1  3  52108 233916   7708 22066408    0    0 33474 16442 16916 17001 13  3 64 20  0	
 1  3  52108 243364   7704 22056712    0    0 30848 23668 13736 12009 12  3 70 15  0	
20  3  52108 238580   7704 22054464    0    0 27010 19974 13967 11795 12  7 61 20  0	
 2  2  52108 241484   7704 22043408    0    0 33986 17036 17866 17861 18  7 55 20  0	
 2  3  52108 233432   7708 22049544    0    0 17730 48572 10710 11293  7  2 75 15  0	
 2  4  52108 226224   7700 22054696    0    0 34560  8192 14980 13954 14  3 65 18  0	
23  3  52108 240016   7696 22025704    0    0 30916  8192 14430 13160 13  5 63 20  0	
 2  2  52108 240596   7696 22021720    0    0 31170  6452 15803 13615 14  8 63 15  0	
 3  4  52108 237596   7692 22026900    0    0 33920     0 15114 13271 15  3 69 13  0	
 4  4  52108 235604   7692 22024856    0    0 35714 42270 14534 19038 13  3 64 20  0	
procs -----------memory---------- ---swap-- -----io---- --system-- -----cpu-----
 r  b   swpd   free   buff  cache   si   so    bi    bo   in   cs us sy id wa st
 1  3  52108 235120   7692 22018524    0    0 22400 24378 13520 14435 10  2 70 18  0	
 4  1  52108 236632   7700 22014564    0    0 17732 47922 11774 9565  8  2 77 13  0	
 1  1  52108 237104   7708 22015480    0    0 22400 18226 12750 12122  9  2 75 13  0	
 1  2  52108 219620   7720 22034456    0    0 28038 78454 21279 17268  8  2 77 12  0	
 6  3  52108 234640   7724 22018208    0    0 12182 52774 8678 6992  6  2 77 16  0	
 2  3  52108 245428   7724 22006756    0    0 20482 23038 13348 10809  9  2 80  9  0	
 3  1  52108 234016   7728 22016100    0    0 23956    46 13637 9329 13  8 73  7  0	
 1  5  52108 234636   7724 22010624    0    0 17472 41476 10986 7815  8  2 87  3  0	
 2  1  52108 239520   7728 22006888    0    0 15556 49410 11378 8211  7  2 81 10  0	
 6  1  52108 229972   7744 22020720    0    0  6596 45970 6443 5140  4  1 85 10  0	
 1  1  52108 236024   7756 22010292    0    0  3972 125356 4931 3759  3  1 87  9  0	
 0  3  52108 220656   7760 22023788    0    0  7490 69022 5255 4673  4  1 85 10  0	
 2  1  52108 232832   7768 22011176    0    0  2880 95864 4535 7259  2  1 87 10  0	
 1  1  52108 224648   7772 22019932    0    0  4802 85372 4499 3475  3  1 88  8  0	
 0  2  52108 232732   7780 22012132    0    0  9540 77928 6818 6110  5  1 79 14  0	
 1  2  52108 217612   7796 22026332    0    0  4998 104444 6304 4768  3  1 86 10  0	
 2  1  52108 223728   7804 22020620    0    0  5572 73528 5500 4352  4  1 87  8  0	
 0  1  52108 229052   7816 22015620    0    0  9988 111094 6687 5322  5  1 83 11  0	
 2  1  52108 235128   7820 22009120    0    0  5634 90164 4607 3380  4  1 86  9  0	
 0  2  52108 233392   7832 22013360    0    0  2626 54406 4001 10587  2  1 86 10  0	
 0  1  52108 235004   7840 22009216    0    0  4868 113600 5042 3981  3  1 87  8  0	
procs -----------memory---------- ---swap-- -----io---- --system-- -----cpu-----
 r  b   swpd   free   buff  cache   si   so    bi    bo   in   cs us sy id wa st
 3  1  52108 233888   7856 22010812    0    0  3908 107304 4399 4274  2  1 86 11  0	
 1  1  52108 236012   7864 22007420    0    0  4612 94944 3736 2720  2  1 87  9  0	
 3  0  52108 226076   7864 22021148    0    0  1344 28902 2774 2330  1  1 97  1  0	
 1  0  52108 221372   7872 22025848    0    0  4864    52 4133 3312  3  1 96  1  0	
 3  1  52108 226456   7880 22017876    0    0  5124 77240 4947 3668  3  1 93  3  0	
 1  2  52108 232308   7896 22012456    0    0  2690 101486 3110 2636  2  1 89  8  0	
 0  0  52108 218792   7900 22029724    0    0  5762 19038 4618 3737  3  1 90  6  0	
 0  0  52108 238384   7900 22009884    0    0  5696     0 4922 3589  4  1 95  0  0	
 1  0  52108 231812   7908 22017124    0    0  3264  9880 4353 3420  3  1 96  1  0	
 2  0  52108 235688   7908 22014572    0    0  7170     0 5204 3839  5  1 94  0  0	
 1  0  52108 230488   7916 22019648    0    0  4032    70 4160 3080  3  1 96  0  0	
 0  0  52108 232836   7916 22017552    0    0  8002     0 4669 3488  4  1 94  1  0	
 2  0  52108 238300   7916 22010256    0    0  7424     0 5988 4494  5  1 94  0  0	
 1  1  52108 219832   7924 22027764    0    0  3648 31232 5481 4005  3  1 95  1  0	
 0  0  52108 220020   7924 22031188    0    0  3008     0 5139 3810  3  1 96  0  0	
 1  0  52108 219224   7932 22032748    0    0  3712    68 4333 3195  3  1 96  1  0	
 0  0  52108 228028   7936 22025728    0    0  1922 16072 3900 2461  2  1 96  1  0	
 1  0  52108 230304   7936 22023000    0    0  3072     0 4664 3092  5  1 94  0  0	
 0  0  52108 232800   7944 22020212    0    0  2048   216 3780 2681  2  1 97  0  0	
 5  1  52108 235164   7944 22015608    0    0  2688     0 4022 2634  2  1 97  0  0	
 0  0  52108 220308   7952 22029700    0    0  4480    44 4578 3050  3  1 96  1  0	
procs -----------memory---------- ---swap-- -----io---- --system-- -----cpu-----
 r  b   swpd   free   buff  cache   si   so    bi    bo   in   cs us sy id wa st
 0  1  52108 227004   7968 22018944    0    0  2178 93120 3286 2118  2  1 93  5  0	
 0  0  52108 225896   7968 22024388    0    0  3520  9342 5349 3400  3  1 94  2  0	
 0  0  52108 226764   7976 22023036    0    0  4160    86 4796 2755  2  1 96  0  0	
 0  0  52108 233592   7980 22014604    0    0  4034  4418 4946 2672  3  1 96  1  0	
 0  0  52108 234344   7988 22016384    0    0  3136    62 5149 2965  2  1 97  0  0	
 0  0  52108 231980   7988 22018236    0    0  2690     0 6272 3811  4  1 95  0  0	
 0  0  52108 218084   7988 22032424    0    0  2496     0 4316 2478  2  0 98  0  0	
 1  0  52108 224664   7996 22025140    0    0  2690    50 4023 2354  2  1 98  0  0	
 0  0  52108 234600   8000 22014480    0    0  2624 14962 4211 2706  2  1 97  0  0	
 2  0  52108 225548   8008 22024304    0    0  1920    52 2926 2120  1  0 98  0  0	
 1  0  52108 219024   8008 22031500    0    0  1664     0 2882 1913  1  0 98  0  0	
 1  0  52108 228944   8016 22022884    0    0  2560 17356 3619 2210  2  0 98  0  0	
 2  0  52108 230812   8020 22018736    0    0  1920    78 4651 3106  3  0 96  0  0	
 0  0  52108 218660   8020 22031996    0    0  2562    94 3541 2370  2  0 97  0  0	
 0  0  52108 218668   8028 22031616    0    0  4864    34 4110 2597  3  1 97  0  0	
 0  0  52108 231340   8028 22019364    0    0  1984     0 3040 1944  1  0 98  0  0	
 1  0  52108 221940   8040 22028556    0    0  2178 56752 3586 2051  2  1 97  1  0	
 0  0  52108 230744   8048 22020404    0    0  4544    84 3811 2381  2  1 97  0  0	
 2  0  52108 237332   8048 22014160    0    0  3586    76 3693 2268  2  0 98  0  0	
 0  0  52108 227660   8056 22023264    0    0  2368    36 3484 2129  2  0 98  0  0	
 1  0  52108 237456   8056 22013952    0    0  2880     0 3711 2186  2  0 98  0  0	
procs -----------memory---------- ---swap-- -----io---- --system-- -----cpu-----
 r  b   swpd   free   buff  cache   si   so    bi    bo   in   cs us sy id wa st
 3  0  52108 224188   8056 22027772    0    0  4736     2 4254 2466  2  1 97  0  0	
 1  0  52108 233612   8064 22018732    0    0  3136    54 3723 2193  2  0 98  0  0	
 0  0  52108 219236   8064 22033532    0    0  3456   372 4076 2296  2  0 98  0  0	
 1  0  52108 223468   8072 22029588    0    0  4224    40 4205 2411  2  1 97  0  0	
 0  0  52108 232156   8072 22019808    0    0  2496     0 3399 2099  2  0 98  0  0	
 1  0  52108 236372   8072 22015696    0    0  3200 15480 3986 2275  2  1 97  0  0	
 0  0  52108 223600   8080 22027776    0    0  2240    52 4285 2375  2  0 98  0  0	
 1  0  52108 229708   8076 22021480    0    0  2880     0 3836 2311  2  1 98  0  0	
 0  0  52108 235792   8084 22016056    0    0  2946    24 3612 2293  2  0 98  0  0	
 0  0  52108 231088   8084 22020892    0    0  5824     0 4733 2765  2  1 97  0  0	
 0  0  52108 238296   8092 22013692    0    0  3010 44704 3518 2293  1  1 95  3  0	
 0  0  52108 228128   8720 22024104    0    0  1256    78 3503 2432  1  1 97  2  0	
 0  0  52108 221836   8720 22031036    0    0  1024     0 2141 1866  1  0 99  0  0	
 0  0  52108 219132   8728 22034652    0    0   384   140 1800 1435  0  0 99  0  0	
 0  0  52108 217056   8728 22036348    0    0     0     0 1404 1360  0  0 99  0  0	
 0  0  52108 237068   8728 22016724    0    0     0     6 1209 1221  0  0 99  0  0	
 0  0  52108 231248   8736 22022436    0    0  2048    42 1432 1322  0  0 99  0  0	
 0  0  52108 229296   8740 22024236    0    0   386     0 1152 1226  0  0 100  0  0	
 1  0  52108 228180   8748 22025684    0    0     0    18  986 1183  0  0 99  0  0	
 0  0  52108 227692   8748 22026844    0    0     0     0 1014 1184  0  0 100  0  0	
 1  0  52108 226212   8748 22027528    0    0     0 13040 1063 1272  0  0 100  0  0	
procs -----------memory---------- ---swap-- -----io---- --system-- -----cpu-----
 r  b   swpd   free   buff  cache   si   so    bi    bo   in   cs us sy id wa st
 0  0  52108 226988   8756 22027564    0    0     0    56  499  981  0  0 100  0  0	
 1  0  52108 227376   8756 22027564    0    0     0     0  481  973  0  0 100  0  0	
 0  0  52108 227260   8756 22027568    0    0     0     0  490  966  0  0 100  0  0	
 0  0  52108 227912   8764 22027568    0    0     0    10  516  978  0  0 100  0  0	
 0  0  52108 227796   8764 22027572    0    0     0  7480  554  975  0  0 100  0  0	
 0  0  52108 228316   8764 22027572    0    0     0     0  510  976  0  0 100  0  0	
 0  0  52108 227872   8772 22027568    0    0     0    40  510  980  0  0 100  0  0	
 0  0  52108 228004   8772 22027572    0    0     0   164  564 1005  0  0 100  0  0	
 1  0  52108 228252   8772 22027624    0    0     0     0  518 1028  0  0 100  0  0	
 0  0  52108 228352   8780 22027624    0    0     0    76  520  988  0  0 99  0  0	
 1  0  52108 228872   8780 22027628    0    0     0     0  481  958  0  0 100  0  0	
 0  0  52108 228980   8780 22027628    0    0     0     0  488  970  0  0 100  0  0	
 0  0  52108 229244   8788 22027628    0    0     0    24  511  991  0  0 100  0  0	
 0  0  52108 229492   8788 22027628    0    0     0     0  477  989  0  0 100  0  0	
 0  0  52108 229376   8788 22027628    0    0     0     4  501  970  0  0 100  0  0	
 0  0  52108 229500   8796 22027628    0    0     0    18  486  972  0  0 100  0  0	
 0  0  52108 229624   8796 22027628    0    0     0     0  481  975  0  0 100  0  0	
 1  0  52108 229748   8804 22027624    0    0     0    30  490  984  0  0 100  0  0	
 0  0  52108 229756   8804 22027628    0    0     0     0  477  966  0  0 100  0  0	
 1  0  52108 229640   8804 22027628    0    0     0     6  506  977  0  0 100  0  0	
 0  0  52108 229896   8812 22027628    0    0     0    18  499  972  0  0 100  0  0	
procs -----------memory---------- ---swap-- -----io---- --system-- -----cpu-----
 r  b   swpd   free   buff  cache   si   so    bi    bo   in   cs us sy id wa st
 1  0  52108 229904   8812 22027628    0    0     0     0  482  975  0  0 100  0  0	
 0  0  52108 229788   8812 22027628    0    0     0    12  485  962  0  0 100  0  0	
 0  0  52108 230044   8820 22027644    0    0     8    18  628 1068  1  0 99  0  0	
 0  0  52108 229912   8820 22027644    0    0     0    28  512  968  0  0 100  0  0	
 0  0  52108 229764   8820 22027644    0    0     0     0  485  961  0  0 100  0  0	
 0  0  52108 229888   8828 22027644    0    0     0    18  517  988  0  0 100  0  0	
 0  0  52108 230028   8828 22027644    0    0     0    50  513  977  0  0 100  0  0	
 1  0  52108 230028   8828 22027644    0    0     0     0  495  963  0  0 100  0  0	
 0  0  52108 229788   8836 22027644    0    0     0    20  529  986  0  0 99  0  0	
 0  0  52108 230192   8836 22027644    0    0     0     0  485  970  0  0 100  0  0	
 2  0  52108 230324   8836 22027644    0    0     0     0  461  950  0  0 100  0  0	
 0  0  52108 230096   8860 22027624    0    0   206    14  786 1421  0  0 99  1  0	
 0  0  52108 9199372   8860 22028080    0    0    42     0  654  742  0  0 99  0  0	
 0  0  52108 9226908   8860 22027904    0    0    20     8  422  600  0  0 100  0  0	
