procs -----------memory---------- ---swap-- -----io---- -system-- -----cpu------
 r  b   swpd   free   buff  cache   si   so    bi    bo   in   cs us sy id wa st
 1  3      0 30188412   2400  98336    0    0    63    27    3    3  0  0 99  0  0
 0  0      0 30134572   2644 111128    0    0  6168     0 1053 1553  5  0 89  6  0
 0  0      0 30133216   2660 110972    0    0     2   126  374  723  0  0 99  0  0
 0  0      0 30133588   2660 110580    0    0     0     0  387  704  0  0 100  0  0
 1  0      0 30133644   2660 110308    0    0     0   620  516  707  0  0 100  0  0
 0  0      0 30133768   2660 110148    0    0     0     0  414  716  0  0 100  0  0
 0  0      0 30124832   2708 120128    0    0    14     0 5752 7806  1  1 99  0  0
 0  0      0 30105192   2760 139712    0    0    10     0 10913 14535  1  1 98  0  0
 1  0      0 30081344   2788 163416    0    0     0     0 12757 16800  1  1 98  0  0
 0  2      0 30029612   2868 195660    0    0  5154 33392 13109 16508  4  1 83 12  0
 1  0      0 29931668   2932 227500    0    0  4474     0 13803 18078  8  1 88  3  0
 0  0      0 29802708   2984 259312    0    0  3408    10 13624 18811  7  1 91  1  0
 0  0      0 29613476   3012 286096    0    0  1252     0 15034 18436 26  1 72  0  0
 5  8      0 29510488   3184 328984    0    0  9816     0 13723 18782  6  1 81 11  0
 2  0      0 27388544   3380 437132    0    0 39884     0 16007 21565 29  5 50 16  0
 3  0      0 26601892   3456 506816    0    0 12052     0 17304 17606  9  3 88  0  0
 0  0      0 25881908   3552 574656    0    0 11018    40 17672 17941  8  3 89  0  0
 1  1      0 25236364   3652 639892    0    0 11530 110006 18351 18716  9  3 81  8  0
 2  0      0 24673464   3720 708732    0    0 11270     0 18182 18162 10  3 82  5  0
 0  0      0 24250484   3804 780568    0    0 12048     0 17835 18352  8  3 89  0  0
 0  0      0 24142984   3872 847600    0    0 10380     0 18272 18681  8  2 90  0  0
procs -----------memory---------- ---swap-- -----io---- -system-- -----cpu------
 r  b   swpd   free   buff  cache   si   so    bi    bo   in   cs us sy id wa st
 2  0      0 24031568   3968 918120    0    0 11276  4456 18131 18198  8  2 90  0  0
 0  0      0 23908180   4060 987260    0    0 10762     0 17978 18767  8  2 90  0  0
 2  0      0 23812676   4144 1057760    0    0 11924     0 17982 18673  8  2 90  0  0
 3  2      0 23423812   4200 1128968    0    0 12178 118346 18350 18472  8  3 86  4  0
 1  1      0 23183624   4292 1192756    0    0 11276 45634 18259 18160  9  3 80  9  0
 2  0      0 23035320   4376 1261048    0    0 11276  2130 17964 18622  8  2 84  6  0
 1  0      0 22957788   4444 1328296    0    0 10250     0 17756 18365  8  2 90  0  0
 5  0      0 22887356   4512 1398588    0    0 11786     0 17679 18602  8  2 90  0  0
 1  0      0 22811064   4592 1467416    0    0 11026     0 17734 18766  8  2 90  0  0
 0  0      0 22741368   4652 1538392    0    0 11530     0 17608 18840  7  2 91  0  0
 4  0      0 22649220   4720 1607664    0    0 11274 86812 17794 18371  8  2 88  2  0
 1  1      0 22531668   4800 1676708    0    0 11532 69370 18105 18227  9  2 77 11  0
 1  0      0 22466444   4876 1741100    0    0 10764 10876 18349 18874  7  2 82  9  0
 1  0      0 22390184   4980 1813232    0    0 13148  2746 17851 18860  9  2 88  0  0
 2  0      0 22322612   5052 1882208    0    0 11148     0 17647 18715  8  2 90  0  0
 1  0      0 22251064   5128 1953156    0    0 11532     0 17641 18617  7  2 91  0  0
 0  0      0 22181608   5200 2022420    0    0 11020  8392 17732 18450  7  2 90  0  0
 0  0      0 22112044   5260 2092044    0    0 10762     0 17750 18759  8  2 91  0  0
 2  4      0 22027716   5344 2162864    0    0 12204 98806 18314 18571  7  3 84  6  0
 2  1      0 21925044   5412 2235108    0    0 11892 58096 18888 19157  8  2 80 10  0
 3  0      0 21859688   5488 2297608    0    0 10768   404 17918 18824  9  2 78 11  0
procs -----------memory---------- ---swap-- -----io---- -system-- -----cpu------
 r  b   swpd   free   buff  cache   si   so    bi    bo   in   cs us sy id wa st
 1  0      0 21795712   5548 2363968    0    0  9606  1088 17751 18611  7  2 91  0  0
 2  0      0 21729504   5608 2427604    0    0  8974     0 17973 18768  8  2 89  0  0
 0  0      0 21652840   5684 2500640    0    0 12752     0 18362 18772 10  2 88  0  0
 4  0      0 21593560   5772 2564312    0    0  8716     0 18039 18164  6  2 92  0  0
 1  0      0 21520996   5844 2637608    0    0 13586     0 17670 18447  8  2 90  0  0
 0  3      0 21453756   5924 2702288    0    0  9502 135316 18430 18175  7  2 73 18  0
 0  1      0 21242228   5980 2749740    0    0  4078 44448 18146 18147  6  3 80 11  0
 1  0      0 21186032   6064 2805896    0    0 11286     0 15433 18046  6  2 91  1  0
 2  0      0 21127812   6124 2864864    0    0  8712     0 16583 17960  6  2 92  0  0
 1  0      0 21070300   6180 2920800    0    0  8458  8868 16912 18243  6  2 91  1  0
 0  0      0 21015864   6244 2974460    0    0  7436     0 16525 17646  6  2 92  0  0
 5  0      0 20961132   6296 3029980    0    0  7432 16022 16537 17507  6  2 93  0  0
 6  0      0 20902464   6352 3085988    0    0  7818 90140 17141 17269  5  2 89  4  0
 2  0      0 20846656   6420 3143620    0    0  9996 17726 17458 18294  6  2 82 11  0
 1  0      0 20789376   6504 3201988    0    0  8202  5622 17074 17887  5  2 92  0  0
 3  0      0 20729856   6572 3259600    0    0  8712     0 16634 18239  6  2 92  0  0
 0  0      0 20671932   6608 3319132    0    0  8454  3724 16802 18079  6  2 92  0  0
 0  0      0 20408680   6688 3376828    0    0  8464     0 16511 18186  6  2 91  0  0
 0  1      0 19988964   6744 3426480    0    0  6022     0 16016 17209  5  3 92  0  0
 1  0      0 19689876   6808 3478756    0    0  7056  3622 15786 18126  5  2 93  0  0
 0  1      0 19231772   6860 3527932    0    0  6152 131836 16419 17406  5  3 83  9  0
procs -----------memory---------- ---swap-- -----io---- -system-- -----cpu------
 r  b   swpd   free   buff  cache   si   so    bi    bo   in   cs us sy id wa st
 1  0      0 18947796   6936 3577944    0    0  7048  7950 17714 18567  7  3 83  7  0
 2  0      0 18888392   6992 3637332    0    0  8714     0 16730 18292  5  2 93  0  0
 0  0      0 18830072   7044 3695892    0    0  9226     0 16292 18165  6  2 92  0  0
 1  0      0 18772800   7124 3752276    0    0  7688 22168 16507 18205  6  2 92  0  0
 0  0      0 18715200   7396 3809888    0    0  8684     0 16481 18553  6  2 90  3  0
 0  0      0 18659168   7464 3866260    0    0  7942 20478 16419 18101  6  2 92  0  0
 0  2      0 18609328   7516 3913344    0    0  5892 93700 15683 17969  4  2 88  7  0
 2  0      0 18559828   7580 3955684    0    0  5900   472 15820 17952  6  2 86  7  0
 1  0      0 18504112   7648 4010296    0    0  7182  4402 16581 17981  5  2 93  0  0
 1  0      0 18457108   7724 4060652    0    0  7952     0 15318 17985  5  2 93  0  0
 1  0      0 18411948   7744 4105388    0    0  5126  5632 15022 17723  4  2 95  0  0
 0  0      0 18365944   7784 4152488    0    0  5640     0 15379 17537  4  1 94  0  0
 1  0      0 18315444   7860 4202384    0    0  6410     0 15720 17742  5  2 93  0  0
 2  0      0 18271300   7904 4245384    0    0  4612  6704 15124 17600  4  2 94  0  0
 3  3      0 18228264   7976 4284620    0    0  4638 112104 15317 17542  4  2 84 10  0
 0  0      0 18173184   8008 4332284    0    0  6252  1936 15878 17573  5  2 92  1  0
 2  0      0 18128428   8036 4374532    0    0  4872     0 14946 17536  4  2 94  0  0
 1  0      0 18053292   8100 4419696    0    0  5388     0 15481 17548  4  2 94  0  0
 1  0      0 18009528   8184 4462676    0    0  4492 22446 15259 17108  4  2 94  0  0
 0  0      0 17966236   8216 4505256    0    0  4744     0 14954 17253  4  2 95  0  0
 1  0      0 17925092   8252 4547068    0    0  4228 10582 14911 17397  4  1 95  0  0
procs -----------memory---------- ---swap-- -----io---- -system-- -----cpu------
 r  b   swpd   free   buff  cache   si   so    bi    bo   in   cs us sy id wa st
 2  6      0 17881552   8284 4588544    0    0  4508 86318 15254 17451  4  2 88  7  0
 1  0      0 17846328   8348 4625568    0    0  4202   466 15400 16916  4  2 90  4  0
 0  0      0 17801756   8404 4670260    0    0  5126  4988 15477 17251  4  1 94  0  0
 3  0      0 17756596   8456 4716244    0    0  5894     0 15169 17411  4  1 94  0  0
 1  0      0 17713692   8528 4758168    0    0  4494 11990 15043 17561  4  2 94  0  0
 2  0      0 17670532   8548 4801588    0    0  4096     0 15063 17492  4  2 95  0  0
 2  0      0 17627472   8596 4842920    0    0  4102     0 15151 17171  4  2 95  0  0
 5  0      0 17585148   8644 4885740    0    0  4358 10648 15142 17445  4  1 95  0  0
 0  1      0 17540160   8704 4929332    0    0  5894 93518 16055 17559  5  2 83 10  0
 1  0      0 17500728   8744 4970060    0    0  3844  1434 15275 17067  4  2 91  3  0
 0  0      0 17458964   8776 5012232    0    0  4354     0 15198 17314  4  2 95  0  0
 3  0      0 17408448   8856 5061464    0    0  7698     0 15288 17308  5  2 93  0  0
 0  0      0 17357980   8928 5111516    0    0  7064  7254 15553 17667  5  1 94  0  0
 1  0      0 17310372   8964 5159792    0    0  5892     0 15364 17791  5  2 94  0  0
 0  0      0 17264972   9032 5206600    0    0  5384 42330 15505 17583  5  2 93  0  0
 1  2      0 17217620   9088 5250928    0    0  5126 74544 15431 17317  4  2 88  6  0
 2  0      0 17179088   9152 5291536    0    0  5646   524 15258 17476  4  2 89  5  0
 1  0      0 17138160   9196 5332888    0    0  4232  3694 15208 17179  4  2 94  0  0
 0  0      0 17088428   9240 5381104    0    0  6406     0 15601 17516  5  2 93  0  0
 1  0      0 17044856   9296 5425824    0    0  5778 10400 15207 17014  4  2 94  0  0
 2  0      0 16979500   9348 5466444    0    0  2946     0 15387 17589  4  2 94  0  0
procs -----------memory---------- ---swap-- -----io---- -system-- -----cpu------
 r  b   swpd   free   buff  cache   si   so    bi    bo   in   cs us sy id wa st
 1  0      0 16941092   9388 5506704    0    0  4106     0 14780 17225  3  2 95  0  0
 0  2      0 16898776   9452 5549168    0    0  6156 37538 14599 16911  4  2 94  0  0
 4  0      0 16864388   9508 5582416    0    0  3850 67850 15005 17188  3  2 81 14  0
 0  0      0 16809456   9584 5637160    0    0  8460  1916 16052 17643  5  2 93  0  0
 0  0      0 16754492   9628 5691500    0    0  7430     0 16148 17754  5  2 93  0  0
 3  0      0 16690012   9732 5757920    0    0 10252     0 17171 18454  7  2 91  0  0
 1  0      0 16620564   9772 5826552    0    0 10760  6278 17433 18594  7  2 91  0  0
 0  0      0 16549264   9844 5898040    0    0 12052     0 17523 18597  8  2 90  0  0
 1  0      0 16479948   9896 5967344    0    0 11016  9836 17611 18915  8  2 90  0  0
 0  1      0 16408880   9964 6035268    0    0 10504 87786 17655 18021  8  2 85  6  0
 1  1      0 16345144  10056 6099744    0    0 10766 46258 17791 18783  8  2 80 10  0
 4  0      0 16278200  10120 6168008    0    0 11530 15460 17710 18229  8  2 83  7  0
 1  0      0 16218804  10176 6226480    0    0  8200     0 16850 17818  7  2 91  0  0
 2  0      0 16146072  10232 6286788    0    0  9228 18974 16886 17908  7  2 91  0  0
 1  0      0 16080824  10308 6351688    0    0  9994     0 17485 18306  7  2 90  0  0
 0  0      0 16016700  10384 6415520    0    0  9996     0 17226 17966  7  2 91  0  0
 3  6      0 15961388  10436 6469200    0    0  7174 49200 16263 17633  5  2 92  0  0
 1  1      0 15915856  10496 6516072    0    0  6664 74616 16304 17570  5  2 84  9  0
 2  0      0 15861520  10544 6570600    0    0  7820  8090 16627 17754  6  2 86  6  0
 2  0      0 15797900  10600 6633428    0    0  9736     0 17296 17627  7  2 91  0  0
 2  0      0 15730328  10668 6700736    0    0 10764     0 17575 18243  8  2 90  0  0
procs -----------memory---------- ---swap-- -----io---- -system-- -----cpu------
 r  b   swpd   free   buff  cache   si   so    bi    bo   in   cs us sy id wa st
 3  0      0 15663252  10740 6768484    0    0 10504  7108 17522 18163  7  2 90  0  0
 0  0      0 15592696  10800 6838068    0    0 11274     0 17547 18380  8  2 90  0  0
 1  0      0 15524868  10860 6907664    0    0 10766 14276 17320 18583  7  2 90  0  0
 0  1      0 15451452  10940 6976780    0    0 11022 71196 17624 18637  7  2 84  6  0
 3  1      0 15376904  11004 7046772    0    0 11530 57790 18216 18660  8  2 83  8  0
 1  0      0 15314160  11104 7111844    0    0 11018  6410 17495 18423  7  2 83  8  0
 1  0      0 15248688  11168 7177268    0    0  9610     0 17423 18814  7  2 90  0  0
 2  0      0 15180488  11220 7245000    0    0  9992     0 17408 17937  7  2 91  0  0
 1  0      0 15110204  11280 7316144    0    0 12308 38496 17932 18112  8  2 90  0  0
 5  0      0 15035864  11368 7389028    0    0 12808     0 17748 18423  8  2 90  0  0
 1  4      0 14964068  11440 7458364    0    0 10766 62000 17846 18920  7  2 89  1  0
 0  2      0 14895496  11512 7527188    0    0 11018 62848 18203 18676  8  3 81  8  0
 3  0      0 14834116  11580 7590464    0    0 10506   616 17665 18656  8  2 81  9  0
 3  0      0 14768404  11636 7657808    0    0 10378  2938 17728 18631  8  2 90  0  0
 0  0      0 14697988  11684 7722644    0    0  8972     0 17857 18663  7  2 91  0  0
 0  0      0 14628572  11784 7791184    0    0 11022 15620 17920 18777  7  2 91  0  0
 1  0      0 14550264  11876 7867696    0    0 14354     0 17868 18784  8  2 89  0  0
 2  0      0 14481180  11940 7937080    0    0 11278     0 17765 17307  7  2 90  0  0
 3  2      0 14408756  11996 8006692    0    0 11560 95498 18385 18354  8  3 81  8  0
 2  2      0 14338952  12092 8076628    0    0 11278 54850 18333 18155  8  2 81  9  0
 3  0      0 14280920  12148 8137184    0    0  9586  5804 17897 18054  7  2 83  7  0
procs -----------memory---------- ---swap-- -----io---- -system-- -----cpu------
 r  b   swpd   free   buff  cache   si   so    bi    bo   in   cs us sy id wa st
 5  0      0 14212108  12220 8207032    0    0 12046     0 17696 19169  8  2 90  0  0
 3  0      0 14143412  12276 8275704    0    0 11274     0 17500 18335  8  3 90  0  0
 3  0      0 14073964  12340 8345776    0    0 11020 26924 17795 18693  8  2 90  0  0
 2  0      0 14004276  12404 8414124    0    0 10504     0 17627 18791  8  2 90  0  0
 6  3      0 13927892  12488 8484892    0    0 11534 77332 17910 18358  8  2 88  1  0
 1  2      0 13856700  12560 8553788    0    0 10916 59078 18242 18666  7  2 81 10  0
 1  0      0 13795080  12644 8618948    0    0 12028   604 17964 18266  7  2 77 14  0
 2  0      0 13727632  12704 8687024    0    0 10250  5940 17717 18807  7  2 91  0  0
 1  0      0 13662036  12772 8752248    0    0  9994     0 17699 18845  7  2 91  0  0
 1  0      0 13596068  12856 8819004    0    0  9736 13126 17810 18328  7  2 91  0  0
 0  0      0 13525140  12912 8889028    0    0 11022     0 18209 18257  7  2 90  0  0
 2  0      0 13456724  12972 8958832    0    0 10888     0 18075 18865  8  2 90  0  0
 3  1      0 13382160  13036 9029000    0    0 11660 106278 18228 18523  8  2 83  8  0
 1  1      0 13321400  13100 9092184    0    0  8716 43910 18765 18851  7  3 82  9  0
 2  1      0 13256240  13176 9154816    0    0  9124  4710 17911 18068  7  2 84  7  0
 1  0      0 13182700  13272 9227520    0    0 13436     0 17941 18222  8  2 89  1  0
 0  0      0 13109880  13344 9299576    0    0 12556     0 17659 18310  7  2 91  0  0
 2  0      0 13051972  13416 9357296    0    0  7692  5146 16758 17625  6  2 92  0  0
 2  0      0 12991344  13472 9418728    0    0  8452     0 17403 17878  6  2 92  0  0
 1  4      0 12925036  13548 9481556    0    0  9514 98262 17542 18252  7  2 87  3  0
 0  2      0 12847248  13648 9557716    0    0 16152 51468 17930 18174  8  2 78 11  0
procs -----------memory---------- ---swap-- -----io---- -system-- -----cpu------
 r  b   swpd   free   buff  cache   si   so    bi    bo   in   cs us sy id wa st
 1  0      0 12790456  13720 9618476    0    0  9072  3732 17903 18401  7  2 83  8  0
 2  0      0 12723844  13776 9685216    0    0 10378  7076 18031 18276  7  2 91  0  0
 3  0      0 12665804  13840 9743844    0    0  7942     0 17625 18332  6  2 92  0  0
 1  0      0 12596132  13904 9814312    0    0 12302 17366 17590 18323  8  2 90  0  0
 1  0      0 12528552  13984 9881596    0    0  9742     0 17266 18410  6  2 92  0  0
 0  0      0 12442256  14064 9957240    0    0 14100     0 17417 19106  9  2 88  0  0
 3  1      0 12369692  14140 10025512    0    0 11022 108232 17741 17868  8  2 84  6  0
 2  2      0 12310180  14228 10088168    0    0 10666 33066 17238 17773  7  2 82  9  0
 0  0      0 12236616  14324 10162036    0    0 14070  8384 17476 18314  8  2 83  7  0
 1  0      0 12166432  14388 10232036    0    0 11790     0 17153 18961  7  2 91  0  0
 4  0      0 12096388  14472 10301636    0    0 11540     0 17213 18481  7  2 90  0  0
 3  0      0 12025808  14524 10371592    0    0 11272 15250 17341 18994  8  2 90  0  0
 1  0      0 11956244  14608 10441700    0    0 11536     0 17226 17912  7  2 91  0  0
 0  6      0 11883480  14672 10511836    0    0 11272 77090 17587 18420  8  2 88  2  0
 4  1      0 11812056  14736 10583048    0    0 11278 66936 18718 19602  7  2 82  9  0
 0  0      0 11733564  14796 10645564    0    0 10376   586 17438 18117  7  2 83  7  0
 1  0      0 11663512  14876 10716124    0    0 11530  5208 17643 18147  8  2 90  0  0
 1  0      0 11597916  14956 10781152    0    0  9488     0 17338 18572  7  2 91  0  0
 1  0      0 11532932  14996 10846600    0    0  9220 16406 17529 18507  7  2 91  0  0
 2  0      0 11462184  15076 10916488    0    0 11410     0 17612 18007  7  2 90  0  0
 2  0      0 11385612  15168 10993712    0    0 14870     0 17542 18875  8  2 89  0  0
procs -----------memory---------- ---swap-- -----io---- -system-- -----cpu------
 r  b   swpd   free   buff  cache   si   so    bi    bo   in   cs us sy id wa st
 2  3      0 11312784  15236 11062884    0    0 10810 110182 18221 18562  8  2 84  7  0
 0  2      0 11250552  15308 11125908    0    0 10712 37272 17658 18199  8  2 80  9  0
 0  0      0 11182724  15384 11195308    0    0 11150 12356 17549 18217  7  2 84  6  0
 1  0      0 11117624  15448 11261280    0    0 10764     0 17384 17873  7  2 91  0  0
 1  0      0 11041868  15516 11327404    0    0 11026     0 17543 17879  7  2 91  0  0
 0  0      0 10991020  15548 11379540    0    0  6662  9810 15812 17487  5  2 94  0  0
 1  0      0 10940924  15592 11429280    0    0  6148     0 15695 17747  5  2 94  0  0
 1  1      0 10889464  15660 11478252    0    0  5898 82706 15786 17360  5  2 90  3  0
 0  1      0 10835028  15716 11533832    0    0  8712 50710 17166 18213  6  2 79 13  0
 0  0      0 10771804  15772 11599476    0    0 10758     0 17373 18221  7  2 84  7  0
 1  0      0 10709424  15844 11661408    0    0  8970 10464 17199 18338  7  2 91  0  0
 1  0      0 10650648  15908 11720028    0    0  8718     0 16611 17770  6  2 92  0  0
 0  0      0 10583440  15960 11787828    0    0 10500  9906 17301 18414  7  2 91  0  0
 1  0      0 10513380  16032 11857484    0    0 11276     0 17507 18819  8  2 90  0  0
 3  0      0 10445320  16104 11926268    0    0 10508     0 17388 18224  8  2 90  0  0
 0  1      0 10373152  16156 11995596    0    0 11400 105954 17772 18529  7  2 84  7  0
 2  3      0 10300860  16244 12061128    0    0 11178 33920 17750 18234  8  2 81  9  0
 1  0      0 10234372  16316 12127800    0    0 10098 11164 17616 18325  7  2 84  7  0
 2  0      0 10168288  16420 12196264    0    0 11282     0 17708 18696  7  2 90  0  0
 1  0      0 10101800  16464 12261588    0    0  9990     0 17815 18263  7  2 91  0  0
 1  0      0 10025176  16516 12324536    0    0  8968 16262 17415 18234  6  2 92  0  0
procs -----------memory---------- ---swap-- -----io---- -system-- -----cpu------
 r  b   swpd   free   buff  cache   si   so    bi    bo   in   cs us sy id wa st
 0  0      0 9975312  16604 12388756    0    0 11020     0 16668 17938  7  2 91  0  0
 7  1      0 9904228  16684 12456056    0    0 10768 77146 17891 18150  8  2 88  2  0
 1  1      0 9840632  16748 12520724    0    0 11026 59190 17614 17733  6  2 82  9  0
 1  0      0 9792520  16800 12571452    0    0  7686   608 16407 17597  6  2 83  9  0
 1  0      0 9737836  16860 12626276    0    0  7688  7974 16448 17678  5  2 92  0  0
 1  0      0 9689716  16892 12674424    0    0  5894     0 15735 17796  5  2 93  0  0
 3  0      0 9641884  16956 12722012    0    0  5894 10204 15789 17274  6  2 93  0  0
 2  0      0 9595592  17016 12767716    0    0  5254     0 15217 17457  5  2 94  0  0
 0  0      0 9546412  17056 12817716    0    0  6020     0 15626 17434  5  2 93  0  0
 0  2      0 9498548  17092 12860964    0    0  4868 120148 15701 17216  4  2 86  8  0
 0  0      0 9454652  17156 12906396    0    0  5898   578 15899 17366  5  2 86  7  0
 3  0      0 9406928  17200 12953852    0    0  5638  5332 15895 17634  6  2 92  0  0
 1  0      0 9356940  17240 13003768    0    0  6150     0 15971 17505  5  2 93  0  0
 4  0      0 9301040  17288 13059772    0    0  7302     0 16427 17592  6  2 92  0  0
 0  0      0 9249572  17332 13113552    0    0  6532 21776 16061 17687  5  2 93  0  0
 2  0      0 9195028  17408 13168372    0    0  7052     0 16242 17964  6  2 92  0  0
 2  1      0 9133128  17504 13225648    0    0  9494 71984 16432 17815  6  2 86  5  0
 3  1      0 9069516  17568 13290116    0    0  9482 38750 17672 18119  7  2 83  9  0
 0  0      0 9019320  17640 13342264    0    0  7434   614 16608 17997  6  2 86  6  0
 1  0      0 8947756  17708 13414460    0    0 13072  1828 17386 18647  7  2 90  0  0
 3  0      0 8873564  17820 13489468    0    0 14876     0 17587 18570  9  2 88  0  0
procs -----------memory---------- ---swap-- -----io---- -system-- -----cpu------
 r  b   swpd   free   buff  cache   si   so    bi    bo   in   cs us sy id wa st
 2  0      0 8802644  17888 13558300    0    0 11030 20006 17781 18282  7  2 90  0  0
 1  0      0 8735700  17956 13625492    0    0 10250     0 17678 18150  7  2 91  0  0
 1  0      0 8662132  18028 13693864    0    0 10248     0 17306 18156  8  2 90  0  0
 2  1      0 8592320  18080 13760740    0    0 10246 101248 18154 18177  7  2 81 10  0
 2  4      0 8535056  18152 13818716    0    0  8788 40642 17508 17805  7  2 84  7  0
 2  0      0 8463888  18236 13892192    0    0 13386 10216 17655 18290  8  2 86  5  0
 1  0      0 8386968  18312 13967944    0    0 14608     0 17736 18616  8  2 89  0  0
 3  0      0 8317776  18384 14038232    0    0 11662     0 17750 17988  8  2 90  0  0
 1  0      0 8247344  18484 14108520    0    0 11542 16686 17633 18922  7  2 90  0  0
 2  1      0 8174780  18932 14179944    0    0 11770     0 18130 17759  8  2 88  3  0
 0  3      0 8102984  19740 14248280    0    0 11390 42438 18161 18667  7  2 80 10  0
 1  3      0 8037876  20076 14313080    0    0  9876 40208 17683 18335  7  3 70 20  0
 0  2      0 7953728  20280 14383536    0    0 11086 58428 18217 18457  8  2 75 16  0
 0  0      0 7892216  20340 14447096    0    0 10378 15348 17836 18624  7  3 76 14  0
 1  0      0 7827604  20412 14510112    0    0  9228     0 17693 18159  7  2 91  0  0
 3  0      0 7762388  20488 14576220    0    0  9868 23998 17934 18317  7  2 91  0  0
 0  0      0 7686996  20556 14650856    0    0 14226     0 18071 18290  8  2 90  0  0
 0  0      0 7617804  20620 14720708    0    0 11024     0 18082 18385  7  2 90  0  0
 2  2      0 7555680  20680 14780560    0    0  8458 101012 17799 17977  6  2 80 12  0
 3  4      0 7495524  20776 14841804    0    0  9890 29910 17858 18236  7  2 79 12  0
 1  0      0 7429308  20836 14909144    0    0 10872     0 17809 18344  6  2 89  3  0
procs -----------memory---------- ---swap-- -----io---- -system-- -----cpu------
 r  b   swpd   free   buff  cache   si   so    bi    bo   in   cs us sy id wa st
 1  0      0 7360332  20928 14976304    0    0 12822     0 17463 18194  8  2 90  0  0
 2  0      0 7294240  20984 15042984    0    0 10762 30336 17810 18385  7  2 90  0  0
 2  0      0 7213764  21064 15112396    0    0 11020     0 18022 18151  7  2 91  0  0
 0  0      0 7143712  21120 15181884    0    0 11016 18376 17962 18488  8  2 90  0  0
 0  3      0 7072164  21204 15250448    0    0 11274 53202 17999 18318  7  2 88  3  0
 0  1      0 7002608  21272 15319356    0    0 11022 58780 18114 18406  7  2 82  8  0
 1  0      0 6939864  21360 15385088    0    0 11792   642 18024 17967  7  2 77 14  0
 0  0      0 6875888  21416 15448864    0    0  9356     0 17609 18220  7  2 91  0  0
 4  0      0 6813252  21476 15512044    0    0  8454 12630 17833 17711  6  2 92  0  0
 0  0      0 6738844  21568 15585972    0    0 13844     0 17845 18461  8  2 89  0  0
 1  1      0 6677092  21632 15647716    0    0  8458     0 17517 17912  6  2 92  0  0
 0  0      0 6611496  21712 15712564    0    0  9102 33078 17661 18147  6  2 91  1  0
 3  1      0 6541560  21804 15780208    0    0 12818 100570 17161 17891  7  2 83  8  0
 1  0      0 6454636  21868 15847428    0    0 11530 22740 19303 20123  6  2 77 15  0
 1  0      0 6388792  21924 15912184    0    0 10248     0 17558 18315  7  2 91  0  0
 2  2      0 6321212  21996 15978416    0    0 10684 16110 17919 18255  8  2 90  0  0
 0  0      0 6259584  22068 16041688    0    0  9178     0 17349 17762  6  2 91  0  0
 1  0      0 6206264  22108 16094968    0    0  6148     0 16651 17584  5  1 93  0  0
 3  0      0 6140536  22188 16160236    0    0 11410 13944 17101 18060  7  2 90  0  0
 0  1      0 6080644  22244 16217612    0    0  8076 80640 17111 17643  6  2 88  5  0
 0  2      0 6028688  22308 16272388    0    0  8588 46216 17134 17839  6  2 81 11  0
procs -----------memory---------- ---swap-- -----io---- -system-- -----cpu------
 r  b   swpd   free   buff  cache   si   so    bi    bo   in   cs us sy id wa st
 1  0      0 5977112  22360 16323952    0    0  5892     0 16677 17660  5  2 90  3  0
 2  0      0 5916600  22436 16385300    0    0 10768     0 16385 17878  6  2 92  0  0
 2  0      0 5853732  22504 16447548    0    0  9480   928 17196 18121  7  2 91  0  0
 0  0      0 5791608  22564 16509152    0    0  9226     0 16911 18163  7  2 91  0  0
 6  0      0 5736708  22620 16563556    0    0  7430  8556 16296 17684  5  2 92  0  0
 1  0      0 5682024  22652 16618980    0    0  7174 19446 16355 17521  5  2 93  0  0
 0  1      0 5611980  22700 16675800    0    0  7560 115292 17424 18015  6  3 83  9  0
 1  0      0 5555220  22764 16735284    0    0  9102  7922 17634 18384  6  3 82  9  0
 1  0      0 5484904  22864 16806684    0    0 12824     0 17790 18626  8  2 90  0  0
 2  0      0 5414284  22940 16875736    0    0 12300     0 17180 18464  7  2 91  0  0
 0  0      0 5342628  23016 16946224    0    0 11150  8076 17841 18693  8  2 90  0  0
 1  0      0 5275048  23096 17015208    0    0 10888     0 17750 18277  7  2 90  0  0
 1  0      0 5203252  23156 17086588    0    0 11662 14726 17799 18719  8  2 90  0  0
 3  2      0 5130712  23220 17156304    0    0 11172 86204 18072 18385  7  2 86  5  0
 1  4      0 5068048  23284 17219788    0    0 10658 50488 18345 18900  8  2 79 11  0
 2  0      0 4999368  23336 17290480    0    0 11994  3726 17943 18755  7  2 86  5  0
 3  0      0 4900392  23412 17359648    0    0 11408     0 18051 17383  8  2 90  0  0
 1  0      0 4832564  23468 17426544    0    0 10124  9128 17897 18311  7  2 91  0  0
 2  0      0 4762264  23552 17497852    0    0 12046     0 17898 18634  7  2 91  0  0
 2  0      0 4692336  23620 17567188    0    0 10760     0 17852 18579  7  2 90  0  0
 3  0      0 4623516  23704 17637164    0    0 10768 21540 17961 18015  7  2 90  0  0
procs -----------memory---------- ---swap-- -----io---- -system-- -----cpu------
 r  b   swpd   free   buff  cache   si   so    bi    bo   in   cs us sy id wa st
 1  2      0 4551100  23756 17706552    0    0 11784 131570 18757 18824  8  2 82  8  0
 2  0      0 4487736  23844 17771876    0    0 11532  9412 17853 18276  7  3 78 12  0
 3  0      0 4421868  23912 17837572    0    0 10506     0 17621 18277  8  2 90  0  0
 2  0      0 4361240  23996 17898280    0    0  8074     0 17313 17936  6  2 92  0  0
 4  0      0 4297024  24052 17963376    0    0  9228 26846 17463 18348  6  2 92  0  0
 0  1      0 4224500  24120 18034888    0    0 13588     0 17113 18201  8  2 90  0  0
 1  0      0 4156928  24164 18093276    0    0  7942 13676 16734 17793  6  2 92  0  0
 6  1      0 4093192  24228 18153352    0    0  8970 98116 17446 18366  6  2 87  5  0
 1  0      0 4037144  24304 18212680    0    0  9994 17318 17674 18356  6  2 82 10  0
 2  0      0 3971804  24372 18276908    0    0  9992  2512 17559 18126  6  2 92  0  0
 4  0      0 3907232  24452 18342376    0    0 10252     0 17575 18443  6  3 91  0  0
 3  0      0 3815100  24500 18407036    0    0  9868 11224 17295 18059  7  2 91  0  0
 4  0      0 3775792  24560 18473304    0    0  9998     0 17310 18145  7  2 91  0  0
 2  0      0 3712568  24620 18536756    0    0  8326     0 17660 18419  6  2 92  0  0
 2  0      0 3640656  24688 18609468    0    0 13328  4594 17704 18273  7  2 90  0  0
 0  1      0 3577508  24744 18669932    0    0  8710 137772 17659 18134  6  2 82  9  0
 2  0      0 3524420  24824 18724452    0    0  8714 11446 17055 18341  5  2 85  8  0
 2  0      0 3465660  24892 18783328    0    0  8716     0 16645 17849  6  2 92  0  0
 1  0      0 3379364  24960 18848208    0    0  9996     0 17623 18669  8  2 89  0  0
 3  0      0 3310444  25020 18918236    0    0 11278 14344 17612 18650  7  2 91  0  0
 3  0      0 3240980  25088 18986356    0    0 11536     0 17546 18330  8  2 90  0  0
procs -----------memory---------- ---swap-- -----io---- -system-- -----cpu------
 r  b   swpd   free   buff  cache   si   so    bi    bo   in   cs us sy id wa st
 0  0      0 3173772  25148 19052436    0    0 10506 30376 17505 18360  7  2 90  0  0
 2  1      0 3108276  25228 19117388    0    0 10510 92132 17490 17715  6  2 87  5  0
 3  0      0 3053724  25312 19172652    0    0  9226 17200 17354 18270  6  2 80 12  0
 3  0      0 2993428  25364 19234560    0    0  9222  3976 17381 18060  6  2 92  0  0
 2  0      0 2929312  25440 19296108    0    0  9484     0 17146 18073  7  2 91  0  0
 2  0      0 2872924  25480 19354056    0    0  7558  5886 16869 17902  6  2 92  0  0
 0  0      0 2818224  25528 19409196    0    0  6148     0 16966 18129  5  2 93  0  0
 4  0      0 2760944  25608 19465924    0    0  9488     0 15807 17935  6  2 92  0  0
 1  0      0 2706972  25648 19518968    0    0  7176 20650 15884 18083  5  2 93  0  0
 1  1      0 2659736  25716 19564976    0    0  6536 119108 16378 17459  5  2 82 11  0
 2  0      0 2613416  25780 19612436    0    0  5894  4646 15390 17682  5  2 92  2  0
 1  0      0 2536296  25844 19680420    0    0 11018     0 17964 18511  7  2 91  0  0
 2  0      0 2468848  25896 19747316    0    0 10380     0 17766 18382  7  2 91  0  0
 1  0      0 2400400  25972 19814388    0    0  9480 16652 18101 18662  7  2 91  0  0
 1  0      0 2332556  26036 19883028    0    0 10506     0 17935 18940  7  2 91  0  0
 1  0      0 2267820  26092 19949172    0    0 10252  8678 17796 17906  7  2 91  0  0
 0  1      0 2212060  26152 20001908    0    0  7176 101202 16605 17682  5  2 88  5  0
 3  0      0 2165016  26240 20050588    0    0  8592 25996 16116 17769  5  2 80 12  0
 1  0      0 2125072  26288 20091912    0    0  3848  7884 15563 17195  3  2 95  0  0
 5  0      0 2076200  26356 20140620    0    0  8464     0 14618 17486  5  2 94  0  0
 0  0      0 2025856  26408 20191364    0    0  6408 11554 16250 17679  5  2 93  0  0
procs -----------memory---------- ---swap-- -----io---- -system-- -----cpu------
 r  b   swpd   free   buff  cache   si   so    bi    bo   in   cs us sy id wa st
 2  0      0 1974364  26456 20241316    0    0  6278     0 16042 17473  5  2 93  0  0
 4  0      0 1935172  26496 20281104    0    0  3588     0 14976 17072  3  2 95  0  0
 2  0      0 1889524  26552 20327016    0    0  5130 10686 15323 17399  4  1 94  0  0
 2  2      0 1852332  26604 20362688    0    0  4126 96878 15822 17225  4  2 80 14  0
 3  0      0 1805708  26684 20409632    0    0  7284  3120 15070 17734  5  2 93  0  0
 1  0      0 1763896  26720 20450756    0    0  4488     0 15070 16820  4  1 95  0  0
 1  0      0 1723364  26748 20492016    0    0  4354     0 15136 17169  4  2 94  0  0
 1  0      0 1651080  26816 20537040    0    0  4870 10326 15471 17393  5  2 93  0  0
 0  0      0 1603612  26864 20585764    0    0  5640     0 15598 17417  4  2 94  0  0
 0  0      0 1557624  26896 20630572    0    0  4868  8128 15539 17334  4  2 94  0  0
 0  1      0 1508348  26940 20676656    0    0  5252 100134 15664 17633  4  2 89  4  0
 1  0      0 1463492  27020 20724444    0    0  6796   572 16029 17750  5  2 87  6  0
 0  0      0 1411560  27088 20776440    0    0  7052  4070 16220 17485  5  2 93  0  0
 1  0      0 1356620  27132 20830064    0    0  7174     0 16341 17670  6  2 92  0  0
 4  0      0 1305036  27176 20882204    0    0  6662 14338 16218 17313  5  2 93  0  0
 2  0      0 1254080  27260 20934312    0    0  8208     0 15387 17505  5  2 93  0  0
 1  0      0 1212028  27288 20975560    0    0  3588     0 14928 16955  4  2 95  0  0
 2  3      0 1168612  27332 21017564    0    0  4616 43376 15095 17358  4  2 94  0  0
 0  0      0 1133768  27380 21053236    0    0  3846 70426 15810 17305  3  2 83 12  0
 2  0      0 1094476  27412 21093828    0    0  4102  4104 15102 17072  4  2 94  0  0
 1  0      0 1053944  27456 21133584    0    0  4100     0 14879 16944  4  2 95  0  0
procs -----------memory---------- ---swap-- -----io---- -system-- -----cpu------
 r  b   swpd   free   buff  cache   si   so    bi    bo   in   cs us sy id wa st
 0  0      0 1014620  27512 21172096    0    0  3592     0 14634 17403  4  1 95  0  0
 1  0      0 975568  27560 21212364    0    0  4104  9694 14838 17133  3  1 95  0  0
 1  0      0 927596  27616 21260004    0    0  6922     0 15098 17531  4  1 94  0  0
 1  0      0 876608  27668 21310596    0    0  7174 12834 15727 17693  5  1 94  0  0
 1  2      0 812996  27736 21372204    0    0  8864 93422 17801 17546  6  2 87  5  0
 1  0      0 754096  27808 21433060    0    0 10612   586 17586 18268  6  2 83  9  0
 2  0      0 683664  27872 21490540    0    0  8200  1806 16995 17443  6  2 92  0  0
 1  0      0 628608  27932 21545608    0    0  7692     0 16676 17761  5  2 93  0  0
 0  0      0 567732  27992 21605312    0    0  9100 15966 17136 17681  6  2 92  0  0
 1  0      0 510196  28040 21663936    0    0  7942     0 16684 17476  5  2 93  0  0
 0  0      0 458116  28108 21715176    0    0  6662     0 16211 17605  5  2 93  0  0
 1  4      0 405656  28144 21766744    0    0  6658 66266 16235 17520  5  2 92  1  0
 0  3      0 355188  28208 21818216    0    0  7950 62586 16863 17746  5  2 83  9  0
 0  0      0 305108  28256 21868348    0    0  6026  6670 16681 17518  5  2 89  4  0
 0  0      0 253284  28304 21921228    0    0  6024     0 16677 17743  5  2 93  0  0
 1  0      0 190500  28384 21982612    0    0 11282     0 16486 17882  7  2 90  0  0
 2  0      0 164600  28052 22008488    0    0  7430  5648 16119 17552  5  2 93  0  0
 0  0      0 166832  28108 22008656    0    0  7452     0 15898 17759  5  2 92  1  0
 0  0      0 166088  28120 22008624    0    0  6662 27416 15836 17809  5  2 93  0  0
 1  2      0 162508  28160 22010968    0    0  7688 100848 16825 17838  6  2 85  7  0
 1  0      0 163360  28204 22011336    0    0  7940   584 16842 18338  6  2 83  9  0
procs -----------memory---------- ---swap-- -----io---- -system-- -----cpu------
 r  b   swpd   free   buff  cache   si   so    bi    bo   in   cs us sy id wa st
 2  0      0 175644  28268 21997052    0    0  6286  3636 16090 17345  6  2 92  0  0
 2  0      0 164988  28328 21995860    0    0  7050     0 16030 17558  5  2 93  0  0
 0  0      0 175908  28384 21985276    0    0  6918  6488 15970 18060  6  2 92  0  0
 0  0      0 159548  28424 22003872    0    0  6152     0 16003 17774  5  2 93  0  0
 0  0      0 159052  28492 22002648    0    0  9482     0 17297 17999  6  2 92  0  0
 0  2      0 156572  28540 22002620    0    0  6918 73422 16671 17500  5  2 91  1  0
 1  3      0 159408  28580 22002192    0    0  5126 59336 16334 17652  4  2 83 11  0
 0  0      0 165964  28656 21995356    0    0 12560  3076 16997 17802  7  2 91  0  0
 0  0      0 158664  28724 22003216    0    0  9996     0 17098 17823  6  2 92  0  0
 2  0      0 166344  28780 21995004    0    0  7432     0 16663 17691  6  2 92  0  0
 5  0      0 165608  28820 21995068    0    0  9734 20968 17419 17784  6  2 91  0  0
 0  0      0 161780  28888 21999052    0    0  7816     0 17139 18146  7  2 91  0  0
 0  0      0 166764  28956 21995700    0    0  7566 24290 17294 18042  7  2 91  0  0
 1  1      0 157672  29036 22002544    0    0 10382 100924 16625 17603  7  2 85  7  0
 0  0      0 157160  29104 22003412    0    0  9226   596 16721 18101  6  2 85  7  0
 2  0      0 162376  29164 21987724    0    0  8970  6794 16986 18105  7  2 91  0  0
 4  0      0 166476  29224 21984012    0    0  8972     0 16999 17923  6  2 92  0  0
 5  0      0 161756  29292 21988240    0    0  8462  8200 16626 18032  5  2 92  0  0
 0  0      0 164112  29360 21986220    0    0  9226     0 16967 18044  7  2 91  0  0
 1  0      0 160640  29436 21989136    0    0  7702     0 16499 17910  6  2 92  0  0
 1  1      0 181596  29488 21966280    0    0  8966 66600 17045 17817  7  2 89  2  0
procs -----------memory---------- ---swap-- -----io---- -system-- -----cpu------
 r  b   swpd   free   buff  cache   si   so    bi    bo   in   cs us sy id wa st
 3  3      0 161632  29584 21986752    0    0 10404 68248 19070 19253  7  3 80 10  0
 2  0      0 159152  29632 21991364    0    0 11124 10904 17669 18446  7  2 86  5  0
 1  0      0 166716  29696 21983384    0    0  8328     0 16408 17853  6  2 92  0  0
 4  0      0 157672  29752 21992356    0    0  6924     0 16014 17567  5  2 93  0  0
 1  0      0 163516  29784 21987124    0    0  4996 19904 16042 17502  4  2 94  0  0
 0  0      0 157836  29812 21993672    0    0  2308     0 15161 17427  3  2 95  0  0
 2  0      0 156780  29872 21993564    0    0  6408 14270 14522 16876  4  1 95  0  0
 2  1      0 161864  29916 21987732    0    0  4356 94344 15484 17321  4  2 86  7  0
 2  0      0 163600  29960 21986860    0    0  4364     0 15136 17298  4  2 92  2  0
 2  0      0 158284  30016 21992244    0    0  5640  5812 16092 17563  4  2 94  0  0
 1  0      0 166592  30052 21983784    0    0  5122     0 15139 17370  4  2 95  0  0
 3  0      0 160772  30092 21980272    0    0  6408  7390 15877 17620  5  2 93  0  0
 4  0      0 159524  30148 21981564    0    0  7434     0 16318 17585  5  2 93  0  0
 1  0      0 161408  30204 21981100    0    0  6916     0 16048 17860  5  2 94  0  0
 3  2      0 166476  30256 21971932    0    0  9616 71784 16042 17706  5  2 91  2  0
 2  0      0 165980  30312 21974164    0    0  5894 45850 16057 17555  5  2 86  7  0
 1  0      0 159036  30372 21981884    0    0  4100  4112 15003 17274  4  2 95  0  0
 1  0      0 164988  30420 21976140    0    0  3074     0 14737 17418  4  2 94  0  0
 4  0      0 164244  30464 21976632    0    0  4614     0 15119 17472  4  1 94  0  0
 6  0      0 166236  30516 21973180    0    0  6404 13864 16008 17581  5  2 93  0  0
 0  0      0 161268  30544 21980740    0    0  6150     0 15695 17425  5  2 94  0  0
procs -----------memory---------- ---swap-- -----io---- -system-- -----cpu------
 r  b   swpd   free   buff  cache   si   so    bi    bo   in   cs us sy id wa st
 1  0      0 158028  30596 21982020    0    0  7690 12266 16342 17730  6  1 93  0  0
 0  1      0 161724  30648 21976684    0    0  8712 99436 17090 17398  6  2 83  9  0
 1  0      0 158996  30724 21981372    0    0  9736   554 16892 18216  6  2 83  8  0
 1  0      0 162940  30788 21978364    0    0  8974  6942 17059 17975  7  2 91  0  0
 0  0      0 158624  30848 21981324    0    0  8200     0 16469 17993  6  2 93  0  0
 2  0      0 158252  30900 21982628    0    0  7050  7684 16395 17574  6  2 92  0  0
 4  0      0 164460  30960 21976180    0    0  4612     0 15866 17288  4  2 94  0  0
 1  0      0 163096  30984 21977164    0    0  4874     0 15173 16853  4  2 94  0  0
 1  1      0 159732  31044 21974244    0    0  7696 81608 15474 17767  6  2 89  3  0
 1  2      0 162212  31092 21972612    0    0  6044 44720 15307 17820  4  2 83 11  0
 1  0      0 164444  31160 21970848    0    0  4204  8614 15240 16916  4  1 95  0  0
 2  0      0 156588  31192 21979188    0    0  4100     0 14905 17357  4  1 95  0  0
 1  0      0 163352  31244 21972512    0    0  5766     0 15457 17621  4  2 93  0  0
 1  0      0 157904  31300 21977428    0    0  5900  6490 15608 17307  4  2 94  0  0
 1  0      0 160616  31344 21975288    0    0  6404     0 16363 17345  5  2 93  0  0
 2  0      0 164328  31420 21970836    0    0  8976 15888 16741 17719  6  2 92  0  0
 3  1      0 166064  31476 21967344    0    0  9484 98142 17550 17974  6  2 85  7  0
 0  0      0 161088  31544 21971856    0    0  7182   576 16253 17776  5  2 88  5  0
 0  0      0 160344  31596 21974808    0    0  7302  5208 17025 17789  6  2 92  0  0
 1  0      0 162452  31664 21972756    0    0  5898     0 16498 17503  5  2 93  0  0
 2  0      0 157500  31712 21977556    0    0  5126  9786 16010 17567  4  2 94  0  0
procs -----------memory---------- ---swap-- -----io---- -system-- -----cpu------
 r  b   swpd   free   buff  cache   si   so    bi    bo   in   cs us sy id wa st
 0  0      0 162948  31768 21972220    0    0  7176     0 15150 17741  5  2 93  0  0
 2  0      0 163940  31796 21972232    0    0  4354     0 15122 17263  4  2 95  0  0
 1  1      0 163584  31840 21970064    0    0  4358 84332 15217 17154  4  2 92  3  0
 1  0      0 161104  31900 21974516    0    0  6282 35266 16330 17827  5  2 82 11  0
 0  0      0 160608  31936 21975136    0    0  7688  8262 16592 17762  6  2 92  0  0
 0  0      0 160964  32012 21974280    0    0  6536     0 16204 17611  5  2 93  0  0
 3  0      0 167296  32064 21960200    0    0  5382     0 15562 16947  5  2 93  0  0
 3  0      0 165808  32096 21962368    0    0  4614 11484 15354 17405  4  2 94  0  0
 2  0      0 157616  32128 21968376    0    0  8200     0 14856 17312  4  2 94  0  0
 2  0      0 159592  32200 21967924    0    0  6408 16346 16401 17532  5  2 93  0  0
 2  1      0 160808  32084 21965872    0    0  7430 97720 17391 17838  6  2 85  7  0
 4  0      0 160716  32136 21966304    0    0  7690     0 16440 17605  5  2 91  2  0
 1  0      0 164436  32196 21964588    0    0  7178  2550 16231 17486  5  2 93  0  0
 1  0      0 163040  32252 21965724    0    0  7948     0 16279 17568  5  2 93  0  0
 1  0      0 166388  32320 21961952    0    0  8198  9390 17195 18026  6  2 92  0  0
 0  0      0 160172  32384 21966312    0    0  9616     0 16269 18139  7  2 91  0  0
 0  0      0 161288  32424 21966672    0    0  6666     0 16349 17555  5  2 93  0  0
 1  1      0 163272  32460 21961696    0    0  5892 98564 16237 17459  4  2 91  2  0
 1  0      0 165048  32548 21962156    0    0  8334 31332 17240 18197  6  2 81 11  0
 1  0      0 165016  32608 21960736    0    0 11536  7942 16753 17648  7  2 91  0  0
 2  0      0 158220  32668 21967176    0    0  9226     0 16539 18061  6  2 92  0  0
procs -----------memory---------- ---swap-- -----io---- -system-- -----cpu------
 r  b   swpd   free   buff  cache   si   so    bi    bo   in   cs us sy id wa st
 1  0      0 159584  32728 21963384    0    0  9232     0 16917 17729  6  2 92  0  0
 1  0      0 165436  32784 21953932    0    0  7432 15184 16405 17179  6  2 92  0  0
 2  0      0 161592  32844 21931000    0    0  6666     0 16051 17056  6  2 92  0  0
 0  0      0 158988  32888 21959160    0    0  6148 21046 15703 17562  5  2 93  0  0
 0  1      0 161468  32936 21955556    0    0  4226 99676 15912 17586  5  2 86  7  0
 3  0      0 160848  32972 21957836    0    0  4866     0 15461 17376  4  2 91  3  0
 1  0      0 161120  33016 21956380    0    0  4104  3954 15283 17370  4  1 95  0  0
 1  0      0 161268  33052 21957196    0    0  4358     0 15154 17387  4  1 95  0  0
 0  0      0 159996  33104 21957052    0    0  8970  6110 15490 17327  5  2 93  0  0
 3  0      0 166420  33160 21950428    0    0  8336     0 16549 17907  6  2 92  0  0
 0  0      0 157872  33208 21959648    0    0  6914     0 16068 17447  5  2 93  0  0
 0  1      0 159360  33260 21956252    0    0  6150 92784 16127 17728  5  2 90  3  0
 1  0      0 174604  33320 21942956    0    0  7818 28718 16760 17772  6  2 85  7  0
 0  0      0 162220  33376 21956264    0    0  5120  5662 15785 17160  4  2 94  0  0
 2  0      0 162064  33436 21955844    0    0  7694     0 16520 17559  5  2 93  0  0
 1  0      0 163304  33468 21953676    0    0  6662     0 16076 17292  5  2 93  0  0
 0  0      0 162436  33516 21952820    0    0  6794 10954 16337 17619  6  2 92  0  0
 1  0      0 165536  33588 21950868    0    0  8970     0 17244 18134  6  2 92  0  0
 2  0      0 164172  33652 21937312    0    0 10506 28284 17668 18131  8  2 90  0  0
 1  1      0 184756  33708 21917844    0    0  8842 99176 17428 18206  7  2 83  8  0
 0  0      0 160700  33756 21941480    0    0  5382     0 15581 17213  5  2 87  7  0
procs -----------memory---------- ---swap-- -----io---- -system-- -----cpu------
 r  b   swpd   free   buff  cache   si   so    bi    bo   in   cs us sy id wa st
 0  0      0 157848  33796 21944840    0    0  5894  8154 15565 17448  5  2 93  0  0
 4  0      0 163312  33872 21939652    0    0  5380     0 15669 17511  4  2 94  0  0
 0  1      0 163428  33936 21937552    0    0  9644  7472 17174 17880  7  2 91  0  0
 1  0      0 157608  33984 21944292    0    0  8558     0 16633 17801  6  2 93  0  0
 1  0      0 165420  34028 21936936    0    0  8070     0 16700 17547  6  2 92  0  0
 0  1      0 160584  34116 21937712    0    0 11544 73592 17366 18236  7  2 87  4  0
 1  0      0 161956  34168 21938580    0    0  7688 53566 17447 18022  6  2 81 10  0
 0  0      0 157740  34236 21944432    0    0  8202  9894 17302 18062  6  2 92  0  0
 1  0      0 162468  34304 21940884    0    0  8454     0 17592 18198  6  2 91  0  0
 2  0      0 162180  34392 21940752    0    0 13720     0 17782 18397  7  2 90  0  0
 2  0      0 161560  34484 21940840    0    0 14096 12680 18082 18381  9  2 89  0  0
 2  0      0 164008  34556 21929752    0    0 10132     0 17222 18021  7  2 91  0  0
 1  0      0 166984  34620 21927804    0    0  8964 10324 17161 17901  7  2 91  0  0
 2  3      0 165868  34668 21927444    0    0  9738 127092 17394 17834  7  3 84  7  0
 1  0      0 157436  34736 21937768    0    0  8714   612 17191 17595  6  2 84  8  0
 1  0      0 164876  34804 21930072    0    0 10760  3446 17796 18153  7  2 91  0  0
 2  0      0 157584  34872 21935220    0    0 11278     0 18079 18382  7  2 91  0  0
 1  0      0 165520  34908 21927816    0    0  9222  8354 17570 18321  7  2 91  0  0
 0  0      0 156840  34976 21936048    0    0 11538     0 17635 18581  8  2 90  0  0
 3  0      0 162296  35056 21932364    0    0 10502     0 17591 17971  7  2 91  0  0
 3  2      0 164280  35112 21927908    0    0 11280 98232 17946 17996  7  2 87  4  0
procs -----------memory---------- ---swap-- -----io---- -system-- -----cpu------
 r  b   swpd   free   buff  cache   si   so    bi    bo   in   cs us sy id wa st
 4  8      0 160436  35184 21933292    0    0  9170 53850 18035 18589  7  3 77 13  0
 0  0      0 159816  35260 21919224    0    0 11204 12778 18001 18404  8  2 87  3  0
 4  0      0 163784  35336 21913904    0    0  9606     0 17802 18336  7  2 91  0  0
 1  0      0 166388  35384 21910792    0    0 10384     0 17401 19149  7  2 91  0  0
 2  0      0 160980  35436 21916504    0    0  9990 18532 17504 18612  7  2 91  0  0
 1  0      0 164784  35552 21912728    0    0 15128     0 17745 18476  8  2 90  0  0
 3  0      0 160320  35596 21918728    0    0  8836 21916 17688 19116  7  2 91  0  0
 3  1      0 157732  35632 21920052    0    0  8710 114606 17911 18218  7  2 83  8  0
 3  0      0 161608  35736 21917308    0    0 13082   612 18401 18764  7  2 82  9  0
 1  0      0 156864  35792 21920340    0    0 13834  2328 17992 18631  8  2 90  0  0
 1  0      0 162692  35896 21912848    0    0 13586     0 18019 18139  9  2 89  0  0
 0  0      0 164048  35960 21913628    0    0 12046 10108 17694 18319  8  2 90  0  0
 3  0      0 164860  36144 21905884    0    0 13024     0 18084 18732  8  2 86  4  0
 2  0      0 159816  36224 21912312    0    0 10378     0 17934 18055  8  2 90  0  0
 0  1      0 162180  36288 21907708    0    0  9480 111542 18645 18508  7  2 87  3  0
 1  3      0 165668  36348 21904816    0    0  8862 44886 18213 18579  7  3 81  9  0
 0  0      0 159244  36428 21913184    0    0 11900 10184 18427 18395  7  2 89  1  0
 1  1      0 159988  36484 21912140    0    0 11300     0 18077 18755  7  2 90  0  0
 0  0      0 165684  36536 21905860    0    0  9840     0 17637 18061  6  2 91  0  0
 2  0      0 160120  36600 21912752    0    0 10638 11992 17845 18445  7  3 90  0  0
 0  0      0 161980  36660 21908848    0    0 10120     0 17518 18944  7  2 91  0  0
procs -----------memory---------- ---swap-- -----io---- -system-- -----cpu------
 r  b   swpd   free   buff  cache   si   so    bi    bo   in   cs us sy id wa st
 0  0      0 166320  36728 21905604    0    0  9996 30068 17660 18333  7  2 91  0  0
 0  3      0 159928  36792 21909404    0    0 10300 114836 17637 18189  7  2 84  7  0
 1  0      0 158100  36868 21902944    0    0 12384   588 19019 19784  8  2 83  7  0
 0  0      0 159836  36936 21900304    0    0 11014  8952 17645 18569  7  2 91  0  0
 1  0      0 165416  37012 21895380    0    0  9356     0 17737 18514  6  2 91  0  0
 1  0      0 164928  37060 21896368    0    0  8452 12260 17251 18355  6  2 92  0  0
 2  0      0 160868  37128 21900224    0    0  9998     0 17327 17939  8  2 90  0  0
 3  0      0 157148  37168 21904560    0    0  9988     0 17449 18442  7  2 91  0  0
 0  1      0 158512  37212 21901900    0    0 10126 116170 18023 18871  8  2 86  4  0
 4  0      0 162356  37264 21899840    0    0  8580 29856 17400 18537  6  2 81 10  0
 0  0      0 161536  37352 21901644    0    0  8460  5386 17411 18161  6  2 92  0  0
 0  0      0 160460  37412 21903688    0    0  9482     0 17113 18173  6  2 92  0  0
 2  0      0 165684  37472 21897332    0    0 10250     0 17376 18400  7  2 91  0  0
 5  0      0 162376  37536 21902500    0    0  9482 12434 17393 18015  7  2 91  0  0
 1  0      0 159656  37580 21899896    0    0 11016     0 17484 18916  7  2 90  0  0
 5  0      0 163788  37648 21865168    0    0  9352 32606 17606 18221  8  2 90  0  0
 2  1      0 163036  37704 21893748    0    0  9486 115324 17740 18313  7  2 83  8  0
 0  0      0 162124  37760 21896892    0    0  9988     0 17377 18382  6  2 86  6  0
 2  0      0 156700  37836 21902028    0    0 10382 11302 17221 18405  6  2 91  0  0
 3  0      0 159080  37876 21901520    0    0  7688     0 17114 17864  5  2 92  0  0
 0  0      0 160848  37932 21897724    0    0  8070 34036 16566 18044  6  2 93  0  0
procs -----------memory---------- ---swap-- -----io---- -system-- -----cpu------
 r  b   swpd   free   buff  cache   si   so    bi    bo   in   cs us sy id wa st
 2  0      0 160564  37992 21899700    0    0  6410     0 16048 17763  5  2 94  0  0
 0  0      0 164540  38044 21895552    0    0  3460     0 16296 17468  5  1 94  0  0
 0  1      0 158628  38068 21900496    0    0  2306 106400 14858 17220  3  2 91  4  0
 0  0      0 171936  38104 21888952    0    0  2818   546 14288 17265  3  1 90  5  0
 0  0      0 160428  38124 21900556    0    0  2050  3214 14100 17145  2  1 97  0  0
 0  0      0 156756  38172 21905464    0    0  3334     0 14192 16903  3  1 96  0  0
 2  0      0 165468  38204 21897968    0    0  2050     0 13997 17172  2  2 96  0  0
 1  0      0 160780  38252 21901936    0    0  2562  9046 14197 17079  3  1 96  0  0
 0  0      0 166328  38280 21896220    0    0  2564     0 14336 17142  3  1 96  0  0
 0  0      0 165964  38296 21895740    0    0   896 11040 13972 17127  2  1 96  0  0
 1  0      0 160268  38312 21901340    0    0   256 81646 14384 16989  1  2 90  7  0
 2  0      0 165904  38332 21896508    0    0   258     0 13580 17030  1  1 97  0  0
 3  0      0 160844  38368 21901544    0    0   512  4980 13544 16680  1  1 97  0  0
 1  0      0 168068  38400 21895208    0    0   256     0 13514 17048  2  1 97  0  0
 1  0      0 163520  38424 21900100    0    0     0 12184 13457 16877  1  1 97  0  0
 1  0      0 158072  38432 21905564    0    0   512     0 13503 16750  1  1 98  0  0
 1  0      0 162916  38452 21900872    0    0   512     0 13539 16859  1  1 97  0  0
 1  1      0 161428  38476 21902328    0    0     0 73910 13735 16441  2  1 93  4  0
 1  0      0 157468  38504 21905872    0    0   256     0 13565 16800  1  1 96  1  0
 3  0      0 161452  38544 21899872    0    0   256  6124 13455 16816  1  1 98  0  0
 1  0      0 169412  38564 21894180    0    0     0     0 13365 16782  2  1 97  0  0
procs -----------memory---------- ---swap-- -----io---- -system-- -----cpu------
 r  b   swpd   free   buff  cache   si   so    bi    bo   in   cs us sy id wa st
 2  0      0 183812  38588 21879760    0    0   512     0 13442 16796  3  1 96  0  0
 2  0      0 159484  38600 21903460    0    0   256  8470 13439 16774  1  1 97  0  0
 0  0      0 163444  38616 21900432    0    0   514     0 13557 16663  2  1 97  0  0
 1  0      0 157036  38644 21906804    0    0   514  7746 13579 16923  1  1 97  0  0
 2  0      0 166296  38688 21898160    0    0   258 66468 13690 16672  1  2 91  6  0
 0  0      0 161996  38724 21902092    0    0   256     0 13407 16967  1  1 98  0  0
 2  0      0 156788  38740 21906272    0    0   512  5474 13490 16973  1  1 98  0  0
 1  0      0 160516  38740 21903692    0    0   256     0 13479 16979  1  1 98  0  0
 1  0      0 166376  38764 21897568    0    0   256  6322 13549 16869  1  1 98  0  0
 0  0      0 160564  38784 21903200    0    0   512     0 13454 16893  1  1 97  0  0
 2  0      0 166672  38816 21898232    0    0     0     0 13387 16923  1  1 98  0  0
 1  1      0 162480  38860 21902480    0    0  1024 77944 13715 16783  1  1 92  5  0
 1  0      0 157056  38876 21907348    0    0   514     0 13633 16782  1  1 96  1  0
 0  0      0 160404  38892 21904508    0    0  1026  3736 13769 16960  2  1 97  0  0
 1  0      0 164628  38916 21901348    0    0   512     0 13510 17027  2  1 97  0  0
 1  0      0 157072  38940 21907684    0    0   768     0 13552 16955  2  1 97  0  0
 1  0      0 160056  38976 21904640    0    0   512 12866 13511 16937  1  1 97  0  0
 1  0      0 164396  39000 21899616    0    0   512     0 13557 16856  2  1 97  0  0
 1  0      0 166372  39020 21897948    0    0  1026  9046 13773 16924  2  1 97  0  0
 0  0      0 164884  39040 21899640    0    0   514 66422 13757 16918  2  1 90  7  0
 0  0      0 156972  39072 21908344    0    0  1280     0 13854 17046  2  1 97  0  0
procs -----------memory---------- ---swap-- -----io---- -system-- -----cpu------
 r  b   swpd   free   buff  cache   si   so    bi    bo   in   cs us sy id wa st
 1  0      0 160128  39100 21905444    0    0   768  1916 13666 16847  2  1 97  0  0
 1  0      0 158888  39128 21905172    0    0  1794     0 13919 17143  2  1 97  0  0
 4  0      0 159020  39156 21904208    0    0  1026 10880 13660 16930  2  1 97  0  0
 0  0      0 160828  39176 21903552    0    0  1280  1864 13943 17074  2  1 97  0  0
 0  0      0 161960  39196 21901520    0    0  1282     0 13775 17245  2  2 97  0  0
 1  1      0 164868  39228 21898584    0    0  1538 80816 14212 17162  2  2 92  4  0
 0  0      0 164676  39276 21900408    0    0  4612     0 14962 17565  3  1 93  2  0
 1  0      0 164304  39312 21900696    0    0  4486     0 14914 17495  4  2 95  0  0
 0  0      0 159500  39344 21906256    0    0  1538  9084 14747 17398  2  1 97  0  0
 1  0      0 157820  39380 21908124    0    0  1668     0 14260 17682  2  1 96  0  0
 0  0      0 161396  39408 21906700    0    0     0  7352 13926 17399  1  1 98  0  0
 0  0      0 166172  39416 21901508    0    0     0     0 13128 17091  1  1 98  0  0
 2  0      0 162508  39440 21904584    0    0     0     0 13049 17354  1  1 98  0  0
 0  0      0 163764  39476 21903732    0    0     0 88442 13277 16989  1  1 93  5  0
 2  0      0 160704  39492 21906476    0    0     0     0 13126 17053  1  1 98  0  0
 0  0      0 158940  39508 21910196    0    0     0  1988 13099 16935  1  1 98  0  0
 1  0      0 163652  39544 21903852    0    0     0     0 13163 17125  2  1 97  0  0
 0  0      0 161436  39548 21907392    0    0     0     0 13095 17188  1  1 98  0  0
 0  0      0 157484  39588 21911456    0    0     0 10326 13001 17221  1  1 98  0  0
 1  0      0 163320  39592 21905084    0    0     0     0 12991 17320  1  1 98  0  0
 1  1      0 164336  39628 21906820    0    0     0 74160 13136 16984  1  1 94  4  0
procs -----------memory---------- ---swap-- -----io---- -system-- -----cpu------
 r  b   swpd   free   buff  cache   si   so    bi    bo   in   cs us sy id wa st
 1  0      0 160632  39644 21909028    0    0     0     0 12978 17139  1  1 97  0  0
 0  0      0 157052  39668 21912028    0    0     0     0 12938 17188  1  1 98  0  0
 0  0      0 161648  39688 21906980    0    0     0  7296 12988 16959  1  1 98  0  0
 1  0      0 157556  39708 21910804    0    0     0     0 12906 17419  1  1 98  0  0
 0  0      0 163392  39732 21904472    0    0     0 11430 12955 17130  1  1 98  0  0
 0  0      0 159356  39756 21908100    0    0     0     0 13021 17019  1  1 98  0  0
 0  0      0 166424  39772 21902944    0    0     0     0 12902 17093  1  1 98  0  0
 0  0      0 166564  39808 21902628    0    0     0 67664 12975 17170  1  1 94  4  0
 2  0      0 163200  39820 21905808    0    0     0     0 12919 17234  1  1 98  0  0
 0  0      0 158660  39844 21909368    0    0     0   452 12970 17177  1  1 98  0  0
 0  0      0 164744  39864 21903276    0    0     0     0 12863 17357  1  1 98  0  0
 0  0      0 157616  39868 21911304    0    0     0     0 4465 6261  0  0 99  0  0
 0  0      0 158240  39868 21911304    0    0     0   154  518 1052  0  0 100  0  0
 0  0      0 157960  39868 21911308    0    0     0     0  541 1072  0  0 100  0  0
 0  0      0 169052  39880 21899848    0    0     2 48922  668 1101  0  0 95  4  0
 0  0      0 169440  39880 21899536    0    0     0     0  560 1115  0  0 100  0  0
 0  0      0 189232  39880 21879232    0    0     0     0  575 1160  1  0 99  0  0
 1  0      0 189752  39880 21879228    0    0     0     0  558 1108  0  0 100  0  0
 0  0      0 190272  39880 21878900    0    0     0     0  542 1108  0  0 100  0  0
 0  0      0 190124  39880 21878892    0    0     0     8  551 1112  0  0 100  0  0
 0  0      0 190536  39880 21878712    0    0     0     0  574 1132  0  0 100  0  0
procs -----------memory---------- ---swap-- -----io---- -system-- -----cpu------
 r  b   swpd   free   buff  cache   si   so    bi    bo   in   cs us sy id wa st
 2  0      0 2058944  39900 21878728    0    0   112     0  816 1554  1  1 98  1  0
