procs -----------memory---------- ---swap-- -----io---- -system-- -----cpu------
 r  b   swpd   free   buff  cache   si   so    bi    bo   in   cs us sy id wa st
 0  3 12771556 15848276  14476 118696    0    0    13    12    0    0  0  0 100  0  0
 0  2 12771556 15792132  14928 132476    0    0  6732   672 1667 1626  4  0 82 14  0
 1  1 12771556 15724776  15048 152524    0    0  9774   152 1773 1491  7  0 88  5  0
 0  0 12771556 15623624  15052 165424    0    0  6658    82 2175 2756  7  1 90  2  0
 0  2 12771556 15620476  15068 165600    0    0    50    16  795 1383  0  0 99  0  0
 1  0 12771556 15265740  15120 175768    0    0  4986     0 3534 4243 32  1 65  2  0
 8 11 12771556 12051736  15676 446960    0    0 55424     0 33880 45650 42  9 31 17  0
13  9 12771556 9365084  16152 852488    0    0 76108     0 40366 53061 43 10 24 24  0
 3  9 12771556 8538468  16612 1332976    0    0 77526     0 50558 62565 47  9 24 20  0
 8  8 12771556 7955736  17136 1838724    0    0 79524  3950 58807 77751 47  9 26 18  0
 8 10 12771556 7413616  17616 2344644    0    0 77184     0 58000 69179 54  9 18 19  0
 9  8 12771556 6792236  18064 2820076    0    0 75698    18 50500 65452 41  8 27 24  0
 7  7 12771556 6331064  18500 3282432    0    0 79898     0 48064 60362 41  7 26 26  0
 9  5 12771556 4625644  18944 3749336    0    0 73208  5822 52209 66726 42 11 28 18  0
 5  0 12771556 3946840  19404 4172144    0    0 63578     0 47855 66770 36  7 48  8  0
 6  3 12771556 3518232  19824 4547880    0    0 63578     0 46589 64092 32  6 52 10  0
 5  0 12771556 3148160  20224 4916304    0    0 56378  3254 44721 63535 28  6 61  5  0
 7  2 12771556 2724692  20636 5304804    0    0 55480  1722 48993 68211 30  6 57  6  0
 2  2 12771556 2402804  20976 5627176    0    0 43826  1480 48109 65674 21  5 63 11  0
 2  1 12771556 2098648  21256 5917568    0    0 36390  1380 46244 57209 21  5 65  9  0
 2  1 12771556 1800692  21556 6210468    0    0 39464  4026 43803 51698 20  4 65 11  0
procs -----------memory---------- ---swap-- -----io---- -system-- -----cpu------
 r  b   swpd   free   buff  cache   si   so    bi    bo   in   cs us sy id wa st
 1  1 12771556 1520320  21836 6490296    0    0 28194 47804 50819 63900 16  5 68 12  0
 3  1 12771556 1259456  22076 6735924    0    0 32550 39568 39317 47314 18  4 67 11  0
 1  3 12771556 1004776  22328 6989932    0    0 36674  9256 38837 47349 17  4 68 11  0
 0  3 12771556 804280  22532 7190872    0    0 25394 33498 32724 39717 14  4 73 10  0
 1  2 12771556 682760  22744 7312244    0    0 11588 56878 25746 30805  7  2 76 15  0
 3  3 12771556 524668  22996 7470944    0    0 22764 12690 28219 32079 11  2 68 18  0
 1  2 12771556 320680  23444 7671896    0    0 31924  1046 27868 34035 15  3 63 19  0
 3  2 12771556 102036  23736 7892228    0    0 36862 41584 28630 33902 17  3 62 18  0
 2  3 12771948  99944  11948 7902528    0  196 29716 32180 31950 38200 14  3 63 20  0
 0  2 12772152 103184  12172 7899056    0  102 16004 32552 25377 27795  8  2 74 16  0
 4  2 12772364 104424  12452 7894924    0  106 14786   886 23211 25344  9  2 72 16  0
 1  2 12772572  99644  12804 7900792    0  104 14748 63992 26224 29750  8  3 74 16  0
 0  3 12772684  99528  13132 7900988    0   56 13648 28376 23245 25119  7  2 73 17  0
 0  1 12772684  96600  13248 7902808    0    0 14354 15410 20317 21164  8  2 78 12  0
 1  1 12772684 102560  13308 7898816    0    0 12298 63956 17770 18704  6  2 83  9  0
 0  2 12772684 102816  13440 7900468    0    0 12834 42952 18097 18694  7  1 82 10  0
 0  2 12772684  97244  13536 7904432    0    0 13166 53972 19497 20103  7  2 81 11  0
 1  1 12772684 100840  13624 7900376    0    0 12028 49698 17990 19043  5  2 83 10  0
 3  1 12772684 104584  13728 7896836    0    0 14804 28486 22353 24653  7  2 82  9  0
 1  1 12772684 101708  13820 7897592    0    0 14228 60076 20274 20844  9  2 80  9  0
 1  1 12772684  97880  13920 7900964    0    0 12812 24380 19428 20854  7  2 83  9  0
procs -----------memory---------- ---swap-- -----io---- -system-- -----cpu------
 r  b   swpd   free   buff  cache   si   so    bi    bo   in   cs us sy id wa st
 3  2 12772684 100928  14024 7900668    0    0 15530 63924 20486 21900  9  2 78 11  0
 1  1 12772684 100068  14132 7900900    0    0 16386 43342 19403 21700  7  2 79 11  0
 1  1 12772684 100308  14216 7899428    0    0 18962 32442 20972 23411  9  2 79 10  0
 1  1 12772684 103316  14228 7896752    0    0 44208 22090 20039 21720 19  2 65 14  0
 1  2 12772684  96744  14220 7899352    0    0 22844 53876 15756 14385 11  2 74 12  0
 2  4 12772684  98380  14256 7896936    0    0 32854  8392 16804 16303 14  2 70 14  0
 2  2 12772684  95800  14444 7899148    0    0 43768  4124 19755 19988 19  3 60 18  0
 0  3 12772684  97452  14572 7887080    0    0 31414 48834 13198 12092 15  2 65 18  0
 1  2 12772684  98080  14712 7885500    0    0 26544 44426 11763 9724 11  2 68 20  0
 3  3 12772684  97196  14860 7886548    0    0 33078 36438 16384 17505 15  2 63 20  0
 4  2 12772684  97808  15000 7886412    0    0 34054 11502 13188 11935 15  2 62 20  0
 2  2 12772684  99288  15160 7883852    0    0 31270  7818 12036 12470 15  3 68 15  0
 1  3 12772684 100396  15248 7874532    0    0 17938 58900 13198 10799  9  2 74 15  0
 0  2 12772684  99760  15380 7876544    0    0 24356 21428 9211 6687 10  1 67 22  0
 0  2 12772684  99068  15488 7874784    0    0 15634 58362 11946 10074  7  1 76 15  0
 3  4 12772684  97572  15600 7875168    0    0 19756 10988 14350 12442  9  2 74 15  0
 1  2 12772684  98060  15660 7876312    0    0 19318 41026 13185 11411 10  1 74 14  0
 1  1 12772684 101540  15740 7871412    0    0 14092 22754 13364 11242  8  1 75 15  0
 1  2 12772684  99844  15820 7873396    0    0 14230 63138 13420 12777  7  1 77 15  0
 1  4 12772684  95356  16028 7876352    0    0 42458 20242 12068 12795 16  2 56 26  0
 3  4 12772684  98284  15996 7870760    0    0 36940  5716 10766 12753 16  2 64 19  0
procs -----------memory---------- ---swap-- -----io---- -system-- -----cpu------
 r  b   swpd   free   buff  cache   si   so    bi    bo   in   cs us sy id wa st
 1  4 12772684  97524  16088 7851416    0    0 34470 25280 11673 13253 16  2 65 17  0
 1  2 12772684  97036  16200 7853276    0    0 28048 35210 13169 12702 11  2 65 21  0
 1  3 12772684 100244  16296 7850104    0    0 14246 40368 15317 17127  7  2 77 14  0
 1 10 12772684  91292  16424 7853512    0    0 14608 19732 16581 19549  7  2 72 19  0
 0  9 12772684 102396  16528 7856200    0    0 16404 18658 13827 13169  8  2 51 40  0
 2 11 12772684  92012  16620 7840632    0    0 18710 26688 12963 10809 10  2 55 34  0
 3 12 12772684  92168  16712 7838536    0    0 17150 27580 13156 11719  8  1 35 55  0
 2 14 12772684  91556  16860 7837168    0    0 15172 14640 16733 17507  7  2 35 56  0
 3 11 12772684  97588  16952 7848476    0    0 18534  8962 10940 10473  8  2 41 50  0
 1 12 12772684  91780  17044 7839548    0    0 13524 13816 11702 12734  6  2 31 62  0
 0 16 12772684  93376  17128 7838004    0    0 15116 19734 10959 10439  7  1 35 57  0
 1 14 12772684  92484  17248 7837680    0    0 17196 28618 13858 14142  8  2 38 52  0
 0 16 12772684  94576  17356 7835768    0    0 15350 28964 12512 12977  8  2 34 56  0
 1 18 12772684  91028  17468 7820548    0    0 19348 25082 12310 11848  9  2 39 50  0
 1 17 12772684  92044  17564 7817360    0    0 15888 18124 9694 9973  7  2 27 64  0
 2 14 12772684  92860  17672 7828116    0    0 13068 30832 16004 17298  7  2 37 55  0
 2 13 12772684  91668  17764 7822268    0    0 18190 31188 11250 10441  8  2 38 52  0
 3 17 12772684  94876  17856 7818476    0    0 13588 41210 9978 9706  6  1 36 57  0
 1 19 12772684  90908  17924 7823984    0    0 15888 10090 9553 8981  6  1 31 61  0
 2 13 12772684  95992  18028 7816584    0    0 14098 15366 11883 11285  7  1 32 60  0
 3 12 12772684  93872  18180 7812352    0    0 24892 15680 16298 16121 11  3 30 56  0
procs -----------memory---------- ---swap-- -----io---- -system-- -----cpu------
 r  b   swpd   free   buff  cache   si   so    bi    bo   in   cs us sy id wa st
 1 18 12772684  92136  18344 7815160    0    0 21012 22846 17972 19461 10  2 36 51  0
 2 16 12772684  93120  18492 7812396    0    0 18452 34012 18562 18849  9  2 39 50  0
 0 24 12772684  92136  18596 7812040    0    0 15888 19222 13608 13706  7  2 39 53  0
 2 24 12772684  90872  18712 7812812    0    0 16150 32460 12568 13165  7  1 34 58  0
 0 22 12772684  91096  18788 7814444    0    0  9486 19960 10977 11099  5  1 34 60  0
 1 24 12772684  91832  18848 7808708    0    0 11914 21268 12061 12406  6  1 35 57  0
 1 21 12772684  91692  18968 7798736    0    0 11048 14610 15812 17045  8  2 21 69  0
 0 27 12772684  95504  19088 7793616    0    0 14484 14188 15356 15678  7  2 26 65  0
 1 24 12772684  91744  19240 7793616    0    0 20134 16644 15071 16067  8  2 21 69  0
 1 25 12772684  91124  19412 7796116    0    0 19278 26428 13354 13168  8  2 28 62  0
 1 32 12772684  90112  19488 7792716    0    0  6558 19260 10472 11222  4  1 27 68  0
 0 33 12772684  91840  19564 7791248    0    0 17012 41122 10977 9268  8  2 28 63  0
 1 19 12772684  93708  19672 7792964    0    0  9228 19260 10431 11323  4  1 31 63  0
 1 31 12772684  92708  19740 7788460    0    0 13326 19836 11701 11648  7  1 24 68  0
 0 32 12772684  97048  19828 7784796    0    0 11984 27164 12004 12589  6  1 28 64  0
 1 26 12772684  91592  19912 7792652    0    0 14058 23244 11961 13223  7  2 25 66  0
 1 31 12772684  92272  20004 7798436    0    0 14772 12850 12679 12358  8  2 20 71  0
 1 33 12772684  91108  20132 7791208    0    0 15230 19520 13386 14452  7  2 23 69  0
 2 29 12772684  91852  20248 7791388    0    0 13970 23400 16073 17770  7  2 26 65  0
 0 33 12772684  90796  20356 7792808    0    0 15024 20866 12247 12906  6  2 29 62  0
 0 33 12772684  90796  20440 7793660    0    0 11852 24086 14844 17718  6  1 34 59  0
procs -----------memory---------- ---swap-- -----io---- -system-- -----cpu------
 r  b   swpd   free   buff  cache   si   so    bi    bo   in   cs us sy id wa st
 1 31 12772684  91068  20536 7792344    0    0 10976 24596 12768 15251  5  1 29 64  0
 1 32 12772684  91276  20664 7800164    0    0 17866 30630 16545 17751  9  2 18 71  0
 1 32 12772684  91600  20748 7788548    0    0  9658 18990 9566 9688  5  1 27 67  0
 2 30 12772684  92336  20880 7753700    0    0 15124 23090 12971 13299  8  2 28 62  0
 0 33 12772684  90784  20952 7759852    0    0 12658 15126 12025 13455  6  1 21 72  0
 2 31 12772684  91280  21044 7758680    0    0 12742 15914 13649 15279  6  2 27 65  0
 0 32 12772684  91760  21100 7754412    0    0  8546 20194 8858 8684  4  1 39 56  0
 1 35 12772684  91644  21184 7751076    0    0  9994 30112 9084 9077  5  1 37 57  0
 0 35 12772684  92016  21220 7753288    0    0  4100 20222 5924 6178  2  1 35 62  0
 1 37 12772684  91148  21284 7751012    0    0  4870 30386 6961 7389  3  1 41 56  0
 0 39 12772684  90428  21352 7758248    0    0  7306 19006 10851 11966  4  1 49 47  0
 0 37 12772684  92304  21412 7746724    0    0 10914 30866 7644 7343  5  1 33 61  0
 0 33 12772684  91744  21512 7750724    0    0 13848 21542 8524 8594  6  1 37 56  0
 0 39 12772684  90752  21572 7749996    0    0  9640 31426 6052 5269  5  1 34 60  0
 0 38 12772684  91872  21628 7753936    0    0  5740 27718 7262 8157  3  1 37 59  0
 1 34 12772684  92012  21704 7749800    0    0  7326 20380 9371 10503  5  1 34 60  0
 1 38 12772684  91392  21764 7748368    0    0 13174 33392 6813 4937  5  1 26 68  0
 1 38 12772684  91152  21816 7750280    0    0  7688 30726 5830 6005  3  1 26 69  0
 1 38 12772684  90524  21864 7748904    0    0  8368 33546 6983 7199  3  1 30 66  0
 0 35 12772684  91152  21932 7749052    0    0  6168 16978 6662 7690  3  1 29 67  0
 1 37 12772684  91376  22028 7750132    0    0 14484  9454 9361 9703  7  1 40 52  0
procs -----------memory---------- ---swap-- -----io---- -system-- -----cpu------
 r  b   swpd   free   buff  cache   si   so    bi    bo   in   cs us sy id wa st
 0 34 12772684  92500  22084 7748464    0    0  8788 16494 7184 7734  4  1 20 75  0
 2 35 12772684  91260  22180 7751240    0    0 10826 24082 9922 10861  5  1 25 68  0
 1 38 12772684  91796  22232 7748608    0    0 12172 19142 5330 5593  5  1 24 70  0
 1 35 12772684  91804  22292 7754580    0    0  8204 22090 7430 8387  3  1 25 71  0
 0 37 12772684  90440  22352 7749588    0    0 11590 23028 7481 7931  5  1 42 52  0
 2 34 12772684  92432  22504 7748756    0    0  9888 20646 8505 8874  4  1 40 55  0
 1 39 12772684  90820  22744 7727296    0    0 10818 16974 10927 12586  5  2 36 57  0
 0 36 12772684  90944  22800 7724696    0    0  5638 25896 6147 6820  3  1 34 62  0
 0 38 12772684  90820  22848 7726412    0    0  6660 30332 6139 6337  3  1 38 58  0
 0 39 12772684  92028  22916 7722132    0    0  6166 26086 5526 5482  3  1 33 63  0
 0 41 12772684  91352  22980 7721932    0    0  8930 24874 5297 5664  4  1 32 63  0
 1 47 12772684  90732  23052 7719528    0    0  7434 31074 7372 7878  3  1 38 57  0
 1 42 12772684  91616  23128 7722924    0    0  7188 19674 7568 8894  3  1 44 52  0
 1 32 12772684  91204  23192 7726948    0    0  6984 18372 9525 10852  4  1 37 58  0
 0 36 12772684  91576  23256 7722820    0    0 12944 23448 7709 6954  6  1 31 62  0
 0 34 12772684  92120  23380 7735556    0    0  7180 21782 14956 17969  4  2 35 60  0
 0 41 12772684  90376  23456 7722292    0    0  7938 28302 10504 11420  4  1 19 76  0
 0 44 12772684  91384  23492 7718616    0    0  5252 30834 6527 6656  3  1 23 73  0
 0 44 12772684  90244  23568 7723996    0    0  6282 24986 10314 11523  3  1 12 83  0
 1 36 12772684  94964  23652 7719924    0    0  9996 29726 12567 13837  5  2 11 82  0
 3 35 12772684  91872  23768 7723696    0    0 12826 18734 10579 11699  6  2 24 69  0
procs -----------memory---------- ---swap-- -----io---- -system-- -----cpu------
 r  b   swpd   free   buff  cache   si   so    bi    bo   in   cs us sy id wa st
 1 35 12772684  94004  23976 7722660    0    0 13414 14678 10376 11381  6  1 18 74  0
 0 39 12772684  91076  24056 7719840    0    0  9004 17680 11587 12934  5  1 13 81  0
 1 39 12772684  91208  24156 7721668    0    0 17204 19804 9140 8879  7  1 21 70  0
 0 35 12772684  91316  24212 7718188    0    0  7430 24462 10107 11288  4  1 24 71  0
 0 38 12772684  92264  24308 7721876    0    0  9098 27242 13019 13645  5  1 33 61  0
 0 36 12772684  90788  24384 7724092    0    0  7822 33016 10797 12275  4  1 33 61  0
 1 40 12772684  90908  24400 7721968    0    0  4866 19976 7985 8228  3  1 35 62  0
 0 40 12772684 103716  24460 7723280    0    0  6428 13164 4428 4531  3  1 34 62  0
 1 37 12772684  91424  24600 7719784    0    0 15506 29288 14574 15215  7  2 28 63  0
 0 39 12772684  91468  24696 7721616    0    0 15898 31752 11470 12307  6  2 26 65  0
 1 38 12772684  98416  24760 7726344    0    0 13644 24972 7035 6358  6  1 20 73  0
 0 35 12772684  91064  24816 7713340    0    0  6788 25412 7529 7681  5  1 18 76  0
 0 42 12772684  91684  24892 7707264    0    0  8864 25326 8815 9152  4  1 23 72  0
 4 29 12772684  95496  24948 7723980    0    0  7248 28962 8649 10123  3  1 18 78  0
 0 36 12772684  92868  24960 7711656    0    0  4612 22918 7234 7312  3  1 22 75  0
 0 41 12772684  89636  24992 7711588    0    0  4618 17406 7201 7660  2  1 30 67  0
 0 40 12772684  91644  25048 7707260    0    0  2696 22380 4628 4510  2  1 32 65  0
 2 35 12772684  90544  25096 7712120    0    0  6756 21492 6824 6477  3  1 39 57  0
 0 34 12772684  91048  25124 7711488    0    0  7794 22420 7001 6975  4  1 34 61  0
 1 30 12772684  91428  25180 7713124    0    0  5380 28944 8970 9478  3  1 36 60  0
 0 35 12772684  93272  25232 7709220    0    0  8840 29934 6965 6773  4  1 27 68  0
procs -----------memory---------- ---swap-- -----io---- -system-- -----cpu------
 r  b   swpd   free   buff  cache   si   so    bi    bo   in   cs us sy id wa st
 0 38 12772684  91412  25292 7708028    0    0  9026 24580 6385 6503  4  1 16 79  0
 1 38 12772684  90528  25376 7708700    0    0 12558 26032 8310 7666  6  1 21 72  0
 0 37 12772684  96124  25400 7706516    0    0 11024 15816 10169 11171  5  1 22 72  0
 0 36 12772684  91688  25412 7714624    0    0 15248 15604 9443 10220  7  2 17 74  0
 0 35 12772684  93548  25472 7704972    0    0  9352 19474 7832 7995  5  1 10 84  0
 0 36 12772684  91184  25548 7707460    0    0 11086 27888 9518 9870  5  1 38 56  0
 4 29 12772684  92092  25640 7709000    0    0  6984 28054 10191 11656  4  1 39 56  0
 0 34 12772684  91200  25692 7711640    0    0  8198 20938 7964 8609  4  1 27 68  0
 3 29 12772684  95256  25756 7721904    0    0  9844 17430 8548 9502  4  1 22 72  0
 1 39 12772684  90228  25836 7721036    0    0 10212 31218 8392 8696  5  2  7 87  0
 5 33 12772684  97740  25872 7718668    0    0 11586 17108 6656 7204  5  1  1 93  0
 0 39 12772684  91264  25908 7707720    0    0  5128 27054 5692 5732  2  1  0 97  0
 0 34 12772684  93720  26008 7705124    0    0 12582 18540 9048 8349  6  1 10 83  0
 3 40 12772684  90380  26104 7710440    0    0 12424 26948 11986 12053  6  2 18 75  0
 1 37 12772684  92812  26148 7705876    0    0 16540 23400 5781 5475  6  1 39 54  0
 1 41 12772684  91564  26176 7704556    0    0 11252 26250 7549 7885  5  1 30 64  0
 2 37 12772684  99024  26272 7704648    0    0 10116 32454 9015 9543  5  1 21 73  0
 1 41 12772684  91188  26344 7701048    0    0  6286 24354 6700 7263  3  1 17 79  0
 0 37 12772684  91576  26396 7701156    0    0 10128 21866 4124 3642  4  1 17 78  0
 1 37 12772684  90708  26436 7701672    0    0  2562 21386 8444 9518  2  1 20 76  0
 1 36 12772684  90900  26504 7699528    0    0  6660 30694 8345 8881  3  1 28 67  0
procs -----------memory---------- ---swap-- -----io---- -system-- -----cpu------
 r  b   swpd   free   buff  cache   si   so    bi    bo   in   cs us sy id wa st
 0 39 12772684  90560  26568 7698720    0    0  6658 25978 9366 10367  3  1 39 56  0
 0 37 12772684  91044  26588 7701268    0    0  8690 28282 6653 6463  4  1 30 65  0
 0 39 12772684  90680  26656 7698800    0    0  9948 25362 9012 9181  5  1 33 61  0
 0 36 12772684  91920  26724 7701216    0    0  6546 19344 6936 6424  3  1 33 63  0
 0 38 12772684  92644  26828 7693732    0    0 12050 14854 8487 8688  5  1 40 53  0
 0 33 12772684  91404  26884 7700100    0    0  6006 21142 7779 8292  3  1 33 63  0
 0 39 12772684  92024  26944 7694896    0    0 10896  6056 5438 4888  4  1 31 64  0
 0 39 12772684  91264  27008 7696376    0    0  5270 24672 8752 9390  3  1 29 67  0
 1 37 12772684  91784  27088 7696272    0    0 13066 17630 9193 9447  6  1 26 67  0
 0 39 12772684  91076  27196 7696028    0    0 10782 30562 10169 10025  6  1 22 70  0
 0 36 12772684  91236  27248 7695620    0    0  9674 21174 8314 8829  4  1 20 74  0
 0 40 12772684  91484  27292 7687368    0    0  8776 25918 7350 7280  4  1 20 75  0
 2 40 12772684  90980  27360 7689612    0    0  7584 20224 6727 6933  4  1 13 83  0
 0 39 12772684  91244  27416 7693140    0    0  4970 23434 9684 10236  2  1 13 84  0
 0 36 12772684  91360  27464 7691756    0    0  8968 25998 8854 8423  4  1 17 78  0
 4 30 12772684  91764  27556 7693028    0    0 11434 22944 9378 10153  5  2 22 71  0
 0 35 12772684  91896  27636 7691344    0    0 16632 16304 7276 7076  7  1  9 83  0
 0 35 12772684  90540  27704 7693216    0    0  7300 30938 9938 10833  4  1 20 75  0
 0 39 12772684  90044  27796 7692648    0    0 14226 25758 8437 7448  6  1 21 72  0
 2 33 12772684  91036  27852 7693388    0    0  7574 24376 9256 10387  4  1 16 79  0
 0 38 12772684  92036  27908 7692636    0    0  9826 35390 6872 6553  4  1 26 69  0
procs -----------memory---------- ---swap-- -----io---- -system-- -----cpu------
 r  b   swpd   free   buff  cache   si   so    bi    bo   in   cs us sy id wa st
 0 38 12772684  91900  27996 7685212    0    0 19910 18996 6429 6767  9  2 18 72  0
 1 40 12772684  91140  28096 7692204    0    0  9486 26130 10452 12418  5  1 23 71  0
 1 38 12772684  90284  28180 7690184    0    0  9808 23142 8209 8636  4  1 25 69  0
 0 41 12772684  92144  28240 7685616    0    0 11600 24562 7499 7664  4  1 24 70  0
 0 41 12772684  91200  28296 7684764    0    0  5154 36384 11789 13535  3  1 24 72  0
 2 37 12772684  92080  28380 7681620    0    0  7966 22106 6885 6725  4  1 23 72  0
 0 39 12772684  91956  28452 7684188    0    0 10382 30276 10140 10049  5  2 22 72  0
 0 42 12772684  90716  28520 7685348    0    0 10314 28276 10070 10434  5  1 16 79  0
 1 34 12772684  91044  28576 7688232    0    0  8198 23256 8060 8415  4  1 24 71  0
 1 38 12772684  90556  28608 7687984    0    0 11788 20122 8815 9594  5  1 21 73  0
 4 41 12772684  89672  28712 7685456    0    0 14502 12084 9112 8120  6  1 17 76  0
 2 37 12772684  92432  28780 7681996    0    0 12428 18258 6295 6580  5  1 15 79  0
 0 39 12772684  92568  28844 7684184    0    0  9288 19616 10521 10782  5  1 12 82  0
 2 39 12772684  91356  28936 7683152    0    0 12180 19970 8469 8393  5  1 10 84  0
 1 42 12772684  91232  28988 7679332    0    0  7620 27184 9615 9921  5  1 13 81  0
 0 41 12772684  91232  29064 7679904    0    0  6918 23034 8363 9413  4  1  9 85  0
 0 40 12772684  91720  29160 7683196    0    0  9532 21464 8468 8694  4  1 27 68  0
 0 37 12772684 102460  29212 7685552    0    0  8006 28028 7319 6849  4  1 23 72  0
 0 43 12772684  91344  29276 7680136    0    0  3450 21114 7003 6852  2  1 24 73  0
 0 41 12772684  89996  29304 7683640    0    0  7174 22828 7593 8708  3  1 18 78  0
 0 42 12772684  91344  29384 7679108    0    0 10538 23750 10112 10314  5  1  8 87  0
procs -----------memory---------- ---swap-- -----io---- -system-- -----cpu------
 r  b   swpd   free   buff  cache   si   so    bi    bo   in   cs us sy id wa st
 1 44 12772684  91004  29448 7682380    0    0 12048 17046 3812 4120  5  1  8 86  0
 0 38 12772684  92492  29484 7682764    0    0  5124 18798 5639 5760  2  1 12 84  0
 0 42 12772684  90392  29564 7687188    0    0 12122 29958 8587 8815  5  1 13 81  0
 0 43 12772684  90720  29620 7683924    0    0  7896 20670 5267 5489  3  1  9 87  0
 1 43 12772684  90872  29696 7679108    0    0 11530 27664 8568 8693  7  1  8 84  0
 1 43 12772684  90504  29756 7679728    0    0  9360 21240 5557 4838  4  1 15 80  0
 0 40 12772684  90228  29820 7683992    0    0 12766 22496 8497 9345  6  1 17 76  0
 1 39 12772684  91772  29924 7675108    0    0 10772 25500 8063 8016  5  1 20 74  0
 2 31 12772684  91124  29976 7684032    0    0 10008 24304 7295 7899  5  1 30 64  0
 2 39 12772684  91012  30064 7676472    0    0 10252 36474 10008 10185  5  1 24 70  0
 0 42 12772684  90620  30112 7679348    0    0 10904 25096 5824 5141  5  1 10 84  0
 1 36 12772684  91628  30164 7680972    0    0  3562 19612 7472 8387  3  1 13 84  0
 1 38 12772684  90264  30276 7683944    0    0 12060 11684 9456 9587  5  1 17 77  0
 1 40 12772684  90392  30332 7682116    0    0 11190 11296 7224 6323  4  1 25 70  0
 1 42 12772684  90260  30460 7686040    0    0 18918 15486 8563 8761  7  1 23 69  0
 1 43 12772684  90136  30508 7677408    0    0  5600 17102 7291 7349  3  1 38 58  0
 0 45 12772684  91988  30548 7661828    0    0 10374 15998 5362 4450  6  1 32 61  0
 0 42 12772684  89740  30636 7679788    0    0  9618 27196 10630 11930  4  1 30 64  0
 0 41 12772684  91484  30708 7671720    0    0  9040 19324 7726 7677  4  1 21 74  0
 1 46 12772684  90228  30764 7667584    0    0  8200 18102 6653 6256  4  1 21 74  0
 0 39 12772684  91292  30820 7674864    0    0  7912 23476 11264 12321  4  1 20 74  0
procs -----------memory---------- ---swap-- -----io---- -system-- -----cpu------
 r  b   swpd   free   buff  cache   si   so    bi    bo   in   cs us sy id wa st
 1 45 12772684  91448  30880 7675732    0    0  9794 12356 4851 4116  4  1 15 80  0
 1 41 12772684  91440  30932 7671236    0    0  4870 27310 6534 6232  2  1 21 76  0
 0 43 12772684  92664  31000 7667372    0    0 12000 20300 5444 4380  5  1 26 69  0
 2 42 12772684  91640  31084 7671456    0    0 13138 24688 5954 5046  5  1 23 70  0
 0 49 12772684  92852  31128 7668908    0    0 10760 22626 5606 5478  4  1 14 81  0
 1 43 12772684  95760  31184 7675208    0    0  2588 17318 6601 7642  2  1 16 81  0
 0 48 12772684  91560  31228 7666176    0    0  6128 24474 6081 5870  3  1 13 83  0
 0 48 12772684  91508  31296 7664152    0    0  5896 22604 6638 6533  3  1 15 81  0
 0 44 12772684  99268  31340 7671320    0    0  4100 22960 7417 8615  2  1 17 80  0
 3 44 12772684  91576  31416 7673572    0    0  5384 24240 9319 9970  3  1 16 80  0
 3 39 12772684  94592  31488 7665876    0    0  9200 24482 8030 8719  5  1 30 63  0
 2 46 12772684  90528  31540 7664332    0    0  5932 31570 7321 7670  3  1 32 64  0
 2 44 12772684  90992  31580 7652316    0    0  9630 25450 5295 4688  4  1 36 59  0
 0 48 12772684  95692  31628 7662068    0    0  7180 26486 8785 9436  3  1 36 59  0
 1 45 12772684  90848  31680 7656088    0    0  7104 10460 6817 7121  3  1 25 71  0
 0 51 12772684 108096  31772 7647952    0    0  9226 28846 7346 7146  4  1 32 63  0
 0 49 12772684  91348  31860 7654092    0    0  7950 25298 9892 10415  4  1 25 70  0
 1 48 12772684 105636  31888 7651332    0    0  4228 26952 7000 7232  2  1 22 75  0
 3 41 12772684  91452  31940 7658500    0    0  3290 26092 10538 12084  2  1 32 65  0
 0 50 12772684  92452  31988 7648836    0    0  7432 28762 7798 7636  4  1 38 57  0
 0 50 12772684  92536  32060 7645808    0    0  5640 22818 7069 7662  3  1 29 67  0
procs -----------memory---------- ---swap-- -----io---- -system-- -----cpu------
 r  b   swpd   free   buff  cache   si   so    bi    bo   in   cs us sy id wa st
 2 48 12772684 108364  32108 7647700    0    0  5850 36792 6614 6724  3  1 20 77  0
 0 52 12772684  90844  32148 7651176    0    0  4524 26388 6704 7596  2  1 21 76  0
 0 54 12772684  91588  32176 7646272    0    0  8452 28004 5818 5249  4  1 23 73  0
 0 48 12772684  92232  32280 7657176    0    0  7592 26444 7917 8771  4  1 13 82  0
 2 52 12772684  93280  32356 7645700    0    0  3420 25052 9262 9520  2  1 23 74  0
 0 55 12772684  89972  32412 7647712    0    0  9996 30380 6256 5979  5  1 21 73  0
 1 53 12772684  96032  32452 7654604    0    0  6020 22720 6071 6849  4  1 16 80  0
 0 57 12772684  91064  32504 7655376    0    0  4056 27242 8964 9651  2  1 17 80  0
 1 53 12772684  89932  32580 7647528    0    0  8458 18004 7707 8081  4  1 16 79  0
 0 55 12772684  92040  32652 7640740    0    0  5570 30436 9838 10807  3  1 15 80  0
 0 55 12772684  91028  32712 7643888    0    0  5422 12536 8411 9575  3  1 24 72  0
 0 51 12772684  91284  32784 7641800    0    0  3732 18686 11508 12493  2  1 24 73  0
 3 47 12772684  92468  32828 7646988    0    0  8950 21020 16420 20109  5  2 10 83  0
 0 56 12772684  90176  32912 7653628    0    0 13152 28306 8345 8694  6  1 10 83  0
 0 56 12772684  90252  32948 7655856    0    0  1544 18208 6723 7107  2  1  9 88  0
 1 51 12772684  90632  33036 7651068    0    0 10936 18976 8559 9200  5  1 17 77  0
 0 55 12772684  90832  33116 7644060    0    0 14356 23224 7804 8201  6  1 18 75  0
 1 53 12772684  92088  33176 7639796    0    0  6270 24752 9982 10649  4  1 23 72  0
 1 55 12772684  89608  33272 7651748    0    0 11258 22788 14320 17166  5  1 21 72  0
 0 56 12772684  90608  33340 7642928    0    0 12964 25500 5976 5892  5  1 14 80  0
 0 52 12772684  90616  33436 7647256    0    0  6672 26900 13602 16342  4  2  3 92  0
procs -----------memory---------- ---swap-- -----io---- -system-- -----cpu------
 r  b   swpd   free   buff  cache   si   so    bi    bo   in   cs us sy id wa st
 0 55 12772684  91980  33488 7641504    0    0 11326 29664 6227 5410  6  1  1 93  0
 0 52 12772684  90748  33536 7644920    0    0  8454 21894 7583 8172  4  1  7 88  0
 1 51 12772684  91872  33608 7640472    0    0  8022 18970 10105 11632  4  1 14 81  0
 0 54 12772684  91020  33672 7642780    0    0  9740 18978 6946 7315  4  1 16 78  0
 0 50 12772684  93208  33728 7646588    0    0  5126 22794 9736 10993  3  1 17 79  0
 0 54 12772684  90560  33816 7647632    0    0 15842 18362 6159 4508  6  1 15 78  0
 0 53 12772684  90684  33888 7646256    0    0  5130 22506 9258 10482  3  1 22 74  0
 0 50 12772684  90884  33972 7644128    0    0 12382 21308 9824 10662  6  1 17 76  0
 0 55 12772684  89932  34004 7644972    0    0  2578 27796 8521 9463  2  1 13 85  0
 2 52 12772684  91500  34040 7646328    0    0  6436 17704 5027 5107  3  1 15 81  0
 0 54 12772684  91316  34092 7648004    0    0 13808 18866 5153 4458  6  1 15 78  0
 3 54 12772684  90048  34132 7649296    0    0  4396 26934 6441 7250  2  1 21 76  0
 0 56 12772684  91520  34204 7643824    0    0  6882 17458 5429 5877  2  1 25 72  0
 0 56 12772684  90784  34300 7642868    0    0  8268 11934 6354 6551  4  1 26 69  0
 0 54 12772684  90096  34372 7651232    0    0  2236 22212 12574 14482  2  1 13 84  0
 0 57 12772684  90752  34416 7639340    0    0  7716 17510 5510 4816  4  1 11 84  0
 0 53 12772684  90380  34472 7638772    0    0 10096 21422 7882 8939  4  1 16 78  0
 0 51 12772684  92036  34548 7639216    0    0 12688 26856 7412 6901  6  1 11 82  0
 0 54 12772684 104084  34616 7640204    0    0  4650 29074 9580 11277  3  1 13 83  0
 0 58 12772684  91088  34668 7636868    0    0  5256 28212 8165 9021  3  1 11 85  0
 0 55 12772684  91344  34696 7631996    0    0  3074 23370 4352 4683  2  1  8 89  0
procs -----------memory---------- ---swap-- -----io---- -system-- -----cpu------
 r  b   swpd   free   buff  cache   si   so    bi    bo   in   cs us sy id wa st
 0 55 12772684  91096  34744 7634032    0    0  5526 27930 5003 5776  2  1  8 89  0
 0 54 12772684  90228  34784 7634432    0    0  5900 21246 7140 7563  3  1  8 88  0
 0 56 12772684  90316  34828 7641604    0    0  3892 31138 10310 12250  2  1 16 80  0
 0 55 12772684  94216  34872 7634672    0    0  3144 16116 8263 9255  2  1 10 87  0
 0 56 12772684  91116  34912 7631768    0    0 10250 24058 9153 9762  5  1  8 85  0
 1 54 12772684  94144  34988 7639212    0    0  8474 22758 11388 13039  4  1 14 81  0
 1 56 12772684  90344  35048 7634916    0    0  9794 23182 5922 6260  4  1 15 80  0
 1 53 12772684  90560  35152 7643372    0    0 11808 15918 10023 11515  5  1 10 84  0
 1 55 12772684  98444  35232 7639600    0    0 12820 26610 6874 6881  6  1  8 86  0
 0 55 12772684  91028  35272 7640976    0    0  6408 30636 5436 5870  3  1 15 81  0
 0 51 12772684  89504  35348 7645036    0    0  6552 18302 8290 10069  4  1 11 83  0
 0 57 12772684  91488  35412 7632724    0    0  7514 24760 5910 5403  4  1  3 93  0
 0 56 12772684  91656  35488 7636268    0    0  1702  7014 4837 5619  2  1  0 97  0
 3 58 12772684  90612  35540 7635176    0    0  7836 15006 8573 8417  4  1 10 85  0
 3 54 12772684  90620  35688 7636316    0    0 13048 21178 17100 19192  6  2 18 74  0
 1 50 12772684  90468  35808 7637508    0    0 12072 34046 13594 14958  6  1  9 84  0
 0 55 12772684  90664  35860 7633592    0    0 13104 30640 6586 6113  5  1  2 92  0
 0 57 12772684  91480  35912 7633572    0    0  6954 24212 8084 8549  3  1  9 87  0
 1 56 12772684  90988  36000 7631372    0    0 16918 12864 8929 8866  6  1 15 77  0
 0 57 12772684  89900  36048 7632908    0    0 10524 22372 4851 4648  4  1 11 84  0
 0 59 12772684  90484  36080 7636092    0    0  4932 25110 4571 4529  3  1  9 88  0
procs -----------memory---------- ---swap-- -----io---- -system-- -----cpu------
 r  b   swpd   free   buff  cache   si   so    bi    bo   in   cs us sy id wa st
 1 52 12772684  91632  36152 7629588    0    0  4728 21824 9999 10085  3  1 23 73  0
 1 58 12772684  99952  36276 7637276    0    0 13182 20796 8265 7619  6  1 25 69  0
 0 55 12772684  90900  36328 7633976    0    0 11326 29172 5435 4848  6  1 24 69  0
 0 59 12772684  91284  36428 7643480    0    0  8456 20970 13386 14100  5  1 21 73  0
 1 58 12772684  90516  36516 7641204    0    0 17060 22218 7321 7207  7  1  4 87  0
 0 54 12772684  90728  36560 7645096    0    0  2306 30568 12060 14125  2  1  8 88  0
 3 54 12772684  90956  36632 7635732    0    0 17120 25392 7499 6815  6  1  3 90  0
 0 57 12772684  89700  36720 7648688    0    0 16546 20412 9774 10829  7  2  1 91  0
 0 57 12772684  91616  36800 7646120    0    0 13076 27270 9431 9414  5  1 16 78  0
 0 56 12772684  91536  36932 7651320    0    0 11946 25848 8743 9569  5  1 13 81  0
 0 54 12772684  90508  36988 7646360    0    0  7560 23716 9902 10654  4  1 35 61  0
 0 55 12772684  91228  37036 7650548    0    0  7122 26988 8747 9769  4  1 28 67  0
 1 55 12772684  90764  37108 7639432    0    0  8972 15988 8312 8443  5  1 21 73  0
 0 57 12772684  90192  37180 7641268    0    0 10224 11034 7244 7518  5  1 16 78  0
 1 57 12772684  90908  37252 7642780    0    0  4618 28970 10329 11797  2  1 11 86  0
 2 52 12772684 101556  37276 7634324    0    0  5254 21644 4283 3561  2  1 13 84  0
 1 60 12772684  89248  37332 7642892    0    0 10800 28376 7748 8272  5  1 13 81  0
 1 54 12772684  91128  37400 7641488    0    0  6028 19872 9721 11249  3  1 14 81  0
 0 53 12772684  89972  37444 7639084    0    0  5370 26198 5189 4961  3  1  8 89  0
 0 56 12772684  90404  37516 7642392    0    0 10400 25982 5018 5143  3  1 15 81  0
 0 56 12772684  90320  37592 7638912    0    0  5342 26964 9288 11400  3  1 28 68  0
procs -----------memory---------- ---swap-- -----io---- -system-- -----cpu------
 r  b   swpd   free   buff  cache   si   so    bi    bo   in   cs us sy id wa st
 1 52 12772684  90900  37632 7643088    0    0  7796 18886 5026 4135  3  1 22 74  0
 0 56 12772684  91396  37680 7636404    0    0 10646 20776 9065 8577  4  1 21 73  0
 0 51 12772684  91128  37752 7637704    0    0  8728 25610 11121 11313  4  1 18 76  0
 0 59 12772684  89416  37780 7640712    0    0  5858 21930 10090 11387  3  1 24 72  0
 0 57 12772684  90244  37824 7638636    0    0  6724 26888 7985 8289  4  1 30 65  0
 2 58 12772684  91088  37884 7643172    0    0 10516 19802 10920 12745  5  1 24 70  0
 1 48 12772684  91600  37916 7646452    0    0  9550 32612 6045 6746  4  1 20 76  0
 1 52 12772684 100212  37976 7629108    0    0 11860 18302 10197 10270  6  1 21 72  0
 0 57 12772684  90756  38076 7635708    0    0 10258 32914 11258 12737  5  1 14 80  0
 0 56 12772684  89524  38108 7625792    0    0  3860 28356 7303 7754  2  1 13 84  0
 0 56 12772684  90480  38164 7633500    0    0  4092 18094 9642 10975  2  1 15 82  0
 1 54 12772684  91208  38244 7623504    0    0  4660 14570 7784 7916  3  1 19 77  0
 0 55 12772684 102844  38304 7624332    0    0 14778  8412 5513 5573  6  1 15 79  0
 0 54 12772684  90512  38372 7625124    0    0  8514 32950 9175 10538  4  1 12 82  0
 1 58 12772684  90876  38392 7621004    0    0  6004 18854 6393 6611  3  1  8 87  0
 2 50 12772684  96292  38468 7629528    0    0  7280 27538 10058 11515  4  1 11 84  0
 3 56 12772684  94976  38544 7630224    0    0  5712 21680 9479 10647  3  1 16 80  0
 0 56 12772684 103956  38560 7625724    0    0  3264 31194 4065 4180  1  1 19 79  0
 1 55 12772684 103056  38628 7623568    0    0 10510 29810 8371 9460  4  1 17 77  0
 1 56 12772684  90468  38700 7621908    0    0  8174 14250 6385 6919  4  1 17 78  0
 0 55 12772684 103100  38744 7626028    0    0  3924 24950 7596 8524  2  1 16 81  0
procs -----------memory---------- ---swap-- -----io---- -system-- -----cpu------
 r  b   swpd   free   buff  cache   si   so    bi    bo   in   cs us sy id wa st
 2 53 12772684  91168  38816 7620732    0    0 12466 17464 7351 7291  5  1 12 82  0
 0 56 12772684  90604  38868 7627124    0    0  6162 24880 8353 9063  3  1  6 90  0
 3 58 12772684  91276  38924 7623024    0    0  4070 23366 9238 11392  3  1  9 88  0
 0 56 12772684  91880  38992 7616428    0    0 11734 28824 7342 7967  6  1  8 85  0
 1 52 12772684  91036  39068 7621060    0    0  5228 19902 10074 12272  3  1 11 84  0
 0 54 12772684  91316  39144 7626748    0    0  6408 15246 6791 7051  3  1 16 81  0
 0 61 12772684  90480  39224 7632056    0    0 14724 23324 9664 9506  6  1 12 80  0
 0 57 12772684  90484  39276 7631064    0    0  5442 21158 6090 7375  2  1 17 80  0
 0 58 12772684  90508  39316 7619244    0    0  5498 20070 5592 6287  3  1 22 74  0
 1 58 12772684  91332  39376 7615928    0    0 11176 27636 5434 5082  5  1 13 81  0
 2 54 12772684  90932  39692 7625244    0    0  9556 14950 8569 10247  3  1 19 76  0
 0 54 12772684  91544  39740 7618940    0    0  7496  9816 7787 7922  3  1 16 80  0
 1 56 12772684  90884  39808 7617416    0    0 17120  8350 6622 6350  7  1  6 86  0
 1 55 12772684  90652  39880 7620068    0    0  9358 31902 10023 11506  5  1  6 88  0
 0 55 12772684  91396  39936 7614588    0    0  7254 19836 5824 6587  3  1  7 89  0
 0 57 12772684  90568  40012 7614404    0    0 14594 20532 7342 7597  7  1  8 83  0
 0 52 12772684  91260  40056 7621400    0    0  7176 20886 6979 8125  3  1 17 79  0
 1 58 12772684  90976  40128 7614240    0    0 17238 22768 6537 5845  7  1 17 75  0
 0 54 12772684  91476  40192 7628332    0    0  6154 25264 9502 11377  3  1 16 80  0
 0 56 12772684  90488  40228 7619128    0    0  4100 25086 6366 7024  2  1 16 82  0
 0 56 12772684  91100  40324 7611568    0    0 13510 19328 4486 4188  5  1 16 77  0
procs -----------memory---------- ---swap-- -----io---- -system-- -----cpu------
 r  b   swpd   free   buff  cache   si   so    bi    bo   in   cs us sy id wa st
 0 57 12772684  90116  40408 7614360    0    0  4486 25384 7719 8270  2  1 19 78  0
 0 58 12772684  90464  40468 7612784    0    0 15028 23866 6785 6525  7  1 37 55  0
 3 48 12772684  90852  40516 7625832    0    0  1412 17716 9052 10840  1  1 39 59  0
 2 51 12772684  90812  40568 7622544    0    0 10888 24614 5742 5168  5  1 36 58  0
 0 55 12772684  91264  40636 7623128    0    0 14482 18110 5681 3323  6  1 17 77  0
 0 55 12772684  91564  40708 7608372    0    0  9314 24408 8175 8665  5  1  6 88  0
 0 50 12772684  92996  40780 7630592    0    0 11388 21908 8738 10733  5  1  0 94  0
 0 54 12772684  90732  40816 7611776    0    0  3110 24074 4240 3660  3  1  0 96  0
 1 58 12772684  91152  40892 7617044    0    0 13740 29108 10431 11536  7  1 13 79  0
 3 47 12772684  91864  40948 7620716    0    0  4998 26918 9275 11110  2  1 11 85  0
 1 55 12772684  90824  41008 7611252    0    0 13324 13340 9268 9243  6  1  1 92  0
 3 54 12772684  91212  41124 7609180    0    0 10802 18208 14267 15534  5  2 11 82  0
 0 53 12772684  89476  41164 7612148    0    0  6850 16716 8275 8894  3  1  7 89  0
 0 43 12772684  92788  41248 7621220    0    0  9936 30738 10375 12333  6  2 11 81  0
 1 53 12772684  92096  41320 7609388    0    0  9218 20764 9003 9468  4  1  9 85  0
 0 53 12772684  91144  41360 7612888    0    0  7316 24228 6770 7074  3  1  8 88  0
 1 48 12772684  91224  41416 7616560    0    0  4356 20528 8009 9160  2  1 16 81  0
 4 52 12772684  90608  41476 7615748    0    0  3658 19776 8563 10480  2  1 23 74  0
 0 51 12772684  90868  41540 7616324    0    0  7946 20518 6762 6954  4  1 10 86  0
 1 51 12772684  90988  41564 7615496    0    0 14072 23408 8647 9737  6  1  9 83  0
 0 52 12772684  91580  41616 7611384    0    0 10072 21570 9425 9505  6  1 10 83  0
procs -----------memory---------- ---swap-- -----io---- -system-- -----cpu------
 r  b   swpd   free   buff  cache   si   so    bi    bo   in   cs us sy id wa st
 0 54 12772684  90616  41708 7606452    0    0  9600 20986 8733 9194  4  1 14 81  0
 1 54 12772684  90816  41796 7613800    0    0  7918 24098 6617 7403  3  1 16 80  0
 1 53 12772684  91036  41772 7610364    0    0 10550 23356 8606 9609  5  1 13 81  0
 0 53 12772684  89424  41820 7608820    0    0  6750 23626 5099 5245  3  1  9 88  0
 0 55 12772684  91328  41820 7608820    0    0  4232 17554 7345 7895  2  1 10 87  0
 2 47 12772684  92256  41876 7610864    0    0  6858 29078 8312 8681  3  1 15 80  0
 1 54 12772684  91364  41936 7608264    0    0 18626 24174 8045 6707  7  1 28 64  0
 0 56 12772684  89672  41996 7612732    0    0 10106 26228 5960 6214  4  1 25 70  0
 0 54 12772684  90296  42052 7620260    0    0  6938 26606 9341 11139  3  1 24 72  0
 0 54 12772684  90368  42128 7613716    0    0 10266 26110 6868 6988  4  1 24 71  0
 0 53 12772684  90824  42180 7614692    0    0  4378 15278 5469 5565  2  1 15 81  0
 0 54 12772684  90540  42252 7610272    0    0  7050 10322 10028 10933  3  1  8 88  0
 1 51 12772684  90408  42292 7607776    0    0  5524 18954 6023 5703  3  1  7 89  0
 1 56 12772684  91388  42344 7607852    0    0  9736 25112 7107 6589  4  1 10 85  0
 0 53 12772684  89924  42368 7601360    0    0  5638 24408 5356 5465  3  1  9 87  0
 1 57 12772684  90236  42400 7607860    0    0  5610 20074 4618 4240  3  1 23 73  0
 1 57 12772684  90628  42452 7602704    0    0  6488 20992 7707 8259  3  1 17 79  0
 1 50 12772684  97560  42528 7605468    0    0  4248 17784 6281 6418  3  1 13 83  0
 1 52 12772684  90580  42564 7607820    0    0  3768 27154 6013 6596  2  1 13 85  0
 3 55 12772684  91108  42660 7604908    0    0 15384 15032 5881 5787  6  1 15 78  0
 1 57 12772684  90984  42692 7598596    0    0 10518 26030 5342 5674  4  1 14 81  0
procs -----------memory---------- ---swap-- -----io---- -system-- -----cpu------
 r  b   swpd   free   buff  cache   si   so    bi    bo   in   cs us sy id wa st
 3 56 12772684  91268  42760 7603076    0    0  7880 27906 7312 7083  4  1 21 74  0
 2 55 12772684  90612  42812 7606896    0    0  7696 16510 4883 5226  3  1 25 72  0
 2 50 12772684  92800  42872 7607788    0    0  8202 22630 7304 8734  3  1 22 73  0
 2 55 12772684  90676  42984 7603436    0    0 14308 21814 6501 5889  6  1 23 70  0
 1 52 12772684  90468  43052 7605504    0    0 11276 20622 9303 10393  5  1 24 70  0
 1 52 12772684  90600  43104 7597856    0    0  3950 19460 7284 7925  2  1 20 77  0
 2 47 12772684  91076  43156 7611228    0    0  8466 20042 4776 3974  3  1 15 81  0
 1 50 12772684  91856  43196 7602212    0    0  4784 21236 7320 8321  2  1 13 84  0
 4 52 12772684  90924  43280 7596664    0    0 11572 27520 8228 8523  7  2  9 82  0
 2 49 12772684  90792  43324 7605728    0    0  8412 23630 7701 9414  3  1  8 88  0
 3 49 12772684  91428  43372 7591896    0    0 11536 10656 7706 7199  5  1  9 85  0
 1 44 12772684  90468  43448 7607760    0    0 12172 13648 8602 9512  5  1 16 77  0
 2 46 12772684  98040  43508 7601596    0    0  5912 29360 6417 6657  3  1 17 79  0
 1 47 12772684  90756  43588 7593884    0    0 12298 20318 7790 7978  5  1 16 78  0
 3 50 12772684  91204  43656 7600844    0    0  9600 23774 10131 10447  4  1 25 70  0
 1 42 12772684  92048  43708 7605780    0    0  6304 13160 6184 6181  3  1 21 75  0
 0 52 12772684  91752  43756 7598684    0    0 11454 22134 7075 7276  5  1 18 76  0
 0 47 12772684  90676  43840 7606236    0    0  9628 18956 8221 8732  4  1 28 66  0
 0 52 12772684  90404  43920 7602040    0    0  5038 27496 7202 8344  2  1 31 65  0
 0 54 12772684  91108  44032 7600892    0    0 10502 20406 10240 10488  5  1 20 74  0
 0 54 12772684  90784  44084 7587688    0    0 13434 21972 7683 7088  6  2  8 84  0
procs -----------memory---------- ---swap-- -----io---- -system-- -----cpu------
 r  b   swpd   free   buff  cache   si   so    bi    bo   in   cs us sy id wa st
 0 53 12772684  90656  44128 7595836    0    0  4404 23814 9343 11131  2  1 11 86  0
 1 52 12772684  91552  44188 7591000    0    0  7006 28342 5908 6656  3  1  0 96  0
 0 48 12772684  90444  44248 7594924    0    0 11848 23670 8917 10076  5  1  2 92  0
 0 52 12772684  90528  44284 7595308    0    0  8038 16186 4850 5546  3  1 19 78  0
 0 44 12772684  93508  44344 7586480    0    0  9740 27834 6137 6040  4  1 20 76  0
 1 50 12772684  94168  44420 7593816    0    0 13470 30576 7762 6603  6  1 25 68  0
 0 52 12772684 102112  44440 7586240    0    0  6726 22762 3750 3668  3  1 17 80  0
 1 51 12772684  94308  44492 7594112    0    0  6918 29030 7548 8412  3  1 18 78  0
 0 51 12772684 103792  44532 7585388    0    0  8006 17782 4432 4380  4  1 24 72  0
 0 46 12772684  92796  44596 7596788    0    0  5758  6766 3923 4396  2  1 43 54  0
 0 42 12772684  90952  44636 7587700    0    0  4246 14774 7873 8985  3  1 47 50  0
 1 49 12772684  91216  44688 7580880    0    0 12000 22174 4781 3996  4  1 38 57  0
 0 49 12772684 101384  44724 7588060    0    0  3000 23034 6776 8090  2  1 21 76  0
 1 42 12772684  94456  44796 7582784    0    0  6808 29360 8557 9074  3  1 19 77  0
 0 50 12772684  92224  44860 7581632    0    0 17308 22158 8280 7294  8  1 19 72  0
 1 48 12772684  96200  44916 7592524    0    0  3988 28954 8335 9400  2  1 18 80  0
 0 52 12772684  91940  44968 7582328    0    0 10802 21150 6351 6004  5  1 22 72  0
 0 48 12772684  91344  45044 7587256    0    0 12440 27904 4589 4299  5  1 14 80  0
 3 48 12772684  91824  45084 7582932    0    0  2030 19032 4790 5281  2  1 20 78  0
 0 49 12772684  90920  45184 7595072    0    0 11556 22544 9838 11665  5  1 24 69  0
 0 46 12772684  91524  45220 7587220    0    0  6422 25242 4569 4608  3  1 28 69  0
procs -----------memory---------- ---swap-- -----io---- -system-- -----cpu------
 r  b   swpd   free   buff  cache   si   so    bi    bo   in   cs us sy id wa st
 0 49 12772684  90560  45292 7594764    0    0 12306 22642 5262 5751  4  1 32 63  0
 1 50 12772684  91436  45344 7582788    0    0  7766 20736 7220 7889  3  1 37 59  0
 1 51 12772684  90668  45400 7584752    0    0  5874 22288 6353 6975  3  1 44 52  0
 0 52 12772684  90836  45456 7579492    0    0  9614 21148 7574 8405  4  1 39 55  0
 0 52 12772684  90448  45492 7587748    0    0  2300 26326 7220 9317  1  1 31 67  0
 0 51 12772684  90880  45532 7581184    0    0  4102 21876 4490 4743  2  1 22 75  0
 0 54 12772684  90420  45632 7578100    0    0 12184 20572 9085 10094  5  1 26 67  0
 2 44 12772684  91028  45744 7590188    0    0  9156 13792 8595 9608  4  1 41 54  0
 0 56 12772684  90072  45812 7585520    0    0 11726 18124 12017 12906  6  1 14 78  0
 0 52 12772684  92712  45860 7579480    0    0  8370 23526 6837 8184  3  1  9 86  0
 0 53 12772684  90940  45948 7581540    0    0 10226 20860 9123 9718  5  1  3 91  0
 2 53 12772684 108908  45988 7578300    0    0  4330 32030 5776 5337  3  1  6 91  0
 0 53 12772684  91176  46048 7581688    0    0 11024 14436 3588 3179  5  1 10 85  0
 1 53 12772684  89488  46092 7583952    0    0  2820 19266 7683 8966  2  1 11 87  0
 1 51 12772684  90356  46144 7582472    0    0  5104 25054 6197 6590  3  1  2 94  0
 1 53 12772684  90976  46224 7578740    0    0  8972 25846 9018 9838  4  1 15 80  0
 0 53 12772684  90604  46268 7579356    0    0  7164 20058 5018 5130  3  1 24 72  0
 0 50 12772684  91020  46324 7586300    0    0  2266 25592 9834 11604  2  1 25 72  0
 1 49 12772684  91300  46356 7583516    0    0  3764 24000 6500 7313  2  1 29 68  0
 1 44 12772684  92192  46384 7586252    0    0  7810 20518 7740 9370  4  1 25 71  0
 0 50 12772684  90600  46440 7585184    0    0  8602 25688 7605 7821  4  1 24 71  0
procs -----------memory---------- ---swap-- -----io---- -system-- -----cpu------
 r  b   swpd   free   buff  cache   si   so    bi    bo   in   cs us sy id wa st
 1 44 12772684  92388  46516 7584076    0    0  8346 27574 6917 7468  3  1 22 74  0
 0 49 12772684  90916  46568 7581212    0    0  7182 20918 5679 5630  3  1  8 87  0
 3 51 12772684  91212  46648 7570572    0    0 10010 23514 8036 8046  6  1 11 82  0
 0 50 12772684  90828  46716 7580496    0    0 12626 21828 8331 9887  5  1 19 75  0
 1 50 12772684  91872  46760 7579212    0    0  5114 24944 7748 8118  3  1 16 81  0
 0 53 12772684  91296  46820 7573324    0    0 13726  6842 4652 4459  6  1 16 78  0
 0 43 12772684  92340  46896 7578248    0    0  7800 13740 11334 13612  3  2 14 81  0
 1 50 12772684  91008  46952 7573004    0    0 12392 21564 8347 8489  5  1 22 72  0
 1 53 12772684  91100  47004 7577764    0    0  7284 20248 6999 7178  4  1 27 68  0
 1 49 12772684  92496  47068 7577028    0    0  6570 29486 8648 9627  3  1 23 73  0
 0 51 12772684 104764  47164 7576732    0    0 11468 19098 8979 10126  5  1 18 75  0
 0 51 12772684  90800  47228 7575260    0    0 13898 24526 7789 8234  5  1 17 76  0
 0 48 12772684  91092  47300 7572944    0    0  8026 26834 6484 7022  4  1  8 87  0
 0 47 12772684  90212  47380 7579232    0    0  7714 17322 12186 14199  6  2 12 81  0
 1 46 12772684  91320  47444 7563160    0    0  5528 22240 8465 9283  6  1  8 86  0
 0 51 12772684  90584  47508 7564380    0    0  7814 26458 9822 10321  5  1  5 89  0
 2 51 12772684  91976  47624 7565508    0    0 11310 25690 16002 17347  6  2  1 91  0
 0 47 12772684  91484  47684 7565380    0    0  9340 23672 8031 8003  5  1  0 94  0
 0 47 12772684  90320  47780 7574040    0    0  8232 30140 12747 14636  5  1  8 86  0
 0 45 12772684  90500  47824 7574280    0    0  4116 21288 4856 4848  2  1  8 90  0
 0 39 12772684  92804  47864 7568300    0    0  5380 18440 6968 7594  3  1 16 80  0
procs -----------memory---------- ---swap-- -----io---- -system-- -----cpu------
 r  b   swpd   free   buff  cache   si   so    bi    bo   in   cs us sy id wa st
 3 43 12772684  91936  47916 7565048    0    0  3760 25364 10229 10459  3  1 19 77  0
 0 45 12772684  91652  47992 7570604    0    0 14192 20074 8753 10159  6  1  8 85  0
 0 46 12772684  90056  48044 7567480    0    0  6408 15956 10305 11169  4  1  8 87  0
 0 46 12772684  90400  48112 7572416    0    0  5056 25392 10587 11703  3  1  4 92  0
 0 41 12772684  90804  48180 7568172    0    0  8212 22768 6969 7313  4  1 11 85  0
 1 44 12772684  92664  48252 7568728    0    0 10714  9236 10044 11787  5  1 20 73  0
 1 45 12772684  92768  48300 7562840    0    0  6966 16196 8775 9360  4  1 15 80  0
 0 46 12772684  90660  48340 7561280    0    0  3350 24798 8547 9579  3  1 19 77  0
 0 44 12772684  90584  48408 7563120    0    0  7178 20258 8419 9757  4  1 20 75  0
 0 45 12772684  91080  48440 7559636    0    0  4612 21634 7448 8210  2  1 14 83  0
 0 44 12772684  90872  48524 7566752    0    0  5384 27008 9306 10535  4  1 23 72  0
 0 41 12772684  90880  48616 7566772    0    0  8406 22348 7998 9365  4  1 14 80  0
 0 46 12772684  90884  48672 7568320    0    0  4098 30710 8155 7910  3  1 12 84  0
 0 45 12772684  91752  48712 7560952    0    0  5640 17358 6060 6802  3  1 25 71  0
 1 43 12772684  90760  48776 7569260    0    0  4368 25060 13649 16282  3  1 39 57  0
 2 43 12772684  92016  48820 7559952    0    0  7174 27772 6604 6115  3  1 25 71  0
 1 44 12772684  91300  48864 7559792    0    0  5640 27494 6788 7669  3  1 24 72  0
 1 42 12772684  90940  48944 7569636    0    0  9506 21212 11226 12843  5  1 34 61  0
 1 45 12772684  91476  49004 7566656    0    0  6150 22514 5768 6268  3  1 39 58  0
 0 44 12772684  90128  49036 7566888    0    0  1712 16064 6079 6878  2  1 35 63  0
 1 42 12772684  92212  49088 7568140    0    0  6594 19104 7760 8629  3  1 36 61  0
procs -----------memory---------- ---swap-- -----io---- -system-- -----cpu------
 r  b   swpd   free   buff  cache   si   so    bi    bo   in   cs us sy id wa st
 0 45 12772684  90688  49144 7567164    0    0  3592 31420 7729 8974  2  1 14 83  0
 0 43 12772684  89652  49200 7569104    0    0  7444 17138 6936 7722  4  1  9 86  0
 0 41 12772684  90620  49272 7566440    0    0  9228 26644 9038 10073  5  1 22 72  0
 0 41 12772684  90032  49332 7565580    0    0  4180 21074 7810 8286  4  1 31 63  0
 1 39 12772684  90664  49404 7564476    0    0  9066 21986 6833 7982  4  1 26 69  0
 0 39 12772684  90884  49496 7571532    0    0  8702 27830 7814 8762  4  1 27 68  0
 1 39 12772684  91052  49544 7574872    0    0  4096 10548 4104 4423  2  1 31 66  0
 0 39 12772684  90732  49584 7572144    0    0  4000 12634 10212 12316  4  1 30 65  0
 1 39 12772684  90856  49636 7574596    0    0  3618 20586 8730 10086  3  1 26 70  0
 1 33 12772684  91616  49688 7565892    0    0  9092 21378 6613 6036  5  1 25 69  0
 1 30 12772684  96584  49716 7572604    0    0  3582 13286 4876 6063  2  1 25 73  0
 0 33 12772684  90776  49788 7581028    0    0  9630 24278 10249 11863  5  1 22 72  0
 0 37 12772684  88728  49820 7573912    0    0  6408 25592 5904 5716  3  1 15 81  0
 0 36 12772684  91044  49884 7577620    0    0  1346 15996 8533 10458  1  1 21 77  0
 0 33 12772684  90516  49916 7583696    0    0  1654 16106 10942 12568  3  1 32 64  0
 1 34 12772684  90792  49964 7576184    0    0  3844 25002 12974 14428  3  1 34 62  0
 0 34 12772684  89332  50016 7580612    0    0  1798 22254 9947 12313  2  1 23 74  0
 0 33 12772684  90540  50052 7571680    0    0  2660 18482 9686 10112  3  1 26 70  0
 1 33 12772684  90688  50104 7569124    0    0  5968 19550 7492 8289  4  1 25 70  0
 2 26 12772684  95896  50164 7576924    0    0  2856 16418 7000 8105  3  1 30 66  0
 0 31 12772684  95228  50192 7579864    0    0   772 13966 5104 5228  2  1 30 68  0
procs -----------memory---------- ---swap-- -----io---- -system-- -----cpu------
 r  b   swpd   free   buff  cache   si   so    bi    bo   in   cs us sy id wa st
 2 31 12772684  90908  50244 7579492    0    0  3590 24410 6325 7131  3  1 26 70  0
 1 30 12772684  99716  50280 7575132    0    0  2162 25176 7753 7857  2  1 28 69  0
 0 27 12772684  90500  50336 7577892    0    0  1026 27332 10597 11779  2  1 24 73  0
 0 26 12772684  90568  50388 7585368    0    0  1628 20586 10722 11614  2  1 33 64  0
 1 24 12772684  92824  50440 7585912    0    0     0 24534 11027 12241  1  1 38 60  0
 1 23 12772684  91048  50460 7582988    0    0    18 20236 7803 8825  1  1 36 62  0
 1 18 12772684  91004  50512 7587792    0    0  2822 22082 8635 10066  2  1 31 66  0
 0 22 12772684  90720  50560 7590288    0    0  1536 15904 8238 9983  1  1 43 55  0
 1 19 12772684  94152  50584 7581956    0    0   514 16204 6972 7678  1  1 25 74  0
 0 20 12772684  90636  50628 7579832    0    0  1794 16394 8673 9849  2  1 34 63  0
 0 20 12772684  91660  50672 7578788    0    0  3332 17806 9668 11266  2  1 34 63  0
 0 19 12772684  91740  50728 7577932    0    0  1794 19642 7282 7660  1  1 39 58  0
 0 18 12772684 102644  50772 7583956    0    0  1392 19496 8216 9385  1  1 37 61  0
 0 19 12772684  90728  50828 7584104    0    0  1770 16866 12528 14491  2  1 27 69  0
 0 19 12772684  90776  50884 7593740    0    0    46 21134 11220 11392  1  1 40 58  0
 1 15 12772684  98168  50936 7589324    0    0     2 18810 8739 8733  1  1 41 57  0
 0 16 12772684  98200  50968 7590260    0    0     0 25242 7560 7248  1  1 46 53  0
 0 14 12772684  92016  50992 7586272    0    0     0  9940 6002 6350  1  1 50 48  0
 2 13 12772684  91264  51024 7586788    0    0     0  7550 7497 7851  1  1 44 54  0
 2 13 12772684  90876  51060 7589912    0    0     0 12204 10227 11443  1  1 53 45  0
 1 13 12772684  89528  51092 7586384    0    0     0 11186 7452 8110  1  1 56 43  0
procs -----------memory---------- ---swap-- -----io---- -system-- -----cpu------
 r  b   swpd   free   buff  cache   si   so    bi    bo   in   cs us sy id wa st
 0 10 12772684  90072  51112 7590912    0    0     0 15616 8087 9671  1  0 51 47  0
 0  9 12772684  90576  51148 7591520    0    0     0 18832 7394 8892  1  1 58 40  0
 0  9 12772684  90352  51168 7591112    0    0     0 12816 7829 8764  1  1 59 40  0
 0  7 12772684  91112  51180 7590796    0    0     0 16220 6750 7093  1  1 61 38  0
 0  8 12772684  90416  51200 7592344    0    0     0 14406 5463 5684  0  0 63 36  0
 0  7 12772684  91048  51220 7596284    0    0     0  7190 4565 5314  0  0 60 39  0
 0  3 12772684  91616  51228 7595748    0    0     0 14938 4443 5175  0  0 68 32  0
 0  5 12772684  90656  51236 7596720    0    0     0  9926 6565 7897  1  0 71 28  0
 0  5 12772684  89924  51244 7595144    0    0     0  8506 6141 7506  1  0 71 28  0
 0  3 12772684  92400  51260 7592132    0    0     0 13458 4495 5350  0  0 66 33  0
 0  3 12772684  92716  51264 7591976    0    0     0 10006 4983 6162  1  0 75 24  0
 0  3 12772684  96356  51264 7588748    0    0     0 11402 1839 2216  0  0 75 25  0
 0  3 12772684 100212  51264 7584452    0    0     0  8762 1067 1246  0  0 75 25  0
 1  2 12772684 104692  51264 7580556    0    0     0 15084 1147 1195  0  0 78 22  0
 0  2 12772684 108200  51264 7578020    0    0     0 19224 1144 1261  0  0 84 16  0
 0  2 12772684 109840  51272 7577536    0    0   260 27484 1022 1200  0  0 89 10  0
 0  1 12772684 109492  51272 7578172    0    0   256 23272 1002 1251  0  0 91  8  0
 0  1 12772684 109820  51280 7578168    0    0     0 30216 1026 1219  0  0 91  8  0
 0  1 12772684 110256  51280 7578168    0    0     0 15868  885 1228  0  0 91  8  0
 0  1 12772684 110696  51280 7578164    0    0     0 28502 1031 1202  0  0 91  8  0
 0  1 12772684 111480  51284 7578164    0    0     2 36928 1017 1229  0  0 92  8  0
procs -----------memory---------- ---swap-- -----io---- -system-- -----cpu------
 r  b   swpd   free   buff  cache   si   so    bi    bo   in   cs us sy id wa st
 0  1 12772684 111628  51284 7578168    0    0     0 32548  912 1128  0  0 91  8  0
 0  1 12772684 111876  51284 7578176    0    0     0 32086  987 1184  0  0 91  8  0
 0  1 12772684 111664  51284 7578176    0    0     0 30004  996 1175  0  0 91  8  0
 0  1 12772684 111988  51316 7578168    0    0     0 37720 1083 1294  0  0 91  9  0
 0  1 12772684 111988  51316 7578180    0    0     0 29914  989 1195  0  0 92  8  0
 0  1 12772684 111988  51316 7578204    0    0     0 37524 1066 1302  0  0 91  8  0
 0  1 12772684 112112  51316 7578200    0    0     0 30150  918 1186  0  0 91  8  0
 0  1 12772684 112500  51316 7578196    0    0     0 39876 1002 1241  0  0 91  8  0
 0  1 12772684 112748  51316 7578196    0    0     0 35104 1018 1167  0  0 91  8  0
 0  1 12772684 112636  51316 7578196    0    0     0 36038  947 1163  0  0 91  8  0
 0  1 12772684 112388  51316 7578196    0    0     0 34842  982 1170  0  0 91  8  0
 0  1 12772684 112676  51324 7578196    0    0     0 39278 1003 1259  0  0 91  8  0
 0  1 12772684 112576  51324 7578196    0    0     0 38268  971 1179  0  0 92  8  0
 0  1 12772684 112488  51324 7578204    0    0     0 39000  997 1242  0  0 91  8  0
 0  1 12772684 112480  51324 7578204    0    0     0 34150  860 1198  0  0 91  8  0
 0  1 12772684 113116  51324 7578200    0    0     0 31694  878 1234  0  0 92  8  0
 0  1 12772684 113112  51324 7578200    0    0     0 23906  899 1201  0  0 91  8  0
 0  1 12772684 113360  51324 7578200    0    0     0 34100 1012 1250  0  0 92  8  0
 0  1 12772684 113116  51332 7578192    0    0     0 32254  965 1204  0  0 91  8  0
 0  1 12772684 112644  51340 7578192    0    0     4 27524  908 1252  0  0 91  8  0
 0  1 12772684 113040  51340 7578192    0    0     0 32822  882 1226  0  0 92  8  0
procs -----------memory---------- ---swap-- -----io---- -system-- -----cpu------
 r  b   swpd   free   buff  cache   si   so    bi    bo   in   cs us sy id wa st
 0  1 12772684 113272  51340 7578192    0    0     0 29906  914 1243  0  0 91  8  0
 0  1 12772684 8432812  51352 7577972    0    0   108 33688 1675 1497  1  2 89  9  0
 0  1 12772684 8455304  51352 7578072    0    0    18 37536  780  822  0  0 91  8  0
