procs -----------memory---------- ---swap-- -----io---- -system-- -----cpu------
 r  b   swpd   free   buff  cache   si   so    bi    bo   in   cs us sy id wa st
 0  3   9316 31362632   4020  64016    0    0    39    20    1    0  0  0 99  0  0
 1  2   9316 31304812   4268  76132    0    0  5854     0 1141 1293  4  0 84 12  0
 3  1   9316 31283360   4984  81692    0    0  2832     0 1040  962  2  0 83 15  0
 0  2   9316 31262396   5700  86388    0    0  2362     0 1261  930  2  0 82 16  0
 1  0   9316 31217280   5912 100492    0    0  6912   144 1104 1055  4  0 86  9  0
14  0   9316 31041636   5948 112676    0    0  6200     0 3055 4329 16  1 82  2  0
 2  1   9316 30839740   6068 166832    0    0   400     0 17223 24072 23  1 76  0  0
 2 13   9316 29572936   6296 307720    0    0 27920     0 26437 36278 28  5 42 25  0
 7  7   9316 25878948   6744 632896    0    0 57794     0 33784 40191 34 11 31 24  0
 7  8   9316 24662972   7108 992724    0    0 60710     0 35158 42251 34  8 32 27  0
 7  8   9316 24023288   7448 1354272    0    0 62146     0 34596 44018 33  6 40 21  0
 6  8   9316 23627724   7788 1720360    0    0 64810     0 35368 41898 34  6 34 26  0
 5  9   9316 23317980   8084 2025052    0    0 53224 36286 27919 30641 31  5 37 27  0
 2 10   9316 22892380   8460 2415520    0    0 77110  7142 30070 36067 35  5 29 31  0
 2  8   9316 22422444   8800 2769440    0    0 61482     0 31357 39583 31  6 33 31  0
 5  8   9316 22067788   9140 3123392    0    0 55016 18850 38198 49089 29  7 39 26  0
 6  4   9316 20240912   9476 3481976    0    0 55724  7022 39882 51790 30  8 43 20  0
 2  7   9316 19891512   9900 3830368    0    0 53486     2 46095 58921 29  6 43 22  0
 3  3   9316 17976140  11616 5552704    0    0 293148 18160 169298 210881 28  6 42 25  0
 0  4   9316 17674268  11936 5856032    0    0 42286 22516 38331 53017 21  4 61 14  0
 3  5   9316 17394896  12216 6133132    0    0 35142 22894 37844 50931 18  5 62 15  0
procs -----------memory---------- ---swap-- -----io---- -system-- -----cpu------
 r  b   swpd   free   buff  cache   si   so    bi    bo   in   cs us sy id wa st
 4  8   9316 17167536  12412 6350676    0    0 32282 22802 24150 30316 16  4 66 14  0
 1  2   9316 16966780  12620 6549768    0    0 32786 16930 22781 25870 15  3 63 20  0
 2  3   9316 16803984  12788 6713768    0    0 17194 40270 26413 30514 10  3 70 17  0
 2  4   9316 16669088  12916 6848072    0    0 16890 43508 24397 27692  9  3 78 11  0
 0  2   9316 16533548  13040 6983488    0    0 16144 34934 24055 27171  8  3 80  9  0
 1  3   9316 16404224  13164 7111468    0    0 13354 40884 25361 29342  7  2 79 12  0
 2  2   9316 16279140  13272 7235016    0    0 15732 38050 20919 22611  9  2 72 17  0
 0  3   9316 16178948  13380 7334312    0    0 12048 49660 19066 20655  6  2 76 16  0
 1  2   9316 16067208  13496 7447108    0    0 13202 43088 20464 23273  7  2 74 17  0
 4  2   9316 15935032  13624 7578088    0    0 14864 42642 23458 26812  8  2 74 15  0
 2  2   9316 15783636  13760 7728928    0    0 15758 27230 25496 29900  8  3 73 16  0
 1 11   9316 15677872  13912 7835060    0    0 15038 37066 23984 26311  8  4 74 13  0
 0  3   9316 15546100  14020 7969136    0    0 15078  8712 24377 28396  7  3 55 35  0
 0  3   9316 15404120  14152 8107572    0    0 15758 63364 25624 28838  9  3 72 17  0
 1  2   9316 15237340  14316 8271104    0    0 16786 33200 30981 36345 10  3 70 17  0
 2  2   9316 15059020  14500 8450368    0    0 19478 34826 31245 37072 11  4 70 15  0
 3  2   9316 14904756  14648 8605664    0    0 15886 42126 26482 32064  9  2 72 17  0
 0  2   9316 14725996  14804 8784200    0    0 22810 26076 27495 30964 11  3 71 15  0
 1  2   9316 14562052  14976 8946672    0    0 21142 23286 23949 26506 11  3 71 15  0
 0  2   9316 14403960  15120 9105864    0    0 19728 26336 23552 26088 10  3 78 10  0
 1  2   9316 14276132  15260 9233680    0    0 26140 12940 13390 9099 12  2 71 15  0
procs -----------memory---------- ---swap-- -----io---- -system-- -----cpu------
 r  b   swpd   free   buff  cache   si   so    bi    bo   in   cs us sy id wa st
 1  5   9316 14132764  15416 9376668    0    0 16916 22402 22207 24491 10  3 72 15  0
 1  3   9316 13985328  15564 9523216    0    0 11942 72182 23032 27143  7  3 75 15  0
 1  4   9316 13811324  15744 9697100    0    0 20652 28360 23928 26996 11  3 72 15  0
 2  6   9316 13579568  15964 9926756    0    0 32934 17104 27020 32997 16  4 60 21  0
 0  3   9316 13338396  16184 10158980    0    0 39182 17518 22377 25378 19  4 61 16  0
 4  3   9316 13136772  16396 10361676    0    0 33674 19800 20494 23436 14  3 69 14  0
 1  2   9316 12934000  16600 10563576    0    0 31910 21190 24795 28580 15  4 69 12  0
 3  2   9316 12803004  16724 10696464    0    0 19224 35604 19125 18524  9  2 77 12  0
 4  2   9316 12667100  16852 10824936    0    0 18836 31886 19340 18228 10  2 74 14  0
 3  2   9316 12549804  16960 10942384    0    0 17548 33826 17473 16838  9  2 72 18  0
 0  4   9316 12440196  17068 11052200    0    0 17986 35512 15250 12933  9  2 71 18  0
 2  3   9316 12284824  17228 11206152    0    0 27376 23042 20163 19984 13  3 67 18  0
 2  4   9316 12146216  17352 11344952    0    0 20118 32482 19332 18157 11  2 67 19  0
 1  4   9316 12043420  17440 11442576    0    0 16042 40034 13563 12291  8  2 70 20  0
 2  4   9316 11897612  17596 11580880    0    0 31658 13138 12177 9481 14  2 66 18  0
 2  3   9316 11730700  17780 11745752    0    0 38188 26970 13608 10998 16  2 63 19  0
 1  2   9316 11603244  17884 11873540    0    0 27904 33042 12365 10578 12  2 73 14  0
 0  4   9316 11473440  18004 12000532    0    0 26522 25784 11520 7701 14  2 68 16  0
 2  3   9316 11374976  18112 12097712    0    0 18962 42800 10504 7890  8  2 79 12  0
 3  3   9316 11235104  18268 12237572    0    0 32294 21976 12859 11204 13  2 69 16  0
 4  3   9316 11115988  18396 12357040    0    0 21816 33720 13071 11545 11  2 69 18  0
procs -----------memory---------- ---swap-- -----io---- -system-- -----cpu------
 r  b   swpd   free   buff  cache   si   so    bi    bo   in   cs us sy id wa st
 3  2   9316 10923904  18580 12532976    0    0 39826 11180 13909 11798 17  3 58 22  0
 6  4   9316 10712832  18812 12742112    0    0 43184 11404 16743 15366 18  3 61 18  0
 7  4   9316 10455128  19056 12999008    0    0 49588  6980 22420 23943 22  4 60 15  0
 5  4   9316 10222504  19268 13219464    0    0 34206 24606 24675 27647 17  4 66 13  0
 3  3   9316 10011448  19520 13429712    0    0 32066 24058 28625 32392 15  3 66 16  0
 2  5   9316 9823100  19692 13619372    0    0 25906 27206 26161 28686 13  3 71 13  0
 2  6   9316 9598536  19888 13843900    0    0 30702 16290 31692 36084 15  4 58 22  0
 2  3   9316 9386140  20072 14034984    0    0 23986 37138 28083 31748 13  3 63 21  0
 3  6   9316 9244300  20212 14178952    0    0 24346 23164 16774 16945 11  2 63 24  0
 2  4   9316 9091184  20352 14332000    0    0 24446 28240 18166 19257 12  2 64 22  0
 3  5   9316 8956252  20484 14467624    0    0 25912 23974 15934 13561 11  2 65 22  0
 4  5   9316 8764084  20708 14650388    0    0 37428 17862 19364 20127 17  3 60 21  0
 1  5   9316 8547472  20916 14865816    0    0 45228  4152 18353 18152 19  3 60 18  0
 3  5   9316 8346344  21116 15071824    0    0 41362 20426 16852 19185 17  3 57 23  0
 1  5   9316 8124136  21304 15278032    0    0 39228 11790 17450 19939 18  3 55 24  0
 2  4   9316 7950660  21472 15448220    0    0 36140 16560 15885 15069 16  2 58 24  0
 0  5   9316 7804976  21620 15595488    0    0 21424 36342 18809 18542 11  2 70 17  0
 7  3   9316 7602616  21840 15792664    0    0 46980  6920 12909 10206 20  2 56 22  0
 1  4   9316 7413360  22032 15981312    0    0 39488 14210 14235 12611 18  3 53 26  0
 2  6   9316 7214836  22248 16178584    0    0 36800 26980 17398 18707 16  3 61 19  0
 1  4   9316 6992628  22424 16374800    0    0 42622  5540 13602 11044 19  3 58 21  0
procs -----------memory---------- ---swap-- -----io---- -system-- -----cpu------
 r  b   swpd   free   buff  cache   si   so    bi    bo   in   cs us sy id wa st
 4  4   9316 6759260  22640 16609772    0    0 43306 12640 17924 17961 19  3 50 28  0
 0  4   9316 6530324  22896 16836576    0    0 38212 17456 19525 19393 17  3 54 26  0
 0  3   9316 6274280  23140 17092012    0    0 29572 23598 31470 37699 15  4 56 26  0
 5  5   9316 6048856  23340 17306288    0    0 29366 22344 22470 24471 13  4 68 15  0
 6  4   9316 5843376  23536 17512320    0    0 28856 25526 21415 22822 14  3 69 15  0
 5  6   9316 5653764  23748 17700416    0    0 30838 24456 17789 18143 14  3 67 17  0
 0  3   9316 5480476  23916 17875672    0    0 25880 30504 19095 21247 12  3 71 15  0
 3  4   9316 5322668  24056 18017364    0    0 26936 30406 13747 15420 12  2 72 14  0
 1  2   9316 5204528  24192 18137484    0    0 16768 26450 15237 16868  8  2 74 15  0
 0  4   9316 5054364  24372 18287196    0    0 30292 27344 13204 14018 13  2 72 13  0
 1  4   9316 4912020  24508 18427668    0    0 32116 20356 9363 7363 15  2 68 16  0
 2  4   9316 4766180  24628 18562284    0    0 27446 30358 9458 8318 12  2 71 15  0
 5  5   9316 4596820  24796 18729804    0    0 30372 24420 12830 11437 13  2 58 27  0
 6  4   9316 4364924  25040 18961592    0    0 47028     0 16378 15264 19  3 50 27  0
 0  4   9316 4158184  25216 19149032    0    0 30088 22906 15525 15195 15  3 62 20  0
 5  4   9316 3962612  25416 19342036    0    0 40492 11926 13152 10612 16  2 63 19  0
 1  3   9316 3762568  25624 19543532    0    0 41134 18892 13691 10007 17  3 60 20  0
 4  4   9316 3597740  25800 19707344    0    0 28320 25784 12148 9911 12  2 65 21  0
 3  2   9316 3404544  25960 19887456    0    0 30238 33040 12662 11088 14  3 62 21  0
 0  4   9316 3190280  26204 20103032    0    0 37928 12248 15222 16516 17  3 59 22  0
 0  4   9316 2992640  26388 20300100    0    0 43692 11338 12147 13814 18  2 61 18  0
procs -----------memory---------- ---swap-- -----io---- -system-- -----cpu------
 r  b   swpd   free   buff  cache   si   so    bi    bo   in   cs us sy id wa st
 2  3   9316 2779368  26604 20497960    0    0 44466 19388 11853 13729 18  3 60 19  0
 3  2   9316 2561996  26804 20714680    0    0 49582  6222 10828 13475 20  3 61 17  0
 3  3   9316 2373728  26984 20890660    0    0 38342 24762 11450 12200 16  2 69 13  0
 1  5   9316 2240956  27100 21022904    0    0 28804 22542 8772 9975 12  2 67 19  0
 1  5   9316 2102968  27244 21162128    0    0 28984 27122 10101 10645 12  1 77  9  0
 1  3   9316 2002760  27348 21262944    0    0 21888 41140 8571 8184  8  1 73 18  0
 0  3   9316 1868588  27468 21394676    0    0 30136 21432 9981 9373 13  1 67 19  0
 3  3   9316 1785048  27548 21466968    0    0 14070 50154 8257 8376  7  1 74 18  0
 0  4   9316 1640476  27696 21612444    0    0 29752 17988 9356 11658 13  2 69 16  0
 2  3   9316 1445920  27888 21807588    0    0 44054 10608 10859 13205 18  2 61 19  0
 7  7   9316 1228660  28100 22010628    0    0 40438 24762 14223 17355 17  3 60 19  0
 0  3   9316 1078504  28236 22160892    0    0 24550 40104 13049 17225 11  2 65 22  0
 1  3   9316 886800  28444 22351536    0    0 30732 24042 14453 19331 14  2 63 21  0
 1  3   9316 670940  28644 22568184    0    0 30262 23692 16178 22803 13  3 65 18  0
 3  3   9316 472080  28820 22755904    0    0 29470 29212 12932 16692 13  3 67 17  0
 2  4   9316 298860  28968 22928908    0    0 30978 25914 11675 13147 13  2 63 21  0
 0  4   9316 176432  29104 23052716    0    0 27580 30778 7999 9486 11  2 69 18  0
 0 10   9316  99608  27644 23128176    0    0 26298 27720 9023 9087 12  2 62 25  0
 1  3   9316  98516  27720 23127944    0    0 26898 29224 6968 7506 10  1 65 23  0
 1  4   9316 100988  27812 23113392    0    0 16198 42402 8776 7244  8  2 66 24  0
 0  2   9316  97632  27880 23116208    0    0  6998 49864 11629 13797  4  1 77 17  0
procs -----------memory---------- ---swap-- -----io---- -system-- -----cpu------
 r  b   swpd   free   buff  cache   si   so    bi    bo   in   cs us sy id wa st
 0  4   9316  97264  27960 23119556    0    0  9634 40522 14110 18164  5  2 78 15  0
 1  3   9316 101124  28120 23112624    0    0 27658 23690 14720 16390 11  2 65 21  0
 2  3   9316 103404  28224 23110948    0    0 18192 43802 14425 16257  8  2 70 19  0
 1  2   9316 105444  28368 23109136    0    0 22574 22824 6169 5802  9  1 66 24  0
 1  3   9316  97384  28484 23109588    0    0 27824 38238 6827 5999 12  2 63 23  0
 0  2   9316  97176  28532 23107872    0    0 10232 44034 2424 2398  4  1 75 20  0
 1  1   9316 104848  28612 23098160    0    0  8974 46008 5203 6165  4  5 74 17  0
 1  7   9316  98880  28708 23106016    0    0  4254 40764 14719 20867  4  2 65 29  0
 1  2   9316 102996  28836 23102448    0    0 12402 53246 19795 28436  6  2 62 29  0
 0  4   9316  99252  29044 23106104    0    0  8870 44536 32016 43312  6  3 66 25  0
 0  3   9316 101972  29332 23103664    0    0 13402 26194 26916 35353  8  3 72 17  0
 0  2   9316  98512  29608 23107924    0    0 15672 34080 27020 38603  8  3 73 16  0
 2  3   9316  97660  29732 23106536    0    0 10406 48300 15477 21982  6  2 81 11  0
 0  3   9316  99768  29876 23104604    0    0 17406 41064 16887 24038  9  3 75 14  0
 1  3   9316  98536  30036 23097720    0    0 27058 36432 14250 19546 13  3 69 15  0
 3  5   9316 104984  30148 23093744    0    0 22806 33404 5278 5958  9  2 77 12  0
 2  7   9316 101364  30240 23096140    0    0 15534 48544 4703 4627  7  1 82 10  0
 2  3   9316 100876  30360 23094488    0    0 27502 24694 7867 8093 10  2 72 16  0
 0  3   9316  98892  30460 23098184    0    0 24340 32112 7080 7329 10  2 76 12  0
 0 17   9316 104936  30584 23075232    0    0 18962 45218 12149 14099  8  2 58 32  0
 0 13   9316 100464  30652 23078008    0    0  8710 54644 12599 15263  4  2 52 42  0
procs -----------memory---------- ---swap-- -----io---- -system-- -----cpu------
 r  b   swpd   free   buff  cache   si   so    bi    bo   in   cs us sy id wa st
 0  8   9316 100720  30700 23077532    0    0  3588 60386 9373 10325  3  1 44 52  0
 2  4   9316  97828  30824 23082744    0    0 10288 53028 17746 23345  6  2 63 29  0
 1  9   9316  98432  30920 23082756    0    0 16144 17286 11631 13927  7  2 54 38  0
 1  8   9316 101508  30992 23081716    0    0 11254 42266 7483 7492  5  1 44 49  0
 1  9   9316  96672  31080 23088812    0    0 17066 31116 7741 8220  9  2 39 50  0
 0 12   9316 104172  31132 23079496    0    0 12024 34992 6333 6932  5  1 46 48  0
 0 14   9316 101064  31212 23083584    0    0 16404 28168 5880 5901  7  1 49 44  0
 1 11   9316 102916  31272 23080644    0    0 13322 33806 5590 5323  6  1 39 55  0
 2  7   9316 104676  31348 23072908    0    0 14378 35816 7544 7345  7  2 43 49  0
 1  8   9316 103752  31468 23072828    0    0 18428 26108 9882 11428  8  2 58 32  0
 1 14   9316  99132  31536 23077236    0    0  8354 44020 8999 10225  4  1 57 37  0
 0 17   9316 105376  31600 23068832    0    0  3178 40352 10482 12224  2  1 38 59  0
 0 13   9316 100052  31656 23073060    0    0  3840 53534 11394 13755  4  2 43 52  0
 1  2   9316 102760  31852 23071636    0    0 24346 29862 29419 37590 11  4 42 43  0
 0 22   9316 101552  31956 23069104    0    0 14094 42630 20174 25723  7  3 41 49  0
 3  9   9316  97816  32040 23072336    0    0 10762 52108 11948 12994  6  2 39 53  0
 0 18   9316  98460  32112 23069720    0    0  7690 46728 10953 12724  4  1 36 60  0
 0 17   9316 102536  32188 23068612    0    0 11014 45360 11683 12681  6  2 37 55  0
 0 14   9316 101048  32280 23061512    0    0 13072 42408 14480 16184  6  2 43 49  0
 2 11   9316  98916  32356 23062960    0    0  6150 57030 11346 13293  4  1 58 37  0
 0 16   9316  96924  32416 23063924    0    0  7940 44150 12296 14584  4  1 44 50  0
procs -----------memory---------- ---swap-- -----io---- -system-- -----cpu------
 r  b   swpd   free   buff  cache   si   so    bi    bo   in   cs us sy id wa st
 0  9   9316 102960  32524 23061164    0    0 11274 39202 14095 16605  6  2 37 55  0
 2 17   9316 103760  32692 23056868    0    0 23966 32032 21737 27643 12  4 42 42  0
 1 11   9316 106100  32816 23057192    0    0 20116 37652 10206 11150  9  2 43 46  0
 0 21   9316  96776  32888 23064176    0    0 13456 39970 6623 7237  6  1 47 45  0
 2  9   9316 104876  32972 23054432    0    0 10916 39456 14721 17744  6  2 45 47  0
 0 18   9316 103304  33040 23053000    0    0 12402 40908 8956 9840  6  1 49 44  0
 1  4   9316  97988  33124 23064652    0    0 13120 52202 10312 11596  7  2 46 46  0
 0 21   9316 104380  33232 23056684    0    0 21506 32270 6036 5989  8  1 31 59  0
 0 21   9316  98792  33320 23061688    0    0 11274 45638 7396 8119  6  1 26 66  0
 3  6   9316  97932  33440 23062816    0    0 19198 44368 10826 13221  8  2 36 54  0
 3 14   9316 102056  33600 23059608    0    0 32414 21140 17620 23880 15  3 52 30  0
 0 17   9316 102080  33712 23058320    0    0 16658 38972 8157 8457  7  2 34 57  0
 0 12   9316  98856  33788 23049180    0    0 18710 42414 7338 7462  8  1 37 53  0
 1 10   9316 102708  33856 23046184    0    0 11428 48026 8297 9223  5  1 50 44  0
 0 11   9316 103096  33932 23046772    0    0 16758 41502 9614 11004  7  2 39 52  0
 2  7   9316  97568  34032 23050380    0    0 16470 32074 11478 12670  7  2 52 39  0
 5 16   9316 104124  34108 23043964    0    0 13218 42708 8332 7812  6  1 42 51  0
 0 12   9316 100652  34192 23047872    0    0 18424 36036 7632 8727  8  1 37 54  0
 0 16   9316 100156  34280 23046820    0    0 13710 42628 8976 8616  7  2 40 51  0
 0 16   9316  97468  34372 23042904    0    0 14862 40778 11816 12023  8  2 26 64  0
 3  5   9316  97964  34592 23042752    0    0 30274 23898 23306 27294 15  4 42 40  0
procs -----------memory---------- ---swap-- -----io---- -system-- -----cpu------
 r  b   swpd   free   buff  cache   si   so    bi    bo   in   cs us sy id wa st
 0 19   9316 103552  34652 23036400    0    0 17654 45876 5752 5023  8  1 49 41  0
 0 11   9316 105024  34788 23034168    0    0 28454 25216 9116 9097 13  2 49 36  0
 1 14   9316 103412  34868 23034452    0    0 17484 33046 6484 6054  7  1 39 52  0
 0  4   9316  99692  34944 23041780    0    0 12814 47194 4698 5005  6  1 48 44  0
 2 12   9316  98072  35028 23022200    0    0 15194 45344 8118 7070 10  2 43 45  0
 0 15   9316  98428  35136 23022160    0    0 23118 31030 7552 8654  9  1 40 50  0
 0 23   9316  98080  35200 23020820    0    0 11174 38242 6101 6359  5  1 34 60  0
 0 14   9316  99460  35300 23020280    0    0 14452 51910 10746 11981  5  1 37 57  0
 2  9   9316  96964  35424 23022864    0    0 17834 51924 19071 22792  9  2 45 44  0
 2  5   9316  97444  35596 23022596    0    0 22270 31498 21591 26989 11  3 44 41  0
 0 16   9316 100412  35668 23018192    0    0 11406 37658 7900 9200  5  1 39 55  0
 0 14   9316  98908  35808 22998620    0    0 21322 45702 16709 18341 10  2 39 49  0
 0 15   9316 103324  35936 22992044    0    0 15032 50910 15310 18140  6  2 39 53  0
 0 16   9316  99860  36028 22997408    0    0 19190 46582 11457 12933  8  2 31 59  0
 2 17   9316 104696  36136 22990708    0    0 15890 65866 15045 16156  5  2 26 68  0
 0 21   9316 100984  36220 22996196    0    0 13224 38360 8774 8845  7  1 23 69  0
 7  4   9316  99124  36292 22999668    0    0  8612 33316 8076 9597  4  1 26 68  0
 0 22   9316 100744  36368 22996840    0    0 14298 29608 12285 13941  7  2 24 67  0
 3 18   9316 100720  36540 22996924    0    0 21616 37236 25984 32820 11  4 37 48  0
 0 25   9316  97612  36672 22991328    0    0 18192 58330 16119 18965  9  3 26 62  0
 0 15   9316 104540  36820 22986344    0    0 17300 43212 20135 25173  9  3 37 51  0
procs -----------memory---------- ---swap-- -----io---- -system-- -----cpu------
 r  b   swpd   free   buff  cache   si   so    bi    bo   in   cs us sy id wa st
 1 10   9316 100448  36928 22987508    0    0  9736 60884 12088 14671  3  2 32 64  0
 2 17   9316  99852  37032 22986648    0    0 10588 45012 12454 14569  6  2 20 72  0
 0 31   9316 101340  37064 22982972    0    0  3592 30796 7223 7493  2  1 24 73  0
 0 25   9316  96448  37196 22990920    0    0 14812 58120 17044 20228  7  2 30 61  0
 0 32   9316 102896  37280 22983176    0    0  6718 33254 13530 14537  7  2 22 69  0
 2  5   9316 101276  37448 22985216    0    0 19292 44454 17949 23242  8  2 32 58  0
 0 27   9316  99540  37552 22982340    0    0  8330 37498 18368 23075  5  2 42 50  0
 1 20   9316  97548  37684 22983428    0    0 16504 42484 16313 17274  8  2 31 59  0
 0 18   9316 103780  37796 22978220    0    0 10250 44462 16720 20866  6  2 31 61  0
 0 25   9316 104052  37916 22976768    0    0 11120 50374 16955 20909  7  2 35 56  0
 0 29   9316 101208  37972 22978788    0    0 10662 45038 11703 14002  5  2 27 66  0
 4 20   9316 100976  38036 22976780    0    0 11530 44502 9286 10488  5  1 26 67  0
 3  5   9316 102068  38168 22980100    0    0 16142 59458 18873 22363  9  3 30 58  0
 1  6   9316 100148  38296 22982892    0    0  9202 26018 16662 19352  6  2 31 61  0
 0 21   9316 102848  38468 22976352    0    0 24456 32850 19468 22629  9  2 33 55  0
 0 21   9316 104172  38584 22975192    0    0 16652 50230 17820 20172  8  2 26 64  0
 0 21   9316  96708  38740 22973412    0    0 14352 38572 19819 22259  9  2 38 51  0
 0 20   9316 100080  38864 22970160    0    0 16528 71178 18946 20797  5  2 25 68  0
 0 24   9316 104924  38952 22964252    0    0 10508 50418 12519 14065  5  2 33 60  0
 6  7   9316  96872  39032 22971760    0    0 10018 53656 12817 14340  5  2 43 50  0
 5  3   9316  99848  39148 22972756    0    0 13170 40202 19063 22527  7  2 39 51  0
procs -----------memory---------- ---swap-- -----io---- -system-- -----cpu------
 r  b   swpd   free   buff  cache   si   so    bi    bo   in   cs us sy id wa st
 2 10   9316 104576  39272 22967160    0    0 13228 43502 17988 20712  7  2 34 57  0
 0 26   9316  97980  39428 22973440    0    0 15992 17846 25985 33856  9  3 49 39  0
 5 12   9316  99856  39500 22971396    0    0 12812 77682 13763 13721  6  2 34 59  0
 5 12   9316 100088  39636 22969588    0    0 12306 39474 16209 18661  6  2 37 54  0
 0 17   9316  99228  39780 22962420    0    0 24344 31900 18261 19906 11  3 43 42  0
 0 18   9316 100332  39920 22963572    0    0 13068 55628 16512 19730  8  2 41 48  0
 0 21   9316  97480  40000 22961820    0    0  9868 41304 10992 11839  5  2 37 57  0
 0 24   9316  98208  40056 22959520    0    0  8710 46798 9448 10165  4  2 30 64  0
 0 22   9316  97596  40172 22958908    0    0 11278 47424 12925 14941  6  2 45 46  0
 4  6   9316  98324  40320 22960008    0    0 11430 44356 20413 26259  6  3 41 49  0
 0 21   9316 103200  40448 22953736    0    0 15356 36550 18550 21692  8  3 44 45  0
 0 26   9316  96224  40492 22959892    0    0  4100 38558 8212 8875  3  1 32 64  0
 2  2   9316 103928  40648 22955504    0    0 10122 65346 25637 31581  7  4 47 42  0
 4  5   9316  98272  40776 22958120    0    0 12556 52360 23466 29508  8  3 40 49  0
 0 23   9316  98488  40888 22956428    0    0 16532 33364 14360 15275  8  2 34 56  0
 1 19   9316  99976  40996 22956152    0    0 14606 39928 14287 16495  7  2 33 58  0
 0 24   9316  99472  41096 22953976    0    0 11666 45336 10532 11674  6  2 32 61  0
 8  6   9316  98380  41228 22961468    0    0 16654 36438 16576 19964  9  3 34 54  0
 7  7   9316 100148  41352 22957520    0    0 23090 29628 14713 17375 12  3 35 51  0
 2 19   9316 103512  41556 22955816    0    0 22936 11558 32350 40833 12  4 40 44  0
 2 14   9316 104636  41676 22947504    0    0 15992 68422 16080 17340 10  2 37 52  0
procs -----------memory---------- ---swap-- -----io---- -system-- -----cpu------
 r  b   swpd   free   buff  cache   si   so    bi    bo   in   cs us sy id wa st
 3 16   9316  96832  41784 22955264    0    0 16468 28152 12411 13763  8  2 35 55  0
 0 15   9316  99600  41868 22955184    0    0 14706 25970 9721 10187  7  2 34 58  0
 0 20   9316  99856  42024 22954136    0    0 31088 30146 12914 13187 13  2 40 45  0
 3  3   9316 101088  42132 22954468    0    0 16586 39076 17932 21667  9  2 47 41  0
 0 15   9316  97500  42268 22958312    0    0 21172 40104 15166 15307 10  2 51 37  0
 0 16   9316  98716  42368 22938824    0    0 15994 40228 8560 7090  8  1 45 45  0
 4  7   9316  97360  42528 22939844    0    0 23246 46266 17775 19428 11  3 48 38  0
 6  7   9316 102460  42672 22940032    0    0 22246 20382 16143 17955 11  3 44 42  0
 7  6   9316  98516  42856 22938988    0    0 34392 13470 13825 16479 14  3 43 40  0
 6  7   9316 102268  42920 22930900    0    0 12640 26602 5470 5371  6  1 35 59  0
 0 20   9316  99352  42980 22932524    0    0 11022 40672 6941 6964  6  1 37 56  0
 0  9   9316  99740  43116 22907144    0    0 25442 38624 16152 15838 14  3 42 41  0
 2  6   9316 101964  43236 22906980    0    0 17656 25626 14376 16807  9  2 39 50  0
 0 17   9316  97028  43372 22911024    0    0 25974 31554 10575 11357 10  2 40 48  0
 3  6   9316  99996  43468 22907352    0    0 18856 32276 10911 12460  9  2 42 47  0
 0 16   9316 101616  43640 22908572    0    0 29858 27048 18136 20508 13  3 54 30  0
 3 13   9316  96664  43720 22895188    0    0 19984 42856 9471 7280 10  2 32 57  0
 6 12   9316  97532  43820 22894160    0    0 17914 38970 11483 10392  8  2 39 51  0
 5  8   9316  99740  44004 22894432    0    0 28652 26402 14732 14514 14  3 39 44  0
 2  5   9316 102360  44132 22889908    0    0 24788 32364 13911 14869 11  2 41 46  0
 1  4   9316 104352  44344 22888448    0    0 41892     0 25218 29269 19  4 51 26  0
procs -----------memory---------- ---swap-- -----io---- -system-- -----cpu------
 r  b   swpd   free   buff  cache   si   so    bi    bo   in   cs us sy id wa st
 0 14   9316  96820  44528 22885976    0    0 35546     0 15302 18099 16  3 51 31  0
 3 10   9316  98160  44640 22883424    0    0 29038 35320 7923 7674 12  2 42 44  0
12  1   9316 136980  44824 22843704    0    0 34080 30674 14578 17470 15  5 43 36  0
 4  7   9316 103120  45088 22862236    0    0 37214 20200 24403 27053 20  9 42 29  0
 2 11   9316  97624  45256 22867272    0    0 32318  9940 10837 12389 13  2 52 32  0
 1  8   9316  99136  45440 22865908    0    0 23018 26722 14213 17250 12  3 53 33  0
 2  8   9316 103320  45556 22858528    0    0 11378 34398 14550 18352  6  2 56 36  0
 0 13   9316 104080  45676 22857332    0    0 24502 22372 9167 10670 10  2 36 53  0
 6 16   9316  98856  45900 22852688    0    0 39468 27942 17919 20241 18  4 36 43  0
 7  9   9316  99300  45952 22850348    0    0 10736 47706 7776 8972  5  1 41 53  0
 6  5   9316 104756  46140 22847600    0    0 29138 18040 14680 16123 15  3 36 46  0
 1 15   9316 100820  46320 22849832    0    0 40572  6402 14813 18174 17  3 39 41  0
 3  6   9316 103316  46440 22823768    0    0 19908 32352 12898 11934 11  2 52 35  0
 2  4   9316 102628  46588 22824760    0    0 26278 45824 11812 11930 11  2 47 40  0
 3  9   9316 100256  46740 22825936    0    0 25354 21062 9599 9626 12  2 44 41  0
 3 12   9316  96900  46880 22828184    0    0 39820 12872 10668 9203 17  2 38 43  0
 0  8   9316 105300  47084 22808684    0    0 30582 16914 14885 15002 15  3 38 44  0
 2 15   9316 100472  47224 22815804    0    0 37080 18874 13305 13081 15  3 52 30  0
 0 10   9316 105184  47384 22809080    0    0 30656 30564 11370 9667 13  2 47 38  0
 2 18   9316  97232  47528 22818528    0    0 31232 20162 16659 16166 16  3 43 38  0
 2  8   9316 105044  47652 22795592    0    0 24734 33856 12288 12877 10  2 43 45  0
procs -----------memory---------- ---swap-- -----io---- -system-- -----cpu------
 r  b   swpd   free   buff  cache   si   so    bi    bo   in   cs us sy id wa st
 2 14   9316 104408  47788 22795800    0    0 25438 48412 13675 14281  9  2 39 51  0
 1 14   9316  98192  47888 22800404    0    0 19734 42614 8237 7999  8  2 38 52  0
 0 18   9316 103508  48048 22794744    0    0 19538 31868 12678 12392 10  2 48 41  0
 0 13   9316  97060  48312 22800176    0    0 16872 13510 9219 9855  7  2 42 50  0
 0 19   9316  97540  48560 22800164    0    0  8798 46852 9599 11209  4  1 30 65  0
 6  9   9316  97788  48824 22798076    0    0  7170 21702 11307 12578  4  1 43 51  0
 5  5   9316  98920  49060 22790140    0    0 36790     4 17595 17702 17  3 51 29  0
 4 12   9316 103508  49136 22785852    0    0 11274 40966 9107 9521  6  2 44 48  0
 0 18   9316 102508  49224 22783604    0    0 17534 13780 10588 11981  8  1 40 50  0
 0 14   9316  99540  49264 22788836    0    0  6662 42198 8087 9402  3  1 43 53  0
 1 21   9316  96928  49348 22789592    0    0 11044 41028 10317 10545  5  1 49 45  0
 3  9   9316  97796  49452 22788712    0    0 10762 33342 13115 16577  6  2 43 49  0
 2  3   9316 103236  49560 22785664    0    0 15742 45238 18536 23508  8  3 49 40  0
 0 10   9316  97720  49704 22784280    0    0 11250 44916 19112 22876  9  2 48 41  0
11  3   9316  98176  49856 22787748    0    0 24634 26700 15958 18549 10  2 46 41  0
 1  3   9316  99416  49980 22785628    0    0 25884 22710 12212 14061 12  2 44 41  0
 0 13   9316  99044  50100 22785416    0    0 19602 47192 18823 22191 10  3 55 33  0
 3  6   9316  99448  50236 22785836    0    0 20256 25474 14388 15793  9  2 45 44  0
 2 10   9316  97092  50344 22784764    0    0 17608 36464 7743 7294  9  1 38 52  0
 2  6   9316 106904  50488 22765356    0    0 36850 11254 11529 10842 16  2 43 39  0
 0 12   9316  95852  50592 22776924    0    0 18632 45174 6808 7011  9  1 44 45  0
procs -----------memory---------- ---swap-- -----io---- -system-- -----cpu------
 r  b   swpd   free   buff  cache   si   so    bi    bo   in   cs us sy id wa st
 4  8   9316  97984  50796 22778844    0    0 41614 12404 17280 20327 16  3 50 31  0
 0 16   9316 105920  50880 22767404    0    0 19326 39634 6344 6718  8  1 39 52  0
 0 12   9316 101084  50948 22752164    0    0 16144 20440 6972 5768  8  1 38 53  0
 0  6   9316 102316  51040 22748624    0    0 16272 39940 7082 7610  8  1 53 38  0
 3 19   9316 100216  51136 22753516    0    0 17840 28638 7384 7537  9  1 47 43  0
 0  7   9316  99356  51260 22752636    0    0 22808 40028 8578 9581  9  2 41 48  0
 1  8   9316 103332  51296 22750472    0    0 12402 12604 4236 4184  5  1 33 61  0
 4  5   9316 102084  51376 22752064    0    0 13454 44178 9494 10254  7  1 40 51  0
 0  5   9316 102208  51448 22752852    0    0 13202 32450 6754 6673  5  1 47 46  0
 3  4   9316  99224  51544 22755032    0    0 15124 13820 6939 7325  7  1 50 43  0
 1  5   9316  99604  51656 22745476    0    0 23982 30536 11529 10756 11  2 60 27  0
 3  7   9316  99308  51776 22747004    0    0 15614 34098 8175 8369  7  1 50 41  0
 0 16   9316 103400  51872 22742312    0    0 16144 12216 10456 10214  7  2 43 48  0
 0 21   9316  99184  52004 22744060    0    0 22600 33988 16753 16260 10  2 54 34  0
 1  4   9316  98564  52192 22743652    0    0 27806 48376 25914 31358 13  4 52 31  0
 2  3   9316 103780  52336 22715648    0    0 20860 36682 23792 25092 11  3 62 24  0
 2  3   9316 105276  52520 22714380    0    0 16786 44614 28832 35162 10  3 71 16  0
 3  7   9316 103236  52664 22716576    0    0 15480 13038 20228 24006  7  3 59 31  0
 2  5   9316  98060  52916 22720840    0    0 27682 51272 27872 33460 14  4 54 27  0
 4 12   9316  99456  52992 22717016    0    0 11580 47498 9537 9485  6  1 50 44  0
 0 16   9316 106036  53136 22711644    0    0 16786 37744 18697 21667  9  3 53 35  0
procs -----------memory---------- ---swap-- -----io---- -system-- -----cpu------
 r  b   swpd   free   buff  cache   si   so    bi    bo   in   cs us sy id wa st
 4 18   9316 105796  53216 22711784    0    0 16864 39438 9181 9054  7  2 41 50  0
 0 12   9316 101332  53308 22709972    0    0 15782 38266 10888 11531  8  2 53 37  0
 3 10   9316 106920  53416 22703844    0    0 17576 42742 10744 11016  8  2 47 43  0
 0 16   9316 104896  53524 22706528    0    0 21226 18884 10477 10918  9  2 47 42  0
 0 12   9316  98820  53632 22713424    0    0 13218 12494 11555 12336  8  2 51 39  0
 3  4   9316 102680  53728 22708132    0    0 23808 39724 7615 7721  9  1 42 48  0
 1 10   9316 102176  53904 22709788    0    0 15196 14186 24074 31097  9  3 54 34  0
 5 10   9316 102516  54024 22709520    0    0 17662 42782 10441 12350  7  2 46 45  0
 1 14   9316 100896  54120 22704420    0    0 15584 32884 13313 14044  7  2 37 53  0
 1  8   9316 104004  54216 22699548    0    0 15884 22120 10167 11051  7  2 44 48  0
 0 13   9316  96448  54312 22707340    0    0 16020 30320 9122 9182  7  2 37 54  0
 4 13   9316 100556  54412 22700256    0    0 15760 34190 10261 10400  8  2 46 44  0
 1 20   9316  97580  54480 22703788    0    0  9740 14526 8513 10091  4  1 42 53  0
 1  8   9316  99720  54628 22703520    0    0 20376 49006 16083 19471  9  3 49 39  0
 1 12   9316  96844  54724 22706468    0    0 12322 45178 11774 12751  7  2 45 46  0
 0 18   9316  99820  54852 22690364    0    0 17816 19082 13861 12758  9  2 49 40  0
 2 13   9316 106492  54972 22679284    0    0 14510 50706 10226 10992  7  2 45 46  0
 0 17   9316 104616  55160 22680340    0    0 21500 24104 25971 31750 12  4 46 39  0
 4 14   9316 101524  55284 22680400    0    0 20500 38574 15298 17232  9  2 35 54  0
 0 19   9316 100896  55448 22682756    0    0 25510 22462 19525 23011 11  2 28 58  0
 1 13   9316  97300  55516 22687572    0    0 10890 45512 10305 11582  6  2 39 54  0
procs -----------memory---------- ---swap-- -----io---- -system-- -----cpu------
 r  b   swpd   free   buff  cache   si   so    bi    bo   in   cs us sy id wa st
 0 16   9316 103004  55688 22672716    0    0 27010 25138 22150 25288 14  3 47 36  0
 0 15   9316  97432  55812 22674632    0    0 18196 36708 15057 16214  9  2 42 47  0
 2  6   9316 101524  55892 22673416    0    0 11940 18366 12536 14012  6  2 45 47  0
 4  9   9316 103228  56104 22670976    0    0 30626 50882 19528 21007 14  3 47 36  0
 0 18   9316 100284  56196 22676256    0    0 19634 12156 9039 9154  8  1 44 46  0
 1 12   9316  99416  56316 22675728    0    0 29318 33146 9770 10048 12  2 44 42  0
 0 14   9316  98192  56436 22658372    0    0 23338 37342 11782 9827 11  2 45 42  0
 0 17   9316  99408  56496 22656872    0    0 13580 13474 5858 5925  6  1 40 53  0
 0 13   9316 105836  56624 22650148    0    0 19836 58410 10587 10748  9  2 45 44  0
 0 15   9316  97464  56720 22659732    0    0  8332 51306 12633 14912  4  1 44 50  0
 5  7   9316  98000  56832 22658944    0    0 13066 38644 17777 21936  7  2 43 48  0
 0 17   9316 100340  56908 22654008    0    0 13864 48576 8007 8791  7  1 47 45  0
 0  9   9316 102076  57000 22650192    0    0 10892 18862 10465 14122  6  2 41 52  0
 0 17   9316 102556  57124 22645788    0    0 17786 54826 16787 20028  9  3 30 59  0
 6  6   9316 102828  57240 22645420    0    0 16920 44768 12236 13836  8  3 43 46  0
 3  8   9316  98612  57368 22648604    0    0 11644 28202 8748 10772  6  2 38 55  0
 1 18   9316  99200  57540 22646284    0    0 19160 13504 8058 8619  7  1 38 54  0
 0 20   9316 103128  57752 22643836    0    0 22458 20678 8577 8557 10  2 28 60  0
 0 20   9316 101576  57888 22646400    0    0 11958 19548 6339 6854  5  1 41 53  0
 3 11   9316  98740  58044 22646024    0    0 24686 26152 13551 15507 11  2 43 43  0
 1 22   9316  99268  58164 22636796    0    0 20190 25130 13677 13983 11  2 37 50  0
procs -----------memory---------- ---swap-- -----io---- -system-- -----cpu------
 r  b   swpd   free   buff  cache   si   so    bi    bo   in   cs us sy id wa st
 6  5   9316 100964  58328 22635604    0    0 22994 49438 19530 24014 10  3 35 52  0
 0 13   9316  98816  58420 22640548    0    0 12172 38698 11956 15871  7  2 32 59  0
 2 14   9316 103436  58600 22632768    0    0 27166 32346 15244 17779 12  2 40 46  0
 2 14   9316  97104  58688 22639256    0    0 15912 41504 10672 12286  7  2 35 56  0
 7  7   9316 103552  58840 22633860    0    0 23322 25942 16337 19609 11  3 39 47  0
 1 16   9316 101808  58920 22614120    0    0 14988 30084 8851 8311  8  2 31 59  0
 3 13   9316  97856  59068 22619776    0    0 19530 44080 13661 16509  9  3 38 50  0
 0 22   9316  96816  59196 22618168    0    0 24940 27772 8413 7953 10  2 40 49  0
 1 19   9316  96592  59304 22615624    0    0 15888 36110 12935 15363  7  2 41 50  0
 0 18   9316  98436  59436 22613688    0    0 19636 27394 16540 19930 10  3 30 58  0
 0 22   9316  99824  59488 22613288    0    0  9582 25116 5635 5780  4  1 32 63  0
 2  8   9316 100212  59640 22604004    0    0 26394 26488 14567 16742 12  3 37 48  0
 8 17   9316  98484  59708 22606424    0    0 10764 36560 8471 9203  5  1 43 50  0
 0 19   9316  98484  59880 22601512    0    0 17578 51036 27343 36395  9  4 43 44  0
 1 12   9316  98376  60012 22605296    0    0 12402 51810 20842 26929  7  3 42 49  0
 0 23   9316  96400  60048 22605860    0    0  3846 29278 5422 6135  2  1 35 62  0
 0 15   9316 101484  60192 22599312    0    0 14656 55838 20687 24353  9  3 41 47  0
 3 13   9316 103212  60312 22599812    0    0 20066 38406 14444 15439  9  2 48 40  0
 0 16   9316 101104  60420 22599848    0    0 19604 30314 12516 13097  9  2 39 50  0
 0 20   9316 104700  60488 22597148    0    0 11274 32918 9713 10153  6  2 28 65  0
 2 11   9316 100664  60624 22594868    0    0 21292 60008 12978 13403  9  2 41 49  0
procs -----------memory---------- ---swap-- -----io---- -system-- -----cpu------
 r  b   swpd   free   buff  cache   si   so    bi    bo   in   cs us sy id wa st
 0 19   9316  97640  60796 22596568    0    0 25406 22920 11788 13370 11  2 34 53  0
 4 12   9316 101896  60960 22596564    0    0 28292 25900 13372 14697 13  2 46 39  0
 4 14   9316  96812  61004 22597928    0    0 14308 24546 4637 4108  7  1 34 58  0
 3  8   9316  96480  61148 22596112    0    0 24554 40968 12265 11751 12  2 45 41  0
 1 20   9316 103788  61196 22579188    0    0 12296 33176 5748 4656  6  1 28 65  0
 0 13   9316 104400  61312 22581772    0    0 18194 31760 8951 8474  9  2 31 58  0
 0 19   9316 100788  61432 22582996    0    0 19222 36464 12122 13078  9  2 48 41  0
 0 15   9316 103748  61580 22580308    0    0 24854 50252 11402 11897  8  2 38 52  0
 2  9   9316 100408  61656 22584088    0    0 12564 52506 7256 7594  5  1 31 63  0
 0  8   9316 101044  61732 22581260    0    0 17552 14048 7354 7546  8  1 39 52  0
 0 11   9316  98796  61848 22586476    0    0 21526 37124 11378 11915 10  2 46 42  0
 1  7   9316  97540  61940 22565028    0    0 13938 60354 11084 8568  8  2 43 48  0
 0 13   9316  99152  62000 22565988    0    0 12460 10156 5666 6082  4  1 43 51  0
 1 10   9316 104548  62116 22559764    0    0 17940 40920 10898 12742  8  2 39 51  0
 0 11   9316  98348  62288 22564396    0    0 26162 45216 16142 19889 12  3 43 42  0
 0 14   9316 102564  62376 22560308    0    0 18298 33588 8854 9305  8  2 41 50  0
 3  8   9316  96852  62488 22565576    0    0 17558 36950 12999 15163  8  2 43 47  0
 0 17   9316 103656  62548 22558800    0    0 11274 32522 8531 9081  5  1 40 54  0
 2 10   9316 102292  62644 22550052    0    0 18068 35918 8511 7963  8  2 47 43  0
 0 16   9316 101052  62736 22553516    0    0 16454 25762 7876 8823  8  2 42 48  0
 1 16   9316 102532  62792 22549460    0    0 11736 40940 6412 7603  4  1 32 63  0
procs -----------memory---------- ---swap-- -----io---- -system-- -----cpu------
 r  b   swpd   free   buff  cache   si   so    bi    bo   in   cs us sy id wa st
 0 11   9316  99680  62852 22557424    0    0 13586 58310 15638 19266  7  2 32 58  0
 5  7   9316 102540  62932 22552556    0    0 14732 29546 9511 9343  7  2 37 54  0
 3 14   9316  99464  63000 22552872    0    0 12946 37870 6735 6363  6  1 32 61  0
 0 17   9316 103752  63092 22550468    0    0 11788 39464 13421 13985  6  2 37 56  0
 3 15   9316  98536  63228 22556764    0    0 18868 58028 15835 17246 10  2 32 56  0
 2 12   9316  99412  63320 22546544    0    0 17934 14476 10590 11394  9  2 41 49  0
 0 15   9316 102528  63440 22543952    0    0 21758 58784 11837 14100 10  2 31 57  0
 4 17   9316  98064  63540 22543020    0    0 23350 24802 7161 7957 10  1 34 54  0
 0 22   9316  97552  63616 22545512    0    0 12554 19288 6328 6622  7  2 33 58  0
 0 16   9316  99924  63540 22541876    0    0 17552 51434 6426 7236  7  1 34 57  0
 0 15   9316 100520  63560 22542956    0    0 14278 38610 16065 19146  7  3 46 44  0
 4  8   9316 105232  63648 22521580    0    0 15864 36962 7802 7984  7  1 30 62  0
 1  6   9316 103812  63776 22523440    0    0 19838 46214 8268 10249  8  2 47 43  0
 0 14   9316 101984  63884 22523292    0    0 19602 34080 11682 14316  9  3 51 38  0
 0 16   9316 102000  63980 22524140    0    0 17556 32936 7622 9113  8  1 36 55  0
 0 14   9316 103580  64140 22521980    0    0 23070 25260 12510 15206 11  2 42 45  0
 0 19   9316 100836  64224 22525052    0    0 17684 45138 8337 9026  9  1 29 61  0
 3 14   9316 103836  64212 22510104    0    0 21554 24948 13994 16058 11  3 37 49  0
 7 10   9316  96768  64292 22516172    0    0 18708 33026 7832 8811  8  1 43 48  0
 0 16   9316 105076  64384 22504300    0    0 15822 21312 10936 14030  9  2 40 50  0
 3 22   9316 104796  64464 22502276    0    0 16110 44712 9208 10799  7  2 34 57  0
procs -----------memory---------- ---swap-- -----io---- -system-- -----cpu------
 r  b   swpd   free   buff  cache   si   so    bi    bo   in   cs us sy id wa st
 3 15   9316  99652  64568 22508940    0    0 15274 38978 8447 9812  6  2 26 66  0
 0 18   9316  99272  64720 22511888    0    0 19448 32294 18500 26411 12  4 37 47  0
 0 10   9316 100544  64796 22512972    0    0 13280 46192 6323 8747  5  1 42 52  0
 0 10   9316 102892  64924 22508404    0    0 18194 37740 11158 14694  7  2 55 36  0
 3  8   9316  97832  64960 22498468    0    0  8792 27772 5626 5122  5  1 48 47  0
 2  5   9316  99280  65116 22494916    0    0 19166 47280 17363 23629 10 14 43 33  0
 3 11   9316 102388  65256 22492232    0    0 20018 15790 9657 12123  9  2 38 51  0
 0  6   9316 101652  65392 22490940    0    0 20706 19134 14389 20015 10  2 34 54  0
 0 14   9316 103520  65576 22491880    0    0 11632 38148 22047 30416  9  3 44 43  0
 0 12   9316  99560  65792 22485268    0    0 43598 66554 24331 26995 13  3 37 47  0
 0 12   9316 100428  65872 22485896    0    0 16266 13794 10315 13123  8  2 38 52  0
 2 11   9316 101800  65988 22481020    0    0 17324 57696 14020 17303  8  2 39 50  0
 4  7   9316 102536  66112 22479992    0    0 19584 32734 10128 10957  8  2 45 45  0
 0 14   9316 103528  66156 22480224    0    0  9996 19922 4243 3468  4  1 47 48  0
 0 15   9316 104752  66252 22478092    0    0 16042 37916 5341 5298  7  1 40 51  0
 1 12   9316  98660  66384 22483392    0    0 20226 54446 11090 12624  9  2 35 54  0
 0 19   9316 103484  66512 22471488    0    0 16964 41418 14279 15528  9  2 31 57  0
 1 10   9316  97912  66640 22479356    0    0 16018 32722 15403 18628  8  3 51 38  0
 4  7   9316 100988  66744 22476612    0    0 19046 32600 9089 10334  8  2 44 47  0
 2  7   9316 102368  66892 22472896    0    0 21748 31772 13338 13790 10  3 46 41  0
 0 13   9316  97796  66944 22479676    0    0 12402 13746 4010 4298  4  1 47 48  0
procs -----------memory---------- ---swap-- -----io---- -system-- -----cpu------
 r  b   swpd   free   buff  cache   si   so    bi    bo   in   cs us sy id wa st
 0  8   9316  96888  67056 22477224    0    0 20144 39882 8023 8596  9  1 35 55  0
 0 22   9316 101596  67148 22475356    0    0 15812 16308 6945 7031  7  1 49 43  0
 0 10   9316 104448  67240 22459604    0    0 18122 49286 11983 12191  8  2 47 44  0
 2  8   9316  98496  67316 22463788    0    0 15376 39466 8306 7690  7  1 51 41  0
 0 15   9316  98264  67408 22467748    0    0 20370 22446 7496 6565  9  1 56 34  0
 4  9   9316 102960  67460 22460668    0    0 10916 34636 4317 3805  4  1 31 64  0
 0 11   9316 101744  67560 22462712    0    0 18040 29976 9930 10088  8  2 40 51  0
 0 17   9316  99000  67624 22466276    0    0  6198 33288 5370 5569  3  1 44 52  0
 2 10   9316  98124  67716 22466996    0    0 16738 29230 9223 9629  8  2 41 50  0
 0 16   9316 100684  67780 22465012    0    0  9224 32794 10970 12670  5  1 46 48  0
 2  9   9316 100812  67892 22454220    0    0 12050 42916 10490 10954  6  2 44 49  0
 0 11   9316 103656  67952 22449588    0    0  8588  6298 5140 6142  3  1 32 64  0
 0 19   9316  99324  68060 22453092    0    0 13502 52648 16136 20417  7  3 49 41  0
 1 12   9316 102068  68172 22449496    0    0 20582 33370 11423 13543  9  2 38 51  0
 0 10   9316  99504  68304 22452972    0    0 14250 26568 17965 22478  9  3 53 36  0
 3  6   9316 100596  68436 22450368    0    0 27652 42730 12108 14498 11  2 49 38  0
 3 12   9316 102208  68572 22449204    0    0 24212 19368 11356 13863 11  2 44 43  0
 0 10   9316 104696  68728 22429552    0    0 26144 44034 15362 16173 13  2 42 43  0
 0 13   9316 105440  68848 22428248    0    0 21812 33176 9624 11177  9  2 47 42  0
 0 12   9316  96668  68916 22439080    0    0  9844 19642 7375 7929  4  1 43 52  0
 0 16   9316 102596  69064 22431600    0    0 27724 51886 9976 10348 15  2 43 40  0
procs -----------memory---------- ---swap-- -----io---- -system-- -----cpu------
 r  b   swpd   free   buff  cache   si   so    bi    bo   in   cs us sy id wa st
10  4   9316 105200  69116 22427132    0    0 15588 31406 3796 3671  6  1 39 54  0
 6 10   9316 103720  69284 22413548    0    0 35136 26140 11308 9201 16  2 43 38  0
 6  8   9316 101860  69392 22416036    0    0 24834 26202 8001 7863 10  2 30 58  0
 3  8   9316  99736  69496 22416820    0    0 19604 38090 7883 9138  9  2 27 62  0
 0 17   9316  98496  69560 22416540    0    0 12456  7966 4890 5399  5  1 28 67  0
 0 16   9316 102976  69688 22414696    0    0 22916 35036 12911 15355 11  2 36 51  0
 0 11   9316 100984  69808 22415532    0    0 23882 21944 7030 6433 11  2 31 56  0
 0 20   9316 105200  69836 22392504    0    0  7688 35080 4973 3508  5  1 46 48  0
 2  8   9316 106068  69944 22393012    0    0 27242 13256 6323 7304 10  2 33 56  0
 2  9   9316  99288  70028 22398096    0    0 15910 43148 5889 6288  8  2 39 52  0
 1  5   9316  98032  70192 22401300    0    0 32440  6716 10812 12313 14  3 47 36  0
 3 15   9316 102876  70268 22395384    0    0 19532 35808 5658 6366  8  1 47 44  0
 0  3   9316 106100  70316 22396672    0    0  7454 32704 11712 14063  4  2 47 48  0
 0 15   9316 103480  70408 22382592    0    0 20166 15834 11982 12721 11  2 47 39  0
 1 16   9316 101876  70516 22383848    0    0 19454 45350 8926 9547  7  1 39 52  0
 7  3   9316 104108  70660 22381800    0    0 24832 49346 10345 10873 11  2 45 42  0
 0  6   9316 102644  70772 22383428    0    0 19970 26634 10329 10906 11  2 42 45  0
 0 11   9316  96436  70900 22390816    0    0 26174 37592 10614 11726 10  2 49 38  0
 1 18   9316  97412  71032 22378696    0    0 23830 18780 10696 9754 13  2 44 41  0
 0 19   9316  99016  71144 22377108    0    0 28602 25514 7356 7049 10  1 42 46  0
 3  6   9316 102752  71280 22369940    0    0 36906 41278 7030 7313 15  2 34 49  0
procs -----------memory---------- ---swap-- -----io---- -system-- -----cpu------
 r  b   swpd   free   buff  cache   si   so    bi    bo   in   cs us sy id wa st
 8  2   9316  98404  71364 22375272    0    0 16008 18744 5058 4866  7  1 40 53  0
 0 14   9316 103356  71504 22371836    0    0 25630 19554 8601 8800 12  2 38 48  0
 2  2   9316  97428  71616 22353060    0    0 31770 38222 10326 7328 15  2 46 37  0
 0 11   9316 104372  71724 22349344    0    0 16146 20700 7261 6853  8  2 62 29  0
 0 20   9316 102140  71832 22348832    0    0 25248 25750 5737 5929 14  2 39 45  0
 2 15   9316 102512  71968 22348224    0    0 32204 23808 9937 9247 14  2 47 37  0
 0 18   9316 106768  72028 22344152    0    0 15374 28634 7227 7058  8  1 52 39  0
 0 13   9316  99204  72124 22347344    0    0 22016 33456 7066 5323  9  1 48 42  0
 2 11   9316  97640  72228 22349584    0    0 29134 36086 6656 6762 10  1 46 43  0
 1 11   9316 100120  72300 22347312    0    0 16862 21162 8555 8999  8  2 37 53  0
 3 11   9316 100344  72360 22345008    0    0 16144 32428 3622 3546  7  1 49 43  0
 1  6   9316 100748  72464 22347088    0    0 24484 22538 6983 6527 11  2 53 35  0
 8  7   9316 104228  72492 22336572    0    0 16912 22544 5972 5388  9  2 44 46  0
 5  3   9316  97308  72540 22344380    0    0 15884 37542 4530 4548  7  1 53 40  0
 5  7   9316 103260  72616 22335976    0    0 15632 19054 6045 6083  7  1 35 57  0
 3  5   9316 105616  72676 22334568    0    0 14218 32454 4834 4960  7  1 52 40  0
 0  3   9316  97760  72760 22344112    0    0  9360 39338 6440 6738  6  2 59 33  0
 0  2   9316 104592  72784 22337900    0    0  3078 56684 2883 2762  1  1 84 14  0
 0  3   9316 104508  72788 22339484    0    0  2050 44218 2103 1525  1  0 85 13  0
 0  2   9316 103796  72800 22340376    0    0  2048 51574 2513 2333  1  0 84 15  0
 0  2   9316 101556  72820 22342528    0    0  2050 61082 1805 1465  1  0 85 14  0
procs -----------memory---------- ---swap-- -----io---- -system-- -----cpu------
 r  b   swpd   free   buff  cache   si   so    bi    bo   in   cs us sy id wa st
 0  2   9316 106060  72828 22339188    0    0  1026 53990 1763 1414  1  0 90  9  0
 0  2   9316 103008  72832 22343284    0    0  1026 53796 1301 1026  1  0 90  9  0
 1  2   9316 100164  72844 22347256    0    0  2050 50696 1917 1667  1  0 83 16  0
 0  2   9316  99628  72852 22349772    0    0  1536 32604 1920 1644  1  0 83 16  0
 0  2   9316 100372  72864 22346924    0    0  2050 62688 1514 1160  1  0 82 17  0
 0  2   9316 104536  72868 22343400    0    0   826 53676 1432 1247  1  0 83 16  0
 0  2   9316  98836  72876 22349424    0    0  1026 52530 1601 1178  1  0 82 17  0
 0  2   9316 102620  72888 22345236    0    0  1152 53004 2001 1793  1  0 82 16  0
 0  2   9316  98280  72888 22350380    0    0  1024 58714 1550 1149  1  0 82 17  0
 0  2   9316  98036  72912 22350116    0    0  1156 48910 2183 1407  1  0 83 16  0
 0  2   9316 100516  72920 22347308    0    0   514 60180 1620 1251  0  0 82 17  0
 0  2   9316 103432  72924 22345828    0    0   512 65436 1811 1262  1  0 83 16  0
 0  2   9316  98484  72924 22351020    0    0   256 47304 1668 1248  0  0 83 16  0
 0  2   9316 101952  72924 22346636    0    0   512 52792 1425 1140  0  0 83 16  0
 0  2   9316  97028  72936 22352068    0    0   256 51730 1589 1337  0  0 83 16  0
 0  2   9316 101136  72936 22345476    0    0     0 52018 1390 1012  1  0 83 16  0
 0  3   9316  99628  72940 22347784    0    0   410 54836 1201 1064  0  0 83 17  0
 0  2   9316  98276  72940 22349452    0    0   360 56256 1141  946  0  0 82 17  0
 0  2   9316 101504  72944 22346092    0    0   256 61000 1274 1157  0  0 82 17  0
 0  2   9316 101084  72944 22347800    0    0   256 46664 1217  970  0  0 84 16  0
 0  2   9316  98264  72956 22350944    0    0   512 53448 1798 1888  0  0 83 16  0
procs -----------memory---------- ---swap-- -----io---- -system-- -----cpu------
 r  b   swpd   free   buff  cache   si   so    bi    bo   in   cs us sy id wa st
 0  2   9316  98428  72960 22351084    0    0     0 53638  870  904  0  0 83 16  0
 0  2   9316 103900  72960 22345160    0    0   512 56228  945 1011  0  0 83 16  0
 0  2   9316 101552  72964 22347860    0    0   258 51410 1044 1093  0  0 83 17  0
 0  3   9316 100108  72968 22349480    0    0   256 58640  990 1021  0  0 82 17  0
 0  2   9316  98412  72968 22351544    0    0   512 53474 1014  983  0  0 82 18  0
 0  2   9316 105148  72968 22344724    0    0   256 51358 1149 1105  0  0 83 16  0
 0  2   9316 104156  72980 22345908    0    0   512 58572 1490 1616  0  0 82 17  0
 0  2   9316 101060  72984 22349388    0    0   256 50774 1111 1159  0  0 83 16  0
 0  2   9316  99504  72988 22351076    0    0   514 53882 1045  944  0  0 83 16  0
 0  2   9316 104924  72988 22345160    0    0   512 54612 1095 1025  0  0 82 17  0
 0  2   9316 104220  72988 22346400    0    0   256 54348  923  898  0  0 84 16  0
 0  2   9316  99228  72996 22351936    0    0   256 53330 1185 1243  0  0 83 16  0
 0  2   9316  97712  72996 22353056    0    0   256 59534  914  898  0  0 82 17  0
 0  2   9316 105276  73000 22345624    0    0   514 46698 1004  940  0  0 83 17  0
 0  2   9316 104540  73000 22346644    0    0   256 61366  903  907  0  0 83 16  0
 0  2   9316 103176  73000 22348156    0    0   512 46440  940  949  0  0 83 16  0
 0  2   9316 102184  73000 22349100    0    0   256 59390  921  928  0  0 83 17  0
 0  2   9316 102292  73000 22349224    0    0   256 53398  906  926  0  0 83 16  0
 0  2   9316 102172  73004 22349684    0    0   256 57088  883  953  0  0 83 17  0
 0  3   9316 100684  73008 22350972    0    0   410 61172  945  951  0  0 83 17  0
 0  3   9316  99732  73008 22352512    0    0   360 46970 1051  960  0  0 82 17  0
procs -----------memory---------- ---swap-- -----io---- -system-- -----cpu------
 r  b   swpd   free   buff  cache   si   so    bi    bo   in   cs us sy id wa st
 0  2   9316  98116  73008 22353944    0    0   512 52324 1018  961  0  0 83 17  0
 0  2   9316  97948  73008 22355060    0    0   256 56358  990  989  0  0 83 17  0
 0  2   9316 101304  73012 22350520    0    0   512 58260  983  991  0  0 83 17  0
 0  2   9316 100072  73016 22352080    0    0   514 51772  959  973  0  0 83 16  0
 0  2   9316  99084  73016 22353320    0    0   256 52756  987  965  0  0 83 16  0
 0  2   9316 103420  73024 22348520    0    0  1284 52240  980  990  0  0 82 17  0
 0  2   9316 101800  73024 22350184    0    0   512 53920  954  997  0  0 83 17  0
 0  2   9316 101064  73028 22350704    0    0   256 52264  886  939  0  0 83 17  0
 0  2   9316 100460  73028 22352012    0    0   256 59026  978  965  0  0 83 16  0
 0  2   9316 100336  73032 22353160    0    0   514 51244  968  953  0  0 83 16  0
 0  2   9316  99608  73032 22353852    0    0   256 52342  893  970  0  0 83 16  0
 0  2   9316  98436  73032 22354912    0    0   512 53542  950  976  0  0 83 16  0
 0  2   9316  97940  73036 22355952    0    0   512 52300 1010  990  0  0 82 17  0
 0  2   9316 104552  73040 22347864    0    0   514 51648 1014 1006  0  0 83 16  0
 0  2   9316 103932  73040 22348984    0    0   256 60930  945  984  0  0 84 16  0
 0  2   9316 102820  73040 22350404    0    0   512 48506  953  978  0  0 83 17  0
 0  2   9316 100948  73040 22352356    0    0   512 46222  945 1006  0  0 83 16  0
 0  2   9316  99836  73044 22354188    0    0   512 53328 1027  991  0  0 83 17  0
 0  2   9316 104920  73048 22348248    0    0   770 60858 1062  989  0  0 82 17  0
 0  2   9316 102692  73048 22350428    0    0   512 44262 1050 1020  0  0 83 16  0
 0  3   9316 217692  73060 22235312    0    0   922 53288 1378 1069  0  6 79 15  0
procs -----------memory---------- ---swap-- -----io---- -system-- -----cpu------
 r  b   swpd   free   buff  cache   si   so    bi    bo   in   cs us sy id wa st
 0  2   9316 213948  73092 22238908    0    0  1134 49894 1316 1073  1  0 83 16  0
 0  2   9316 209672  73116 22244180    0    0  1284 49234 1314 1097  1  0 80 19  0
 0  3   9316 205556  73124 22248256    0    0   768 39082 1293 1097  1  0 84 15  0
 0  3   9316 209828  73128 22245632    0    0  1282 59968 1280 1045  1  0 81 18  0
 0  2   9316 211156  73128 22244448    0    0   768 60800 1192 1065  0  0 82 18  0
 0  2   9316 212272  73132 22243816    0    0   768 40666 1154 1064  0  0 83 16  0
 0  2   9316 212184  73136 22245264    0    0   770 18750 1110 1022  0  0 83 17  0
 0  2   9316 210592  73140 22245576    0    0   768 48502 1217 1085  1  0 83 16  0
 0  2   9316 212940  73144 22244228    0    0  1282 27206 1292 1105  1  0 83 17  0
 0  3   9316 214140  73248 22242668    0    0  1628 35346 1659 1272  1  0 81 18  0
 0  3   9316 209596  73412 22246020    0    0  1616 28020 1740 1280  1  0 81 18  0
 0  3   9316 204820  73524 22249992    0    0  1336 42902 1446 1129  0  0 80 19  0
 0  3   9316 199884  73664 22253456    0    0  1092 34388 1447 1155  1  0 82 17  0
 0  2   9316 195704  73780 22258512    0    0  1338 32550 1468 1202  1  0 83 16  0
 0  2   9316 191796  73788 22263184    0    0  1282 32364 1393 1103  1  0 83 16  0
 0  2   9316 188216  73792 22266600    0    0  1280 42720 1434 1125  1  0 83 16  0
 0  2   9316 187204  73792 22268524    0    0   384 28458 1337 1113  1  0 91  9  0
 0  2   9316 187092  73796 22268744    0    0     0 35172 1246 1073  0  0 92  8  0
 0  2   9316 193108  73796 22262856    0    0     0 42116 1332 1043  0  0 91  9  0
 0  2   9316 198216  73796 22258576    0    0     0 35302 1022  969  0  0 92  8  0
 0  2   9316 197736  73804 22256980    0    0   772 60288  749  885  0  0 90  9  0
procs -----------memory---------- ---swap-- -----io---- -system-- -----cpu------
 r  b   swpd   free   buff  cache   si   so    bi    bo   in   cs us sy id wa st
 0  2   9316 200204  73804 22254620    0    0     0 62868  725  869  0  0 82 17  0
 0  2   9316 202432  73804 22253192    0    0     0 30866  686  856  0  0 84 16  0
 0  2   9316 207780  73804 22248776    0    0     0 36778  738  870  0  0 83 17  0
 1  1   9316 220916  73804 22236488    0    0     0 40450  756  856  0  0 83 16  0
 0  2   9316 224128  73804 22233108    0    0     0 36854  732  864  0  0 83 17  0
 0  2   9316 227408  73804 22230948    0    0     0 34306  774  862  0  0 87 12  0
 0  2   9316 228504  73804 22229480    0    0     0 48264  768  864  0  0 88 12  0
 0  2   9316 229504  73804 22229212    0    0     0 35040  775  913  0  0 84 16  0
 0  2   9316 230232  73804 22228904    0    0     0 42370  764  879  0  0 82 18  0
 0  2   9316 230496  73804 22228052    0    0     0 45092  736  876  0  0 83 17  0
 0  3   9316 243388  73804 22213248    0    0    40 63774  792  945  0  1 83 16  0
 0  1   9316 9366152  73844 22060860    0    0    90 16708 1243 1170  1  4 80 15  0
