procs -----------memory---------- ---swap-- -----io---- --system-- -----cpu-----
 r  b   swpd   free   buff  cache   si   so    bi    bo   in   cs us sy id wa st
 0  3  51632 31756812   5576  49432    0    0    47    18    1    0  0  0 99  1  0	
 1  1  51632 31696004   6848  57024    0    0  4318     0 1833 1662  5  1 88  6  0	
 0  1  51632 31624400   6868  66892    0    0  4990   252 2237 1815  6  1 88  5  0	
 0  0  51632 31498672   6872  73620    0    0  3294     0 2247 2548  5  1 92  2  0	
 1  1  51632 31463816   6884  74432    0    0   530    54  997 1421  2  0 97  1  0	
 2  0  51632 31219472   7040  81948    0    0  3632    16 6102 3069 34  1 63  2  0	
 5 13  51632 29987628   7472 190456    0    0 21564     0 17227 14688 27  7 47 20  0	
13 11  51632 27418876   7480 479000    0    0 39232    80 34512 26319 29 16 38 18  0	
 6 12  51632 25755308   7480 843592    0    0 54528     0 42581 32922 35 19 17 29  0	
12 12  51632 24642876   7488 1198600    0    0 57536    26 41084 33649 31 17 16 36  0	
 4 13  51632 24150204   7488 1581360    0    0 49344   802 46347 42731 32 19 22 28  0	
 4 10  51632 23815652   7488 1875664    0    0 33792     0 34618 34264 19 13 23 45  0	
 4 12  51632 23403884   7496 2259372    0    0 51266    20 45417 43086 33 19 19 29  0	
 3 13  51632 23000884   7500 2653520    0    0 56642     0 45911 41819 33 18 17 32  0	
 0 12  51632 22532676   7500 2981108    0    0 54784     0 37235 30524 28 15 24 33  0	
 5 11  51632 21248224   7516 3329976    0    0 69570    56 38318 26193 27 11 34 27  0	
 4 11  51632 20318492   7516 3656068    0    0 60352     0 36612 27645 31 15 24 29  0	
 5 12  51632 20048752   7524 3915976    0    0 50048    56 29255 21359 24 10 28 38  0	
13 11  51632 19180128   7540 4656108    0    0 130066 12070 87898 68143 25 12 24 40  0	
 5 12  51632 18903756   7540 4919500    0    0 46470 40014 33703 26206 29 12 32 28  0	
 0  3  51632 18665008   7540 5150464    0    0 45060     0 28736 21355 19 10 39 33  0	
procs -----------memory---------- ---swap-- -----io---- --system-- -----cpu-----
 r  b   swpd   free   buff  cache   si   so    bi    bo   in   cs us sy id wa st
 6  8  51632 18355924   7548 5441564    0    0 48768 37950 38253 26893 24 10 40 26  0	
 5  9  51632 18097804   7548 5693876    0    0 51072     0 32912 21543 26 11 28 36  0	
 3  9  51632 17865376   7556 5903224    0    0 41024  8234 27448 18535 23  9 41 27  0	
 6 10  51632 17599996   7556 6167368    0    0 53952     0 32877 23525 26 11 34 30  0	
 3 12  51632 17311084   7556 6447064    0    0 52672     0 33586 27178 28 12 29 31  0	
 4 10  51632 17082916   7564 6670276    0    0 45568  8236 25546 17697 22  9 41 28  0	
 5 10  51632 16802508   7564 6945836    0    0 52932     0 34153 25632 26 12 29 33  0	
 6 11  51632 16503448   7564 7228948    0    0 54082     0 35588 27083 26 12 28 33  0	
 6 11  51632 16301504   7576 7426000    0    0 40066  8232 24641 16664 20  8 42 31  0	
 3 10  51632 16016316   7576 7703028    0    0 52866     0 34158 25895 26 12 30 32  0	
 0  3  51632 15757272   7576 7957708    0    0 50176     0 31155 22861 22 10 36 32  0	
10 11  51632 15457708   7584 8252304    0    0 51202  7978 36900 28124 27 12 30 31  0	
 2  9  51632 15190384   7584 8506428    0    0 47488     0 31866 23596 23 11 31 36  0	
 4 10  51632 14929184   7600 8760172    0    0 49218  7460 32127 22411 25 11 38 26  0	
 4 10  51632 14671824   7600 9007308    0    0 49090     0 32071 21280 24 10 34 32  0	
 4 11  51632 14427552   7600 9247020    0    0 46400     0 32468 20460 23 10 29 38  0	
 9 13  51632 14217220   7608 9451944    0    0 40900  7978 27892 17291 20  9 35 36  0	
 1 14  51632 14001308   7608 9657924    0    0 43458     0 28179 17243 20  8 23 49  0	
 1 21  51632 13904088   7612 9752176    0    0 17024 48642 16040 9233  7  3 23 66  0	
 1 24  51632 13866240   7628 9789284    0    0  5638 84778 7607 3597  3  1 24 72  0	
 0 21  51632 13803356   7636 9850188    0    0  9858 61186 11311 5975  5  2 18 75  0	
procs -----------memory---------- ---swap-- -----io---- --system-- -----cpu-----
 r  b   swpd   free   buff  cache   si   so    bi    bo   in   cs us sy id wa st
 2 20  51632 13709548   7652 9942844    0    0 16964 46098 15943 8720  8  3 23 66  0	
 2 16  51632 13610072   7656 10039760    0    0 16002 44288 17042 9502  8  3 25 64  0	
 4 14  51632 13510468   7660 10137068    0    0 14916 50908 17144 9897  8  3 21 67  0	
 2 17  51632 13394496   7668 10249128    0    0 16384 44830 20924 12135 10  4 12 74  0	
 3 19  51632 13273656   7676 10366300    0    0 18498 45822 20333 12230  9  4 14 72  0	
 1 20  51632 13157084   7688 10479444    0    0 18564 43060 18863 10778  9  4 24 63  0	
 1 21  51632 13041232   7688 10593576    0    0 17346 40452 19063 10809  9  4 12 76  0	
 2 20  51632 12915196   7692 10716784    0    0 20034 32254 19654 12139 10  4 16 70  0	
 0 18  51632 12797800   7700 10831340    0    0 18496 40756 20261 11847  9  4 31 57  0	
 2 21  51632 12654372   7704 10951968    0    0 17922 41728 20458 12900 10  4 16 70  0	
 1 19  51632 12535444   7716 11067608    0    0 18882 40494 18557 10668  9  4 22 66  0	
 4 20  51632 12418192   7716 11182380    0    0 16066 32260 19891 12219  8  4 17 71  0	
 2 18  51632 12305968   7720 11292008    0    0 14658 50944 18598 11592  8  4 14 74  0	
 2 19  51632 12187652   7732 11409828    0    0 19906 33060 18815 11533  9  4 17 70  0	
 1 23  51632 12067184   7736 11526504    0    0 18944 40960 18531 11813  9  4 14 72  0	
 0 28  51632 11948876   7748 11641660    0    0 18114 36914 18209 11615  9  4 13 74  0	
 0 22  51632 11829028   7748 11756796    0    0 16896 48896 17544 10874 10  4 16 71  0	
 0 22  51632 11708268   7752 11873648    0    0 17730 45312 16581 10322  9  4 29 59  0	
 0 24  51632 11571104   7764 12003820    0    0 21060 32298 19197 12582 10  4 14 71  0	
 0 23  51632 11448136   7764 12122020    0    0 17088 39690 17684 11958  8  4 11 76  0	
 1 21  51632 11327868   7776 12240408    0    0 17858 36916 17941 11478  9  4 10 78  0	
procs -----------memory---------- ---swap-- -----io---- --system-- -----cpu-----
 r  b   swpd   free   buff  cache   si   so    bi    bo   in   cs us sy id wa st
 0 21  51632 11207360   7780 12358212    0    0 17218 50176 18862 13195  9  4 16 71  0	
 3 22  51632 11071464   7780 12473200    0    0 18176 40960 17436 10819 10  4 17 69  0	
 2 22  51632 10955392   7796 12588336    0    0 18436 39728 17108 10391 10  4 25 61  0	
 1 22  51632 10836432   7800 12703648    0    0 16898 43268 16984 9885  9  3 16 72  0	
 0 17  51632 10723592   7800 12816272    0    0 16512 49150 16153 10150  8  3 20 68  0	
 2 24  51632 10586176   7816 12950016    0    0 22212 32802 18294 12204 10  4 13 73  0	
 1 21  51632 10469136   7820 13064092    0    0 16962 41480 15961 10622  8  3  9 80  0	
 1 21  51632 10347812   7828 13181864    0    0 17666 41008 17732 12127  9  4 15 73  0	
 2 24  51632 10226940   7832 13302708    0    0 17474 37378 18058 12346 10  4 12 74  0	
 1 17  51632 10112040   7832 13416016    0    0 17088 45056 17234 11263  8  4  8 80  0	
 0 23  51632 9991512   7844 13533072    0    0 17218 49700 17122 11538  9  4 15 72  0	
 0 14  51632 9882712   7848 13640468    0    0 15876 33536 15377 10214  8  3 22 67  0	
 2 21  51632 9761696   7856 13757104    0    0 16704 33318 17253 12259  9  4 21 67  0	
 3 21  51632 9646368   7864 13871992    0    0 15554 46874 17649 11311  8  4 15 73  0	
 0 24  51632 9526396   7868 13988276    0    0 15556 48644 17015 10592  8  3 19 70  0	
 2 24  51632 9391300   7884 14115292    0    0 19138 32572 17270 11150 10  4 17 69  0	
 1 22  51632 9266772   7888 14237320    0    0 16322 44802 16382 10710  8  3 20 69  0	
 1 27  51632 9151572   7896 14351372    0    0 14082 48438 15722 10002  8  3 19 70  0	
 3 22  51632 8922812   7904 14575580    0    0 33348 76302 28970 18569  8  3 13 75  0	
 1 30  51632 8813564   7916 14682396    0    0 11074 58226 15534 8620  9  4 24 63  0	
 1 24  51632 8694672   7916 14798356    0    0 19714 24574 14899 8988  7  3 22 68  0	
procs -----------memory---------- ---swap-- -----io---- --system-- -----cpu-----
 r  b   swpd   free   buff  cache   si   so    bi    bo   in   cs us sy id wa st
 3 23  51632 8570256   7928 14920900    0    0 22720 24638 15161 9097 11  3 25 61  0	
 1 23  51632 8467216   7932 15020964    0    0 13506 56578 12869 7191  7  2 25 66  0	
 5 20  51632 8359504   7936 15126492    0    0 15940 43010 13724 8561  8  3 21 69  0	
 4 27  51632 8238520   7944 15245420    0    0 19968 32816 15218 9677 10  4 28 59  0	
 1 19  51632 8126384   7952 15354596    0    0 16838 41218 14518 8796  9  3 15 74  0	
 0  1  51632 8024588   7952 15455196    0    0 15426 40470 13070 7954  7  3 23 68  0	
 3 20  51632 7867664   7964 15580324    0    0 21698 34096 16621 10712 12  4 20 64  0	
 4 19  51632 7757360   7968 15688224    0    0 16386 42770 14057 9341  8  3 22 67  0	
 1 21  51632 7641328   7980 15801968    0    0 16704 41008 14807 10252  8  4 31 57  0	
 2 20  51632 7518008   7984 15921996    0    0 20228 40184 15056 9986 10  3 20 66  0	
 1 22  51632 7402440   7988 16037628    0    0 15746 42394 15704 10159  8  3 19 70  0	
 1 24  51632 7273988   8004 16162132    0    0 19072 39480 17165 11367  9  4 19 67  0	
 1 23  51632 7151852   8008 16281960    0    0 18242 42496 16063 9826  9  3 19 69  0	
 1 29  51632 7026288   8020 16399096    0    0 19138 42048 15386 9230 11  4 22 63  0	
 0 26  51632 6906024   8020 16516096    0    0 17024 40462 16059 10263  9  3 23 65  0	
 1 20  51632 6792308   8024 16626436    0    0 16450 43008 14815 8627  8  3 31 59  0	
 0 21  51632 6679776   8032 16738676    0    0 16834 36130 15018 9480  8  3 27 61  0	
 3 23  51632 6557336   8036 16856244    0    0 21122 37120 14281 8536 10  3 21 66  0	
 0  1  51632 6456244   8036 16957056    0    0 16640 31756 12197 6515  8  2 31 59  0	
 2 22  51632 6326124   8048 17076588    0    0 19266 42548 14028 7899 10  3 18 68  0	
 0 25  51632 6206460   8048 17192140    0    0 17664 31750 12867 7195  8  3 23 66  0	
procs -----------memory---------- ---swap-- -----io---- --system-- -----cpu-----
 r  b   swpd   free   buff  cache   si   so    bi    bo   in   cs us sy id wa st
 2 21  51632 6090968   8060 17306464    0    0 17154 38444 12093 7076  8  3 20 69  0	
 1 23  51632 5975004   8064 17421540    0    0 16066 53760 11741 7318  8  3 18 71  0	
 1 21  51632 5850892   8064 17537564    0    0 17408 40700 11647 7393  8  2 21 68  0	
 1 22  51632 5738476   8076 17646628    0    0 16706 33844 11352 7211  8  3 21 69  0	
 1 23  51632 5631764   8756 17749756    0    0 16758 24120 11457 6741  8  3 25 64  0	
 1 17  51632 5539324   9300 17840828    0    0 14594 41770 10045 5828  7  2 16 75  0	
 1 21  51632 5426844   9304 17947460    0    0 15938 33052 11150 6650  9  2 18 71  0	
 1 21  51632 5313716   9312 18057680    0    0 16386 41536 11214 6767  8  2 18 72  0	
 0 20  51632 5200148   9320 18168588    0    0 16132 41216 11668 7082  8  3 18 72  0	
 0 21  51632 5083604   9320 18281512    0    0 17024 39704 11634 7047  8  3 19 70  0	
 4 22  51632 4967732   9332 18395676    0    0 16194 43060 11422 6913  8  3 21 69  0	
 1 23  51632 4851180   9336 18510188    0    0 14916 41472 11271 6690  7  2 19 71  0	
 2 27  51632 4734368   9344 18623752    0    0 14272 48942 11893 6652  7  2 20 71  0	
 1 24  51632 4605188   9348 18746488    0    0 18178 42260 13064 7179  9  3 20 68  0	
 2 23  51632 4480976   9352 18866812    0    0 17924 48896 12056 6867  8  3 15 75  0	
 4 23  51632 4354256   9360 18992200    0    0 17856 43326 13446 8380  9  3 27 61  0	
 2 20  51632 4228156   9364 19115736    0    0 16580 47106 12982 8006  8  2 22 68  0	
 1 22  51632 4105372   9376 19236556    0    0 15874 41782 14035 9080  8  3 26 63  0	
 0 24  51632 3975348   9376 19364256    0    0 20160 32260 13795 8784 10  3 11 76  0	
 4 23  51632 3858164   9380 19478300    0    0 15108 41982 12020 7504  7  3 12 78  0	
 0 26  51632 3733604   9392 19598244    0    0 15746 48566 14095 10144  9  4 33 54  0	
procs -----------memory---------- ---swap-- -----io---- --system-- -----cpu-----
 r  b   swpd   free   buff  cache   si   so    bi    bo   in   cs us sy id wa st
 0 22  51632 3606252   9392 19718040    0    0 19008 32514 12765 8321  9  3 16 72  0	
 3 23  51632 3495336   9396 19827588    0    0 14980 45568 11465 7640  7  3 10 81  0	
 1 24  51632 3371496   9408 19948588    0    0 19076 31834 12217 7819  9  3 10 78  0	
 0 21  51632 3266724   9412 20051408    0    0 14786 57872 10551 6723  8  2 14 76  0	
 1 19  51632 3153160   9424 20162464    0    0 15426 38966 12083 7370  8  3 19 70  0	
 0 19  51632 3047896   9428 20265580    0    0 15746 53250 10849 6232  8  2 23 67  0	
 0 19  51632 2923876   9428 20378324    0    0 15552 40452 11851 6957  9  3 23 66  0	
 3 16  51632 2804080   9444 20496432    0    0 18242 42038 12429 7645  8  3 38 51  0	
 2 19  51632 2687420   9444 20610864    0    0 19458 23858 10909 6386  9  2 31 58  0	
 1 15  51632 2584040   9456 20713032    0    0 13250 57408 11053 6677  6  3 26 65  0	
 0 16  51632 2468828   9464 20824996    0    0 15172 46904 12787 8703  7  3 32 57  0	
 3 17  51632 2345716   9464 20947276    0    0 17088 40696 13759 9168  8  3 24 65  0	
 1 16  51632 2205424   9476 21084132    0    0 20802 29498 14518 9550 10  4 28 57  0	
 3 14  51632 2208636   4944 21076332    0    0 22124 32258 14657 8905 11  4 18 67  0	
 0  1  51632 2211828   4940 21071304    0    0 17474 37888 10961 6478  8  3 30 59  0	
 2 14  51632 2207568   4948 21077220    0    0 16256 39994 11511 6567  8  3 34 56  0	
 2 13  51632 2212448   4956 21071544    0    0 21122 34304 10327 6554 10  3 26 62  0	
 2 14  51632 2213700   4968 21071100    0    0 16322 34620 9918 6299  8  3 36 53  0	
 2 14  51632 2209904   4968 21074332    0    0 19968 32768 11277 6841 10  3 38 50  0	
 3 14  51632 2208040   4964 21067696    0    0 19650 40198 11008 6753 10  3 43 44  0	
 1 12  51632 2208220   4972 21067572    0    0 19584 37694 11965 6700  9  3 45 43  0	
procs -----------memory---------- ---swap-- -----io---- --system-- -----cpu-----
 r  b   swpd   free   buff  cache   si   so    bi    bo   in   cs us sy id wa st
 2 11  51632 2206984   4976 21071296    0    0 18436 44800 10620 6133  8  3 39 50  0	
 1 14  51632 2213684   4984 21064208    0    0 20290 28468 13086 8426 10  4 38 48  0	
 3 13  51632 2207992   4980 21070996    0    0 21384 29440 12605 7634 10  3 29 58  0	
 1 11  51632 2205232   4980 21075432    0    0 20288 32508 12284 7274 10  3 35 52  0	
 2 11  51632 2203944   5060 21070544    0    0 19364 38700 12431 7385 10  3 43 43  0	
 1 13  51632 2207792   5064 21067424    0    0 23936 32502 11568 7245 11  3 33 53  0	
 1 16  51632 2202980   5076 21068968    0    0 16836 36658 11072 7520  8  3 38 51  0	
 1 18  51632 2207316   5076 21061896    0    0 19392 24068 11510 7526  9  3 27 61  0	
 0 18  51632 2205208   5072 21065360    0    0 18756 41982 10896 7040  9  3 20 68  0	
 0 19  51632 2191824   5084 21078180    0    0 16578 49972 12090 8004  8  4 26 62  0	
 0 18  51632 2190672   5084 21079100    0    0 14208 40706 11306 7151  8  3 21 67  0	
 1 15  51632 2185328   5092 21080736    0    0 21698 32510 11206 6868 10  3 28 59  0	
 2 13  51632 2201816   5100 21068480    0    0 13504 42810 9749 5975  7  3 22 69  0	
 1 15  51632 2184892   5100 21082096    0    0 19138 32256 10777 6509  9  3 13 76  0	
 3 16  51632 2186760   5104 21081092    0    0 17472 40254 11274 7221  9  3 29 59  0	
 1 16  51632 2172704   5108 21096652    0    0 18370 34048 12036 7445  9  3 28 60  0	
 2 20  51632 2173328   5116 21092432    0    0 16196 43266 10806 7063  8  3 29 60  0	
 1 15  51632 2163816   5116 21090956    0    0 15744 39026 10154 6333  9  4 29 59  0	
 0 16  51632 2162496   5120 21093224    0    0 16578 44542 10893 6637  8  3 32 57  0	
 0 16  51632 2178816   5132 21078260    0    0 16322 38720 9988 6256  8  3 23 67  0	
 2 15  51632 2171100   5132 21084804    0    0 18560 40960 10292 6388  8  2 21 68  0	
procs -----------memory---------- ---swap-- -----io---- --system-- -----cpu-----
 r  b   swpd   free   buff  cache   si   so    bi    bo   in   cs us sy id wa st
 0 17  51632 2163980   5128 21092064    0    0 15874 43264 10093 6378  7  2 21 70  0	
 0 15  51632 2162012   5136 21094316    0    0 15744 45900 9371 5734  7  2 28 62  0	
 3 15  51632 2161980   5140 21093216    0    0 26050 49412 14043 8593  8  2 28 62  0	
 5 17  51632 2153988   5152 21091952    0    0 19970 57902 11847 6602 11  4 40 45  0	
 2 14  51632 2169368   5152 21074240    0    0 21248 24576 10474 6942  9  3 26 62  0	
 1 15  51632 2150988   5156 21093076    0    0 21250 28674 11840 7041 10  3 26 61  0	
 2 14  51632 2154280   5168 21089104    0    0 20038 45892 10623 6628  9  3 29 59  0	
 1 15  51632 2155316   5160 21088612    0    0 19010 32234 11040 6914  9  3 27 61  0	
 0 17  51632 2145180   5172 21097208    0    0 17988 39474 10882 7067  8  3 28 61  0	
 0 14  51632 2134864   5176 21106584    0    0 15812 45586 10363 6210  9  3 28 61  0	
 0 15  51632 2149020   5168 21094644    0    0 12672 40960 9894 6226  6  2 26 65  0	
 0 13  51632 2154156   5188 21089352    0    0 23298 32046 10797 6857 11  3 28 58  0	
 1 14  51632 2142916   5192 21099428    0    0 11460 53510 9034 5941  6  3 32 59  0	
 2 12  51632 2126092   5204 21115368    0    0 15554 50742 10976 7679  7  3 40 50  0	
 1 11  51632 2139324   5200 21099744    0    0 18052 29194 11154 7277  9  3 40 49  0	
 4 10  51632 2105372   5204 21132240    0    0 17408 32768 11809 8159  9  3 43 45  0	
 1 13  51632 2099404   5216 21136272    0    0 14876 49710 11690 7933  9  3 45 43  0	
 4 16  51632 2108644   5216 21124584    0    0 24640 16384 10940 7716 11  3 34 52  0	
 3 15  51632 2102956   5228 21129296    0    0 22594 28342 10911 7762 11  3 35 51  0	
 1 10  51632 2101932   5220 21129132    0    0 19520 40414 10405 6947 10  3 41 47  0	
 3 12  51632 2086240   5228 21143160    0    0 19012 33288 10321 6832  9  3 45 43  0	
procs -----------memory---------- ---swap-- -----io---- --system-- -----cpu-----
 r  b   swpd   free   buff  cache   si   so    bi    bo   in   cs us sy id wa st
 4 11  51632 2071476   5228 21158604    0    0 21248 24372 10747 6904 10  3 36 51  0	
 4  9  51632 2053464   5228 21160984    0    0 19520 32768 12035 7358 11  3 38 48  0	
 5 11  51632 2058124   5240 21155448    0    0 19074 32840 10915 7307  9  3 40 48  0	
 2 10  51632 2042720   5240 21168324    0    0 19392 32768 10008 6544  9  3 44 44  0	
 2 10  51632 2036040   5236 21174264    0    0 18050 25846 9572 6205  8  3 46 43  0	
 2  9  51632 2023076   5244 21183168    0    0 18432 32804 10623 7028  9  3 47 42  0	
 3 10  51632 2005424   5240 21201680    0    0 18114 33552 9756 6307  8  3 36 53  0	
 3 12  51632 1959420   5252 21237576    0    0 16450 50214 8869 5853  9  3 45 44  0	
 2  8  51632 1955868   5252 21241392    0    0 17472 32512 7999 5504  8  2 40 50  0	
 6 11  51632 1942764   5252 21254900    0    0 18820 28220 9175 6980  8  3 46 42  0	
 2  8  51632 1934564   5260 21262540    0    0 20226 28968 11539 7783  9  3 41 47  0	
 1 10  51632 1914668   5264 21282108    0    0 20930 37122 11035 7694 10  3 39 48  0	
 2  6  51632 1889592   5264 21306860    0    0 16194 40960 8461 6461  8  3 50 39  0	
 3  5  51632 1868052   5280 21311328    0    0 22148 23858 8963 6397 11  4 44 41  0	
 1  6  51632 1827884   5284 21349600    0    0 26818 24574 10022 7025 12  3 46 39  0	
 1  6  51632 1815048   5296 21363212    0    0 19460 34860 10030 7060 10  3 45 42  0	
 3  7  51632 1820804   5300 21355340    0    0 21888 24320 10677 7472 10  3 45 41  0	
 0 10  51632 1807188   5300 21369680    0    0 25152 24576 11409 7584 12  4 42 42  0	
 0  8  51632 1807756   5312 21359224    0    0 24834 25140 11251 8250 12  4 39 44  0	
 5 11  51632 1747748   5304 21417632    0    0 22720 32768 12542 9222 10  4 44 42  0	
 7 15  51632 1741248   5316 21421300    0    0 18306 19440 13875 8851 10  4 55 31  0	
procs -----------memory---------- ---swap-- -----io---- --system-- -----cpu-----
 r  b   swpd   free   buff  cache   si   so    bi    bo   in   cs us sy id wa st
 2 11  51632 1738264   5316 21426648    0    0 29954 36608 16272 10952 12  4 30 54  0	
 2  9  51632 1696496   5320 21467148    0    0 19204 37872 12563 8439  9  3 40 48  0	
 1 12  51632 1669000   5328 21480452    0    0 22466 24624 14179 8393 12  4 39 45  0	
 1 11  51632 1629128   5332 21517528    0    0 18306 41522 14101 9538  9  3 45 43  0	
 0  5  51632 1626508   5324 21520400    0    0 22848 32768 17691 11057 11  4 32 54  0	
 3 13  51632 1576248   5340 21569480    0    0 23234 33326 17762 10817 10  4 30 56  0	
 3 15  51632 1574284   5340 21573308    0    0 18368 32768 13698 8495  9  3 29 59  0	
 2 15  51632 1516464   5352 21630292    0    0 16514 49732 12670 7929  8  3 38 51  0	
 3 10  51632 1491896   5348 21651588    0    0 20928 24576 12268 8320 10  3 39 47  0	
 4 11  51632 1503220   5356 21642340    0    0 15236 49668 10737 6928  7  2 42 49  0	
 0  9  51632 1473580   5360 21670588    0    0 16514 36414 11587 7116  8  2 50 40  0	
 1 10  51632 1446480   5360 21697244    0    0 13952 40960 11048 7055  7  2 56 35  0	
 1 14  51632 1418404   5372 21722980    0    0 22086 34386 12228 8903 10  3 44 42  0	
 3 10  51632 1411280   5364 21733084    0    0 22402 16384 13530 8758 10  3 34 53  0	
 4 11  51632 1378936   5368 21762300    0    0 20804 38806 13154 8559 10  3 31 56  0	
 0  8  51632 1367988   5376 21770156    0    0 20226 24360 13171 8847 10  3 32 54  0	
 1 11  51632 1302540   5380 21834712    0    0 20162 32768 13963 10046 10  4 37 50  0	
 6 11  51632 1329252   5384 21807964    0    0 20420 33382 14333 10446 10  4 34 52  0	
 4 12  51632 1266936   5384 21868744    0    0 17600 40216 13907 10029  9  4 34 53  0	
 3  9  51632 1275952   5380 21860304    0    0 22530 34048 13661 10389 11  4 33 53  0	
 1 10  51632 1273188   5392 21863552    0    0 16834 36364 12084 9571  8  3 36 53  0	
procs -----------memory---------- ---swap-- -----io---- --system-- -----cpu-----
 r  b   swpd   free   buff  cache   si   so    bi    bo   in   cs us sy id wa st
 5  9  51632 1228540   5384 21901692    0    0 14080 49152 12013 9453  8  3 41 47  0	
 3 10  51632 1229936   5400 21900544    0    0 20162 25154 13032 10428 10  3 34 53  0	
 4  9  51632 1211752   5392 21917324    0    0 19712 32768 14591 11945 10  4 34 51  0	
 2 15  51632 1186412   5396 21941704    0    0 17410 34822 14556 11930  9  4 34 53  0	
 5 14  51632 1153948   5404 21973088    0    0 22848 24622 14238 10662 11  4 30 55  0	
 2 20  51632 1160788   5412 21952292    0    0 25282 25344 17930 13464 14  5 22 59  0	
 1 22  51632 1168024   5412 21945860    0    0 16384 45108 16191 12416  8  4 21 67  0	
 3 22  51632 1142604   5416 21970244    0    0 13826 45314 14107 9777  7  3 22 68  0	
 7 13  51632 1148924   5420 21965640    0    0 14210 49690 14127 10740  7  3 31 58  0	
 5 13  51632 1151732   5428 21965144    0    0 15042 41010 14874 11916  7  4 36 53  0	
 9 12  51632 1151160   5424 21964144    0    0 16132 43004 15054 12000  8  4 34 54  0	
 1 15  51632 1148400   5436 21969176    0    0 17858 39990 14794 11748  9  4 34 53  0	
 1 12  51632 1152636   5428 21965504    0    0 17344 32766 13885 10268  8  3 34 55  0	
 0 16  51632 1139608   5432 21962056    0    0 19650 44276 16266 11332 11  5 26 58  0	
 0 16  51632 1143172   5432 21957000    0    0 19968 35376 16482 11415 10  4 22 64  0	
 1 12  51632 1125300   5440 21975128    0    0 20356 36104 15521 10675 10  4 24 62  0	
 1 12  51632 1129616   5436 21970452    0    0 19714 32512 14410 10216  9  4 28 59  0	
 4 16  51632 1129364   5444 21970856    0    0 19072 38460 16201 11143  9  4 18 69  0	
 4 19  51632 1132968   5448 21967848    0    0 19780 40194 14592 10486 10  3 25 62  0	
 2 13  51632 1127348   5448 21968720    0    0 17280 37670 14411 10015  9  4 30 56  0	
 2 13  51632 1126352   5452 21969276    0    0 16644 44546 14406 9756  8  3 23 65  0	
procs -----------memory---------- ---swap-- -----io---- --system-- -----cpu-----
 r  b   swpd   free   buff  cache   si   so    bi    bo   in   cs us sy id wa st
 2 11  51632 1135684   5448 21957228    0    0 16770 41984 13506 9617  8  3 34 55  0	
 0 12  51632 1140260   5456 21952720    0    0 16128 40242 14306 10026  8  3 32 56  0	
 2 17  51632 1133800   5460 21959736    0    0 16514 41730 17166 11990  8  4 33 55  0	
 0 13  51632 1127392   5472 21966384    0    0 18818 33852 14467 10270  9  4 33 54  0	
 3 17  51632 1123204   5464 21963520    0    0 27650 24570 14566 10782 13  4 29 53  0	
 2 13  51632 1131684   5464 21952896    0    0 20098 24320 14184 10574  9  4 29 57  0	
 1 16  51632 1118612   5472 21967012    0    0 18178 33592 14526 10540  9  4 28 59  0	
 2 14  51632 1131308   5464 21953636    0    0 16256 48390 14568 11013  8  4 35 53  0	
 3 12  51632 1127256   5480 21958324    0    0 17924 35630 15338 11522  9  4 35 53  0	
 2 14  51632 1112812   5476 21972180    0    0 17540 39936 16648 13252  9  4 27 60  0	
 2 12  51632 1120580   5468 21965272    0    0 13762 48644 16963 13646  7  4 27 61  0	
 0 11  51632 1109396   5476 21966260    0    0 20034 26186 16573 13102 10  4 30 55  0	
 1  8  51632 1112756   5476 21964832    0    0 12352 45842 15864 12436  6  4 29 61  0	
 0 22  51632 1106672   5092 21967348    0    0 19524 46658 17786 13438 10  5 29 56  0	
 4 15  51632 1083916   5096 21992548    0    0 15170 41730 16908 13603  8  4 28 60  0	
 2 17  51632 1087092   5088 21989408    0    0 21506 24576 17571 12572 11  4 25 60  0	
 4 18  51632 1073488   5104 22000444    0    0 16642 51022 15367 10922  9  4 43 44  0	
 0 15  51632 1064656   5100 22009280    0    0 13188 42606 16056 12088  7  4 36 53  0	
 2 18  51632 1058212   5632 22008408    0    0 24320 24576 15730 11614 12  4 28 56  0	
 1 15  51632 1035132   7896 22018836    0    0 18024 23644 13955 9695  9  4 27 61  0	
 2 11  51632 1022320   7904 22032432    0    0 16708 46592 13080 9353  8  4 30 58  0	
procs -----------memory---------- ---swap-- -----io---- --system-- -----cpu-----
 r  b   swpd   free   buff  cache   si   so    bi    bo   in   cs us sy id wa st
 2 16  51632 1014404   7908 22038972    0    0 18114 33334 13712 9712  9  4 37 51  0	
 8 17  51632 1007860   7908 22045652    0    0 14464 56330 13552 8970  8  3 30 59  0	
 5 11  51632 987748   7904 22060508    0    0 16706 40704 13579 9486  8  3 29 60  0	
 1 17  51632 943364   7920 22093704    0    0 20866 36414 13941 9500 11  4 31 54  0	
 2 16  51632 943432   7920 22093520    0    0 18112 32514 13333 9253  9  3 25 63  0	
 2 20  51632 927232   7932 22107932    0    0 18244 44590 13253 9070  9  3 28 60  0	
 2 19  51632 917144   7932 22114788    0    0 17792 39952 12413 8420  8  3 23 66  0	
 0 20  51632 901004   7936 22130124    0    0 18114 30208 12535 8508  9  3 17 71  0	
 2 21  51632 888108   7936 22143180    0    0 18240 40748 12510 9002  9  3 26 62  0	
 5 19  51632 859196   7940 22171852    0    0 16314 33536 13854 10319  8  3 26 63  0	
 0 22  51632 859592   7952 22156608    0    0 14162 54328 13655 9709  8  4 25 63  0	
 1 19  51632 839048   7952 22178088    0    0 21824 24564 14282 10322  9  3 17 70  0	
 1 19  51632 842020   7956 22173012    0    0 16642 36864 13648 9563  8  3 23 66  0	
 3 19  51632 805380   7964 22208204    0    0 17920 37420 14711 10571  9  4 27 60  0	
 0 19  51632 810812   7956 22201284    0    0 14978 38870 13949 9881  8  3 28 61  0	
 0 22  51632 774012   7960 22233420    0    0 15042 40202 15947 11198  8  4 26 63  0	
 1 22  51632 754248   7972 22253900    0    0 12928 57398 15573 10794  7  4 23 66  0	
 2 23  51632 740404   7976 22261232    0    0 22594 20224 15131 10325 11  3 23 62  0	
 3 19  51632 727552   7988 22272212    0    0 15236 54590 14079 9446  8  4 35 54  0	
 1 18  51632 694708   7980 22304136    0    0 15744 40960 13866 9386  8  3 26 64  0	
 2 20  51632 673884   7984 22321996    0    0 16002 41474 13878 9349  8  3 27 62  0	
procs -----------memory---------- ---swap-- -----io---- --system-- -----cpu-----
 r  b   swpd   free   buff  cache   si   so    bi    bo   in   cs us sy id wa st
 5 16  51632 656752   7996 22340952    0    0 14850 50744 13056 8590  7  3 24 66  0	
 1 19  51632 616600   7996 22378616    0    0 14720 49150 12709 7662  7  3 21 69  0	
 0 22  51632 606092   8012 22389880    0    0 13126 44594 12559 7087  7  3 27 64  0	
 1 19  51632 572672   8008 22414704    0    0 13762 42598 12234 7213  8  3 29 61  0	
 3 20  51632 537900   8012 22449664    0    0 17602 40704 12295 7098  8  2 23 67  0	
 1 22  51632 519180   8024 22467504    0    0 16708 34856 12786 7685  8  3 26 63  0	
 2 20  51632 509988   8024 22475900    0    0 17536 32766 12114 7345  8  3 12 77  0	
 1 19  51632 489076   8028 22494580    0    0 15620 43062 11415 7045  7  3 24 66  0	
 1 17  51632 490092   8032 22495140    0    0 14850 46114 11077 6691  7  3 23 67  0	
 4 23  51632 453784   8032 22530616    0    0 15616 40704 11687 7121  8  3 21 69  0	
 1 19  51632 427388   8044 22557812    0    0 13250 51248 12103 7531  7  3 30 61  0	
 2 16  51632 418576   8040 22557792    0    0 19588 33536 11452 6688 10  3 22 66  0	
 1 16  51632 398056   8048 22579768    0    0 14976 34356 11330 6679  7  2 31 60  0	
 2 16  51632 388276   8052 22587600    0    0 12738 47108 10224 5560  6  2 33 59  0	
 1 16  51632 382680   8052 22594048    0    0 16960 32766 11947 6380  8  2 22 67  0	
 1 14  51632 363016   8060 22613100    0    0 13122 54856 11238 7105  7  3 33 58  0	
 3 15  51632 362356   8064 22613200    0    0 18890 28672 13037 7799  9  3 25 63  0	
 1 20  51632 369352   8072 22608812    0    0 16000 40500 14997 9596  8  3 23 65  0	
 0 15  51632 361380   8076 22601796    0    0 20484 25928 14950 9338 10  4 21 65  0	
 0 21  51632 339468   8076 22620436    0    0 17728 40704 15673 10261  9  3 18 70  0	
 1 15  51632 328060   8088 22634408    0    0 16386 46896 15863 10701  8  4 32 56  0	
procs -----------memory---------- ---swap-- -----io---- --system-- -----cpu-----
 r  b   swpd   free   buff  cache   si   so    bi    bo   in   cs us sy id wa st
 5 17  51632 338204   8092 22623808    0    0 16322 44822 14795 9930  8  3 26 62  0	
 2 21  51632 323980   8092 22639120    0    0 15808 40704 14155 9021  8  3 25 63  0	
 3 17  51632 303932   8104 22656572    0    0 13442 50220 12746 7803  7  3 23 67  0	
 1 20  51632 312728   8104 22649416    0    0 18946 25534 13177 7739  8  3 26 63  0	
 0 16  51632 308896   8112 22651924    0    0 12354 48960 9317 5655  6  2 35 58  0	
 2 17  51632 280192   8112 22668616    0    0 16772 41730 12512 7382  9  3 21 67  0	
 2 12  51632 277088   8112 22671288    0    0 14848 40956 10968 7023  7  2 27 64  0	
 2 16  51632 271964   8124 22677876    0    0 17090 41782 13588 8326  9  3 21 68  0	
 2 20  51632 280916   8120 22666580    0    0 16578 43520 13066 7532  8  3 24 64  0	
 5 20  51632 265652   8132 22681380    0    0 20992 24646 12710 7708  9  3 20 68  0	
 1 15  51632 259640   8136 22689532    0    0 20866 32258 12277 7418  9  3 20 68  0	
 0 22  51632 244316   8136 22697124    0    0 17666 40704 12989 7983 10  3 20 67  0	
 3 18  51632 258276   8140 22679628    0    0 17282 34642 12807 7332  8  3 20 69  0	
 3 16  51632 246204   8140 22692656    0    0 15362 49152 12695 6784  8  3 17 73  0	
 0 21  51632 238052   8152 22703056    0    0 16322 42048 13461 7944  8  3 28 61  0	
 1 18  51632 239540   8148 22702316    0    0 15106 33280 12886 7001  7  2 30 61  0	
 1 17  51632 243464   8144 22697320    0    0 14980 48896 11740 6577  7  2 30 60  0	
 1 18  51632 240456   8156 22700048    0    0 16322 38454 12799 7524  8  3 27 62  0	
 1 18  51632 221108   8160 22710592    0    0 16514 36372 13594 7731  9  3 30 57  0	
 2 20  51632 231592   8168 22698196    0    0 17984 40756 13588 7716  8  3 27 61  0	
 4 13  51632 231260   8172 22697980    0    0 16258 35588 13901 7677  8  3 16 73  0	
procs -----------memory---------- ---swap-- -----io---- --system-- -----cpu-----
 r  b   swpd   free   buff  cache   si   so    bi    bo   in   cs us sy id wa st
 5 14  51632 222528   8172 22707760    0    0 16512 47102 13963 8226  8  3 21 68  0	
 0 19  51632 211760   8104 22720632    0    0 18626 43578 14722 8920  9  3 32 56  0	
 1 18  51632 215800   8104 22714228    0    0 22980 24576 15745 8503 11  3 24 62  0	
 0 13  51632 200648   8124 22729860    0    0 17674 30966 13546 7570  9  3 23 65  0	
 2 15  51632 206616   8004 22718304    0    0 17664 41004 13028 7148 10  3 27 60  0	
 3 18  51632 205664   7376 22721264    0    0 19394 36868 12131 7322  9  2 26 63  0	
 1 16  51632 207568   7372 22718620    0    0 17410 30000 12516 7488  9  3 30 59  0	
 1 17  51632 214192   7372 22711188    0    0 15040 48896 12095 7109  7  2 32 58  0	
 1 17  51632 203260   7376 22724340    0    0 24068 25346 13527 8260 11  3 24 62  0	
 2 14  51632 189296   7384 22736104    0    0 15680 34610 10941 6125  8  2 25 65  0	
 1 15  51632 214580   7388 22696208    0    0 17348 39410 11943 6844 10  3 24 63  0	
11 21  51632 211392   7392 22695564    0    0 15554 43390 12421 7157  9  4 37 50  0	
 5 19  51632 201380   7392 22707392    0    0 25664 20992 13334 7837 10  3 21 65  0	
 1 14  51632 196632   7384 22710496    0    0 17536 38968 10785 5995  8  2 32 57  0	
 1 17  51632 182332   7396 22725620    0    0 18818 31026 11982 6556  9  3 28 60  0	
 4 16  51632 180612   7400 22725304    0    0 18502 33918 12455 6453  9  3 22 67  0	
 2 15  51632 185632   7408 22719588    0    0 17600 41006 12136 6209  8  2 26 64  0	
 0 22  51632 188060   7416 22707508    0    0 16580 33862 10850 5804  9  2 27 62  0	
 1 14  51632 188184   7416 22706608    0    0 25730 70760 18683 9439  9  3 32 56  0	
 3 14  51632 192472   7408 22702564    0    0 18240 36692 13759 7811  9  3 34 54  0	
 0 10  51632 195136   7400 22699400    0    0 19074 37632 11136 6445  9  2 33 56  0	
procs -----------memory---------- ---swap-- -----io---- --system-- -----cpu-----
 r  b   swpd   free   buff  cache   si   so    bi    bo   in   cs us sy id wa st
 4 18  51632 206540   7408 22685056    0    0 24512 31808 14110 8183 13  4 39 44  0	
 1 14  51632 207596   7404 22678848    0    0 27460  9728 11814 7332 13  3 24 60  0	
 1 15  51632 207872   7404 22680156    0    0 20416 40450 11380 6685 10  3 30 57  0	
 1 13  51632 205716   7404 22681088    0    0 19712 24630 11740 7160  9  3 31 57  0	
 4 14  51632 208876   7396 22678168    0    0 19394 33390 11712 6553  9  3 22 66  0	
 1 17  51632 213944   7408 22668640    0    0 16260 35010 11851 6284  8  3 23 66  0	
 1 10  51632 212584   7408 22668220    0    0 19074 40960 11568 6665  8  3 28 60  0	
 0 17  51632 182508   7404 22687424    0    0 24962 15376 12134 7018 12  3 32 53  0	
 1 14  51632 199492   7416 22669904    0    0 18178 34350 10759 6439  8  2 28 61  0	
 1  9  51632 181796   7416 22687476    0    0 14464 40450 9561 5522  7  2 37 54  0	
 1 13  51632 193744   7420 22672596    0    0 19330 42032 11733 7029  9  3 36 52  0	
 2 13  51632 187128   7424 22680000    0    0 21060 25110 11584 7127  9  3 26 62  0	
 2 12  51632 206648   7420 22658868    0    0 14400 48898 11701 8014  7  3 48 41  0	
 1 23  51632 188460   7424 22672896    0    0 22402 32316 13363 9049 11  4 35 50  0	
 3 14  51632 197248   7420 22662428    0    0 17088 40700 11343 7628  8  3 45 44  0	
 0  1  51632 211388   7424 22649828    0    0 18498 27902 11517 7817  9  3 32 57  0	
 2 14  51632 210536   7428 22650264    0    0 19072 32566 13162 8995  9  4 32 55  0	
 2 15  51632 208128   7428 22653580    0    0 17476 40448 12694 8838  8  3 35 53  0	
 0 11  51632 194652   7436 22666196    0    0 16512 38224 12491 8133  8  3 38 51  0	
 2 10  51632 194256   7432 22668936    0    0 19074 36096 11956 8091  9  3 40 48  0	
 3  9  51632 207140   7432 22642756    0    0 16550 32258 11448 7764  8  3 46 42  0	
procs -----------memory---------- ---swap-- -----io---- --system-- -----cpu-----
 r  b   swpd   free   buff  cache   si   so    bi    bo   in   cs us sy id wa st
 2  8  51632 203624   7444 22646532    0    0 16580 42024 11357 7964  8  3 42 47  0	
 1 13  51632 208328   7440 22640244    0    0 21890 33282 12846 8548 10  3 36 50  0	
 1 11  51632 201940   7448 22647484    0    0 17922 32820 12540 8252  9  3 38 51  0	
 5 17  51632 198428   7444 22651088    0    0 20612 34304 13265 8633 10  3 31 56  0	
 0 10  51632 182928   7428 22663788    0    0 16896 40862 11572 7560  8  3 36 53  0	
 1 12  51632 191232   7440 22650936    0    0 17282 36144 12069 8123  9  3 37 51  0	
 1 11  51632 209748   7436 22632580    0    0 14850 48634 12150 8026  7  3 39 50  0	
 2 11  51632 205772   7444 22635140    0    0 14208 36654 11734 7777  7  3 40 50  0	
 1 10  51632 200552   7440 22641604    0    0 23426 37388 12913 8827 11  4 39 47  0	
 2  9  51632 203504   7444 22639884    0    0 20098 24576 12760 8860 10  4 42 45  0	
 1 11  51632 205180   7448 22639696    0    0 19010 33574 13052 9183 10  4 42 45  0	
 2  8  51632 190880   7448 22653316    0    0 19840 32768 12098 8319  9  3 34 53  0	
 1  8  51632 209032   7456 22627372    0    0 18116 35134 11796 7854 10  3 45 42  0	
 3 10  51632 208196   7460 22627364    0    0 12866 55810 10312 6914  7  3 53 38  0	
 1  8  51632 184064   7460 22653128    0    0 24768 16384 10873 7915 11  3 42 44  0	
 3 14  51632 189300   7468 22646264    0    0 21378 32814 12136 8542 10  4 48 38  0	
 6 10  51632 185848   7468 22650100    0    0 26434 15376 12068 8591 12  4 36 49  0	
11  2  51632 187396   7476 22639880    0    0 18306 30002 11356 7964 10  3 43 44  0	
 3 10  51632 202704   7480 22622588    0    0 16128 32772 10322 7572  8  3 50 39  0	
 1  6  51632 204728   7468 22622924    0    0 20294 29438 12297 8623  9  4 46 42  0	
 1  6  51632 207172   7476 22620576    0    0 16960 33844 11556 8102  8  3 55 34  0	
procs -----------memory---------- ---swap-- -----io---- --system-- -----cpu-----
 r  b   swpd   free   buff  cache   si   so    bi    bo   in   cs us sy id wa st
 3 10  51632 199828   7480 22627268    0    0 21058 32254 12867 9094 10  4 43 43  0	
 1  7  51632 205756   7468 22621960    0    0 18240 32258 11407 8465  9  3 45 42  0	
 1  2  51632 210580   7484 22617640    0    0 18498 25650 9427 5853  8  3 61 28  0	
 3  6  51632 191828   7492 22620912    0    0 11204 57858 7899 5071  6  3 75 16  0	
 1  7  51632 209428   7492 22600796    0    0 22404 24626 8318 5607 10  3 56 31  0	
 3  7  51632 198956   7492 22612076    0    0 19008 31762 7782 4876  7  3 70 19  0	
 1  2  51632 195812   7496 22616180    0    0 14018 50688 8204 5642  6  3 70 21  0	
 1  6  51632 213532   7508 22597376    0    0  5954 78134 7049 5183  3  2 81 13  0	
 2  4  51632 208204   7504 22601396    0    0 29316 37632 14750 8986 13  6 62 19  0	
 0  1  51632 207332   7528 22592704    0    0 29276     0 12612 8813 13  5 57 25  0	
 1  3  51632 207768   7548 22592456    0    0 25796 24428 10530 6882 12  4 61 22  0	
 4  6  51632 202028   7548 22596980    0    0 41856     0 17359 10893 19  6 58 16  0	
 3  4  51632 219580   7560 22557232    0    0 41346 17198 17737 10500 19  7 52 22  0	
 0  3  51632 219412   7548 22557948    0    0 46912     0 16043 9801 19  6 48 27  0	
 0  4  51632 201980   7548 22578056    0    0 16130 40960 8877 5332  7  2 66 25  0	
 2  3  51632 199248   7560 22579744    0    0 15234 34596 9249 5025  7  2 68 23  0	
 5  8  51632 211256   7556 22567044    0    0 24322 24576 11375 6588 11  4 58 28  0	
 0  3  51632 190984   7556 22574664    0    0 24064 23250 9356 5543 12  3 52 33  0	
 4  2  51632 200580   7568 22563128    0    0 21444 27960 8528 5662  9  3 59 28  0	
 2  2  51632 212576   7568 22551356    0    0 23616 16384 9471 6019 10  3 57 29  0	
 3  5  51632 221372   7576 22539912    0    0 19396 26736 9126 5459  9  3 59 29  0	
procs -----------memory---------- ---swap-- -----io---- --system-- -----cpu-----
 r  b   swpd   free   buff  cache   si   so    bi    bo   in   cs us sy id wa st
 2  6  51632 201036   7576 22561672    0    0 21312 34658 8752 5863  9  3 57 30  0	
 1  6  51632 215380   7572 22545720    0    0 20226 38914 10150 6346  9  3 56 32  0	
 3  7  51632 213852   7572 22538628    0    0 17856 28720 10047 6116 10  6 52 33  0	
 3  7  51632 201504   7580 22550712    0    0 19394 36888 9433 6240  8  3 54 35  0	
 1  6  51632 200880   7580 22549260    0    0 18434 34096 10785 7536  8  4 55 32  0	
 0  7  51632 207760   7584 22540056    0    0 20546 24576 10810 7370  9  4 50 37  0	
 1  7  51632 215932   7580 22531360    0    0 16834 48896 11023 7120  8  3 51 38  0	
 2  7  51632 212332   7592 22534064    0    0 14722 43568 10621 7739  7  4 56 32  0	
 0  5  51632 242120   7596 22498888    0    0 17986 39424 10566 6381  9  4 52 35  0	
 2  7  51632 208820   7600 22525084    0    0 16192 48236 9370 6042  7  3 57 32  0	
 1  4  51632 190140   7604 22542184    0    0 15748 41500 8355 5489  6  3 60 30  0	
 0  5  51632 202184   7604 22530224    0    0 21250 24576 11103 6769 10  4 55 31  0	
 2  6  51632 210440   7612 22520560    0    0 17218 26386 9036 5788  8  3 56 33  0	
 2  4  51632 204676   7612 22523740    0    0 21056 24320 9373 6540  9  4 49 39  0	
 2  7  51632 214420   7496 22514800    0    0 14660 50264 7614 5348  7  3 51 39  0	
 5  5  51632 206676   7484 22510920    0    0 23424 16384 9473 5893 12  4 50 35  0	
 3  3  51632 198896   7476 22519872    0    0 24512 16384 9594 6360 11  4 62 23  0	
 2  4  51632 201196   7472 22517928    0    0 25282 24376 9852 6226 11  4 56 29  0	
 1  7  51632 203156   7464 22514888    0    0 22658 24320 9109 5799 10  3 62 25  0	
 0  5  51632 201708   7472 22518092    0    0 21184 32820 8189 5528  9  3 61 27  0	
 1  9  51632 212388   7472 22494968    0    0 26690  8718 13777 6540 13  6 57 25  0	
procs -----------memory---------- ---swap-- -----io---- --system-- -----cpu-----
 r  b   swpd   free   buff  cache   si   so    bi    bo   in   cs us sy id wa st
 4 10  51632 186076   7472 22519852    0    0 27776 16128 10607 5927 12  3 49 36  0	
 0  5  51632 182868   7480 22520920    0    0 16960 24632 7844 4551  8  2 49 41  0	
 0  6  51632 212192   7484 22490496    0    0 19266 41982 8619 4819  8  3 56 33  0	
 2  3  51632 192040   7484 22512288    0    0 20800 24576 9212 5380 10  3 54 34  0	
 1  7  51632 200632   7496 22502084    0    0 18308 34644 7578 4681  8  2 58 31  0	
 3  9  51632 207644   7488 22480468    0    0 22208 32768 9720 5355 11  3 56 30  0	
 1 10  51632 192740   7500 22494660    0    0 27010 16176 11872 6712 12  3 39 46  0	
 2  5  51632 199524   7500 22488216    0    0 16320 40450 8859 5872  7  3 54 35  0	
 1  6  51632 191196   7504 22496012    0    0 17410 42236 7645 4852  7  2 60 30  0	
 1  5  51632 184748   7516 22501644    0    0 17664 32818 9096 5925  8  3 57 33  0	
 1 10  51632 220088   7512 22461992    0    0 21444 27320 12780 7543 11  6 49 34  0	
 3  8  51632 207628   7520 22469504    0    0 20288 24368 11461 7056  9  3 50 37  0	
 3 10  51632 214236   7512 22462692    0    0 22530  3768 12293 8005 10  3 45 41  0	
 0  4  51632 210416   7516 22467972    0    0 11718 58432 7465 4780  5  2 49 44  0	
 1 11  51632 207836   7524 22468892    0    0 24580 32590 11248 7130 12  4 53 31  0	
 7  6  51632 200836   7528 22470864    0    0 25604 22528 14551 9622 12  5 43 40  0	
 2  7  51632 201580   7540 22461764    0    0 21636 23628 10540 6717 10  3 48 38  0	
 2 12  51632 203260   7548 22459104    0    0 18884 30208 10549 6564  9  3 39 48  0	
 1 10  51632 209120   7548 22449820    0    0 15104 31264 11486 6326  9  3 38 51  0	
 3 12  51632 211432   7552 22446148    0    0 18370 40756 11520 6814  8  3 36 52  0	
 2 17  51632 193876   7556 22465180    0    0 20672 23590 11060 6380 10  3 27 60  0	
procs -----------memory---------- ---swap-- -----io---- --system-- -----cpu-----
 r  b   swpd   free   buff  cache   si   so    bi    bo   in   cs us sy id wa st
 1 12  51632 213832   7568 22444204    0    0 16514 40758 10045 5896  8  2 37 52  0	
 2 11  51632 211940   7568 22437924    0    0 17088 40450 9869 5361  9  2 28 61  0	
 1 12  51632 204576   7572 22444464    0    0 18690 42240 10638 6260  9  3 36 52  0	
 2 12  51632 199392   7572 22448796    0    0 22208 23616 10785 6375 10  3 33 54  0	
 0 10  51632 206732   7580 22438752    0    0 22850 42240 11461 6769 10  3 44 43  0	
 0  1  51632 204988   7580 22442936    0    0 20096 40450 10123 6377  9  3 42 46  0	
 3 13  51632 200540   7588 22445072    0    0 26374 29530 14724 9025 12  4 29 55  0	
 1  9  51632 239092   7588 22399988    0    0 19776 48280 11720 7037 10  4 37 48  0	
 2 11  51632 213276   7596 22421424    0    0 25664 24630 13244 8773 12  4 30 54  0	
 2  8  51632 211308   7592 22424156    0    0 23298 29282 11100 6540 10  3 35 52  0	
 1 10  51632 189344   7596 22445616    0    0 22080 48140 10761 6600 10  3 34 53  0	
 1  9  51632 213484   7608 22419100    0    0 26562 34358 11058 6499 10  3 46 41  0	
 2  7  51632 198392   7608 22429576    0    0 22336 32514 10737 5951 11  5 32 52  0	
 3  9  51632 196780   7612 22430060    0    0 21636 41762 10176 6047 10  3 38 49  0	
 1  9  51632 204096   7616 22421788    0    0 24260 33810 10394 6494 11  3 39 47  0	
 0  9  51632 211720   7616 22413208    0    0 25152 32768 11524 7180 11  3 37 48  0	
 2  8  51632 204884   7620 22421156    0    0 23878 32046 12220 7257 10  3 38 49  0	
 1  7  51632 203112   7616 22418312    0    0 14658 58638 9560 6679  8  3 44 45  0	
 0  7  51632 203256   7624 22415964    0    0 21824 40500 10766 7073 10  4 44 42  0	
 5  8  51632 181636   7628 22435828    0    0 17602 42498 11441 7336  9  4 40 47  0	
 3  9  51632 186964   7624 22430144    0    0 21952 47910 13226 8853 10  5 41 44  0	
procs -----------memory---------- ---swap-- -----io---- --system-- -----cpu-----
 r  b   swpd   free   buff  cache   si   so    bi    bo   in   cs us sy id wa st
 2  9  51632 212476   7636 22402216    0    0 25668 25908 13423 8865 12  5 45 38  0	
 0  7  51632 215396   7628 22383736    0    0 26178 32768 14855 9108 14  6 41 39  0	
 1  7  51632 197588   7640 22404492    0    0 18434 34982 10873 7430  9  4 50 37  0	
 1  9  51632 207848   7632 22393860    0    0 24322 24576 12832 8431 11  5 49 36  0	
 1  9  51632 202504   7636 22398044    0    0 28802 26384 14280 9368 13  5 37 44  0	
 1 12  51632 200412   7640 22400432    0    0 21504 32822 11859 7698 10  4 43 43  0	
 2 11  51632 202424   7636 22399584    0    0 20674 40228 10972 6726 10  3 40 47  0	
 3 11  51632 186172   7644 22398964    0    0 19520 49194 12238 6722 10  4 47 39  0	
 1  8  51632 181628   7128 22402924    0    0 19140 32256 12457 6985  9  4 35 53  0	
 1 11  51632 182864   5780 22402752    0    0 22848 24576 13380 8086 10  4 33 52  0	
 0 13  51632 207948   5784 22374960    0    0 16708 46652 10452 6362  8  3 44 45  0	
 1 15  51632 205440   5792 22377908    0    0 19524 45588 12886 7903  9  4 33 55  0	
 4 16  51632 195212   5796 22388040    0    0 14852 42932 10728 7095  7  4 42 47  0	
 1 10  51632 183820   5796 22394292    0    0 17280 40960 12584 7991  9  6 37 48  0	
 0  9  51632 212472   5792 22362964    0    0 17538 58114 11265 7706  8  4 38 51  0	
 0  8  51632 206468   5804 22368760    0    0 11330 57720 9469 6752  6  3 53 38  0	
 3 10  51632 213116   5784 22359504    0    0 22592 32514 11060 8005 10  4 43 43  0	
 0  1  51632 202308   5784 22368976    0    0 17154 58112 10363 8091  8  4 46 42  0	
 4  6  51632 204036   5788 22368864    0    0 22338 35150 12719 9347 10  5 39 46  0	
 3  7  51632 187380   5788 22383376    0    0 20546 40706 15643 10962 11  7 41 40  0	
 2  5  51632 207092   5792 22359832    0    0 20996 44082 12845 9356 10  5 47 38  0	
procs -----------memory---------- ---swap-- -----io---- --system-- -----cpu-----
 r  b   swpd   free   buff  cache   si   so    bi    bo   in   cs us sy id wa st
 3 13  51632 201340   5784 22366056    0    0 24256 23590 14239 11045 12  5 42 41  0	
 2  9  51632 416020   5788 22151336    0    0 20290 46592 13179 9715 10  6 40 45  0	
 0 11  51632 288988   5804 22276264    0    0 21378 33368 12168 8244 10  4 45 41  0	
 2  7  51632 190408   5804 22376856    0    0 17344 56330 12155 8439  9  4 48 39  0	
 4  8  51632 192560   5816 22364068    0    0 24834 39988 12113 7796 13  5 47 35  0	
 1  5  51632 208988   5812 22345376    0    0 21192 44546 13635 9549 10  4 54 32  0	
 0  8  51632 195696   5816 22355440    0    0 25218 24576 12702 8557 12  4 51 33  0	
 1  5  51632 206396   5824 22343360    0    0 19076 41022 10879 7590  9  4 48 40  0	
 0 15  51632 195308   5824 22353604    0    0 29248 24576 15202 9980 15  5 40 40  0	
 0  8  51632 190756   5836 22348516    0    0 23618 33332 11591 7534 10  4 51 35  0	
 5 10  51632 211832   5820 22326472    0    0 26560 16384 12543 6708  9  4 50 37  0	
 0 13  51632 192196   5820 22345084    0    0 22016 32266 9838 6448  8  3 50 40  0	
 3 11  51632 211300   5832 22323824    0    0 24066 25648 12102 7417  8  3 48 41  0	
 2 11  51632 217508   5832 22318132    0    0 25920 32768 11286 6359  7  3 52 38  0	
 0  2  51632 212516   5832 22322524    0    0 24642 15126 8832 4913  7  2 57 34  0	
 2  5  51632 209648   5836 22325148    0    0 22466 26918 9311 5364  6  2 53 39  0	
 5  6  51632 215264   5836 22313448    0    0 18116 40198 9053 5168  6  2 56 36  0	
 3 10  51632 211176   5852 22317704    0    0 25670 13096 9165 5672  6  3 57 34  0	
 1  6  51632 205164   5836 22322768    0    0 16128 48392 8876 5955  7  3 54 37  0	
 1  3  51632 212896   5840 22316180    0    0 16130 46334 9563 6244  7  3 56 34  0	
 0 10  51632 199936   5844 22331060    0    0 17542 57914 8542 5146  8  3 64 26  0	
procs -----------memory---------- ---swap-- -----io---- --system-- -----cpu-----
 r  b   swpd   free   buff  cache   si   so    bi    bo   in   cs us sy id wa st
 2  7  51632 186812   5848 22344540    0    0 21248 31778 9578 5742 10  3 63 25  0	
 4  6  51632 203048   5860 22327436    0    0 22726 32564 9697 5800 10  4 61 26  0	
 0  2  51632 209876   5860 22318280    0    0 13634 64262 11057 6623  8  3 67 22  0	
 0  1  51632 181220   5864 22347620    0    0  3522 102132 4117 3295  2  2 86 10  0	
 0  1  51632 192428   5880 22336904    0    0  5636 91172 3060 2183  2  1 87 10  0	
 3  0  51632 211560   5888 22315708    0    0  2116 113456 2927 2297  1  1 90  8  0	
 1  2  51632 192712   5900 22336368    0    0  3330 109088 2958 2166  1  1 88 10  0	
 0  2  51632 208412   5904 22320724    0    0  3074 79756 2734 1893  1  1 80 17  0	
 0  2  51632 193624   5912 22336996    0    0  1220 110104 2449 1933  1  1 90  8  0	
 0  1  51632 182272   5932 22347504    0    0  4038 102476 1708 1431  1  1 90  9  0	
 0  1  51632 204596   5936 22324592    0    0  2178 110070 2103 1614  1  1 90  8  0	
 0  1  51632 198124   5944 22332228    0    0  1412 108060 1520 1453  1  1 90  8  0	
 2  1  51632 209520   5960 22319896    0    0  4228 99130 2907 2216  2  1 88  9  0	
 2  1  51632 191872   5964 22338176    0    0  4354 99096 2291 1854  2  1 88  9  0	
 1  0  51632 207432   5976 22322224    0    0  4418 65876 2267 1839  2  1 89  8  0	
 0  0  51632 191172   5976 22339016    0    0  3968     0 2050 1846  2  1 98  0  0	
 3  1  51632 205028   5968 22324452    0    0  4800     0 2365 2129  2  1 97  0  0	
 0  1  51632 186240   5984 22344536    0    0  4164 132376 2388 2073  2  1 89  8  0	
 0  4  51632 198632   5992 22332676    0    0  4292 95000 2651 2173  2  1 88  9  0	
 1  1  51632 204660   6004 22325548    0    0  4930 98634 2812 2512  2  1 85 12  0	
 1  1  51632 213812   6008 22316588    0    0  5506 82422 2493 2437  2  1 86 10  0	
procs -----------memory---------- ---swap-- -----io---- --system-- -----cpu-----
 r  b   swpd   free   buff  cache   si   so    bi    bo   in   cs us sy id wa st
 4  1  51632 182284   6012 22348780    0    0 13188 68610 4907 4251  6  2 81 11  0	
 1  1  51632 208348   6036 22323664    0    0  1478 107586 2330 1727  1  1 90  8  0	
 1  1  51632 195912   6044 22336992    0    0  1860 113658 2304 1631  1  1 91  7  0	
 1  1  51632 206988   6056 22324804    0    0  4610 90174 2776 2056  2  1 87  9  0	
 1  1  51632 191876   6064 22339240    0    0  2372 111682 2107 1698  1  1 88 11  0	
 1  1  51632 187772   6072 22343916    0    0   772 117084 1482 1273  0  1 91  8  0	
 1  1  51632 210368   6084 22322104    0    0  2114 104794 2075 1603  1  1 87 11  0	
 2  0  51632 207872   6092 22324980    0    0   708 120578 1364 1120  0  1 91  8  0	
 0  1  51632 195740   6112 22338072    0    0  1990 111668 2204 1719  1  1 89  9  0	
 1  1  51632 183752   6124 22348612    0    0  1094 111636 2109 1536  1  1 91  7  0	
 1  1  51632 196592   6136 22336040    0    0  3334 108388 3645 2555  1  1 86 11  0	
 3  0  51632 212516   6144 22318740    0    0  4480 44824 2330 1744  1  1 92  5  0	
 3  1  51632 192384   6144 22340708    0    0  4288     0 2784 1963  2  1 97  0  0	
 3  0  51632 210272   6152 22322044    0    0  3264    20 2281 1593  1  1 98  0  0	
 1  0  51632 196008   6156 22336280    0    0  2370 19852 2335 1613  1  1 96  2  0	
 2  0  51632 215368   6148 22316724    0    0  3968     0 2905 2082  2  1 97  0  0	
 1  0  51632 208252   6156 22325128    0    0  1728    84 1703 1340  1  0 99  0  0	
 3  0  51632 193464   6156 22340716    0    0  2816     0 2115 1663  1  1 98  0  0	
 1  0  51632 183428   6164 22350256    0    0   640    24 1589 1454  0  1 99  0  0	
 1  0  51632 198328   6164 22334660    0    0  3842     2 2205 1816  2  1 97  0  0	
 1  0  51632 184900   6164 22348468    0    0  2560     0 2072 1649  1  1 98  0  0	
procs -----------memory---------- ---swap-- -----io---- --system-- -----cpu-----
 r  b   swpd   free   buff  cache   si   so    bi    bo   in   cs us sy id wa st
 1  0  51632 208880   6172 22324356    0    0  2688 23532 2051 1486  1  1 98  1  0	
 1  0  51632 196976   6172 22337584    0    0  3010     0 2064 1482  1  1 98  0  0	
 1  0  51632 212520   6180 22320564    0    0  5184    28 2573 1692  1  1 97  1  0	
 1  0  51632 185416   6772 22348848    0    0  6810     0 3066 2553  3  1 95  1  0	
 1  0  51632 206008   6772 22328056    0    0  3456     0 2099 1575  1  1 98  0  0	
 1  0  51632 193440   6780 22340700    0    0  3392 28098 2086 1537  1  1 97  1  0	
 1  0  51632 212612   6780 22319928    0    0  3648     0 2339 1751  1  1 98  0  0	
 1  0  51632 199400   6788 22333828    0    0  4288    40 2363 1451  1  1 98  0  0	
 1  0  51632 186732   6788 22347208    0    0  3648   754 2651 1544  1  1 98  0  0	
 1  0  51632 208060   6788 22324828    0    0  3456     0 2740 1468  1  1 98  0  0	
 1  1  51632 205520   6800 22328864    0    0  1026 19226 1632 1172  0  0 98  1  0	
 2  0  51632 192740   6804 22342428    0    0  5572  4238 1883 1425  1  0 99  0  0	
 1  0  51632 213400   6812 22319788    0    0  3200    38 1891 1417  1  1 98  0  0	
 0  0  51632 204604   6812 22329372    0    0  3136     0 1880 1310  1  0 99  0  0	
 1  0  51632 189720   6812 22344180    0    0  4160     0 2353 1533  2  1 98  0  0	
 1  0  51632 209216   6820 22325052    0    0  3584    14 2130 1597  1  1 98  0  0	
 1  0  51632 201592   6824 22333576    0    0  1536  8354 2016 1537  0  1 99  0  0	
 1  0  51632 193664   6832 22341624    0    0  3584    36 1681 1201  0  0 99  0  0	
 1  0  51632 182208   6832 22353120    0    0  5120  8686 1963 1302  0  0 99  0  0	
 1  0  51632 209548   6832 22325076    0    0  2432     0 1607 1163  0  0 100  0  0	
 4  0  51632 202108   6840 22333148    0    0  3394    20 1865 1257  0  0 100  0  0	
procs -----------memory---------- ---swap-- -----io---- --system-- -----cpu-----
 r  b   swpd   free   buff  cache   si   so    bi    bo   in   cs us sy id wa st
 1  0  51632 189636   6840 22346424    0    0  6080     0 2022 1437  0  0 99  0  0	
 1  0  51632 187216   6848 22348808    0    0  1024    26  725 1030  0  0 100  0  0	
 1  0  51632 186808   6848 22348796    0    0     0   402  551  970  0  0 100  0  0	
 2  0  51632 186972   6848 22348796    0    0     0     0  548  975  0  0 100  0  0	
 1  1  51632 187168   6856 22348796    0    0     0    24  573  957  0  0 100  0  0	
 1  0  51632 186804   6856 22348796    0    0     0     0  550  979  0  0 100  0  0	
 0  0  51632 187564   6856 22348796    0    0     0     0  567  965  0  0 100  0  0	
 0  0  51632 186932   6868 22348792    0    0     0 12572  568  973  0  0 100  0  0	
 0  0  51632 187256   6868 22348796    0    0     0     0  541  950  0  0 100  0  0	
 0  0  51632 187480   6868 22348796    0    0     0     0  624 1003  0  0 100  0  0	
 0  0  51632 187588   6876 22348792    0    0     0  3600  528  943  0  0 99  1  0	
 0  0  51632 187596   6876 22348796    0    0     0     0  564  970  0  0 100  0  0	
 0  0  51632 187516   6884 22348788    0    0     0    14  526  971  0  0 100  0  0	
 0  0  51632 188032   6884 22348796    0    0     0     0  495  949  0  0 100  0  0	
 0  0  51632 188252   6884 22348800    0    0     0     0  526  952  0  0 100  0  0	
 0  0  51632 188184   6892 22348800    0    0     0     8  516  968  0  0 100  0  0	
 0  0  51632 188436   6892 22348816    0    0     0     0  546  963  0  0 100  0  0	
 0  0  51632 188148   6892 22348816    0    0     0    64  549  975  0  0 100  0  0	
 0  0  51632 188504   6900 22348808    0    0     0    30  528  966  0  0 100  0  0	
 0  0  51632 188636   6900 22348816    0    0     0     0  537  965  0  0 100  0  0	
 0  0  51632 188292   6900 22348816    0    0     0     2  594  939  0  0 100  0  0	
procs -----------memory---------- ---swap-- -----io---- --system-- -----cpu-----
 r  b   swpd   free   buff  cache   si   so    bi    bo   in   cs us sy id wa st
 0  0  51632 189020   6908 22348812    0    0     0     6  568  973  0  0 100  0  0	
 0  0  51632 189132   6908 22348816    0    0     0     0  546  963  0  0 100  0  0	
 1  0  51632 189404   6908 22348816    0    0     0     0  538  960  0  0 100  0  0	
 0  0  51632 189188   6916 22348808    0    0     0     8  542  979  0  0 100  0  0	
 0  0  51632 189532   6916 22348816    0    0     0    52  552  961  0  0 100  0  0	
 0  0  51632 189176   6916 22348820    0    0     0     0  573  960  0  0 100  0  0	
 0  0  51632 189684   6924 22348820    0    0     0    14  600  983  0  0 100  0  0	
 1  0  51632 189184   6924 22348820    0    0     0     0  531  936  0  0 100  0  0	
 0  0  51632 189900   6924 22348820    0    0     0     0  541  991  0  0 100  0  0	
 0  0  51632 190104   6932 22348812    0    0     0     6  558  962  0  0 100  0  0	
 0  0  51632 190220   6932 22348824    0    0     0     0  567  964  0  0 100  0  0	
 0  0  51632 190620   6932 22348824    0    0     0    32  558  966  0  0 100  0  0	
 0  0  51632 190484   6940 22348816    0    0     0    24  544  974  0  0 100  0  0	
 0  0  51632 189740   6940 22348824    0    0     0     0  539  940  0  0 100  0  0	
 0  0  51632 189740   6940 22348824    0    0     0     0  555  964  0  0 100  0  0	
 0  0  51632 189924   6948 22348824    0    0     0     8  562  972  0  0 100  0  0	
 0  0  51632 190036   6948 22348824    0    0     0     0  548  965  0  0 100  0  0	
 1  0  51632 2926704   6948 22348980    0    0   116     0 1119 1369  0  0 99  0  0	
 0  0  51632 8988620   6960 22348748    0    0     0    40  648  658  0  0 99  0  0	
