procs -----------memory---------- ---swap-- -----io---- -system-- -----cpu------
 r  b   swpd   free   buff  cache   si   so    bi    bo   in   cs us sy id wa st
 0  3   6436 31325376   3504  89208    0    0    40    19    1    1  0  0 99  0  0
 0  1   6436 31258228   3808 104960    0    0  7972     0 1546 1310  5  0 86  8  0
 1  0   6436 31165636   3856 123680    0    0  9640     0 1740 1578  9  0 88  3  0
 0  0   6436 31119868   3872 129740    0    0  3000   116 1350 1794  3  0 95  1  0
 1  1   6436 31119620   3872 129500    0    0     8  1112  849  882  0  0 96  4  0
14  0   6436 31022212   3900 132812    0    0  1724   128 1873 3064 14  0 79  7  0
 3 12   6436 30216028   4172 208140    0    0 17598     0 9242 11650 35  3 55  8  0
 7  3   6436 26998528   4520 443064    0    0 56466    18 13341 15134 27  8 46 20  0
 7  1   6436 25229012   4880 764360    0    0 66372     0 19006 18762 37  8 45 10  0
 5  1   6436 24311720   5252 1118068    0    0 68396     0 17518 19648 37  6 50  7  0
 8  3   6436 23916780   5532 1414056    0    0 57284 36362 17151 18664 29  5 52 14  0
 6  2   6436 23578532   5856 1751416    0    0 57340    14 18573 21324 32  5 49 14  0
 2  1   6436 23268352   6108 1997012    0    0 48574 15496 16611 15377 30  4 51 15  0
 4  1   6436 23069888   6312 2194700    0    0 34338 49306 14831 13023 15  3 71 11  0
 3  1   6436 22728956   6524 2409444    0    0 30750 23070 15752 15542 17  4 67 13  0
 3  3   6436 22520124   6708 2618156    0    0 29620 39394 15915 15253 14  3 72 10  0
 4  3   6436 22298544   6940 2840412    0    0 23422 28682 15365 16879 13  3 72 12  0
 5  3   6436 21882780   7188 3093292    0    0 31016 43104 15904 18095 16  4 68 12  0
 5  2   6436 20396128   7416 3317928    0    0 32550 34470 15529 15630 16  5 67 12  0
 2  3   6436 20188552   7596 3528000    0    0 23726 31972 15843 17381 12  3 72 12  0
 1  1   6436 20019928   7784 3696264    0    0 23296 23214 14423 13375 11  3 73 13  0
procs -----------memory---------- ---swap-- -----io---- -system-- -----cpu------
 r  b   swpd   free   buff  cache   si   so    bi    bo   in   cs us sy id wa st
 1  1   6436 19839136   7992 3875744    0    0 24222 58146 17628 16764 10  3 71 16  0
 2  4   6436 19597024   8172 4060032    0    0 28852 35816 15846 15676 14  3 73 11  0
 3  2   6436 19370120   8344 4237544    0    0 25856 36700 16417 16100 15  3 69 14  0
 1  2   6436 19230924   8464 4376020    0    0 23828 35832 13622 11968 12  2 72 14  0
 3  3   6436 19068328   8660 4538224    0    0 27068 29762 14473 13237 13  2 69 16  0
 4  6   6436 18761644   8948 4814496    0    0 54618  5930 16126 18506 25  4 54 17  0
 3  3   6436 18444808   9264 5130880    0    0 60818  6122 15965 19366 26  4 50 20  0
 3  2   6436 18101908   9592 5466216    0    0 61632  6532 16728 20958 28  5 53 14  0
 2  5   6436 17867352   9840 5698284    0    0 38620 35052 15516 17843 18  3 68 11  0
 0  4   6436 17752048   9936 5815208    0    0 17762 55956 14112 13499  9  2 75 14  0
 1  3   6436 17574572  10144 5991560    0    0 18836 36618 15851 16479 11  3 72 15  0
 3  2   6436 17355680  10416 6197456    0    0 28470 26294 16317 18042 14  4 61 22  0
 7  3   6436 17066372  10712 6485400    0    0 45896 22592 15827 21334 21  4 61 14  0
 5  7   6436 16705284  11044 6834068    0    0 66500  7076 16780 22792 32  5 45 18  0
 5  5   6436 16382040  11372 7157924    0    0 68812     0 16019 21259 29  5 46 20  0
 5  5   6436 16031400  11692 7495188    0    0 71346  7120 15767 21695 33  5 40 22  0
 2  4   6436 15772704  11948 7753524    0    0 56158  5204 15632 18965 25  4 51 20  0
 3  3   6436 15558184  12160 7960216    0    0 38438 25574 15774 19025 18  3 67 12  0
 4  3   6436 15343268  12384 8174408    0    0 42004 28892 14596 18295 18  3 67 12  0
 3  3   6436 15086712  12652 8429700    0    0 51128 12884 15619 19997 22  4 59 15  0
 3  5   6436 14798172  12916 8709020    0    0 54862  5604 16063 21736 25  4 60 11  0
procs -----------memory---------- ---swap-- -----io---- -system-- -----cpu------
 r  b   swpd   free   buff  cache   si   so    bi    bo   in   cs us sy id wa st
 3  2   6436 14528984  13156 8980532    0    0 54300 14784 14899 19585 23  3 60 14  0
 1  2   6436 14341272  13356 9158372    0    0 34222 42734 14889 15886 16  3 69 13  0
 2  5   6436 14219240  13472 9280472    0    0 19272 47128 13816 13639  9  2 77 12  0
 1  3   6436 14079332  13612 9421360    0    0 20868 45406 15123 16107 10  2 74 14  0
 2  5   6436 13925440  13760 9572640    0    0 27468 33974 14786 15014 13  3 75  9  0
 3  2   6436 13786692  13908 9712656    0    0 25936 38008 13877 12663 11  2 71 15  0
 2  2   6436 13615860  14084 9880308    0    0 29346 27496 15161 15590 15  3 67 15  0
 4  2   6436 13459108  14220 10035804    0    0 27802 37444 14233 13694 12  2 65 20  0
 2  3   6436 13298504  14380 10196856    0    0 24626 42680 14683 16743 11  2 70 17  0
 2  3   6436 13093384  14588 10401924    0    0 23554 19466 14574 18935 12  3 66 18  0
 0  2   6436 12925156  14784 10567120    0    0 17424 61530 14652 19778 10  7 71 12  0
 1  2   6436 12699948  15012 10789236    0    0 23066 42234 15311 20092 12  3 66 18  0
 0 14   6436 12542676  15176 10947444    0    0 13756 41008 15417 18332  9  3 61 27  0
 0  3   6436 12348624  15364 11141548    0    0 34292 38338 16566 18715 14  3 63 20  0
 1  2   6436 12199072  15532 11290376    0    0 20886 32380 15114 17488 10  2 77 11  0
 0  2   6436 12085836  15644 11404216    0    0 11284 50870 13774 15190  6  2 82 10  0
10  2   6436 11952048  15764 11537272    0    0 19220 48224 14349 16278 10  2 78 10  0
 0  4   6436 11795304  15924 11689844    0    0 19754 37368 14624 17058 10  3 74 13  0
 1  2   6436 11675900  16036 11808308    0    0  9588 48770 13130 14820  7  2 77 14  0
 0  2   6436 11523164  16196 11962224    0    0 17180 35144 14537 18112  9  2 74 15  0
 0  2   6436 11409672  16324 12074888    0    0 13846 49856 11959 12168  6  2 80 11  0
procs -----------memory---------- ---swap-- -----io---- -system-- -----cpu------
 r  b   swpd   free   buff  cache   si   so    bi    bo   in   cs us sy id wa st
 2  2   6436 11311588  16424 12174308    0    0 13830 43128 10465 9754  7  2 80 12  0
 2  2   6436 11182132  16560 12301700    0    0 14866 44094 12923 13819  8  2 78 12  0
 5  4   6436 11050196  16656 12433832    0    0 16782 34478 12912 12764  9  2 78 11  0
 2  1   6436 10899452  16804 12577000    0    0 19610 50098 13821 15503 10  3 76 12  0
 1  2   6436 10769384  16936 12707640    0    0 19732 47644 12479 13133  9  2 78 11  0
 2  3   6436 10661496  17044 12814652    0    0 13224 52838 12977 14013  7  2 80 11  0
 2  2   6436 10507536  17200 12968860    0    0 19586 40082 13318 15289  9  2 76 12  0
 1  2   6436 10413236  17272 13064648    0    0 18574 41208 8885 8093  8  1 77 13  0
 0  2   6436 10340680  17352 13137084    0    0 12428 43538 8641 7605  6  1 81 12  0
 0  2   6436 10241116  17440 13234880    0    0  8710 57604 9591 9700  5  1 80 14  0
 2  2   6436 10124780  17568 13352452    0    0  9230 50476 10037 11102  5  2 81 13  0
 3  3   6436 9957884  17716 13499948    0    0 15892 48382 11476 12187  8  3 79 10  0
 3  3   6436 9827692  17848 13629468    0    0 11686 50090 10007 11403  6  2 79 13  0
 3  5   6436 9706544  17968 13750200    0    0 12092 57822 10112 11038  6  2 79 13  0
 2  3   6436 9591612  18060 13865764    0    0 17478 49694 10894 10710  8  2 77 14  0
 2  3   6436 9487740  18164 13970808    0    0 19240 53996 9707 8528  8  2 79 11  0
 2  3   6436 9411604  18244 14045224    0    0 15488 45300 8136 7092  6  1 76 16  0
 0  7   6436 9333400  18340 14124764    0    0 17506 49604 7071 4942  7  1 69 22  0
 0  3   6436 9276128  18392 14183256    0    0 13896 61704 6023 3909  6  1 77 16  0
 1  2   6436 9223428  18448 14232756    0    0 11532 48072 5176 3372  5  1 77 17  0
 0  2   6436 9171712  18504 14287028    0    0 11146 62780 6008 4629  5  1 80 15  0
procs -----------memory---------- ---swap-- -----io---- -system-- -----cpu------
 r  b   swpd   free   buff  cache   si   so    bi    bo   in   cs us sy id wa st
 0  2   6436 9109836  18564 14347112    0    0 12046 45134 7007 5528  5  1 75 18  0
 0  2   6436 9059988  18608 14397360    0    0  9860 66056 6104 4991  5  1 83 11  0
 0  2   6436 9009396  18656 14448952    0    0  9354 50614 6098 4839  5  1 85  9  0
 0  2   6436 8950844  18732 14508364    0    0  6032 55282 6329 6704  3  1 87  9  0
 0  2   6436 8865704  18812 14594320    0    0  7174 61160 7799 8959  4  1 87  8  0
 0  2   6436 8733008  18952 14725400    0    0  7684 60242 9712 11497  5  2 84  9  0
 0  2   6436 8602924  19068 14856732    0    0  8972 59166 9768 11303  5  2 85  9  0
 1  3   6436 8481880  19176 14978112    0    0  7944 63848 9469 10679  6  2 78 15  0
 1  3   6436 8385384  19292 15072692    0    0 17456 43740 7921 7554  8  2 76 15  0
 1  4   6436 8224252  19476 15211448    0    0 11696 52810 10971 12096  6  2 80 11  0
 2  4   6436 7973740  19728 15460720    0    0 28960 43850 13280 16017 13  3 63 20  0
 3  7   6436 7618952  20080 15814764    0    0 50156  6998 15208 19795 23  4 51 22  0
 5  4   6436 7292128  20364 16121420    0    0 48490 26606 14252 17698 22  4 52 22  0
 2  2   6436 7038944  20604 16373412    0    0 55840  7658 13290 12075 23  3 53 22  0
 2  4   6436 6799640  20852 16594516    0    0 50490 19302 10257 11310 22  3 58 17  0
 4  4   6436 6529940  21116 16862928    0    0 63196  4664 10586 12366 26  3 52 18  0
 6  4   6436 6249932  21376 17126912    0    0 60218  5550 10099 13246 26  3 56 15  0
 2  3   6436 5947836  21660 17428872    0    0 62242  6712 11892 17237 28  4 53 15  0
 3  6   6436 5658792  21984 17708876    0    0 57488 14118 11529 16824 25  3 56 15  0
12  2   6436 5408932  22236 17958664    0    0 56316  6118 10746 14782 23  3 57 17  0
 5  4   6436 5089756  22524 18255972    0    0 62554 12460 10948 17851 27  4 54 16  0
procs -----------memory---------- ---swap-- -----io---- -system-- -----cpu------
 r  b   swpd   free   buff  cache   si   so    bi    bo   in   cs us sy id wa st
 1  5   6436 4820296  22788 18523904    0    0 54606 12172 10436 17133 23  3 59 15  0
 3  4   6436 4596608  23004 18748432    0    0 44954 23976 11322 14567 19  3 65 12  0
 3  2   6436 4350708  23216 18970512    0    0 45974   986 9994 14245 20  3 67 10  0
 5  2   6436 4231800  23428 19090884    0    0 44848 14578 8208 10426 18  8 58 15  0
 0  4   6436 4035880  23624 19267044    0    0 40010  3242 7476 9539 18  2 60 20  0
 1  2   6436 3903896  23764 19397516    0    0 31882 24452 6864 7438 12  2 68 18  0
 1  3   6436 3807332  23872 19494460    0    0 20504 31354 6904 6532  8  2 80 11  0
 2  3   6436 3753268  23920 19547384    0    0  9606 34758 5515 5070  5  1 78 16  0
 0  2   6436 3685976  23984 19615420    0    0 13072 46616 5849 5570  6  1 76 17  0
 0  2   6436 3630548  24044 19670824    0    0 10252 44302 5659 5395  5  1 85  9  0
 1  3   6436 3578576  24080 19723072    0    0  9118 55396 5647 5282  4  1 86  9  0
 0  2   6436 3517204  24152 19784832    0    0 11252 33482 5735 5207  5  1 86  8  0
 1  2   6436 3451912  24184 19827904    0    0  8198 30594 4553 4090  4  1 86  9  0
 0  2   6436 3405320  24236 19875504    0    0  9234 37888 4785 4200  4  1 84 10  0
 1  3   6436 3355820  24292 19925516    0    0  8482 36930 4916 4648  4  1 79 15  0
 3  2   6436 3252088  24408 20030168    0    0 22526 25750 6262 6809  9  2 72 18  0
 1  4   6436 3144160  24536 20136412    0    0 22740 19110 6746 7009 10  1 71 18  0
 1  3   6436 3017564  24644 20265068    0    0 28648 33536 6141 6637 12  2 68 19  0
 1  2   6436 2883040  24768 20388032    0    0 28190 47702 6682 6888 12  2 68 18  0
 3  2   6436 2756072  24904 20514912    0    0 29346 20702 7417 7728 12  2 65 21  0
 0  4   6436 2632056  25032 20637476    0    0 24858 41826 8087 8295 11  2 68 19  0
procs -----------memory---------- ---swap-- -----io---- -system-- -----cpu------
 r  b   swpd   free   buff  cache   si   so    bi    bo   in   cs us sy id wa st
 2  2   6436 2434304  25224 20834304    0    0 45998 11850 9760 11976 19  3 60 18  0
 3  4   6436 2281544  25352 20968440    0    0 28598 40030 7452 9711 13  2 67 18  0
 2  3   6436 2096652  25544 21153788    0    0 43440 17106 8223 11592 18  2 60 20  0
 2  2   6436 2020128  25624 21230468    0    0 16376 54568 5765 6423  7  2 76 15  0
 2  3   6436 1967368  25680 21282652    0    0  9888 43630 4938 4677  4  1 80 14  0
 0  2   6436 1914552  25724 21335804    0    0  8176 60906 6022 5880  5  1 78 16  0
 1  2   6436 1861232  25784 21388856    0    0 10380 49754 5107 5119  4  1 78 16  0
 1  2   6436 1808160  25832 21436740    0    0  8712 49798 4916 5001  4  1 79 16  0
 0  2   6436 1760836  25868 21483296    0    0  7946 48720 5400 5629  4  1 80 15  0
 1  2   6436 1709528  25920 21534732    0    0  8714 50764 5138 5326  4  1 85 10  0
 1  3   6436 1659432  25956 21585404    0    0  9478 49706 4727 4807  4  1 87  8  0
 1  2   6436 1608344  26016 21634912    0    0  8714 52612 4774 5020  4  1 83 12  0
 5  3   6436 1547268  26088 21696972    0    0 11412 52700 6255 6611  5  1 77 16  0
 4  2   6436 1449836  26192 21794488    0    0 18704 35626 8449 7535  9  2 70 20  0
 3  3   6436 1320540  26324 21924752    0    0 26422 37256 10176 8641 11  2 75 12  0
 0  3   6436 1142380  26480 22085948    0    0 27418 32890 10341 11403 13  3 72 12  0
 3  2   6436 953032  26684 22275060    0    0 38164 25430 10511 12060 15  3 69 14  0
 2  3   6436 730568  26904 22497716    0    0 42056 20820 9589 13980 19  3 65 14  0
 2  6   6436 488440  27104 22716508    0    0 41920 13266 8654 13196 19  3 57 21  0
 4  3   6436 241200  27356 22964588    0    0 55944 14498 8234 12551 22  3 48 27  0
 2  2   6436  98732  27032 23104968    0    0 47164 19806 7953 10208 19  3 61 17  0
procs -----------memory---------- ---swap-- -----io---- -system-- -----cpu------
 r  b   swpd   free   buff  cache   si   so    bi    bo   in   cs us sy id wa st
 3  2   6436  98864  27204 23085380    0    0 45024 13474 10211 9809 18  3 65 14  0
 1  2   6436  96756  27376 23087616    0    0 42408 30146 12918 9779 17  3 63 18  0
 4  2   6436 102064  27556 23084348    0    0 33958 38052 11445 11305 14  2 67 17  0
 4  3   6436 106040  27736 23061684    0    0 30268 36726 13113 10079 13  2 71 14  0
 2  4   6436 102792  27872 23065680    0    0 20498 36630 9281 9124  9  2 75 14  0
 2  2   6436 105412  28004 23063756    0    0 26758 39362 10103 9606 11  2 72 15  0
 1  4   6436 105436  28132 23063300    0    0 26800 27204 7515 8214 12  2 75 11  0
 2  3   6436 103668  28380 23054372    0    0 40114 18686 9544 11361 16  3 68 12  0
 2  2   6436 101692  28592 23055308    0    0 42906 20898 9204 12082 17  3 67 13  0
 2  3   6436 102932  28812 23053356    0    0 42278 22124 9721 12372 17  3 67 12  0
 2  3   6436 103336  29048 23028924    0    0 44338 15772 10134 10559 18  3 65 14  0
 2  2   6436 100632  29252 23032420    0    0 48822 11236 6933 9706 21  3 62 14  0
 4  3   6436  99352  29496 23017192    0    0 54226 18598 10515 11960 23  3 58 15  0
 3  4   6436  96872  29728 23019140    0    0 60986  6368 8690 12600 24  3 56 16  0
 0  2   6436  97004  29936 22999116    0    0 40334 37252 9465 12066 17  3 67 13  0
 0  2   6436 103808  30088 22991760    0    0 22176 38398 6953 8232  9  2 77 12  0
 3  3   6436  98708  30204 22997164    0    0 18388 41634 7956 9001  9  1 70 19  0
 1  2   6436 100320  30272 22994980    0    0 16142 49528 6796 7039  7  1 75 17  0
 0  2   6436 103848  30436 22989252    0    0 27678 34360 8873 9067 11  2 71 16  0
 1  3   6436 100112  30532 22993968    0    0 18350 42280 6699 7512  8  1 72 18  0
 3  3   6436 103304  30644 22987960    0    0 20224 41492 8490 9378  9  2 74 15  0
procs -----------memory---------- ---swap-- -----io---- -system-- -----cpu------
 r  b   swpd   free   buff  cache   si   so    bi    bo   in   cs us sy id wa st
 1  3   6436  99576  30788 22994084    0    0 26136 48962 9786 12869 11  3 68 19  0
 1  2   6436  96600  30956 22994460    0    0 25626 41798 9679 12440 10  2 71 17  0
 0  3   6436  97236  31104 22990884    0    0 14896 57842 9831 12303  8  2 76 14  0
 2  2   6436  98708  31228 22991328    0    0 20226 36714 6714 8800  8  2 72 18  0
 3  2   6436 103056  31304 22987992    0    0 18960 48202 5744 7279  8  2 77 14  0
 4  4   6436  97252  31436 22973468    0    0 24520 38824 8187 8640 10  2 77 11  0
 1  3   6436 100500  31604 22969840    0    0 35728 32654 8775 10444 15  2 64 18  0
 5  4   6436 101716  31740 22969224    0    0 25630 50382 7395 8281 11  2 74 13  0
 2  3   6436 103700  31832 22963860    0    0 19218 48262 6861 6667  8  1 80 11  0
 0  2   6436 100096  31904 22970152    0    0 10740 51450 5413 5548  5  1 78 16  0
 1  3   6436  99104  31940 22971412    0    0  6148 55734 5030 5092  4  1 80 15  0
 0  2   6436  99104  31996 22960164    0    0  6662 52274 5463 4905  4  1 80 15  0
 0  2   6436  98988  32048 22958844    0    0  9226 51930 5230 5344  4  1 78 17  0
 1  2   6436 101640  32104 22955844    0    0  5382 51988 5695 6239  3  1 80 15  0
 3  2   6436  96424  32156 22963032    0    0  7048 54274 5313 5319  3  1 80 16  0
 1  3   6436 100224  32272 22959800    0    0 16176 38232 6426 6749  7  1 72 19  0
 0  4   6436  98908  32376 22959964    0    0 18350 49680 7235 8231  9  2 71 19  0
 1  4   6436 102976  32604 22952260    0    0 36466 13724 9732 11793 15  2 65 18  0
 2  3   6436 102100  32816 22932300    0    0 35752 27616 11798 13108 16  3 64 17  0
 3  2   6436 105812  33040 22928568    0    0 29856 41166 11363 13505 13  3 68 16  0
 5  2   6436  99752  33200 22940232    0    0 37730 27896 9533 11352 17  3 62 19  0
procs -----------memory---------- ---swap-- -----io---- -system-- -----cpu------
 r  b   swpd   free   buff  cache   si   so    bi    bo   in   cs us sy id wa st
 2  3   6436 102092  33404 22910904    0    0 40366 27556 9811 11201 17  2 61 20  0
 2  3   6436  98248  33592 22916396    0    0 43564 28734 7958 11688 18  2 56 24  0
 1  5   6436 103364  33780 22913528    0    0 39390 19156 7529 10689 16  3 64 18  0
 2  2   6436 103952  33940 22910572    0    0 30962 51318 7781 10591 13  2 62 23  0
 3  2   6436 100860  34168 22892336    0    0 37544 13024 11723 15485 15  3 62 20  0
 4  3   6436 100364  34372 22894976    0    0 31260 35142 10106 15008 13  3 64 20  0
 1  2   6436  98992  34604 22893004    0    0 37932 23342 10547 14923 16 11 57 16  0
 1  5   6436 101140  34844 22872112    0    0 36572 33002 11307 14077 17  3 57 24  0
 0  4   6436  98148  34928 22878908    0    0 21056 40218 6045 7192  8  1 59 31  0
 3  5   6436 100868  35080 22871928    0    0 33974 30378 7195 9850 14  2 56 29  0
 3  4   6436 103100  35232 22870556    0    0 27784 39354 6767 9045 12  2 65 21  0
 1  2   6436 102976  35424 22850148    0    0 41750 20382 8886 10714 16  3 61 20  0
 2  4   6436 104596  35592 22850500    0    0 35926 26516 8359 11279 15  2 60 22  0
 4  4   6436 102976  35724 22853072    0    0 26990 38768 6840 9063 10  2 65 23  0
 0  2   6436  96900  35820 22860256    0    0 13582 59604 7652 7592  6  1 73 19  0
 1  2   6436 102356  35932 22826816    0    0 15378 40752 10418 9535  7  2 74 17  0
 1  2   6436 104232  36052 22823932    0    0 13582 28668 8540 9334  6  2 68 23  0
 0  3   6436  97760  36104 22831364    0    0  9226 42974 6520 6726  4  1 77 19  0
 1  3   6436 100736  36180 22827844    0    0 11272 35548 7801 9029  5  1 81 13  0
 0  2   6436 100124  36232 22829172    0    0  7818 34782 6123 6443  3  1 84 12  0
 0  3   6436 103116  36284 22825236    0    0  6918 42158 5760 5933  4  1 81 14  0
procs -----------memory---------- ---swap-- -----io---- -system-- -----cpu------
 r  b   swpd   free   buff  cache   si   so    bi    bo   in   cs us sy id wa st
 0  2   6436 102720  36328 22826096    0    0  7174 58272 5155 5290  3  1 78 18  0
 0  3   6436  99984  36380 22827632    0    0  6566 63050 4842 4627  3  1 78 18  0
 0  2   6436 102096  36448 22826144    0    0 13168 54612 8018 8275  6  1 75 18  0
 2  4   6436 103072  36536 22824972    0    0 13964 42198 9001 8780  7  2 74 17  0
 0  2   6436  98164  36592 22829284    0    0  8710 50790 6489 7196  4  1 75 19  0
 1  3   6436 102164  36712 22825644    0    0  6818 57160 8186 9424  4  2 78 17  0
 0  2   6436 105852  36812 22815720    0    0 12920 29724 11684 13820  7  2 74 18  0
 3  3   6436 102572  36920 22819648    0    0  6302 20420 10603 12823  5  2 77 16  0
 3  5   6436 100132  37036 22823820    0    0 17686 34618 12156 11273  8  2 68 22  0
 1  5   6436  99108  37204 22823544    0    0 26394 35274 12970 11274 12  2 64 22  0
 6  3   6436 100472  37356 22818688    0    0 24702 45286 11578 10866 12  2 66 19  0
 1  3   6436 104044  37580 22813052    0    0 13424 44486 8822 10133  7  2 68 23  0
 1  3   6436  98720  37960 22817488    0    0 17544 26824 10564 10896  8  2 69 21  0
 1  4   6436 100100  38248 22805132    0    0 11636 37708 7033 6121  5  1 78 16  0
 4  3   6436  97208  38744 22805420    0    0 39370 12896 8234 9607 16  2 67 14  0
 2  4   6436  98084  39184 22806540    0    0 43050  6610 8900 10746 19  2 68 11  0
 3  4   6436  99428  39652 22779832    0    0 43828     0 11268 10120 19  3 62 16  0
 1  4   6436  99652  40092 22779508    0    0 36294 12614 7555 8984 15  2 66 17  0
 0  5   6436 105116  40344 22773388    0    0 28930 17824 6676 8033 13  2 69 16  0
 3  3   6436 105440  40556 22770952    0    0 33202 12840 7845 9483 13  2 68 16  0
 2  5   6436 104804  40844 22755544    0    0 32658 11636 8946 10094 14  2 64 20  0
procs -----------memory---------- ---swap-- -----io---- -system-- -----cpu------
 r  b   swpd   free   buff  cache   si   so    bi    bo   in   cs us sy id wa st
 1  4   6436 104656  41044 22755060    0    0 22730 38022 8828 9334 10  2 73 15  0
 3  3   6436 103276  41196 22759184    0    0 28162 34318 8766 9993 12  2 74 12  0
 1  3   6436 101060  41300 22758304    0    0 19834 44804 5985 6207  9  1 78 12  0
 1  2   6436 101440  41408 22757700    0    0 15766 40964 5293 6066  7  2 78 14  0
 1  3   6436  99208  41508 22751188    0    0 14092 36844 7770 8533  7  2 77 14  0
 0  2   6436  99092  41596 22752992    0    0 12686 56530 6016 6363  6  1 81 12  0
 3  2   6436 102696  41712 22747404    0    0 19354 39418 6410 6927  9  2 78 11  0
 2  2   6436  98852  41864 22753532    0    0 25370 39692 8264 8666 11  2 73 14  0
 3  5   6436 103348  42028 22746300    0    0 32190 26500 9065 7983 14  2 67 17  0
 4  3   6436  98016  42220 22740284    0    0 41102 19790 9321 9003 18  3 59 20  0
 8  3   6436  98148  42360 22738052    0    0 36904 39682 7685 7047 14  2 65 18  0
 2  5   6436  99336  42488 22737648    0    0 30162 26414 6869 7802 13  2 72 13  0
 3  3   6436 100000  42628 22739308    0    0 30962 33520 7835 5971 12  2 70 16  0
 2  4   6436  96280  42808 22719104    0    0 45642 13328 12119 8302 19  2 60 19  0
 2  3   6436 103000  42996 22718504    0    0 42930 26158 10185 9688 18  3 63 16  0
 3  4   6436 102644  43208 22701848    0    0 48436 11572 10687 9354 20  3 62 15  0
 3  3   6436  97552  43416 22707324    0    0 48148 17350 10503 9326 19  3 58 19  0
 4  4   6436 100552  43616 22704380    0    0 43568 31834 8838 10329 18  3 63 16  0
 3  5   6436 103380  43868 22692248    0    0 56766     0 11107 11528 24  3 48 25  0
 2  6   6436 102884  44008 22688384    0    0 33626 31458 6751 6942 13  2 48 37  0
 0 12   6436 102000  44100 22692176    0    0 28810 31152 7036 5651 12  1 43 44  0
procs -----------memory---------- ---swap-- -----io---- -system-- -----cpu------
 r  b   swpd   free   buff  cache   si   so    bi    bo   in   cs us sy id wa st
 0 12   6436  98776  44240 22681008    0    0 24002 39202 7637 7481 12  2 46 40  0
 3  5   6436 106340  44436 22674568    0    0 42028 25772 9272 11458 17  3 50 29  0
 2  6   6436 103544  44568 22678040    0    0 28960 37894 8054 9262 13  3 50 35  0
 6  7   6436  96512  44804 22676932    0    0 48288 18872 9501 11723 21  3 52 25  0
 0  9   6436  98140  44980 22673928    0    0 33340 37756 7217 8873 14  2 54 30  0
 0  9   6436 105208  45048 22668280    0    0 15628 44392 5448 5910  7  2 46 45  0
 3  6   6436  98636  45212 22671136    0    0 27678 43618 8911 11510 13  2 54 31  0
 0 11   6436 101884  45368 22653816    0    0 39082 12014 7725 7155 16  2 55 26  0
 1 13   6436 103248  45476 22652580    0    0 24986 45716 6585 7728 12  2 46 40  0
 3  7   6436  97676  45632 22659488    0    0 30392 25784 7944 9541 12  2 43 43  0
 2  8   6436 100024  45772 22656192    0    0 33820 39410 7168 8754 13  2 39 45  0
 1  3   6436 102504  45908 22641232    0    0 20480 41238 9332 9523 10  2 55 33  0
 1  3   6436  99048  46068 22643092    0    0 33724 21920 9956 10708 15  2 60 23  0
 1  9   6436  99776  46308 22642044    0    0 42030 33396 10694 11109 17  3 62 18  0
 1  8   6436 100132  46452 22638012    0    0 29984 38040 7264 8229 12  2 40 45  0
 3  4   6436 104084  46576 22624596    0    0 20088 34166 8060 7772 10  2 41 47  0
 3  4   6436 102372  46852 22623664    0    0 44648 34838 10710 14165 20  4 47 29  0
 2  6   6436  99528  47028 22629904    0    0 36778 19312 8010 10125 16  3 55 26  0
 3  5   6436  97612  47240 22623680    0    0 41474 26210 9726 9876 17  3 48 32  0
 0 12   6436  99936  47356 22620180    0    0 25624 37038 7836 8243 11  2 49 38  0
 4  6   6436  97332  47504 22622648    0    0 29854 33056 7780 8575 12  2 39 46  0
procs -----------memory---------- ---swap-- -----io---- -system-- -----cpu------
 r  b   swpd   free   buff  cache   si   so    bi    bo   in   cs us sy id wa st
 4  8   6436  96720  47700 22622456    0    0 44384 19630 9781 11077 18  3 55 23  0
 3  4   6436 102680  47972 22599288    0    0 56486  6108 13059 12442 24  4 41 31  0
 5  8   6436 103664  48212 22597336    0    0 49182 56632 13900 14091 13  3 43 41  0
 1 13   6436 103044  48332 22597200    0    0 17686 38036 6252 6458  9  2 27 63  0
 5  2   6436 102920  48480 22585448    0    0 28574 53806 8412 8194 13  2 38 46  0
 2  3   6436  97464  48700 22591804    0    0 42540 19486 10568 12934 19  4 50 28  0
 0 13   6436 102788  48880 22586808    0    0 38574 20278 8842 9189 16  3 52 29  0
 2  2   6436 102672  49028 22575408    0    0 30234 49762 9014 10243 11  2 49 38  0
 2  3   6436 102920  49156 22573820    0    0 25240 32470 7624 9029 10  2 70 18  0
 3  2   6436 103044  49268 22571492    0    0 21780 50808 6682 7949  9  2 67 22  0
 0  2   6436  99184  49392 22575400    0    0 24984 36492 8869 9625 11  2 72 15  0
 4  3   6436 100540  49500 22575372    0    0 12176 44616 7538 8920  5  1 83 10  0
 2  3   6436 103648  49648 22555940    0    0 20122 38658 10082 9017  9  2 78 11  0
 2  4   6436 102408  49868 22552492    0    0 41288 14632 9903 11725 18  3 64 15  0
 3  3   6436  99168  50056 22556196    0    0 30088 40992 10257 11872 13  3 70 15  0
 2  4   6436 102144  50308 22553428    0    0 41798 32686 12393 16311 18  4 58 19  0
 0 19   6436 100052  50476 22538344    0    0 25114 34260 10827 11363 12  3 47 38  0
 2  3   6436 108112  50592 22527436    0    0 18940 39390 6561 7770  8  2 41 49  0
 3  4   6436  99416  50820 22536480    0    0 32292 33798 10276 14480 14  3 49 34  0
 2  5   6436 101472  50968 22536732    0    0 26060 39802 7789 9639 12  2 46 40  0
 0 18   6436 101208  51088 22520876    0    0 23398 32214 8725 8447 11  2 50 37  0
procs -----------memory---------- ---swap-- -----io---- -system-- -----cpu------
 r  b   swpd   free   buff  cache   si   so    bi    bo   in   cs us sy id wa st
 2 11   6436 101248  51296 22518936    0    0 32546 33286 9354 13465 12  3 36 49  0
 5  9   6436  96164  51396 22522004    0    0 17428 49832 5587 6841  8  2 33 58  0
 1 14   6436  99660  51564 22519812    0    0 23320 25498 7808 10885 11  3 38 47  0
 0 13   6436 103628  51708 22516496    0    0 35488 38138 8255 9960 15  2 41 42  0
 2  5   6436 103712  51952 22501264    0    0 33602 29892 12056 15289 16  3 59 21  0
 1  4   6436 101356  52124 22501232    0    0 31288 39224 9338 11993 14  3 54 30  0
 3 10   6436 100256  52300 22502856    0    0 44280 19112 8863 9581 19  3 51 27  0
 2  2   6436 103736  52496 22486412    0    0 39332 31266 10056 10292 18  3 53 26  0
 3  2   6436  97164  52680 22493564    0    0 26022 40770 7688 9599 11  3 67 20  0
 5  4   6436 102364  52876 22488804    0    0 35778 27992 9774 11916 16  3 53 27  0
 2  5   6436  99264  53040 22479268    0    0 31878 27390 11109 10888 15  3 63 19  0
 3  4   6436 103736  53188 22473764    0    0 32058 41682 7005 8548 13  2 58 27  0
 3  5   6436 102000  53380 22473176    0    0 43310 19768 9551 10869 19  3 46 32  0
 0  9   6436 104796  53536 22468768    0    0 35752 12416 7967 8403 15  2 49 33  0
 1  3   6436 105516  53696 22449448    0    0 20630 51972 9019 11397 10  3 49 39  0
 5  3   6436  97332  53856 22458992    0    0 21882 41038 9328 12848 10  3 60 28  0
 3  4   6436  96660  54004 22457688    0    0 26650 42198 9649 13709 12  3 68 17  0
 0 12   6436 103480  54120 22451392    0    0 18454 38446 8235 10862  8  2 55 34  0
 1  4   6436  99792  54244 22457288    0    0 15680 40342 8946 12006  7  2 65 25  0
 1  3   6436  97404  54380 22457840    0    0 22126 36760 9640 9727 10 10 65 15  0
 2  3   6436  96676  54432 22439584    0    0 24498 43930 12559 9143 11  3 74 12  0
procs -----------memory---------- ---swap-- -----io---- -system-- -----cpu------
 r  b   swpd   free   buff  cache   si   so    bi    bo   in   cs us sy id wa st
 0  7   6436  99652  54460 22436292    0    0 16046 37926 9315 6978  8  2 62 28  0
 3  4   6436 100808  54460 22437636    0    0 47106 12408 10381 9335 18  2 60 20  0
 0  4   6436 104528  54440 22434544    0    0 32160 47576 10298 7509 13  2 70 16  0
 5  2   6436  97676  54608 22416856    0    0 42028 20034 15293 10947 18  3 64 15  0
 5  6   6436  98288  54816 22417612    0    0 53618 20034 11814 17324 24  4 51 21  0
 1  5   6436 105208  55000 22391816    0    0 55176  7354 13541 18088 25  5 46 24  0
 2  4   6436 104200  55092 22392008    0    0 47662 12952 12119 17941 21  5 56 18  0
 1  3   6436 101364  55336 22384048    0    0 43570 20300 11469 15019 19  4 57 19  0
 0 12   6436  99520  55460 22384640    0    0 20936 58876 9668 11934  9  3 70 18  0
 1  3   6436  98156  55584 22383340    0    0 22634 59062 8937 8415  8  2 51 40  0
 1  3   6436 102016  55692 22383172    0    0 24214 41398 7363 9077 10  2 72 17  0
 1  4   6436 102288  55796 22383252    0    0 17064 46854 7694 8415  8  2 73 17  0
 0  3   6436 102916  55904 22384292    0    0 18322 48028 8020 9937  8  2 73 16  0
 1  3   6436  97692  56108 22378176    0    0 23814 23404 10696 13042 11  3 73 13  0
 3 13   6436  98860  56272 22376224    0    0 20764 32268 10255 12646 10  2 71 17  0
 2  6   6436  98512  56368 22374928    0    0 12196 34960 5353 6251  5  1 53 40  0
 0 16   6436  99116  56436 22373408    0    0 14210 46890 5974 5338  7  1 45 47  0
 0  8   6436 102976  56484 22368036    0    0  6918 42382 4925 4620  3  1 42 54  0
 0  2   6436  98644  56552 22372824    0    0  8460 37088 5062 6355  4  1 65 30  0
 0  3   6436 101380  56624 22369964    0    0 11308 35804 7345 7405  5  1 80 13  0
 0  9   6436 103868  56664 22368824    0    0  5124 39222 4518 3856  2  0 64 33  0
procs -----------memory---------- ---swap-- -----io---- -system-- -----cpu------
 r  b   swpd   free   buff  cache   si   so    bi    bo   in   cs us sy id wa st
 0  3   6436 107340  56764 22365344    0    0 14224 33816 7446 7819  6  1 75 17  0
 1  2   6436  99020  56828 22372448    0    0  8712 54512 6847 7009  4  1 81 13  0
 1  2   6436  99432  56888 22354688    0    0  9224 51538 8123 6424  5  1 81 12  0
 0  2   6436 104516  56976 22347660    0    0 16404 41602 7663 7472  7  1 80 12  0
 1  2   6436 106832  57080 22345844    0    0 10898 45300 8098 8776  5  2 81 13  0
 0  2   6436 103872  57200 22348520    0    0 11274 50786 9600 11116  5  2 79 14  0
 1  2   6436 104740  57284 22347944    0    0  4868 57732 8369 10037  4  2 80 14  0
 2  2   6436 101500  57384 22351764    0    0  6406 51020 8655 10827  4  2 86  8  0
 2  2   6436  98640  57476 22352780    0    0  6660 54050 10905 13277  4  2 84 10  0
 0  3   6436  96888  57604 22355928    0    0  7562 35110 11613 14551  6  2 80 12  0
 1  3   6436  99392  57812 22354408    0    0 20632 26950 13289 18062 10  3 72 16  0
 1  3   6436 102576  58016 22342708    0    0 34238 21400 11256 14375 16  3 60 21  0
 0 18   6436 103692  58132 22341436    0    0 22670 29714 6619 7877  9  1 44 45  0
 2  8   6436 105460  58304 22343040    0    0 34974 14080 9832 13190 15  3 52 30  0
 1 11   6436 102660  58416 22340248    0    0 17426 31242 5863 6542  8  1 45 46  0
 0 11   6436 102304  58472 22340724    0    0  6660 46872 5773 6770  3  1 37 59  0
 0 17   6436  99856  58560 22344664    0    0 11404 42244 6415 7174  5  2 45 48  0
 2 13   6436  99724  58660 22344684    0    0 11866 46282 6641 7643  5  1 43 50  0
 0  7   6436 101072  58856 22329336    0    0 31196 27342 10307 11075 13  3 48 36  0
 1  5   6436 105056  59040 22325940    0    0 31368 38562 9709 13446 12  3 51 34  0
 1  4   6436 104204  59204 22323956    0    0 33620 28538 8103 11064 14  2 56 27  0
procs -----------memory---------- ---swap-- -----io---- -system-- -----cpu------
 r  b   swpd   free   buff  cache   si   so    bi    bo   in   cs us sy id wa st
 5  9   6436  97368  59308 22328508    0    0 23146 45760 5736 5987  9  1 52 38  0
 0 13   6436  99344  59440 22307628    0    0 18964 33430 9481 8513 11  2 43 44  0
 1  5   6436 103064  59576 22304260    0    0 27170 54482 8168 10399 10  2 52 37  0
 0 14   6436  98104  59728 22308612    0    0 27970 31950 8773 11036 12  2 35 50  0
 0 13   6436 106040  59880 22299700    0    0 27548 32138 9568 12289 12  2 35 51  0
 3  9   6436 103932  60008 22279136    0    0 25630 47200 9742 9650 11  2 48 39  0
 2  7   6436  98724  60160 22280872    0    0 30338 39448 11323 13695 13  3 56 28  0
 1  2   6436  98468  60288 22286056    0    0 21022 39570 7893 9522  9  2 54 36  0
 1  5   6436  99352  60464 22283564    0    0 34726 27596 11135 14464 15  3 64 18  0
 1  3   6436  96980  60588 22284680    0    0 21782 40178 7928 9282  9  2 50 38  0
 3  4   6436 102444  60764 22262584    0    0 41768 26046 10532 11700 18  3 61 17  0
 6  5   6436 102428  60896 22258392    0    0 19870 40532 6684 8568  8  2 42 48  0
 0  5   6436 102056  61012 22258868    0    0 20908 44940 7458 9125 10  2 42 46  0
 0  9   6436 101048  61116 22261288    0    0 23446 29932 7197 8460 10  2 50 38  0
 2  6   6436 100008  61284 22261392    0    0 25242 40472 10155 13168 11  3 50 36  0
 1  2   6436 103084  61400 22235256    0    0 15736 40816 9888 10180  8  2 47 43  0
 0  9   6436 102976  61564 22236324    0    0 20504 37682 11925 15595  9  3 70 18  0
 2  5   6436 100316  61656 22239524    0    0  5124 54184 9212 11492  4  2 64 31  0
 0 15   6436 103252  61760 22234268    0    0 13968 44282 6982 7806  6  1 41 52  0
 0 16   6436 101400  61896 22237424    0    0 14760 52152 9661 12238  7  2 50 41  0
 4  8   6436 101896  62052 22236824    0    0 19216 24890 13039 17153 10  3 43 44  0
procs -----------memory---------- ---swap-- -----io---- -system-- -----cpu------
 r  b   swpd   free   buff  cache   si   so    bi    bo   in   cs us sy id wa st
 0 23   6436  97200  62152 22237300    0    0 14072 61600 6607 7200  6  1 37 56  0
 0 13   6436  99416  62272 22233496    0    0 11790 47124 7207 8944  6  2 33 60  0
 0 14   6436 103004  62372 22224024    0    0 10634 54620 9137 10334  7  2 40 51  0
 0  9   6436  98812  62504 22227500    0    0 13332 48692 10392 13735  6  2 49 43  0
 1  5   6436 104168  62616 22223272    0    0  9634 48262 9886 12546  6  2 42 50  0
 1 10   6436 103160  62712 22223116    0    0 17530 39190 6615 7913  7  2 50 42  0
 4  5   6436  99396  62864 22228868    0    0 22984 37772 9494 13228 11  3 58 29  0
 0 16   6436 102208  62980 22228284    0    0 22652 33446 7620 9192 10  2 68 20  0
 4  3   6436  98528  63088 22232048    0    0 13718 52586 7648 8739  6  2 70 23  0
 1  8   6436 103464  63256 22206800    0    0 25088 31732 11875 13764 12  3 68 17  0
 3 14   6436  97008  63356 22212816    0    0 18322 48392 6896 8156  7  2 43 48  0
 2  8   6436 106424  63452 22204232    0    0 20246 35926 6570 7925  8  2 44 46  0
 2  5   6436  98372  63608 22210644    0    0 23990 39396 8151 9709 10  2 40 47  0
 4  2   6436  98116  63736 22211404    0    0 17274 46600 8933 11022  9  2 59 31  0
 0  4   6436 102588  63892 22204636    0    0 10508 59052 8692 11778  6  3 53 38  0
 0 14   6436  99796  64052 22187312    0    0 24734 39022 9483 9666 10  2 51 37  0
 5  5   6436 103516  64212 22185120    0    0 25162 38034 7737 10532 12  2 44 42  0
 0 18   6436  98044  64360 22189876    0    0 18916 32946 9985 13662  9  2 50 39  0
 0 24   6436 101244  64460 22181288    0    0 20498 40062 6895 7560  8  2 29 61  0
 0 20   6436  97184  64648 22185300    0    0 28598 31594 9589 13418 12  3 33 52  0
 5  7   6436  96060  64804 22167016    0    0 20376 41212 10361 11707 11  3 42 44  0
procs -----------memory---------- ---swap-- -----io---- -system-- -----cpu------
 r  b   swpd   free   buff  cache   si   so    bi    bo   in   cs us sy id wa st
 1 10   6436 101500  64928 22159644    0    0 24702 54516 8484 10624 10  2 49 39  0
 1 15   6436 105724  65032 22151296    0    0 15890 49130 8710 10727  7  1 47 45  0
 5 12   6436  99780  65148 22156520    0    0  5816 51994 9645 11959  4  2 34 60  0
 0 27   6436 104336  65272 22151380    0    0 10490 39862 7123 7934  5  2 31 62  0
 0 24   6436 100424  65380 22156336    0    0 14764 65864 6569 8887  7  2 42 49  0
 0  4   6436  97020  65508 22162116    0    0 15586 43060 6921 9043  7  2 38 53  0
 0  4   6436  98624  65604 22154808    0    0 18326 39870 6146 6783  7  2 35 56  0
 0 17   6436 102468  65700 22146580    0    0 11530 47482 6484 8088  7  2 26 65  0
 0 17   6436  97376  65848 22151088    0    0 21152 43688 8378 10507 10  2 36 52  0
 5 11   6436 106304  66012 22141264    0    0 28442 34476 8828 10655 13  2 30 55  0
 2 15   6436 100352  66144 22147212    0    0 18758 41216 7429 8719 10  2 36 52  0
 4 14   6436 103204  66252 22143924    0    0 20960 40534 9096 11310  9  2 36 52  0
 0 27   6436  98888  66372 22148804    0    0 21532 34144 6261 6781  9  2 33 57  0
 0 11   6436  97632  66512 22128952    0    0 19218 51104 10946 10722  9  2 36 52  0
 1 15   6436 105220  66588 22122356    0    0 11170 43076 7325 8260  6  2 37 55  0
 0 16   6436  96772  66748 22127884    0    0 23680 38760 9138 12045 10  3 38 49  0
 2 17   6436 100864  66812 22121708    0    0 11810 39738 5301 5688  5  1 44 49  0
 0 10   6436  96060  66964 22133604    0    0 15636 47036 10127 12951  8  3 44 45  0
 0 21   6436  99640  67104 22124032    0    0 12418 52324 9023 11797  6  2 41 51  0
 4 17   6436 100376  67236 22123672    0    0 21790 36012 7769 10233 10  2 42 47  0
 1 20   6436 102576  67360 22106592    0    0 15120 52002 8570 10560  8  2 35 55  0
procs -----------memory---------- ---swap-- -----io---- -system-- -----cpu------
 r  b   swpd   free   buff  cache   si   so    bi    bo   in   cs us sy id wa st
 2 12   6436 106072  67468 22102120    0    0 14094 54506 7641 10337  6  2 32 60  0
 4  4   6436  97144  67564 22113852    0    0  8074 40772 8000 10538  5  2 48 45  0
 0 23   6436 102220  67668 22108152    0    0 10632 57916 9077 11914  6  2 40 52  0
 2 19   6436  99184  67768 22109588    0    0  8588 56234 7214 8599  5  2 42 51  0
 3 10   6436  99332  67868 22110832    0    0  8224 49272 10835 14423  4  2 48 46  0
 0 21   6436  96588  68020 22112592    0    0 17666 45406 10048 12814  8  2 41 49  0
 2 15   6436 101796  68132 22109072    0    0 15370 41812 7401 10649  7  2 41 50  0
 1 18   6436 104572  68236 22108304    0    0 20890 37610 7090 9374  9  2 44 45  0
 1 11   6436  99140  68372 22101020    0    0 24370 42514 8691 10459 12  3 54 32  0
 1 10   6436  98636  68476 22100552    0    0 15478 34820 5652 6750  7  1 37 55  0
 4  5   6436  97660  68604 22101100    0    0 23576 47286 8044 10886 11  2 49 38  0
 4  3   6436  99652  68764 22102368    0    0 18970 52366 8946 12628  9  3 65 24  0
 0 16   6436  98660  68904 22101048    0    0 19886 26428 7989 10873  9  2 56 33  0
12  2   6436 100636  69028 22101912    0    0 14844 44168 7186 10030  6  2 54 38  0
 1  7   6436 103612  69144 22077268    0    0 18706 54862 9443 11152  9  2 52 37  0
 2 12   6436 104588  69256 22072240    0    0 18988 46268 7545 10203  8  2 52 37  0
 2 13   6436  97024  69420 22077836    0    0 25432 40072 7576 9654 11  2 38 48  0
 3  5   6436  98892  69564 22081996    0    0 21526 32512 7488 10147  9  2 50 38  0
 0 15   6436 100628  69664 22082928    0    0 13684 46534 7230 9090  6  2 50 42  0
 3  4   6436 104232  69788 22074132    0    0 16704 53068 7721 10002  7  2 41 49  0
 2 11   6436 103372  69936 22054592    0    0 19706 33256 10405 11324 10  2 46 41  0
procs -----------memory---------- ---swap-- -----io---- -system-- -----cpu------
 r  b   swpd   free   buff  cache   si   so    bi    bo   in   cs us sy id wa st
 1 19   6436  98140  70040 22058236    0    0 11636 51072 7366 8270  6  2 37 56  0
 4  5   6436 101100  70148 22056648    0    0 10534 49968 7513 8872  6  1 44 49  0
 0 19   6436  98124  70264 22060032    0    0 15142 46312 10490 12962  8  2 45 45  0
 1  7   6436 101084  70360 22056032    0    0 13528 42254 7556 8694  6  2 31 61  0
 0  2   6436 104760  70468 22051856    0    0  3460 67242 10145 14184  4  2 63 32  0
 1  7   6436 105620  70668 22052712    0    0 22810 39736 10229 13578 10  3 60 27  0
 2 16   6436 100808  70792 22059364    0    0 16686 54136 7625 9858  8  2 54 35  0
 3  5   6436 103908  70852 22055100    0    0 11632 51358 4477 5586  5  1 50 44  0
 3  1   6436  99228  71036 22055064    0    0 34212 35748 11512 15880 15  3 62 21  0
 3  4   6436  97508  71204 22058752    0    0 25008 30364 9890 13960 11  3 64 22  0
 1  2   6436 105088  71316 22049608    0    0 22016 46288 6717 8251  9  2 57 32  0
 1  4   6436 102268  71444 22050812    0    0 28240 32294 6326 7185 12  2 67 20  0
 1  4   6436 102516  71572 22032212    0    0 25370 42526 9281 8054 10  2 72 15  0
 0  2   6436  97068  71660 22039340    0    0 21886 40256 7207 7794  9  2 69 20  0
 2  4   6436 105360  71776 22030360    0    0 12842 54166 6709 7784  7  2 71 20  0
 2  2   6436 101276  71908 22035432    0    0 20500 38524 8542 10261  9  2 67 22  0
 0  3   6436 101368  72068 22034908    0    0 21034 45126 7475 8473  8  2 72 18  0
 5  4   6436 101864  72264 22024744    0    0 30780 26784 8592 9115 14 10 58 18  0
 1  3   6436 101608  72468 22022908    0    0 32654 28456 9849 11083 13  3 66 18  0
 2  6   6436 104948  72704 22022000    0    0 38110  8372 13120 14082 18  3 60 19  0
 2  6   6436 104932  72912 22021884    0    0 34220 46564 11788 15266 16  3 60 21  0
procs -----------memory---------- ---swap-- -----io---- -system-- -----cpu------
 r  b   swpd   free   buff  cache   si   so    bi    bo   in   cs us sy id wa st
 1 13   6436  97244  73084 22003340    0    0 23914 26470 11194 11387 10  2 48 40  0
 0 11   6436 105056  73232 21995176    0    0 26388 38712 7099 9572 12  2 56 30  0
 0 14   6436 102204  73384 21998868    0    0 21788 47480 7701 10382  9  2 48 41  0
 1  7   6436 105436  73552 21998204    0    0 29986 31840 6700 8597 11  2 49 38  0
 6  8   6436  96756  73636 22000548    0    0 21346 46196 5237 6315  9  2 46 44  0
 1 10   6436 100568  73828 21982592    0    0 31268 33780 10206 9848 15  3 48 34  0
 3  3   6436 101616  73952 21981448    0    0 21530 44880 6839 7494  9  2 56 33  0
 0  4   6436 103972  74056 21978260    0    0 21166 45786 5874 6415  9  1 64 26  0
 3  3   6436 103336  74240 21980208    0    0 39062 31716 7090 8085 15  2 59 24  0
 0 14   6436  98136  74320 21970280    0    0 17428 33308 5274 5304  8  1 42 48  0
 3  6   6436  97968  74464 21968496    0    0 31652 46476 8131 6922 13  2 45 41  0
 1 10   6436 101796  74564 21965336    0    0 19350 36696 5783 5913  8  1 46 45  0
 0 19   6436  97564  74648 21969348    0    0 14876 40588 5344 6154  6  2 40 52  0
 0 13   6436 100440  74768 21964192    0    0 15634 47984 6078 7863  6  2 37 55  0
 2 10   6436 104068  74912 21961048    0    0 27162 44816 6886 8558  9  2 42 47  0
 0 16   6436  98164  75044 21954244    0    0 22424 37314 6021 6813 10  2 48 40  0
 1 13   6436 103348  75132 21946792    0    0 13834 49314 4853 5894  6  2 42 51  0
 3  4   6436  98312  75268 21954280    0    0 24478 26270 5203 7235 11  2 52 35  0
 1 11   6436 101868  75408 21948244    0    0 16366 40376 5825 7342  8  2 49 41  0
 1  8   6436 101612  75508 21969104    0    0 10096 34620 6900 6719  6  1 48 45  0
 0  9   6436  96644  75624 21972108    0    0 21280 36900 6290 6380  9  2 38 52  0
procs -----------memory---------- ---swap-- -----io---- -system-- -----cpu------
 r  b   swpd   free   buff  cache   si   so    bi    bo   in   cs us sy id wa st
 1 12   6436 102868  75756 21966904    0    0  6074 66194 8539 10504  6  2 44 48  0
 6  9   6436 104016  75912 21959112    0    0 35960 27408 8023 9303 14  2 42 43  0
 3 10   6436 105520  76064 21956956    0    0 21414 38460 6448 7229 11  2 34 53  0
 2  9   6436  98328  76284 21962828    0    0 52688 13622 7912 10413 22  3 40 35  0
 5  5   6436 102792  76440 21932296    0    0 37160 39934 10454 7545 15  2 48 35  0
 0 10   6436 100980  76532 21933148    0    0 20548 41646 5599 5602 11  2 44 43  0
 0 14   6436  99980  76640 21936448    0    0 23042 42786 5785 5827 10  2 49 39  0
 3  8   6436 103840  76792 21926336    0    0 38666 27808 5288 6338 14  2 45 38  0
 0  7   6436  99996  76932 21921280    0    0 32394 26714 6555 6879 14  2 47 37  0
 2  7   6436 102228  77068 21918888    0    0 29748 40656 6158 6888 13  2 58 27  0
 1  5   6436  97028  77164 21923828    0    0 17020 47722 5610 6154  9  2 58 32  0
 1  5   6436 101848  77292 21918192    0    0 28756 40590 4957 4155 11  1 62 26  0
 2  3   6436 104080  77408 21915964    0    0 21346 24730 7284 6457 10  2 68 21  0
 1  4   6436  99996  77596 21910404    0    0 37812 13798 9875 6768 16  3 68 14  0
 0 19   6436 101360  77680 21909172    0    0 12198 40756 4293 4063  6  1 57 36  0
 4  9   6436 100212  77780 21907828    0    0 13712 41842 4398 5211  6  1 46 47  0
 0 12   6436  99328  77852 21909796    0    0  8304 46208 5236 5700  4  1 43 51  0
 6  9   6436  98072  77968 21909732    0    0 11298 27964 6871 8848  8  2 42 48  0
 3  3   6436 104148  78060 21901512    0    0 13944 47532 4554 5903  5  2 47 46  0
 0 16   6436  97328  78184 21907136    0    0 12968 29482 7685 11092  7  2 37 54  0
 5  6   6436  96956  78348 21892536    0    0 21650 43822 10205 12840 12  4 42 42  0
procs -----------memory---------- ---swap-- -----io---- -system-- -----cpu------
 r  b   swpd   free   buff  cache   si   so    bi    bo   in   cs us sy id wa st
 3  5   6436  99188  78492 21889776    0    0 18960 40206 8733 12574  8  2 42 48  0
 2 16   6436  98948  78588 21886756    0    0 13944 48088 5791 6697  6  2 29 63  0
 0 15   6436  98500  78700 21887804    0    0 17580 42162 5891 7700  8  2 28 62  0
 2 14   6436  99244  78816 21887212    0    0 15636 43512 6823 7999  7  2 32 59  0
 1 16   6436 102576  78872 21882464    0    0  8818 48900 4597 5174  3  1 31 64  0
 0 18   6436 101116  79028 21882564    0    0 17942 36862 8162 10652  9  2 32 57  0
 0 19   6436  97148  79124 21890240    0    0 16398 43450 6743 8115  7  2 31 60  0
 2 14   6436  99876  79280 21875100    0    0 25138 32854 10107 12804 12  3 39 47  0
 2 14   6436  98156  79400 21875964    0    0 22908 39986 6543 8432 10  2 25 63  0
 0 14   6436  98156  79540 21876288    0    0 28314 30406 7290 9282 12  2 19 67  0
 0 21   6436  99048  79628 21875088    0    0  7850 41144 5334 5259  3  1 27 69  0
 1 15   6436 104768  79740 21870508    0    0 23218 23352 7065 6986  9  2 27 61  0
 2 10   6436  99476  79780 21874284    0    0  9586 32966 4044 4041  4  1 28 67  0
 0 14   6436  98532  79856 21877596    0    0 12402 40680 6112 6605  6  1 44 49  0
 0 11   6436  97748  79988 21869104    0    0 25888 34352 9935 8831 10  2 53 34  0
 4 12   6436 104112  80084 21865808    0    0 15762 33444 5439 5675  6  2 54 38  0
 0  9   6436  98696  80184 21869452    0    0 17298 39706 6164 7953  8  2 65 26  0
 1  6   6436 100680  80252 21868272    0    0 16296 25760 3656 4218  6  1 48 45  0
 0 10   6436  96588  80364 21872656    0    0 30596 30534 5565 6251 12  2 54 33  0
 1  8   6436 100240  80488 21862848    0    0 23088 20766 6964 6913 12  2 51 35  0
 0  4   6436 104868  80572 21856732    0    0 15758 73276 6276 6637  7  1 71 21  0
procs -----------memory---------- ---swap-- -----io---- -system-- -----cpu------
 r  b   swpd   free   buff  cache   si   so    bi    bo   in   cs us sy id wa st
 0  3   6436 100444  80724 21862012    0    0  1366 51654 3098 3117  1  1 82 16  0
 0  3   6436 100152  81012 21862936    0    0  3978 31946 2716 2592  2  1 81 17  0
 3  2   6436 102028  81184 21860756    0    0   334 47954 2353 2507  1  0 83 16  0
 0  2   6436 104888  81216 21859048    0    0  3076 58460 3377 3834  1  1 89  9  0
 0  2   6436 101124  81248 21864280    0    0  6536 51476 3697 3095  2  1 88 10  0
 2  2   6436  98432  81248 21866196    0    0   512 75856 1066 1063  0  0 91  8  0
 0  2   6436 101400  81252 21864096    0    0  1536 66626 1000 1047  1  0 91  9  0
 0  4   6436 101464  81300 21864900    0    0  7976 35274 2372 1739  1  0 86 12  0
 0  4   6436 103480  81312 21861096    0    0  3818 60094 1904 1416  2  0 84 14  0
 0  2   6436 104472  81328 21862040    0    0  4360 54164 1761 1104  0  0 85 14  0
 0  2   6436 103472  81340 21862144    0    0  2050 60272 1449 1243  1  0 87 12  0
 0  2   6436  97096  81352 21869004    0    0  6148 60586 2599 1630  2  0 86 11  0
 0  2   6436 102300  81364 21864924    0    0  1284 52974 1184 1042  1  0 90  9  0
 0  2   6436 102820  81376 21862776    0    0  3330 56892 2102 1586  1  0 90  9  0
 0  2   6436 102876  81384 21863968    0    0  2306 61550 1433 1189  1  0 90  9  0
 0  2   6436 103972  81396 21862192    0    0  1282 66878 1351 1122  1  0 90  9  0
 1  2   6436  99004  81412 21867764    0    0  3076 56676 1617 1344  1  0 89  9  0
 0  2   6436 105204  81428 21861176    0    0  1028 66222 1438 1460  0  0 90  9  0
 0  2   6436 103508  81444 21864460    0    0  4098 51664 2022 1751  2  1 89  9  0
 1  3   6436  98672  81448 21869244    0    0  1434 61498 1314 1059  1  0 86 13  0
 0  2   6436 100384  81460 21867944    0    0  3438 55528 1489 1158  1  0 81 18  0
procs -----------memory---------- ---swap-- -----io---- -system-- -----cpu------
 r  b   swpd   free   buff  cache   si   so    bi    bo   in   cs us sy id wa st
 0  2   6436  97924  81472 21868192    0    0  5506 59476 1917 1324  1  0 80 19  0
 0  3   6436 102016  81508 21863728    0    0  4512 60462 2153 1880  2  0 80 18  0
 0  2   6436  98428  81512 21867768    0    0  3434 53410 1584 1245  1  0 80 19  0
 0  2   6436  97188  81520 21869500    0    0  1794 60966 1587 1416  0  0 83 17  0
 0  2   6436  99828  81532 21867584    0    0  5124 53936 1951 1454  1  0 80 18  0
 0  2   6436 104056  81544 21862580    0    0  3330 58564 1692 1262  1  0 81 18  0
 0  2   6436 102824  81556 21864460    0    0  4358 58236 1557 1064  0  0 81 19  0
 0  3   6436 103080  81564 21864824    0    0  2306 64224 1710 1286  1  0 82 17  0
 0  2   6436  99768  81568 21868236    0    0  1538 60866 1338 1049  0  0 82 17  0
 0  2   6436  97364  81580 21871416    0    0  2050 57996 1582 1514  0  0 82 17  0
 0  4   6436 104668  81612 21864620    0    0  6918 53244 2427 1801  3  1 78 19  0
 1  1   6436  97500  81636 21871040    0    0  4872 54908 1695 1245  1  0 78 21  0
 0  2   6436 106408  81644 21861580    0    0  3842 58998 1841 1376  1  0 80 19  0
 0  2   6436 102828  81652 21866228    0    0  1028 60016 1176 1042  0  0 82 17  0
 0  3   6436 101740  81664 21866200    0    0  5890 61890 1832 1390  1  0 81 18  0
 0  2   6436  99648  81688 21868924    0    0  5640 54272 1958 1587  2  0 81 17  0
 0  4   6436  97068  81696 21871456    0    0  4354 60278 1982 1308  1  0 80 18  0
 0  2   6436  97332  81708 21870840    0    0  3586 52958 1330 1054  0  0 82 17  0
 0  2   6436 104764  81724 21863436    0    0  4360 62498 1710 1242  1  0 80 19  0
 0  3   6436 102572  81728 21866036    0    0  3714 53974 1719 1289  1  0 80 19  0
 0  2   6436 102464  81748 21866044    0    0  4356 60566 2221 1628  2  0 79 18  0
procs -----------memory---------- ---swap-- -----io---- -system-- -----cpu------
 r  b   swpd   free   buff  cache   si   so    bi    bo   in   cs us sy id wa st
 0  2   6436  97664  81760 21871536    0    0  3074 59368 1860 1567  2  0 82 16  0
 0  2   6436  97988  81768 21869884    0    0  1794 61936 1473 1314  1  0 82 16  0
 0  2   6436 101584  81776 21865216    0    0  2562 62082 1746 1317  1  0 81 17  0
 1  1   6436 100600  81788 21867344    0    0  1666 67180 1749 1373  1  0 82 16  0
 0  2   6436  98628  81796 21868620    0    0  2050 60922 1713 1412  1  0 82 17  0
 0  3   6436 100324  81804 21867672    0    0  1946 59376 1470 1161  1  0 82 17  0
 0  2   6436 100912  81808 21866580    0    0  1896 66448 1556 1403  1  0 81 17  0
 0  2   6436 102044  81820 21866852    0    0  3076 59964 1812 1312  1  0 79 19  0
 0  2   6436  99540  81836 21868928    0    0  3076 67442 1732 1297  1  0 81 17  0
 1  3   6436  99060  81840 21870708    0    0  2304 59136 1646 1238  1  0 82 16  0
 1  2   6436  98812  81860 21870920    0    0  4228 62350 2311 1567  2  0 80 18  0
 0  2   6436 101712  81888 21866056    0    0  4360 59612 2430 1660  2  1 80 17  0
 0  2   6436  98600  81888 21870540    0    0   768 71044 1397 1253  0  0 82 17  0
 1  2   6436 103228  81892 21866400    0    0  1280 62418 1209 1019  1  0 83 16  0
 0  2   6436 101716  81892 21867792    0    0   512 66820 1089  968  0  0 83 16  0
 1  3   6436 104348  81908 21864580    0    0  3588 66368 1681 1384  1  0 81 17  0
 0  2   6436 209524  81952 21756024    0    0  1416 57800 1951 1312  1  9 78 12  0
 0  2   6436 205092  81968 21761364    0    0   256 60128 1391 1297  0  0 85 14  0
 0  2   6436 209952  81980 21758212    0    0  1284 59684 1226 1149  0  0 85 14  0
 0  2   6436 209364  81980 21759304    0    0   512 72476 1106 1023  0  0 87 13  0
 0  2   6436 210604  81984 21757788    0    0   256 64832 1001  980  0  0 88 12  0
procs -----------memory---------- ---swap-- -----io---- -system-- -----cpu------
 r  b   swpd   free   buff  cache   si   so    bi    bo   in   cs us sy id wa st
 1  1   6436 212624  81988 21754880    0    0   586 68170 1107 1010  1  0 83 16  0
 0  2   6436 214112  81988 21755740    0    0  1280 40232 1074  914  0  0 82 18  0
 2  2   6436 213128  81988 21756244    0    0   256 42512 1219  898  0  0 83 17  0
 0  2   6436 211888  81988 21757844    0    0   512 48190 1155  908  0  0 83 17  0
 0  2   6436 216856  81992 21753284    0    0   512 50050 1139  927  0  0 83 16  0
 0  2   6436 218832  81996 21750864    0    0   514 44632 1120  895  0  0 81 18  0
 0  2   6436 229124  81996 21740256    0    0   512 73990 1120  903  0  0 82 17  0
 0  2   6436 227272  82000 21741688    0    0   768 70344 1250 1018  0  0 83 16  0
 0  2   6436 226080  82004 21744456    0    0   770 35902 1314 1078  0  0 82 17  0
 1  2   6436 223856  82004 21747816    0    0   768 47526 1333 1042  0  0 83 17  0
 0  2   6436 220212  82012 21750536    0    0  1282 43664 1499 1098  0  0 82 17  0
 0  2   6436 239292  82012 21731668    0    0  1024 49030 1522 1094  1  0 83 16  0
 0  2   6436 234720  82020 21734764    0    0  1026 52946 1425 1065  0  0 82 17  0
 0  2   6436 231984  82020 21737164    0    0  1024 59786 1300 1057  0  0 83 16  0
 0  2   6436 231132  82024 21739168    0    0   640 34638 1405 1032  1  0 83 16  0
 1  2   6436 230296  82028 21740084    0    0     0 41332 1442 1081  0  0 83 17  0
 0  2   6436 229304  82028 21742140    0    0     0 49058 1552 1142  0  0 84 16  0
 0  2   6436 229152  82028 21742960    0    0     0 39834 1425 1133  0  0 83 17  0
 0  2   6436 228508  82028 21742104    0    0     0 57128  940  881  0  0 87 12  0
 0  2   6436 231900  82028 21740236    0    0     0 41374  843  893  0  0 91  8  0
 0  2   6436 234620  82028 21737336    0    0     0 34490  903  904  0  0 90  9  0
procs -----------memory---------- ---swap-- -----io---- -system-- -----cpu------
 r  b   swpd   free   buff  cache   si   so    bi    bo   in   cs us sy id wa st
 1  2   6436 234108  82028 21735752    0    0     0 77154  913  915  0  0 83 16  0
 0  2   6436 243968  82028 21725840    0    0     0 77254  912  887  0  1 84 16  0
 0  2   6436 254440  82028 21715792    0    0     0 58128  860  960  0  0 83 17  0
 0  0   6436 434148  82060 21539452    0    0     4  5500  733  909  0  2 92  6  0
 0  0   6436 434388  82060 21539304    0    0     0     0  551  885  0  0 100  0  0
 0  0   6436 435140  82060 21539204    0    0     0     0  535  895  0  0 100  0  0
 0  0   6436 435416  82060 21539108    0    0     0     0  545  880  0  0 100  0  0
 0  0   6436 436292  82060 21539084    0    0     0     0  545  873  0  0 100  0  0
 0  0   6436 436176  82060 21539028    0    0     0     0  521  884  0  0 100  0  0
 0  0   6436 436936  82060 21539028    0    0     0     0  535  884  0  0 100  0  0
 0  0   6436 437568  82060 21538940    0    0     0     0  536  937  0  0 100  0  0
 0  0   6436 442924  82068 21533488    0    0     0    26  570  914  0  0 100  0  0
 0  0   6436 442956  82068 21533448    0    0     0     0  519  894  0  0 100  0  0
 2  0   6436 443732  82068 21533332    0    0     0     0  497  887  0  0 100  0  0
 0  0   6436 443988  82068 21533028    0    0     0     0  509  897  0  0 100  0  0
 0  0   6436 444360  82068 21532932    0    0     0     8  496  890  0  0 100  0  0
 0  0   6436 444848  82068 21532760    0    0     0     0  501  889  0  0 100  0  0
 0  0   6436 445236  82068 21532476    0    0     0     0  505  884  0  0 100  0  0
 0  0   6436 446488  82076 21530928    0    0     0    52  533  927  0  0 100  0  0
 0  0   6436 9903104  82112 21530928    0    0   292     0 1285 1157  0  2 97  0  0
