procs -----------memory---------- ---swap-- -----io---- --system-- -----cpu-----
 r  b   swpd   free   buff  cache   si   so    bi    bo   in   cs us sy id wa st
 4  2 183708 31233496   6108  44636    0    0    19    12    0    0  1  0 98  0  0	
 1  1 183708 31175336   7052  55328    0    0  5630     0 2005 1985  5  0 89  6  0	
 3  0 183708 31121672   7472  64276    0    0  4564   146 2182 1987  6  0 87  6  0	
 1  1 183708 30966212   7496  74248    0    0  5210     0 3173 3590  5  0 92  2  0	
 1  0 183708 30961660   7632  74892    0    0   224     0  773 1164  0  0 99  0  0	
14  0 183708 30819752   7656  79220    0    0  2188   206 5144 3977 22  0 76  1  0	
 7  6 183708 29897852   7988 145384    0    0 17868     2 13953 12567 36  5 51  9  0	
 4 11 183708 26682636   7996 424928    0    0 48548  1808 23566 21498 36  8 36 20  0	
 9 13 183708 25132608   8004 674136    0    0 50432    18 20288 16510 26  7 46 21  0	
 3 11 183708 24471216   8004 926732    0    0 44672     0 20139 17155 23  4 58 15  0	
 5 11 183708 24079440   8288 1205012    0    0 52108    18 20882 18060 26  4 47 23  0	
 1  8 183708 23651404   8296 1503508    0    0 55488    18 22134 18864 29  5 47 20  0	
 7 10 183708 23358268   8308 1790384    0    0 53442    12 21818 19346 26  4 50 20  0	
 4 11 183708 23054904   8324 2049980    0    0 52740    24 20279 16884 27  4 53 17  0	
 8  9 183708 22681020   8328 2307888    0    0 55040     2 20353 16792 27  7 47 19  0	
 2  7 183708 22385720   8336 2595980    0    0 52800    18 19373 20260 24  4 53 20  0	
 1  7 183708 20913012   9148 2895364    0    0 53138    26 20704 20477 24  5 51 19  0	
 4  9 183708 20363572   9156 3189680    0    0 49672    50 20757 20561 25  6 54 16  0	
 4  4 183708 20033164   9164 3449844    0    0 46406    26 20863 19601 23  4 53 20  0	
 3  0 183708 19762264   9168 3612732    0    0 38464     0 18221 15484 18  3 66 13  0	
 1  0 183708 19618384   9176 3754044    0    0 27780    90 17807 14249 14  2 81  2  0	
procs -----------memory---------- ---swap-- -----io---- --system-- -----cpu-----
 r  b   swpd   free   buff  cache   si   so    bi    bo   in   cs us sy id wa st
 5  0 183708 19494260   9184 3873872    0    0 23488    38 17398 12056 13  2 84  0  0	
 1  3 183708 19369516   9196 3993792    0    0 24514 52298 17089 12042 12  2 79  7  0	
 0  3 183708 19246780   9292 4116004    0    0 19826 42746 17373 14285 10  2 75 13  0	
 3  3 183708 19118432   9296 4212196    0    0 19392 48162 9066 7685  9  2 79 10  0	
 1  2 183708 18965540   9304 4361688    0    0 34560    36 13296 10991 13  2 74 11  0	
 4  5 183708 18797644   9312 4523912    0    0 35074 41222 14534 12789 14  2 68 16  0	
 3  6 183708 18609660   9324 4702096    0    0 38402   300 16727 13480 18  3 67 13  0	
 3  5 183708 18416344   9324 4893516    0    0 39104     0 18523 15575 16  3 67 14  0	
 3  5 183708 18236568   9324 5070348    0    0 37186     0 18036 14547 15  2 68 14  0	
 1  6 183708 18082856   9344 5223088    0    0 33986 43456 18022 14037 14  2 69 15  0	
 4  7 183708 17969320   9760 5316956    0    0 16900 61842 14453 11588  8  2 71 19  0	
 4  0 183708 17834064  10044 5445736    0    0 28336 34034 16769 12392 11  2 61 26  0	
 3  2 183708 17739832  10052 5541016    0    0 19266 51900 15260 10850  8  2 76 13  0	
 0  1 183708 17610988  10064 5666356    0    0 17092 66046 17011 14671  8  2 72 17  0	
 2  2 183708 17469636  10076 5806584    0    0 22720 45120 18628 13697 11  2 74 14  0	
 2  1 183708 17365120  10084 5907968    0    0 13890 69892 14360 10575  7  2 81 10  0	
 2  4 183708 17207752  10096 6059536    0    0 24132 43452 19402 14885 12  2 75 10  0	
 0  2 183708 17097764  10100 6169820    0    0 22656 25124 17008 11356 10  2 79  9  0	
 1  2 183708 16972044  10108 6290692    0    0 23362 59654 17845 12471 11  2 77 10  0	
 1  1 183708 16815060  10120 6445048    0    0 25282 32538 19658 14919 11  2 71 15  0	
 3  3 183708 16659820  10128 6597276    0    0 25158 28722 18734 14068 11  2 72 14  0	
procs -----------memory---------- ---swap-- -----io---- --system-- -----cpu-----
 r  b   swpd   free   buff  cache   si   so    bi    bo   in   cs us sy id wa st
 4  4 183708 16475588  10148 6773216    0    0 25860 38166 20551 17651 13  3 72 12  0	
 1  1 183708 16339444  10148 6905636    0    0 25922 41472 13567 12072 11  2 78  9  0	
 3  4 183708 16182328  10152 7060036    0    0 31810 20010 15427 12805 13  2 70 15  0	
 1  6 183708 16005232  10160 7236580    0    0 37952    14 19874 13656 17  3 69 11  0	
 0  1 183708 15875340  10172 7360336    0    0 29316 43014 13169 10379 13  2 75 10  0	
 4  5 183708 15700220  10184 7530600    0    0 27904 23122 12632 13117 12  2 77  9  0	
 2  3 183708 15480484  10184 7747920    0    0 42752     0 15724 15755 17  2 67 13  0	
 3  3 183708 15251396  10184 7968396    0    0 42560     0 15186 15845 18  3 69 11  0	
 0  2 183708 15074868  10200 8140704    0    0 33734 41266 13428 13552 14  2 70 14  0	
 2  8 183708 14954716  10212 8253912    0    0 23618 69168 11300 10001 11  2 74 13  0	
 3  5 183708 14740544  10220 8464412    0    0 41024  7828 18356 16602 17  3 65 15  0	
 4  1 183708 14543052  10224 8651692    0    0 35264 21808 16302 15277 16  2 67 15  0	
 2  2 183708 14344868  10224 8847564    0    0 34306  1536 16116 16024 14  2 73 11  0	
 2  3 183708 14211516  10236 8976032    0    0 28098 48778 15016 12537 12  2 76 10  0	
 1  2 183708 14140060  10244 9050260    0    0 14274 23918 12110 9465  7  1 82 10  0	
 3  0 183708 14024432  10256 9150420    0    0 18688  1954 14985 11602 11  2 85  2  0	
 1  0 183708 13902524  10256 9268972    0    0 23104   458 15773 12645 12  2 86  0  0	
 3  1 183708 13782492  10268 9384440    0    0 20292 61824 16082 13670 11  2 78  9  0	
 1  3 183708 13680580  10280 9479732    0    0 15682 60714 14776 12449  8  2 81  9  0	
 0  1 183708 13615208  10284 9545208    0    0 14466 63896 9667 6989  6  1 82 11  0	
 2  1 183708 13529672  10300 9624520    0    0 13376 70812 11383 9517  6  2 81 10  0	
procs -----------memory---------- ---swap-- -----io---- --system-- -----cpu-----
 r  b   swpd   free   buff  cache   si   so    bi    bo   in   cs us sy id wa st
 0  2 183708 13390412  10304 9752864    0    0 24260 32628 15250 12791 11  2 76 10  0	
 0  4 183708 13277656  10316 9866228    0    0 22278 50968 15069 11599 10  2 76 12  0	
 6 11 183708 13168196  10332 9975356    0    0 17026 36882 15908 13359  9  2 68 21  0	
 2  2 183708 13049040  10336 10089264    0    0 21698 61110 14707 12324  9  2 79 10  0	
 3  3 183708 12869572  10348 10265240    0    0 27136 18994 14731 15871 12  2 76  9  0	
 3  4 183708 12639316  10348 10488124    0    0 34240     0 17517 18611 16  3 71 10  0	
 0  5 183708 12430060  10356 10693452    0    0 30470 45056 16430 17919 13  3 72 12  0	
 2  3 183708 12352860  10380 10769456    0    0 16706 28820 8307 7474  7  1 82 10  0	
 2  4 183708 12135380  10380 10978004    0    0 27456 62804 17943 17804 13  3 75 10  0	
 2  3 183708 11984116  10388 11126804    0    0 29184 25426 18152 13492 14  2 71 12  0	
 2  1 183708 11867636  10392 11239216    0    0 21376 16398 15474 13241 11  2 73 14  0	
 0  2 183708 11723928  10404 11376072    0    0 27524 51740 17339 12390 12  2 75 11  0	
 4  4 183708 11593008  10416 11505608    0    0 25666 33946 16890 13170 11  2 70 17  0	
 7  5 183708 11434148  10416 11661444    0    0 30018 25160 18333 17920 13  2 64 21  0	
 1  2 183708 11240948  10424 11852072    0    0 31106  8942 19145 17423 14  3 62 21  0	
 1  3 183708 11087972  10436 11981832    0    0 16898 25440 15495 17169  9  3 75 13  0	
 2  4 183708 10994724  10448 12073248    0    0 12226 66436 10578 8852  6  2 81 11  0	
 2  1 183708 10866004  10460 12194996    0    0 19010 75288 14347 12312  9  2 80 10  0	
 2  1 183708 10765472  10464 12297132    0    0 20164 49934 14229 11516  8  2 80 10  0	
 2  2 183708 10688568  10488 12369272    0    0 11586 73190 10710 8908  5  2 82 11  0	
 1  2 183708 10593972  10492 12463344    0    0 15426 51728 13334 12204  7  2 80 11  0	
procs -----------memory---------- ---swap-- -----io---- --system-- -----cpu-----
 r  b   swpd   free   buff  cache   si   so    bi    bo   in   cs us sy id wa st
 1  1 183708 10468708  10496 12586820    0    0 24000 23926 13140 12490 10  2 80  8  0	
 2  1 183708 10314068  10504 12738160    0    0 30530   610 14084 14368 13  2 77  8  0	
 5  1 183708 10158340  10656 12886848    0    0 30668 43568 14005 13828 12  2 76 10  0	
 3  2 183708 10051956  10676 12990448    0    0 14532 65324 11309 11216  7  2 81 10  0	
 5  1 183708 9931272  10684 13107364    0    0 12612 63644 13137 13917  6  2 82 10  0	
 1  1 183708 9804916  10688 13231976    0    0  9090 80776 12478 13000  5  2 84  9  0	
 3  0 183708 9700128  10708 13334692    0    0 10690 68392 11514 11463  6  2 83 10  0	
 1  1 183708 9586816  10712 13443512    0    0 10178 81092 12343 12296  6  2 84  9  0	
 0  2 183708 9437608  10728 13563120    0    0  9924 70236 13787 13614  7  3 80 11  0	
 0  1 183708 9326148  10744 13670968    0    0 10948 84744 13689 13863  6  2 83  9  0	
 3  1 183708 9204348  10748 13789656    0    0 18562 50954 14063 13307  9  2 79 10  0	
 1  1 183708 9139264  10760 13854144    0    0  8768 52600 8979 8492  5  1 84 11  0	
 3  2 183708 9070568  10772 13919888    0    0 10052 90632 8707 7385  5  2 84 10  0	
 0  0 183708 9006236  10780 13986232    0    0  8512 39728 10078 8454  5  1 88  6  0	
 4  0 183708 8906756  10792 14082016    0    0 10496    56 12065 11910  6  2 92  0  0	
 0  2 183708 8828768  10796 14160668    0    0 11266  4610 10486 9949  5  1 92  1  0	
 1  1 183708 8760552  10808 14222740    0    0  8194 115208 10561 9794  4  1 86  9  0	
 0  2 183708 8669040  10820 14312736    0    0  8386 70998 12054 12681  5  2 84 10  0	
 3  1 183708 8503796  11084 14469096    0    0 22848 40978 16233 18177 11  2 75 12  0	
 2  0 183708 8370984  11084 14598108    0    0 19840 28250 12472 14429  9  2 81  9  0	
 1  2 183708 8202932  11096 14761268    0    0 11458 47052 16682 20390  6  3 81 10  0	
procs -----------memory---------- ---swap-- -----io---- --system-- -----cpu-----
 r  b   swpd   free   buff  cache   si   so    bi    bo   in   cs us sy id wa st
 3  4 183708 7946128  11104 15010976    0    0 29696 16396 21808 26486 14  3 70 13  0	
 0  1 183708 7696128  11108 15260352    0    0 25220 10414 19481 25900 12  3 75 10  0	
 1  1 183708 7481624  11124 15463124    0    0 15490 83226 20386 24923  9  3 78 10  0	
 4  1 183708 7275800  11132 15665760    0    0  9284 75588 18472 24803  7  3 82  8  0	
 2  1 183708 7113732  11156 15824476    0    0  9348 87308 13873 16959  5  2 71 21  0	
 0  2 183708 7001376  11168 15913292    0    0  9154 80950 9047 9262  5  2 83 10  0	
 1  2 183708 6965424  11172 15948244    0    0  6850 76544 4827 4440  3  1 86 11  0	
 1  1 183708 6907392  11192 16004920    0    0  7556 80096 6080 6409  4  1 83 12  0	
 1  2 183708 6853692  11196 16057556    0    0  7874 81200 7418 7116  4  1 84 11  0	
 0  1 183708 6791816  11200 16118164    0    0  6018 92046 7055 7376  3  1 87  9  0	
 2  1 183708 6675488  11224 16230916    0    0  8772 79078 10623 12103  5  2 86  8  0	
 2  1 183708 6572948  11228 16330620    0    0  8322 81440 9505 10108  4  2 84 10  0	
 0  1 183708 6509040  11240 16393300    0    0  6530 77890 7391 7380  3  1 85 10  0	
 2  0 183708 6326124  11256 16574136    0    0  7170 37184 14878 20257  6  3 86  6  0	
 1  0 183708 6140752  11256 16755212    0    0  7936     0 12576 15990  6  3 91  0  0	
 2  0 183708 5940740  11272 16951044    0    0  8000    94 14471 19370  7  3 90  0  0	
 0  1 183708 5774968  11280 17109872    0    0 10820 100212 14923 17625  6  2 83  8  0	
 1  1 183708 5695036  11296 17186552    0    0  7300 86460 9091 9540  4  2 85 10  0	
 1  1 183708 5612576  11308 17267808    0    0  8324 78318 8477 8347  4  2 83 12  0	
 0  1 183708 5515608  11312 17362004    0    0  9154 91296 10350 10182  5  2 84  9  0	
 4  2 183708 5456296  11332 17416516    0    0  8196 70700 7496 6662  4  1 85  9  0	
procs -----------memory---------- ---swap-- -----io---- --system-- -----cpu-----
 r  b   swpd   free   buff  cache   si   so    bi    bo   in   cs us sy id wa st
 0  1 183708 5362164  11340 17508876    0    0  7746 75922 9940 9893  4  2 84 10  0	
 0  2 183708 5262980  11352 17605544    0    0  7298 86064 10150 10865  4  2 84 10  0	
 1  2 183708 5173584  11364 17693688    0    0  4932 92382 9573 10879  3  2 81 14  0	
 1  1 183708 5087552  11376 17777636    0    0  6980 95252 9468 9809  4  2 83 11  0	
 1  1 183708 4953260  11384 17910860    0    0 24578 32780 11434 11346 10  2 76 12  0	
 2  2 183708 4835468  11388 18027152    0    0 22784 12866 9213 9402  9  2 77 12  0	
 2  3 183708 4687860  11404 18169940    0    0 28866 44816 11768 11072 12  2 71 15  0	
 1  4 183708 4524664  11408 18315880    0    0 27458 29516 12362 12161 12  2 73 13  0	
 1  1 183708 4357380  11408 18482072    0    0 23488 28670 13315 15048 11  2 70 17  0	
 3  3 183708 4157368  11428 18678596    0    0 29060 42926 14718 17651 12  3 73 12  0	
 5  4 183708 3972888  11432 18859164    0    0 30400 36806 12947 13616 13  2 74 11  0	
 1  2 183708 3786576  11440 19026224    0    0 30018   530 12264 13410 13  3 74 10  0	
 4  3 183708 3593872  11456 19211584    0    0 36868 43812 14342 14134 15  2 66 17  0	
 6  4 183708 3433408  11460 19370328    0    0 37826 21804 12280 10047 16  2 67 16  0	
 5  2 183708 3267992  11468 19532804    0    0 40704    30 13465 9969 16  2 72 10  0	
 2  2 183708 3081660  11468 19695300    0    0 40002     4 14821 8772 15  2 73 10  0	
 4  4 183708 2913840  11496 19857208    0    0 29380 52398 12603 13495 12  2 69 16  0	
 1  3 183708 2652564  11500 20113724    0    0 40064  4588 17726 20566 18  3 59 19  0	
 5  5 183708 2389364  11500 20354008    0    0 39040     0 15510 17600 17  3 62 18  0	
 0  1 183708 2213440  11516 20525248    0    0 30850 37496 11905 13005 12  2 71 15  0	
 1  2 183708 2091796  11520 20646436    0    0 26560   558 8458 9381 11  2 73 15  0	
procs -----------memory---------- ---swap-- -----io---- --system-- -----cpu-----
 r  b   swpd   free   buff  cache   si   so    bi    bo   in   cs us sy id wa st
 2  1 183708 1944500  11536 20791612    0    0 25988  7140 10162 12072 10  2 84  4  0	
 1  0 183708 1778324  11544 20937420    0    0 26176    70 10689 11434 11  2 82  5  0	
 2  2 183708 1658912  11548 21051508    0    0 21442 52994 9506 9765  8  2 83  6  0	
 5  2 183708 1544708  11556 21163732    0    0 22784 40322 9348 9566  9  1 80 10  0	
 1  5 183708 1405496  11556 21299756    0    0 25794 24452 10493 10527 11  2 69 18  0	
 1  4 183708 1334056  11580 21371860    0    0 14852 50162 7536 7119  6  1 75 17  0	
 1  1 183708 1288052  11584 21415872    0    0  8770 103846 5476 5090  3  1 86 10  0	
 0  1 183708 1212428  11596 21487964    0    0  9410 81452 7032 6519  4  1 85  9  0	
 1  1 183708 1163136  11612 21526680    0    0  7364 86142 5935 5296  4  1 86  9  0	
 2  1 183708 1088752  11616 21603272    0    0 16320 43594 7768 6907  7  1 81 11  0	
 1  2 183708 968208  11624 21724264    0    0 28416    16 10391 10373 10  1 78 10  0	
 1  1 183708 837372  11632 21848292    0    0 19972 82844 12683 13087  9  2 77 12  0	
 2  2 183708 743900  11652 21938376    0    0  9730 71252 11231 11748  4  2 83 11  0	
 2  1 183708 611856  11664 22068672    0    0 22914 25258 12630 10728  9  2 77 11  0	
 1  3 183708 489568  11668 22188528    0    0 21570 40812 11323 9347  9  2 81  9  0	
 3  1 183708 389724  11680 22280792    0    0 17536 28752 7257 7552  7  1 82 10  0	
 2  1 183708 249908  11688 22415132    0    0 21316 57820 10264 10723  9  2 79 11  0	
 0  1 183708 241848   7040 22426164    0    0 17304 69878 10661 9733  7  2 81  9  0	
 1  3 183708 234020   7060 22433404    0    0  8578 79092 9754 10935  5  2 83 10  0	
 0  1 183708 244452   7064 22420824    0    0 12358 65914 13593 13776  6  2 82  9  0	
 1  1 183708 256868   7076 22409332    0    0  7810 71214 7264 6946  4  1 85 10  0	
procs -----------memory---------- ---swap-- -----io---- --system-- -----cpu-----
 r  b   swpd   free   buff  cache   si   so    bi    bo   in   cs us sy id wa st
 0  2 183708 228100   7088 22437464    0    0 16640 52400 9330 9250  7  2 80 11  0	
 3  0 183708 219684   7096 22448752    0    0 12098 15406 7781 7177  6  1 89  4  0	
 1  0 183708 223296   7104 22444252    0    0  9344   130 5100 4107  4  1 94  1  0	
 2  1 183708 235524   7108 22421084    0    0 10500 61446 7728 6999  5  1 89  4  0	
 3  2 183708 229944   7120 22425764    0    0  8770 70060 8546 8924  5  1 85  9  0	
 1  1 183708 237724   7132 22421668    0    0  6786 66368 5136 5692  3  1 86 10  0	
 1  2 183708 229820   6864 22425060    0    0 19964 68104 11754 12010  8  2 77 12  0	
 0  1 183708 236640   6880 22416152    0    0  9156 76850 8576 8600  5  2 86  8  0	
 2  3 183708 234168   6892 22419544    0    0  6980 96320 6607 6739  4  1 85 10  0	
 2  2 183708 240608   6904 22412624    0    0  9478 71202 8060 8682  5  1 84 10  0	
 0  1 183708 233664   6916 22420088    0    0  9220 72106 7527 7819  5  1 83 10  0	
 1  2 183708 218560   6932 22435756    0    0  6148 91472 5011 5418  3  1 87  9  0	
 1  1 183708 222868   6936 22429952    0    0 14720 57620 8104 7827  7  1 83  9  0	
 0  0 183708 222008   6936 22434900    0    0 10176 24720 6099 5764  5  1 90  5  0	
 0  0 183708 220520   6952 22436080    0    0  8576   146 6022 5850  4  1 94  1  0	
 0  1 183708 232928   6956 22420592    0    0 10626 61750 6209 5739  6  1 91  2  0	
 1  0 183708 238392   6964 22416204    0    0  8162 69486 4745 4136  3  1 86 10  0	
 0  2 183708 227100   6980 22426172    0    0  9028 71374 6361 6075  4  1 84 10  0	
 3  1 183708 228836   6984 22424528    0    0  8450 83220 6825 5958  4  1 86  9  0	
 2  4 183708 224628   6988 22431812    0    0  9152 44380 6975 5679  4  1 85 10  0	
 1  0 183708 221148   6996 22433460    0    0 12034 79306 7302 5689  5  1 83 11  0	
procs -----------memory---------- ---swap-- -----io---- --system-- -----cpu-----
 r  b   swpd   free   buff  cache   si   so    bi    bo   in   cs us sy id wa st
 0  0 183708 226084   6996 22429216    0    0 11310     0 7579 6342  6  1 92  1  0	
 0  0 183708 223092   7008 22434212    0    0  8000    86 6806 6776  5  1 94  0  0	
 0  1 183708 221488   7024 22431744    0    0  9156 82232 8587 8520  5  2 87  7  0	
 1  1 183708 234764   7032 22418536    0    0  5954 77246 6022 5913  3  1 85 10  0	
 2  1 183708 225092   7048 22424492    0    0 11332 72278 9893 10117  6  2 83 10  0	
 3  1 183708 234152   7048 22416864    0    0  8064 71372 9038 9012  4  1 85  9  0	
 4  0 183708 237112   7064 22415780    0    0  8064    92 7553 7363  5  1 92  2  0	
 0  0 183708 330304   7056 22321072    0    0 10114  2392 9532 10999  7  2 90  0  0	
 2  3 183708 234180   7132 22408844    0    0 16744 60900 11120 13294  9  2 79 10  0	
 2  2 183708 256624   7132 22387720    0    0 27712 21788 11921 14046 12  3 68 18  0	
 4  3 183708 281192   7128 22360644    0    0 38658  8192 13319 14372 17  3 63 17  0	
 1  4 183708 294512   6356 22337016    0    0 34566  8270 12004 12544 15  3 66 16  0	
 2  4 183708 291296   6352 22342504    0    0 36928 14428 11182 10890 14  2 70 13  0	
 2  5 183708 297056   6360 22343292    0    0 42368  7866 14795 12173 19  2 62 17  0	
13  6 183708 284156   6352 22342924    0    0 38912  8048 18030 12828 16  3 60 21  0	
 5  6 183708 298228   6352 22318116    0    0 45570  8030 18331 14567 19  3 54 23  0	
 8  5 183708 296716   6352 22319476    0    0 46150  8212 14462 13527 19  3 61 17  0	
 4  8 183708 293540   6300 22307628    0    0 45954  2204 14205 12336 19  3 62 16  0	
 3  4 183708 296152   6300 22304056    0    0 46528  8210 16237 14363 19  3 62 16  0	
 2  6 183708 296236   6284 22304680    0    0 44992  8200 17249 17260 19  3 55 23  0	
 2  3 183708 238388   6284 22346108    0    0 37696  6866 14867 14935 22  5 58 14  0	
procs -----------memory---------- ---swap-- -----io---- --system-- -----cpu-----
 r  b   swpd   free   buff  cache   si   so    bi    bo   in   cs us sy id wa st
 6  3 183708 233948   6304 22353124    0    0 34568   120 14066 15364 15  3 71 11  0	
 2  5 183708 260120   6280 22322576    0    0 45760 49040 17575 14942 20  3 65 12  0	
 9  2 183708 906356   5592 21673644    0    0 21316 42012 9355 6912 26  9 51 14  0	
 1  2 183708 773100   5596 21802108    0    0 24408 40718 13290 11199 15  2 71 12  0	
 1  4 183708 640280   5596 21936840    0    0 28920     0 15016 9589 12  2 75 12  0	
 1  3 183708 441308   5616 22133544    0    0 38342 42384 18122 14828 16  3 68 14  0	
 4  3 183708 336900   5620 22237188    0    0 22990 33608 10232 9216 10  2 76 13  0	
 4  5 183708 1317936   5524 21242136    0    0 31820 42518 17530 17544 15  4 69 12  0	
 5  3 183708 1116932   5532 21441780    0    0 38724  8194 16441 17518 16  2 65 17  0	
 2  1 183708 974108   5536 21584468    0    0 24000 15394 13644 14953 10  2 77 11  0	
 1  4 183708 815876   6056 21739676    0    0 27314 39416 12572 13435 11  2 77  9  0	
 1  8 183708 958504   7504 21580064    0    0  8468 60460 8591 7578 11  2 36 51  0	
 4  8 183708 883516   7524 21651136    0    0 13952 69742 7712 6348  6  2 83 10  0	
 1  3 183708 685604   7524 21849904    0    0 46336  8194 14482 11179 19  2 63 16  0	
 2  4 183708 549452   7532 21986448    0    0 31874 13240 9694 7777 13  2 69 16  0	
 8  4 183708 573856   7540 21950276    0    0 29634 40256 8967 6884 17  3 65 16  0	
 3  3 183708 441680   7540 22076860    0    0 29440 28642 9890 7449 20  2 68 10  0	
 2  2 183708 288028   7556 22226620    0    0 27912    80 11242 9653 11  2 78  9  0	
 5  3 183708 242404   7548 22269868    0    0 32576    32 11851 11500 13  2 80  5  0	
 2  0 183708 267684   7548 22239800    0    0 29396 57234 10955 10259 13  2 72 13  0	
 0  3 183708 369832   7564 22131204    0    0 26590 51758 16008 13719 31  4 52 13  0	
procs -----------memory---------- ---swap-- -----io---- --system-- -----cpu-----
 r  b   swpd   free   buff  cache   si   so    bi    bo   in   cs us sy id wa st
 1  3 183708 242500   7556 22251120    0    0 47190  8218 16809 15096 20  3 61 17  0	
 0  1 183708 229108   7560 22267584    0    0 29248 14640 11864 11490 14  2 71 13  0	
 8  2 183708 601592   7556 21893236    0    0 22724 40466 11748 8259 21  3 64 12  0	
 1  5 183708 428848   7564 22060984    0    0 29886 47128 14592 12591 33  2 53 12  0	
 0  1 183708 341676   7572 22148172    0    0 23104 41484 6514 5717  8  1 80 11  0	
 2  2 183708 244584   7576 22241484    0    0 40132  3652 15905 14251 17  3 62 18  0	
12  5 183708 258292   7576 22214148    0    0 29312    26 10791 8872 15  6 64 14  0	
 3  4 183708 605296   7556 21869012    0    0 36288    10 14304 12270 19  5 67  9  0	
 0  1 183708 458280   7564 22013664    0    0 34182 41506 11893 9555 14  2 69 15  0	
 0  2 183708 352780   7584 22117816    0    0 12674 68690 10466 8749  6  2 80 13  0	
 2  2 183708 238224   7584 22223160    0    0 30018 15970 12250 10805 12  2 76 10  0	
 1  4 183708 327016   7592 22129084    0    0 35584 13890 15077 12003 16  3 72  9  0	
 1  3 183708 244432   7592 22207672    0    0 32896    38 13352 12175 13  2 73 11  0	
 1  1 183708 259436   7592 22193020    0    0 33154  2048 12154 10341 13  2 74 12  0	
 2  2 183708 244836   7612 22203980    0    0 17618 66284 7951 6492  7  1 83  9  0	
 1  2 183708 1156976   7568 21281144    0    0 15490 51972 8953 7088  9  4 76 11  0	
 0  2 183708 1054676   7580 21382728    0    0 21792 34874 10054 7055  9  2 78 12  0	
 0  1 183708 1028876   7584 21411160    0    0  4032 53302 4085 3742  2  1 89  8  0	
 0  2 183708 901404   7596 21534844    0    0 14908 93362 11797 11231  7  2 80 11  0	
 0  1 183708 825532   7612 21611832    0    0  7938 76538 7741 7489  4  1 85  9  0	
 0  1 183708 792812   7620 21644676    0    0  5378 69984 4534 5611  2  1 87 10  0	
procs -----------memory---------- ---swap-- -----io---- --system-- -----cpu-----
 r  b   swpd   free   buff  cache   si   so    bi    bo   in   cs us sy id wa st
 3  1 183708 672608   7636 21766976    0    0 20996 13188 10875 12397  9  2 81  8  0	
 2  1 183708 498248   7636 21941596    0    0 30336     0 12011 13943 12  2 82  3  0	
 2  5 183708 1119816   7612 21304492    0    0 18050 43960 12318 12343 14 14 65  7  0	
 2  3 183708 904568   7620 21518236    0    0 28162 23830 18437 22077 11  3 74 12  0	
 1  1 183708 775832   7632 21648640    0    0  9666 64316 13936 15829  5  2 81 11  0	
 0  2 183708 682368   7652 21740264    0    0 10598 78916 9743 10624  5  2 84 10  0	
 2  1 183708 551820   7652 21869456    0    0 17222 56864 13873 13685  8  2 77 13  0	
 2  3 183708 476016   7660 21942804    0    0 15746 62504 8185 7592  6  1 81 11  0	
 1  3 183708 310832   7668 22102896    0    0 34258  4108 12728 10701 14  2 75  9  0	
 1  4 183708 609832   7640 21784884    0    0 26946 52228 12219 11412 18  3 67 12  0	
 2  4 183708 455824   7652 21940364    0    0 32002 13944 13457 12334 12  2 75 10  0	
 2  3 183708 352688   7660 22040948    0    0 18946 51866 9952 9697  8  2 78 13  0	
 2  2 183708 245840   7660 22143700    0    0 39168 16384 15566 13850 16  3 69 12  0	
 3  2 183708 1251888   7652 21128020    0    0 19162 53074 9186 8352 13  4 70 13  0	
 3  5 183708 1071368   7652 21309032    0    0 30978 25090 13455 11897 13  2 72 13  0	
 3  3 183708 909284   7660 21469492    0    0 24624 42632 13891 17070 10  2 73 15  0	
 1  2 183708 732088   7668 21647492    0    0 25600 24590 16842 20332 12  2 68 17  0	
 3  3 183708 515824   7676 21863088    0    0 24258 23870 17510 21279 11  3 71 15  0	
 2  6 183708 1230552   7672 21132824    0    0 16926 67116 15548 15979 20  4 58 18  0	
 3  3 183708 1031284   7672 21331720    0    0 30052 28660 15141 20348 12  2 62 23  0	
 0  2 183708 870224   7672 21491996    0    0 24130 18216 13470 17480 10  2 65 23  0	
procs -----------memory---------- ---swap-- -----io---- --system-- -----cpu-----
 r  b   swpd   free   buff  cache   si   so    bi    bo   in   cs us sy id wa st
 3  7 183708 755120   7700 21608052    0    0 10880 82216 11314 14055  6  2 77 15  0	
 1  1 183708 712704   7704 21652296    0    0  6022 61492 5261 5532  2  1 88  9  0	
 0  1 183708 627144   7724 21733728    0    0  9412 103594 9322 9097  5  2 84 10  0	
 2  1 183708 525092   7728 21836948    0    0 13826 66050 11390 11662  6  2 81 11  0	
13  1 183708 402648   7732 21950404    0    0 19898 28732 10457 10563 10  3 76 12  0	
 1  1 183708 689140   7736 21652912    0    0 27138 59928 16296 18145 17  5 65 14  0	
 4  4 183708 534256   7736 21808668    0    0 29572  6798 11894 12435 12  2 73 13  0	
 1  1 183708 452680   7752 21891724    0    0 17036  8042 8381 7047  7  1 83  9  0	
 3  0 183708 367948   7752 21970824    0    0 13182     0 7845 7478  6  1 92  1  0	
 0  1 183708 284868   7764 22046704    0    0 12418 45156 8352 7583  6  2 90  3  0	
 1  1 183708 217784   7776 22112040    0    0  8834 83294 7181 6677  5  1 85  8  0	
 0  2 183708 228472   7772 22102224    0    0  9602 82692 7677 7466  5  1 84 10  0	
 9  2 183708 2508900   7760 19839836    0    0  4550 102524 8607 6935 18  5 30 47  0	
 2  2 183708 2370864   7760 19971712    0    0 28052 28162 12049 10286 18  2 68 13  0	
 2  2 183708 2238184   7856 20103940    0    0 27520 24576 11228 10420 11  2 79  8  0	
 1  2 183708 2113928   8440 20230928    0    0 27052 13498 11304 10879 11  2 75 13  0	
 3  3 183708 1980224   8448 20361464    0    0 27460 43268 11962 11571 11  2 74 13  0	
 0  1 183708 1967764   8440 20359576    0    0 21062 26984 12284 11623 11  3 75 12  0	
 4  1 183708 1850832   8452 20475016    0    0 22466 43288 9214 8874  9  2 79 10  0	
 2  2 183708 1685168   8452 20638932    0    0 32384 16384 13327 13780 14  2 73 11  0	
 5  6 183708 1522968   8468 20803544    0    0 33504 21668 11554 10973 14  2 69 15  0	
procs -----------memory---------- ---swap-- -----io---- --system-- -----cpu-----
 r  b   swpd   free   buff  cache   si   so    bi    bo   in   cs us sy id wa st
 9  3 183708 1967604   8296 20351556    0    0 27714     0 14556 14497 15  4 64 17  0	
 3  3 183708 1770772   8312 20540708    0    0 36858 43290 14881 15775 18  3 66 13  0	
 4  2 183708 1661388   8316 20650696    0    0 25412 28454 9116 9084 10  1 78 11  0	
 2  1 183708 1500752   8328 20809028    0    0 24516 44292 12930 13726 11  2 77 10  0	
 3  1 183708 1328376   8340 20979940    0    0 22594 42768 14645 16426 10  3 78  9  0	
 5  2 183708 1244536   8352 21064200    0    0  9026 88404 7914 9001  5  1 85  9  0	
 0  1 183708 5237016   7540 17109624    0    0 14338 61722 17723 15760 31  6 49 14  0	
 1  1 183708 5105360   7544 17242512    0    0 16132 56322 10905 11459  8  2 82  8  0	
 5  3 183708 5059488   7556 17287856    0    0  6146 81736 5688 5180  3  1 87  9  0	
 5  2 183708 4901984   7564 17446128    0    0 31648 22362 13443 13532 13  2 72 13  0	
 3  2 183708 4707544   7564 17639984    0    0 37762  7930 15200 15449 16  3 66 15  0	
 2  3 183708 4695084   7560 17638812    0    0 32322 17974 13304 15622 15  3 63 19  0	
 1  3 183708 4495592   7560 17839204    0    0 42032  8192 14546 16506 17  2 58 22  0	
 6  4 183708 4304204   7560 18028712    0    0 37826 16384 14344 16233 16  2 64 18  0	
 4  9 183708 4123372   7572 18204136    0    0 32130 37584 13968 14766 15  3 44 39  0	
 1  1 183708 4055392   7584 18260896    0    0 12354 90688 7327 6342 10  2 50 38  0	
 5  5 183708 3950116   7604 18368700    0    0 15810 32622 7770 8075  7  1 82  9  0	
 2  4 183708 3709812   7604 18606568    0    0 43520 39426 14703 14855 18  3 68 11  0	
 1  1 183708 3510040   7604 18804428    0    0 42818 10148 12378 11985 18  2 65 15  0	
 7  3 183708 3507604   7588 18789012    0    0 28608 14550 10151 10810 13  3 73 11  0	
 6  2 183708 3336104   7588 18963784    0    0 32106   762 10726 11528 13  2 74 12  0	
procs -----------memory---------- ---swap-- -----io---- --system-- -----cpu-----
 r  b   swpd   free   buff  cache   si   so    bi    bo   in   cs us sy id wa st
 1  3 183708 3172580   7604 19120740    0    0 35006 41852 13316 10676 14  2 65 20  0	
 3  3 183708 3046464   7620 19243768    0    0 24994 24724 12397 9469 11  1 74 14  0	
 1  3 183708 2905028   7620 19373204    0    0 20384   422 14268 10942 10  2 80  8  0	
 2  0 183708 2812624   7636 19463648    0    0 14594   438 10801 8197  7  1 89  3  0	
 1  1 183708 2641512   7640 19627916    0    0 21826 65684 16197 13385 10  2 77 11  0	
 1  2 183708 2511436   7652 19756384    0    0 17382 46494 12574 11370  8  2 80 10  0	
 1  3 183708 2406680   7664 19860072    0    0 12674 64310 8879 8965  6  2 82 10  0	
 6  3 183708 2190036   7664 20073068    0    0 31298  8646 16888 17516 13  3 73 11  0	
 0  1 183708 5536932   7596 16738828    0    0 22210 54408 11269 8777 28  5 53 14  0	
 3  5 183708 5364696   7600 16912788    0    0 26114 27032 12217 14480 12  2 77  9  0	
 2  2 183708 5179812   7608 17097584    0    0 39616   240 12451 12751 15  2 73  9  0	
 3  4 183708 5019976   7616 17257888    0    0 34500  5828 12329 10919 14  2 75  9  0	
 1  1 183708 4901136   7624 17347748    0    0 18754 61750 8694 6914  8  2 81  9  0	
 2  2 183708 4765828   7644 17483044    0    0 28676 44052 12416 10277 12  2 72 14  0	
 3  3 183708 4586864   7644 17661600    0    0 40676  8896 13655 12240 16  2 65 17  0	
 2  2 183708 4492996   7664 17756488    0    0 16514 59564 7941 7583  7  1 79 12  0	
 4  2 183708 4300260   7664 17938444    0    0 38144  8930 12971 13361 16  2 71 10  0	
 2  2 183708 4102184   7664 18136560    0    0 39296  8914 16073 17198 16  2 70 11  0	
 4  2 183708 3865088   7680 18374356    0    0 38086  6412 17685 18874 17  3 66 14  0	
 2  5 183708 3709500   7688 18529244    0    0 24002 45526 17420 16439 11  2 78  9  0	
 0  1 183708 3533940   7700 18682292    0    0 30208 21572 14737 14850 13  3 76  9  0	
procs -----------memory---------- ---swap-- -----io---- --system-- -----cpu-----
 r  b   swpd   free   buff  cache   si   so    bi    bo   in   cs us sy id wa st
 2  3 183708 3391580   7708 18820920    0    0 23234 43986 14122 14397 10  2 78 10  0	
 2  1 183708 3216748   7708 18993328    0    0 27520  8676 17618 18614 12  2 77  9  0	
 4  2 183708 3123004   7724 19088428    0    0 16642 34112 10858 10403  7  2 83  8  0	
 1  1 183708 3009164   7732 19196980    0    0 13360 101948 13011 12910  6  2 82 10  0	
 2  2 183708 2859240   7744 19344168    0    0 20354 31278 16409 15595  9  2 75 14  0	
 1  1 183708 2810864   7748 19392628    0    0  7426 61730 7312 6408  3  1 86  9  0	
 1  2 183708 2814976   7700 19367560    0    0 11780 107846 16902 13251 30  4 56 10  0	
 0  2 183708 2709452   7712 19472068    0    0 11074 71442 11714 11280  5  2 85  8  0	
 3  3 183708 2625008   7724 19555420    0    0 10434 64194 10620 9935  5  2 85  8  0	
 1  2 183708 2497956   7732 19678664    0    0 22848 24922 13929 12105 10  2 79 10  0	
 4  2 183708 2414116   7744 19761088    0    0 12994 51678 10975 9376  6  2 80 12  0	
 1  3 183708 2300376   7752 19872528    0    0 20930 44358 10951 9409  9  2 80 10  0	
 1  2 183708 2174640   7760 19996320    0    0 20544 32750 13541 12085  9  2 81  8  0	
 1  2 183708 2300984   7716 19858008    0    0 16834 47838 10951 7615 19  2 63 16  0	
 1  1 183708 2193476   7728 19963660    0    0 18626 20562 9770 9243  8  2 82  8  0	
 0  2 183708 2085404   7748 20067864    0    0 11272 83232 12106 11006  6  2 82 10  0	
 3  2 183708 1962976   7752 20188980    0    0 23106 49650 11457 10691  9  2 75 14  0	
 4  3 183708 1793692   7768 20354228    0    0 23170 44002 14639 15678 11  2 77 10  0	
 2  1 183708 1669948   7772 20474808    0    0 17346 60384 12612 12319  8  2 78 12  0	
 1  2 183708 1533136   7784 20619220    0    0 18434 51008 14286 18281  9  2 75 14  0	
 1  3 183708 1704932   7704 20430100    0    0 26432 25192 17872 19235 24  4 53 18  0	
procs -----------memory---------- ---swap-- -----io---- --system-- -----cpu-----
 r  b   swpd   free   buff  cache   si   so    bi    bo   in   cs us sy id wa st
 7  4 183708 1562984   7708 20574032    0    0 21632 19924 14462 16333 10  2 75 13  0	
 1  2 183708 1440620   7728 20692744    0    0 19778 66490 10804 9656  8  2 80 10  0	
 2  1 183708 1286968   7736 20841728    0    0 22660 60962 14174 14094 10  2 77 12  0	
 0  1 183708 1134936   7752 20990088    0    0 10626 68296 18534 21008  7  2 83  8  0	
 1  1 183708 1080740   7760 21044316    0    0  4740 69826 7070 7514  2  1 88  8  0	
 2  2 183708 938900   7772 21175908    0    0  6660 104636 14429 17763  5  3 84  9  0	
 6  1 183708 769532   7784 21341176    0    0 15290 57266 16734 19442  8  2 79 11  0	
 6  1 183708 3399056   7756 18703696    0    0  8980 80784 14314 13310 20  5 67  8  0	
 1  2 183708 3201872   7768 18899380    0    0 21122 39398 19806 23718 11  3 75 11  0	
 0  1 183708 3023188   7768 19077556    0    0 19712 41854 18760 22215  9  3 78 10  0	
 3  2 183708 2844164   7780 19258804    0    0 17090 46978 19674 23725  9  3 78 10  0	
 3  1 183708 2673904   7796 19427980    0    0 14916 66458 18711 22332  8  3 77 13  0	
 1  2 183708 2501328   7800 19601248    0    0 13634 60958 18054 28987  7  3 75 14  0	
 5  1 183708 2329480   7812 19772040    0    0 20420 29582 15820 21878  9  2 74 14  0	
 3  8 183708 2161412   7824 19927032    0    0  9156 70428 13665 15692 10  3 75 13  0	
 2  1 183708 2064484   7836 20026340    0    0  4996 112724 14249 14144 33  2 45 20  0	
 0  1 183708 1917568   7848 20173744    0    0 13762 56568 12823 13825  7  2 80 11  0	
 0  1 183708 1867620   7852 20221388    0    0  4930 84482 6283 5838  3  1 87  9  0	
 1  1 183708 1815788   7872 20275360    0    0  6148 78938 5704 5472  3  1 87  9  0	
 1  1 183708 1734956   7876 20356700    0    0  9730 76246 7264 7570  5  1 86  9  0	
 0  1 183708 1634128   7880 20457312    0    0 21828 34098 8104 7120  9  1 75 14  0	
procs -----------memory---------- ---swap-- -----io---- --system-- -----cpu-----
 r  b   swpd   free   buff  cache   si   so    bi    bo   in   cs us sy id wa st
 0  1 183708 1529588   7892 20564248    0    0 20416 28642 7926 7437  9  2 80 10  0	
 9  5 183708 1325732   7900 20767148    0    0 30658 43332 12672 14815 13  3 73 11  0	
 1  1 183708 1350552   7888 20736120    0    0 34880 17026 13654 14025 16  3 69 12  0	
 1  3 183708 1094740   7892 20989188    0    0 28992  7916 16366 20410 13  3 73 11  0	
 4  3 183708 829132   7892 21246196    0    0 39682   434 15234 17854 16  3 72  9  0	
 0 11 183708 1280972   7812 20781144    0    0 29442 60598 10996 10102 12  4 72 13  0	
 4  2 183708 1279876   7808 20757912    0    0 19602 59928 14684 14340 19  3 44 34  0	
 1  1 183708 1172344   7820 20864132    0    0 21636 36300 10097 9639  9  2 77 12  0	
 1  1 183708 1104268   7824 20935452    0    0 11072 45398 8215 7618  5  1 85  9  0	
 1  1 183708 976276   7832 21058284    0    0 23130 54108 10985 9995 10  2 78 11  0	
 1  3 183708 899136   7848 21135244    0    0 14594 53380 8068 6369  6  1 81 11  0	
 8  1 183708 824008   7860 21209784    0    0 13762 69460 7586 6298  6  1 82 10  0	
 2  0 183708 724072   7872 21307704    0    0 15042 52318 10907 10187  7  2 81 10  0	
 1  1 183708 1005268   7872 21019084    0    0 12548 71040 9090 7071  8  2 80 10  0	
 0  2 183708 954932   7884 21068416    0    0  7554 72524 5957 5308  4  1 86  9  0	
 1  1 183708 896760   7896 21124016    0    0  8610 72602 6333 5694  4  1 85 10  0	
 0  1 183708 796576   7900 21223932    0    0 18368 40484 9199 8515  8  1 81 10  0	
 2  2 183708 621712   7912 21393924    0    0 28738 20786 11381 13370 12  2 70 16  0	
 1  3 183708 443400   7912 21568576    0    0 27584 16900 11968 14899 12  2 69 16  0	
 2  9 183708 337128   7916 21648856    0    0 24706 29832 13913 18945 13  5 66 16  0	
 0  1 183708 240864   7936 21743336    0    0  7782 65780 10589 10804 16  2 69 13  0	
procs -----------memory---------- ---swap-- -----io---- --system-- -----cpu-----
 r  b   swpd   free   buff  cache   si   so    bi    bo   in   cs us sy id wa st
 2  1 183708 256736   7792 21722060    0    0 22530 49464 13849 15210 10  3 78  9  0	
 2  3 183708 269648   7780 21710424    0    0 28316 22232 13370 13611 12  2 75 10  0	
 0  2 183708 261108   7784 21720636    0    0  8704 61626 4890 4795  4  1 86  9  0	
 1  1 183708 247956   7780 21735276    0    0 28036   552 10353 11160 11  2 78  9  0	
 2  4 183708 246088   7432 21734404    0    0 19332 61758 11770 12239  9  2 78 11  0	
 0  3 183708 707524   6384 21261184    0    0 17994 50650 16869 14168 33  5 53 10  0	
 1  1 183708 607084   6396 21359532    0    0 11762 59836 9628 9732  5  2 82 12  0	
 3  1 183708 531584   6400 21434212    0    0 12604 64720 7914 6651  6  1 83 10  0	
 2  1 183708 452224   6404 21516932    0    0  9536 28970 8136 8201  5  1 85  9  0	
 2  3 183708 293300   6428 21669248    0    0 18456 89022 11893 12765  9  2 78 11  0	
 0  1 183708 242468   6428 21714476    0    0 20672 41654 10853 9388  9  2 79 10  0	
 1  4 183708 246048   6448 21709256    0    0 19522 47756 12171 13801  9  2 80 10  0	
12  2 183708 777236   6408 21179916    0    0 21056 50244 17275 13216 33  4 54  9  0	
 1  2 183708 682976   6412 21270088    0    0 16694 61292 9247 7995 12  2 74 12  0	
 1  1 183708 604128   6432 21348248    0    0 10786 64264 6948 7795  5  2 84  9  0	
 2  3 183708 465752   6436 21486400    0    0 20822 45470 12252 11347  9  2 77 11  0	
 1  4 183708 389384   6448 21562768    0    0 14336 49472 7871 7415  6  1 82 12  0	
 1  1 183708 301088   6460 21649912    0    0  8772 66556 9032 9765  4  1 83 11  0	
 1  1 183708 230036   6460 21712108    0    0 12736 66208 9359 9736  6  1 82 11  0	
 1  1 183708 241088   6480 21701292    0    0 15940 52822 9760 8590  7  2 79 13  0	
10  5 183708 225464   6480 21708892    0    0 23292 24832 12082 11154 11  2 79  9  0	
procs -----------memory---------- ---swap-- -----io---- --system-- -----cpu-----
 r  b   swpd   free   buff  cache   si   so    bi    bo   in   cs us sy id wa st
 2 10 183708 507024   6476 21434920    0    0  2700 101136 11202 7928 33  7 26 34  0	
 2  3 183708 377320   6480 21564212    0    0 18424 44856 9154 11041  8  2 78 13  0	
 3  4 183708 236704   6480 21694832    0    0 31692     0 15547 18051 14  3 71 12  0	
 2  1 183708 262380   6496 21667588    0    0 27224 44720 13093 14974 11  3 77  9  0	
 4  2 183708 238952   6508 21689616    0    0 10114 67396 8143 9182  5  1 85  9  0	
 1  1 183708 231296   6504 21697104    0    0 22786 35090 9146 9190  9  2 79 11  0	
 1 11 183708 2861040   6372 19057868    0    0 11072 40962 8839 8202  7  8 68 17  0	
 1  2 183708 2977708   6376 18936480    0    0 18158 63280 10786 8604 23  2 53 23  0	
 1  6 183708 2878732   6388 19036692    0    0 21618 32014 8399 6373  9  1 79 11  0	
 1  2 183708 2771248   6396 19144956    0    0 26104 16446 7890 7055 10  1 78 11  0	
 2  2 183708 2684548   6404 19234716    0    0 22400    40 6740 7449  8  1 81 10  0	
 1  4 183708 2540344   6412 19375948    0    0 31680 40452 10248 9480 13  2 63 22  0	
 4  3 183708 2666524   6404 19234988    0    0 13060 69696 8510 5622 28  2 59 11  0	
 2  1 183708 2556684   6424 19343852    0    0 25348 42344 8069 7725 10  2 76 13  0	
 4  3 183708 2399064   6428 19499872    0    0 33538 16386 10660 11036 13  2 75 10  0	
 0  1 183708 2318588   6436 19581372    0    0 24576 42000 5963 5407 10  1 79 10  0	
 9  2 183708 2935216   6400 18947932    0    0 29056  3136 10604 10883 20  3 63 14  0	
 3  5 183708 2759456   6408 19119080    0    0 39874 41278 11356 10685 21  2 58 18  0	
 1  1 183708 2643144   6416 19233812    0    0 30978 30758 7203 6959 11  1 75 12  0	
 0  2 183708 2542100   6428 19333876    0    0 19140 58952 7056 6924  8  2 80 10  0	
 1  2 183708 2493832   6440 19381660    0    0  8578 69404 5294 5033  3  1 85 11  0	
procs -----------memory---------- ---swap-- -----io---- --system-- -----cpu-----
 r  b   swpd   free   buff  cache   si   so    bi    bo   in   cs us sy id wa st
 1  1 183708 2433684   6444 19442868    0    0 15876 47890 6871 4929  6  1 84  9  0	
 1  2 183708 2644512   6436 19219124    0    0 19138 36664 8318 7035  9  2 78 11  0	
 1  3 183708 2499796   6452 19360860    0    0 20354 59934 11107 11888  8  2 78 11  0	
 1  3 183708 2303504   6456 19557420    0    0 27354 19970 15262 18417 12  3 71 14  0	
 2  2 183708 2143056   6464 19716532    0    0 18560 41020 15728 27298  9  2 71 18  0	
 1  3 183708 1971688   6476 19888520    0    0 18626 56652 13589 17880  9  3 78 10  0	
 3  1 183708 1836272   6480 20023904    0    0 21344 20786 12677 13426  9  2 79 11  0	
 1  2 183708 2222568   6468 19616524    0    0 25922 45074 12281 10485 18  3 68 11  0	
 3  2 183708 2053440   6468 19782396    0    0 35584 16384 11809 10807 14  2 74 10  0	
 2  3 183708 1962168   6488 19875360    0    0 19714 48968 6707 6419  8  1 80 11  0	
 2  2 183708 1813880   6488 20022296    0    0 31938  8192 9782 9353 12  2 72 15  0	
 5  1 183708 1763244   6488 20059256    0    0 23494 30466 10522 8762 12  2 75 11  0	
 1  2 183708 1637872   6504 20184744    0    0 29272  9892 8462 7895 12  2 76 11  0	
 3  2 183708 1529372   6504 20294680    0    0 28608     0 6977 7016 11  1 77 11  0	
 1  1 183708 1426576   6524 20396112    0    0 27204 41830 6735 6179 10  2 74 14  0	
 2  2 183708 1297228   6528 20525340    0    0 24130 31784 10981 9007 10  2 80  8  0	
 3  3 183708 1890224   6480 19909564    0    0 28354 42758 11658 11090 22  3 60 16  0	
 1  1 183708 1739936   6488 20058368    0    0 34324  9932 12518 10145 14  2 69 15  0	
 3  2 183708 1581580   6492 20220620    0    0 30400 15228 13145 11391 13  2 72 13  0	
 1  2 183708 1473444   6500 20329860    0    0 25026   592 7091 7276 10  1 80  9  0	
 1  3 183708 1655024   6500 20131408    0    0 28482 66614 12486 12147 13  3 73 11  0	
procs -----------memory---------- ---swap-- -----io---- --system-- -----cpu-----
 r  b   swpd   free   buff  cache   si   so    bi    bo   in   cs us sy id wa st
 2  4 183708 1509440   6508 20272960    0    0 20420 42944 15261 17325  9  2 75 14  0	
 1  3 183708 1262176   6516 20522544    0    0 35008 17158 19709 22632 16  3 65 16  0	
 3  3 183708 1050880   6520 20733856    0    0 33216  7832 16460 18598 14  3 74 10  0	
 2  2 183708 1046480   6532 20725532    0    0 29696   590 16906 18076 21  4 59 16  0	
 3  0 183708 845996   6556 20925832    0    0 35152   546 15228 15477 14  2 74 10  0	
 3  4 183708 643124   6568 21118648    0    0 34754 49114 13988 12970 15  2 67 16  0	
 5  3 183708 438772   6580 21322308    0    0 38210  4928 15905 14774 17  3 62 19  0	
 1  1 183708 940164   6544 20811788    0    0 25738 25178 11436 9667 11  3 76 10  0	
 1  2 183708 836748   6564 20915184    0    0 14720 56440 8408 9192  6  1 82 10  0	
 1  4 183708 654476   6564 21096952    0    0 39424   828 13255 12114 17  2 65 16  0	
 2  3 183708 534444   6564 21217340    0    0 28162 16700 8878 7860 10  1 73 15  0	
 1  7 183708 550404   6592 21187948    0    0 23434 49964 13213 9986 36  3 48 13  0	
 1  2 183708 396144   6592 21339832    0    0 35908   680 10513 9521 14  2 67 17  0	
 2  2 183708 335036   6612 21402516    0    0 10818 27888 6770 5369  5  1 84 10  0	
 5  4 183708 246128   6620 21488376    0    0 32836 51220 15625 13995 15  3 70 13  0	
 8  3 183708 662316   6592 21071912    0    0 37376 17294 14716 12227 26  4 52 18  0	
 2  6 183708 521788   6612 21207052    0    0 24930 65500 14704 12491 42  2 41 14  0	
 4  5 183708 255312   6612 21470216    0    0 51636   946 17682 16470 21  3 56 19  0	
 7  7 183708 2049080   6528 19660416    0    0 48640  8954 15226 12386 22  6 59 13  0	
 2  4 183708 1860048   6536 19848040    0    0 32088 16076 14634 14359 26  3 54 18  0	
 3  3 183708 1602748   6536 20106032    0    0 50882  1164 16417 16913 21  3 62 15  0	
procs -----------memory---------- ---swap-- -----io---- --system-- -----cpu-----
 r  b   swpd   free   buff  cache   si   so    bi    bo   in   cs us sy id wa st
 0  1 183708 1405728   6544 20302892    0    0 37894   832 13066 13395 16  2 68 14  0	
 1  4 183708 1843924   6408 19846576    0    0 40708 46132 13052 17610 17  4 61 18  0	
 2  5 183708 1622088   6412 20068016    0    0 45566  8900 14453 16049 20  3 57 21  0	
 3  4 183708 1395940   6420 20290372    0    0 46146  9350 14357 15563 19  2 53 25  0	
 2  3 183708 1176736   6424 20510168    0    0 48384  5202 14311 14333 19  3 56 22  0	
10  1 183708 952652   6432 20734384    0    0 45700   834 14559 15166 18  2 69 10  0	
 1  2 183708 1160340   6416 20507772    0    0 38544   828 18235 15761 17  6 65 12  0	
 1  3 183708 974968   6432 20693812    0    0 31938  5434 12792 12975 14  2 74 10  0	
 1  1 183708 877744   6444 20785288    0    0 13442 104982 8349 8065  6  2 83 10  0	
 2  1 183708 735392   6448 20928524    0    0 24580 28018 12270 10105 11  2 77 11  0	
 2  1 183708 641184   6488 21021504    0    0 17626 61840 9414 7765  7  1 78 14  0	
 2  2 183708 766268   6488 20889580    0    0 19266 51226 8333 7334 10  3 78 10  0	
 1  3 183708 642028   6496 21011508    0    0 25152 16548 11089 8148 10  2 80  8  0	
 0  1 183708 563660   6500 21089692    0    0 16450 62042 8144 6491  7  1 82  9  0	
 1  3 183708 431252   6504 21217952    0    0 26048  4420 10440 8640 10  1 77 12  0	
 1  3 183708 325108   6524 21321104    0    0 19780 57104 8376 7022  8  2 79 12  0	
 1  1 183708 291396   6528 21357176    0    0  8324 71920 5467 3802  3  1 85 10  0	
 1  3 183708 228860   6548 21417288    0    0 19522 46222 7899 6145  8  1 79 11  0	
 9  1 183708 900112   6536 20737524    0    0  4804 103810 7956 5575 15  4 44 37  0	
 1  1 183708 828268   6540 20805840    0    0 18796 41330 5845 5172  7  1 82 10  0	
 1  1 183708 738748   6760 20891756    0    0 14342 54856 7881 8466  6  1 83  9  0	
procs -----------memory---------- ---swap-- -----io---- --system-- -----cpu-----
 r  b   swpd   free   buff  cache   si   so    bi    bo   in   cs us sy id wa st
 1  2 183708 617932   6764 21014456    0    0 18370 36958 9883 9287  8  2 81  9  0	
 1  1 183708 499520   6764 21131624    0    0 16702 49548 9258 9304  7  2 81 10  0	
 1  1 183708 339196   6784 21290652    0    0 21954 57072 11508 12255 10  2 77 11  0	
 2  1 183708 232548   6788 21394352    0    0 21250 37062 13465 12142  9  2 77 12  0	
 8  2 183708 961260   6776 20668912    0    0 12352 43468 8899 5487 22  3 65  9  0	
 1  1 183708 863824   6788 20759924    0    0 13780 95440 8464 7588  8  2 78 12  0	
 2  1 183708 797252   6792 20826188    0    0  9922 67666 7176 5883  4  1 85  9  0	
 0  1 183708 747000   6812 20878184    0    0  7236 80024 5255 4748  3  1 87  9  0	
 2  1 183708 640476   6816 20984340    0    0 12036 68194 8597 8478  6  2 84  9  0	
 1  4 183708 507872   6828 21115368    0    0 18374 54016 11786 10934  9  2 79 10  0	
 1  1 183708 427148   6832 21199524    0    0 15618 33200 8172 6446  7  1 80 12  0	
 4  0 183708 238404   6852 21378284    0    0 18278 71018 15458 17340  9  3 77 11  0	
 1  1 183708 249092   6856 21370404    0    0  9510 90842 10510 10793  5  2 81 11  0	
 3  1 183708 230788   6868 21386864    0    0  2946 90114 8861 8808  4  1 86  8  0	
10  3 183708 688880   6856 20927032    0    0  1028 93308 15298 12757 42  7 41 10  0	
 2  1 183708 576404   6860 21040240    0    0  4802 98410 17070 14342 24  3 64  9  0	
 5  1 183708 454668   6872 21160512    0    0  5890 81254 15362 12880 11  2 77 10  0	
 4  1 183708 324236   7592 21285764    0    0  4764 58978 16776 14060 10  2 77 11  0	
 2  1 183708 248232   7596 21361500    0    0  2688 74972 12903 9816 10  2 79 10  0	
 2  1 183708 218852   7616 21389116    0    0  2820 118856 11540 8905  8  2 82  8  0	
 1  1 183708 605044   7584 20987612    0    0  1666 91174 9293 8230  8  7 78  8  0	
procs -----------memory---------- ---swap-- -----io---- --system-- -----cpu-----
 r  b   swpd   free   buff  cache   si   so    bi    bo   in   cs us sy id wa st
 1  2 183708 560776   7596 21031188    0    0  2564 86970 5849 6125  4  1 86  8  0	
 2  1 183708 498652   7616 21093588    0    0  1604 113548 7880 7959  5  1 85  9  0	
 1  0 183708 449240   7624 21142736    0    0  3332 87206 6264 6187  3  1 88  8  0	
 2  1 183708 420596   7648 21175948    0    0  2372 68282 4550 4290  2  1 89  9  0	
 1  1 183708 383396   7656 21208692    0    0  1796 148158 4710 4856  2  1 89  8  0	
 1  1 183708 332448   7660 21258664    0    0  3650 90628 6350 6186  2  1 88  9  0	
 1  1 183708 294892   7680 21295892    0    0  2690 97368 4672 4910  2  1 89  8  0	
 1  2 183708 253128   7688 21335736    0    0  3468 84490 4874 4662  2  1 88  9  0	
 1  2 183708 227600   7700 21359628    0    0  2690 99860 3544 3099  2  1 89  9  0	
 0  1 183708 224508   7712 21361920    0    0  5250 79660 3617 3879  3  1 88  9  0	
 2  2 183708 234916   7720 21351320    0    0  4292 102400 4234 4279  2  1 89  8  0	
 1  1 183708 235164   7732 21351236    0    0  4610 90288 3396 3132  2  1 89  8  0	
 0  1 183708 225012   7752 21359840    0    0  2502 98644 3879 6299  2  1 88  9  0	
 0  2 183708 218704   7764 21366608    0    0  1282 101904 2180 1831  1  1 90  8  0	
 1  1 183708 232724   7772 21354340    0    0  4164 76170 3066 2502  2  1 89  9  0	
 1  1 183708 217736   7788 21367840    0    0  2886 116994 2657 2111  1  1 89  8  0	
 1  1 183708 229524   7800 21355940    0    0  1602 97314 2037 1972  1  0 90  9  0	
 0  2 183708 224936   7808 21361716    0    0  5698 78896 3584 2761  3  1 87 10  0	
 1  1 183708 226392   7828 21359152    0    0  3396 94756 3048 2482  2  1 89  8  0	
 1  2 183708 226424   7832 21358916    0    0  4354 90926 3042 2470  2  1 90  8  0	
 1  1 183708 219356   7836 21366872    0    0  1986 99314 2080 1796  1  1 90  9  0	
procs -----------memory---------- ---swap-- -----io---- --system-- -----cpu-----
 r  b   swpd   free   buff  cache   si   so    bi    bo   in   cs us sy id wa st
 2  0 183708 231880   7852 21358672    0    0  8386  3406 5165 3843  4  1 88  7  0	
 0  0 183708 228904   7852 21361100    0    0  4736     0 3448 2724  2  0 96  1  0	
 0  2 183708 223384   7876 21362412    0    0  3780 68684 3280 3583  2  1 92  5  0	
 1  0 183708 222664   7880 21364444    0    0  4290 57634 3485 2813  3  1 86 11  0	
 1  0 183708 233236   7880 21357892    0    0  2688     0 2543 2179  1  0 97  1  0	
 1  0 183708 226068   7896 21364576    0    0  1664   126 1987 1667  1  0 98  1  0	
 2  0 183708 220612   7896 21370316    0    0  1472    46 1722 1588  1  0 99  0  0	
 1  0 183708 236624   7912 21355240    0    0  2304    54 2271 1841  1  0 98  0  0	
 1  0 183708 223884   7912 21368012    0    0  3200  1006 2731 1840  2  0 98  0  0	
 1  0 183708 234928   7912 21357388    0    0  1984     0 2770 1933  2  0 98  0  0	
 1  0 183708 230720   7928 21361060    0    0   896    46 1540 1451  1  0 99  0  0	
 0  0 183708 225536   7932 21366100    0    0  1216   286 1885 1615  1  0 99  0  0	
 0  0 183708 220948   7948 21371036    0    0  1152    54 1771 1529  1  0 99  0  0	
 1  0 183708 230992   7948 21361212    0    0  2752   102 2536 1829  1  0 98  0  0	
 1  0 183708 225040   7948 21366908    0    0  1152     0 2109 1663  1  0 99  0  0	
 0  0 183708 236564   7964 21357116    0    0  1856    68 3142 2022  2  0 97  1  0	
 0  0 183708 236192   7964 21356920    0    0  6336     0 3919 2501  3  0 96  0  0	
 0  0 183708 224296   7980 21368028    0    0  1472    36 2830 2195  1  0 98  0  0	
 1  0 183708 232380   7980 21357844    0    0  2176 23134 2679 2121  2  0 98  0  0	
 1  0 183708 235580   7980 21357064    0    0  4416     0 2967 2149  2  0 97  0  0	
 1  0 183708 227800   8000 21365020    0    0  2050    90 2132 1624  1  0 98  1  0	
procs -----------memory---------- ---swap-- -----io---- --system-- -----cpu-----
 r  b   swpd   free   buff  cache   si   so    bi    bo   in   cs us sy id wa st
 1  0 183708 233256   8000 21359948    0    0  3970 20342 2453 2011  2  0 98  0  0	
 1  0 183708 223096   8016 21370044    0    0  2240    54 2579 1794  1  0 98  1  0	
 1  0 183708 235116   8020 21358292    0    0  2292  8296 2220 1790  1  0 98  0  0	
 1  0 183708 221368   8020 21372540    0    0  2816     0 2792 1950  2  0 98  0  0	
 1  0 183708 236372   8028 21357820    0    0  6208    62 3597 2616  3  0 97  0  0	
 1  0 183708 223956   8028 21371180    0    0  3136    12 2857 1875  2  0 98  0  0	
 1  0 183708 233768   8044 21360656    0    0  2240    34 2612 1861  1  0 98  0  0	
 1  0 183708 219268   8044 21375952    0    0  2816   196 3215 2168  2  0 98  0  0	
 1  0 183708 230652   8044 21363212    0    0  1344     0 2466 1813  1  0 98  0  0	
 0  0 183708 219244   8060 21375424    0    0  2176    50 2929 2062  2  0 98  0  0	
 1  0 183708 226832   8060 21367516    0    0  2816     0 2716 1976  2  0 98  0  0	
 0  1 183708 235636   8076 21360668    0    0  2880    48 2546 1920  2  0 98  0  0	
 1  0 183708 219748   8076 21376248    0    0  3008   260 2575 2020  2  0 97  0  0	
 1  0 183708 230576   8076 21365852    0    0  3456     0 2834 1969  2  0 98  0  0	
 1  0 183708 234792   8092 21362736    0    0  3840    48 3197 2148  2  0 97  1  0	
 1  0 183708 217804   8096 21378936    0    0  3970 17048 2752 2111  2  0 96  2  0	
 0  0 183708 234296   8104 21359812    0    0  4608    16 4231 3009  4  1 96  0  0	
 1  0 183708 227352   8112 21366612    0    0  1408  1146 1930 1614  1  0 99  0  0	
 3  0 183708 230832   8112 21363560    0    0  3424 55604 3384 2279  3  1 95  2  0	
 0  0 183708 239512   8128 21354148    0    0  3264    60 2938 2258  2  0 97  0  0	
 0  0 183708 223400   8136 21371464    0    0  3204    36 3197 2226  2  0 96  1  0	
procs -----------memory---------- ---swap-- -----io---- --system-- -----cpu-----
 r  b   swpd   free   buff  cache   si   so    bi    bo   in   cs us sy id wa st
 1  0 183708 223208   8136 21372732    0    0  4740     0 3640 2537  3  0 97  0  0	
 1  0 183708 225540   8144 21371248    0    0  2432    46 3837 2357  3  0 97  0  0	
 1  0 183708 223928   8148 21372196    0    0  2560   388 4076 2479  3  0 96  0  0	
 1  0 183708 227688   8156 21367664    0    0  2776    24 3691 2478  3  1 97  0  0	
 1  0 183708 219024   8164 21378936    0    0     0    16 3141 2212  2  0 98  0  0	
 1  0 183708 225108   8156 21372312    0    0     0     0 3664 2317  2  1 97  0  0	
 1  0 183708 218320   8164 21379864    0    0     0    18 1999 1862  1  0 99  0  0	
 1  0 183708 235992   8172 21363100    0    0     0   206 1664 1867  0  0 99  0  0	
 1  0 183708 235256   8180 21364124    0    0     0    66 1013 1237  0  0 99  0  0	
 1  0 183708 234016   8196 21365128    0    0     4 12362 1164 1336  0  0 99  0  0	
 1  0 183708 233832   8196 21365188    0    0     0     0  603 1074  0  0 100  0  0	
 1  0 183708 234584   8204 21365188    0    0     0  1054  642 1090  0  0 100  0  0	
 1  0 183708 234072   8216 21365188    0    0     0 19440  714 1097  0  0 100  0  0	
 1  0 183708 233824   8216 21365188    0    0     0    10  616 1091  0  0 100  0  0	
 1  1 183708 233988   8220 21365188    0    0     0 29230  741 5420  0  0 98  2  0	
 1  0 183708 232912   8232 21365188    0    0     0  4642  777 1148  0  0 99  0  0	
 1  0 183708 232896   8232 21365192    0    0     0     8  634 1067  0  0 100  0  0	
 1  0 183708 234648   8240 21365196    0    0     0   256  695 1117  0  0 100  0  0	
 1  0 183708 234276   8248 21365628    0    0   320    26  661 1112  0  0 99  0  0	
 1  0 183708 234284   8248 21365964    0    0    64     0  640 1094  0  0 100  0  0	
 1  0 183708 234408   8256 21365964    0    0     0    12  607 1097  0  0 100  0  0	
procs -----------memory---------- ---swap-- -----io---- --system-- -----cpu-----
 r  b   swpd   free   buff  cache   si   so    bi    bo   in   cs us sy id wa st
 1  0 183708 234532   8264 21365960    0    0     0    22  620 1090  0  0 100  0  0	
 1  0 183708 234532   8264 21365968    0    0     0    38  620 1092  0  0 100  0  0	
 0  0 183708 234656   8264 21365968    0    0     0     0  608 1097  0  0 100  0  0	
 0  0 183708 234540   8272 21365968    0    0     0    18  678 1110  0  0 100  0  0	
 0  0 183708 234904   8280 21365972    0    0     0    54  611 1108  0  0 100  0  0	
 0  0 183708 234656   8280 21365976    0    0     0    28  606 1089  0  0 100  0  0	
 1  0 183708 234656   8296 21365968    0    0     0    30  632 1149  0  0 100  0  0	
 1  0 183708 234532   8296 21365976    0    0     0     2  557 1091  0  0 100  0  0	
 1  0 183708 235176   8296 21365976    0    0     0     0  653 1134  0  0 100  0  0	
 1  0 183708 235184   8304 21365976    0    0     0    16  617 1099  0  0 100  0  0	
 1  0 183708 234936   8304 21365976    0    0     0     4  620 1084  0  0 100  0  0	
 1  0 183708 235060   8304 21365976    0    0     0    38  711 1128  0  0 100  0  0	
 0  0 183708 234936   8312 21365976    0    0     0    18  629 1131  0  0 100  0  0	
 0  0 183708 235192   8312 21365976    0    0     0     0  621 1100  0  0 100  0  0	
 0  0 183708 235192   8312 21365976    0    0     0     0  611 1105  0  0 100  0  0	
 0  0 183708 235440   8320 21365976    0    0     0    26  602 1091  0  0 100  0  0	
 0  0 183708 235200   8320 21365976    0    0     0     0  645 1125  0  0 100  0  0	
 1  0 183708 235332   8320 21365976    0    0     0     2  612 1108  0  0 100  0  0	
 1  0 183708 235580   8328 21365976    0    0     0    20  638 1098  0  0 100  0  0	
 1  0 183708 235232   8328 21365976    0    0     0     0  608 1093  0  0 100  0  0	
 1  0 183708 235480   8328 21365976    0    0     0    10  619 1072  0  0 100  0  0	
procs -----------memory---------- ---swap-- -----io---- --system-- -----cpu-----
 r  b   swpd   free   buff  cache   si   so    bi    bo   in   cs us sy id wa st
 1  0 183708 235612   8336 21365972    0    0     0    14  644 1091  0  0 100  0  0	
 1  0 183708 9520456   8356 21365984    0    0   288    26 1308 1652  1  0 99  0  0	
